Regs: rax=0x1,rbx=0x1,rcx=0x4ac087,rdx=0x1,rsi=0xd64740,rdi=0x1,rbp=0xd64740,rsp=0x7ffee7505aa8,r8=0x7ffee7505b94,r9=0x1,r10=0x7ffee7505ba8,r11=0x246,r12=0x1,r13=0x64c460,r14=0x1,r15=0x64df60
=> 0xffffffff81200000 <entry_SYSCALL_64>:	swapgs 
Regs: rax=0x1,rbx=0x1,rcx=0x4ac087,rdx=0x1,rsi=0xd64740,rdi=0x1,rbp=0xd64740,rsp=0x7ffee7505aa8,r8=0x7ffee7505b94,r9=0x1,r10=0x7ffee7505ba8,r11=0x246,r12=0x1,r13=0x64c460,r14=0x1,r15=0x64df60
=> 0xffffffff81200003 <entry_SYSCALL_64+3>:	mov    %rsp,0xffffffff8180c014
Regs: rax=0x1,rbx=0x1,rcx=0x4ac087,rdx=0x1,rsi=0xd64740,rdi=0x1,rbp=0xd64740,rsp=0x7ffee7505aa8,r8=0x7ffee7505b94,r9=0x1,r10=0x7ffee7505ba8,r11=0x246,r12=0x1,r13=0x64c460,r14=0x1,r15=0x64df60
=> 0xffffffff8120000b <entry_SYSCALL_64+11>:	mov    0xffffffff81836030,%rsp
Regs: rax=0x1,rbx=0x1,rcx=0x4ac087,rdx=0x1,rsi=0xd64740,rdi=0x1,rbp=0xd64740,rsp=0xffffc9000000c000,r8=0x7ffee7505b94,r9=0x1,r10=0x7ffee7505ba8,r11=0x246,r12=0x1,r13=0x64c460,r14=0x1,r15=0x64df60
=> 0xffffffff81200013 <entry_SYSCALL_64+19>:	push   $0x2b
Regs: rax=0x1,rbx=0x1,rcx=0x4ac087,rdx=0x1,rsi=0xd64740,rdi=0x1,rbp=0xd64740,rsp=0xffffc9000000bff8,r8=0x7ffee7505b94,r9=0x1,r10=0x7ffee7505ba8,r11=0x246,r12=0x1,r13=0x64c460,r14=0x1,r15=0x64df60
=> 0xffffffff81200015 <entry_SYSCALL_64+21>:	push   0xffffffff8180c014
Regs: rax=0x1,rbx=0x1,rcx=0x4ac087,rdx=0x1,rsi=0xd64740,rdi=0x1,rbp=0xd64740,rsp=0xffffc9000000bff0,r8=0x7ffee7505b94,r9=0x1,r10=0x7ffee7505ba8,r11=0x246,r12=0x1,r13=0x64c460,r14=0x1,r15=0x64df60
=> 0xffffffff8120001c <entry_SYSCALL_64+28>:	push   %r11
Regs: rax=0x1,rbx=0x1,rcx=0x4ac087,rdx=0x1,rsi=0xd64740,rdi=0x1,rbp=0xd64740,rsp=0xffffc9000000bfe8,r8=0x7ffee7505b94,r9=0x1,r10=0x7ffee7505ba8,r11=0x246,r12=0x1,r13=0x64c460,r14=0x1,r15=0x64df60
=> 0xffffffff8120001e <entry_SYSCALL_64+30>:	push   $0x33
Regs: rax=0x1,rbx=0x1,rcx=0x4ac087,rdx=0x1,rsi=0xd64740,rdi=0x1,rbp=0xd64740,rsp=0xffffc9000000bfe0,r8=0x7ffee7505b94,r9=0x1,r10=0x7ffee7505ba8,r11=0x246,r12=0x1,r13=0x64c460,r14=0x1,r15=0x64df60
=> 0xffffffff81200020 <entry_SYSCALL_64+32>:	push   %rcx
Regs: rax=0x1,rbx=0x1,rcx=0x4ac087,rdx=0x1,rsi=0xd64740,rdi=0x1,rbp=0xd64740,rsp=0xffffc9000000bfd8,r8=0x7ffee7505b94,r9=0x1,r10=0x7ffee7505ba8,r11=0x246,r12=0x1,r13=0x64c460,r14=0x1,r15=0x64df60
=> 0xffffffff81200021 <entry_SYSCALL_64+33>:	push   %rax
Regs: rax=0x1,rbx=0x1,rcx=0x4ac087,rdx=0x1,rsi=0xd64740,rdi=0x1,rbp=0xd64740,rsp=0xffffc9000000bfd0,r8=0x7ffee7505b94,r9=0x1,r10=0x7ffee7505ba8,r11=0x246,r12=0x1,r13=0x64c460,r14=0x1,r15=0x64df60
=> 0xffffffff81200022 <entry_SYSCALL_64+34>:	push   %rdi
Regs: rax=0x1,rbx=0x1,rcx=0x4ac087,rdx=0x1,rsi=0xd64740,rdi=0x1,rbp=0xd64740,rsp=0xffffc9000000bfc8,r8=0x7ffee7505b94,r9=0x1,r10=0x7ffee7505ba8,r11=0x246,r12=0x1,r13=0x64c460,r14=0x1,r15=0x64df60
=> 0xffffffff81200023 <entry_SYSCALL_64+35>:	push   %rsi
Regs: rax=0x1,rbx=0x1,rcx=0x4ac087,rdx=0x1,rsi=0xd64740,rdi=0x1,rbp=0xd64740,rsp=0xffffc9000000bfc0,r8=0x7ffee7505b94,r9=0x1,r10=0x7ffee7505ba8,r11=0x246,r12=0x1,r13=0x64c460,r14=0x1,r15=0x64df60
=> 0xffffffff81200024 <entry_SYSCALL_64+36>:	push   %rdx
Regs: rax=0x1,rbx=0x1,rcx=0x4ac087,rdx=0x1,rsi=0xd64740,rdi=0x1,rbp=0xd64740,rsp=0xffffc9000000bfb8,r8=0x7ffee7505b94,r9=0x1,r10=0x7ffee7505ba8,r11=0x246,r12=0x1,r13=0x64c460,r14=0x1,r15=0x64df60
=> 0xffffffff81200025 <entry_SYSCALL_64+37>:	push   %rcx
Regs: rax=0x1,rbx=0x1,rcx=0x4ac087,rdx=0x1,rsi=0xd64740,rdi=0x1,rbp=0xd64740,rsp=0xffffc9000000bfb0,r8=0x7ffee7505b94,r9=0x1,r10=0x7ffee7505ba8,r11=0x246,r12=0x1,r13=0x64c460,r14=0x1,r15=0x64df60
=> 0xffffffff81200026 <entry_SYSCALL_64+38>:	push   $0xffffffffffffffda
Regs: rax=0x1,rbx=0x1,rcx=0x4ac087,rdx=0x1,rsi=0xd64740,rdi=0x1,rbp=0xd64740,rsp=0xffffc9000000bfa8,r8=0x7ffee7505b94,r9=0x1,r10=0x7ffee7505ba8,r11=0x246,r12=0x1,r13=0x64c460,r14=0x1,r15=0x64df60
=> 0xffffffff81200028 <entry_SYSCALL_64+40>:	push   %r8
Regs: rax=0x1,rbx=0x1,rcx=0x4ac087,rdx=0x1,rsi=0xd64740,rdi=0x1,rbp=0xd64740,rsp=0xffffc9000000bfa0,r8=0x7ffee7505b94,r9=0x1,r10=0x7ffee7505ba8,r11=0x246,r12=0x1,r13=0x64c460,r14=0x1,r15=0x64df60
=> 0xffffffff8120002a <entry_SYSCALL_64+42>:	push   %r9
Regs: rax=0x1,rbx=0x1,rcx=0x4ac087,rdx=0x1,rsi=0xd64740,rdi=0x1,rbp=0xd64740,rsp=0xffffc9000000bf98,r8=0x7ffee7505b94,r9=0x1,r10=0x7ffee7505ba8,r11=0x246,r12=0x1,r13=0x64c460,r14=0x1,r15=0x64df60
=> 0xffffffff8120002c <entry_SYSCALL_64+44>:	push   %r10
Regs: rax=0x1,rbx=0x1,rcx=0x4ac087,rdx=0x1,rsi=0xd64740,rdi=0x1,rbp=0xd64740,rsp=0xffffc9000000bf90,r8=0x7ffee7505b94,r9=0x1,r10=0x7ffee7505ba8,r11=0x246,r12=0x1,r13=0x64c460,r14=0x1,r15=0x64df60
=> 0xffffffff8120002e <entry_SYSCALL_64+46>:	push   %r11
Regs: rax=0x1,rbx=0x1,rcx=0x4ac087,rdx=0x1,rsi=0xd64740,rdi=0x1,rbp=0xd64740,rsp=0xffffc9000000bf88,r8=0x7ffee7505b94,r9=0x1,r10=0x7ffee7505ba8,r11=0x246,r12=0x1,r13=0x64c460,r14=0x1,r15=0x64df60
=> 0xffffffff81200030 <entry_SYSCALL_64+48>:	push   %rbx
Regs: rax=0x1,rbx=0x1,rcx=0x4ac087,rdx=0x1,rsi=0xd64740,rdi=0x1,rbp=0xd64740,rsp=0xffffc9000000bf80,r8=0x7ffee7505b94,r9=0x1,r10=0x7ffee7505ba8,r11=0x246,r12=0x1,r13=0x64c460,r14=0x1,r15=0x64df60
=> 0xffffffff81200031 <entry_SYSCALL_64+49>:	push   %rbp
Regs: rax=0x1,rbx=0x1,rcx=0x4ac087,rdx=0x1,rsi=0xd64740,rdi=0x1,rbp=0xd64740,rsp=0xffffc9000000bf78,r8=0x7ffee7505b94,r9=0x1,r10=0x7ffee7505ba8,r11=0x246,r12=0x1,r13=0x64c460,r14=0x1,r15=0x64df60
=> 0xffffffff81200032 <entry_SYSCALL_64+50>:	push   %r12
Regs: rax=0x1,rbx=0x1,rcx=0x4ac087,rdx=0x1,rsi=0xd64740,rdi=0x1,rbp=0xd64740,rsp=0xffffc9000000bf70,r8=0x7ffee7505b94,r9=0x1,r10=0x7ffee7505ba8,r11=0x246,r12=0x1,r13=0x64c460,r14=0x1,r15=0x64df60
=> 0xffffffff81200034 <entry_SYSCALL_64+52>:	push   %r13
Regs: rax=0x1,rbx=0x1,rcx=0x4ac087,rdx=0x1,rsi=0xd64740,rdi=0x1,rbp=0xd64740,rsp=0xffffc9000000bf68,r8=0x7ffee7505b94,r9=0x1,r10=0x7ffee7505ba8,r11=0x246,r12=0x1,r13=0x64c460,r14=0x1,r15=0x64df60
=> 0xffffffff81200036 <entry_SYSCALL_64+54>:	push   %r14
Regs: rax=0x1,rbx=0x1,rcx=0x4ac087,rdx=0x1,rsi=0xd64740,rdi=0x1,rbp=0xd64740,rsp=0xffffc9000000bf60,r8=0x7ffee7505b94,r9=0x1,r10=0x7ffee7505ba8,r11=0x246,r12=0x1,r13=0x64c460,r14=0x1,r15=0x64df60
=> 0xffffffff81200038 <entry_SYSCALL_64+56>:	push   %r15
Regs: rax=0x1,rbx=0x1,rcx=0x4ac087,rdx=0x1,rsi=0xd64740,rdi=0x1,rbp=0xd64740,rsp=0xffffc9000000bf58,r8=0x7ffee7505b94,r9=0x1,r10=0x7ffee7505ba8,r11=0x246,r12=0x1,r13=0x64c460,r14=0x1,r15=0x64df60
=> 0xffffffff8120003a <entry_SYSCALL_64+58>:	xor    %esi,%esi
Regs: rax=0x1,rbx=0x1,rcx=0x4ac087,rdx=0x1,rsi=0x0,rdi=0x1,rbp=0xd64740,rsp=0xffffc9000000bf58,r8=0x7ffee7505b94,r9=0x1,r10=0x7ffee7505ba8,r11=0x246,r12=0x1,r13=0x64c460,r14=0x1,r15=0x64df60
=> 0xffffffff8120003c <entry_SYSCALL_64+60>:	xor    %edx,%edx
Regs: rax=0x1,rbx=0x1,rcx=0x4ac087,rdx=0x0,rsi=0x0,rdi=0x1,rbp=0xd64740,rsp=0xffffc9000000bf58,r8=0x7ffee7505b94,r9=0x1,r10=0x7ffee7505ba8,r11=0x246,r12=0x1,r13=0x64c460,r14=0x1,r15=0x64df60
=> 0xffffffff8120003e <entry_SYSCALL_64+62>:	xor    %ecx,%ecx
Regs: rax=0x1,rbx=0x1,rcx=0x0,rdx=0x0,rsi=0x0,rdi=0x1,rbp=0xd64740,rsp=0xffffc9000000bf58,r8=0x7ffee7505b94,r9=0x1,r10=0x7ffee7505ba8,r11=0x246,r12=0x1,r13=0x64c460,r14=0x1,r15=0x64df60
=> 0xffffffff81200040 <entry_SYSCALL_64+64>:	xor    %r8d,%r8d
Regs: rax=0x1,rbx=0x1,rcx=0x0,rdx=0x0,rsi=0x0,rdi=0x1,rbp=0xd64740,rsp=0xffffc9000000bf58,r8=0x0,r9=0x1,r10=0x7ffee7505ba8,r11=0x246,r12=0x1,r13=0x64c460,r14=0x1,r15=0x64df60
=> 0xffffffff81200043 <entry_SYSCALL_64+67>:	xor    %r9d,%r9d
Regs: rax=0x1,rbx=0x1,rcx=0x0,rdx=0x0,rsi=0x0,rdi=0x1,rbp=0xd64740,rsp=0xffffc9000000bf58,r8=0x0,r9=0x0,r10=0x7ffee7505ba8,r11=0x246,r12=0x1,r13=0x64c460,r14=0x1,r15=0x64df60
=> 0xffffffff81200046 <entry_SYSCALL_64+70>:	xor    %r10d,%r10d
Regs: rax=0x1,rbx=0x1,rcx=0x0,rdx=0x0,rsi=0x0,rdi=0x1,rbp=0xd64740,rsp=0xffffc9000000bf58,r8=0x0,r9=0x0,r10=0x0,r11=0x246,r12=0x1,r13=0x64c460,r14=0x1,r15=0x64df60
=> 0xffffffff81200049 <entry_SYSCALL_64+73>:	xor    %r11d,%r11d
Regs: rax=0x1,rbx=0x1,rcx=0x0,rdx=0x0,rsi=0x0,rdi=0x1,rbp=0xd64740,rsp=0xffffc9000000bf58,r8=0x0,r9=0x0,r10=0x0,r11=0x0,r12=0x1,r13=0x64c460,r14=0x1,r15=0x64df60
=> 0xffffffff8120004c <entry_SYSCALL_64+76>:	xor    %ebx,%ebx
Regs: rax=0x1,rbx=0x0,rcx=0x0,rdx=0x0,rsi=0x0,rdi=0x1,rbp=0xd64740,rsp=0xffffc9000000bf58,r8=0x0,r9=0x0,r10=0x0,r11=0x0,r12=0x1,r13=0x64c460,r14=0x1,r15=0x64df60
=> 0xffffffff8120004e <entry_SYSCALL_64+78>:	xor    %ebp,%ebp
Regs: rax=0x1,rbx=0x0,rcx=0x0,rdx=0x0,rsi=0x0,rdi=0x1,rbp=0x0,rsp=0xffffc9000000bf58,r8=0x0,r9=0x0,r10=0x0,r11=0x0,r12=0x1,r13=0x64c460,r14=0x1,r15=0x64df60
=> 0xffffffff81200050 <entry_SYSCALL_64+80>:	xor    %r12d,%r12d
Regs: rax=0x1,rbx=0x0,rcx=0x0,rdx=0x0,rsi=0x0,rdi=0x1,rbp=0x0,rsp=0xffffc9000000bf58,r8=0x0,r9=0x0,r10=0x0,r11=0x0,r12=0x0,r13=0x64c460,r14=0x1,r15=0x64df60
=> 0xffffffff81200053 <entry_SYSCALL_64+83>:	xor    %r13d,%r13d
Regs: rax=0x1,rbx=0x0,rcx=0x0,rdx=0x0,rsi=0x0,rdi=0x1,rbp=0x0,rsp=0xffffc9000000bf58,r8=0x0,r9=0x0,r10=0x0,r11=0x0,r12=0x0,r13=0x0,r14=0x1,r15=0x64df60
=> 0xffffffff81200056 <entry_SYSCALL_64+86>:	xor    %r14d,%r14d
Regs: rax=0x1,rbx=0x0,rcx=0x0,rdx=0x0,rsi=0x0,rdi=0x1,rbp=0x0,rsp=0xffffc9000000bf58,r8=0x0,r9=0x0,r10=0x0,r11=0x0,r12=0x0,r13=0x0,r14=0x0,r15=0x64df60
=> 0xffffffff81200059 <entry_SYSCALL_64+89>:	xor    %r15d,%r15d
Regs: rax=0x1,rbx=0x0,rcx=0x0,rdx=0x0,rsi=0x0,rdi=0x1,rbp=0x0,rsp=0xffffc9000000bf58,r8=0x0,r9=0x0,r10=0x0,r11=0x0,r12=0x0,r13=0x0,r14=0x0,r15=0x0
=> 0xffffffff8120005c <entry_SYSCALL_64+92>:	mov    %rsp,%rdi
Regs: rax=0x1,rbx=0x0,rcx=0x0,rdx=0x0,rsi=0x0,rdi=0xffffc9000000bf58,rbp=0x0,rsp=0xffffc9000000bf58,r8=0x0,r9=0x0,r10=0x0,r11=0x0,r12=0x0,r13=0x0,r14=0x0,r15=0x0
=> 0xffffffff8120005f <entry_SYSCALL_64+95>:	movslq %eax,%rsi
Regs: rax=0x1,rbx=0x0,rcx=0x0,rdx=0x0,rsi=0x1,rdi=0xffffc9000000bf58,rbp=0x0,rsp=0xffffc9000000bf58,r8=0x0,r9=0x0,r10=0x0,r11=0x0,r12=0x0,r13=0x0,r14=0x0,r15=0x0
=> 0xffffffff81200062 <entry_SYSCALL_64+98>:	call   0xffffffff8111d00f <do_syscall_64>
Regs: rax=0x1,rbx=0x0,rcx=0x0,rdx=0x0,rsi=0x1,rdi=0xffffc9000000bf58,rbp=0x0,rsp=0xffffc9000000bf50,r8=0x0,r9=0x0,r10=0x0,r11=0x0,r12=0x0,r13=0x0,r14=0x0,r15=0x0
=> 0xffffffff8111d00f <do_syscall_64>:	push   %rbx
Regs: rax=0x1,rbx=0x0,rcx=0x0,rdx=0x0,rsi=0x1,rdi=0xffffc9000000bf58,rbp=0x0,rsp=0xffffc9000000bf48,r8=0x0,r9=0x0,r10=0x0,r11=0x0,r12=0x0,r13=0x0,r14=0x0,r15=0x0
=> 0xffffffff8111d010 <do_syscall_64+1>:	movslq %esi,%rsi
Regs: rax=0x1,rbx=0x0,rcx=0x0,rdx=0x0,rsi=0x1,rdi=0xffffc9000000bf58,rbp=0x0,rsp=0xffffc9000000bf48,r8=0x0,r9=0x0,r10=0x0,r11=0x0,r12=0x0,r13=0x0,r14=0x0,r15=0x0
=> 0xffffffff8111d013 <do_syscall_64+4>:	mov    %rdi,%rbx
Regs: rax=0x1,rbx=0xffffc9000000bf58,rcx=0x0,rdx=0x0,rsi=0x1,rdi=0xffffc9000000bf58,rbp=0x0,rsp=0xffffc9000000bf48,r8=0x0,r9=0x0,r10=0x0,r11=0x0,r12=0x0,r13=0x0,r14=0x0,r15=0x0
=> 0xffffffff8111d016 <do_syscall_64+7>:	call   0xffffffff8111e882 <syscall_enter_from_user_mode>
Regs: rax=0x1,rbx=0xffffc9000000bf58,rcx=0x0,rdx=0x0,rsi=0x1,rdi=0xffffc9000000bf58,rbp=0x0,rsp=0xffffc9000000bf40,r8=0x0,r9=0x0,r10=0x0,r11=0x0,r12=0x0,r13=0x0,r14=0x0,r15=0x0
=> 0xffffffff8111e882 <syscall_enter_from_user_mode>:	mov    %rsi,%rax
Regs: rax=0x1,rbx=0xffffc9000000bf58,rcx=0x0,rdx=0x0,rsi=0x1,rdi=0xffffc9000000bf58,rbp=0x0,rsp=0xffffc9000000bf40,r8=0x0,r9=0x0,r10=0x0,r11=0x0,r12=0x0,r13=0x0,r14=0x0,r15=0x0
=> 0xffffffff8111e885 <syscall_enter_from_user_mode+3>:	sti    
Regs: rax=0x1,rbx=0xffffc9000000bf58,rcx=0x0,rdx=0x0,rsi=0x1,rdi=0xffffc9000000bf58,rbp=0x0,rsp=0xffffc9000000bf40,r8=0x0,r9=0x0,r10=0x0,r11=0x0,r12=0x0,r13=0x0,r14=0x0,r15=0x0
=> 0xffffffff8111e886 <syscall_enter_from_user_mode+4>:	mov    0xffffffff81836040,%rdx
Regs: rax=0x1,rbx=0xffffc9000000bf58,rcx=0x0,rdx=0xffff888000152000,rsi=0x1,rdi=0xffffc9000000bf58,rbp=0x0,rsp=0xffffc9000000bf40,r8=0x0,r9=0x0,r10=0x0,r11=0x0,r12=0x0,r13=0x0,r14=0x0,r15=0x0
=> 0xffffffff8111e88e <syscall_enter_from_user_mode+12>:	mov    0x8(%rdx),%rsi
Regs: rax=0x1,rbx=0xffffc9000000bf58,rcx=0x0,rdx=0xffff888000152000,rsi=0x0,rdi=0xffffc9000000bf58,rbp=0x0,rsp=0xffffc9000000bf40,r8=0x0,r9=0x0,r10=0x0,r11=0x0,r12=0x0,r13=0x0,r14=0x0,r15=0x0
=> 0xffffffff8111e892 <syscall_enter_from_user_mode+16>:	test   $0x3f,%sil
Regs: rax=0x1,rbx=0xffffc9000000bf58,rcx=0x0,rdx=0xffff888000152000,rsi=0x0,rdi=0xffffc9000000bf58,rbp=0x0,rsp=0xffffc9000000bf40,r8=0x0,r9=0x0,r10=0x0,r11=0x0,r12=0x0,r13=0x0,r14=0x0,r15=0x0
=> 0xffffffff8111e896 <syscall_enter_from_user_mode+20>:	je     0xffffffff8111e89d <syscall_enter_from_user_mode+27>
Regs: rax=0x1,rbx=0xffffc9000000bf58,rcx=0x0,rdx=0xffff888000152000,rsi=0x0,rdi=0xffffc9000000bf58,rbp=0x0,rsp=0xffffc9000000bf40,r8=0x0,r9=0x0,r10=0x0,r11=0x0,r12=0x0,r13=0x0,r14=0x0,r15=0x0
=> 0xffffffff8111e89d <syscall_enter_from_user_mode+27>:	ret    
Regs: rax=0x1,rbx=0xffffc9000000bf58,rcx=0x0,rdx=0xffff888000152000,rsi=0x0,rdi=0xffffc9000000bf58,rbp=0x0,rsp=0xffffc9000000bf48,r8=0x0,r9=0x0,r10=0x0,r11=0x0,r12=0x0,r13=0x0,r14=0x0,r15=0x0
=> 0xffffffff8111d01b <do_syscall_64+12>:	cmp    $0x1c2,%eax
Regs: rax=0x1,rbx=0xffffc9000000bf58,rcx=0x0,rdx=0xffff888000152000,rsi=0x0,rdi=0xffffc9000000bf58,rbp=0x0,rsp=0xffffc9000000bf48,r8=0x0,r9=0x0,r10=0x0,r11=0x0,r12=0x0,r13=0x0,r14=0x0,r15=0x0
=> 0xffffffff8111d020 <do_syscall_64+17>:	jbe    0xffffffff8111d030 <do_syscall_64+33>
Regs: rax=0x1,rbx=0xffffc9000000bf58,rcx=0x0,rdx=0xffff888000152000,rsi=0x0,rdi=0xffffc9000000bf58,rbp=0x0,rsp=0xffffc9000000bf48,r8=0x0,r9=0x0,r10=0x0,r11=0x0,r12=0x0,r13=0x0,r14=0x0,r15=0x0
=> 0xffffffff8111d030 <do_syscall_64+33>:	mov    %eax,%edx
Regs: rax=0x1,rbx=0xffffc9000000bf58,rcx=0x0,rdx=0x1,rsi=0x0,rdi=0xffffc9000000bf58,rbp=0x0,rsp=0xffffc9000000bf48,r8=0x0,r9=0x0,r10=0x0,r11=0x0,r12=0x0,r13=0x0,r14=0x0,r15=0x0
=> 0xffffffff8111d032 <do_syscall_64+35>:	cmp    $0x1c3,%rdx
Regs: rax=0x1,rbx=0xffffc9000000bf58,rcx=0x0,rdx=0x1,rsi=0x0,rdi=0xffffc9000000bf58,rbp=0x0,rsp=0xffffc9000000bf48,r8=0x0,r9=0x0,r10=0x0,r11=0x0,r12=0x0,r13=0x0,r14=0x0,r15=0x0
=> 0xffffffff8111d039 <do_syscall_64+42>:	sbb    %rdx,%rdx
Regs: rax=0x1,rbx=0xffffc9000000bf58,rcx=0x0,rdx=0xffffffffffffffff,rsi=0x0,rdi=0xffffc9000000bf58,rbp=0x0,rsp=0xffffc9000000bf48,r8=0x0,r9=0x0,r10=0x0,r11=0x0,r12=0x0,r13=0x0,r14=0x0,r15=0x0
=> 0xffffffff8111d03c <do_syscall_64+45>:	and    %edx,%eax
Regs: rax=0x1,rbx=0xffffc9000000bf58,rcx=0x0,rdx=0xffffffffffffffff,rsi=0x0,rdi=0xffffc9000000bf58,rbp=0x0,rsp=0xffffc9000000bf48,r8=0x0,r9=0x0,r10=0x0,r11=0x0,r12=0x0,r13=0x0,r14=0x0,r15=0x0
=> 0xffffffff8111d03e <do_syscall_64+47>:	mov    %rbx,%rdi
Regs: rax=0x1,rbx=0xffffc9000000bf58,rcx=0x0,rdx=0xffffffffffffffff,rsi=0x0,rdi=0xffffc9000000bf58,rbp=0x0,rsp=0xffffc9000000bf48,r8=0x0,r9=0x0,r10=0x0,r11=0x0,r12=0x0,r13=0x0,r14=0x0,r15=0x0
=> 0xffffffff8111d041 <do_syscall_64+50>:	call   *-0x7e9ffde0(,%rax,8)
Regs: rax=0x1,rbx=0xffffc9000000bf58,rcx=0x0,rdx=0xffffffffffffffff,rsi=0x0,rdi=0xffffc9000000bf58,rbp=0x0,rsp=0xffffc9000000bf40,r8=0x0,r9=0x0,r10=0x0,r11=0x0,r12=0x0,r13=0x0,r14=0x0,r15=0x0
=> 0xffffffff81086674 <__x64_sys_write>:	mov    0x60(%rdi),%rdx
Regs: rax=0x1,rbx=0xffffc9000000bf58,rcx=0x0,rdx=0x1,rsi=0x0,rdi=0xffffc9000000bf58,rbp=0x0,rsp=0xffffc9000000bf40,r8=0x0,r9=0x0,r10=0x0,r11=0x0,r12=0x0,r13=0x0,r14=0x0,r15=0x0
=> 0xffffffff81086678 <__x64_sys_write+4>:	mov    0x68(%rdi),%rsi
Regs: rax=0x1,rbx=0xffffc9000000bf58,rcx=0x0,rdx=0x1,rsi=0xd64740,rdi=0xffffc9000000bf58,rbp=0x0,rsp=0xffffc9000000bf40,r8=0x0,r9=0x0,r10=0x0,r11=0x0,r12=0x0,r13=0x0,r14=0x0,r15=0x0
=> 0xffffffff8108667c <__x64_sys_write+8>:	mov    0x70(%rdi),%edi
Regs: rax=0x1,rbx=0xffffc9000000bf58,rcx=0x0,rdx=0x1,rsi=0xd64740,rdi=0x1,rbp=0x0,rsp=0xffffc9000000bf40,r8=0x0,r9=0x0,r10=0x0,r11=0x0,r12=0x0,r13=0x0,r14=0x0,r15=0x0
=> 0xffffffff8108667f <__x64_sys_write+11>:	jmp    0xffffffff810865dd <ksys_write>
Regs: rax=0x1,rbx=0xffffc9000000bf58,rcx=0x0,rdx=0x1,rsi=0xd64740,rdi=0x1,rbp=0x0,rsp=0xffffc9000000bf40,r8=0x0,r9=0x0,r10=0x0,r11=0x0,r12=0x0,r13=0x0,r14=0x0,r15=0x0
=> 0xffffffff810865dd <ksys_write>:	push   %rbp
Regs: rax=0x1,rbx=0xffffc9000000bf58,rcx=0x0,rdx=0x1,rsi=0xd64740,rdi=0x1,rbp=0x0,rsp=0xffffc9000000bf38,r8=0x0,r9=0x0,r10=0x0,r11=0x0,r12=0x0,r13=0x0,r14=0x0,r15=0x0
=> 0xffffffff810865de <ksys_write+1>:	mov    %rsp,%rbp
Regs: rax=0x1,rbx=0xffffc9000000bf58,rcx=0x0,rdx=0x1,rsi=0xd64740,rdi=0x1,rbp=0xffffc9000000bf38,rsp=0xffffc9000000bf38,r8=0x0,r9=0x0,r10=0x0,r11=0x0,r12=0x0,r13=0x0,r14=0x0,r15=0x0
=> 0xffffffff810865e1 <ksys_write+4>:	push   %r15
Regs: rax=0x1,rbx=0xffffc9000000bf58,rcx=0x0,rdx=0x1,rsi=0xd64740,rdi=0x1,rbp=0xffffc9000000bf38,rsp=0xffffc9000000bf30,r8=0x0,r9=0x0,r10=0x0,r11=0x0,r12=0x0,r13=0x0,r14=0x0,r15=0x0
=> 0xffffffff810865e3 <ksys_write+6>:	mov    %rdx,%r15
Regs: rax=0x1,rbx=0xffffc9000000bf58,rcx=0x0,rdx=0x1,rsi=0xd64740,rdi=0x1,rbp=0xffffc9000000bf38,rsp=0xffffc9000000bf30,r8=0x0,r9=0x0,r10=0x0,r11=0x0,r12=0x0,r13=0x0,r14=0x0,r15=0x1
=> 0xffffffff810865e6 <ksys_write+9>:	push   %r14
Regs: rax=0x1,rbx=0xffffc9000000bf58,rcx=0x0,rdx=0x1,rsi=0xd64740,rdi=0x1,rbp=0xffffc9000000bf38,rsp=0xffffc9000000bf28,r8=0x0,r9=0x0,r10=0x0,r11=0x0,r12=0x0,r13=0x0,r14=0x0,r15=0x1
=> 0xffffffff810865e8 <ksys_write+11>:	push   %r13
Regs: rax=0x1,rbx=0xffffc9000000bf58,rcx=0x0,rdx=0x1,rsi=0xd64740,rdi=0x1,rbp=0xffffc9000000bf38,rsp=0xffffc9000000bf20,r8=0x0,r9=0x0,r10=0x0,r11=0x0,r12=0x0,r13=0x0,r14=0x0,r15=0x1
=> 0xffffffff810865ea <ksys_write+13>:	push   %rbx
Regs: rax=0x1,rbx=0xffffc9000000bf58,rcx=0x0,rdx=0x1,rsi=0xd64740,rdi=0x1,rbp=0xffffc9000000bf38,rsp=0xffffc9000000bf18,r8=0x0,r9=0x0,r10=0x0,r11=0x0,r12=0x0,r13=0x0,r14=0x0,r15=0x1
=> 0xffffffff810865eb <ksys_write+14>:	sub    $0x10,%rsp
Regs: rax=0x1,rbx=0xffffc9000000bf58,rcx=0x0,rdx=0x1,rsi=0xd64740,rdi=0x1,rbp=0xffffc9000000bf38,rsp=0xffffc9000000bf08,r8=0x0,r9=0x0,r10=0x0,r11=0x0,r12=0x0,r13=0x0,r14=0x0,r15=0x1
=> 0xffffffff810865ef <ksys_write+18>:	mov    %rsi,(%rsp)
Regs: rax=0x1,rbx=0xffffc9000000bf58,rcx=0x0,rdx=0x1,rsi=0xd64740,rdi=0x1,rbp=0xffffc9000000bf38,rsp=0xffffc9000000bf08,r8=0x0,r9=0x0,r10=0x0,r11=0x0,r12=0x0,r13=0x0,r14=0x0,r15=0x1
=> 0xffffffff810865f3 <ksys_write+22>:	call   0xffffffff8108542f <fdget_pos>
Regs: rax=0x1,rbx=0xffffc9000000bf58,rcx=0x0,rdx=0x1,rsi=0xd64740,rdi=0x1,rbp=0xffffc9000000bf38,rsp=0xffffc9000000bf00,r8=0x0,r9=0x0,r10=0x0,r11=0x0,r12=0x0,r13=0x0,r14=0x0,r15=0x1
=> 0xffffffff8108542f <fdget_pos>:	push   %rbp
Regs: rax=0x1,rbx=0xffffc9000000bf58,rcx=0x0,rdx=0x1,rsi=0xd64740,rdi=0x1,rbp=0xffffc9000000bf38,rsp=0xffffc9000000bef8,r8=0x0,r9=0x0,r10=0x0,r11=0x0,r12=0x0,r13=0x0,r14=0x0,r15=0x1
=> 0xffffffff81085430 <fdget_pos+1>:	mov    %rsp,%rbp
Regs: rax=0x1,rbx=0xffffc9000000bf58,rcx=0x0,rdx=0x1,rsi=0xd64740,rdi=0x1,rbp=0xffffc9000000bef8,rsp=0xffffc9000000bef8,r8=0x0,r9=0x0,r10=0x0,r11=0x0,r12=0x0,r13=0x0,r14=0x0,r15=0x1
=> 0xffffffff81085433 <fdget_pos+4>:	call   0xffffffff81099fa6 <__fdget_pos>
Regs: rax=0x1,rbx=0xffffc9000000bf58,rcx=0x0,rdx=0x1,rsi=0xd64740,rdi=0x1,rbp=0xffffc9000000bef8,rsp=0xffffc9000000bef0,r8=0x0,r9=0x0,r10=0x0,r11=0x0,r12=0x0,r13=0x0,r14=0x0,r15=0x1
=> 0xffffffff81099fa6 <__fdget_pos>:	push   %rbx
Regs: rax=0x1,rbx=0xffffc9000000bf58,rcx=0x0,rdx=0x1,rsi=0xd64740,rdi=0x1,rbp=0xffffc9000000bef8,rsp=0xffffc9000000bee8,r8=0x0,r9=0x0,r10=0x0,r11=0x0,r12=0x0,r13=0x0,r14=0x0,r15=0x1
=> 0xffffffff81099fa7 <__fdget_pos+1>:	call   0xffffffff81099f95 <__fdget>
Regs: rax=0x1,rbx=0xffffc9000000bf58,rcx=0x0,rdx=0x1,rsi=0xd64740,rdi=0x1,rbp=0xffffc9000000bef8,rsp=0xffffc9000000bee0,r8=0x0,r9=0x0,r10=0x0,r11=0x0,r12=0x0,r13=0x0,r14=0x0,r15=0x1
=> 0xffffffff81099f95 <__fdget>:	mov    $0x4000,%esi
Regs: rax=0x1,rbx=0xffffc9000000bf58,rcx=0x0,rdx=0x1,rsi=0x4000,rdi=0x1,rbp=0xffffc9000000bef8,rsp=0xffffc9000000bee0,r8=0x0,r9=0x0,r10=0x0,r11=0x0,r12=0x0,r13=0x0,r14=0x0,r15=0x1
=> 0xffffffff81099f9a <__fdget+5>:	jmp    0xffffffff81099a1e <__fget_light>
Regs: rax=0x1,rbx=0xffffc9000000bf58,rcx=0x0,rdx=0x1,rsi=0x4000,rdi=0x1,rbp=0xffffc9000000bef8,rsp=0xffffc9000000bee0,r8=0x0,r9=0x0,r10=0x0,r11=0x0,r12=0x0,r13=0x0,r14=0x0,r15=0x1
=> 0xffffffff81099a1e <__fget_light>:	mov    0xffffffff81836040,%rax
Regs: rax=0xffff888000152000,rbx=0xffffc9000000bf58,rcx=0x0,rdx=0x1,rsi=0x4000,rdi=0x1,rbp=0xffffc9000000bef8,rsp=0xffffc9000000bee0,r8=0x0,r9=0x0,r10=0x0,r11=0x0,r12=0x0,r13=0x0,r14=0x0,r15=0x1
=> 0xffffffff81099a26 <__fget_light+8>:	mov    0x3f0(%rax),%rax
Regs: rax=0xffff88800014ba80,rbx=0xffffc9000000bf58,rcx=0x0,rdx=0x1,rsi=0x4000,rdi=0x1,rbp=0xffffc9000000bef8,rsp=0xffffc9000000bee0,r8=0x0,r9=0x0,r10=0x0,r11=0x0,r12=0x0,r13=0x0,r14=0x0,r15=0x1
=> 0xffffffff81099a2d <__fget_light+15>:	mov    %esi,%r8d
Regs: rax=0xffff88800014ba80,rbx=0xffffc9000000bf58,rcx=0x0,rdx=0x1,rsi=0x4000,rdi=0x1,rbp=0xffffc9000000bef8,rsp=0xffffc9000000bee0,r8=0x4000,r9=0x0,r10=0x0,r11=0x0,r12=0x0,r13=0x0,r14=0x0,r15=0x1
=> 0xffffffff81099a30 <__fget_light+18>:	mov    (%rax),%edx
Regs: rax=0xffff88800014ba80,rbx=0xffffc9000000bf58,rcx=0x0,rdx=0x1,rsi=0x4000,rdi=0x1,rbp=0xffffc9000000bef8,rsp=0xffffc9000000bee0,r8=0x4000,r9=0x0,r10=0x0,r11=0x0,r12=0x0,r13=0x0,r14=0x0,r15=0x1
=> 0xffffffff81099a32 <__fget_light+20>:	dec    %edx
Regs: rax=0xffff88800014ba80,rbx=0xffffc9000000bf58,rcx=0x0,rdx=0x0,rsi=0x4000,rdi=0x1,rbp=0xffffc9000000bef8,rsp=0xffffc9000000bee0,r8=0x4000,r9=0x0,r10=0x0,r11=0x0,r12=0x0,r13=0x0,r14=0x0,r15=0x1
=> 0xffffffff81099a34 <__fget_light+22>:	jne    0xffffffff81099a4f <__fget_light+49>
Regs: rax=0xffff88800014ba80,rbx=0xffffc9000000bf58,rcx=0x0,rdx=0x0,rsi=0x4000,rdi=0x1,rbp=0xffffc9000000bef8,rsp=0xffffc9000000bee0,r8=0x4000,r9=0x0,r10=0x0,r11=0x0,r12=0x0,r13=0x0,r14=0x0,r15=0x1
=> 0xffffffff81099a36 <__fget_light+24>:	mov    %edi,%esi
Regs: rax=0xffff88800014ba80,rbx=0xffffc9000000bf58,rcx=0x0,rdx=0x0,rsi=0x1,rdi=0x1,rbp=0xffffc9000000bef8,rsp=0xffffc9000000bee0,r8=0x4000,r9=0x0,r10=0x0,r11=0x0,r12=0x0,r13=0x0,r14=0x0,r15=0x1
=> 0xffffffff81099a38 <__fget_light+26>:	mov    %rax,%rdi
Regs: rax=0xffff88800014ba80,rbx=0xffffc9000000bf58,rcx=0x0,rdx=0x0,rsi=0x1,rdi=0xffff88800014ba80,rbp=0xffffc9000000bef8,rsp=0xffffc9000000bee0,r8=0x4000,r9=0x0,r10=0x0,r11=0x0,r12=0x0,r13=0x0,r14=0x0,r15=0x1
=> 0xffffffff81099a3b <__fget_light+29>:	call   0xffffffff81099384 <files_lookup_fd_raw>
Regs: rax=0xffff88800014ba80,rbx=0xffffc9000000bf58,rcx=0x0,rdx=0x0,rsi=0x1,rdi=0xffff88800014ba80,rbp=0xffffc9000000bef8,rsp=0xffffc9000000bed8,r8=0x4000,r9=0x0,r10=0x0,r11=0x0,r12=0x0,r13=0x0,r14=0x0,r15=0x1
=> 0xffffffff81099384 <files_lookup_fd_raw>:	mov    0x18(%rdi),%rcx
Regs: rax=0xffff88800014ba80,rbx=0xffffc9000000bf58,rcx=0xffff88800014baa0,rdx=0x0,rsi=0x1,rdi=0xffff88800014ba80,rbp=0xffffc9000000bef8,rsp=0xffffc9000000bed8,r8=0x4000,r9=0x0,r10=0x0,r11=0x0,r12=0x0,r13=0x0,r14=0x0,r15=0x1
=> 0xffffffff81099388 <files_lookup_fd_raw+4>:	xor    %edx,%edx
Regs: rax=0xffff88800014ba80,rbx=0xffffc9000000bf58,rcx=0xffff88800014baa0,rdx=0x0,rsi=0x1,rdi=0xffff88800014ba80,rbp=0xffffc9000000bef8,rsp=0xffffc9000000bed8,r8=0x4000,r9=0x0,r10=0x0,r11=0x0,r12=0x0,r13=0x0,r14=0x0,r15=0x1
=> 0xffffffff8109938a <files_lookup_fd_raw+6>:	mov    (%rcx),%eax
Regs: rax=0x40,rbx=0xffffc9000000bf58,rcx=0xffff88800014baa0,rdx=0x0,rsi=0x1,rdi=0xffff88800014ba80,rbp=0xffffc9000000bef8,rsp=0xffffc9000000bed8,r8=0x4000,r9=0x0,r10=0x0,r11=0x0,r12=0x0,r13=0x0,r14=0x0,r15=0x1
=> 0xffffffff8109938c <files_lookup_fd_raw+8>:	cmp    %eax,%esi
Regs: rax=0x40,rbx=0xffffc9000000bf58,rcx=0xffff88800014baa0,rdx=0x0,rsi=0x1,rdi=0xffff88800014ba80,rbp=0xffffc9000000bef8,rsp=0xffffc9000000bed8,r8=0x4000,r9=0x0,r10=0x0,r11=0x0,r12=0x0,r13=0x0,r14=0x0,r15=0x1
=> 0xffffffff8109938e <files_lookup_fd_raw+10>:	jae    0xffffffff810993a5 <files_lookup_fd_raw+33>
Regs: rax=0x40,rbx=0xffffc9000000bf58,rcx=0xffff88800014baa0,rdx=0x0,rsi=0x1,rdi=0xffff88800014ba80,rbp=0xffffc9000000bef8,rsp=0xffffc9000000bed8,r8=0x4000,r9=0x0,r10=0x0,r11=0x0,r12=0x0,r13=0x0,r14=0x0,r15=0x1
=> 0xffffffff81099390 <files_lookup_fd_raw+12>:	mov    %esi,%edx
Regs: rax=0x40,rbx=0xffffc9000000bf58,rcx=0xffff88800014baa0,rdx=0x1,rsi=0x1,rdi=0xffff88800014ba80,rbp=0xffffc9000000bef8,rsp=0xffffc9000000bed8,r8=0x4000,r9=0x0,r10=0x0,r11=0x0,r12=0x0,r13=0x0,r14=0x0,r15=0x1
=> 0xffffffff81099392 <files_lookup_fd_raw+14>:	cmp    %rax,%rdx
Regs: rax=0x40,rbx=0xffffc9000000bf58,rcx=0xffff88800014baa0,rdx=0x1,rsi=0x1,rdi=0xffff88800014ba80,rbp=0xffffc9000000bef8,rsp=0xffffc9000000bed8,r8=0x4000,r9=0x0,r10=0x0,r11=0x0,r12=0x0,r13=0x0,r14=0x0,r15=0x1
=> 0xffffffff81099395 <files_lookup_fd_raw+17>:	sbb    %rax,%rax
Regs: rax=0xffffffffffffffff,rbx=0xffffc9000000bf58,rcx=0xffff88800014baa0,rdx=0x1,rsi=0x1,rdi=0xffff88800014ba80,rbp=0xffffc9000000bef8,rsp=0xffffc9000000bed8,r8=0x4000,r9=0x0,r10=0x0,r11=0x0,r12=0x0,r13=0x0,r14=0x0,r15=0x1
=> 0xffffffff81099398 <files_lookup_fd_raw+20>:	and    %eax,%esi
Regs: rax=0xffffffffffffffff,rbx=0xffffc9000000bf58,rcx=0xffff88800014baa0,rdx=0x1,rsi=0x1,rdi=0xffff88800014ba80,rbp=0xffffc9000000bef8,rsp=0xffffc9000000bed8,r8=0x4000,r9=0x0,r10=0x0,r11=0x0,r12=0x0,r13=0x0,r14=0x0,r15=0x1
=> 0xffffffff8109939a <files_lookup_fd_raw+22>:	mov    0x8(%rcx),%rax
Regs: rax=0xffff88800014baf8,rbx=0xffffc9000000bf58,rcx=0xffff88800014baa0,rdx=0x1,rsi=0x1,rdi=0xffff88800014ba80,rbp=0xffffc9000000bef8,rsp=0xffffc9000000bed8,r8=0x4000,r9=0x0,r10=0x0,r11=0x0,r12=0x0,r13=0x0,r14=0x0,r15=0x1
=> 0xffffffff8109939e <files_lookup_fd_raw+26>:	lea    (%rax,%rsi,8),%rax
Regs: rax=0xffff88800014bb00,rbx=0xffffc9000000bf58,rcx=0xffff88800014baa0,rdx=0x1,rsi=0x1,rdi=0xffff88800014ba80,rbp=0xffffc9000000bef8,rsp=0xffffc9000000bed8,r8=0x4000,r9=0x0,r10=0x0,r11=0x0,r12=0x0,r13=0x0,r14=0x0,r15=0x1
=> 0xffffffff810993a2 <files_lookup_fd_raw+30>:	mov    (%rax),%rdx
Regs: rax=0xffff88800014bb00,rbx=0xffffc9000000bf58,rcx=0xffff88800014baa0,rdx=0xffff888007615d80,rsi=0x1,rdi=0xffff88800014ba80,rbp=0xffffc9000000bef8,rsp=0xffffc9000000bed8,r8=0x4000,r9=0x0,r10=0x0,r11=0x0,r12=0x0,r13=0x0,r14=0x0,r15=0x1
=> 0xffffffff810993a5 <files_lookup_fd_raw+33>:	mov    %rdx,%rax
Regs: rax=0xffff888007615d80,rbx=0xffffc9000000bf58,rcx=0xffff88800014baa0,rdx=0xffff888007615d80,rsi=0x1,rdi=0xffff88800014ba80,rbp=0xffffc9000000bef8,rsp=0xffffc9000000bed8,r8=0x4000,r9=0x0,r10=0x0,r11=0x0,r12=0x0,r13=0x0,r14=0x0,r15=0x1
=> 0xffffffff810993a8 <files_lookup_fd_raw+36>:	ret    
Regs: rax=0xffff888007615d80,rbx=0xffffc9000000bf58,rcx=0xffff88800014baa0,rdx=0xffff888007615d80,rsi=0x1,rdi=0xffff88800014ba80,rbp=0xffffc9000000bef8,rsp=0xffffc9000000bee0,r8=0x4000,r9=0x0,r10=0x0,r11=0x0,r12=0x0,r13=0x0,r14=0x0,r15=0x1
=> 0xffffffff81099a40 <__fget_light+34>:	test   %rax,%rax
Regs: rax=0xffff888007615d80,rbx=0xffffc9000000bf58,rcx=0xffff88800014baa0,rdx=0xffff888007615d80,rsi=0x1,rdi=0xffff88800014ba80,rbp=0xffffc9000000bef8,rsp=0xffffc9000000bee0,r8=0x4000,r9=0x0,r10=0x0,r11=0x0,r12=0x0,r13=0x0,r14=0x0,r15=0x1
=> 0xffffffff81099a43 <__fget_light+37>:	jne    0xffffffff81099a48 <__fget_light+42>
Regs: rax=0xffff888007615d80,rbx=0xffffc9000000bf58,rcx=0xffff88800014baa0,rdx=0xffff888007615d80,rsi=0x1,rdi=0xffff88800014ba80,rbp=0xffffc9000000bef8,rsp=0xffffc9000000bee0,r8=0x4000,r9=0x0,r10=0x0,r11=0x0,r12=0x0,r13=0x0,r14=0x0,r15=0x1
=> 0xffffffff81099a48 <__fget_light+42>:	and    0x3c(%rax),%r8d
Regs: rax=0xffff888007615d80,rbx=0xffffc9000000bf58,rcx=0xffff88800014baa0,rdx=0xffff888007615d80,rsi=0x1,rdi=0xffff88800014ba80,rbp=0xffffc9000000bef8,rsp=0xffffc9000000bee0,r8=0x0,r9=0x0,r10=0x0,r11=0x0,r12=0x0,r13=0x0,r14=0x0,r15=0x1
=> 0xffffffff81099a4c <__fget_light+46>:	jne    0xffffffff81099a45 <__fget_light+39>
Regs: rax=0xffff888007615d80,rbx=0xffffc9000000bf58,rcx=0xffff88800014baa0,rdx=0xffff888007615d80,rsi=0x1,rdi=0xffff88800014ba80,rbp=0xffffc9000000bef8,rsp=0xffffc9000000bee0,r8=0x0,r9=0x0,r10=0x0,r11=0x0,r12=0x0,r13=0x0,r14=0x0,r15=0x1
=> 0xffffffff81099a4e <__fget_light+48>:	ret    
Regs: rax=0xffff888007615d80,rbx=0xffffc9000000bf58,rcx=0xffff88800014baa0,rdx=0xffff888007615d80,rsi=0x1,rdi=0xffff88800014ba80,rbp=0xffffc9000000bef8,rsp=0xffffc9000000bee8,r8=0x0,r9=0x0,r10=0x0,r11=0x0,r12=0x0,r13=0x0,r14=0x0,r15=0x1
=> 0xffffffff81099fac <__fdget_pos+6>:	mov    %rax,%rbx
Regs: rax=0xffff888007615d80,rbx=0xffff888007615d80,rcx=0xffff88800014baa0,rdx=0xffff888007615d80,rsi=0x1,rdi=0xffff88800014ba80,rbp=0xffffc9000000bef8,rsp=0xffffc9000000bee8,r8=0x0,r9=0x0,r10=0x0,r11=0x0,r12=0x0,r13=0x0,r14=0x0,r15=0x1
=> 0xffffffff81099faf <__fdget_pos+9>:	cmp    $0x3,%rax
Regs: rax=0xffff888007615d80,rbx=0xffff888007615d80,rcx=0xffff88800014baa0,rdx=0xffff888007615d80,rsi=0x1,rdi=0xffff88800014ba80,rbp=0xffffc9000000bef8,rsp=0xffffc9000000bee8,r8=0x0,r9=0x0,r10=0x0,r11=0x0,r12=0x0,r13=0x0,r14=0x0,r15=0x1
=> 0xffffffff81099fb3 <__fdget_pos+13>:	jbe    0xffffffff81099fd8 <__fdget_pos+50>
Regs: rax=0xffff888007615d80,rbx=0xffff888007615d80,rcx=0xffff88800014baa0,rdx=0xffff888007615d80,rsi=0x1,rdi=0xffff88800014ba80,rbp=0xffffc9000000bef8,rsp=0xffffc9000000bee8,r8=0x0,r9=0x0,r10=0x0,r11=0x0,r12=0x0,r13=0x0,r14=0x0,r15=0x1
=> 0xffffffff81099fb5 <__fdget_pos+15>:	mov    %rax,%rdi
Regs: rax=0xffff888007615d80,rbx=0xffff888007615d80,rcx=0xffff88800014baa0,rdx=0xffff888007615d80,rsi=0x1,rdi=0xffff888007615d80,rbp=0xffffc9000000bef8,rsp=0xffffc9000000bee8,r8=0x0,r9=0x0,r10=0x0,r11=0x0,r12=0x0,r13=0x0,r14=0x0,r15=0x1
=> 0xffffffff81099fb8 <__fdget_pos+18>:	and    $0xfffffffffffffffc,%rdi
Regs: rax=0xffff888007615d80,rbx=0xffff888007615d80,rcx=0xffff88800014baa0,rdx=0xffff888007615d80,rsi=0x1,rdi=0xffff888007615d80,rbp=0xffffc9000000bef8,rsp=0xffffc9000000bee8,r8=0x0,r9=0x0,r10=0x0,r11=0x0,r12=0x0,r13=0x0,r14=0x0,r15=0x1
=> 0xffffffff81099fbc <__fdget_pos+22>:	testb  $0x80,0x3d(%rdi)
Regs: rax=0xffff888007615d80,rbx=0xffff888007615d80,rcx=0xffff88800014baa0,rdx=0xffff888007615d80,rsi=0x1,rdi=0xffff888007615d80,rbp=0xffffc9000000bef8,rsp=0xffffc9000000bee8,r8=0x0,r9=0x0,r10=0x0,r11=0x0,r12=0x0,r13=0x0,r14=0x0,r15=0x1
=> 0xffffffff81099fc0 <__fdget_pos+26>:	je     0xffffffff81099fd8 <__fdget_pos+50>
Regs: rax=0xffff888007615d80,rbx=0xffff888007615d80,rcx=0xffff88800014baa0,rdx=0xffff888007615d80,rsi=0x1,rdi=0xffff888007615d80,rbp=0xffffc9000000bef8,rsp=0xffffc9000000bee8,r8=0x0,r9=0x0,r10=0x0,r11=0x0,r12=0x0,r13=0x0,r14=0x0,r15=0x1
=> 0xffffffff81099fd8 <__fdget_pos+50>:	mov    %rbx,%rax
Regs: rax=0xffff888007615d80,rbx=0xffff888007615d80,rcx=0xffff88800014baa0,rdx=0xffff888007615d80,rsi=0x1,rdi=0xffff888007615d80,rbp=0xffffc9000000bef8,rsp=0xffffc9000000bee8,r8=0x0,r9=0x0,r10=0x0,r11=0x0,r12=0x0,r13=0x0,r14=0x0,r15=0x1
=> 0xffffffff81099fdb <__fdget_pos+53>:	pop    %rbx
Regs: rax=0xffff888007615d80,rbx=0xffffc9000000bf58,rcx=0xffff88800014baa0,rdx=0xffff888007615d80,rsi=0x1,rdi=0xffff888007615d80,rbp=0xffffc9000000bef8,rsp=0xffffc9000000bef0,r8=0x0,r9=0x0,r10=0x0,r11=0x0,r12=0x0,r13=0x0,r14=0x0,r15=0x1
=> 0xffffffff81099fdc <__fdget_pos+54>:	ret    
Regs: rax=0xffff888007615d80,rbx=0xffffc9000000bf58,rcx=0xffff88800014baa0,rdx=0xffff888007615d80,rsi=0x1,rdi=0xffff888007615d80,rbp=0xffffc9000000bef8,rsp=0xffffc9000000bef8,r8=0x0,r9=0x0,r10=0x0,r11=0x0,r12=0x0,r13=0x0,r14=0x0,r15=0x1
=> 0xffffffff81085438 <fdget_pos+9>:	pop    %rbp
Regs: rax=0xffff888007615d80,rbx=0xffffc9000000bf58,rcx=0xffff88800014baa0,rdx=0xffff888007615d80,rsi=0x1,rdi=0xffff888007615d80,rbp=0xffffc9000000bf38,rsp=0xffffc9000000bf00,r8=0x0,r9=0x0,r10=0x0,r11=0x0,r12=0x0,r13=0x0,r14=0x0,r15=0x1
=> 0xffffffff81085439 <fdget_pos+10>:	mov    %rax,%rcx
Regs: rax=0xffff888007615d80,rbx=0xffffc9000000bf58,rcx=0xffff888007615d80,rdx=0xffff888007615d80,rsi=0x1,rdi=0xffff888007615d80,rbp=0xffffc9000000bf38,rsp=0xffffc9000000bf00,r8=0x0,r9=0x0,r10=0x0,r11=0x0,r12=0x0,r13=0x0,r14=0x0,r15=0x1
=> 0xffffffff8108543c <fdget_pos+13>:	and    $0x3,%eax
Regs: rax=0x0,rbx=0xffffc9000000bf58,rcx=0xffff888007615d80,rdx=0xffff888007615d80,rsi=0x1,rdi=0xffff888007615d80,rbp=0xffffc9000000bf38,rsp=0xffffc9000000bf00,r8=0x0,r9=0x0,r10=0x0,r11=0x0,r12=0x0,r13=0x0,r14=0x0,r15=0x1
=> 0xffffffff8108543f <fdget_pos+16>:	and    $0xfffffffffffffffc,%rcx
Regs: rax=0x0,rbx=0xffffc9000000bf58,rcx=0xffff888007615d80,rdx=0xffff888007615d80,rsi=0x1,rdi=0xffff888007615d80,rbp=0xffffc9000000bf38,rsp=0xffffc9000000bf00,r8=0x0,r9=0x0,r10=0x0,r11=0x0,r12=0x0,r13=0x0,r14=0x0,r15=0x1
=> 0xffffffff81085443 <fdget_pos+20>:	mov    %rax,%rdx
Regs: rax=0x0,rbx=0xffffc9000000bf58,rcx=0xffff888007615d80,rdx=0x0,rsi=0x1,rdi=0xffff888007615d80,rbp=0xffffc9000000bf38,rsp=0xffffc9000000bf00,r8=0x0,r9=0x0,r10=0x0,r11=0x0,r12=0x0,r13=0x0,r14=0x0,r15=0x1
=> 0xffffffff81085446 <fdget_pos+23>:	mov    %rcx,%rax
Regs: rax=0xffff888007615d80,rbx=0xffffc9000000bf58,rcx=0xffff888007615d80,rdx=0x0,rsi=0x1,rdi=0xffff888007615d80,rbp=0xffffc9000000bf38,rsp=0xffffc9000000bf00,r8=0x0,r9=0x0,r10=0x0,r11=0x0,r12=0x0,r13=0x0,r14=0x0,r15=0x1
=> 0xffffffff81085449 <fdget_pos+26>:	ret    
Regs: rax=0xffff888007615d80,rbx=0xffffc9000000bf58,rcx=0xffff888007615d80,rdx=0x0,rsi=0x1,rdi=0xffff888007615d80,rbp=0xffffc9000000bf38,rsp=0xffffc9000000bf08,r8=0x0,r9=0x0,r10=0x0,r11=0x0,r12=0x0,r13=0x0,r14=0x0,r15=0x1
=> 0xffffffff810865f8 <ksys_write+27>:	mov    %rax,%rbx
Regs: rax=0xffff888007615d80,rbx=0xffff888007615d80,rcx=0xffff888007615d80,rdx=0x0,rsi=0x1,rdi=0xffff888007615d80,rbp=0xffffc9000000bf38,rsp=0xffffc9000000bf08,r8=0x0,r9=0x0,r10=0x0,r11=0x0,r12=0x0,r13=0x0,r14=0x0,r15=0x1
=> 0xffffffff810865fb <ksys_write+30>:	mov    $0xfffffffffffffff7,%rax
Regs: rax=0xfffffffffffffff7,rbx=0xffff888007615d80,rcx=0xffff888007615d80,rdx=0x0,rsi=0x1,rdi=0xffff888007615d80,rbp=0xffffc9000000bf38,rsp=0xffffc9000000bf08,r8=0x0,r9=0x0,r10=0x0,r11=0x0,r12=0x0,r13=0x0,r14=0x0,r15=0x1
=> 0xffffffff81086602 <ksys_write+37>:	test   %rbx,%rbx
Regs: rax=0xfffffffffffffff7,rbx=0xffff888007615d80,rcx=0xffff888007615d80,rdx=0x0,rsi=0x1,rdi=0xffff888007615d80,rbp=0xffffc9000000bf38,rsp=0xffffc9000000bf08,r8=0x0,r9=0x0,r10=0x0,r11=0x0,r12=0x0,r13=0x0,r14=0x0,r15=0x1
=> 0xffffffff81086605 <ksys_write+40>:	je     0xffffffff81086669 <ksys_write+140>
Regs: rax=0xfffffffffffffff7,rbx=0xffff888007615d80,rcx=0xffff888007615d80,rdx=0x0,rsi=0x1,rdi=0xffff888007615d80,rbp=0xffffc9000000bf38,rsp=0xffffc9000000bf08,r8=0x0,r9=0x0,r10=0x0,r11=0x0,r12=0x0,r13=0x0,r14=0x0,r15=0x1
=> 0xffffffff81086607 <ksys_write+42>:	xor    %esi,%esi
Regs: rax=0xfffffffffffffff7,rbx=0xffff888007615d80,rcx=0xffff888007615d80,rdx=0x0,rsi=0x0,rdi=0xffff888007615d80,rbp=0xffffc9000000bf38,rsp=0xffffc9000000bf08,r8=0x0,r9=0x0,r10=0x0,r11=0x0,r12=0x0,r13=0x0,r14=0x0,r15=0x1
=> 0xffffffff81086609 <ksys_write+44>:	xor    %r14d,%r14d
Regs: rax=0xfffffffffffffff7,rbx=0xffff888007615d80,rcx=0xffff888007615d80,rdx=0x0,rsi=0x0,rdi=0xffff888007615d80,rbp=0xffffc9000000bf38,rsp=0xffffc9000000bf08,r8=0x0,r9=0x0,r10=0x0,r11=0x0,r12=0x0,r13=0x0,r14=0x0,r15=0x1
=> 0xffffffff8108660c <ksys_write+47>:	testb  $0x20,0x3e(%rbx)
Regs: rax=0xfffffffffffffff7,rbx=0xffff888007615d80,rcx=0xffff888007615d80,rdx=0x0,rsi=0x0,rdi=0xffff888007615d80,rbp=0xffffc9000000bf38,rsp=0xffffc9000000bf08,r8=0x0,r9=0x0,r10=0x0,r11=0x0,r12=0x0,r13=0x0,r14=0x0,r15=0x1
=> 0xffffffff81086610 <ksys_write+51>:	mov    %rdx,%r13
Regs: rax=0xfffffffffffffff7,rbx=0xffff888007615d80,rcx=0xffff888007615d80,rdx=0x0,rsi=0x0,rdi=0xffff888007615d80,rbp=0xffffc9000000bf38,rsp=0xffffc9000000bf08,r8=0x0,r9=0x0,r10=0x0,r11=0x0,r12=0x0,r13=0x0,r14=0x0,r15=0x1
=> 0xffffffff81086613 <ksys_write+54>:	mov    %rsi,0x8(%rsp)
Regs: rax=0xfffffffffffffff7,rbx=0xffff888007615d80,rcx=0xffff888007615d80,rdx=0x0,rsi=0x0,rdi=0xffff888007615d80,rbp=0xffffc9000000bf38,rsp=0xffffc9000000bf08,r8=0x0,r9=0x0,r10=0x0,r11=0x0,r12=0x0,r13=0x0,r14=0x0,r15=0x1
=> 0xffffffff81086618 <ksys_write+59>:	mov    (%rsp),%rsi
Regs: rax=0xfffffffffffffff7,rbx=0xffff888007615d80,rcx=0xffff888007615d80,rdx=0x0,rsi=0xd64740,rdi=0xffff888007615d80,rbp=0xffffc9000000bf38,rsp=0xffffc9000000bf08,r8=0x0,r9=0x0,r10=0x0,r11=0x0,r12=0x0,r13=0x0,r14=0x0,r15=0x1
=> 0xffffffff8108661c <ksys_write+63>:	jne    0xffffffff81086635 <ksys_write+88>
Regs: rax=0xfffffffffffffff7,rbx=0xffff888007615d80,rcx=0xffff888007615d80,rdx=0x0,rsi=0xd64740,rdi=0xffff888007615d80,rbp=0xffffc9000000bf38,rsp=0xffffc9000000bf08,r8=0x0,r9=0x0,r10=0x0,r11=0x0,r12=0x0,r13=0x0,r14=0x0,r15=0x1
=> 0xffffffff8108661e <ksys_write+65>:	mov    %rbx,%r14
Regs: rax=0xfffffffffffffff7,rbx=0xffff888007615d80,rcx=0xffff888007615d80,rdx=0x0,rsi=0xd64740,rdi=0xffff888007615d80,rbp=0xffffc9000000bf38,rsp=0xffffc9000000bf08,r8=0x0,r9=0x0,r10=0x0,r11=0x0,r12=0x0,r13=0x0,r14=0xffff888007615d80,r15=0x1
=> 0xffffffff81086621 <ksys_write+68>:	add    $0x58,%r14
Regs: rax=0xfffffffffffffff7,rbx=0xffff888007615d80,rcx=0xffff888007615d80,rdx=0x0,rsi=0xd64740,rdi=0xffff888007615d80,rbp=0xffffc9000000bf38,rsp=0xffffc9000000bf08,r8=0x0,r9=0x0,r10=0x0,r11=0x0,r12=0x0,r13=0x0,r14=0xffff888007615dd8,r15=0x1
=> 0xffffffff81086625 <ksys_write+72>:	je     0xffffffff81086635 <ksys_write+88>
Regs: rax=0xfffffffffffffff7,rbx=0xffff888007615d80,rcx=0xffff888007615d80,rdx=0x0,rsi=0xd64740,rdi=0xffff888007615d80,rbp=0xffffc9000000bf38,rsp=0xffffc9000000bf08,r8=0x0,r9=0x0,r10=0x0,r11=0x0,r12=0x0,r13=0x0,r14=0xffff888007615dd8,r15=0x1
=> 0xffffffff81086627 <ksys_write+74>:	mov    0x58(%rbx),%rax
Regs: rax=0x0,rbx=0xffff888007615d80,rcx=0xffff888007615d80,rdx=0x0,rsi=0xd64740,rdi=0xffff888007615d80,rbp=0xffffc9000000bf38,rsp=0xffffc9000000bf08,r8=0x0,r9=0x0,r10=0x0,r11=0x0,r12=0x0,r13=0x0,r14=0xffff888007615dd8,r15=0x1
=> 0xffffffff8108662b <ksys_write+78>:	lea    0x8(%rsp),%r14
Regs: rax=0x0,rbx=0xffff888007615d80,rcx=0xffff888007615d80,rdx=0x0,rsi=0xd64740,rdi=0xffff888007615d80,rbp=0xffffc9000000bf38,rsp=0xffffc9000000bf08,r8=0x0,r9=0x0,r10=0x0,r11=0x0,r12=0x0,r13=0x0,r14=0xffffc9000000bf10,r15=0x1
=> 0xffffffff81086630 <ksys_write+83>:	mov    %rax,0x8(%rsp)
Regs: rax=0x0,rbx=0xffff888007615d80,rcx=0xffff888007615d80,rdx=0x0,rsi=0xd64740,rdi=0xffff888007615d80,rbp=0xffffc9000000bf38,rsp=0xffffc9000000bf08,r8=0x0,r9=0x0,r10=0x0,r11=0x0,r12=0x0,r13=0x0,r14=0xffffc9000000bf10,r15=0x1
=> 0xffffffff81086635 <ksys_write+88>:	mov    %r14,%rcx
Regs: rax=0x0,rbx=0xffff888007615d80,rcx=0xffffc9000000bf10,rdx=0x0,rsi=0xd64740,rdi=0xffff888007615d80,rbp=0xffffc9000000bf38,rsp=0xffffc9000000bf08,r8=0x0,r9=0x0,r10=0x0,r11=0x0,r12=0x0,r13=0x0,r14=0xffffc9000000bf10,r15=0x1
=> 0xffffffff81086638 <ksys_write+91>:	mov    %r15,%rdx
Regs: rax=0x0,rbx=0xffff888007615d80,rcx=0xffffc9000000bf10,rdx=0x1,rsi=0xd64740,rdi=0xffff888007615d80,rbp=0xffffc9000000bf38,rsp=0xffffc9000000bf08,r8=0x0,r9=0x0,r10=0x0,r11=0x0,r12=0x0,r13=0x0,r14=0xffffc9000000bf10,r15=0x1
=> 0xffffffff8108663b <ksys_write+94>:	mov    %rbx,%rdi
Regs: rax=0x0,rbx=0xffff888007615d80,rcx=0xffffc9000000bf10,rdx=0x1,rsi=0xd64740,rdi=0xffff888007615d80,rbp=0xffffc9000000bf38,rsp=0xffffc9000000bf08,r8=0x0,r9=0x0,r10=0x0,r11=0x0,r12=0x0,r13=0x0,r14=0xffffc9000000bf10,r15=0x1
=> 0xffffffff8108663e <ksys_write+97>:	call   0xffffffff810863df <vfs_write>
Regs: rax=0x0,rbx=0xffff888007615d80,rcx=0xffffc9000000bf10,rdx=0x1,rsi=0xd64740,rdi=0xffff888007615d80,rbp=0xffffc9000000bf38,rsp=0xffffc9000000bf00,r8=0x0,r9=0x0,r10=0x0,r11=0x0,r12=0x0,r13=0x0,r14=0xffffc9000000bf10,r15=0x1
=> 0xffffffff810863df <vfs_write>:	push   %r14
Regs: rax=0x0,rbx=0xffff888007615d80,rcx=0xffffc9000000bf10,rdx=0x1,rsi=0xd64740,rdi=0xffff888007615d80,rbp=0xffffc9000000bf38,rsp=0xffffc9000000bef8,r8=0x0,r9=0x0,r10=0x0,r11=0x0,r12=0x0,r13=0x0,r14=0xffffc9000000bf10,r15=0x1
=> 0xffffffff810863e1 <vfs_write+2>:	push   %r13
Regs: rax=0x0,rbx=0xffff888007615d80,rcx=0xffffc9000000bf10,rdx=0x1,rsi=0xd64740,rdi=0xffff888007615d80,rbp=0xffffc9000000bf38,rsp=0xffffc9000000bef0,r8=0x0,r9=0x0,r10=0x0,r11=0x0,r12=0x0,r13=0x0,r14=0xffffc9000000bf10,r15=0x1
=> 0xffffffff810863e3 <vfs_write+4>:	push   %r12
Regs: rax=0x0,rbx=0xffff888007615d80,rcx=0xffffc9000000bf10,rdx=0x1,rsi=0xd64740,rdi=0xffff888007615d80,rbp=0xffffc9000000bf38,rsp=0xffffc9000000bee8,r8=0x0,r9=0x0,r10=0x0,r11=0x0,r12=0x0,r13=0x0,r14=0xffffc9000000bf10,r15=0x1
=> 0xffffffff810863e5 <vfs_write+6>:	push   %rbp
Regs: rax=0x0,rbx=0xffff888007615d80,rcx=0xffffc9000000bf10,rdx=0x1,rsi=0xd64740,rdi=0xffff888007615d80,rbp=0xffffc9000000bf38,rsp=0xffffc9000000bee0,r8=0x0,r9=0x0,r10=0x0,r11=0x0,r12=0x0,r13=0x0,r14=0xffffc9000000bf10,r15=0x1
=> 0xffffffff810863e6 <vfs_write+7>:	push   %rbx
Regs: rax=0x0,rbx=0xffff888007615d80,rcx=0xffffc9000000bf10,rdx=0x1,rsi=0xd64740,rdi=0xffff888007615d80,rbp=0xffffc9000000bf38,rsp=0xffffc9000000bed8,r8=0x0,r9=0x0,r10=0x0,r11=0x0,r12=0x0,r13=0x0,r14=0xffffc9000000bf10,r15=0x1
=> 0xffffffff810863e7 <vfs_write+8>:	sub    $0x58,%rsp
Regs: rax=0x0,rbx=0xffff888007615d80,rcx=0xffffc9000000bf10,rdx=0x1,rsi=0xd64740,rdi=0xffff888007615d80,rbp=0xffffc9000000bf38,rsp=0xffffc9000000be80,r8=0x0,r9=0x0,r10=0x0,r11=0x0,r12=0x0,r13=0x0,r14=0xffffc9000000bf10,r15=0x1
=> 0xffffffff810863eb <vfs_write+12>:	mov    0x3c(%rdi),%eax
Regs: rax=0xe0003,rbx=0xffff888007615d80,rcx=0xffffc9000000bf10,rdx=0x1,rsi=0xd64740,rdi=0xffff888007615d80,rbp=0xffffc9000000bf38,rsp=0xffffc9000000be80,r8=0x0,r9=0x0,r10=0x0,r11=0x0,r12=0x0,r13=0x0,r14=0xffffc9000000bf10,r15=0x1
=> 0xffffffff810863ee <vfs_write+15>:	test   $0x2,%al
Regs: rax=0xe0003,rbx=0xffff888007615d80,rcx=0xffffc9000000bf10,rdx=0x1,rsi=0xd64740,rdi=0xffff888007615d80,rbp=0xffffc9000000bf38,rsp=0xffffc9000000be80,r8=0x0,r9=0x0,r10=0x0,r11=0x0,r12=0x0,r13=0x0,r14=0xffffc9000000bf10,r15=0x1
=> 0xffffffff810863f0 <vfs_write+17>:	je     0xffffffff8108650d <vfs_write+302>
Regs: rax=0xe0003,rbx=0xffff888007615d80,rcx=0xffffc9000000bf10,rdx=0x1,rsi=0xd64740,rdi=0xffff888007615d80,rbp=0xffffc9000000bf38,rsp=0xffffc9000000be80,r8=0x0,r9=0x0,r10=0x0,r11=0x0,r12=0x0,r13=0x0,r14=0xffffc9000000bf10,r15=0x1
=> 0xffffffff810863f6 <vfs_write+23>:	bt     $0x12,%eax
Regs: rax=0xe0003,rbx=0xffff888007615d80,rcx=0xffffc9000000bf10,rdx=0x1,rsi=0xd64740,rdi=0xffff888007615d80,rbp=0xffffc9000000bf38,rsp=0xffffc9000000be80,r8=0x0,r9=0x0,r10=0x0,r11=0x0,r12=0x0,r13=0x0,r14=0xffffc9000000bf10,r15=0x1
=> 0xffffffff810863fa <vfs_write+27>:	jae    0xffffffff81086516 <vfs_write+311>
Regs: rax=0xe0003,rbx=0xffff888007615d80,rcx=0xffffc9000000bf10,rdx=0x1,rsi=0xd64740,rdi=0xffff888007615d80,rbp=0xffffc9000000bf38,rsp=0xffffc9000000be80,r8=0x0,r9=0x0,r10=0x0,r11=0x0,r12=0x0,r13=0x0,r14=0xffffc9000000bf10,r15=0x1
=> 0xffffffff81086400 <vfs_write+33>:	mov    %rdx,%r14
Regs: rax=0xe0003,rbx=0xffff888007615d80,rcx=0xffffc9000000bf10,rdx=0x1,rsi=0xd64740,rdi=0xffff888007615d80,rbp=0xffffc9000000bf38,rsp=0xffffc9000000be80,r8=0x0,r9=0x0,r10=0x0,r11=0x0,r12=0x0,r13=0x0,r14=0x1,r15=0x1
=> 0xffffffff81086403 <vfs_write+36>:	movabs $0x7ffffffff000,%rax
Regs: rax=0x7ffffffff000,rbx=0xffff888007615d80,rcx=0xffffc9000000bf10,rdx=0x1,rsi=0xd64740,rdi=0xffff888007615d80,rbp=0xffffc9000000bf38,rsp=0xffffc9000000be80,r8=0x0,r9=0x0,r10=0x0,r11=0x0,r12=0x0,r13=0x0,r14=0x1,r15=0x1
=> 0xffffffff8108640d <vfs_write+46>:	cmp    %rdx,%rax
Regs: rax=0x7ffffffff000,rbx=0xffff888007615d80,rcx=0xffffc9000000bf10,rdx=0x1,rsi=0xd64740,rdi=0xffff888007615d80,rbp=0xffffc9000000bf38,rsp=0xffffc9000000be80,r8=0x0,r9=0x0,r10=0x0,r11=0x0,r12=0x0,r13=0x0,r14=0x1,r15=0x1
=> 0xffffffff81086410 <vfs_write+49>:	jb     0xffffffff8108651f <vfs_write+320>
Regs: rax=0x7ffffffff000,rbx=0xffff888007615d80,rcx=0xffffc9000000bf10,rdx=0x1,rsi=0xd64740,rdi=0xffff888007615d80,rbp=0xffffc9000000bf38,rsp=0xffffc9000000be80,r8=0x0,r9=0x0,r10=0x0,r11=0x0,r12=0x0,r13=0x0,r14=0x1,r15=0x1
=> 0xffffffff81086416 <vfs_write+55>:	sub    %rdx,%rax
Regs: rax=0x7fffffffefff,rbx=0xffff888007615d80,rcx=0xffffc9000000bf10,rdx=0x1,rsi=0xd64740,rdi=0xffff888007615d80,rbp=0xffffc9000000bf38,rsp=0xffffc9000000be80,r8=0x0,r9=0x0,r10=0x0,r11=0x0,r12=0x0,r13=0x0,r14=0x1,r15=0x1
=> 0xffffffff81086419 <vfs_write+58>:	mov    %rsi,%r13
Regs: rax=0x7fffffffefff,rbx=0xffff888007615d80,rcx=0xffffc9000000bf10,rdx=0x1,rsi=0xd64740,rdi=0xffff888007615d80,rbp=0xffffc9000000bf38,rsp=0xffffc9000000be80,r8=0x0,r9=0x0,r10=0x0,r11=0x0,r12=0x0,r13=0xd64740,r14=0x1,r15=0x1
=> 0xffffffff8108641c <vfs_write+61>:	cmp    %rsi,%rax
Regs: rax=0x7fffffffefff,rbx=0xffff888007615d80,rcx=0xffffc9000000bf10,rdx=0x1,rsi=0xd64740,rdi=0xffff888007615d80,rbp=0xffffc9000000bf38,rsp=0xffffc9000000be80,r8=0x0,r9=0x0,r10=0x0,r11=0x0,r12=0x0,r13=0xd64740,r14=0x1,r15=0x1
=> 0xffffffff8108641f <vfs_write+64>:	jb     0xffffffff8108651f <vfs_write+320>
Regs: rax=0x7fffffffefff,rbx=0xffff888007615d80,rcx=0xffffc9000000bf10,rdx=0x1,rsi=0xd64740,rdi=0xffff888007615d80,rbp=0xffffc9000000bf38,rsp=0xffffc9000000be80,r8=0x0,r9=0x0,r10=0x0,r11=0x0,r12=0x0,r13=0xd64740,r14=0x1,r15=0x1
=> 0xffffffff81086425 <vfs_write+70>:	mov    %rcx,%r12
Regs: rax=0x7fffffffefff,rbx=0xffff888007615d80,rcx=0xffffc9000000bf10,rdx=0x1,rsi=0xd64740,rdi=0xffff888007615d80,rbp=0xffffc9000000bf38,rsp=0xffffc9000000be80,r8=0x0,r9=0x0,r10=0x0,r11=0x0,r12=0xffffc9000000bf10,r13=0xd64740,r14=0x1,r15=0x1
=> 0xffffffff81086428 <vfs_write+73>:	mov    %rdi,%rsi
Regs: rax=0x7fffffffefff,rbx=0xffff888007615d80,rcx=0xffffc9000000bf10,rdx=0x1,rsi=0xffff888007615d80,rdi=0xffff888007615d80,rbp=0xffffc9000000bf38,rsp=0xffffc9000000be80,r8=0x0,r9=0x0,r10=0x0,r11=0x0,r12=0xffffc9000000bf10,r13=0xd64740,r14=0x1,r15=0x1
=> 0xffffffff8108642b <vfs_write+76>:	mov    %rdx,%rcx
Regs: rax=0x7fffffffefff,rbx=0xffff888007615d80,rcx=0x1,rdx=0x1,rsi=0xffff888007615d80,rdi=0xffff888007615d80,rbp=0xffffc9000000bf38,rsp=0xffffc9000000be80,r8=0x0,r9=0x0,r10=0x0,r11=0x0,r12=0xffffc9000000bf10,r13=0xd64740,r14=0x1,r15=0x1
=> 0xffffffff8108642e <vfs_write+79>:	mov    %rdi,%rbp
Regs: rax=0x7fffffffefff,rbx=0xffff888007615d80,rcx=0x1,rdx=0x1,rsi=0xffff888007615d80,rdi=0xffff888007615d80,rbp=0xffff888007615d80,rsp=0xffffc9000000be80,r8=0x0,r9=0x0,r10=0x0,r11=0x0,r12=0xffffc9000000bf10,r13=0xd64740,r14=0x1,r15=0x1
=> 0xffffffff81086431 <vfs_write+82>:	mov    %r12,%rdx
Regs: rax=0x7fffffffefff,rbx=0xffff888007615d80,rcx=0x1,rdx=0xffffc9000000bf10,rsi=0xffff888007615d80,rdi=0xffff888007615d80,rbp=0xffff888007615d80,rsp=0xffffc9000000be80,r8=0x0,r9=0x0,r10=0x0,r11=0x0,r12=0xffffc9000000bf10,r13=0xd64740,r14=0x1,r15=0x1
=> 0xffffffff81086434 <vfs_write+85>:	mov    $0x1,%edi
Regs: rax=0x7fffffffefff,rbx=0xffff888007615d80,rcx=0x1,rdx=0xffffc9000000bf10,rsi=0xffff888007615d80,rdi=0x1,rbp=0xffff888007615d80,rsp=0xffffc9000000be80,r8=0x0,r9=0x0,r10=0x0,r11=0x0,r12=0xffffc9000000bf10,r13=0xd64740,r14=0x1,r15=0x1
=> 0xffffffff81086439 <vfs_write+90>:	call   0xffffffff810858bd <rw_verify_area>
Regs: rax=0x7fffffffefff,rbx=0xffff888007615d80,rcx=0x1,rdx=0xffffc9000000bf10,rsi=0xffff888007615d80,rdi=0x1,rbp=0xffff888007615d80,rsp=0xffffc9000000be78,r8=0x0,r9=0x0,r10=0x0,r11=0x0,r12=0xffffc9000000bf10,r13=0xd64740,r14=0x1,r15=0x1
=> 0xffffffff810858bd <rw_verify_area>:	mov    $0xffffffea,%eax
Regs: rax=0xffffffea,rbx=0xffff888007615d80,rcx=0x1,rdx=0xffffc9000000bf10,rsi=0xffff888007615d80,rdi=0x1,rbp=0xffff888007615d80,rsp=0xffffc9000000be78,r8=0x0,r9=0x0,r10=0x0,r11=0x0,r12=0xffffc9000000bf10,r13=0xd64740,r14=0x1,r15=0x1
=> 0xffffffff810858c2 <rw_verify_area+5>:	test   %rcx,%rcx
Regs: rax=0xffffffea,rbx=0xffff888007615d80,rcx=0x1,rdx=0xffffc9000000bf10,rsi=0xffff888007615d80,rdi=0x1,rbp=0xffff888007615d80,rsp=0xffffc9000000be78,r8=0x0,r9=0x0,r10=0x0,r11=0x0,r12=0xffffc9000000bf10,r13=0xd64740,r14=0x1,r15=0x1
=> 0xffffffff810858c5 <rw_verify_area+8>:	js     0xffffffff81085906 <rw_verify_area+73>
Regs: rax=0xffffffea,rbx=0xffff888007615d80,rcx=0x1,rdx=0xffffc9000000bf10,rsi=0xffff888007615d80,rdi=0x1,rbp=0xffff888007615d80,rsp=0xffffc9000000be78,r8=0x0,r9=0x0,r10=0x0,r11=0x0,r12=0xffffc9000000bf10,r13=0xd64740,r14=0x1,r15=0x1
=> 0xffffffff810858c7 <rw_verify_area+10>:	xor    %eax,%eax
Regs: rax=0x0,rbx=0xffff888007615d80,rcx=0x1,rdx=0xffffc9000000bf10,rsi=0xffff888007615d80,rdi=0x1,rbp=0xffff888007615d80,rsp=0xffffc9000000be78,r8=0x0,r9=0x0,r10=0x0,r11=0x0,r12=0xffffc9000000bf10,r13=0xd64740,r14=0x1,r15=0x1
=> 0xffffffff810858c9 <rw_verify_area+12>:	test   %rdx,%rdx
Regs: rax=0x0,rbx=0xffff888007615d80,rcx=0x1,rdx=0xffffc9000000bf10,rsi=0xffff888007615d80,rdi=0x1,rbp=0xffff888007615d80,rsp=0xffffc9000000be78,r8=0x0,r9=0x0,r10=0x0,r11=0x0,r12=0xffffc9000000bf10,r13=0xd64740,r14=0x1,r15=0x1
=> 0xffffffff810858cc <rw_verify_area+15>:	je     0xffffffff81085906 <rw_verify_area+73>
Regs: rax=0x0,rbx=0xffff888007615d80,rcx=0x1,rdx=0xffffc9000000bf10,rsi=0xffff888007615d80,rdi=0x1,rbp=0xffff888007615d80,rsp=0xffffc9000000be78,r8=0x0,r9=0x0,r10=0x0,r11=0x0,r12=0xffffc9000000bf10,r13=0xd64740,r14=0x1,r15=0x1
=> 0xffffffff810858ce <rw_verify_area+17>:	mov    (%rdx),%rdx
Regs: rax=0x0,rbx=0xffff888007615d80,rcx=0x1,rdx=0x0,rsi=0xffff888007615d80,rdi=0x1,rbp=0xffff888007615d80,rsp=0xffffc9000000be78,r8=0x0,r9=0x0,r10=0x0,r11=0x0,r12=0xffffc9000000bf10,r13=0xd64740,r14=0x1,r15=0x1
=> 0xffffffff810858d1 <rw_verify_area+20>:	test   %rdx,%rdx
Regs: rax=0x0,rbx=0xffff888007615d80,rcx=0x1,rdx=0x0,rsi=0xffff888007615d80,rdi=0x1,rbp=0xffff888007615d80,rsp=0xffffc9000000be78,r8=0x0,r9=0x0,r10=0x0,r11=0x0,r12=0xffffc9000000bf10,r13=0xd64740,r14=0x1,r15=0x1
=> 0xffffffff810858d4 <rw_verify_area+23>:	jns    0xffffffff810858ef <rw_verify_area+50>
Regs: rax=0x0,rbx=0xffff888007615d80,rcx=0x1,rdx=0x0,rsi=0xffff888007615d80,rdi=0x1,rbp=0xffff888007615d80,rsp=0xffffc9000000be78,r8=0x0,r9=0x0,r10=0x0,r11=0x0,r12=0xffffc9000000bf10,r13=0xd64740,r14=0x1,r15=0x1
=> 0xffffffff810858ef <rw_verify_area+50>:	xor    %eax,%eax
Regs: rax=0x0,rbx=0xffff888007615d80,rcx=0x1,rdx=0x0,rsi=0xffff888007615d80,rdi=0x1,rbp=0xffff888007615d80,rsp=0xffffc9000000be78,r8=0x0,r9=0x0,r10=0x0,r11=0x0,r12=0xffffc9000000bf10,r13=0xd64740,r14=0x1,r15=0x1
=> 0xffffffff810858f1 <rw_verify_area+52>:	add    %rcx,%rdx
Regs: rax=0x0,rbx=0xffff888007615d80,rcx=0x1,rdx=0x1,rsi=0xffff888007615d80,rdi=0x1,rbp=0xffff888007615d80,rsp=0xffffc9000000be78,r8=0x0,r9=0x0,r10=0x0,r11=0x0,r12=0xffffc9000000bf10,r13=0xd64740,r14=0x1,r15=0x1
=> 0xffffffff810858f4 <rw_verify_area+55>:	jns    0xffffffff81085906 <rw_verify_area+73>
Regs: rax=0x0,rbx=0xffff888007615d80,rcx=0x1,rdx=0x1,rsi=0xffff888007615d80,rdi=0x1,rbp=0xffff888007615d80,rsp=0xffffc9000000be78,r8=0x0,r9=0x0,r10=0x0,r11=0x0,r12=0xffffc9000000bf10,r13=0xd64740,r14=0x1,r15=0x1
=> 0xffffffff81085906 <rw_verify_area+73>:	ret    
Regs: rax=0x0,rbx=0xffff888007615d80,rcx=0x1,rdx=0x1,rsi=0xffff888007615d80,rdi=0x1,rbp=0xffff888007615d80,rsp=0xffffc9000000be80,r8=0x0,r9=0x0,r10=0x0,r11=0x0,r12=0xffffc9000000bf10,r13=0xd64740,r14=0x1,r15=0x1
=> 0xffffffff8108643e <vfs_write+95>:	movslq %eax,%rbx
Regs: rax=0x0,rbx=0x0,rcx=0x1,rdx=0x1,rsi=0xffff888007615d80,rdi=0x1,rbp=0xffff888007615d80,rsp=0xffffc9000000be80,r8=0x0,r9=0x0,r10=0x0,r11=0x0,r12=0xffffc9000000bf10,r13=0xd64740,r14=0x1,r15=0x1
=> 0xffffffff81086441 <vfs_write+98>:	test   %rbx,%rbx
Regs: rax=0x0,rbx=0x0,rcx=0x1,rdx=0x1,rsi=0xffff888007615d80,rdi=0x1,rbp=0xffff888007615d80,rsp=0xffffc9000000be80,r8=0x0,r9=0x0,r10=0x0,r11=0x0,r12=0xffffc9000000bf10,r13=0xd64740,r14=0x1,r15=0x1
=> 0xffffffff81086444 <vfs_write+101>:	jne    0xffffffff81086526 <vfs_write+327>
Regs: rax=0x0,rbx=0x0,rcx=0x1,rdx=0x1,rsi=0xffff888007615d80,rdi=0x1,rbp=0xffff888007615d80,rsp=0xffffc9000000be80,r8=0x0,r9=0x0,r10=0x0,r11=0x0,r12=0xffffc9000000bf10,r13=0xd64740,r14=0x1,r15=0x1
=> 0xffffffff8108644a <vfs_write+107>:	mov    $0x7ffff000,%eax
Regs: rax=0x7ffff000,rbx=0x0,rcx=0x1,rdx=0x1,rsi=0xffff888007615d80,rdi=0x1,rbp=0xffff888007615d80,rsp=0xffffc9000000be80,r8=0x0,r9=0x0,r10=0x0,r11=0x0,r12=0xffffc9000000bf10,r13=0xd64740,r14=0x1,r15=0x1
=> 0xffffffff8108644f <vfs_write+112>:	mov    0x20(%rbp),%rdi
Regs: rax=0x7ffff000,rbx=0x0,rcx=0x1,rdx=0x1,rsi=0xffff888007615d80,rdi=0xffff8880001e27a0,rbp=0xffff888007615d80,rsp=0xffffc9000000be80,r8=0x0,r9=0x0,r10=0x0,r11=0x0,r12=0xffffc9000000bf10,r13=0xd64740,r14=0x1,r15=0x1
=> 0xffffffff81086453 <vfs_write+116>:	cmp    %rax,%r14
Regs: rax=0x7ffff000,rbx=0x0,rcx=0x1,rdx=0x1,rsi=0xffff888007615d80,rdi=0xffff8880001e27a0,rbp=0xffff888007615d80,rsp=0xffffc9000000be80,r8=0x0,r9=0x0,r10=0x0,r11=0x0,r12=0xffffc9000000bf10,r13=0xd64740,r14=0x1,r15=0x1
=> 0xffffffff81086456 <vfs_write+119>:	cmova  %rax,%r14
Regs: rax=0x7ffff000,rbx=0x0,rcx=0x1,rdx=0x1,rsi=0xffff888007615d80,rdi=0xffff8880001e27a0,rbp=0xffff888007615d80,rsp=0xffffc9000000be80,r8=0x0,r9=0x0,r10=0x0,r11=0x0,r12=0xffffc9000000bf10,r13=0xd64740,r14=0x1,r15=0x1
=> 0xffffffff8108645a <vfs_write+123>:	call   0xffffffff81085591 <file_start_write>
Regs: rax=0x7ffff000,rbx=0x0,rcx=0x1,rdx=0x1,rsi=0xffff888007615d80,rdi=0xffff8880001e27a0,rbp=0xffff888007615d80,rsp=0xffffc9000000be78,r8=0x0,r9=0x0,r10=0x0,r11=0x0,r12=0xffffc9000000bf10,r13=0xd64740,r14=0x1,r15=0x1
=> 0xffffffff81085591 <file_start_write>:	mov    (%rdi),%eax
Regs: rax=0x52180,rbx=0x0,rcx=0x1,rdx=0x1,rsi=0xffff888007615d80,rdi=0xffff8880001e27a0,rbp=0xffff888007615d80,rsp=0xffffc9000000be78,r8=0x0,r9=0x0,r10=0x0,r11=0x0,r12=0xffffc9000000bf10,r13=0xd64740,r14=0x1,r15=0x1
=> 0xffffffff81085593 <file_start_write+2>:	and    $0xf000,%ax
Regs: rax=0x52000,rbx=0x0,rcx=0x1,rdx=0x1,rsi=0xffff888007615d80,rdi=0xffff8880001e27a0,rbp=0xffff888007615d80,rsp=0xffffc9000000be78,r8=0x0,r9=0x0,r10=0x0,r11=0x0,r12=0xffffc9000000bf10,r13=0xd64740,r14=0x1,r15=0x1
=> 0xffffffff81085597 <file_start_write+6>:	cmp    $0x8000,%ax
Regs: rax=0x52000,rbx=0x0,rcx=0x1,rdx=0x1,rsi=0xffff888007615d80,rdi=0xffff8880001e27a0,rbp=0xffff888007615d80,rsp=0xffffc9000000be78,r8=0x0,r9=0x0,r10=0x0,r11=0x0,r12=0xffffc9000000bf10,r13=0xd64740,r14=0x1,r15=0x1
=> 0xffffffff8108559b <file_start_write+10>:	jne    0xffffffff810855c4 <file_start_write+51>
Regs: rax=0x52000,rbx=0x0,rcx=0x1,rdx=0x1,rsi=0xffff888007615d80,rdi=0xffff8880001e27a0,rbp=0xffff888007615d80,rsp=0xffffc9000000be78,r8=0x0,r9=0x0,r10=0x0,r11=0x0,r12=0xffffc9000000bf10,r13=0xd64740,r14=0x1,r15=0x1
=> 0xffffffff810855c4 <file_start_write+51>:	ret    
Regs: rax=0x52000,rbx=0x0,rcx=0x1,rdx=0x1,rsi=0xffff888007615d80,rdi=0xffff8880001e27a0,rbp=0xffff888007615d80,rsp=0xffffc9000000be80,r8=0x0,r9=0x0,r10=0x0,r11=0x0,r12=0xffffc9000000bf10,r13=0xd64740,r14=0x1,r15=0x1
=> 0xffffffff8108645f <vfs_write+128>:	mov    0x28(%rbp),%r9
Regs: rax=0x52000,rbx=0x0,rcx=0x1,rdx=0x1,rsi=0xffff888007615d80,rdi=0xffff8880001e27a0,rbp=0xffff888007615d80,rsp=0xffffc9000000be80,r8=0x0,r9=0xffffffff816127a0,r10=0x0,r11=0x0,r12=0xffffc9000000bf10,r13=0xd64740,r14=0x1,r15=0x1
=> 0xffffffff81086463 <vfs_write+132>:	mov    0x18(%r9),%rax
Regs: rax=0x0,rbx=0x0,rcx=0x1,rdx=0x1,rsi=0xffff888007615d80,rdi=0xffff8880001e27a0,rbp=0xffff888007615d80,rsp=0xffffc9000000be80,r8=0x0,r9=0xffffffff816127a0,r10=0x0,r11=0x0,r12=0xffffc9000000bf10,r13=0xd64740,r14=0x1,r15=0x1
=> 0xffffffff81086467 <vfs_write+136>:	test   %rax,%rax
Regs: rax=0x0,rbx=0x0,rcx=0x1,rdx=0x1,rsi=0xffff888007615d80,rdi=0xffff8880001e27a0,rbp=0xffff888007615d80,rsp=0xffffc9000000be80,r8=0x0,r9=0xffffffff816127a0,r10=0x0,r11=0x0,r12=0xffffc9000000bf10,r13=0xd64740,r14=0x1,r15=0x1
=> 0xffffffff8108646a <vfs_write+139>:	je     0xffffffff8108647f <vfs_write+160>
Regs: rax=0x0,rbx=0x0,rcx=0x1,rdx=0x1,rsi=0xffff888007615d80,rdi=0xffff8880001e27a0,rbp=0xffff888007615d80,rsp=0xffffc9000000be80,r8=0x0,r9=0xffffffff816127a0,r10=0x0,r11=0x0,r12=0xffffc9000000bf10,r13=0xd64740,r14=0x1,r15=0x1
=> 0xffffffff8108647f <vfs_write+160>:	cmpq   $0x0,0x28(%r9)
Regs: rax=0x0,rbx=0x0,rcx=0x1,rdx=0x1,rsi=0xffff888007615d80,rdi=0xffff8880001e27a0,rbp=0xffff888007615d80,rsp=0xffffc9000000be80,r8=0x0,r9=0xffffffff816127a0,r10=0x0,r11=0x0,r12=0xffffc9000000bf10,r13=0xd64740,r14=0x1,r15=0x1
=> 0xffffffff81086484 <vfs_write+165>:	je     0xffffffff810864fb <vfs_write+284>
Regs: rax=0x0,rbx=0x0,rcx=0x1,rdx=0x1,rsi=0xffff888007615d80,rdi=0xffff8880001e27a0,rbp=0xffff888007615d80,rsp=0xffffc9000000be80,r8=0x0,r9=0xffffffff816127a0,r10=0x0,r11=0x0,r12=0xffffc9000000bf10,r13=0xd64740,r14=0x1,r15=0x1
=> 0xffffffff81086486 <vfs_write+167>:	mov    %rbp,%rsi
Regs: rax=0x0,rbx=0x0,rcx=0x1,rdx=0x1,rsi=0xffff888007615d80,rdi=0xffff8880001e27a0,rbp=0xffff888007615d80,rsp=0xffffc9000000be80,r8=0x0,r9=0xffffffff816127a0,r10=0x0,r11=0x0,r12=0xffffc9000000bf10,r13=0xd64740,r14=0x1,r15=0x1
=> 0xffffffff81086489 <vfs_write+170>:	lea    0x28(%rsp),%rdi
Regs: rax=0x0,rbx=0x0,rcx=0x1,rdx=0x1,rsi=0xffff888007615d80,rdi=0xffffc9000000bea8,rbp=0xffff888007615d80,rsp=0xffffc9000000be80,r8=0x0,r9=0xffffffff816127a0,r10=0x0,r11=0x0,r12=0xffffc9000000bf10,r13=0xd64740,r14=0x1,r15=0x1
=> 0xffffffff8108648e <vfs_write+175>:	call   0xffffffff81085418 <init_sync_kiocb>
Regs: rax=0x0,rbx=0x0,rcx=0x1,rdx=0x1,rsi=0xffff888007615d80,rdi=0xffffc9000000bea8,rbp=0xffff888007615d80,rsp=0xffffc9000000be78,r8=0x0,r9=0xffffffff816127a0,r10=0x0,r11=0x0,r12=0xffffc9000000bf10,r13=0xd64740,r14=0x1,r15=0x1
=> 0xffffffff81085418 <init_sync_kiocb>:	mov    (%rsi),%r8d
Regs: rax=0x0,rbx=0x0,rcx=0x1,rdx=0x1,rsi=0xffff888007615d80,rdi=0xffffc9000000bea8,rbp=0xffff888007615d80,rsp=0xffffc9000000be78,r8=0x0,r9=0xffffffff816127a0,r10=0x0,r11=0x0,r12=0xffffc9000000bf10,r13=0xd64740,r14=0x1,r15=0x1
=> 0xffffffff8108541b <init_sync_kiocb+3>:	mov    %rdi,%rdx
Regs: rax=0x0,rbx=0x0,rcx=0x1,rdx=0xffffc9000000bea8,rsi=0xffff888007615d80,rdi=0xffffc9000000bea8,rbp=0xffff888007615d80,rsp=0xffffc9000000be78,r8=0x0,r9=0xffffffff816127a0,r10=0x0,r11=0x0,r12=0xffffc9000000bf10,r13=0xd64740,r14=0x1,r15=0x1
=> 0xffffffff8108541e <init_sync_kiocb+6>:	mov    $0xc,%ecx
Regs: rax=0x0,rbx=0x0,rcx=0xc,rdx=0xffffc9000000bea8,rsi=0xffff888007615d80,rdi=0xffffc9000000bea8,rbp=0xffff888007615d80,rsp=0xffffc9000000be78,r8=0x0,r9=0xffffffff816127a0,r10=0x0,r11=0x0,r12=0xffffc9000000bf10,r13=0xd64740,r14=0x1,r15=0x1
=> 0xffffffff81085423 <init_sync_kiocb+11>:	xor    %eax,%eax
Regs: rax=0x0,rbx=0x0,rcx=0xc,rdx=0xffffc9000000bea8,rsi=0xffff888007615d80,rdi=0xffffc9000000bea8,rbp=0xffff888007615d80,rsp=0xffffc9000000be78,r8=0x0,r9=0xffffffff816127a0,r10=0x0,r11=0x0,r12=0xffffc9000000bf10,r13=0xd64740,r14=0x1,r15=0x1
=> 0xffffffff81085425 <init_sync_kiocb+13>:	rep stos %eax,%es:(%rdi)
Regs: rax=0x0,rbx=0x0,rcx=0xb,rdx=0xffffc9000000bea8,rsi=0xffff888007615d80,rdi=0xffffc9000000beac,rbp=0xffff888007615d80,rsp=0xffffc9000000be78,r8=0x0,r9=0xffffffff816127a0,r10=0x0,r11=0x0,r12=0xffffc9000000bf10,r13=0xd64740,r14=0x1,r15=0x1
=> 0xffffffff81085425 <init_sync_kiocb+13>:	rep stos %eax,%es:(%rdi)
Regs: rax=0x0,rbx=0x0,rcx=0xa,rdx=0xffffc9000000bea8,rsi=0xffff888007615d80,rdi=0xffffc9000000beb0,rbp=0xffff888007615d80,rsp=0xffffc9000000be78,r8=0x0,r9=0xffffffff816127a0,r10=0x0,r11=0x0,r12=0xffffc9000000bf10,r13=0xd64740,r14=0x1,r15=0x1
=> 0xffffffff81085425 <init_sync_kiocb+13>:	rep stos %eax,%es:(%rdi)
Regs: rax=0x0,rbx=0x0,rcx=0x9,rdx=0xffffc9000000bea8,rsi=0xffff888007615d80,rdi=0xffffc9000000beb4,rbp=0xffff888007615d80,rsp=0xffffc9000000be78,r8=0x0,r9=0xffffffff816127a0,r10=0x0,r11=0x0,r12=0xffffc9000000bf10,r13=0xd64740,r14=0x1,r15=0x1
=> 0xffffffff81085425 <init_sync_kiocb+13>:	rep stos %eax,%es:(%rdi)
Regs: rax=0x0,rbx=0x0,rcx=0x8,rdx=0xffffc9000000bea8,rsi=0xffff888007615d80,rdi=0xffffc9000000beb8,rbp=0xffff888007615d80,rsp=0xffffc9000000be78,r8=0x0,r9=0xffffffff816127a0,r10=0x0,r11=0x0,r12=0xffffc9000000bf10,r13=0xd64740,r14=0x1,r15=0x1
=> 0xffffffff81085425 <init_sync_kiocb+13>:	rep stos %eax,%es:(%rdi)
Regs: rax=0x0,rbx=0x0,rcx=0x7,rdx=0xffffc9000000bea8,rsi=0xffff888007615d80,rdi=0xffffc9000000bebc,rbp=0xffff888007615d80,rsp=0xffffc9000000be78,r8=0x0,r9=0xffffffff816127a0,r10=0x0,r11=0x0,r12=0xffffc9000000bf10,r13=0xd64740,r14=0x1,r15=0x1
=> 0xffffffff81085425 <init_sync_kiocb+13>:	rep stos %eax,%es:(%rdi)
Regs: rax=0x0,rbx=0x0,rcx=0x6,rdx=0xffffc9000000bea8,rsi=0xffff888007615d80,rdi=0xffffc9000000bec0,rbp=0xffff888007615d80,rsp=0xffffc9000000be78,r8=0x0,r9=0xffffffff816127a0,r10=0x0,r11=0x0,r12=0xffffc9000000bf10,r13=0xd64740,r14=0x1,r15=0x1
=> 0xffffffff81085425 <init_sync_kiocb+13>:	rep stos %eax,%es:(%rdi)
Regs: rax=0x0,rbx=0x0,rcx=0x5,rdx=0xffffc9000000bea8,rsi=0xffff888007615d80,rdi=0xffffc9000000bec4,rbp=0xffff888007615d80,rsp=0xffffc9000000be78,r8=0x0,r9=0xffffffff816127a0,r10=0x0,r11=0x0,r12=0xffffc9000000bf10,r13=0xd64740,r14=0x1,r15=0x1
=> 0xffffffff81085425 <init_sync_kiocb+13>:	rep stos %eax,%es:(%rdi)
Regs: rax=0x0,rbx=0x0,rcx=0x4,rdx=0xffffc9000000bea8,rsi=0xffff888007615d80,rdi=0xffffc9000000bec8,rbp=0xffff888007615d80,rsp=0xffffc9000000be78,r8=0x0,r9=0xffffffff816127a0,r10=0x0,r11=0x0,r12=0xffffc9000000bf10,r13=0xd64740,r14=0x1,r15=0x1
=> 0xffffffff81085425 <init_sync_kiocb+13>:	rep stos %eax,%es:(%rdi)
Regs: rax=0x0,rbx=0x0,rcx=0x3,rdx=0xffffc9000000bea8,rsi=0xffff888007615d80,rdi=0xffffc9000000becc,rbp=0xffff888007615d80,rsp=0xffffc9000000be78,r8=0x0,r9=0xffffffff816127a0,r10=0x0,r11=0x0,r12=0xffffc9000000bf10,r13=0xd64740,r14=0x1,r15=0x1
=> 0xffffffff81085425 <init_sync_kiocb+13>:	rep stos %eax,%es:(%rdi)
Regs: rax=0x0,rbx=0x0,rcx=0x2,rdx=0xffffc9000000bea8,rsi=0xffff888007615d80,rdi=0xffffc9000000bed0,rbp=0xffff888007615d80,rsp=0xffffc9000000be78,r8=0x0,r9=0xffffffff816127a0,r10=0x0,r11=0x0,r12=0xffffc9000000bf10,r13=0xd64740,r14=0x1,r15=0x1
=> 0xffffffff81085425 <init_sync_kiocb+13>:	rep stos %eax,%es:(%rdi)
Regs: rax=0x0,rbx=0x0,rcx=0x1,rdx=0xffffc9000000bea8,rsi=0xffff888007615d80,rdi=0xffffc9000000bed4,rbp=0xffff888007615d80,rsp=0xffffc9000000be78,r8=0x0,r9=0xffffffff816127a0,r10=0x0,r11=0x0,r12=0xffffc9000000bf10,r13=0xd64740,r14=0x1,r15=0x1
=> 0xffffffff81085425 <init_sync_kiocb+13>:	rep stos %eax,%es:(%rdi)
Regs: rax=0x0,rbx=0x0,rcx=0x0,rdx=0xffffc9000000bea8,rsi=0xffff888007615d80,rdi=0xffffc9000000bed8,rbp=0xffff888007615d80,rsp=0xffffc9000000be78,r8=0x0,r9=0xffffffff816127a0,r10=0x0,r11=0x0,r12=0xffffc9000000bf10,r13=0xd64740,r14=0x1,r15=0x1
=> 0xffffffff81085427 <init_sync_kiocb+15>:	mov    %rsi,(%rdx)
Regs: rax=0x0,rbx=0x0,rcx=0x0,rdx=0xffffc9000000bea8,rsi=0xffff888007615d80,rdi=0xffffc9000000bed8,rbp=0xffff888007615d80,rsp=0xffffc9000000be78,r8=0x0,r9=0xffffffff816127a0,r10=0x0,r11=0x0,r12=0xffffc9000000bf10,r13=0xd64740,r14=0x1,r15=0x1
=> 0xffffffff8108542a <init_sync_kiocb+18>:	mov    %r8d,0x20(%rdx)
Regs: rax=0x0,rbx=0x0,rcx=0x0,rdx=0xffffc9000000bea8,rsi=0xffff888007615d80,rdi=0xffffc9000000bed8,rbp=0xffff888007615d80,rsp=0xffffc9000000be78,r8=0x0,r9=0xffffffff816127a0,r10=0x0,r11=0x0,r12=0xffffc9000000bf10,r13=0xd64740,r14=0x1,r15=0x1
=> 0xffffffff8108542e <init_sync_kiocb+22>:	ret    
Regs: rax=0x0,rbx=0x0,rcx=0x0,rdx=0xffffc9000000bea8,rsi=0xffff888007615d80,rdi=0xffffc9000000bed8,rbp=0xffff888007615d80,rsp=0xffffc9000000be80,r8=0x0,r9=0xffffffff816127a0,r10=0x0,r11=0x0,r12=0xffffc9000000bf10,r13=0xd64740,r14=0x1,r15=0x1
=> 0xffffffff81086493 <vfs_write+180>:	test   %r12,%r12
Regs: rax=0x0,rbx=0x0,rcx=0x0,rdx=0xffffc9000000bea8,rsi=0xffff888007615d80,rdi=0xffffc9000000bed8,rbp=0xffff888007615d80,rsp=0xffffc9000000be80,r8=0x0,r9=0xffffffff816127a0,r10=0x0,r11=0x0,r12=0xffffc9000000bf10,r13=0xd64740,r14=0x1,r15=0x1
=> 0xffffffff81086496 <vfs_write+183>:	je     0xffffffff8108649c <vfs_write+189>
Regs: rax=0x0,rbx=0x0,rcx=0x0,rdx=0xffffc9000000bea8,rsi=0xffff888007615d80,rdi=0xffffc9000000bed8,rbp=0xffff888007615d80,rsp=0xffffc9000000be80,r8=0x0,r9=0xffffffff816127a0,r10=0x0,r11=0x0,r12=0xffffc9000000bf10,r13=0xd64740,r14=0x1,r15=0x1
=> 0xffffffff81086498 <vfs_write+185>:	mov    (%r12),%rbx
Regs: rax=0x0,rbx=0x0,rcx=0x0,rdx=0xffffc9000000bea8,rsi=0xffff888007615d80,rdi=0xffffc9000000bed8,rbp=0xffff888007615d80,rsp=0xffffc9000000be80,r8=0x0,r9=0xffffffff816127a0,r10=0x0,r11=0x0,r12=0xffffc9000000bf10,r13=0xd64740,r14=0x1,r15=0x1
=> 0xffffffff8108649c <vfs_write+189>:	mov    %rsp,%rdi
Regs: rax=0x0,rbx=0x0,rcx=0x0,rdx=0xffffc9000000bea8,rsi=0xffff888007615d80,rdi=0xffffc9000000be80,rbp=0xffff888007615d80,rsp=0xffffc9000000be80,r8=0x0,r9=0xffffffff816127a0,r10=0x0,r11=0x0,r12=0xffffc9000000bf10,r13=0xd64740,r14=0x1,r15=0x1
=> 0xffffffff8108649f <vfs_write+192>:	xor    %eax,%eax
Regs: rax=0x0,rbx=0x0,rcx=0x0,rdx=0xffffc9000000bea8,rsi=0xffff888007615d80,rdi=0xffffc9000000be80,rbp=0xffff888007615d80,rsp=0xffffc9000000be80,r8=0x0,r9=0xffffffff816127a0,r10=0x0,r11=0x0,r12=0xffffc9000000bf10,r13=0xd64740,r14=0x1,r15=0x1
=> 0xffffffff810864a1 <vfs_write+194>:	mov    $0xa,%ecx
Regs: rax=0x0,rbx=0x0,rcx=0xa,rdx=0xffffc9000000bea8,rsi=0xffff888007615d80,rdi=0xffffc9000000be80,rbp=0xffff888007615d80,rsp=0xffffc9000000be80,r8=0x0,r9=0xffffffff816127a0,r10=0x0,r11=0x0,r12=0xffffc9000000bf10,r13=0xd64740,r14=0x1,r15=0x1
=> 0xffffffff810864a6 <vfs_write+199>:	mov    %rbx,0x30(%rsp)
Regs: rax=0x0,rbx=0x0,rcx=0xa,rdx=0xffffc9000000bea8,rsi=0xffff888007615d80,rdi=0xffffc9000000be80,rbp=0xffff888007615d80,rsp=0xffffc9000000be80,r8=0x0,r9=0xffffffff816127a0,r10=0x0,r11=0x0,r12=0xffffc9000000bf10,r13=0xd64740,r14=0x1,r15=0x1
=> 0xffffffff810864ab <vfs_write+204>:	rep stos %eax,%es:(%rdi)
Regs: rax=0x0,rbx=0x0,rcx=0x9,rdx=0xffffc9000000bea8,rsi=0xffff888007615d80,rdi=0xffffc9000000be84,rbp=0xffff888007615d80,rsp=0xffffc9000000be80,r8=0x0,r9=0xffffffff816127a0,r10=0x0,r11=0x0,r12=0xffffc9000000bf10,r13=0xd64740,r14=0x1,r15=0x1
=> 0xffffffff810864ab <vfs_write+204>:	rep stos %eax,%es:(%rdi)
Regs: rax=0x0,rbx=0x0,rcx=0x8,rdx=0xffffc9000000bea8,rsi=0xffff888007615d80,rdi=0xffffc9000000be88,rbp=0xffff888007615d80,rsp=0xffffc9000000be80,r8=0x0,r9=0xffffffff816127a0,r10=0x0,r11=0x0,r12=0xffffc9000000bf10,r13=0xd64740,r14=0x1,r15=0x1
=> 0xffffffff810864ab <vfs_write+204>:	rep stos %eax,%es:(%rdi)
Regs: rax=0x0,rbx=0x0,rcx=0x7,rdx=0xffffc9000000bea8,rsi=0xffff888007615d80,rdi=0xffffc9000000be8c,rbp=0xffff888007615d80,rsp=0xffffc9000000be80,r8=0x0,r9=0xffffffff816127a0,r10=0x0,r11=0x0,r12=0xffffc9000000bf10,r13=0xd64740,r14=0x1,r15=0x1
=> 0xffffffff810864ab <vfs_write+204>:	rep stos %eax,%es:(%rdi)
Regs: rax=0x0,rbx=0x0,rcx=0x6,rdx=0xffffc9000000bea8,rsi=0xffff888007615d80,rdi=0xffffc9000000be90,rbp=0xffff888007615d80,rsp=0xffffc9000000be80,r8=0x0,r9=0xffffffff816127a0,r10=0x0,r11=0x0,r12=0xffffc9000000bf10,r13=0xd64740,r14=0x1,r15=0x1
=> 0xffffffff810864ab <vfs_write+204>:	rep stos %eax,%es:(%rdi)
Regs: rax=0x0,rbx=0x0,rcx=0x5,rdx=0xffffc9000000bea8,rsi=0xffff888007615d80,rdi=0xffffc9000000be94,rbp=0xffff888007615d80,rsp=0xffffc9000000be80,r8=0x0,r9=0xffffffff816127a0,r10=0x0,r11=0x0,r12=0xffffc9000000bf10,r13=0xd64740,r14=0x1,r15=0x1
=> 0xffffffff810864ab <vfs_write+204>:	rep stos %eax,%es:(%rdi)
Regs: rax=0x0,rbx=0x0,rcx=0x4,rdx=0xffffc9000000bea8,rsi=0xffff888007615d80,rdi=0xffffc9000000be98,rbp=0xffff888007615d80,rsp=0xffffc9000000be80,r8=0x0,r9=0xffffffff816127a0,r10=0x0,r11=0x0,r12=0xffffc9000000bf10,r13=0xd64740,r14=0x1,r15=0x1
=> 0xffffffff810864ab <vfs_write+204>:	rep stos %eax,%es:(%rdi)
Regs: rax=0x0,rbx=0x0,rcx=0x3,rdx=0xffffc9000000bea8,rsi=0xffff888007615d80,rdi=0xffffc9000000be9c,rbp=0xffff888007615d80,rsp=0xffffc9000000be80,r8=0x0,r9=0xffffffff816127a0,r10=0x0,r11=0x0,r12=0xffffc9000000bf10,r13=0xd64740,r14=0x1,r15=0x1
=> 0xffffffff810864ab <vfs_write+204>:	rep stos %eax,%es:(%rdi)
Regs: rax=0x0,rbx=0x0,rcx=0x2,rdx=0xffffc9000000bea8,rsi=0xffff888007615d80,rdi=0xffffc9000000bea0,rbp=0xffff888007615d80,rsp=0xffffc9000000be80,r8=0x0,r9=0xffffffff816127a0,r10=0x0,r11=0x0,r12=0xffffc9000000bf10,r13=0xd64740,r14=0x1,r15=0x1
=> 0xffffffff810864ab <vfs_write+204>:	rep stos %eax,%es:(%rdi)
Regs: rax=0x0,rbx=0x0,rcx=0x1,rdx=0xffffc9000000bea8,rsi=0xffff888007615d80,rdi=0xffffc9000000bea4,rbp=0xffff888007615d80,rsp=0xffffc9000000be80,r8=0x0,r9=0xffffffff816127a0,r10=0x0,r11=0x0,r12=0xffffc9000000bf10,r13=0xd64740,r14=0x1,r15=0x1
=> 0xffffffff810864ab <vfs_write+204>:	rep stos %eax,%es:(%rdi)
Regs: rax=0x0,rbx=0x0,rcx=0x0,rdx=0xffffc9000000bea8,rsi=0xffff888007615d80,rdi=0xffffc9000000bea8,rbp=0xffff888007615d80,rsp=0xffffc9000000be80,r8=0x0,r9=0xffffffff816127a0,r10=0x0,r11=0x0,r12=0xffffc9000000bf10,r13=0xd64740,r14=0x1,r15=0x1
=> 0xffffffff810864ad <vfs_write+206>:	mov    %rsp,%rsi
Regs: rax=0x0,rbx=0x0,rcx=0x0,rdx=0xffffc9000000bea8,rsi=0xffffc9000000be80,rdi=0xffffc9000000bea8,rbp=0xffff888007615d80,rsp=0xffffc9000000be80,r8=0x0,r9=0xffffffff816127a0,r10=0x0,r11=0x0,r12=0xffffc9000000bf10,r13=0xd64740,r14=0x1,r15=0x1
=> 0xffffffff810864b0 <vfs_write+209>:	mov    %r14,0x10(%rsp)
Regs: rax=0x0,rbx=0x0,rcx=0x0,rdx=0xffffc9000000bea8,rsi=0xffffc9000000be80,rdi=0xffffc9000000bea8,rbp=0xffff888007615d80,rsp=0xffffc9000000be80,r8=0x0,r9=0xffffffff816127a0,r10=0x0,r11=0x0,r12=0xffffc9000000bf10,r13=0xd64740,r14=0x1,r15=0x1
=> 0xffffffff810864b5 <vfs_write+214>:	lea    0x28(%rsp),%rdi
Regs: rax=0x0,rbx=0x0,rcx=0x0,rdx=0xffffc9000000bea8,rsi=0xffffc9000000be80,rdi=0xffffc9000000bea8,rbp=0xffff888007615d80,rsp=0xffffc9000000be80,r8=0x0,r9=0xffffffff816127a0,r10=0x0,r11=0x0,r12=0xffffc9000000bf10,r13=0xd64740,r14=0x1,r15=0x1
=> 0xffffffff810864ba <vfs_write+219>:	movl   $0x1010006,(%rsp)
Regs: rax=0x0,rbx=0x0,rcx=0x0,rdx=0xffffc9000000bea8,rsi=0xffffc9000000be80,rdi=0xffffc9000000bea8,rbp=0xffff888007615d80,rsp=0xffffc9000000be80,r8=0x0,r9=0xffffffff816127a0,r10=0x0,r11=0x0,r12=0xffffc9000000bf10,r13=0xd64740,r14=0x1,r15=0x1
=> 0xffffffff810864c1 <vfs_write+226>:	mov    %r13,0x18(%rsp)
Regs: rax=0x0,rbx=0x0,rcx=0x0,rdx=0xffffc9000000bea8,rsi=0xffffc9000000be80,rdi=0xffffc9000000bea8,rbp=0xffff888007615d80,rsp=0xffffc9000000be80,r8=0x0,r9=0xffffffff816127a0,r10=0x0,r11=0x0,r12=0xffffc9000000bf10,r13=0xd64740,r14=0x1,r15=0x1
=> 0xffffffff810864c6 <vfs_write+231>:	call   *0x28(%r9)
Regs: rax=0x0,rbx=0x0,rcx=0x0,rdx=0xffffc9000000bea8,rsi=0xffffc9000000be80,rdi=0xffffc9000000bea8,rbp=0xffff888007615d80,rsp=0xffffc9000000be78,r8=0x0,r9=0xffffffff816127a0,r10=0x0,r11=0x0,r12=0xffffc9000000bf10,r13=0xd64740,r14=0x1,r15=0x1
=> 0xffffffff810ce600 <redirected_tty_write>:	push   %rbx
Regs: rax=0x0,rbx=0x0,rcx=0x0,rdx=0xffffc9000000bea8,rsi=0xffffc9000000be80,rdi=0xffffc9000000bea8,rbp=0xffff888007615d80,rsp=0xffffc9000000be70,r8=0x0,r9=0xffffffff816127a0,r10=0x0,r11=0x0,r12=0xffffc9000000bf10,r13=0xd64740,r14=0x1,r15=0x1
=> 0xffffffff810ce601 <redirected_tty_write+1>:	push   %r8
Regs: rax=0x0,rbx=0x0,rcx=0x0,rdx=0xffffc9000000bea8,rsi=0xffffc9000000be80,rdi=0xffffc9000000bea8,rbp=0xffff888007615d80,rsp=0xffffc9000000be68,r8=0x0,r9=0xffffffff816127a0,r10=0x0,r11=0x0,r12=0xffffc9000000bf10,r13=0xd64740,r14=0x1,r15=0x1
=> 0xffffffff810ce603 <redirected_tty_write+3>:	mov    0x89a99e(%rip),%rbx        # 0xffffffff81968fa8 <redirect>
Regs: rax=0x0,rbx=0x0,rcx=0x0,rdx=0xffffc9000000bea8,rsi=0xffffc9000000be80,rdi=0xffffc9000000bea8,rbp=0xffff888007615d80,rsp=0xffffc9000000be68,r8=0x0,r9=0xffffffff816127a0,r10=0x0,r11=0x0,r12=0xffffc9000000bf10,r13=0xd64740,r14=0x1,r15=0x1
=> 0xffffffff810ce60a <redirected_tty_write+10>:	test   %rbx,%rbx
Regs: rax=0x0,rbx=0x0,rcx=0x0,rdx=0xffffc9000000bea8,rsi=0xffffc9000000be80,rdi=0xffffc9000000bea8,rbp=0xffff888007615d80,rsp=0xffffc9000000be68,r8=0x0,r9=0xffffffff816127a0,r10=0x0,r11=0x0,r12=0xffffc9000000bf10,r13=0xd64740,r14=0x1,r15=0x1
=> 0xffffffff810ce60d <redirected_tty_write+13>:	jne    0xffffffff810ce613 <redirected_tty_write+19>
Regs: rax=0x0,rbx=0x0,rcx=0x0,rdx=0xffffc9000000bea8,rsi=0xffffc9000000be80,rdi=0xffffc9000000bea8,rbp=0xffff888007615d80,rsp=0xffffc9000000be68,r8=0x0,r9=0xffffffff816127a0,r10=0x0,r11=0x0,r12=0xffffc9000000bf10,r13=0xd64740,r14=0x1,r15=0x1
=> 0xffffffff810ce60f <redirected_tty_write+15>:	pop    %rcx
Regs: rax=0x0,rbx=0x0,rcx=0x0,rdx=0xffffc9000000bea8,rsi=0xffffc9000000be80,rdi=0xffffc9000000bea8,rbp=0xffff888007615d80,rsp=0xffffc9000000be70,r8=0x0,r9=0xffffffff816127a0,r10=0x0,r11=0x0,r12=0xffffc9000000bf10,r13=0xd64740,r14=0x1,r15=0x1
=> 0xffffffff810ce610 <redirected_tty_write+16>:	pop    %rbx
Regs: rax=0x0,rbx=0x0,rcx=0x0,rdx=0xffffc9000000bea8,rsi=0xffffc9000000be80,rdi=0xffffc9000000bea8,rbp=0xffff888007615d80,rsp=0xffffc9000000be78,r8=0x0,r9=0xffffffff816127a0,r10=0x0,r11=0x0,r12=0xffffc9000000bf10,r13=0xd64740,r14=0x1,r15=0x1
=> 0xffffffff810ce611 <redirected_tty_write+17>:	jmp    0xffffffff810ce5f8 <tty_write>
Regs: rax=0x0,rbx=0x0,rcx=0x0,rdx=0xffffc9000000bea8,rsi=0xffffc9000000be80,rdi=0xffffc9000000bea8,rbp=0xffff888007615d80,rsp=0xffffc9000000be78,r8=0x0,r9=0xffffffff816127a0,r10=0x0,r11=0x0,r12=0xffffc9000000bf10,r13=0xd64740,r14=0x1,r15=0x1
=> 0xffffffff810ce5f8 <tty_write>:	mov    (%rdi),%rdi
Regs: rax=0x0,rbx=0x0,rcx=0x0,rdx=0xffffc9000000bea8,rsi=0xffffc9000000be80,rdi=0xffff888007615d80,rbp=0xffff888007615d80,rsp=0xffffc9000000be78,r8=0x0,r9=0xffffffff816127a0,r10=0x0,r11=0x0,r12=0xffffc9000000bf10,r13=0xd64740,r14=0x1,r15=0x1
=> 0xffffffff810ce5fb <tty_write+3>:	jmp    0xffffffff810ce3af <file_tty_write>
Regs: rax=0x0,rbx=0x0,rcx=0x0,rdx=0xffffc9000000bea8,rsi=0xffffc9000000be80,rdi=0xffff888007615d80,rbp=0xffff888007615d80,rsp=0xffffc9000000be78,r8=0x0,r9=0xffffffff816127a0,r10=0x0,r11=0x0,r12=0xffffc9000000bf10,r13=0xd64740,r14=0x1,r15=0x1
=> 0xffffffff810ce3af <file_tty_write>:	push   %r15
Regs: rax=0x0,rbx=0x0,rcx=0x0,rdx=0xffffc9000000bea8,rsi=0xffffc9000000be80,rdi=0xffff888007615d80,rbp=0xffff888007615d80,rsp=0xffffc9000000be70,r8=0x0,r9=0xffffffff816127a0,r10=0x0,r11=0x0,r12=0xffffc9000000bf10,r13=0xd64740,r14=0x1,r15=0x1
=> 0xffffffff810ce3b1 <file_tty_write+2>:	mov    $0xffffffff8163134c,%rdx
Regs: rax=0x0,rbx=0x0,rcx=0x0,rdx=0xffffffff8163134c,rsi=0xffffc9000000be80,rdi=0xffff888007615d80,rbp=0xffff888007615d80,rsp=0xffffc9000000be70,r8=0x0,r9=0xffffffff816127a0,r10=0x0,r11=0x0,r12=0xffffc9000000bf10,r13=0xd64740,r14=0x1,r15=0x1
=> 0xffffffff810ce3b8 <file_tty_write+9>:	push   %r14
Regs: rax=0x0,rbx=0x0,rcx=0x0,rdx=0xffffffff8163134c,rsi=0xffffc9000000be80,rdi=0xffff888007615d80,rbp=0xffff888007615d80,rsp=0xffffc9000000be68,r8=0x0,r9=0xffffffff816127a0,r10=0x0,r11=0x0,r12=0xffffc9000000bf10,r13=0xd64740,r14=0x1,r15=0x1
=> 0xffffffff810ce3ba <file_tty_write+11>:	push   %r13
Regs: rax=0x0,rbx=0x0,rcx=0x0,rdx=0xffffffff8163134c,rsi=0xffffc9000000be80,rdi=0xffff888007615d80,rbp=0xffff888007615d80,rsp=0xffffc9000000be60,r8=0x0,r9=0xffffffff816127a0,r10=0x0,r11=0x0,r12=0xffffc9000000bf10,r13=0xd64740,r14=0x1,r15=0x1
=> 0xffffffff810ce3bc <file_tty_write+13>:	mov    %rdi,%r13
Regs: rax=0x0,rbx=0x0,rcx=0x0,rdx=0xffffffff8163134c,rsi=0xffffc9000000be80,rdi=0xffff888007615d80,rbp=0xffff888007615d80,rsp=0xffffc9000000be60,r8=0x0,r9=0xffffffff816127a0,r10=0x0,r11=0x0,r12=0xffffc9000000bf10,r13=0xffff888007615d80,r14=0x1,r15=0x1
=> 0xffffffff810ce3bf <file_tty_write+16>:	push   %r12
Regs: rax=0x0,rbx=0x0,rcx=0x0,rdx=0xffffffff8163134c,rsi=0xffffc9000000be80,rdi=0xffff888007615d80,rbp=0xffff888007615d80,rsp=0xffffc9000000be58,r8=0x0,r9=0xffffffff816127a0,r10=0x0,r11=0x0,r12=0xffffc9000000bf10,r13=0xffff888007615d80,r14=0x1,r15=0x1
=> 0xffffffff810ce3c1 <file_tty_write+18>:	push   %rbp
Regs: rax=0x0,rbx=0x0,rcx=0x0,rdx=0xffffffff8163134c,rsi=0xffffc9000000be80,rdi=0xffff888007615d80,rbp=0xffff888007615d80,rsp=0xffffc9000000be50,r8=0x0,r9=0xffffffff816127a0,r10=0x0,r11=0x0,r12=0xffffc9000000bf10,r13=0xffff888007615d80,r14=0x1,r15=0x1
=> 0xffffffff810ce3c2 <file_tty_write+19>:	push   %rbx
Regs: rax=0x0,rbx=0x0,rcx=0x0,rdx=0xffffffff8163134c,rsi=0xffffc9000000be80,rdi=0xffff888007615d80,rbp=0xffff888007615d80,rsp=0xffffc9000000be48,r8=0x0,r9=0xffffffff816127a0,r10=0x0,r11=0x0,r12=0xffffc9000000bf10,r13=0xffff888007615d80,r14=0x1,r15=0x1
=> 0xffffffff810ce3c3 <file_tty_write+20>:	sub    $0x28,%rsp
Regs: rax=0x0,rbx=0x0,rcx=0x0,rdx=0xffffffff8163134c,rsi=0xffffc9000000be80,rdi=0xffff888007615d80,rbp=0xffff888007615d80,rsp=0xffffc9000000be20,r8=0x0,r9=0xffffffff816127a0,r10=0x0,r11=0x0,r12=0xffffc9000000bf10,r13=0xffff888007615d80,r14=0x1,r15=0x1
=> 0xffffffff810ce3c7 <file_tty_write+24>:	mov    0xa8(%rdi),%rax
Regs: rax=0xffff888007615f20,rbx=0x0,rcx=0x0,rdx=0xffffffff8163134c,rsi=0xffffc9000000be80,rdi=0xffff888007615d80,rbp=0xffff888007615d80,rsp=0xffffc9000000be20,r8=0x0,r9=0xffffffff816127a0,r10=0x0,r11=0x0,r12=0xffffc9000000bf10,r13=0xffff888007615d80,r14=0x1,r15=0x1
=> 0xffffffff810ce3ce <file_tty_write+31>:	mov    %rsi,0x8(%rsp)
Regs: rax=0xffff888007615f20,rbx=0x0,rcx=0x0,rdx=0xffffffff8163134c,rsi=0xffffc9000000be80,rdi=0xffff888007615d80,rbp=0xffff888007615d80,rsp=0xffffc9000000be20,r8=0x0,r9=0xffffffff816127a0,r10=0x0,r11=0x0,r12=0xffffc9000000bf10,r13=0xffff888007615d80,r14=0x1,r15=0x1
=> 0xffffffff810ce3d3 <file_tty_write+36>:	mov    0x20(%rdi),%rsi
Regs: rax=0xffff888007615f20,rbx=0x0,rcx=0x0,rdx=0xffffffff8163134c,rsi=0xffff8880001e27a0,rdi=0xffff888007615d80,rbp=0xffff888007615d80,rsp=0xffffc9000000be20,r8=0x0,r9=0xffffffff816127a0,r10=0x0,r11=0x0,r12=0xffffc9000000bf10,r13=0xffff888007615d80,r14=0x1,r15=0x1
=> 0xffffffff810ce3d7 <file_tty_write+40>:	mov    (%rax),%rbx
Regs: rax=0xffff888007615f20,rbx=0xffff888007b1d668,rcx=0x0,rdx=0xffffffff8163134c,rsi=0xffff8880001e27a0,rdi=0xffff888007615d80,rbp=0xffff888007615d80,rsp=0xffffc9000000be20,r8=0x0,r9=0xffffffff816127a0,r10=0x0,r11=0x0,r12=0xffffc9000000bf10,r13=0xffff888007615d80,r14=0x1,r15=0x1
=> 0xffffffff810ce3da <file_tty_write+43>:	mov    %rbx,%rdi
Regs: rax=0xffff888007615f20,rbx=0xffff888007b1d668,rcx=0x0,rdx=0xffffffff8163134c,rsi=0xffff8880001e27a0,rdi=0xffff888007b1d668,rbp=0xffff888007615d80,rsp=0xffffc9000000be20,r8=0x0,r9=0xffffffff816127a0,r10=0x0,r11=0x0,r12=0xffffc9000000bf10,r13=0xffff888007615d80,r14=0x1,r15=0x1
=> 0xffffffff810ce3dd <file_tty_write+46>:	call   0xffffffff810cde9a <tty_paranoia_check>
Regs: rax=0xffff888007615f20,rbx=0xffff888007b1d668,rcx=0x0,rdx=0xffffffff8163134c,rsi=0xffff8880001e27a0,rdi=0xffff888007b1d668,rbp=0xffff888007615d80,rsp=0xffffc9000000be18,r8=0x0,r9=0xffffffff816127a0,r10=0x0,r11=0x0,r12=0xffffc9000000bf10,r13=0xffff888007615d80,r14=0x1,r15=0x1
=> 0xffffffff810cde9a <tty_paranoia_check>:	mov    %rdx,%rcx
Regs: rax=0xffff888007615f20,rbx=0xffff888007b1d668,rcx=0xffffffff8163134c,rdx=0xffffffff8163134c,rsi=0xffff8880001e27a0,rdi=0xffff888007b1d668,rbp=0xffff888007615d80,rsp=0xffffc9000000be18,r8=0x0,r9=0xffffffff816127a0,r10=0x0,r11=0x0,r12=0xffffc9000000bf10,r13=0xffff888007615d80,r14=0x1,r15=0x1
=> 0xffffffff810cde9d <tty_paranoia_check+3>:	xor    %eax,%eax
Regs: rax=0x0,rbx=0xffff888007b1d668,rcx=0xffffffff8163134c,rdx=0xffffffff8163134c,rsi=0xffff8880001e27a0,rdi=0xffff888007b1d668,rbp=0xffff888007615d80,rsp=0xffffc9000000be18,r8=0x0,r9=0xffffffff816127a0,r10=0x0,r11=0x0,r12=0xffffc9000000bf10,r13=0xffff888007615d80,r14=0x1,r15=0x1
=> 0xffffffff810cde9f <tty_paranoia_check+5>:	test   %rdi,%rdi
Regs: rax=0x0,rbx=0xffff888007b1d668,rcx=0xffffffff8163134c,rdx=0xffffffff8163134c,rsi=0xffff8880001e27a0,rdi=0xffff888007b1d668,rbp=0xffff888007615d80,rsp=0xffffc9000000be18,r8=0x0,r9=0xffffffff816127a0,r10=0x0,r11=0x0,r12=0xffffc9000000bf10,r13=0xffff888007615d80,r14=0x1,r15=0x1
=> 0xffffffff810cdea2 <tty_paranoia_check+8>:	jne    0xffffffff810cdec3 <tty_paranoia_check+41>
Regs: rax=0x0,rbx=0xffff888007b1d668,rcx=0xffffffff8163134c,rdx=0xffffffff8163134c,rsi=0xffff8880001e27a0,rdi=0xffff888007b1d668,rbp=0xffff888007615d80,rsp=0xffffc9000000be18,r8=0x0,r9=0xffffffff816127a0,r10=0x0,r11=0x0,r12=0xffffc9000000bf10,r13=0xffff888007615d80,r14=0x1,r15=0x1
=> 0xffffffff810cdec3 <tty_paranoia_check+41>:	ret    
Regs: rax=0x0,rbx=0xffff888007b1d668,rcx=0xffffffff8163134c,rdx=0xffffffff8163134c,rsi=0xffff8880001e27a0,rdi=0xffff888007b1d668,rbp=0xffff888007615d80,rsp=0xffffc9000000be20,r8=0x0,r9=0xffffffff816127a0,r10=0x0,r11=0x0,r12=0xffffc9000000bf10,r13=0xffff888007615d80,r14=0x1,r15=0x1
=> 0xffffffff810ce3e2 <file_tty_write+51>:	test   %rbx,%rbx
Regs: rax=0x0,rbx=0xffff888007b1d668,rcx=0xffffffff8163134c,rdx=0xffffffff8163134c,rsi=0xffff8880001e27a0,rdi=0xffff888007b1d668,rbp=0xffff888007615d80,rsp=0xffffc9000000be20,r8=0x0,r9=0xffffffff816127a0,r10=0x0,r11=0x0,r12=0xffffc9000000bf10,r13=0xffff888007615d80,r14=0x1,r15=0x1
=> 0xffffffff810ce3e5 <file_tty_write+54>:	je     0xffffffff810ce3eb <file_tty_write+60>
Regs: rax=0x0,rbx=0xffff888007b1d668,rcx=0xffffffff8163134c,rdx=0xffffffff8163134c,rsi=0xffff8880001e27a0,rdi=0xffff888007b1d668,rbp=0xffff888007615d80,rsp=0xffffc9000000be20,r8=0x0,r9=0xffffffff816127a0,r10=0x0,r11=0x0,r12=0xffffc9000000bf10,r13=0xffff888007615d80,r14=0x1,r15=0x1
=> 0xffffffff810ce3e7 <file_tty_write+56>:	test   %eax,%eax
Regs: rax=0x0,rbx=0xffff888007b1d668,rcx=0xffffffff8163134c,rdx=0xffffffff8163134c,rsi=0xffff8880001e27a0,rdi=0xffff888007b1d668,rbp=0xffff888007615d80,rsp=0xffffc9000000be20,r8=0x0,r9=0xffffffff816127a0,r10=0x0,r11=0x0,r12=0xffffc9000000bf10,r13=0xffff888007615d80,r14=0x1,r15=0x1
=> 0xffffffff810ce3e9 <file_tty_write+58>:	je     0xffffffff810ce3f7 <file_tty_write+72>
Regs: rax=0x0,rbx=0xffff888007b1d668,rcx=0xffffffff8163134c,rdx=0xffffffff8163134c,rsi=0xffff8880001e27a0,rdi=0xffff888007b1d668,rbp=0xffff888007615d80,rsp=0xffffc9000000be20,r8=0x0,r9=0xffffffff816127a0,r10=0x0,r11=0x0,r12=0xffffc9000000bf10,r13=0xffff888007615d80,r14=0x1,r15=0x1
=> 0xffffffff810ce3f7 <file_tty_write+72>:	mov    0x18(%rbx),%rax
Regs: rax=0xffffffff81614560,rbx=0xffff888007b1d668,rcx=0xffffffff8163134c,rdx=0xffffffff8163134c,rsi=0xffff8880001e27a0,rdi=0xffff888007b1d668,rbp=0xffff888007615d80,rsp=0xffffc9000000be20,r8=0x0,r9=0xffffffff816127a0,r10=0x0,r11=0x0,r12=0xffffc9000000bf10,r13=0xffff888007615d80,r14=0x1,r15=0x1
=> 0xffffffff810ce3fb <file_tty_write+76>:	cmpq   $0x0,0x38(%rax)
Regs: rax=0xffffffff81614560,rbx=0xffff888007b1d668,rcx=0xffffffff8163134c,rdx=0xffffffff8163134c,rsi=0xffff8880001e27a0,rdi=0xffff888007b1d668,rbp=0xffff888007615d80,rsp=0xffffc9000000be20,r8=0x0,r9=0xffffffff816127a0,r10=0x0,r11=0x0,r12=0xffffc9000000bf10,r13=0xffff888007615d80,r14=0x1,r15=0x1
=> 0xffffffff810ce400 <file_tty_write+81>:	je     0xffffffff810ce3eb <file_tty_write+60>
Regs: rax=0xffffffff81614560,rbx=0xffff888007b1d668,rcx=0xffffffff8163134c,rdx=0xffffffff8163134c,rsi=0xffff8880001e27a0,rdi=0xffff888007b1d668,rbp=0xffff888007615d80,rsp=0xffffc9000000be20,r8=0x0,r9=0xffffffff816127a0,r10=0x0,r11=0x0,r12=0xffffc9000000bf10,r13=0xffff888007615d80,r14=0x1,r15=0x1
=> 0xffffffff810ce402 <file_tty_write+83>:	mov    0x178(%rbx),%rdx
Regs: rax=0xffffffff81614560,rbx=0xffff888007b1d668,rcx=0xffffffff8163134c,rdx=0x800,rsi=0xffff8880001e27a0,rdi=0xffff888007b1d668,rbp=0xffff888007615d80,rsp=0xffffc9000000be20,r8=0x0,r9=0xffffffff816127a0,r10=0x0,r11=0x0,r12=0xffffc9000000bf10,r13=0xffff888007615d80,r14=0x1,r15=0x1
=> 0xffffffff810ce409 <file_tty_write+90>:	and    $0x2,%dl
Regs: rax=0xffffffff81614560,rbx=0xffff888007b1d668,rcx=0xffffffff8163134c,rdx=0x800,rsi=0xffff8880001e27a0,rdi=0xffff888007b1d668,rbp=0xffff888007615d80,rsp=0xffffc9000000be20,r8=0x0,r9=0xffffffff816127a0,r10=0x0,r11=0x0,r12=0xffffc9000000bf10,r13=0xffff888007615d80,r14=0x1,r15=0x1
=> 0xffffffff810ce40c <file_tty_write+93>:	jne    0xffffffff810ce3eb <file_tty_write+60>
Regs: rax=0xffffffff81614560,rbx=0xffff888007b1d668,rcx=0xffffffff8163134c,rdx=0x800,rsi=0xffff8880001e27a0,rdi=0xffff888007b1d668,rbp=0xffff888007615d80,rsp=0xffffc9000000be20,r8=0x0,r9=0xffffffff816127a0,r10=0x0,r11=0x0,r12=0xffffc9000000bf10,r13=0xffff888007615d80,r14=0x1,r15=0x1
=> 0xffffffff810ce40e <file_tty_write+95>:	cmpq   $0x0,0x50(%rax)
Regs: rax=0xffffffff81614560,rbx=0xffff888007b1d668,rcx=0xffffffff8163134c,rdx=0x800,rsi=0xffff8880001e27a0,rdi=0xffff888007b1d668,rbp=0xffff888007615d80,rsp=0xffffc9000000be20,r8=0x0,r9=0xffffffff816127a0,r10=0x0,r11=0x0,r12=0xffffc9000000bf10,r13=0xffff888007615d80,r14=0x1,r15=0x1
=> 0xffffffff810ce413 <file_tty_write+100>:	jne    0xffffffff810ce433 <file_tty_write+132>
Regs: rax=0xffffffff81614560,rbx=0xffff888007b1d668,rcx=0xffffffff8163134c,rdx=0x800,rsi=0xffff8880001e27a0,rdi=0xffff888007b1d668,rbp=0xffff888007615d80,rsp=0xffffc9000000be20,r8=0x0,r9=0xffffffff816127a0,r10=0x0,r11=0x0,r12=0xffffc9000000bf10,r13=0xffff888007615d80,r14=0x1,r15=0x1
=> 0xffffffff810ce433 <file_tty_write+132>:	mov    %rbx,%rdi
Regs: rax=0xffffffff81614560,rbx=0xffff888007b1d668,rcx=0xffffffff8163134c,rdx=0x800,rsi=0xffff8880001e27a0,rdi=0xffff888007b1d668,rbp=0xffff888007615d80,rsp=0xffffc9000000be20,r8=0x0,r9=0xffffffff816127a0,r10=0x0,r11=0x0,r12=0xffffc9000000bf10,r13=0xffff888007615d80,r14=0x1,r15=0x1
=> 0xffffffff810ce436 <file_tty_write+135>:	call   0xffffffff810d4181 <tty_ldisc_ref_wait>
Regs: rax=0xffffffff81614560,rbx=0xffff888007b1d668,rcx=0xffffffff8163134c,rdx=0x800,rsi=0xffff8880001e27a0,rdi=0xffff888007b1d668,rbp=0xffff888007615d80,rsp=0xffffc9000000be18,r8=0x0,r9=0xffffffff816127a0,r10=0x0,r11=0x0,r12=0xffffc9000000bf10,r13=0xffff888007615d80,r14=0x1,r15=0x1
=> 0xffffffff810d4181 <tty_ldisc_ref_wait>:	movabs $0x7fffffffffffffff,%rsi
Regs: rax=0xffffffff81614560,rbx=0xffff888007b1d668,rcx=0xffffffff8163134c,rdx=0x800,rsi=0x7fffffffffffffff,rdi=0xffff888007b1d668,rbp=0xffff888007615d80,rsp=0xffffc9000000be18,r8=0x0,r9=0xffffffff816127a0,r10=0x0,r11=0x0,r12=0xffffc9000000bf10,r13=0xffff888007615d80,r14=0x1,r15=0x1
=> 0xffffffff810d418b <tty_ldisc_ref_wait+10>:	push   %rbp
Regs: rax=0xffffffff81614560,rbx=0xffff888007b1d668,rcx=0xffffffff8163134c,rdx=0x800,rsi=0x7fffffffffffffff,rdi=0xffff888007b1d668,rbp=0xffff888007615d80,rsp=0xffffc9000000be10,r8=0x0,r9=0xffffffff816127a0,r10=0x0,r11=0x0,r12=0xffffc9000000bf10,r13=0xffff888007615d80,r14=0x1,r15=0x1
=> 0xffffffff810d418c <tty_ldisc_ref_wait+11>:	lea    0x28(%rdi),%rbp
Regs: rax=0xffffffff81614560,rbx=0xffff888007b1d668,rcx=0xffffffff8163134c,rdx=0x800,rsi=0x7fffffffffffffff,rdi=0xffff888007b1d668,rbp=0xffff888007b1d690,rsp=0xffffc9000000be10,r8=0x0,r9=0xffffffff816127a0,r10=0x0,r11=0x0,r12=0xffffc9000000bf10,r13=0xffff888007615d80,r14=0x1,r15=0x1
=> 0xffffffff810d4190 <tty_ldisc_ref_wait+15>:	push   %rbx
Regs: rax=0xffffffff81614560,rbx=0xffff888007b1d668,rcx=0xffffffff8163134c,rdx=0x800,rsi=0x7fffffffffffffff,rdi=0xffff888007b1d668,rbp=0xffff888007b1d690,rsp=0xffffc9000000be08,r8=0x0,r9=0xffffffff816127a0,r10=0x0,r11=0x0,r12=0xffffc9000000bf10,r13=0xffff888007615d80,r14=0x1,r15=0x1
=> 0xffffffff810d4191 <tty_ldisc_ref_wait+16>:	mov    %rdi,%rbx
Regs: rax=0xffffffff81614560,rbx=0xffff888007b1d668,rcx=0xffffffff8163134c,rdx=0x800,rsi=0x7fffffffffffffff,rdi=0xffff888007b1d668,rbp=0xffff888007b1d690,rsp=0xffffc9000000be08,r8=0x0,r9=0xffffffff816127a0,r10=0x0,r11=0x0,r12=0xffffc9000000bf10,r13=0xffff888007615d80,r14=0x1,r15=0x1
=> 0xffffffff810d4194 <tty_ldisc_ref_wait+19>:	mov    %rbp,%rdi
Regs: rax=0xffffffff81614560,rbx=0xffff888007b1d668,rcx=0xffffffff8163134c,rdx=0x800,rsi=0x7fffffffffffffff,rdi=0xffff888007b1d690,rbp=0xffff888007b1d690,rsp=0xffffc9000000be08,r8=0x0,r9=0xffffffff816127a0,r10=0x0,r11=0x0,r12=0xffffc9000000bf10,r13=0xffff888007615d80,r14=0x1,r15=0x1
=> 0xffffffff810d4197 <tty_ldisc_ref_wait+22>:	call   0xffffffff81120a37 <ldsem_down_read>
Regs: rax=0xffffffff81614560,rbx=0xffff888007b1d668,rcx=0xffffffff8163134c,rdx=0x800,rsi=0x7fffffffffffffff,rdi=0xffff888007b1d690,rbp=0xffff888007b1d690,rsp=0xffffc9000000be00,r8=0x0,r9=0xffffffff816127a0,r10=0x0,r11=0x0,r12=0xffffc9000000bf10,r13=0xffff888007615d80,r14=0x1,r15=0x1
=> 0xffffffff81120a37 <ldsem_down_read>:	mov    $0x1,%edx
Regs: rax=0xffffffff81614560,rbx=0xffff888007b1d668,rcx=0xffffffff8163134c,rdx=0x1,rsi=0x7fffffffffffffff,rdi=0xffff888007b1d690,rbp=0xffff888007b1d690,rsp=0xffffc9000000be00,r8=0x0,r9=0xffffffff816127a0,r10=0x0,r11=0x0,r12=0xffffc9000000bf10,r13=0xffff888007615d80,r14=0x1,r15=0x1
=> 0xffffffff81120a3c <ldsem_down_read+5>:	xadd   %rdx,(%rdi)
Regs: rax=0xffffffff81614560,rbx=0xffff888007b1d668,rcx=0xffffffff8163134c,rdx=0x0,rsi=0x7fffffffffffffff,rdi=0xffff888007b1d690,rbp=0xffff888007b1d690,rsp=0xffffc9000000be00,r8=0x0,r9=0xffffffff816127a0,r10=0x0,r11=0x0,r12=0xffffc9000000bf10,r13=0xffff888007615d80,r14=0x1,r15=0x1
=> 0xffffffff81120a40 <ldsem_down_read+9>:	inc    %rdx
Regs: rax=0xffffffff81614560,rbx=0xffff888007b1d668,rcx=0xffffffff8163134c,rdx=0x1,rsi=0x7fffffffffffffff,rdi=0xffff888007b1d690,rbp=0xffff888007b1d690,rsp=0xffffc9000000be00,r8=0x0,r9=0xffffffff816127a0,r10=0x0,r11=0x0,r12=0xffffc9000000bf10,r13=0xffff888007615d80,r14=0x1,r15=0x1
=> 0xffffffff81120a43 <ldsem_down_read+12>:	mov    $0x1,%eax
Regs: rax=0x1,rbx=0xffff888007b1d668,rcx=0xffffffff8163134c,rdx=0x1,rsi=0x7fffffffffffffff,rdi=0xffff888007b1d690,rbp=0xffff888007b1d690,rsp=0xffffc9000000be00,r8=0x0,r9=0xffffffff816127a0,r10=0x0,r11=0x0,r12=0xffffc9000000bf10,r13=0xffff888007615d80,r14=0x1,r15=0x1
=> 0xffffffff81120a48 <ldsem_down_read+17>:	test   %rdx,%rdx
Regs: rax=0x1,rbx=0xffff888007b1d668,rcx=0xffffffff8163134c,rdx=0x1,rsi=0x7fffffffffffffff,rdi=0xffff888007b1d690,rbp=0xffff888007b1d690,rsp=0xffffc9000000be00,r8=0x0,r9=0xffffffff816127a0,r10=0x0,r11=0x0,r12=0xffffc9000000bf10,r13=0xffff888007615d80,r14=0x1,r15=0x1
=> 0xffffffff81120a4b <ldsem_down_read+20>:	jg     0xffffffff81120b9c <ldsem_down_read+357>
Regs: rax=0x1,rbx=0xffff888007b1d668,rcx=0xffffffff8163134c,rdx=0x1,rsi=0x7fffffffffffffff,rdi=0xffff888007b1d690,rbp=0xffff888007b1d690,rsp=0xffffc9000000be00,r8=0x0,r9=0xffffffff816127a0,r10=0x0,r11=0x0,r12=0xffffc9000000bf10,r13=0xffff888007615d80,r14=0x1,r15=0x1
=> 0xffffffff81120b9c <ldsem_down_read+357>:	ret    
Regs: rax=0x1,rbx=0xffff888007b1d668,rcx=0xffffffff8163134c,rdx=0x1,rsi=0x7fffffffffffffff,rdi=0xffff888007b1d690,rbp=0xffff888007b1d690,rsp=0xffffc9000000be08,r8=0x0,r9=0xffffffff816127a0,r10=0x0,r11=0x0,r12=0xffffc9000000bf10,r13=0xffff888007615d80,r14=0x1,r15=0x1
=> 0xffffffff810d419c <tty_ldisc_ref_wait+27>:	mov    0x58(%rbx),%rbx
Regs: rax=0x1,rbx=0xffff888007615f50,rcx=0xffffffff8163134c,rdx=0x1,rsi=0x7fffffffffffffff,rdi=0xffff888007b1d690,rbp=0xffff888007b1d690,rsp=0xffffc9000000be08,r8=0x0,r9=0xffffffff816127a0,r10=0x0,r11=0x0,r12=0xffffc9000000bf10,r13=0xffff888007615d80,r14=0x1,r15=0x1
=> 0xffffffff810d41a0 <tty_ldisc_ref_wait+31>:	test   %rbx,%rbx
Regs: rax=0x1,rbx=0xffff888007615f50,rcx=0xffffffff8163134c,rdx=0x1,rsi=0x7fffffffffffffff,rdi=0xffff888007b1d690,rbp=0xffff888007b1d690,rsp=0xffffc9000000be08,r8=0x0,r9=0xffffffff816127a0,r10=0x0,r11=0x0,r12=0xffffc9000000bf10,r13=0xffff888007615d80,r14=0x1,r15=0x1
=> 0xffffffff810d41a3 <tty_ldisc_ref_wait+34>:	jne    0xffffffff810d41ad <tty_ldisc_ref_wait+44>
Regs: rax=0x1,rbx=0xffff888007615f50,rcx=0xffffffff8163134c,rdx=0x1,rsi=0x7fffffffffffffff,rdi=0xffff888007b1d690,rbp=0xffff888007b1d690,rsp=0xffffc9000000be08,r8=0x0,r9=0xffffffff816127a0,r10=0x0,r11=0x0,r12=0xffffc9000000bf10,r13=0xffff888007615d80,r14=0x1,r15=0x1
=> 0xffffffff810d41ad <tty_ldisc_ref_wait+44>:	mov    %rbx,%rax
Regs: rax=0xffff888007615f50,rbx=0xffff888007615f50,rcx=0xffffffff8163134c,rdx=0x1,rsi=0x7fffffffffffffff,rdi=0xffff888007b1d690,rbp=0xffff888007b1d690,rsp=0xffffc9000000be08,r8=0x0,r9=0xffffffff816127a0,r10=0x0,r11=0x0,r12=0xffffc9000000bf10,r13=0xffff888007615d80,r14=0x1,r15=0x1
=> 0xffffffff810d41b0 <tty_ldisc_ref_wait+47>:	pop    %rbx
Regs: rax=0xffff888007615f50,rbx=0xffff888007b1d668,rcx=0xffffffff8163134c,rdx=0x1,rsi=0x7fffffffffffffff,rdi=0xffff888007b1d690,rbp=0xffff888007b1d690,rsp=0xffffc9000000be10,r8=0x0,r9=0xffffffff816127a0,r10=0x0,r11=0x0,r12=0xffffc9000000bf10,r13=0xffff888007615d80,r14=0x1,r15=0x1
=> 0xffffffff810d41b1 <tty_ldisc_ref_wait+48>:	pop    %rbp
Regs: rax=0xffff888007615f50,rbx=0xffff888007b1d668,rcx=0xffffffff8163134c,rdx=0x1,rsi=0x7fffffffffffffff,rdi=0xffff888007b1d690,rbp=0xffff888007615d80,rsp=0xffffc9000000be18,r8=0x0,r9=0xffffffff816127a0,r10=0x0,r11=0x0,r12=0xffffc9000000bf10,r13=0xffff888007615d80,r14=0x1,r15=0x1
=> 0xffffffff810d41b2 <tty_ldisc_ref_wait+49>:	ret    
Regs: rax=0xffff888007615f50,rbx=0xffff888007b1d668,rcx=0xffffffff8163134c,rdx=0x1,rsi=0x7fffffffffffffff,rdi=0xffff888007b1d690,rbp=0xffff888007615d80,rsp=0xffffc9000000be20,r8=0x0,r9=0xffffffff816127a0,r10=0x0,r11=0x0,r12=0xffffc9000000bf10,r13=0xffff888007615d80,r14=0x1,r15=0x1
=> 0xffffffff810ce43b <file_tty_write+140>:	mov    %rax,%r15
Regs: rax=0xffff888007615f50,rbx=0xffff888007b1d668,rcx=0xffffffff8163134c,rdx=0x1,rsi=0x7fffffffffffffff,rdi=0xffff888007b1d690,rbp=0xffff888007615d80,rsp=0xffffc9000000be20,r8=0x0,r9=0xffffffff816127a0,r10=0x0,r11=0x0,r12=0xffffc9000000bf10,r13=0xffff888007615d80,r14=0x1,r15=0xffff888007615f50
=> 0xffffffff810ce43e <file_tty_write+143>:	test   %rax,%rax
Regs: rax=0xffff888007615f50,rbx=0xffff888007b1d668,rcx=0xffffffff8163134c,rdx=0x1,rsi=0x7fffffffffffffff,rdi=0xffff888007b1d690,rbp=0xffff888007615d80,rsp=0xffffc9000000be20,r8=0x0,r9=0xffffffff816127a0,r10=0x0,r11=0x0,r12=0xffffc9000000bf10,r13=0xffff888007615d80,r14=0x1,r15=0xffff888007615f50
=> 0xffffffff810ce441 <file_tty_write+146>:	je     0xffffffff810ce3eb <file_tty_write+60>
Regs: rax=0xffff888007615f50,rbx=0xffff888007b1d668,rcx=0xffffffff8163134c,rdx=0x1,rsi=0x7fffffffffffffff,rdi=0xffff888007b1d690,rbp=0xffff888007615d80,rsp=0xffffc9000000be20,r8=0x0,r9=0xffffffff816127a0,r10=0x0,r11=0x0,r12=0xffffc9000000bf10,r13=0xffff888007615d80,r14=0x1,r15=0xffff888007615f50
=> 0xffffffff810ce443 <file_tty_write+148>:	mov    (%rax),%rax
Regs: rax=0xffffffff818aee60,rbx=0xffff888007b1d668,rcx=0xffffffff8163134c,rdx=0x1,rsi=0x7fffffffffffffff,rdi=0xffff888007b1d690,rbp=0xffff888007615d80,rsp=0xffffc9000000be20,r8=0x0,r9=0xffffffff816127a0,r10=0x0,r11=0x0,r12=0xffffc9000000bf10,r13=0xffff888007615d80,r14=0x1,r15=0xffff888007615f50
=> 0xffffffff810ce446 <file_tty_write+151>:	mov    0x30(%rax),%rax
Regs: rax=0xffffffff810d1c87,rbx=0xffff888007b1d668,rcx=0xffffffff8163134c,rdx=0x1,rsi=0x7fffffffffffffff,rdi=0xffff888007b1d690,rbp=0xffff888007615d80,rsp=0xffffc9000000be20,r8=0x0,r9=0xffffffff816127a0,r10=0x0,r11=0x0,r12=0xffffc9000000bf10,r13=0xffff888007615d80,r14=0x1,r15=0xffff888007615f50
=> 0xffffffff810ce44a <file_tty_write+155>:	mov    %rax,0x10(%rsp)
Regs: rax=0xffffffff810d1c87,rbx=0xffff888007b1d668,rcx=0xffffffff8163134c,rdx=0x1,rsi=0x7fffffffffffffff,rdi=0xffff888007b1d690,rbp=0xffff888007615d80,rsp=0xffffc9000000be20,r8=0x0,r9=0xffffffff816127a0,r10=0x0,r11=0x0,r12=0xffffc9000000bf10,r13=0xffff888007615d80,r14=0x1,r15=0xffff888007615f50
=> 0xffffffff810ce44f <file_tty_write+160>:	cmpq   $0x0,0x10(%rsp)
Regs: rax=0xffffffff810d1c87,rbx=0xffff888007b1d668,rcx=0xffffffff8163134c,rdx=0x1,rsi=0x7fffffffffffffff,rdi=0xffff888007b1d690,rbp=0xffff888007615d80,rsp=0xffffc9000000be20,r8=0x0,r9=0xffffffff816127a0,r10=0x0,r11=0x0,r12=0xffffc9000000bf10,r13=0xffff888007615d80,r14=0x1,r15=0xffff888007615f50
=> 0xffffffff810ce455 <file_tty_write+166>:	mov    $0xfffffffffffffffb,%rax
Regs: rax=0xfffffffffffffffb,rbx=0xffff888007b1d668,rcx=0xffffffff8163134c,rdx=0x1,rsi=0x7fffffffffffffff,rdi=0xffff888007b1d690,rbp=0xffff888007615d80,rsp=0xffffc9000000be20,r8=0x0,r9=0xffffffff816127a0,r10=0x0,r11=0x0,r12=0xffffc9000000bf10,r13=0xffff888007615d80,r14=0x1,r15=0xffff888007615f50
=> 0xffffffff810ce45c <file_tty_write+173>:	je     0xffffffff810ce5d9 <file_tty_write+554>
Regs: rax=0xfffffffffffffffb,rbx=0xffff888007b1d668,rcx=0xffffffff8163134c,rdx=0x1,rsi=0x7fffffffffffffff,rdi=0xffff888007b1d690,rbp=0xffff888007615d80,rsp=0xffffc9000000be20,r8=0x0,r9=0xffffffff816127a0,r10=0x0,r11=0x0,r12=0xffffc9000000bf10,r13=0xffff888007615d80,r14=0x1,r15=0xffff888007615f50
=> 0xffffffff810ce462 <file_tty_write+179>:	mov    0x38(%r13),%esi
Regs: rax=0xfffffffffffffffb,rbx=0xffff888007b1d668,rcx=0xffffffff8163134c,rdx=0x1,rsi=0x2,rdi=0xffff888007b1d690,rbp=0xffff888007615d80,rsp=0xffffc9000000be20,r8=0x0,r9=0xffffffff816127a0,r10=0x0,r11=0x0,r12=0xffffc9000000bf10,r13=0xffff888007615d80,r14=0x1,r15=0xffff888007615f50
=> 0xffffffff810ce466 <file_tty_write+183>:	mov    0x8(%rsp),%rax
Regs: rax=0xffffc9000000be80,rbx=0xffff888007b1d668,rcx=0xffffffff8163134c,rdx=0x1,rsi=0x2,rdi=0xffff888007b1d690,rbp=0xffff888007615d80,rsp=0xffffc9000000be20,r8=0x0,r9=0xffffffff816127a0,r10=0x0,r11=0x0,r12=0xffffc9000000bf10,r13=0xffff888007615d80,r14=0x1,r15=0xffff888007615f50
=> 0xffffffff810ce46b <file_tty_write+188>:	mov    %rbx,%rdi
Regs: rax=0xffffc9000000be80,rbx=0xffff888007b1d668,rcx=0xffffffff8163134c,rdx=0x1,rsi=0x2,rdi=0xffff888007b1d668,rbp=0xffff888007615d80,rsp=0xffffc9000000be20,r8=0x0,r9=0xffffffff816127a0,r10=0x0,r11=0x0,r12=0xffffc9000000bf10,r13=0xffff888007615d80,r14=0x1,r15=0xffff888007615f50
=> 0xffffffff810ce46e <file_tty_write+191>:	and    $0x800,%esi
Regs: rax=0xffffc9000000be80,rbx=0xffff888007b1d668,rcx=0xffffffff8163134c,rdx=0x1,rsi=0x0,rdi=0xffff888007b1d668,rbp=0xffff888007615d80,rsp=0xffffc9000000be20,r8=0x0,r9=0xffffffff816127a0,r10=0x0,r11=0x0,r12=0xffffc9000000bf10,r13=0xffff888007615d80,r14=0x1,r15=0xffff888007615f50
=> 0xffffffff810ce474 <file_tty_write+197>:	mov    0x10(%rax),%r14
Regs: rax=0xffffc9000000be80,rbx=0xffff888007b1d668,rcx=0xffffffff8163134c,rdx=0x1,rsi=0x0,rdi=0xffff888007b1d668,rbp=0xffff888007615d80,rsp=0xffffc9000000be20,r8=0x0,r9=0xffffffff816127a0,r10=0x0,r11=0x0,r12=0xffffc9000000bf10,r13=0xffff888007615d80,r14=0x1,r15=0xffff888007615f50
=> 0xffffffff810ce478 <file_tty_write+201>:	call   0xffffffff810cdbdd <tty_write_lock>
Regs: rax=0xffffc9000000be80,rbx=0xffff888007b1d668,rcx=0xffffffff8163134c,rdx=0x1,rsi=0x0,rdi=0xffff888007b1d668,rbp=0xffff888007615d80,rsp=0xffffc9000000be18,r8=0x0,r9=0xffffffff816127a0,r10=0x0,r11=0x0,r12=0xffffc9000000bf10,r13=0xffff888007615d80,r14=0x1,r15=0xffff888007615f50
=> 0xffffffff810cdbdd <tty_write_lock>:	push   %rbp
Regs: rax=0xffffc9000000be80,rbx=0xffff888007b1d668,rcx=0xffffffff8163134c,rdx=0x1,rsi=0x0,rdi=0xffff888007b1d668,rbp=0xffff888007615d80,rsp=0xffffc9000000be10,r8=0x0,r9=0xffffffff816127a0,r10=0x0,r11=0x0,r12=0xffffc9000000bf10,r13=0xffff888007615d80,r14=0x1,r15=0xffff888007615f50
=> 0xffffffff810cdbde <tty_write_lock+1>:	mov    %esi,%ebp
Regs: rax=0xffffc9000000be80,rbx=0xffff888007b1d668,rcx=0xffffffff8163134c,rdx=0x1,rsi=0x0,rdi=0xffff888007b1d668,rbp=0x0,rsp=0xffffc9000000be10,r8=0x0,r9=0xffffffff816127a0,r10=0x0,r11=0x0,r12=0xffffc9000000bf10,r13=0xffff888007615d80,r14=0x1,r15=0xffff888007615f50
=> 0xffffffff810cdbe0 <tty_write_lock+3>:	push   %rbx
Regs: rax=0xffffc9000000be80,rbx=0xffff888007b1d668,rcx=0xffffffff8163134c,rdx=0x1,rsi=0x0,rdi=0xffff888007b1d668,rbp=0x0,rsp=0xffffc9000000be08,r8=0x0,r9=0xffffffff816127a0,r10=0x0,r11=0x0,r12=0xffffc9000000bf10,r13=0xffff888007615d80,r14=0x1,r15=0xffff888007615f50
=> 0xffffffff810cdbe1 <tty_write_lock+4>:	lea    0x60(%rdi),%rbx
Regs: rax=0xffffc9000000be80,rbx=0xffff888007b1d6c8,rcx=0xffffffff8163134c,rdx=0x1,rsi=0x0,rdi=0xffff888007b1d668,rbp=0x0,rsp=0xffffc9000000be08,r8=0x0,r9=0xffffffff816127a0,r10=0x0,r11=0x0,r12=0xffffc9000000bf10,r13=0xffff888007615d80,r14=0x1,r15=0xffff888007615f50
=> 0xffffffff810cdbe5 <tty_write_lock+8>:	mov    %rbx,%rdi
Regs: rax=0xffffc9000000be80,rbx=0xffff888007b1d6c8,rcx=0xffffffff8163134c,rdx=0x1,rsi=0x0,rdi=0xffff888007b1d6c8,rbp=0x0,rsp=0xffffc9000000be08,r8=0x0,r9=0xffffffff816127a0,r10=0x0,r11=0x0,r12=0xffffc9000000bf10,r13=0xffff888007615d80,r14=0x1,r15=0xffff888007615f50
=> 0xffffffff810cdbe8 <tty_write_lock+11>:	call   0xffffffff81120370 <mutex_trylock>
Regs: rax=0xffffc9000000be80,rbx=0xffff888007b1d6c8,rcx=0xffffffff8163134c,rdx=0x1,rsi=0x0,rdi=0xffff888007b1d6c8,rbp=0x0,rsp=0xffffc9000000be00,r8=0x0,r9=0xffffffff816127a0,r10=0x0,r11=0x0,r12=0xffffc9000000bf10,r13=0xffff888007615d80,r14=0x1,r15=0xffff888007615f50
=> 0xffffffff81120370 <mutex_trylock>:	call   0xffffffff8103c090 <__mutex_trylock>
Regs: rax=0xffffc9000000be80,rbx=0xffff888007b1d6c8,rcx=0xffffffff8163134c,rdx=0x1,rsi=0x0,rdi=0xffff888007b1d6c8,rbp=0x0,rsp=0xffffc9000000bdf8,r8=0x0,r9=0xffffffff816127a0,r10=0x0,r11=0x0,r12=0xffffc9000000bf10,r13=0xffff888007615d80,r14=0x1,r15=0xffff888007615f50
=> 0xffffffff8103c090 <__mutex_trylock>:	xor    %esi,%esi
Regs: rax=0xffffc9000000be80,rbx=0xffff888007b1d6c8,rcx=0xffffffff8163134c,rdx=0x1,rsi=0x0,rdi=0xffff888007b1d6c8,rbp=0x0,rsp=0xffffc9000000bdf8,r8=0x0,r9=0xffffffff816127a0,r10=0x0,r11=0x0,r12=0xffffc9000000bf10,r13=0xffff888007615d80,r14=0x1,r15=0xffff888007615f50
=> 0xffffffff8103c092 <__mutex_trylock+2>:	call   0xffffffff8103c03b <__mutex_trylock_common>
Regs: rax=0xffffc9000000be80,rbx=0xffff888007b1d6c8,rcx=0xffffffff8163134c,rdx=0x1,rsi=0x0,rdi=0xffff888007b1d6c8,rbp=0x0,rsp=0xffffc9000000bdf0,r8=0x0,r9=0xffffffff816127a0,r10=0x0,r11=0x0,r12=0xffffc9000000bf10,r13=0xffff888007615d80,r14=0x1,r15=0xffff888007615f50
=> 0xffffffff8103c03b <__mutex_trylock_common>:	mov    (%rdi),%rax
Regs: rax=0x0,rbx=0xffff888007b1d6c8,rcx=0xffffffff8163134c,rdx=0x1,rsi=0x0,rdi=0xffff888007b1d6c8,rbp=0x0,rsp=0xffffc9000000bdf0,r8=0x0,r9=0xffffffff816127a0,r10=0x0,r11=0x0,r12=0xffffc9000000bf10,r13=0xffff888007615d80,r14=0x1,r15=0xffff888007615f50
=> 0xffffffff8103c03e <__mutex_trylock_common+3>:	mov    0xffffffff81836040,%r8
Regs: rax=0x0,rbx=0xffff888007b1d6c8,rcx=0xffffffff8163134c,rdx=0x1,rsi=0x0,rdi=0xffff888007b1d6c8,rbp=0x0,rsp=0xffffc9000000bdf0,r8=0xffff888000152000,r9=0xffffffff816127a0,r10=0x0,r11=0x0,r12=0xffffc9000000bf10,r13=0xffff888007615d80,r14=0x1,r15=0xffff888007615f50
=> 0xffffffff8103c046 <__mutex_trylock_common+11>:	mov    %rax,%rdx
Regs: rax=0x0,rbx=0xffff888007b1d6c8,rcx=0xffffffff8163134c,rdx=0x0,rsi=0x0,rdi=0xffff888007b1d6c8,rbp=0x0,rsp=0xffffc9000000bdf0,r8=0xffff888000152000,r9=0xffffffff816127a0,r10=0x0,r11=0x0,r12=0xffffc9000000bf10,r13=0xffff888007615d80,r14=0x1,r15=0xffff888007615f50
=> 0xffffffff8103c049 <__mutex_trylock_common+14>:	mov    %rax,%rcx
Regs: rax=0x0,rbx=0xffff888007b1d6c8,rcx=0x0,rdx=0x0,rsi=0x0,rdi=0xffff888007b1d6c8,rbp=0x0,rsp=0xffffc9000000bdf0,r8=0xffff888000152000,r9=0xffffffff816127a0,r10=0x0,r11=0x0,r12=0xffffc9000000bf10,r13=0xffff888007615d80,r14=0x1,r15=0xffff888007615f50
=> 0xffffffff8103c04c <__mutex_trylock_common+17>:	and    $0x7,%edx
Regs: rax=0x0,rbx=0xffff888007b1d6c8,rcx=0x0,rdx=0x0,rsi=0x0,rdi=0xffff888007b1d6c8,rbp=0x0,rsp=0xffffc9000000bdf0,r8=0xffff888000152000,r9=0xffffffff816127a0,r10=0x0,r11=0x0,r12=0xffffc9000000bf10,r13=0xffff888007615d80,r14=0x1,r15=0xffff888007615f50
=> 0xffffffff8103c04f <__mutex_trylock_common+20>:	and    $0xfffffffffffffff8,%rcx
Regs: rax=0x0,rbx=0xffff888007b1d6c8,rcx=0x0,rdx=0x0,rsi=0x0,rdi=0xffff888007b1d6c8,rbp=0x0,rsp=0xffffc9000000bdf0,r8=0xffff888000152000,r9=0xffffffff816127a0,r10=0x0,r11=0x0,r12=0xffffc9000000bf10,r13=0xffff888007615d80,r14=0x1,r15=0xffff888007615f50
=> 0xffffffff8103c053 <__mutex_trylock_common+24>:	je     0xffffffff8103c07c <__mutex_trylock_common+65>
Regs: rax=0x0,rbx=0xffff888007b1d6c8,rcx=0x0,rdx=0x0,rsi=0x0,rdi=0xffff888007b1d6c8,rbp=0x0,rsp=0xffffc9000000bdf0,r8=0xffff888000152000,r9=0xffffffff816127a0,r10=0x0,r11=0x0,r12=0xffffc9000000bf10,r13=0xffff888007615d80,r14=0x1,r15=0xffff888007615f50
=> 0xffffffff8103c07c <__mutex_trylock_common+65>:	mov    %r8,%r9
Regs: rax=0x0,rbx=0xffff888007b1d6c8,rcx=0x0,rdx=0x0,rsi=0x0,rdi=0xffff888007b1d6c8,rbp=0x0,rsp=0xffffc9000000bdf0,r8=0xffff888000152000,r9=0xffff888000152000,r10=0x0,r11=0x0,r12=0xffffc9000000bf10,r13=0xffff888007615d80,r14=0x1,r15=0xffff888007615f50
=> 0xffffffff8103c07f <__mutex_trylock_common+68>:	or     %r9,%rdx
Regs: rax=0x0,rbx=0xffff888007b1d6c8,rcx=0x0,rdx=0xffff888000152000,rsi=0x0,rdi=0xffff888007b1d6c8,rbp=0x0,rsp=0xffffc9000000bdf0,r8=0xffff888000152000,r9=0xffff888000152000,r10=0x0,r11=0x0,r12=0xffffc9000000bf10,r13=0xffff888007615d80,r14=0x1,r15=0xffff888007615f50
=> 0xffffffff8103c082 <__mutex_trylock_common+71>:	cmpxchg %rdx,(%rdi)
Regs: rax=0x0,rbx=0xffff888007b1d6c8,rcx=0x0,rdx=0xffff888000152000,rsi=0x0,rdi=0xffff888007b1d6c8,rbp=0x0,rsp=0xffffc9000000bdf0,r8=0xffff888000152000,r9=0xffff888000152000,r10=0x0,r11=0x0,r12=0xffffc9000000bf10,r13=0xffff888007615d80,r14=0x1,r15=0xffff888007615f50
=> 0xffffffff8103c086 <__mutex_trylock_common+75>:	jne    0xffffffff8103c046 <__mutex_trylock_common+11>
Regs: rax=0x0,rbx=0xffff888007b1d6c8,rcx=0x0,rdx=0xffff888000152000,rsi=0x0,rdi=0xffff888007b1d6c8,rbp=0x0,rsp=0xffffc9000000bdf0,r8=0xffff888000152000,r9=0xffff888000152000,r10=0x0,r11=0x0,r12=0xffffc9000000bf10,r13=0xffff888007615d80,r14=0x1,r15=0xffff888007615f50
=> 0xffffffff8103c088 <__mutex_trylock_common+77>:	cmp    %r8,%r9
Regs: rax=0x0,rbx=0xffff888007b1d6c8,rcx=0x0,rdx=0xffff888000152000,rsi=0x0,rdi=0xffff888007b1d6c8,rbp=0x0,rsp=0xffffc9000000bdf0,r8=0xffff888000152000,r9=0xffff888000152000,r10=0x0,r11=0x0,r12=0xffffc9000000bf10,r13=0xffff888007615d80,r14=0x1,r15=0xffff888007615f50
=> 0xffffffff8103c08b <__mutex_trylock_common+80>:	jne    0xffffffff8103c05e <__mutex_trylock_common+35>
Regs: rax=0x0,rbx=0xffff888007b1d6c8,rcx=0x0,rdx=0xffff888000152000,rsi=0x0,rdi=0xffff888007b1d6c8,rbp=0x0,rsp=0xffffc9000000bdf0,r8=0xffff888000152000,r9=0xffff888000152000,r10=0x0,r11=0x0,r12=0xffffc9000000bf10,r13=0xffff888007615d80,r14=0x1,r15=0xffff888007615f50
=> 0xffffffff8103c08d <__mutex_trylock_common+82>:	xor    %eax,%eax
Regs: rax=0x0,rbx=0xffff888007b1d6c8,rcx=0x0,rdx=0xffff888000152000,rsi=0x0,rdi=0xffff888007b1d6c8,rbp=0x0,rsp=0xffffc9000000bdf0,r8=0xffff888000152000,r9=0xffff888000152000,r10=0x0,r11=0x0,r12=0xffffc9000000bf10,r13=0xffff888007615d80,r14=0x1,r15=0xffff888007615f50
=> 0xffffffff8103c08f <__mutex_trylock_common+84>:	ret    
Regs: rax=0x0,rbx=0xffff888007b1d6c8,rcx=0x0,rdx=0xffff888000152000,rsi=0x0,rdi=0xffff888007b1d6c8,rbp=0x0,rsp=0xffffc9000000bdf8,r8=0xffff888000152000,r9=0xffff888000152000,r10=0x0,r11=0x0,r12=0xffffc9000000bf10,r13=0xffff888007615d80,r14=0x1,r15=0xffff888007615f50
=> 0xffffffff8103c097 <__mutex_trylock+7>:	test   %rax,%rax
Regs: rax=0x0,rbx=0xffff888007b1d6c8,rcx=0x0,rdx=0xffff888000152000,rsi=0x0,rdi=0xffff888007b1d6c8,rbp=0x0,rsp=0xffffc9000000bdf8,r8=0xffff888000152000,r9=0xffff888000152000,r10=0x0,r11=0x0,r12=0xffffc9000000bf10,r13=0xffff888007615d80,r14=0x1,r15=0xffff888007615f50
=> 0xffffffff8103c09a <__mutex_trylock+10>:	sete   %al
Regs: rax=0x1,rbx=0xffff888007b1d6c8,rcx=0x0,rdx=0xffff888000152000,rsi=0x0,rdi=0xffff888007b1d6c8,rbp=0x0,rsp=0xffffc9000000bdf8,r8=0xffff888000152000,r9=0xffff888000152000,r10=0x0,r11=0x0,r12=0xffffc9000000bf10,r13=0xffff888007615d80,r14=0x1,r15=0xffff888007615f50
=> 0xffffffff8103c09d <__mutex_trylock+13>:	ret    
Regs: rax=0x1,rbx=0xffff888007b1d6c8,rcx=0x0,rdx=0xffff888000152000,rsi=0x0,rdi=0xffff888007b1d6c8,rbp=0x0,rsp=0xffffc9000000be00,r8=0xffff888000152000,r9=0xffff888000152000,r10=0x0,r11=0x0,r12=0xffffc9000000bf10,r13=0xffff888007615d80,r14=0x1,r15=0xffff888007615f50
=> 0xffffffff81120375 <mutex_trylock+5>:	movzbl %al,%eax
Regs: rax=0x1,rbx=0xffff888007b1d6c8,rcx=0x0,rdx=0xffff888000152000,rsi=0x0,rdi=0xffff888007b1d6c8,rbp=0x0,rsp=0xffffc9000000be00,r8=0xffff888000152000,r9=0xffff888000152000,r10=0x0,r11=0x0,r12=0xffffc9000000bf10,r13=0xffff888007615d80,r14=0x1,r15=0xffff888007615f50
=> 0xffffffff81120378 <mutex_trylock+8>:	ret    
Regs: rax=0x1,rbx=0xffff888007b1d6c8,rcx=0x0,rdx=0xffff888000152000,rsi=0x0,rdi=0xffff888007b1d6c8,rbp=0x0,rsp=0xffffc9000000be08,r8=0xffff888000152000,r9=0xffff888000152000,r10=0x0,r11=0x0,r12=0xffffc9000000bf10,r13=0xffff888007615d80,r14=0x1,r15=0xffff888007615f50
=> 0xffffffff810cdbed <tty_write_lock+16>:	test   %eax,%eax
Regs: rax=0x1,rbx=0xffff888007b1d6c8,rcx=0x0,rdx=0xffff888000152000,rsi=0x0,rdi=0xffff888007b1d6c8,rbp=0x0,rsp=0xffffc9000000be08,r8=0xffff888000152000,r9=0xffff888000152000,r10=0x0,r11=0x0,r12=0xffffc9000000bf10,r13=0xffff888007615d80,r14=0x1,r15=0xffff888007615f50
=> 0xffffffff810cdbef <tty_write_lock+18>:	jne    0xffffffff810cdc0d <tty_write_lock+48>
Regs: rax=0x1,rbx=0xffff888007b1d6c8,rcx=0x0,rdx=0xffff888000152000,rsi=0x0,rdi=0xffff888007b1d6c8,rbp=0x0,rsp=0xffffc9000000be08,r8=0xffff888000152000,r9=0xffff888000152000,r10=0x0,r11=0x0,r12=0xffffc9000000bf10,r13=0xffff888007615d80,r14=0x1,r15=0xffff888007615f50
=> 0xffffffff810cdc0d <tty_write_lock+48>:	xor    %eax,%eax
Regs: rax=0x0,rbx=0xffff888007b1d6c8,rcx=0x0,rdx=0xffff888000152000,rsi=0x0,rdi=0xffff888007b1d6c8,rbp=0x0,rsp=0xffffc9000000be08,r8=0xffff888000152000,r9=0xffff888000152000,r10=0x0,r11=0x0,r12=0xffffc9000000bf10,r13=0xffff888007615d80,r14=0x1,r15=0xffff888007615f50
=> 0xffffffff810cdc0f <tty_write_lock+50>:	pop    %rbx
Regs: rax=0x0,rbx=0xffff888007b1d668,rcx=0x0,rdx=0xffff888000152000,rsi=0x0,rdi=0xffff888007b1d6c8,rbp=0x0,rsp=0xffffc9000000be10,r8=0xffff888000152000,r9=0xffff888000152000,r10=0x0,r11=0x0,r12=0xffffc9000000bf10,r13=0xffff888007615d80,r14=0x1,r15=0xffff888007615f50
=> 0xffffffff810cdc10 <tty_write_lock+51>:	pop    %rbp
Regs: rax=0x0,rbx=0xffff888007b1d668,rcx=0x0,rdx=0xffff888000152000,rsi=0x0,rdi=0xffff888007b1d6c8,rbp=0xffff888007615d80,rsp=0xffffc9000000be18,r8=0xffff888000152000,r9=0xffff888000152000,r10=0x0,r11=0x0,r12=0xffffc9000000bf10,r13=0xffff888007615d80,r14=0x1,r15=0xffff888007615f50
=> 0xffffffff810cdc11 <tty_write_lock+52>:	ret    
Regs: rax=0x0,rbx=0xffff888007b1d668,rcx=0x0,rdx=0xffff888000152000,rsi=0x0,rdi=0xffff888007b1d6c8,rbp=0xffff888007615d80,rsp=0xffffc9000000be20,r8=0xffff888000152000,r9=0xffff888000152000,r10=0x0,r11=0x0,r12=0xffffc9000000bf10,r13=0xffff888007615d80,r14=0x1,r15=0xffff888007615f50
=> 0xffffffff810ce47d <file_tty_write+206>:	cltq   
Regs: rax=0x0,rbx=0xffff888007b1d668,rcx=0x0,rdx=0xffff888000152000,rsi=0x0,rdi=0xffff888007b1d6c8,rbp=0xffff888007615d80,rsp=0xffffc9000000be20,r8=0xffff888000152000,r9=0xffff888000152000,r10=0x0,r11=0x0,r12=0xffffc9000000bf10,r13=0xffff888007615d80,r14=0x1,r15=0xffff888007615f50
=> 0xffffffff810ce47f <file_tty_write+208>:	test   %rax,%rax
Regs: rax=0x0,rbx=0xffff888007b1d668,rcx=0x0,rdx=0xffff888000152000,rsi=0x0,rdi=0xffff888007b1d6c8,rbp=0xffff888007615d80,rsp=0xffffc9000000be20,r8=0xffff888000152000,r9=0xffff888000152000,r10=0x0,r11=0x0,r12=0xffffc9000000bf10,r13=0xffff888007615d80,r14=0x1,r15=0xffff888007615f50
=> 0xffffffff810ce482 <file_tty_write+211>:	js     0xffffffff810ce5d9 <file_tty_write+554>
Regs: rax=0x0,rbx=0xffff888007b1d668,rcx=0x0,rdx=0xffff888000152000,rsi=0x0,rdi=0xffff888007b1d6c8,rbp=0xffff888007615d80,rsp=0xffffc9000000be20,r8=0xffff888000152000,r9=0xffff888000152000,r10=0x0,r11=0x0,r12=0xffffc9000000bf10,r13=0xffff888007615d80,r14=0x1,r15=0xffff888007615f50
=> 0xffffffff810ce488 <file_tty_write+217>:	mov    0x178(%rbx),%rax
Regs: rax=0x800,rbx=0xffff888007b1d668,rcx=0x0,rdx=0xffff888000152000,rsi=0x0,rdi=0xffff888007b1d6c8,rbp=0xffff888007615d80,rsp=0xffffc9000000be20,r8=0xffff888000152000,r9=0xffff888000152000,r10=0x0,r11=0x0,r12=0xffffc9000000bf10,r13=0xffff888007615d80,r14=0x1,r15=0xffff888007615f50
=> 0xffffffff810ce48f <file_tty_write+224>:	shr    $0x11,%rax
Regs: rax=0x0,rbx=0xffff888007b1d668,rcx=0x0,rdx=0xffff888000152000,rsi=0x0,rdi=0xffff888007b1d6c8,rbp=0xffff888007615d80,rsp=0xffffc9000000be20,r8=0xffff888000152000,r9=0xffff888000152000,r10=0x0,r11=0x0,r12=0xffffc9000000bf10,r13=0xffff888007615d80,r14=0x1,r15=0xffff888007615f50
=> 0xffffffff810ce493 <file_tty_write+228>:	and    $0x1,%eax
Regs: rax=0x0,rbx=0xffff888007b1d668,rcx=0x0,rdx=0xffff888000152000,rsi=0x0,rdi=0xffff888007b1d6c8,rbp=0xffff888007615d80,rsp=0xffffc9000000be20,r8=0xffff888000152000,r9=0xffff888000152000,r10=0x0,r11=0x0,r12=0xffffc9000000bf10,r13=0xffff888007615d80,r14=0x1,r15=0xffff888007615f50
=> 0xffffffff810ce496 <file_tty_write+231>:	cmp    $0x1,%al
Regs: rax=0x0,rbx=0xffff888007b1d668,rcx=0x0,rdx=0xffff888000152000,rsi=0x0,rdi=0xffff888007b1d6c8,rbp=0xffff888007615d80,rsp=0xffffc9000000be20,r8=0xffff888000152000,r9=0xffff888000152000,r10=0x0,r11=0x0,r12=0xffffc9000000bf10,r13=0xffff888007615d80,r14=0x1,r15=0xffff888007615f50
=> 0xffffffff810ce498 <file_tty_write+233>:	sbb    %ebp,%ebp
Regs: rax=0x0,rbx=0xffff888007b1d668,rcx=0x0,rdx=0xffff888000152000,rsi=0x0,rdi=0xffff888007b1d6c8,rbp=0xffffffff,rsp=0xffffc9000000be20,r8=0xffff888000152000,r9=0xffff888000152000,r10=0x0,r11=0x0,r12=0xffffc9000000bf10,r13=0xffff888007615d80,r14=0x1,r15=0xffff888007615f50
=> 0xffffffff810ce49a <file_tty_write+235>:	and    $0xffff0800,%ebp
Regs: rax=0x0,rbx=0xffff888007b1d668,rcx=0x0,rdx=0xffff888000152000,rsi=0x0,rdi=0xffff888007b1d6c8,rbp=0xffff0800,rsp=0xffffc9000000be20,r8=0xffff888000152000,r9=0xffff888000152000,r10=0x0,r11=0x0,r12=0xffffc9000000bf10,r13=0xffff888007615d80,r14=0x1,r15=0xffff888007615f50
=> 0xffffffff810ce4a0 <file_tty_write+241>:	lea    0x10000(%rbp),%eax
Regs: rax=0x800,rbx=0xffff888007b1d668,rcx=0x0,rdx=0xffff888000152000,rsi=0x0,rdi=0xffff888007b1d6c8,rbp=0xffff0800,rsp=0xffffc9000000be20,r8=0xffff888000152000,r9=0xffff888000152000,r10=0x0,r11=0x0,r12=0xffffc9000000bf10,r13=0xffff888007615d80,r14=0x1,r15=0xffff888007615f50
=> 0xffffffff810ce4a6 <file_tty_write+247>:	mov    %rax,%rbp
Regs: rax=0x800,rbx=0xffff888007b1d668,rcx=0x0,rdx=0xffff888000152000,rsi=0x0,rdi=0xffff888007b1d6c8,rbp=0x800,rsp=0xffffc9000000be20,r8=0xffff888000152000,r9=0xffff888000152000,r10=0x0,r11=0x0,r12=0xffffc9000000bf10,r13=0xffff888007615d80,r14=0x1,r15=0xffff888007615f50
=> 0xffffffff810ce4a9 <file_tty_write+250>:	cmp    %rax,%r14
Regs: rax=0x800,rbx=0xffff888007b1d668,rcx=0x0,rdx=0xffff888000152000,rsi=0x0,rdi=0xffff888007b1d6c8,rbp=0x800,rsp=0xffffc9000000be20,r8=0xffff888000152000,r9=0xffff888000152000,r10=0x0,r11=0x0,r12=0xffffc9000000bf10,r13=0xffff888007615d80,r14=0x1,r15=0xffff888007615f50
=> 0xffffffff810ce4ac <file_tty_write+253>:	cmovb  %r14d,%ebp
Regs: rax=0x800,rbx=0xffff888007b1d668,rcx=0x0,rdx=0xffff888000152000,rsi=0x0,rdi=0xffff888007b1d6c8,rbp=0x1,rsp=0xffffc9000000be20,r8=0xffff888000152000,r9=0xffff888000152000,r10=0x0,r11=0x0,r12=0xffffc9000000bf10,r13=0xffff888007615d80,r14=0x1,r15=0xffff888007615f50
=> 0xffffffff810ce4b0 <file_tty_write+257>:	cmp    %ebp,0x240(%rbx)
Regs: rax=0x800,rbx=0xffff888007b1d668,rcx=0x0,rdx=0xffff888000152000,rsi=0x0,rdi=0xffff888007b1d6c8,rbp=0x1,rsp=0xffffc9000000be20,r8=0xffff888000152000,r9=0xffff888000152000,r10=0x0,r11=0x0,r12=0xffffc9000000bf10,r13=0xffff888007615d80,r14=0x1,r15=0xffff888007615f50
=> 0xffffffff810ce4b6 <file_tty_write+263>:	jae    0xffffffff810ce4fd <file_tty_write+334>
Regs: rax=0x800,rbx=0xffff888007b1d668,rcx=0x0,rdx=0xffff888000152000,rsi=0x0,rdi=0xffff888007b1d6c8,rbp=0x1,rsp=0xffffc9000000be20,r8=0xffff888000152000,r9=0xffff888000152000,r10=0x0,r11=0x0,r12=0xffffc9000000bf10,r13=0xffff888007615d80,r14=0x1,r15=0xffff888007615f50
=> 0xffffffff810ce4fd <file_tty_write+334>:	xor    %eax,%eax
Regs: rax=0x0,rbx=0xffff888007b1d668,rcx=0x0,rdx=0xffff888000152000,rsi=0x0,rdi=0xffff888007b1d6c8,rbp=0x1,rsp=0xffffc9000000be20,r8=0xffff888000152000,r9=0xffff888000152000,r10=0x0,r11=0x0,r12=0xffffc9000000bf10,r13=0xffff888007615d80,r14=0x1,r15=0xffff888007615f50
=> 0xffffffff810ce4ff <file_tty_write+336>:	mov    %rax,(%rsp)
Regs: rax=0x0,rbx=0xffff888007b1d668,rcx=0x0,rdx=0xffff888000152000,rsi=0x0,rdi=0xffff888007b1d6c8,rbp=0x1,rsp=0xffffc9000000be20,r8=0xffff888000152000,r9=0xffff888000152000,r10=0x0,r11=0x0,r12=0xffffc9000000bf10,r13=0xffff888007615d80,r14=0x1,r15=0xffff888007615f50
=> 0xffffffff810ce503 <file_tty_write+340>:	mov    0xffffffff81836040,%rax
Regs: rax=0xffff888000152000,rbx=0xffff888007b1d668,rcx=0x0,rdx=0xffff888000152000,rsi=0x0,rdi=0xffff888007b1d6c8,rbp=0x1,rsp=0xffffc9000000be20,r8=0xffff888000152000,r9=0xffff888000152000,r10=0x0,r11=0x0,r12=0xffffc9000000bf10,r13=0xffff888007615d80,r14=0x1,r15=0xffff888007615f50
=> 0xffffffff810ce50b <file_tty_write+348>:	mov    %rax,0x18(%rsp)
Regs: rax=0xffff888000152000,rbx=0xffff888007b1d668,rcx=0x0,rdx=0xffff888000152000,rsi=0x0,rdi=0xffff888007b1d6c8,rbp=0x1,rsp=0xffffc9000000be20,r8=0xffff888000152000,r9=0xffff888000152000,r10=0x0,r11=0x0,r12=0xffffc9000000bf10,r13=0xffff888007615d80,r14=0x1,r15=0xffff888007615f50
=> 0xffffffff810ce510 <file_tty_write+353>:	mov    %ebp,%r12d
Regs: rax=0xffff888000152000,rbx=0xffff888007b1d668,rcx=0x0,rdx=0xffff888000152000,rsi=0x0,rdi=0xffff888007b1d6c8,rbp=0x1,rsp=0xffffc9000000be20,r8=0xffff888000152000,r9=0xffff888000152000,r10=0x0,r11=0x0,r12=0x1,r13=0xffff888007615d80,r14=0x1,r15=0xffff888007615f50
=> 0xffffffff810ce513 <file_tty_write+356>:	mov    0x238(%rbx),%rdi
Regs: rax=0xffff888000152000,rbx=0xffff888007b1d668,rcx=0x0,rdx=0xffff888000152000,rsi=0x0,rdi=0xffff88800752fc00,rbp=0x1,rsp=0xffffc9000000be20,r8=0xffff888000152000,r9=0xffff888000152000,r10=0x0,r11=0x0,r12=0x1,r13=0xffff888007615d80,r14=0x1,r15=0xffff888007615f50
=> 0xffffffff810ce51a <file_tty_write+363>:	mov    0x8(%rsp),%rdx
Regs: rax=0xffff888000152000,rbx=0xffff888007b1d668,rcx=0x0,rdx=0xffffc9000000be80,rsi=0x0,rdi=0xffff88800752fc00,rbp=0x1,rsp=0xffffc9000000be20,r8=0xffff888000152000,r9=0xffff888000152000,r10=0x0,r11=0x0,r12=0x1,r13=0xffff888007615d80,r14=0x1,r15=0xffff888007615f50
=> 0xffffffff810ce51f <file_tty_write+368>:	cmp    %r14,%r12
Regs: rax=0xffff888000152000,rbx=0xffff888007b1d668,rcx=0x0,rdx=0xffffc9000000be80,rsi=0x0,rdi=0xffff88800752fc00,rbp=0x1,rsp=0xffffc9000000be20,r8=0xffff888000152000,r9=0xffff888000152000,r10=0x0,r11=0x0,r12=0x1,r13=0xffff888007615d80,r14=0x1,r15=0xffff888007615f50
=> 0xffffffff810ce522 <file_tty_write+371>:	cmova  %r14,%r12
Regs: rax=0xffff888000152000,rbx=0xffff888007b1d668,rcx=0x0,rdx=0xffffc9000000be80,rsi=0x0,rdi=0xffff88800752fc00,rbp=0x1,rsp=0xffffc9000000be20,r8=0xffff888000152000,r9=0xffff888000152000,r10=0x0,r11=0x0,r12=0x1,r13=0xffff888007615d80,r14=0x1,r15=0xffff888007615f50
=> 0xffffffff810ce526 <file_tty_write+375>:	mov    %r12,%rsi
Regs: rax=0xffff888000152000,rbx=0xffff888007b1d668,rcx=0x0,rdx=0xffffc9000000be80,rsi=0x1,rdi=0xffff88800752fc00,rbp=0x1,rsp=0xffffc9000000be20,r8=0xffff888000152000,r9=0xffff888000152000,r10=0x0,r11=0x0,r12=0x1,r13=0xffff888007615d80,r14=0x1,r15=0xffff888007615f50
=> 0xffffffff810ce529 <file_tty_write+378>:	call   0xffffffff810afbb1 <_copy_from_iter>
Regs: rax=0xffff888000152000,rbx=0xffff888007b1d668,rcx=0x0,rdx=0xffffc9000000be80,rsi=0x1,rdi=0xffff88800752fc00,rbp=0x1,rsp=0xffffc9000000be18,r8=0xffff888000152000,r9=0xffff888000152000,r10=0x0,r11=0x0,r12=0x1,r13=0xffff888007615d80,r14=0x1,r15=0xffff888007615f50
=> 0xffffffff810afbb1 <_copy_from_iter>:	push   %r15
Regs: rax=0xffff888000152000,rbx=0xffff888007b1d668,rcx=0x0,rdx=0xffffc9000000be80,rsi=0x1,rdi=0xffff88800752fc00,rbp=0x1,rsp=0xffffc9000000be10,r8=0xffff888000152000,r9=0xffff888000152000,r10=0x0,r11=0x0,r12=0x1,r13=0xffff888007615d80,r14=0x1,r15=0xffff888007615f50
=> 0xffffffff810afbb3 <_copy_from_iter+2>:	push   %r14
Regs: rax=0xffff888000152000,rbx=0xffff888007b1d668,rcx=0x0,rdx=0xffffc9000000be80,rsi=0x1,rdi=0xffff88800752fc00,rbp=0x1,rsp=0xffffc9000000be08,r8=0xffff888000152000,r9=0xffff888000152000,r10=0x0,r11=0x0,r12=0x1,r13=0xffff888007615d80,r14=0x1,r15=0xffff888007615f50
=> 0xffffffff810afbb5 <_copy_from_iter+4>:	push   %r13
Regs: rax=0xffff888000152000,rbx=0xffff888007b1d668,rcx=0x0,rdx=0xffffc9000000be80,rsi=0x1,rdi=0xffff88800752fc00,rbp=0x1,rsp=0xffffc9000000be00,r8=0xffff888000152000,r9=0xffff888000152000,r10=0x0,r11=0x0,r12=0x1,r13=0xffff888007615d80,r14=0x1,r15=0xffff888007615f50
=> 0xffffffff810afbb7 <_copy_from_iter+6>:	push   %r12
Regs: rax=0xffff888000152000,rbx=0xffff888007b1d668,rcx=0x0,rdx=0xffffc9000000be80,rsi=0x1,rdi=0xffff88800752fc00,rbp=0x1,rsp=0xffffc9000000bdf8,r8=0xffff888000152000,r9=0xffff888000152000,r10=0x0,r11=0x0,r12=0x1,r13=0xffff888007615d80,r14=0x1,r15=0xffff888007615f50
=> 0xffffffff810afbb9 <_copy_from_iter+8>:	push   %rbp
Regs: rax=0xffff888000152000,rbx=0xffff888007b1d668,rcx=0x0,rdx=0xffffc9000000be80,rsi=0x1,rdi=0xffff88800752fc00,rbp=0x1,rsp=0xffffc9000000bdf0,r8=0xffff888000152000,r9=0xffff888000152000,r10=0x0,r11=0x0,r12=0x1,r13=0xffff888007615d80,r14=0x1,r15=0xffff888007615f50
=> 0xffffffff810afbba <_copy_from_iter+9>:	xor    %ebp,%ebp
Regs: rax=0xffff888000152000,rbx=0xffff888007b1d668,rcx=0x0,rdx=0xffffc9000000be80,rsi=0x1,rdi=0xffff88800752fc00,rbp=0x0,rsp=0xffffc9000000bdf0,r8=0xffff888000152000,r9=0xffff888000152000,r10=0x0,r11=0x0,r12=0x1,r13=0xffff888007615d80,r14=0x1,r15=0xffff888007615f50
=> 0xffffffff810afbbc <_copy_from_iter+11>:	push   %rbx
Regs: rax=0xffff888000152000,rbx=0xffff888007b1d668,rcx=0x0,rdx=0xffffc9000000be80,rsi=0x1,rdi=0xffff88800752fc00,rbp=0x0,rsp=0xffffc9000000bde8,r8=0xffff888000152000,r9=0xffff888000152000,r10=0x0,r11=0x0,r12=0x1,r13=0xffff888007615d80,r14=0x1,r15=0xffff888007615f50
=> 0xffffffff810afbbd <_copy_from_iter+12>:	sub    $0x40,%rsp
Regs: rax=0xffff888000152000,rbx=0xffff888007b1d668,rcx=0x0,rdx=0xffffc9000000be80,rsi=0x1,rdi=0xffff88800752fc00,rbp=0x0,rsp=0xffffc9000000bda8,r8=0xffff888000152000,r9=0xffff888000152000,r10=0x0,r11=0x0,r12=0x1,r13=0xffff888007615d80,r14=0x1,r15=0xffff888007615f50
=> 0xffffffff810afbc1 <_copy_from_iter+16>:	mov    (%rdx),%al
Regs: rax=0xffff888000152006,rbx=0xffff888007b1d668,rcx=0x0,rdx=0xffffc9000000be80,rsi=0x1,rdi=0xffff88800752fc00,rbp=0x0,rsp=0xffffc9000000bda8,r8=0xffff888000152000,r9=0xffff888000152000,r10=0x0,r11=0x0,r12=0x1,r13=0xffff888007615d80,r14=0x1,r15=0xffff888007615f50
=> 0xffffffff810afbc3 <_copy_from_iter+18>:	cmp    $0x3,%al
Regs: rax=0xffff888000152006,rbx=0xffff888007b1d668,rcx=0x0,rdx=0xffffc9000000be80,rsi=0x1,rdi=0xffff88800752fc00,rbp=0x0,rsp=0xffffc9000000bda8,r8=0xffff888000152000,r9=0xffff888000152000,r10=0x0,r11=0x0,r12=0x1,r13=0xffff888007615d80,r14=0x1,r15=0xffff888007615f50
=> 0xffffffff810afbc5 <_copy_from_iter+20>:	je     0xffffffff810afebf <_copy_from_iter+782>
Regs: rax=0xffff888000152006,rbx=0xffff888007b1d668,rcx=0x0,rdx=0xffffc9000000be80,rsi=0x1,rdi=0xffff88800752fc00,rbp=0x0,rsp=0xffffc9000000bda8,r8=0xffff888000152000,r9=0xffff888000152000,r10=0x0,r11=0x0,r12=0x1,r13=0xffff888007615d80,r14=0x1,r15=0xffff888007615f50
=> 0xffffffff810afbcb <_copy_from_iter+26>:	mov    0x10(%rdx),%rbp
Regs: rax=0xffff888000152006,rbx=0xffff888007b1d668,rcx=0x0,rdx=0xffffc9000000be80,rsi=0x1,rdi=0xffff88800752fc00,rbp=0x1,rsp=0xffffc9000000bda8,r8=0xffff888000152000,r9=0xffff888000152000,r10=0x0,r11=0x0,r12=0x1,r13=0xffff888007615d80,r14=0x1,r15=0xffff888007615f50
=> 0xffffffff810afbcf <_copy_from_iter+30>:	mov    %rdx,%rbx
Regs: rax=0xffff888000152006,rbx=0xffffc9000000be80,rcx=0x0,rdx=0xffffc9000000be80,rsi=0x1,rdi=0xffff88800752fc00,rbp=0x1,rsp=0xffffc9000000bda8,r8=0xffff888000152000,r9=0xffff888000152000,r10=0x0,r11=0x0,r12=0x1,r13=0xffff888007615d80,r14=0x1,r15=0xffff888007615f50
=> 0xffffffff810afbd2 <_copy_from_iter+33>:	cmp    %rbp,%rsi
Regs: rax=0xffff888000152006,rbx=0xffffc9000000be80,rcx=0x0,rdx=0xffffc9000000be80,rsi=0x1,rdi=0xffff88800752fc00,rbp=0x1,rsp=0xffffc9000000bda8,r8=0xffff888000152000,r9=0xffff888000152000,r10=0x0,r11=0x0,r12=0x1,r13=0xffff888007615d80,r14=0x1,r15=0xffff888007615f50
=> 0xffffffff810afbd5 <_copy_from_iter+36>:	cmovbe %rsi,%rbp
Regs: rax=0xffff888000152006,rbx=0xffffc9000000be80,rcx=0x0,rdx=0xffffc9000000be80,rsi=0x1,rdi=0xffff88800752fc00,rbp=0x1,rsp=0xffffc9000000bda8,r8=0xffff888000152000,r9=0xffff888000152000,r10=0x0,r11=0x0,r12=0x1,r13=0xffff888007615d80,r14=0x1,r15=0xffff888007615f50
=> 0xffffffff810afbd9 <_copy_from_iter+40>:	test   %rbp,%rbp
Regs: rax=0xffff888000152006,rbx=0xffffc9000000be80,rcx=0x0,rdx=0xffffc9000000be80,rsi=0x1,rdi=0xffff88800752fc00,rbp=0x1,rsp=0xffffc9000000bda8,r8=0xffff888000152000,r9=0xffff888000152000,r10=0x0,r11=0x0,r12=0x1,r13=0xffff888007615d80,r14=0x1,r15=0xffff888007615f50
=> 0xffffffff810afbdc <_copy_from_iter+43>:	je     0xffffffff810afebf <_copy_from_iter+782>
Regs: rax=0xffff888000152006,rbx=0xffffc9000000be80,rcx=0x0,rdx=0xffffc9000000be80,rsi=0x1,rdi=0xffff88800752fc00,rbp=0x1,rsp=0xffffc9000000bda8,r8=0xffff888000152000,r9=0xffff888000152000,r10=0x0,r11=0x0,r12=0x1,r13=0xffff888007615d80,r14=0x1,r15=0xffff888007615f50
=> 0xffffffff810afbe2 <_copy_from_iter+49>:	mov    %rdi,%r12
Regs: rax=0xffff888000152006,rbx=0xffffc9000000be80,rcx=0x0,rdx=0xffffc9000000be80,rsi=0x1,rdi=0xffff88800752fc00,rbp=0x1,rsp=0xffffc9000000bda8,r8=0xffff888000152000,r9=0xffff888000152000,r10=0x0,r11=0x0,r12=0xffff88800752fc00,r13=0xffff888007615d80,r14=0x1,r15=0xffff888007615f50
=> 0xffffffff810afbe5 <_copy_from_iter+52>:	cmp    $0x6,%al
Regs: rax=0xffff888000152006,rbx=0xffffc9000000be80,rcx=0x0,rdx=0xffffc9000000be80,rsi=0x1,rdi=0xffff88800752fc00,rbp=0x1,rsp=0xffffc9000000bda8,r8=0xffff888000152000,r9=0xffff888000152000,r10=0x0,r11=0x0,r12=0xffff88800752fc00,r13=0xffff888007615d80,r14=0x1,r15=0xffff888007615f50
=> 0xffffffff810afbe7 <_copy_from_iter+54>:	jne    0xffffffff810afc1e <_copy_from_iter+109>
Regs: rax=0xffff888000152006,rbx=0xffffc9000000be80,rcx=0x0,rdx=0xffffc9000000be80,rsi=0x1,rdi=0xffff88800752fc00,rbp=0x1,rsp=0xffffc9000000bda8,r8=0xffff888000152000,r9=0xffff888000152000,r10=0x0,r11=0x0,r12=0xffff88800752fc00,r13=0xffff888007615d80,r14=0x1,r15=0xffff888007615f50
=> 0xffffffff810afbe9 <_copy_from_iter+56>:	mov    0x8(%rdx),%rcx
Regs: rax=0xffff888000152006,rbx=0xffffc9000000be80,rcx=0x0,rdx=0xffffc9000000be80,rsi=0x1,rdi=0xffff88800752fc00,rbp=0x1,rsp=0xffffc9000000bda8,r8=0xffff888000152000,r9=0xffff888000152000,r10=0x0,r11=0x0,r12=0xffff88800752fc00,r13=0xffff888007615d80,r14=0x1,r15=0xffff888007615f50
=> 0xffffffff810afbed <_copy_from_iter+60>:	add    0x18(%rdx),%rcx
Regs: rax=0xffff888000152006,rbx=0xffffc9000000be80,rcx=0xd64740,rdx=0xffffc9000000be80,rsi=0x1,rdi=0xffff88800752fc00,rbp=0x1,rsp=0xffffc9000000bda8,r8=0xffff888000152000,r9=0xffff888000152000,r10=0x0,r11=0x0,r12=0xffff88800752fc00,r13=0xffff888007615d80,r14=0x1,r15=0xffff888007615f50
=> 0xffffffff810afbf1 <_copy_from_iter+64>:	mov    %rbp,%rsi
Regs: rax=0xffff888000152006,rbx=0xffffc9000000be80,rcx=0xd64740,rdx=0xffffc9000000be80,rsi=0x1,rdi=0xffff88800752fc00,rbp=0x1,rsp=0xffffc9000000bda8,r8=0xffff888000152000,r9=0xffff888000152000,r10=0x0,r11=0x0,r12=0xffff88800752fc00,r13=0xffff888007615d80,r14=0x1,r15=0xffff888007615f50
=> 0xffffffff810afbf4 <_copy_from_iter+67>:	mov    %rcx,%rdi
Regs: rax=0xffff888000152006,rbx=0xffffc9000000be80,rcx=0xd64740,rdx=0xffffc9000000be80,rsi=0x1,rdi=0xd64740,rbp=0x1,rsp=0xffffc9000000bda8,r8=0xffff888000152000,r9=0xffff888000152000,r10=0x0,r11=0x0,r12=0xffff88800752fc00,r13=0xffff888007615d80,r14=0x1,r15=0xffff888007615f50
=> 0xffffffff810afbf7 <_copy_from_iter+70>:	call   0xffffffff810af315 <__access_ok>
Regs: rax=0xffff888000152006,rbx=0xffffc9000000be80,rcx=0xd64740,rdx=0xffffc9000000be80,rsi=0x1,rdi=0xd64740,rbp=0x1,rsp=0xffffc9000000bda0,r8=0xffff888000152000,r9=0xffff888000152000,r10=0x0,r11=0x0,r12=0xffff88800752fc00,r13=0xffff888007615d80,r14=0x1,r15=0xffff888007615f50
=> 0xffffffff810af315 <__access_ok>:	movabs $0x7ffffffff000,%rax
Regs: rax=0x7ffffffff000,rbx=0xffffc9000000be80,rcx=0xd64740,rdx=0xffffc9000000be80,rsi=0x1,rdi=0xd64740,rbp=0x1,rsp=0xffffc9000000bda0,r8=0xffff888000152000,r9=0xffff888000152000,r10=0x0,r11=0x0,r12=0xffff88800752fc00,r13=0xffff888007615d80,r14=0x1,r15=0xffff888007615f50
=> 0xffffffff810af31f <__access_ok+10>:	xor    %edx,%edx
Regs: rax=0x7ffffffff000,rbx=0xffffc9000000be80,rcx=0xd64740,rdx=0x0,rsi=0x1,rdi=0xd64740,rbp=0x1,rsp=0xffffc9000000bda0,r8=0xffff888000152000,r9=0xffff888000152000,r10=0x0,r11=0x0,r12=0xffff88800752fc00,r13=0xffff888007615d80,r14=0x1,r15=0xffff888007615f50
=> 0xffffffff810af321 <__access_ok+12>:	cmp    %rsi,%rax
Regs: rax=0x7ffffffff000,rbx=0xffffc9000000be80,rcx=0xd64740,rdx=0x0,rsi=0x1,rdi=0xd64740,rbp=0x1,rsp=0xffffc9000000bda0,r8=0xffff888000152000,r9=0xffff888000152000,r10=0x0,r11=0x0,r12=0xffff88800752fc00,r13=0xffff888007615d80,r14=0x1,r15=0xffff888007615f50
=> 0xffffffff810af324 <__access_ok+15>:	jb     0xffffffff810af331 <__access_ok+28>
Regs: rax=0x7ffffffff000,rbx=0xffffc9000000be80,rcx=0xd64740,rdx=0x0,rsi=0x1,rdi=0xd64740,rbp=0x1,rsp=0xffffc9000000bda0,r8=0xffff888000152000,r9=0xffff888000152000,r10=0x0,r11=0x0,r12=0xffff88800752fc00,r13=0xffff888007615d80,r14=0x1,r15=0xffff888007615f50
=> 0xffffffff810af326 <__access_ok+17>:	sub    %rsi,%rax
Regs: rax=0x7fffffffefff,rbx=0xffffc9000000be80,rcx=0xd64740,rdx=0x0,rsi=0x1,rdi=0xd64740,rbp=0x1,rsp=0xffffc9000000bda0,r8=0xffff888000152000,r9=0xffff888000152000,r10=0x0,r11=0x0,r12=0xffff88800752fc00,r13=0xffff888007615d80,r14=0x1,r15=0xffff888007615f50
=> 0xffffffff810af329 <__access_ok+20>:	xor    %edx,%edx
Regs: rax=0x7fffffffefff,rbx=0xffffc9000000be80,rcx=0xd64740,rdx=0x0,rsi=0x1,rdi=0xd64740,rbp=0x1,rsp=0xffffc9000000bda0,r8=0xffff888000152000,r9=0xffff888000152000,r10=0x0,r11=0x0,r12=0xffff88800752fc00,r13=0xffff888007615d80,r14=0x1,r15=0xffff888007615f50
=> 0xffffffff810af32b <__access_ok+22>:	cmp    %rdi,%rax
Regs: rax=0x7fffffffefff,rbx=0xffffc9000000be80,rcx=0xd64740,rdx=0x0,rsi=0x1,rdi=0xd64740,rbp=0x1,rsp=0xffffc9000000bda0,r8=0xffff888000152000,r9=0xffff888000152000,r10=0x0,r11=0x0,r12=0xffff88800752fc00,r13=0xffff888007615d80,r14=0x1,r15=0xffff888007615f50
=> 0xffffffff810af32e <__access_ok+25>:	setae  %dl
Regs: rax=0x7fffffffefff,rbx=0xffffc9000000be80,rcx=0xd64740,rdx=0x1,rsi=0x1,rdi=0xd64740,rbp=0x1,rsp=0xffffc9000000bda0,r8=0xffff888000152000,r9=0xffff888000152000,r10=0x0,r11=0x0,r12=0xffff88800752fc00,r13=0xffff888007615d80,r14=0x1,r15=0xffff888007615f50
=> 0xffffffff810af331 <__access_ok+28>:	mov    %edx,%eax
Regs: rax=0x1,rbx=0xffffc9000000be80,rcx=0xd64740,rdx=0x1,rsi=0x1,rdi=0xd64740,rbp=0x1,rsp=0xffffc9000000bda0,r8=0xffff888000152000,r9=0xffff888000152000,r10=0x0,r11=0x0,r12=0xffff88800752fc00,r13=0xffff888007615d80,r14=0x1,r15=0xffff888007615f50
=> 0xffffffff810af333 <__access_ok+30>:	ret    
Regs: rax=0x1,rbx=0xffffc9000000be80,rcx=0xd64740,rdx=0x1,rsi=0x1,rdi=0xd64740,rbp=0x1,rsp=0xffffc9000000bda8,r8=0xffff888000152000,r9=0xffff888000152000,r10=0x0,r11=0x0,r12=0xffff88800752fc00,r13=0xffff888007615d80,r14=0x1,r15=0xffff888007615f50
=> 0xffffffff810afbfc <_copy_from_iter+75>:	mov    %eax,%edx
Regs: rax=0x1,rbx=0xffffc9000000be80,rcx=0xd64740,rdx=0x1,rsi=0x1,rdi=0xd64740,rbp=0x1,rsp=0xffffc9000000bda8,r8=0xffff888000152000,r9=0xffff888000152000,r10=0x0,r11=0x0,r12=0xffff88800752fc00,r13=0xffff888007615d80,r14=0x1,r15=0xffff888007615f50
=> 0xffffffff810afbfe <_copy_from_iter+77>:	mov    %rbp,%rax
Regs: rax=0x1,rbx=0xffffc9000000be80,rcx=0xd64740,rdx=0x1,rsi=0x1,rdi=0xd64740,rbp=0x1,rsp=0xffffc9000000bda8,r8=0xffff888000152000,r9=0xffff888000152000,r10=0x0,r11=0x0,r12=0xffff88800752fc00,r13=0xffff888007615d80,r14=0x1,r15=0xffff888007615f50
=> 0xffffffff810afc01 <_copy_from_iter+80>:	test   %edx,%edx
Regs: rax=0x1,rbx=0xffffc9000000be80,rcx=0xd64740,rdx=0x1,rsi=0x1,rdi=0xd64740,rbp=0x1,rsp=0xffffc9000000bda8,r8=0xffff888000152000,r9=0xffff888000152000,r10=0x0,r11=0x0,r12=0xffff88800752fc00,r13=0xffff888007615d80,r14=0x1,r15=0xffff888007615f50
=> 0xffffffff810afc03 <_copy_from_iter+82>:	je     0xffffffff810afc14 <_copy_from_iter+99>
Regs: rax=0x1,rbx=0xffffc9000000be80,rcx=0xd64740,rdx=0x1,rsi=0x1,rdi=0xd64740,rbp=0x1,rsp=0xffffc9000000bda8,r8=0xffff888000152000,r9=0xffff888000152000,r10=0x0,r11=0x0,r12=0xffff88800752fc00,r13=0xffff888007615d80,r14=0x1,r15=0xffff888007615f50
=> 0xffffffff810afc05 <_copy_from_iter+84>:	mov    %r12,%rdi
Regs: rax=0x1,rbx=0xffffc9000000be80,rcx=0xd64740,rdx=0x1,rsi=0x1,rdi=0xffff88800752fc00,rbp=0x1,rsp=0xffffc9000000bda8,r8=0xffff888000152000,r9=0xffff888000152000,r10=0x0,r11=0x0,r12=0xffff88800752fc00,r13=0xffff888007615d80,r14=0x1,r15=0xffff888007615f50
=> 0xffffffff810afc08 <_copy_from_iter+87>:	mov    %rcx,%rsi
Regs: rax=0x1,rbx=0xffffc9000000be80,rcx=0xd64740,rdx=0x1,rsi=0xd64740,rdi=0xffff88800752fc00,rbp=0x1,rsp=0xffffc9000000bda8,r8=0xffff888000152000,r9=0xffff888000152000,r10=0x0,r11=0x0,r12=0xffff88800752fc00,r13=0xffff888007615d80,r14=0x1,r15=0xffff888007615f50
=> 0xffffffff810afc0b <_copy_from_iter+90>:	mov    %ebp,%edx
Regs: rax=0x1,rbx=0xffffc9000000be80,rcx=0xd64740,rdx=0x1,rsi=0xd64740,rdi=0xffff88800752fc00,rbp=0x1,rsp=0xffffc9000000bda8,r8=0xffff888000152000,r9=0xffff888000152000,r10=0x0,r11=0x0,r12=0xffff88800752fc00,r13=0xffff888007615d80,r14=0x1,r15=0xffff888007615f50
=> 0xffffffff810afc0d <_copy_from_iter+92>:	call   0xffffffff811183e0 <copy_user_enhanced_fast_string>
Regs: rax=0x1,rbx=0xffffc9000000be80,rcx=0xd64740,rdx=0x1,rsi=0xd64740,rdi=0xffff88800752fc00,rbp=0x1,rsp=0xffffc9000000bda0,r8=0xffff888000152000,r9=0xffff888000152000,r10=0x0,r11=0x0,r12=0xffff88800752fc00,r13=0xffff888007615d80,r14=0x1,r15=0xffff888007615f50
=> 0xffffffff811183e0 <copy_user_enhanced_fast_string>:	stac   
Regs: rax=0x1,rbx=0xffffc9000000be80,rcx=0xd64740,rdx=0x1,rsi=0xd64740,rdi=0xffff88800752fc00,rbp=0x1,rsp=0xffffc9000000bda0,r8=0xffff888000152000,r9=0xffff888000152000,r10=0x0,r11=0x0,r12=0xffff88800752fc00,r13=0xffff888007615d80,r14=0x1,r15=0xffff888007615f50
=> 0xffffffff811183e3 <copy_user_enhanced_fast_string+3>:	cmp    $0x40,%edx
Regs: rax=0x1,rbx=0xffffc9000000be80,rcx=0xd64740,rdx=0x1,rsi=0xd64740,rdi=0xffff88800752fc00,rbp=0x1,rsp=0xffffc9000000bda0,r8=0xffff888000152000,r9=0xffff888000152000,r10=0x0,r11=0x0,r12=0xffff88800752fc00,r13=0xffff888007615d80,r14=0x1,r15=0xffff888007615f50
=> 0xffffffff811183e6 <copy_user_enhanced_fast_string+6>:	jb     0xffffffff81118420 <copy_user_short_string>
Regs: rax=0x1,rbx=0xffffc9000000be80,rcx=0xd64740,rdx=0x1,rsi=0xd64740,rdi=0xffff88800752fc00,rbp=0x1,rsp=0xffffc9000000bda0,r8=0xffff888000152000,r9=0xffff888000152000,r10=0x0,r11=0x0,r12=0xffff88800752fc00,r13=0xffff888007615d80,r14=0x1,r15=0xffff888007615f50
=> 0xffffffff81118420 <copy_user_short_string>:	mov    %edx,%ecx
Regs: rax=0x1,rbx=0xffffc9000000be80,rcx=0x1,rdx=0x1,rsi=0xd64740,rdi=0xffff88800752fc00,rbp=0x1,rsp=0xffffc9000000bda0,r8=0xffff888000152000,r9=0xffff888000152000,r10=0x0,r11=0x0,r12=0xffff88800752fc00,r13=0xffff888007615d80,r14=0x1,r15=0xffff888007615f50
=> 0xffffffff81118422 <copy_user_short_string+2>:	and    $0x7,%edx
Regs: rax=0x1,rbx=0xffffc9000000be80,rcx=0x1,rdx=0x1,rsi=0xd64740,rdi=0xffff88800752fc00,rbp=0x1,rsp=0xffffc9000000bda0,r8=0xffff888000152000,r9=0xffff888000152000,r10=0x0,r11=0x0,r12=0xffff88800752fc00,r13=0xffff888007615d80,r14=0x1,r15=0xffff888007615f50
=> 0xffffffff81118425 <copy_user_short_string+5>:	shr    $0x3,%ecx
Regs: rax=0x1,rbx=0xffffc9000000be80,rcx=0x0,rdx=0x1,rsi=0xd64740,rdi=0xffff88800752fc00,rbp=0x1,rsp=0xffffc9000000bda0,r8=0xffff888000152000,r9=0xffff888000152000,r10=0x0,r11=0x0,r12=0xffff88800752fc00,r13=0xffff888007615d80,r14=0x1,r15=0xffff888007615f50
=> 0xffffffff81118428 <copy_user_short_string+8>:	je     0xffffffff8111843c <copy_user_short_string+28>
Regs: rax=0x1,rbx=0xffffc9000000be80,rcx=0x0,rdx=0x1,rsi=0xd64740,rdi=0xffff88800752fc00,rbp=0x1,rsp=0xffffc9000000bda0,r8=0xffff888000152000,r9=0xffff888000152000,r10=0x0,r11=0x0,r12=0xffff88800752fc00,r13=0xffff888007615d80,r14=0x1,r15=0xffff888007615f50
=> 0xffffffff8111843c <copy_user_short_string+28>:	and    %edx,%edx
Regs: rax=0x1,rbx=0xffffc9000000be80,rcx=0x0,rdx=0x1,rsi=0xd64740,rdi=0xffff88800752fc00,rbp=0x1,rsp=0xffffc9000000bda0,r8=0xffff888000152000,r9=0xffff888000152000,r10=0x0,r11=0x0,r12=0xffff88800752fc00,r13=0xffff888007615d80,r14=0x1,r15=0xffff888007615f50
=> 0xffffffff8111843e <copy_user_short_string+30>:	je     0xffffffff81118450 <copy_user_short_string+48>
Regs: rax=0x1,rbx=0xffffc9000000be80,rcx=0x0,rdx=0x1,rsi=0xd64740,rdi=0xffff88800752fc00,rbp=0x1,rsp=0xffffc9000000bda0,r8=0xffff888000152000,r9=0xffff888000152000,r10=0x0,r11=0x0,r12=0xffff88800752fc00,r13=0xffff888007615d80,r14=0x1,r15=0xffff888007615f50
=> 0xffffffff81118440 <copy_user_short_string+32>:	mov    %edx,%ecx
Regs: rax=0x1,rbx=0xffffc9000000be80,rcx=0x1,rdx=0x1,rsi=0xd64740,rdi=0xffff88800752fc00,rbp=0x1,rsp=0xffffc9000000bda0,r8=0xffff888000152000,r9=0xffff888000152000,r10=0x0,r11=0x0,r12=0xffff88800752fc00,r13=0xffff888007615d80,r14=0x1,r15=0xffff888007615f50
=> 0xffffffff81118442 <copy_user_short_string+34>:	mov    (%rsi),%al
Regs: rax=0x6c,rbx=0xffffc9000000be80,rcx=0x1,rdx=0x1,rsi=0xd64740,rdi=0xffff88800752fc00,rbp=0x1,rsp=0xffffc9000000bda0,r8=0xffff888000152000,r9=0xffff888000152000,r10=0x0,r11=0x0,r12=0xffff88800752fc00,r13=0xffff888007615d80,r14=0x1,r15=0xffff888007615f50
=> 0xffffffff81118444 <copy_user_short_string+36>:	mov    %al,(%rdi)
Regs: rax=0x6c,rbx=0xffffc9000000be80,rcx=0x1,rdx=0x1,rsi=0xd64740,rdi=0xffff88800752fc00,rbp=0x1,rsp=0xffffc9000000bda0,r8=0xffff888000152000,r9=0xffff888000152000,r10=0x0,r11=0x0,r12=0xffff88800752fc00,r13=0xffff888007615d80,r14=0x1,r15=0xffff888007615f50
=> 0xffffffff81118446 <copy_user_short_string+38>:	inc    %rsi
Regs: rax=0x6c,rbx=0xffffc9000000be80,rcx=0x1,rdx=0x1,rsi=0xd64741,rdi=0xffff88800752fc00,rbp=0x1,rsp=0xffffc9000000bda0,r8=0xffff888000152000,r9=0xffff888000152000,r10=0x0,r11=0x0,r12=0xffff88800752fc00,r13=0xffff888007615d80,r14=0x1,r15=0xffff888007615f50
=> 0xffffffff81118449 <copy_user_short_string+41>:	inc    %rdi
Regs: rax=0x6c,rbx=0xffffc9000000be80,rcx=0x1,rdx=0x1,rsi=0xd64741,rdi=0xffff88800752fc01,rbp=0x1,rsp=0xffffc9000000bda0,r8=0xffff888000152000,r9=0xffff888000152000,r10=0x0,r11=0x0,r12=0xffff88800752fc00,r13=0xffff888007615d80,r14=0x1,r15=0xffff888007615f50
=> 0xffffffff8111844c <copy_user_short_string+44>:	dec    %ecx
Regs: rax=0x6c,rbx=0xffffc9000000be80,rcx=0x0,rdx=0x1,rsi=0xd64741,rdi=0xffff88800752fc01,rbp=0x1,rsp=0xffffc9000000bda0,r8=0xffff888000152000,r9=0xffff888000152000,r10=0x0,r11=0x0,r12=0xffff88800752fc00,r13=0xffff888007615d80,r14=0x1,r15=0xffff888007615f50
=> 0xffffffff8111844e <copy_user_short_string+46>:	jne    0xffffffff81118442 <copy_user_short_string+34>
Regs: rax=0x6c,rbx=0xffffc9000000be80,rcx=0x0,rdx=0x1,rsi=0xd64741,rdi=0xffff88800752fc01,rbp=0x1,rsp=0xffffc9000000bda0,r8=0xffff888000152000,r9=0xffff888000152000,r10=0x0,r11=0x0,r12=0xffff88800752fc00,r13=0xffff888007615d80,r14=0x1,r15=0xffff888007615f50
=> 0xffffffff81118450 <copy_user_short_string+48>:	xor    %eax,%eax
Regs: rax=0x0,rbx=0xffffc9000000be80,rcx=0x0,rdx=0x1,rsi=0xd64741,rdi=0xffff88800752fc01,rbp=0x1,rsp=0xffffc9000000bda0,r8=0xffff888000152000,r9=0xffff888000152000,r10=0x0,r11=0x0,r12=0xffff88800752fc00,r13=0xffff888007615d80,r14=0x1,r15=0xffff888007615f50
=> 0xffffffff81118452 <copy_user_short_string+50>:	clac   
Regs: rax=0x0,rbx=0xffffc9000000be80,rcx=0x0,rdx=0x1,rsi=0xd64741,rdi=0xffff88800752fc01,rbp=0x1,rsp=0xffffc9000000bda0,r8=0xffff888000152000,r9=0xffff888000152000,r10=0x0,r11=0x0,r12=0xffff88800752fc00,r13=0xffff888007615d80,r14=0x1,r15=0xffff888007615f50
=> 0xffffffff81118455 <copy_user_short_string+53>:	ret    
Regs: rax=0x0,rbx=0xffffc9000000be80,rcx=0x0,rdx=0x1,rsi=0xd64741,rdi=0xffff88800752fc01,rbp=0x1,rsp=0xffffc9000000bda8,r8=0xffff888000152000,r9=0xffff888000152000,r10=0x0,r11=0x0,r12=0xffff88800752fc00,r13=0xffff888007615d80,r14=0x1,r15=0xffff888007615f50
=> 0xffffffff810afc12 <_copy_from_iter+97>:	mov    %eax,%eax
Regs: rax=0x0,rbx=0xffffc9000000be80,rcx=0x0,rdx=0x1,rsi=0xd64741,rdi=0xffff88800752fc01,rbp=0x1,rsp=0xffffc9000000bda8,r8=0xffff888000152000,r9=0xffff888000152000,r10=0x0,r11=0x0,r12=0xffff88800752fc00,r13=0xffff888007615d80,r14=0x1,r15=0xffff888007615f50
=> 0xffffffff810afc14 <_copy_from_iter+99>:	cltq   
Regs: rax=0x0,rbx=0xffffc9000000be80,rcx=0x0,rdx=0x1,rsi=0xd64741,rdi=0xffff88800752fc01,rbp=0x1,rsp=0xffffc9000000bda8,r8=0xffff888000152000,r9=0xffff888000152000,r10=0x0,r11=0x0,r12=0xffff88800752fc00,r13=0xffff888007615d80,r14=0x1,r15=0xffff888007615f50
=> 0xffffffff810afc16 <_copy_from_iter+101>:	sub    %rax,%rbp
Regs: rax=0x0,rbx=0xffffc9000000be80,rcx=0x0,rdx=0x1,rsi=0xd64741,rdi=0xffff88800752fc01,rbp=0x1,rsp=0xffffc9000000bda8,r8=0xffff888000152000,r9=0xffff888000152000,r10=0x0,r11=0x0,r12=0xffff88800752fc00,r13=0xffff888007615d80,r14=0x1,r15=0xffff888007615f50
=> 0xffffffff810afc19 <_copy_from_iter+104>:	jmp    0xffffffff810afeb7 <_copy_from_iter+774>
Regs: rax=0x0,rbx=0xffffc9000000be80,rcx=0x0,rdx=0x1,rsi=0xd64741,rdi=0xffff88800752fc01,rbp=0x1,rsp=0xffffc9000000bda8,r8=0xffff888000152000,r9=0xffff888000152000,r10=0x0,r11=0x0,r12=0xffff88800752fc00,r13=0xffff888007615d80,r14=0x1,r15=0xffff888007615f50
=> 0xffffffff810afeb7 <_copy_from_iter+774>:	add    %rbp,0x8(%rbx)
Regs: rax=0x0,rbx=0xffffc9000000be80,rcx=0x0,rdx=0x1,rsi=0xd64741,rdi=0xffff88800752fc01,rbp=0x1,rsp=0xffffc9000000bda8,r8=0xffff888000152000,r9=0xffff888000152000,r10=0x0,r11=0x0,r12=0xffff88800752fc00,r13=0xffff888007615d80,r14=0x1,r15=0xffff888007615f50
=> 0xffffffff810afebb <_copy_from_iter+778>:	sub    %rbp,0x10(%rbx)
Regs: rax=0x0,rbx=0xffffc9000000be80,rcx=0x0,rdx=0x1,rsi=0xd64741,rdi=0xffff88800752fc01,rbp=0x1,rsp=0xffffc9000000bda8,r8=0xffff888000152000,r9=0xffff888000152000,r10=0x0,r11=0x0,r12=0xffff88800752fc00,r13=0xffff888007615d80,r14=0x1,r15=0xffff888007615f50
=> 0xffffffff810afebf <_copy_from_iter+782>:	add    $0x40,%rsp
Regs: rax=0x0,rbx=0xffffc9000000be80,rcx=0x0,rdx=0x1,rsi=0xd64741,rdi=0xffff88800752fc01,rbp=0x1,rsp=0xffffc9000000bde8,r8=0xffff888000152000,r9=0xffff888000152000,r10=0x0,r11=0x0,r12=0xffff88800752fc00,r13=0xffff888007615d80,r14=0x1,r15=0xffff888007615f50
=> 0xffffffff810afec3 <_copy_from_iter+786>:	mov    %rbp,%rax
Regs: rax=0x1,rbx=0xffffc9000000be80,rcx=0x0,rdx=0x1,rsi=0xd64741,rdi=0xffff88800752fc01,rbp=0x1,rsp=0xffffc9000000bde8,r8=0xffff888000152000,r9=0xffff888000152000,r10=0x0,r11=0x0,r12=0xffff88800752fc00,r13=0xffff888007615d80,r14=0x1,r15=0xffff888007615f50
=> 0xffffffff810afec6 <_copy_from_iter+789>:	pop    %rbx
Regs: rax=0x1,rbx=0xffff888007b1d668,rcx=0x0,rdx=0x1,rsi=0xd64741,rdi=0xffff88800752fc01,rbp=0x1,rsp=0xffffc9000000bdf0,r8=0xffff888000152000,r9=0xffff888000152000,r10=0x0,r11=0x0,r12=0xffff88800752fc00,r13=0xffff888007615d80,r14=0x1,r15=0xffff888007615f50
=> 0xffffffff810afec7 <_copy_from_iter+790>:	pop    %rbp
Regs: rax=0x1,rbx=0xffff888007b1d668,rcx=0x0,rdx=0x1,rsi=0xd64741,rdi=0xffff88800752fc01,rbp=0x1,rsp=0xffffc9000000bdf8,r8=0xffff888000152000,r9=0xffff888000152000,r10=0x0,r11=0x0,r12=0xffff88800752fc00,r13=0xffff888007615d80,r14=0x1,r15=0xffff888007615f50
=> 0xffffffff810afec8 <_copy_from_iter+791>:	pop    %r12
Regs: rax=0x1,rbx=0xffff888007b1d668,rcx=0x0,rdx=0x1,rsi=0xd64741,rdi=0xffff88800752fc01,rbp=0x1,rsp=0xffffc9000000be00,r8=0xffff888000152000,r9=0xffff888000152000,r10=0x0,r11=0x0,r12=0x1,r13=0xffff888007615d80,r14=0x1,r15=0xffff888007615f50
=> 0xffffffff810afeca <_copy_from_iter+793>:	pop    %r13
Regs: rax=0x1,rbx=0xffff888007b1d668,rcx=0x0,rdx=0x1,rsi=0xd64741,rdi=0xffff88800752fc01,rbp=0x1,rsp=0xffffc9000000be08,r8=0xffff888000152000,r9=0xffff888000152000,r10=0x0,r11=0x0,r12=0x1,r13=0xffff888007615d80,r14=0x1,r15=0xffff888007615f50
=> 0xffffffff810afecc <_copy_from_iter+795>:	pop    %r14
Regs: rax=0x1,rbx=0xffff888007b1d668,rcx=0x0,rdx=0x1,rsi=0xd64741,rdi=0xffff88800752fc01,rbp=0x1,rsp=0xffffc9000000be10,r8=0xffff888000152000,r9=0xffff888000152000,r10=0x0,r11=0x0,r12=0x1,r13=0xffff888007615d80,r14=0x1,r15=0xffff888007615f50
=> 0xffffffff810afece <_copy_from_iter+797>:	pop    %r15
Regs: rax=0x1,rbx=0xffff888007b1d668,rcx=0x0,rdx=0x1,rsi=0xd64741,rdi=0xffff88800752fc01,rbp=0x1,rsp=0xffffc9000000be18,r8=0xffff888000152000,r9=0xffff888000152000,r10=0x0,r11=0x0,r12=0x1,r13=0xffff888007615d80,r14=0x1,r15=0xffff888007615f50
=> 0xffffffff810afed0 <_copy_from_iter+799>:	ret    
Regs: rax=0x1,rbx=0xffff888007b1d668,rcx=0x0,rdx=0x1,rsi=0xd64741,rdi=0xffff88800752fc01,rbp=0x1,rsp=0xffffc9000000be20,r8=0xffff888000152000,r9=0xffff888000152000,r10=0x0,r11=0x0,r12=0x1,r13=0xffff888007615d80,r14=0x1,r15=0xffff888007615f50
=> 0xffffffff810ce52e <file_tty_write+383>:	cmp    %rax,%r12
Regs: rax=0x1,rbx=0xffff888007b1d668,rcx=0x0,rdx=0x1,rsi=0xd64741,rdi=0xffff88800752fc01,rbp=0x1,rsp=0xffffc9000000be20,r8=0xffff888000152000,r9=0xffff888000152000,r10=0x0,r11=0x0,r12=0x1,r13=0xffff888007615d80,r14=0x1,r15=0xffff888007615f50
=> 0xffffffff810ce531 <file_tty_write+386>:	jne    0xffffffff810ce594 <file_tty_write+485>
Regs: rax=0x1,rbx=0xffff888007b1d668,rcx=0x0,rdx=0x1,rsi=0xd64741,rdi=0xffff88800752fc01,rbp=0x1,rsp=0xffffc9000000be20,r8=0xffff888000152000,r9=0xffff888000152000,r10=0x0,r11=0x0,r12=0x1,r13=0xffff888007615d80,r14=0x1,r15=0xffff888007615f50
=> 0xffffffff810ce533 <file_tty_write+388>:	mov    0x238(%rbx),%rdx
Regs: rax=0x1,rbx=0xffff888007b1d668,rcx=0x0,rdx=0xffff88800752fc00,rsi=0xd64741,rdi=0xffff88800752fc01,rbp=0x1,rsp=0xffffc9000000be20,r8=0xffff888000152000,r9=0xffff888000152000,r10=0x0,r11=0x0,r12=0x1,r13=0xffff888007615d80,r14=0x1,r15=0xffff888007615f50
=> 0xffffffff810ce53a <file_tty_write+395>:	mov    %r12,%rcx
Regs: rax=0x1,rbx=0xffff888007b1d668,rcx=0x1,rdx=0xffff88800752fc00,rsi=0xd64741,rdi=0xffff88800752fc01,rbp=0x1,rsp=0xffffc9000000be20,r8=0xffff888000152000,r9=0xffff888000152000,r10=0x0,r11=0x0,r12=0x1,r13=0xffff888007615d80,r14=0x1,r15=0xffff888007615f50
=> 0xffffffff810ce53d <file_tty_write+398>:	mov    %r13,%rsi
Regs: rax=0x1,rbx=0xffff888007b1d668,rcx=0x1,rdx=0xffff88800752fc00,rsi=0xffff888007615d80,rdi=0xffff88800752fc01,rbp=0x1,rsp=0xffffc9000000be20,r8=0xffff888000152000,r9=0xffff888000152000,r10=0x0,r11=0x0,r12=0x1,r13=0xffff888007615d80,r14=0x1,r15=0xffff888007615f50
=> 0xffffffff810ce540 <file_tty_write+401>:	mov    %rbx,%rdi
Regs: rax=0x1,rbx=0xffff888007b1d668,rcx=0x1,rdx=0xffff88800752fc00,rsi=0xffff888007615d80,rdi=0xffff888007b1d668,rbp=0x1,rsp=0xffffc9000000be20,r8=0xffff888000152000,r9=0xffff888000152000,r10=0x0,r11=0x0,r12=0x1,r13=0xffff888007615d80,r14=0x1,r15=0xffff888007615f50
=> 0xffffffff810ce543 <file_tty_write+404>:	mov    0x10(%rsp),%rax
Regs: rax=0xffffffff810d1c87,rbx=0xffff888007b1d668,rcx=0x1,rdx=0xffff88800752fc00,rsi=0xffff888007615d80,rdi=0xffff888007b1d668,rbp=0x1,rsp=0xffffc9000000be20,r8=0xffff888000152000,r9=0xffff888000152000,r10=0x0,r11=0x0,r12=0x1,r13=0xffff888007615d80,r14=0x1,r15=0xffff888007615f50
=> 0xffffffff810ce548 <file_tty_write+409>:	call   *%rax
Regs: rax=0xffffffff810d1c87,rbx=0xffff888007b1d668,rcx=0x1,rdx=0xffff88800752fc00,rsi=0xffff888007615d80,rdi=0xffff888007b1d668,rbp=0x1,rsp=0xffffc9000000be18,r8=0xffff888000152000,r9=0xffff888000152000,r10=0x0,r11=0x0,r12=0x1,r13=0xffff888007615d80,r14=0x1,r15=0xffff888007615f50
=> 0xffffffff810d1c87 <n_tty_write>:	push   %r15
Regs: rax=0xffffffff810d1c87,rbx=0xffff888007b1d668,rcx=0x1,rdx=0xffff88800752fc00,rsi=0xffff888007615d80,rdi=0xffff888007b1d668,rbp=0x1,rsp=0xffffc9000000be10,r8=0xffff888000152000,r9=0xffff888000152000,r10=0x0,r11=0x0,r12=0x1,r13=0xffff888007615d80,r14=0x1,r15=0xffff888007615f50
=> 0xffffffff810d1c89 <n_tty_write+2>:	mov    %rsi,%r15
Regs: rax=0xffffffff810d1c87,rbx=0xffff888007b1d668,rcx=0x1,rdx=0xffff88800752fc00,rsi=0xffff888007615d80,rdi=0xffff888007b1d668,rbp=0x1,rsp=0xffffc9000000be10,r8=0xffff888000152000,r9=0xffff888000152000,r10=0x0,r11=0x0,r12=0x1,r13=0xffff888007615d80,r14=0x1,r15=0xffff888007615d80
=> 0xffffffff810d1c8c <n_tty_write+5>:	xor    %esi,%esi
Regs: rax=0xffffffff810d1c87,rbx=0xffff888007b1d668,rcx=0x1,rdx=0xffff88800752fc00,rsi=0x0,rdi=0xffff888007b1d668,rbp=0x1,rsp=0xffffc9000000be10,r8=0xffff888000152000,r9=0xffff888000152000,r10=0x0,r11=0x0,r12=0x1,r13=0xffff888007615d80,r14=0x1,r15=0xffff888007615d80
=> 0xffffffff810d1c8e <n_tty_write+7>:	push   %r14
Regs: rax=0xffffffff810d1c87,rbx=0xffff888007b1d668,rcx=0x1,rdx=0xffff88800752fc00,rsi=0x0,rdi=0xffff888007b1d668,rbp=0x1,rsp=0xffffc9000000be08,r8=0xffff888000152000,r9=0xffff888000152000,r10=0x0,r11=0x0,r12=0x1,r13=0xffff888007615d80,r14=0x1,r15=0xffff888007615d80
=> 0xffffffff810d1c90 <n_tty_write+9>:	push   %r13
Regs: rax=0xffffffff810d1c87,rbx=0xffff888007b1d668,rcx=0x1,rdx=0xffff88800752fc00,rsi=0x0,rdi=0xffff888007b1d668,rbp=0x1,rsp=0xffffc9000000be00,r8=0xffff888000152000,r9=0xffff888000152000,r10=0x0,r11=0x0,r12=0x1,r13=0xffff888007615d80,r14=0x1,r15=0xffff888007615d80
=> 0xffffffff810d1c92 <n_tty_write+11>:	push   %r12
Regs: rax=0xffffffff810d1c87,rbx=0xffff888007b1d668,rcx=0x1,rdx=0xffff88800752fc00,rsi=0x0,rdi=0xffff888007b1d668,rbp=0x1,rsp=0xffffc9000000bdf8,r8=0xffff888000152000,r9=0xffff888000152000,r10=0x0,r11=0x0,r12=0x1,r13=0xffff888007615d80,r14=0x1,r15=0xffff888007615d80
=> 0xffffffff810d1c94 <n_tty_write+13>:	mov    %rcx,%r12
Regs: rax=0xffffffff810d1c87,rbx=0xffff888007b1d668,rcx=0x1,rdx=0xffff88800752fc00,rsi=0x0,rdi=0xffff888007b1d668,rbp=0x1,rsp=0xffffc9000000bdf8,r8=0xffff888000152000,r9=0xffff888000152000,r10=0x0,r11=0x0,r12=0x1,r13=0xffff888007615d80,r14=0x1,r15=0xffff888007615d80
=> 0xffffffff810d1c97 <n_tty_write+16>:	push   %rbp
Regs: rax=0xffffffff810d1c87,rbx=0xffff888007b1d668,rcx=0x1,rdx=0xffff88800752fc00,rsi=0x0,rdi=0xffff888007b1d668,rbp=0x1,rsp=0xffffc9000000bdf0,r8=0xffff888000152000,r9=0xffff888000152000,r10=0x0,r11=0x0,r12=0x1,r13=0xffff888007615d80,r14=0x1,r15=0xffff888007615d80
=> 0xffffffff810d1c98 <n_tty_write+17>:	mov    %rdi,%rbp
Regs: rax=0xffffffff810d1c87,rbx=0xffff888007b1d668,rcx=0x1,rdx=0xffff88800752fc00,rsi=0x0,rdi=0xffff888007b1d668,rbp=0xffff888007b1d668,rsp=0xffffc9000000bdf0,r8=0xffff888000152000,r9=0xffff888000152000,r10=0x0,r11=0x0,r12=0x1,r13=0xffff888007615d80,r14=0x1,r15=0xffff888007615d80
=> 0xffffffff810d1c9b <n_tty_write+20>:	push   %rbx
Regs: rax=0xffffffff810d1c87,rbx=0xffff888007b1d668,rcx=0x1,rdx=0xffff88800752fc00,rsi=0x0,rdi=0xffff888007b1d668,rbp=0xffff888007b1d668,rsp=0xffffc9000000bde8,r8=0xffff888000152000,r9=0xffff888000152000,r10=0x0,r11=0x0,r12=0x1,r13=0xffff888007615d80,r14=0x1,r15=0xffff888007615d80
=> 0xffffffff810d1c9c <n_tty_write+21>:	mov    0xffffffff81836040,%rax
Regs: rax=0xffff888000152000,rbx=0xffff888007b1d668,rcx=0x1,rdx=0xffff88800752fc00,rsi=0x0,rdi=0xffff888007b1d668,rbp=0xffff888007b1d668,rsp=0xffffc9000000bde8,r8=0xffff888000152000,r9=0xffff888000152000,r10=0x0,r11=0x0,r12=0x1,r13=0xffff888007615d80,r14=0x1,r15=0xffff888007615d80
=> 0xffffffff810d1ca4 <n_tty_write+29>:	sub    $0x50,%rsp
Regs: rax=0xffff888000152000,rbx=0xffff888007b1d668,rcx=0x1,rdx=0xffff88800752fc00,rsi=0x0,rdi=0xffff888007b1d668,rbp=0xffff888007b1d668,rsp=0xffffc9000000bd98,r8=0xffff888000152000,r9=0xffff888000152000,r10=0x0,r11=0x0,r12=0x1,r13=0xffff888007615d80,r14=0x1,r15=0xffff888007615d80
=> 0xffffffff810d1ca8 <n_tty_write+33>:	mov    %rax,0x30(%rsp)
Regs: rax=0xffff888000152000,rbx=0xffff888007b1d668,rcx=0x1,rdx=0xffff88800752fc00,rsi=0x0,rdi=0xffff888007b1d668,rbp=0xffff888007b1d668,rsp=0xffffc9000000bd98,r8=0xffff888000152000,r9=0xffff888000152000,r10=0x0,r11=0x0,r12=0x1,r13=0xffff888007615d80,r14=0x1,r15=0xffff888007615d80
=> 0xffffffff810d1cad <n_tty_write+38>:	lea    0x40(%rsp),%rax
Regs: rax=0xffffc9000000bdd8,rbx=0xffff888007b1d668,rcx=0x1,rdx=0xffff88800752fc00,rsi=0x0,rdi=0xffff888007b1d668,rbp=0xffff888007b1d668,rsp=0xffffc9000000bd98,r8=0xffff888000152000,r9=0xffff888000152000,r10=0x0,r11=0x0,r12=0x1,r13=0xffff888007615d80,r14=0x1,r15=0xffff888007615d80
=> 0xffffffff810d1cb2 <n_tty_write+43>:	mov    %rdx,0x8(%rsp)
Regs: rax=0xffffc9000000bdd8,rbx=0xffff888007b1d668,rcx=0x1,rdx=0xffff88800752fc00,rsi=0x0,rdi=0xffff888007b1d668,rbp=0xffff888007b1d668,rsp=0xffffc9000000bd98,r8=0xffff888000152000,r9=0xffff888000152000,r10=0x0,r11=0x0,r12=0x1,r13=0xffff888007615d80,r14=0x1,r15=0xffff888007615d80
=> 0xffffffff810d1cb7 <n_tty_write+48>:	mov    %rsi,0x28(%rsp)
Regs: rax=0xffffc9000000bdd8,rbx=0xffff888007b1d668,rcx=0x1,rdx=0xffff88800752fc00,rsi=0x0,rdi=0xffff888007b1d668,rbp=0xffff888007b1d668,rsp=0xffffc9000000bd98,r8=0xffff888000152000,r9=0xffff888000152000,r10=0x0,r11=0x0,r12=0x1,r13=0xffff888007615d80,r14=0x1,r15=0xffff888007615d80
=> 0xffffffff810d1cbc <n_tty_write+53>:	movq   $0xffffffff8103c033,0x38(%rsp)
Regs: rax=0xffffc9000000bdd8,rbx=0xffff888007b1d668,rcx=0x1,rdx=0xffff88800752fc00,rsi=0x0,rdi=0xffff888007b1d668,rbp=0xffff888007b1d668,rsp=0xffffc9000000bd98,r8=0xffff888000152000,r9=0xffff888000152000,r10=0x0,r11=0x0,r12=0x1,r13=0xffff888007615d80,r14=0x1,r15=0xffff888007615d80
=> 0xffffffff810d1cc5 <n_tty_write+62>:	mov    %rax,0x40(%rsp)
Regs: rax=0xffffc9000000bdd8,rbx=0xffff888007b1d668,rcx=0x1,rdx=0xffff88800752fc00,rsi=0x0,rdi=0xffff888007b1d668,rbp=0xffff888007b1d668,rsp=0xffffc9000000bd98,r8=0xffff888000152000,r9=0xffff888000152000,r10=0x0,r11=0x0,r12=0x1,r13=0xffff888007615d80,r14=0x1,r15=0xffff888007615d80
=> 0xffffffff810d1cca <n_tty_write+67>:	mov    %rax,0x48(%rsp)
Regs: rax=0xffffc9000000bdd8,rbx=0xffff888007b1d668,rcx=0x1,rdx=0xffff88800752fc00,rsi=0x0,rdi=0xffff888007b1d668,rbp=0xffff888007b1d668,rsp=0xffffc9000000bd98,r8=0xffff888000152000,r9=0xffff888000152000,r10=0x0,r11=0x0,r12=0x1,r13=0xffff888007615d80,r14=0x1,r15=0xffff888007615d80
=> 0xffffffff810d1ccf <n_tty_write+72>:	testb  $0x1,0xed(%rdi)
Regs: rax=0xffffc9000000bdd8,rbx=0xffff888007b1d668,rcx=0x1,rdx=0xffff88800752fc00,rsi=0x0,rdi=0xffff888007b1d668,rbp=0xffff888007b1d668,rsp=0xffffc9000000bd98,r8=0xffff888000152000,r9=0xffff888000152000,r10=0x0,r11=0x0,r12=0x1,r13=0xffff888007615d80,r14=0x1,r15=0xffff888007615d80
=> 0xffffffff810d1cd6 <n_tty_write+79>:	jne    0xffffffff810d1d23 <n_tty_write+156>
Regs: rax=0xffffc9000000bdd8,rbx=0xffff888007b1d668,rcx=0x1,rdx=0xffff88800752fc00,rsi=0x0,rdi=0xffff888007b1d668,rbp=0xffff888007b1d668,rsp=0xffffc9000000bd98,r8=0xffff888000152000,r9=0xffff888000152000,r10=0x0,r11=0x0,r12=0x1,r13=0xffff888007615d80,r14=0x1,r15=0xffff888007615d80
=> 0xffffffff810d1cd8 <n_tty_write+81>:	lea    0xa8(%rbp),%rax
Regs: rax=0xffff888007b1d710,rbx=0xffff888007b1d668,rcx=0x1,rdx=0xffff88800752fc00,rsi=0x0,rdi=0xffff888007b1d668,rbp=0xffff888007b1d668,rsp=0xffffc9000000bd98,r8=0xffff888000152000,r9=0xffff888000152000,r10=0x0,r11=0x0,r12=0x1,r13=0xffff888007615d80,r14=0x1,r15=0xffff888007615d80
=> 0xffffffff810d1cdf <n_tty_write+88>:	mov    %rax,%rdi
Regs: rax=0xffff888007b1d710,rbx=0xffff888007b1d668,rcx=0x1,rdx=0xffff88800752fc00,rsi=0x0,rdi=0xffff888007b1d710,rbp=0xffff888007b1d668,rsp=0xffffc9000000bd98,r8=0xffff888000152000,r9=0xffff888000152000,r10=0x0,r11=0x0,r12=0x1,r13=0xffff888007615d80,r14=0x1,r15=0xffff888007615d80
=> 0xffffffff810d1ce2 <n_tty_write+91>:	mov    %rax,(%rsp)
Regs: rax=0xffff888007b1d710,rbx=0xffff888007b1d668,rcx=0x1,rdx=0xffff88800752fc00,rsi=0x0,rdi=0xffff888007b1d710,rbp=0xffff888007b1d668,rsp=0xffffc9000000bd98,r8=0xffff888000152000,r9=0xffff888000152000,r10=0x0,r11=0x0,r12=0x1,r13=0xffff888007615d80,r14=0x1,r15=0xffff888007615d80
=> 0xffffffff810d1ce6 <n_tty_write+95>:	call   0xffffffff811205e1 <down_read>
Regs: rax=0xffff888007b1d710,rbx=0xffff888007b1d668,rcx=0x1,rdx=0xffff88800752fc00,rsi=0x0,rdi=0xffff888007b1d710,rbp=0xffff888007b1d668,rsp=0xffffc9000000bd90,r8=0xffff888000152000,r9=0xffff888000152000,r10=0x0,r11=0x0,r12=0x1,r13=0xffff888007615d80,r14=0x1,r15=0xffff888007615d80
=> 0xffffffff811205e1 <down_read>:	mov    $0x2,%esi
Regs: rax=0xffff888007b1d710,rbx=0xffff888007b1d668,rcx=0x1,rdx=0xffff88800752fc00,rsi=0x2,rdi=0xffff888007b1d710,rbp=0xffff888007b1d668,rsp=0xffffc9000000bd90,r8=0xffff888000152000,r9=0xffff888000152000,r10=0x0,r11=0x0,r12=0x1,r13=0xffff888007615d80,r14=0x1,r15=0xffff888007615d80
=> 0xffffffff811205e6 <down_read+5>:	jmp    0xffffffff8103c51e <__down_read_common>
Regs: rax=0xffff888007b1d710,rbx=0xffff888007b1d668,rcx=0x1,rdx=0xffff88800752fc00,rsi=0x2,rdi=0xffff888007b1d710,rbp=0xffff888007b1d668,rsp=0xffffc9000000bd90,r8=0xffff888000152000,r9=0xffff888000152000,r10=0x0,r11=0x0,r12=0x1,r13=0xffff888007615d80,r14=0x1,r15=0xffff888007615d80
=> 0xffffffff8103c51e <__down_read_common>:	push   %rbp
Regs: rax=0xffff888007b1d710,rbx=0xffff888007b1d668,rcx=0x1,rdx=0xffff88800752fc00,rsi=0x2,rdi=0xffff888007b1d710,rbp=0xffff888007b1d668,rsp=0xffffc9000000bd88,r8=0xffff888000152000,r9=0xffff888000152000,r10=0x0,r11=0x0,r12=0x1,r13=0xffff888007615d80,r14=0x1,r15=0xffff888007615d80
=> 0xffffffff8103c51f <__down_read_common+1>:	mov    %rsp,%rbp
Regs: rax=0xffff888007b1d710,rbx=0xffff888007b1d668,rcx=0x1,rdx=0xffff88800752fc00,rsi=0x2,rdi=0xffff888007b1d710,rbp=0xffffc9000000bd88,rsp=0xffffc9000000bd88,r8=0xffff888000152000,r9=0xffff888000152000,r10=0x0,r11=0x0,r12=0x1,r13=0xffff888007615d80,r14=0x1,r15=0xffff888007615d80
=> 0xffffffff8103c522 <__down_read_common+4>:	push   %r14
Regs: rax=0xffff888007b1d710,rbx=0xffff888007b1d668,rcx=0x1,rdx=0xffff88800752fc00,rsi=0x2,rdi=0xffff888007b1d710,rbp=0xffffc9000000bd88,rsp=0xffffc9000000bd80,r8=0xffff888000152000,r9=0xffff888000152000,r10=0x0,r11=0x0,r12=0x1,r13=0xffff888007615d80,r14=0x1,r15=0xffff888007615d80
=> 0xffffffff8103c524 <__down_read_common+6>:	push   %r13
Regs: rax=0xffff888007b1d710,rbx=0xffff888007b1d668,rcx=0x1,rdx=0xffff88800752fc00,rsi=0x2,rdi=0xffff888007b1d710,rbp=0xffffc9000000bd88,rsp=0xffffc9000000bd78,r8=0xffff888000152000,r9=0xffff888000152000,r10=0x0,r11=0x0,r12=0x1,r13=0xffff888007615d80,r14=0x1,r15=0xffff888007615d80
=> 0xffffffff8103c526 <__down_read_common+8>:	push   %r12
Regs: rax=0xffff888007b1d710,rbx=0xffff888007b1d668,rcx=0x1,rdx=0xffff88800752fc00,rsi=0x2,rdi=0xffff888007b1d710,rbp=0xffffc9000000bd88,rsp=0xffffc9000000bd70,r8=0xffff888000152000,r9=0xffff888000152000,r10=0x0,r11=0x0,r12=0x1,r13=0xffff888007615d80,r14=0x1,r15=0xffff888007615d80
=> 0xffffffff8103c528 <__down_read_common+10>:	mov    %esi,%r12d
Regs: rax=0xffff888007b1d710,rbx=0xffff888007b1d668,rcx=0x1,rdx=0xffff88800752fc00,rsi=0x2,rdi=0xffff888007b1d710,rbp=0xffffc9000000bd88,rsp=0xffffc9000000bd70,r8=0xffff888000152000,r9=0xffff888000152000,r10=0x0,r11=0x0,r12=0x2,r13=0xffff888007615d80,r14=0x1,r15=0xffff888007615d80
=> 0xffffffff8103c52b <__down_read_common+13>:	mov    $0x100,%esi
Regs: rax=0xffff888007b1d710,rbx=0xffff888007b1d668,rcx=0x1,rdx=0xffff88800752fc00,rsi=0x100,rdi=0xffff888007b1d710,rbp=0xffffc9000000bd88,rsp=0xffffc9000000bd70,r8=0xffff888000152000,r9=0xffff888000152000,r10=0x0,r11=0x0,r12=0x2,r13=0xffff888007615d80,r14=0x1,r15=0xffff888007615d80
=> 0xffffffff8103c530 <__down_read_common+18>:	push   %rbx
Regs: rax=0xffff888007b1d710,rbx=0xffff888007b1d668,rcx=0x1,rdx=0xffff88800752fc00,rsi=0x100,rdi=0xffff888007b1d710,rbp=0xffffc9000000bd88,rsp=0xffffc9000000bd68,r8=0xffff888000152000,r9=0xffff888000152000,r10=0x0,r11=0x0,r12=0x2,r13=0xffff888007615d80,r14=0x1,r15=0xffff888007615d80
=> 0xffffffff8103c531 <__down_read_common+19>:	mov    %rdi,%rbx
Regs: rax=0xffff888007b1d710,rbx=0xffff888007b1d710,rcx=0x1,rdx=0xffff88800752fc00,rsi=0x100,rdi=0xffff888007b1d710,rbp=0xffffc9000000bd88,rsp=0xffffc9000000bd68,r8=0xffff888000152000,r9=0xffff888000152000,r10=0x0,r11=0x0,r12=0x2,r13=0xffff888007615d80,r14=0x1,r15=0xffff888007615d80
=> 0xffffffff8103c534 <__down_read_common+22>:	and    $0xfffffffffffffff0,%rsp
Regs: rax=0xffff888007b1d710,rbx=0xffff888007b1d710,rcx=0x1,rdx=0xffff88800752fc00,rsi=0x100,rdi=0xffff888007b1d710,rbp=0xffffc9000000bd88,rsp=0xffffc9000000bd60,r8=0xffff888000152000,r9=0xffff888000152000,r10=0x0,r11=0x0,r12=0x2,r13=0xffff888007615d80,r14=0x1,r15=0xffff888007615d80
=> 0xffffffff8103c538 <__down_read_common+26>:	sub    $0x40,%rsp
Regs: rax=0xffff888007b1d710,rbx=0xffff888007b1d710,rcx=0x1,rdx=0xffff88800752fc00,rsi=0x100,rdi=0xffff888007b1d710,rbp=0xffffc9000000bd88,rsp=0xffffc9000000bd20,r8=0xffff888000152000,r9=0xffff888000152000,r10=0x0,r11=0x0,r12=0x2,r13=0xffff888007615d80,r14=0x1,r15=0xffff888007615d80
=> 0xffffffff8103c53c <__down_read_common+30>:	xadd   %rsi,(%rdi)
Regs: rax=0xffff888007b1d710,rbx=0xffff888007b1d710,rcx=0x1,rdx=0xffff88800752fc00,rsi=0x0,rdi=0xffff888007b1d710,rbp=0xffffc9000000bd88,rsp=0xffffc9000000bd20,r8=0xffff888000152000,r9=0xffff888000152000,r10=0x0,r11=0x0,r12=0x2,r13=0xffff888007615d80,r14=0x1,r15=0xffff888007615d80
=> 0xffffffff8103c540 <__down_read_common+34>:	add    $0x100,%rsi
Regs: rax=0xffff888007b1d710,rbx=0xffff888007b1d710,rcx=0x1,rdx=0xffff88800752fc00,rsi=0x100,rdi=0xffff888007b1d710,rbp=0xffffc9000000bd88,rsp=0xffffc9000000bd20,r8=0xffff888000152000,r9=0xffff888000152000,r10=0x0,r11=0x0,r12=0x2,r13=0xffff888007615d80,r14=0x1,r15=0xffff888007615d80
=> 0xffffffff8103c547 <__down_read_common+41>:	jns    0xffffffff8103c565 <__down_read_common+71>
Regs: rax=0xffff888007b1d710,rbx=0xffff888007b1d710,rcx=0x1,rdx=0xffff88800752fc00,rsi=0x100,rdi=0xffff888007b1d710,rbp=0xffffc9000000bd88,rsp=0xffffc9000000bd20,r8=0xffff888000152000,r9=0xffff888000152000,r10=0x0,r11=0x0,r12=0x2,r13=0xffff888007615d80,r14=0x1,r15=0xffff888007615d80
=> 0xffffffff8103c565 <__down_read_common+71>:	movabs $0x8000000000000007,%rax
Regs: rax=0x8000000000000007,rbx=0xffff888007b1d710,rcx=0x1,rdx=0xffff88800752fc00,rsi=0x100,rdi=0xffff888007b1d710,rbp=0xffffc9000000bd88,rsp=0xffffc9000000bd20,r8=0xffff888000152000,r9=0xffff888000152000,r10=0x0,r11=0x0,r12=0x2,r13=0xffff888007615d80,r14=0x1,r15=0xffff888007615d80
=> 0xffffffff8103c56f <__down_read_common+81>:	test   %rax,%rsi
Regs: rax=0x8000000000000007,rbx=0xffff888007b1d710,rcx=0x1,rdx=0xffff88800752fc00,rsi=0x100,rdi=0xffff888007b1d710,rbp=0xffffc9000000bd88,rsp=0xffffc9000000bd20,r8=0xffff888000152000,r9=0xffff888000152000,r10=0x0,r11=0x0,r12=0x2,r13=0xffff888007615d80,r14=0x1,r15=0xffff888007615d80
=> 0xffffffff8103c572 <__down_read_common+84>:	jne    0xffffffff8103c580 <__down_read_common+98>
Regs: rax=0x8000000000000007,rbx=0xffff888007b1d710,rcx=0x1,rdx=0xffff88800752fc00,rsi=0x100,rdi=0xffff888007b1d710,rbp=0xffffc9000000bd88,rsp=0xffffc9000000bd20,r8=0xffff888000152000,r9=0xffff888000152000,r10=0x0,r11=0x0,r12=0x2,r13=0xffff888007615d80,r14=0x1,r15=0xffff888007615d80
=> 0xffffffff8103c574 <__down_read_common+86>:	call   0xffffffff8103c464 <rwsem_set_reader_owned>
Regs: rax=0x8000000000000007,rbx=0xffff888007b1d710,rcx=0x1,rdx=0xffff88800752fc00,rsi=0x100,rdi=0xffff888007b1d710,rbp=0xffffc9000000bd88,rsp=0xffffc9000000bd18,r8=0xffff888000152000,r9=0xffff888000152000,r10=0x0,r11=0x0,r12=0x2,r13=0xffff888007615d80,r14=0x1,r15=0xffff888007615d80
=> 0xffffffff8103c464 <rwsem_set_reader_owned>:	mov    0x8(%rdi),%rax
Regs: rax=0xffff888000152001,rbx=0xffff888007b1d710,rcx=0x1,rdx=0xffff88800752fc00,rsi=0x100,rdi=0xffff888007b1d710,rbp=0xffffc9000000bd88,rsp=0xffffc9000000bd18,r8=0xffff888000152000,r9=0xffff888000152000,r10=0x0,r11=0x0,r12=0x2,r13=0xffff888007615d80,r14=0x1,r15=0xffff888007615d80
=> 0xffffffff8103c468 <rwsem_set_reader_owned+4>:	mov    0xffffffff81836040,%rdx
Regs: rax=0xffff888000152001,rbx=0xffff888007b1d710,rcx=0x1,rdx=0xffff888000152000,rsi=0x100,rdi=0xffff888007b1d710,rbp=0xffffc9000000bd88,rsp=0xffffc9000000bd18,r8=0xffff888000152000,r9=0xffff888000152000,r10=0x0,r11=0x0,r12=0x2,r13=0xffff888007615d80,r14=0x1,r15=0xffff888007615d80
=> 0xffffffff8103c470 <rwsem_set_reader_owned+12>:	and    $0x2,%eax
Regs: rax=0x0,rbx=0xffff888007b1d710,rcx=0x1,rdx=0xffff888000152000,rsi=0x100,rdi=0xffff888007b1d710,rbp=0xffffc9000000bd88,rsp=0xffffc9000000bd18,r8=0xffff888000152000,r9=0xffff888000152000,r10=0x0,r11=0x0,r12=0x2,r13=0xffff888007615d80,r14=0x1,r15=0xffff888007615d80
=> 0xffffffff8103c473 <rwsem_set_reader_owned+15>:	or     %rdx,%rax
Regs: rax=0xffff888000152000,rbx=0xffff888007b1d710,rcx=0x1,rdx=0xffff888000152000,rsi=0x100,rdi=0xffff888007b1d710,rbp=0xffffc9000000bd88,rsp=0xffffc9000000bd18,r8=0xffff888000152000,r9=0xffff888000152000,r10=0x0,r11=0x0,r12=0x2,r13=0xffff888007615d80,r14=0x1,r15=0xffff888007615d80
=> 0xffffffff8103c476 <rwsem_set_reader_owned+18>:	or     $0x1,%rax
Regs: rax=0xffff888000152001,rbx=0xffff888007b1d710,rcx=0x1,rdx=0xffff888000152000,rsi=0x100,rdi=0xffff888007b1d710,rbp=0xffffc9000000bd88,rsp=0xffffc9000000bd18,r8=0xffff888000152000,r9=0xffff888000152000,r10=0x0,r11=0x0,r12=0x2,r13=0xffff888007615d80,r14=0x1,r15=0xffff888007615d80
=> 0xffffffff8103c47a <rwsem_set_reader_owned+22>:	mov    %rax,0x8(%rdi)
Regs: rax=0xffff888000152001,rbx=0xffff888007b1d710,rcx=0x1,rdx=0xffff888000152000,rsi=0x100,rdi=0xffff888007b1d710,rbp=0xffffc9000000bd88,rsp=0xffffc9000000bd18,r8=0xffff888000152000,r9=0xffff888000152000,r10=0x0,r11=0x0,r12=0x2,r13=0xffff888007615d80,r14=0x1,r15=0xffff888007615d80
=> 0xffffffff8103c47e <rwsem_set_reader_owned+26>:	ret    
Regs: rax=0xffff888000152001,rbx=0xffff888007b1d710,rcx=0x1,rdx=0xffff888000152000,rsi=0x100,rdi=0xffff888007b1d710,rbp=0xffffc9000000bd88,rsp=0xffffc9000000bd20,r8=0xffff888000152000,r9=0xffff888000152000,r10=0x0,r11=0x0,r12=0x2,r13=0xffff888007615d80,r14=0x1,r15=0xffff888007615d80
=> 0xffffffff8103c579 <__down_read_common+91>:	xor    %eax,%eax
Regs: rax=0x0,rbx=0xffff888007b1d710,rcx=0x1,rdx=0xffff888000152000,rsi=0x100,rdi=0xffff888007b1d710,rbp=0xffffc9000000bd88,rsp=0xffffc9000000bd20,r8=0xffff888000152000,r9=0xffff888000152000,r10=0x0,r11=0x0,r12=0x2,r13=0xffff888007615d80,r14=0x1,r15=0xffff888007615d80
=> 0xffffffff8103c57b <__down_read_common+93>:	jmp    0xffffffff8103c723 <__down_read_common+517>
Regs: rax=0x0,rbx=0xffff888007b1d710,rcx=0x1,rdx=0xffff888000152000,rsi=0x100,rdi=0xffff888007b1d710,rbp=0xffffc9000000bd88,rsp=0xffffc9000000bd20,r8=0xffff888000152000,r9=0xffff888000152000,r10=0x0,r11=0x0,r12=0x2,r13=0xffff888007615d80,r14=0x1,r15=0xffff888007615d80
=> 0xffffffff8103c723 <__down_read_common+517>:	lea    -0x20(%rbp),%rsp
Regs: rax=0x0,rbx=0xffff888007b1d710,rcx=0x1,rdx=0xffff888000152000,rsi=0x100,rdi=0xffff888007b1d710,rbp=0xffffc9000000bd88,rsp=0xffffc9000000bd68,r8=0xffff888000152000,r9=0xffff888000152000,r10=0x0,r11=0x0,r12=0x2,r13=0xffff888007615d80,r14=0x1,r15=0xffff888007615d80
=> 0xffffffff8103c727 <__down_read_common+521>:	pop    %rbx
Regs: rax=0x0,rbx=0xffff888007b1d668,rcx=0x1,rdx=0xffff888000152000,rsi=0x100,rdi=0xffff888007b1d710,rbp=0xffffc9000000bd88,rsp=0xffffc9000000bd70,r8=0xffff888000152000,r9=0xffff888000152000,r10=0x0,r11=0x0,r12=0x2,r13=0xffff888007615d80,r14=0x1,r15=0xffff888007615d80
=> 0xffffffff8103c728 <__down_read_common+522>:	pop    %r12
Regs: rax=0x0,rbx=0xffff888007b1d668,rcx=0x1,rdx=0xffff888000152000,rsi=0x100,rdi=0xffff888007b1d710,rbp=0xffffc9000000bd88,rsp=0xffffc9000000bd78,r8=0xffff888000152000,r9=0xffff888000152000,r10=0x0,r11=0x0,r12=0x1,r13=0xffff888007615d80,r14=0x1,r15=0xffff888007615d80
=> 0xffffffff8103c72a <__down_read_common+524>:	pop    %r13
Regs: rax=0x0,rbx=0xffff888007b1d668,rcx=0x1,rdx=0xffff888000152000,rsi=0x100,rdi=0xffff888007b1d710,rbp=0xffffc9000000bd88,rsp=0xffffc9000000bd80,r8=0xffff888000152000,r9=0xffff888000152000,r10=0x0,r11=0x0,r12=0x1,r13=0xffff888007615d80,r14=0x1,r15=0xffff888007615d80
=> 0xffffffff8103c72c <__down_read_common+526>:	pop    %r14
Regs: rax=0x0,rbx=0xffff888007b1d668,rcx=0x1,rdx=0xffff888000152000,rsi=0x100,rdi=0xffff888007b1d710,rbp=0xffffc9000000bd88,rsp=0xffffc9000000bd88,r8=0xffff888000152000,r9=0xffff888000152000,r10=0x0,r11=0x0,r12=0x1,r13=0xffff888007615d80,r14=0x1,r15=0xffff888007615d80
=> 0xffffffff8103c72e <__down_read_common+528>:	pop    %rbp
Regs: rax=0x0,rbx=0xffff888007b1d668,rcx=0x1,rdx=0xffff888000152000,rsi=0x100,rdi=0xffff888007b1d710,rbp=0xffff888007b1d668,rsp=0xffffc9000000bd90,r8=0xffff888000152000,r9=0xffff888000152000,r10=0x0,r11=0x0,r12=0x1,r13=0xffff888007615d80,r14=0x1,r15=0xffff888007615d80
=> 0xffffffff8103c72f <__down_read_common+529>:	ret    
Regs: rax=0x0,rbx=0xffff888007b1d668,rcx=0x1,rdx=0xffff888000152000,rsi=0x100,rdi=0xffff888007b1d710,rbp=0xffff888007b1d668,rsp=0xffffc9000000bd98,r8=0xffff888000152000,r9=0xffff888000152000,r10=0x0,r11=0x0,r12=0x1,r13=0xffff888007615d80,r14=0x1,r15=0xffff888007615d80
=> 0xffffffff810d1ceb <n_tty_write+100>:	mov    %rbp,%rdi
Regs: rax=0x0,rbx=0xffff888007b1d668,rcx=0x1,rdx=0xffff888000152000,rsi=0x100,rdi=0xffff888007b1d668,rbp=0xffff888007b1d668,rsp=0xffffc9000000bd98,r8=0xffff888000152000,r9=0xffff888000152000,r10=0x0,r11=0x0,r12=0x1,r13=0xffff888007615d80,r14=0x1,r15=0xffff888007615d80
=> 0xffffffff810d1cee <n_tty_write+103>:	call   0xffffffff810d131b <process_echoes>
Regs: rax=0x0,rbx=0xffff888007b1d668,rcx=0x1,rdx=0xffff888000152000,rsi=0x100,rdi=0xffff888007b1d668,rbp=0xffff888007b1d668,rsp=0xffffc9000000bd90,r8=0xffff888000152000,r9=0xffff888000152000,r10=0x0,r11=0x0,r12=0x1,r13=0xffff888007615d80,r14=0x1,r15=0xffff888007615d80
=> 0xffffffff810d131b <process_echoes>:	push   %r12
Regs: rax=0x0,rbx=0xffff888007b1d668,rcx=0x1,rdx=0xffff888000152000,rsi=0x100,rdi=0xffff888007b1d668,rbp=0xffff888007b1d668,rsp=0xffffc9000000bd88,r8=0xffff888000152000,r9=0xffff888000152000,r10=0x0,r11=0x0,r12=0x1,r13=0xffff888007615d80,r14=0x1,r15=0xffff888007615d80
=> 0xffffffff810d131d <process_echoes+2>:	push   %rbp
Regs: rax=0x0,rbx=0xffff888007b1d668,rcx=0x1,rdx=0xffff888000152000,rsi=0x100,rdi=0xffff888007b1d668,rbp=0xffff888007b1d668,rsp=0xffffc9000000bd80,r8=0xffff888000152000,r9=0xffff888000152000,r10=0x0,r11=0x0,r12=0x1,r13=0xffff888007615d80,r14=0x1,r15=0xffff888007615d80
=> 0xffffffff810d131e <process_echoes+3>:	push   %rbx
Regs: rax=0x0,rbx=0xffff888007b1d668,rcx=0x1,rdx=0xffff888000152000,rsi=0x100,rdi=0xffff888007b1d668,rbp=0xffff888007b1d668,rsp=0xffffc9000000bd78,r8=0xffff888000152000,r9=0xffff888000152000,r10=0x0,r11=0x0,r12=0x1,r13=0xffff888007615d80,r14=0x1,r15=0xffff888007615d80
=> 0xffffffff810d131f <process_echoes+4>:	mov    0x210(%rdi),%rbp
Regs: rax=0x0,rbx=0xffff888007b1d668,rcx=0x1,rdx=0xffff888000152000,rsi=0x100,rdi=0xffff888007b1d668,rbp=0xffffc90000075000,rsp=0xffffc9000000bd78,r8=0xffff888000152000,r9=0xffff888000152000,r10=0x0,r11=0x0,r12=0x1,r13=0xffff888007615d80,r14=0x1,r15=0xffff888007615d80
=> 0xffffffff810d1326 <process_echoes+11>:	mov    0x2280(%rbp),%rax
Regs: rax=0x0,rbx=0xffff888007b1d668,rcx=0x1,rdx=0xffff888000152000,rsi=0x100,rdi=0xffff888007b1d668,rbp=0xffffc90000075000,rsp=0xffffc9000000bd78,r8=0xffff888000152000,r9=0xffff888000152000,r10=0x0,r11=0x0,r12=0x1,r13=0xffff888007615d80,r14=0x1,r15=0xffff888007615d80
=> 0xffffffff810d132d <process_echoes+18>:	cmp    %rax,0x28(%rbp)
Regs: rax=0x0,rbx=0xffff888007b1d668,rcx=0x1,rdx=0xffff888000152000,rsi=0x100,rdi=0xffff888007b1d668,rbp=0xffffc90000075000,rsp=0xffffc9000000bd78,r8=0xffff888000152000,r9=0xffff888000152000,r10=0x0,r11=0x0,r12=0x1,r13=0xffff888007615d80,r14=0x1,r15=0xffff888007615d80
=> 0xffffffff810d1331 <process_echoes+22>:	je     0xffffffff810d137b <process_echoes+96>
Regs: rax=0x0,rbx=0xffff888007b1d668,rcx=0x1,rdx=0xffff888000152000,rsi=0x100,rdi=0xffff888007b1d668,rbp=0xffffc90000075000,rsp=0xffffc9000000bd78,r8=0xffff888000152000,r9=0xffff888000152000,r10=0x0,r11=0x0,r12=0x1,r13=0xffff888007615d80,r14=0x1,r15=0xffff888007615d80
=> 0xffffffff810d137b <process_echoes+96>:	pop    %rbx
Regs: rax=0x0,rbx=0xffff888007b1d668,rcx=0x1,rdx=0xffff888000152000,rsi=0x100,rdi=0xffff888007b1d668,rbp=0xffffc90000075000,rsp=0xffffc9000000bd80,r8=0xffff888000152000,r9=0xffff888000152000,r10=0x0,r11=0x0,r12=0x1,r13=0xffff888007615d80,r14=0x1,r15=0xffff888007615d80
=> 0xffffffff810d137c <process_echoes+97>:	pop    %rbp
Regs: rax=0x0,rbx=0xffff888007b1d668,rcx=0x1,rdx=0xffff888000152000,rsi=0x100,rdi=0xffff888007b1d668,rbp=0xffff888007b1d668,rsp=0xffffc9000000bd88,r8=0xffff888000152000,r9=0xffff888000152000,r10=0x0,r11=0x0,r12=0x1,r13=0xffff888007615d80,r14=0x1,r15=0xffff888007615d80
=> 0xffffffff810d137d <process_echoes+98>:	pop    %r12
Regs: rax=0x0,rbx=0xffff888007b1d668,rcx=0x1,rdx=0xffff888000152000,rsi=0x100,rdi=0xffff888007b1d668,rbp=0xffff888007b1d668,rsp=0xffffc9000000bd90,r8=0xffff888000152000,r9=0xffff888000152000,r10=0x0,r11=0x0,r12=0x1,r13=0xffff888007615d80,r14=0x1,r15=0xffff888007615d80
=> 0xffffffff810d137f <process_echoes+100>:	ret    
Regs: rax=0x0,rbx=0xffff888007b1d668,rcx=0x1,rdx=0xffff888000152000,rsi=0x100,rdi=0xffff888007b1d668,rbp=0xffff888007b1d668,rsp=0xffffc9000000bd98,r8=0xffff888000152000,r9=0xffff888000152000,r10=0x0,r11=0x0,r12=0x1,r13=0xffff888007615d80,r14=0x1,r15=0xffff888007615d80
=> 0xffffffff810d1cf3 <n_tty_write+108>:	lea    0x1d0(%rbp),%rax
Regs: rax=0xffff888007b1d838,rbx=0xffff888007b1d668,rcx=0x1,rdx=0xffff888000152000,rsi=0x100,rdi=0xffff888007b1d668,rbp=0xffff888007b1d668,rsp=0xffffc9000000bd98,r8=0xffff888000152000,r9=0xffff888000152000,r10=0x0,r11=0x0,r12=0x1,r13=0xffff888007615d80,r14=0x1,r15=0xffff888007615d80
=> 0xffffffff810d1cfa <n_tty_write+115>:	mov    %rax,%rdi
Regs: rax=0xffff888007b1d838,rbx=0xffff888007b1d668,rcx=0x1,rdx=0xffff888000152000,rsi=0x100,rdi=0xffff888007b1d838,rbp=0xffff888007b1d668,rsp=0xffffc9000000bd98,r8=0xffff888000152000,r9=0xffff888000152000,r10=0x0,r11=0x0,r12=0x1,r13=0xffff888007615d80,r14=0x1,r15=0xffff888007615d80
=> 0xffffffff810d1cfd <n_tty_write+118>:	lea    0x28(%rsp),%rsi
Regs: rax=0xffff888007b1d838,rbx=0xffff888007b1d668,rcx=0x1,rdx=0xffff888000152000,rsi=0xffffc9000000bdc0,rdi=0xffff888007b1d838,rbp=0xffff888007b1d668,rsp=0xffffc9000000bd98,r8=0xffff888000152000,r9=0xffff888000152000,r10=0x0,r11=0x0,r12=0x1,r13=0xffff888007615d80,r14=0x1,r15=0xffff888007615d80
=> 0xffffffff810d1d02 <n_tty_write+123>:	mov    %rax,0x10(%rsp)
Regs: rax=0xffff888007b1d838,rbx=0xffff888007b1d668,rcx=0x1,rdx=0xffff888000152000,rsi=0xffffc9000000bdc0,rdi=0xffff888007b1d838,rbp=0xffff888007b1d668,rsp=0xffffc9000000bd98,r8=0xffff888000152000,r9=0xffff888000152000,r10=0x0,r11=0x0,r12=0x1,r13=0xffff888007615d80,r14=0x1,r15=0xffff888007615d80
=> 0xffffffff810d1d07 <n_tty_write+128>:	call   0xffffffff8103bc92 <add_wait_queue>
Regs: rax=0xffff888007b1d838,rbx=0xffff888007b1d668,rcx=0x1,rdx=0xffff888000152000,rsi=0xffffc9000000bdc0,rdi=0xffff888007b1d838,rbp=0xffff888007b1d668,rsp=0xffffc9000000bd90,r8=0xffff888000152000,r9=0xffff888000152000,r10=0x0,r11=0x0,r12=0x1,r13=0xffff888007615d80,r14=0x1,r15=0xffff888007615d80
=> 0xffffffff8103bc92 <add_wait_queue>:	andl   $0xfffffffe,(%rsi)
Regs: rax=0xffff888007b1d838,rbx=0xffff888007b1d668,rcx=0x1,rdx=0xffff888000152000,rsi=0xffffc9000000bdc0,rdi=0xffff888007b1d838,rbp=0xffff888007b1d668,rsp=0xffffc9000000bd90,r8=0xffff888000152000,r9=0xffff888000152000,r10=0x0,r11=0x0,r12=0x1,r13=0xffff888007615d80,r14=0x1,r15=0xffff888007615d80
=> 0xffffffff8103bc95 <add_wait_queue+3>:	pushf  
Regs: rax=0xffff888007b1d838,rbx=0xffff888007b1d668,rcx=0x1,rdx=0xffff888000152000,rsi=0xffffc9000000bdc0,rdi=0xffff888007b1d838,rbp=0xffff888007b1d668,rsp=0xffffc9000000bd88,r8=0xffff888000152000,r9=0xffff888000152000,r10=0x0,r11=0x0,r12=0x1,r13=0xffff888007615d80,r14=0x1,r15=0xffff888007615d80
=> 0xffffffff8103bc96 <add_wait_queue+4>:	pop    %r8
Regs: rax=0xffff888007b1d838,rbx=0xffff888007b1d668,rcx=0x1,rdx=0xffff888000152000,rsi=0xffffc9000000bdc0,rdi=0xffff888007b1d838,rbp=0xffff888007b1d668,rsp=0xffffc9000000bd90,r8=0x346,r9=0xffff888000152000,r10=0x0,r11=0x0,r12=0x1,r13=0xffff888007615d80,r14=0x1,r15=0xffff888007615d80
=> 0xffffffff8103bc98 <add_wait_queue+6>:	cli    
Regs: rax=0xffff888007b1d838,rbx=0xffff888007b1d668,rcx=0x1,rdx=0xffff888000152000,rsi=0xffffc9000000bdc0,rdi=0xffff888007b1d838,rbp=0xffff888007b1d668,rsp=0xffffc9000000bd90,r8=0x346,r9=0xffff888000152000,r10=0x0,r11=0x0,r12=0x1,r13=0xffff888007615d80,r14=0x1,r15=0xffff888007615d80
=> 0xffffffff8103bc99 <add_wait_queue+7>:	call   0xffffffff8103b358 <__add_wait_queue>
Regs: rax=0xffff888007b1d838,rbx=0xffff888007b1d668,rcx=0x1,rdx=0xffff888000152000,rsi=0xffffc9000000bdc0,rdi=0xffff888007b1d838,rbp=0xffff888007b1d668,rsp=0xffffc9000000bd88,r8=0x346,r9=0xffff888000152000,r10=0x0,r11=0x0,r12=0x1,r13=0xffff888007615d80,r14=0x1,r15=0xffff888007615d80
=> 0xffffffff8103b358 <__add_wait_queue>:	mov    (%rdi),%rax
Regs: rax=0xffff888007b1d838,rbx=0xffff888007b1d668,rcx=0x1,rdx=0xffff888000152000,rsi=0xffffc9000000bdc0,rdi=0xffff888007b1d838,rbp=0xffff888007b1d668,rsp=0xffffc9000000bd88,r8=0x346,r9=0xffff888000152000,r10=0x0,r11=0x0,r12=0x1,r13=0xffff888007615d80,r14=0x1,r15=0xffff888007615d80
=> 0xffffffff8103b35b <__add_wait_queue+3>:	mov    %rdi,%rdx
Regs: rax=0xffff888007b1d838,rbx=0xffff888007b1d668,rcx=0x1,rdx=0xffff888007b1d838,rsi=0xffffc9000000bdc0,rdi=0xffff888007b1d838,rbp=0xffff888007b1d668,rsp=0xffffc9000000bd88,r8=0x346,r9=0xffff888000152000,r10=0x0,r11=0x0,r12=0x1,r13=0xffff888007615d80,r14=0x1,r15=0xffff888007615d80
=> 0xffffffff8103b35e <__add_wait_queue+6>:	sub    $0x18,%rax
Regs: rax=0xffff888007b1d820,rbx=0xffff888007b1d668,rcx=0x1,rdx=0xffff888007b1d838,rsi=0xffffc9000000bdc0,rdi=0xffff888007b1d838,rbp=0xffff888007b1d668,rsp=0xffffc9000000bd88,r8=0x346,r9=0xffff888000152000,r10=0x0,r11=0x0,r12=0x1,r13=0xffff888007615d80,r14=0x1,r15=0xffff888007615d80
=> 0xffffffff8103b362 <__add_wait_queue+10>:	lea    0x18(%rax),%rcx
Regs: rax=0xffff888007b1d820,rbx=0xffff888007b1d668,rcx=0xffff888007b1d838,rdx=0xffff888007b1d838,rsi=0xffffc9000000bdc0,rdi=0xffff888007b1d838,rbp=0xffff888007b1d668,rsp=0xffffc9000000bd88,r8=0x346,r9=0xffff888000152000,r10=0x0,r11=0x0,r12=0x1,r13=0xffff888007615d80,r14=0x1,r15=0xffff888007615d80
=> 0xffffffff8103b366 <__add_wait_queue+14>:	cmp    %rdi,%rcx
Regs: rax=0xffff888007b1d820,rbx=0xffff888007b1d668,rcx=0xffff888007b1d838,rdx=0xffff888007b1d838,rsi=0xffffc9000000bdc0,rdi=0xffff888007b1d838,rbp=0xffff888007b1d668,rsp=0xffffc9000000bd88,r8=0x346,r9=0xffff888000152000,r10=0x0,r11=0x0,r12=0x1,r13=0xffff888007615d80,r14=0x1,r15=0xffff888007615d80
=> 0xffffffff8103b369 <__add_wait_queue+17>:	je     0xffffffff8103b370 <__add_wait_queue+24>
Regs: rax=0xffff888007b1d820,rbx=0xffff888007b1d668,rcx=0xffff888007b1d838,rdx=0xffff888007b1d838,rsi=0xffffc9000000bdc0,rdi=0xffff888007b1d838,rbp=0xffff888007b1d668,rsp=0xffffc9000000bd88,r8=0x346,r9=0xffff888000152000,r10=0x0,r11=0x0,r12=0x1,r13=0xffff888007615d80,r14=0x1,r15=0xffff888007615d80
=> 0xffffffff8103b370 <__add_wait_queue+24>:	mov    (%rdx),%rcx
Regs: rax=0xffff888007b1d820,rbx=0xffff888007b1d668,rcx=0xffff888007b1d838,rdx=0xffff888007b1d838,rsi=0xffffc9000000bdc0,rdi=0xffff888007b1d838,rbp=0xffff888007b1d668,rsp=0xffffc9000000bd88,r8=0x346,r9=0xffff888000152000,r10=0x0,r11=0x0,r12=0x1,r13=0xffff888007615d80,r14=0x1,r15=0xffff888007615d80
=> 0xffffffff8103b373 <__add_wait_queue+27>:	lea    0x18(%rsi),%rax
Regs: rax=0xffffc9000000bdd8,rbx=0xffff888007b1d668,rcx=0xffff888007b1d838,rdx=0xffff888007b1d838,rsi=0xffffc9000000bdc0,rdi=0xffff888007b1d838,rbp=0xffff888007b1d668,rsp=0xffffc9000000bd88,r8=0x346,r9=0xffff888000152000,r10=0x0,r11=0x0,r12=0x1,r13=0xffff888007615d80,r14=0x1,r15=0xffff888007615d80
=> 0xffffffff8103b377 <__add_wait_queue+31>:	mov    %rax,0x8(%rcx)
Regs: rax=0xffffc9000000bdd8,rbx=0xffff888007b1d668,rcx=0xffff888007b1d838,rdx=0xffff888007b1d838,rsi=0xffffc9000000bdc0,rdi=0xffff888007b1d838,rbp=0xffff888007b1d668,rsp=0xffffc9000000bd88,r8=0x346,r9=0xffff888000152000,r10=0x0,r11=0x0,r12=0x1,r13=0xffff888007615d80,r14=0x1,r15=0xffff888007615d80
=> 0xffffffff8103b37b <__add_wait_queue+35>:	mov    %rcx,0x18(%rsi)
Regs: rax=0xffffc9000000bdd8,rbx=0xffff888007b1d668,rcx=0xffff888007b1d838,rdx=0xffff888007b1d838,rsi=0xffffc9000000bdc0,rdi=0xffff888007b1d838,rbp=0xffff888007b1d668,rsp=0xffffc9000000bd88,r8=0x346,r9=0xffff888000152000,r10=0x0,r11=0x0,r12=0x1,r13=0xffff888007615d80,r14=0x1,r15=0xffff888007615d80
=> 0xffffffff8103b37f <__add_wait_queue+39>:	mov    %rdx,0x20(%rsi)
Regs: rax=0xffffc9000000bdd8,rbx=0xffff888007b1d668,rcx=0xffff888007b1d838,rdx=0xffff888007b1d838,rsi=0xffffc9000000bdc0,rdi=0xffff888007b1d838,rbp=0xffff888007b1d668,rsp=0xffffc9000000bd88,r8=0x346,r9=0xffff888000152000,r10=0x0,r11=0x0,r12=0x1,r13=0xffff888007615d80,r14=0x1,r15=0xffff888007615d80
=> 0xffffffff8103b383 <__add_wait_queue+43>:	mov    %rax,(%rdx)
Regs: rax=0xffffc9000000bdd8,rbx=0xffff888007b1d668,rcx=0xffff888007b1d838,rdx=0xffff888007b1d838,rsi=0xffffc9000000bdc0,rdi=0xffff888007b1d838,rbp=0xffff888007b1d668,rsp=0xffffc9000000bd88,r8=0x346,r9=0xffff888000152000,r10=0x0,r11=0x0,r12=0x1,r13=0xffff888007615d80,r14=0x1,r15=0xffff888007615d80
=> 0xffffffff8103b386 <__add_wait_queue+46>:	ret    
Regs: rax=0xffffc9000000bdd8,rbx=0xffff888007b1d668,rcx=0xffff888007b1d838,rdx=0xffff888007b1d838,rsi=0xffffc9000000bdc0,rdi=0xffff888007b1d838,rbp=0xffff888007b1d668,rsp=0xffffc9000000bd90,r8=0x346,r9=0xffff888000152000,r10=0x0,r11=0x0,r12=0x1,r13=0xffff888007615d80,r14=0x1,r15=0xffff888007615d80
=> 0xffffffff8103bc9e <add_wait_queue+12>:	bt     $0x9,%r8d
Regs: rax=0xffffc9000000bdd8,rbx=0xffff888007b1d668,rcx=0xffff888007b1d838,rdx=0xffff888007b1d838,rsi=0xffffc9000000bdc0,rdi=0xffff888007b1d838,rbp=0xffff888007b1d668,rsp=0xffffc9000000bd90,r8=0x346,r9=0xffff888000152000,r10=0x0,r11=0x0,r12=0x1,r13=0xffff888007615d80,r14=0x1,r15=0xffff888007615d80
=> 0xffffffff8103bca3 <add_wait_queue+17>:	jae    0xffffffff8103bca6 <add_wait_queue+20>
Regs: rax=0xffffc9000000bdd8,rbx=0xffff888007b1d668,rcx=0xffff888007b1d838,rdx=0xffff888007b1d838,rsi=0xffffc9000000bdc0,rdi=0xffff888007b1d838,rbp=0xffff888007b1d668,rsp=0xffffc9000000bd90,r8=0x346,r9=0xffff888000152000,r10=0x0,r11=0x0,r12=0x1,r13=0xffff888007615d80,r14=0x1,r15=0xffff888007615d80
=> 0xffffffff8103bca5 <add_wait_queue+19>:	sti    
Regs: rax=0xffffc9000000bdd8,rbx=0xffff888007b1d668,rcx=0xffff888007b1d838,rdx=0xffff888007b1d838,rsi=0xffffc9000000bdc0,rdi=0xffff888007b1d838,rbp=0xffff888007b1d668,rsp=0xffffc9000000bd90,r8=0x346,r9=0xffff888000152000,r10=0x0,r11=0x0,r12=0x1,r13=0xffff888007615d80,r14=0x1,r15=0xffff888007615d80
=> 0xffffffff8103bca6 <add_wait_queue+20>:	ret    
Regs: rax=0xffffc9000000bdd8,rbx=0xffff888007b1d668,rcx=0xffff888007b1d838,rdx=0xffff888007b1d838,rsi=0xffffc9000000bdc0,rdi=0xffff888007b1d838,rbp=0xffff888007b1d668,rsp=0xffffc9000000bd98,r8=0x346,r9=0xffff888000152000,r10=0x0,r11=0x0,r12=0x1,r13=0xffff888007615d80,r14=0x1,r15=0xffff888007615d80
=> 0xffffffff810d1d0c <n_tty_write+133>:	mov    0x8(%rsp),%r13
Regs: rax=0xffffc9000000bdd8,rbx=0xffff888007b1d668,rcx=0xffff888007b1d838,rdx=0xffff888007b1d838,rsi=0xffffc9000000bdc0,rdi=0xffff888007b1d838,rbp=0xffff888007b1d668,rsp=0xffffc9000000bd98,r8=0x346,r9=0xffff888000152000,r10=0x0,r11=0x0,r12=0x1,r13=0xffff88800752fc00,r14=0x1,r15=0xffff888007615d80
=> 0xffffffff810d1d11 <n_tty_write+138>:	mov    0xffffffff81836040,%rax
Regs: rax=0xffff888000152000,rbx=0xffff888007b1d668,rcx=0xffff888007b1d838,rdx=0xffff888007b1d838,rsi=0xffffc9000000bdc0,rdi=0xffff888007b1d838,rbp=0xffff888007b1d668,rsp=0xffffc9000000bd98,r8=0x346,r9=0xffff888000152000,r10=0x0,r11=0x0,r12=0x1,r13=0xffff88800752fc00,r14=0x1,r15=0xffff888007615d80
=> 0xffffffff810d1d19 <n_tty_write+146>:	mov    %rax,0x20(%rsp)
Regs: rax=0xffff888000152000,rbx=0xffff888007b1d668,rcx=0xffff888007b1d838,rdx=0xffff888007b1d838,rsi=0xffffc9000000bdc0,rdi=0xffff888007b1d838,rbp=0xffff888007b1d668,rsp=0xffffc9000000bd98,r8=0x346,r9=0xffff888000152000,r10=0x0,r11=0x0,r12=0x1,r13=0xffff88800752fc00,r14=0x1,r15=0xffff888007615d80
=> 0xffffffff810d1d1e <n_tty_write+151>:	jmp    0xffffffff810d1e14 <n_tty_write+397>
Regs: rax=0xffff888000152000,rbx=0xffff888007b1d668,rcx=0xffff888007b1d838,rdx=0xffff888007b1d838,rsi=0xffffc9000000bdc0,rdi=0xffff888007b1d838,rbp=0xffff888007b1d668,rsp=0xffffc9000000bd98,r8=0x346,r9=0xffff888000152000,r10=0x0,r11=0x0,r12=0x1,r13=0xffff88800752fc00,r14=0x1,r15=0xffff888007615d80
=> 0xffffffff810d1e14 <n_tty_write+397>:	mov    0x20(%rsp),%rdi
Regs: rax=0xffff888000152000,rbx=0xffff888007b1d668,rcx=0xffff888007b1d838,rdx=0xffff888007b1d838,rsi=0xffffc9000000bdc0,rdi=0xffff888000152000,rbp=0xffff888007b1d668,rsp=0xffffc9000000bd98,r8=0x346,r9=0xffff888000152000,r10=0x0,r11=0x0,r12=0x1,r13=0xffff88800752fc00,r14=0x1,r15=0xffff888007615d80
=> 0xffffffff810d1e19 <n_tty_write+402>:	call   0xffffffff810d1c6e <signal_pending>
Regs: rax=0xffff888000152000,rbx=0xffff888007b1d668,rcx=0xffff888007b1d838,rdx=0xffff888007b1d838,rsi=0xffffc9000000bdc0,rdi=0xffff888000152000,rbp=0xffff888007b1d668,rsp=0xffffc9000000bd90,r8=0x346,r9=0xffff888000152000,r10=0x0,r11=0x0,r12=0x1,r13=0xffff88800752fc00,r14=0x1,r15=0xffff888007615d80
=> 0xffffffff810d1c6e <signal_pending>:	mov    (%rdi),%rdx
Regs: rax=0xffff888000152000,rbx=0xffff888007b1d668,rcx=0xffff888007b1d838,rdx=0x0,rsi=0xffffc9000000bdc0,rdi=0xffff888000152000,rbp=0xffff888007b1d668,rsp=0xffffc9000000bd90,r8=0x346,r9=0xffff888000152000,r10=0x0,r11=0x0,r12=0x1,r13=0xffff88800752fc00,r14=0x1,r15=0xffff888007615d80
=> 0xffffffff810d1c71 <signal_pending+3>:	mov    $0x1,%eax
Regs: rax=0x1,rbx=0xffff888007b1d668,rcx=0xffff888007b1d838,rdx=0x0,rsi=0xffffc9000000bdc0,rdi=0xffff888000152000,rbp=0xffff888007b1d668,rsp=0xffffc9000000bd90,r8=0x346,r9=0xffff888000152000,r10=0x0,r11=0x0,r12=0x1,r13=0xffff88800752fc00,r14=0x1,r15=0xffff888007615d80
=> 0xffffffff810d1c76 <signal_pending+8>:	bt     $0x11,%edx
Regs: rax=0x1,rbx=0xffff888007b1d668,rcx=0xffff888007b1d838,rdx=0x0,rsi=0xffffc9000000bdc0,rdi=0xffff888000152000,rbp=0xffff888007b1d668,rsp=0xffffc9000000bd90,r8=0x346,r9=0xffff888000152000,r10=0x0,r11=0x0,r12=0x1,r13=0xffff88800752fc00,r14=0x1,r15=0xffff888007615d80
=> 0xffffffff810d1c7a <signal_pending+12>:	jb     0xffffffff810d1c86 <signal_pending+24>
Regs: rax=0x1,rbx=0xffff888007b1d668,rcx=0xffff888007b1d838,rdx=0x0,rsi=0xffffc9000000bdc0,rdi=0xffff888000152000,rbp=0xffff888007b1d668,rsp=0xffffc9000000bd90,r8=0x346,r9=0xffff888000152000,r10=0x0,r11=0x0,r12=0x1,r13=0xffff88800752fc00,r14=0x1,r15=0xffff888007615d80
=> 0xffffffff810d1c7c <signal_pending+14>:	mov    (%rdi),%rax
Regs: rax=0x0,rbx=0xffff888007b1d668,rcx=0xffff888007b1d838,rdx=0x0,rsi=0xffffc9000000bdc0,rdi=0xffff888000152000,rbp=0xffff888007b1d668,rsp=0xffffc9000000bd90,r8=0x346,r9=0xffff888000152000,r10=0x0,r11=0x0,r12=0x1,r13=0xffff88800752fc00,r14=0x1,r15=0xffff888007615d80
=> 0xffffffff810d1c7f <signal_pending+17>:	shr    $0x2,%rax
Regs: rax=0x0,rbx=0xffff888007b1d668,rcx=0xffff888007b1d838,rdx=0x0,rsi=0xffffc9000000bdc0,rdi=0xffff888000152000,rbp=0xffff888007b1d668,rsp=0xffffc9000000bd90,r8=0x346,r9=0xffff888000152000,r10=0x0,r11=0x0,r12=0x1,r13=0xffff88800752fc00,r14=0x1,r15=0xffff888007615d80
=> 0xffffffff810d1c83 <signal_pending+21>:	and    $0x1,%eax
Regs: rax=0x0,rbx=0xffff888007b1d668,rcx=0xffff888007b1d838,rdx=0x0,rsi=0xffffc9000000bdc0,rdi=0xffff888000152000,rbp=0xffff888007b1d668,rsp=0xffffc9000000bd90,r8=0x346,r9=0xffff888000152000,r10=0x0,r11=0x0,r12=0x1,r13=0xffff88800752fc00,r14=0x1,r15=0xffff888007615d80
=> 0xffffffff810d1c86 <signal_pending+24>:	ret    
Regs: rax=0x0,rbx=0xffff888007b1d668,rcx=0xffff888007b1d838,rdx=0x0,rsi=0xffffc9000000bdc0,rdi=0xffff888000152000,rbp=0xffff888007b1d668,rsp=0xffffc9000000bd98,r8=0x346,r9=0xffff888000152000,r10=0x0,r11=0x0,r12=0x1,r13=0xffff88800752fc00,r14=0x1,r15=0xffff888007615d80
=> 0xffffffff810d1e1e <n_tty_write+407>:	test   %eax,%eax
Regs: rax=0x0,rbx=0xffff888007b1d668,rcx=0xffff888007b1d838,rdx=0x0,rsi=0xffffc9000000bdc0,rdi=0xffff888000152000,rbp=0xffff888007b1d668,rsp=0xffffc9000000bd98,r8=0x346,r9=0xffff888000152000,r10=0x0,r11=0x0,r12=0x1,r13=0xffff88800752fc00,r14=0x1,r15=0xffff888007615d80
=> 0xffffffff810d1e20 <n_tty_write+409>:	je     0xffffffff810d1d43 <n_tty_write+188>
Regs: rax=0x0,rbx=0xffff888007b1d668,rcx=0xffff888007b1d838,rdx=0x0,rsi=0xffffc9000000bdc0,rdi=0xffff888000152000,rbp=0xffff888007b1d668,rsp=0xffffc9000000bd98,r8=0x346,r9=0xffff888000152000,r10=0x0,r11=0x0,r12=0x1,r13=0xffff88800752fc00,r14=0x1,r15=0xffff888007615d80
=> 0xffffffff810d1d43 <n_tty_write+188>:	mov    %r15,%rdi
Regs: rax=0x0,rbx=0xffff888007b1d668,rcx=0xffff888007b1d838,rdx=0x0,rsi=0xffffc9000000bdc0,rdi=0xffff888007615d80,rbp=0xffff888007b1d668,rsp=0xffffc9000000bd98,r8=0x346,r9=0xffff888000152000,r10=0x0,r11=0x0,r12=0x1,r13=0xffff88800752fc00,r14=0x1,r15=0xffff888007615d80
=> 0xffffffff810d1d46 <n_tty_write+191>:	call   0xffffffff810ce82c <tty_hung_up_p>
Regs: rax=0x0,rbx=0xffff888007b1d668,rcx=0xffff888007b1d838,rdx=0x0,rsi=0xffffc9000000bdc0,rdi=0xffff888007615d80,rbp=0xffff888007b1d668,rsp=0xffffc9000000bd90,r8=0x346,r9=0xffff888000152000,r10=0x0,r11=0x0,r12=0x1,r13=0xffff88800752fc00,r14=0x1,r15=0xffff888007615d80
=> 0xffffffff810ce82c <tty_hung_up_p>:	xor    %eax,%eax
Regs: rax=0x0,rbx=0xffff888007b1d668,rcx=0xffff888007b1d838,rdx=0x0,rsi=0xffffc9000000bdc0,rdi=0xffff888007615d80,rbp=0xffff888007b1d668,rsp=0xffffc9000000bd90,r8=0x346,r9=0xffff888000152000,r10=0x0,r11=0x0,r12=0x1,r13=0xffff88800752fc00,r14=0x1,r15=0xffff888007615d80
=> 0xffffffff810ce82e <tty_hung_up_p+2>:	test   %rdi,%rdi
Regs: rax=0x0,rbx=0xffff888007b1d668,rcx=0xffff888007b1d838,rdx=0x0,rsi=0xffffc9000000bdc0,rdi=0xffff888007615d80,rbp=0xffff888007b1d668,rsp=0xffffc9000000bd90,r8=0x346,r9=0xffff888000152000,r10=0x0,r11=0x0,r12=0x1,r13=0xffff88800752fc00,r14=0x1,r15=0xffff888007615d80
=> 0xffffffff810ce831 <tty_hung_up_p+5>:	je     0xffffffff810ce840 <tty_hung_up_p+20>
Regs: rax=0x0,rbx=0xffff888007b1d668,rcx=0xffff888007b1d838,rdx=0x0,rsi=0xffffc9000000bdc0,rdi=0xffff888007615d80,rbp=0xffff888007b1d668,rsp=0xffffc9000000bd90,r8=0x346,r9=0xffff888000152000,r10=0x0,r11=0x0,r12=0x1,r13=0xffff88800752fc00,r14=0x1,r15=0xffff888007615d80
=> 0xffffffff810ce833 <tty_hung_up_p+7>:	xor    %eax,%eax
Regs: rax=0x0,rbx=0xffff888007b1d668,rcx=0xffff888007b1d838,rdx=0x0,rsi=0xffffc9000000bdc0,rdi=0xffff888007615d80,rbp=0xffff888007b1d668,rsp=0xffffc9000000bd90,r8=0x346,r9=0xffff888000152000,r10=0x0,r11=0x0,r12=0x1,r13=0xffff88800752fc00,r14=0x1,r15=0xffff888007615d80
=> 0xffffffff810ce835 <tty_hung_up_p+9>:	cmpq   $0xffffffff81612680,0x28(%rdi)
Regs: rax=0x0,rbx=0xffff888007b1d668,rcx=0xffff888007b1d838,rdx=0x0,rsi=0xffffc9000000bdc0,rdi=0xffff888007615d80,rbp=0xffff888007b1d668,rsp=0xffffc9000000bd90,r8=0x346,r9=0xffff888000152000,r10=0x0,r11=0x0,r12=0x1,r13=0xffff88800752fc00,r14=0x1,r15=0xffff888007615d80
=> 0xffffffff810ce83d <tty_hung_up_p+17>:	sete   %al
Regs: rax=0x0,rbx=0xffff888007b1d668,rcx=0xffff888007b1d838,rdx=0x0,rsi=0xffffc9000000bdc0,rdi=0xffff888007615d80,rbp=0xffff888007b1d668,rsp=0xffffc9000000bd90,r8=0x346,r9=0xffff888000152000,r10=0x0,r11=0x0,r12=0x1,r13=0xffff88800752fc00,r14=0x1,r15=0xffff888007615d80
=> 0xffffffff810ce840 <tty_hung_up_p+20>:	ret    
Regs: rax=0x0,rbx=0xffff888007b1d668,rcx=0xffff888007b1d838,rdx=0x0,rsi=0xffffc9000000bdc0,rdi=0xffff888007615d80,rbp=0xffff888007b1d668,rsp=0xffffc9000000bd98,r8=0x346,r9=0xffff888000152000,r10=0x0,r11=0x0,r12=0x1,r13=0xffff88800752fc00,r14=0x1,r15=0xffff888007615d80
=> 0xffffffff810d1d4b <n_tty_write+196>:	test   %eax,%eax
Regs: rax=0x0,rbx=0xffff888007b1d668,rcx=0xffff888007b1d838,rdx=0x0,rsi=0xffffc9000000bdc0,rdi=0xffff888007615d80,rbp=0xffff888007b1d668,rsp=0xffffc9000000bd98,r8=0x346,r9=0xffff888000152000,r10=0x0,r11=0x0,r12=0x1,r13=0xffff88800752fc00,r14=0x1,r15=0xffff888007615d80
=> 0xffffffff810d1d4d <n_tty_write+198>:	jne    0xffffffff810d2004 <n_tty_write+893>
Regs: rax=0x0,rbx=0xffff888007b1d668,rcx=0xffff888007b1d838,rdx=0x0,rsi=0xffffc9000000bdc0,rdi=0xffff888007615d80,rbp=0xffff888007b1d668,rsp=0xffffc9000000bd98,r8=0x346,r9=0xffff888000152000,r10=0x0,r11=0x0,r12=0x1,r13=0xffff88800752fc00,r14=0x1,r15=0xffff888007615d80
=> 0xffffffff810d1d53 <n_tty_write+204>:	mov    0x1c0(%rbp),%rax
Regs: rax=0x0,rbx=0xffff888007b1d668,rcx=0xffff888007b1d838,rdx=0x0,rsi=0xffffc9000000bdc0,rdi=0xffff888007615d80,rbp=0xffff888007b1d668,rsp=0xffffc9000000bd98,r8=0x346,r9=0xffff888000152000,r10=0x0,r11=0x0,r12=0x1,r13=0xffff88800752fc00,r14=0x1,r15=0xffff888007615d80
=> 0xffffffff810d1d5a <n_tty_write+211>:	test   %rax,%rax
Regs: rax=0x0,rbx=0xffff888007b1d668,rcx=0xffff888007b1d838,rdx=0x0,rsi=0xffffc9000000bdc0,rdi=0xffff888007615d80,rbp=0xffff888007b1d668,rsp=0xffffc9000000bd98,r8=0x346,r9=0xffff888000152000,r10=0x0,r11=0x0,r12=0x1,r13=0xffff88800752fc00,r14=0x1,r15=0xffff888007615d80
=> 0xffffffff810d1d5d <n_tty_write+214>:	jne    0xffffffff810d1e2b <n_tty_write+420>
Regs: rax=0x0,rbx=0xffff888007b1d668,rcx=0xffff888007b1d838,rdx=0x0,rsi=0xffffc9000000bdc0,rdi=0xffff888007615d80,rbp=0xffff888007b1d668,rsp=0xffffc9000000bd98,r8=0x346,r9=0xffff888000152000,r10=0x0,r11=0x0,r12=0x1,r13=0xffff88800752fc00,r14=0x1,r15=0xffff888007615d80
=> 0xffffffff810d1d63 <n_tty_write+220>:	testb  $0x1,0xe4(%rbp)
Regs: rax=0x0,rbx=0xffff888007b1d668,rcx=0xffff888007b1d838,rdx=0x0,rsi=0xffffc9000000bdc0,rdi=0xffff888007615d80,rbp=0xffff888007b1d668,rsp=0xffffc9000000bd98,r8=0x346,r9=0xffff888000152000,r10=0x0,r11=0x0,r12=0x1,r13=0xffff88800752fc00,r14=0x1,r15=0xffff888007615d80
=> 0xffffffff810d1d6a <n_tty_write+227>:	je     0xffffffff810d1f8e <n_tty_write+775>
Regs: rax=0x0,rbx=0xffff888007b1d668,rcx=0xffff888007b1d838,rdx=0x0,rsi=0xffffc9000000bdc0,rdi=0xffff888007615d80,rbp=0xffff888007b1d668,rsp=0xffffc9000000bd98,r8=0x346,r9=0xffff888000152000,r10=0x0,r11=0x0,r12=0x1,r13=0xffff88800752fc00,r14=0x1,r15=0xffff888007615d80
=> 0xffffffff810d1d70 <n_tty_write+233>:	test   %r12,%r12
Regs: rax=0x0,rbx=0xffff888007b1d668,rcx=0xffff888007b1d838,rdx=0x0,rsi=0xffffc9000000bdc0,rdi=0xffff888007615d80,rbp=0xffff888007b1d668,rsp=0xffffc9000000bd98,r8=0x346,r9=0xffff888000152000,r10=0x0,r11=0x0,r12=0x1,r13=0xffff88800752fc00,r14=0x1,r15=0xffff888007615d80
=> 0xffffffff810d1d73 <n_tty_write+236>:	je     0xffffffff810d1f7a <n_tty_write+755>
Regs: rax=0x0,rbx=0xffff888007b1d668,rcx=0xffff888007b1d838,rdx=0x0,rsi=0xffffc9000000bdc0,rdi=0xffff888007615d80,rbp=0xffff888007b1d668,rsp=0xffffc9000000bd98,r8=0x346,r9=0xffff888000152000,r10=0x0,r11=0x0,r12=0x1,r13=0xffff88800752fc00,r14=0x1,r15=0xffff888007615d80
=> 0xffffffff810d1d79 <n_tty_write+242>:	mov    0x210(%rbp),%r14
Regs: rax=0x0,rbx=0xffff888007b1d668,rcx=0xffff888007b1d838,rdx=0x0,rsi=0xffffc9000000bdc0,rdi=0xffff888007615d80,rbp=0xffff888007b1d668,rsp=0xffffc9000000bd98,r8=0x346,r9=0xffff888000152000,r10=0x0,r11=0x0,r12=0x1,r13=0xffff88800752fc00,r14=0xffffc90000075000,r15=0xffff888007615d80
=> 0xffffffff810d1d80 <n_tty_write+249>:	lea    0x22a0(%r14),%rax
Regs: rax=0xffffc900000772a0,rbx=0xffff888007b1d668,rcx=0xffff888007b1d838,rdx=0x0,rsi=0xffffc9000000bdc0,rdi=0xffff888007615d80,rbp=0xffff888007b1d668,rsp=0xffffc9000000bd98,r8=0x346,r9=0xffff888000152000,r10=0x0,r11=0x0,r12=0x1,r13=0xffff88800752fc00,r14=0xffffc90000075000,r15=0xffff888007615d80
=> 0xffffffff810d1d87 <n_tty_write+256>:	mov    %rax,%rdi
Regs: rax=0xffffc900000772a0,rbx=0xffff888007b1d668,rcx=0xffff888007b1d838,rdx=0x0,rsi=0xffffc9000000bdc0,rdi=0xffffc900000772a0,rbp=0xffff888007b1d668,rsp=0xffffc9000000bd98,r8=0x346,r9=0xffff888000152000,r10=0x0,r11=0x0,r12=0x1,r13=0xffff88800752fc00,r14=0xffffc90000075000,r15=0xffff888007615d80
=> 0xffffffff810d1d8a <n_tty_write+259>:	mov    %rax,0x18(%rsp)
Regs: rax=0xffffc900000772a0,rbx=0xffff888007b1d668,rcx=0xffff888007b1d838,rdx=0x0,rsi=0xffffc9000000bdc0,rdi=0xffffc900000772a0,rbp=0xffff888007b1d668,rsp=0xffffc9000000bd98,r8=0x346,r9=0xffff888000152000,r10=0x0,r11=0x0,r12=0x1,r13=0xffff88800752fc00,r14=0xffffc90000075000,r15=0xffff888007615d80
=> 0xffffffff810d1d8f <n_tty_write+264>:	call   0xffffffff811202d8 <mutex_lock>
Regs: rax=0xffffc900000772a0,rbx=0xffff888007b1d668,rcx=0xffff888007b1d838,rdx=0x0,rsi=0xffffc9000000bdc0,rdi=0xffffc900000772a0,rbp=0xffff888007b1d668,rsp=0xffffc9000000bd90,r8=0x346,r9=0xffff888000152000,r10=0x0,r11=0x0,r12=0x1,r13=0xffff88800752fc00,r14=0xffffc90000075000,r15=0xffff888007615d80
=> 0xffffffff811202d8 <mutex_lock>:	xor    %eax,%eax
Regs: rax=0x0,rbx=0xffff888007b1d668,rcx=0xffff888007b1d838,rdx=0x0,rsi=0xffffc9000000bdc0,rdi=0xffffc900000772a0,rbp=0xffff888007b1d668,rsp=0xffffc9000000bd90,r8=0x346,r9=0xffff888000152000,r10=0x0,r11=0x0,r12=0x1,r13=0xffff88800752fc00,r14=0xffffc90000075000,r15=0xffff888007615d80
=> 0xffffffff811202da <mutex_lock+2>:	mov    0xffffffff81836040,%rdx
Regs: rax=0x0,rbx=0xffff888007b1d668,rcx=0xffff888007b1d838,rdx=0xffff888000152000,rsi=0xffffc9000000bdc0,rdi=0xffffc900000772a0,rbp=0xffff888007b1d668,rsp=0xffffc9000000bd90,r8=0x346,r9=0xffff888000152000,r10=0x0,r11=0x0,r12=0x1,r13=0xffff88800752fc00,r14=0xffffc90000075000,r15=0xffff888007615d80
=> 0xffffffff811202e2 <mutex_lock+10>:	cmpxchg %rdx,(%rdi)
Regs: rax=0x0,rbx=0xffff888007b1d668,rcx=0xffff888007b1d838,rdx=0xffff888000152000,rsi=0xffffc9000000bdc0,rdi=0xffffc900000772a0,rbp=0xffff888007b1d668,rsp=0xffffc9000000bd90,r8=0x346,r9=0xffff888000152000,r10=0x0,r11=0x0,r12=0x1,r13=0xffff88800752fc00,r14=0xffffc90000075000,r15=0xffff888007615d80
=> 0xffffffff811202e6 <mutex_lock+14>:	je     0xffffffff811202ed <mutex_lock+21>
Regs: rax=0x0,rbx=0xffff888007b1d668,rcx=0xffff888007b1d838,rdx=0xffff888000152000,rsi=0xffffc9000000bdc0,rdi=0xffffc900000772a0,rbp=0xffff888007b1d668,rsp=0xffffc9000000bd90,r8=0x346,r9=0xffff888000152000,r10=0x0,r11=0x0,r12=0x1,r13=0xffff88800752fc00,r14=0xffffc90000075000,r15=0xffff888007615d80
=> 0xffffffff811202ed <mutex_lock+21>:	ret    
Regs: rax=0x0,rbx=0xffff888007b1d668,rcx=0xffff888007b1d838,rdx=0xffff888000152000,rsi=0xffffc9000000bdc0,rdi=0xffffc900000772a0,rbp=0xffff888007b1d668,rsp=0xffffc9000000bd98,r8=0x346,r9=0xffff888000152000,r10=0x0,r11=0x0,r12=0x1,r13=0xffff88800752fc00,r14=0xffffc90000075000,r15=0xffff888007615d80
=> 0xffffffff810d1d94 <n_tty_write+269>:	mov    %rbp,%rdi
Regs: rax=0x0,rbx=0xffff888007b1d668,rcx=0xffff888007b1d838,rdx=0xffff888000152000,rsi=0xffffc9000000bdc0,rdi=0xffff888007b1d668,rbp=0xffff888007b1d668,rsp=0xffffc9000000bd98,r8=0x346,r9=0xffff888000152000,r10=0x0,r11=0x0,r12=0x1,r13=0xffff88800752fc00,r14=0xffffc90000075000,r15=0xffff888007615d80
=> 0xffffffff810d1d97 <n_tty_write+272>:	call   0xffffffff810d34b1 <tty_write_room>
Regs: rax=0x0,rbx=0xffff888007b1d668,rcx=0xffff888007b1d838,rdx=0xffff888000152000,rsi=0xffffc9000000bdc0,rdi=0xffff888007b1d668,rbp=0xffff888007b1d668,rsp=0xffffc9000000bd90,r8=0x346,r9=0xffff888000152000,r10=0x0,r11=0x0,r12=0x1,r13=0xffff88800752fc00,r14=0xffffc90000075000,r15=0xffff888007615d80
=> 0xffffffff810d34b1 <tty_write_room>:	mov    0x18(%rdi),%rax
Regs: rax=0xffffffff81614560,rbx=0xffff888007b1d668,rcx=0xffff888007b1d838,rdx=0xffff888000152000,rsi=0xffffc9000000bdc0,rdi=0xffff888007b1d668,rbp=0xffff888007b1d668,rsp=0xffffc9000000bd90,r8=0x346,r9=0xffff888000152000,r10=0x0,r11=0x0,r12=0x1,r13=0xffff88800752fc00,r14=0xffffc90000075000,r15=0xffff888007615d80
=> 0xffffffff810d34b5 <tty_write_room+4>:	mov    0x50(%rax),%rax
Regs: rax=0xffffffff810dc523,rbx=0xffff888007b1d668,rcx=0xffff888007b1d838,rdx=0xffff888000152000,rsi=0xffffc9000000bdc0,rdi=0xffff888007b1d668,rbp=0xffff888007b1d668,rsp=0xffffc9000000bd90,r8=0x346,r9=0xffff888000152000,r10=0x0,r11=0x0,r12=0x1,r13=0xffff88800752fc00,r14=0xffffc90000075000,r15=0xffff888007615d80
=> 0xffffffff810d34b9 <tty_write_room+8>:	test   %rax,%rax
Regs: rax=0xffffffff810dc523,rbx=0xffff888007b1d668,rcx=0xffff888007b1d838,rdx=0xffff888000152000,rsi=0xffffc9000000bdc0,rdi=0xffff888007b1d668,rbp=0xffff888007b1d668,rsp=0xffffc9000000bd90,r8=0x346,r9=0xffff888000152000,r10=0x0,r11=0x0,r12=0x1,r13=0xffff88800752fc00,r14=0xffffc90000075000,r15=0xffff888007615d80
=> 0xffffffff810d34bc <tty_write_room+11>:	je     0xffffffff810d34c0 <tty_write_room+15>
Regs: rax=0xffffffff810dc523,rbx=0xffff888007b1d668,rcx=0xffff888007b1d838,rdx=0xffff888000152000,rsi=0xffffc9000000bdc0,rdi=0xffff888007b1d668,rbp=0xffff888007b1d668,rsp=0xffffc9000000bd90,r8=0x346,r9=0xffff888000152000,r10=0x0,r11=0x0,r12=0x1,r13=0xffff88800752fc00,r14=0xffffc90000075000,r15=0xffff888007615d80
=> 0xffffffff810d34be <tty_write_room+13>:	jmp    *%rax
Regs: rax=0xffffffff810dc523,rbx=0xffff888007b1d668,rcx=0xffff888007b1d838,rdx=0xffff888000152000,rsi=0xffffc9000000bdc0,rdi=0xffff888007b1d668,rbp=0xffff888007b1d668,rsp=0xffffc9000000bd90,r8=0x346,r9=0xffff888000152000,r10=0x0,r11=0x0,r12=0x1,r13=0xffff88800752fc00,r14=0xffffc90000075000,r15=0xffff888007615d80
=> 0xffffffff810dc523 <con_write_room>:	mov    0x190(%rdi),%al
Regs: rax=0xffffffff810dc500,rbx=0xffff888007b1d668,rcx=0xffff888007b1d838,rdx=0xffff888000152000,rsi=0xffffc9000000bdc0,rdi=0xffff888007b1d668,rbp=0xffff888007b1d668,rsp=0xffffc9000000bd90,r8=0x346,r9=0xffff888000152000,r10=0x0,r11=0x0,r12=0x1,r13=0xffff88800752fc00,r14=0xffffc90000075000,r15=0xffff888007615d80
=> 0xffffffff810dc529 <con_write_room+6>:	xor    $0x1,%eax
Regs: rax=0x810dc501,rbx=0xffff888007b1d668,rcx=0xffff888007b1d838,rdx=0xffff888000152000,rsi=0xffffc9000000bdc0,rdi=0xffff888007b1d668,rbp=0xffff888007b1d668,rsp=0xffffc9000000bd90,r8=0x346,r9=0xffff888000152000,r10=0x0,r11=0x0,r12=0x1,r13=0xffff88800752fc00,r14=0xffffc90000075000,r15=0xffff888007615d80
=> 0xffffffff810dc52c <con_write_room+9>:	movzbl %al,%eax
Regs: rax=0x1,rbx=0xffff888007b1d668,rcx=0xffff888007b1d838,rdx=0xffff888000152000,rsi=0xffffc9000000bdc0,rdi=0xffff888007b1d668,rbp=0xffff888007b1d668,rsp=0xffffc9000000bd90,r8=0x346,r9=0xffff888000152000,r10=0x0,r11=0x0,r12=0x1,r13=0xffff88800752fc00,r14=0xffffc90000075000,r15=0xffff888007615d80
=> 0xffffffff810dc52f <con_write_room+12>:	shl    $0xf,%eax
Regs: rax=0x8000,rbx=0xffff888007b1d668,rcx=0xffff888007b1d838,rdx=0xffff888000152000,rsi=0xffffc9000000bdc0,rdi=0xffff888007b1d668,rbp=0xffff888007b1d668,rsp=0xffffc9000000bd90,r8=0x346,r9=0xffff888000152000,r10=0x0,r11=0x0,r12=0x1,r13=0xffff88800752fc00,r14=0xffffc90000075000,r15=0xffff888007615d80
=> 0xffffffff810dc532 <con_write_room+15>:	ret    
Regs: rax=0x8000,rbx=0xffff888007b1d668,rcx=0xffff888007b1d838,rdx=0xffff888000152000,rsi=0xffffc9000000bdc0,rdi=0xffff888007b1d668,rbp=0xffff888007b1d668,rsp=0xffffc9000000bd98,r8=0x346,r9=0xffff888000152000,r10=0x0,r11=0x0,r12=0x1,r13=0xffff88800752fc00,r14=0xffffc90000075000,r15=0xffff888007615d80
=> 0xffffffff810d1d9c <n_tty_write+277>:	movslq %eax,%rbx
Regs: rax=0x8000,rbx=0x8000,rcx=0xffff888007b1d838,rdx=0xffff888000152000,rsi=0xffffc9000000bdc0,rdi=0xffff888007b1d668,rbp=0xffff888007b1d668,rsp=0xffffc9000000bd98,r8=0x346,r9=0xffff888000152000,r10=0x0,r11=0x0,r12=0x1,r13=0xffff88800752fc00,r14=0xffffc90000075000,r15=0xffff888007615d80
=> 0xffffffff810d1d9f <n_tty_write+280>:	test   %ebx,%ebx
Regs: rax=0x8000,rbx=0x8000,rcx=0xffff888007b1d838,rdx=0xffff888000152000,rsi=0xffffc9000000bdc0,rdi=0xffff888007b1d668,rbp=0xffff888007b1d668,rsp=0xffffc9000000bd98,r8=0x346,r9=0xffff888000152000,r10=0x0,r11=0x0,r12=0x1,r13=0xffff88800752fc00,r14=0xffffc90000075000,r15=0xffff888007615d80
=> 0xffffffff810d1da1 <n_tty_write+282>:	jg     0xffffffff810d1e3d <n_tty_write+438>
Regs: rax=0x8000,rbx=0x8000,rcx=0xffff888007b1d838,rdx=0xffff888000152000,rsi=0xffffc9000000bdc0,rdi=0xffff888007b1d668,rbp=0xffff888007b1d668,rsp=0xffffc9000000bd98,r8=0x346,r9=0xffff888000152000,r10=0x0,r11=0x0,r12=0x1,r13=0xffff88800752fc00,r14=0xffffc90000075000,r15=0xffff888007615d80
=> 0xffffffff810d1e3d <n_tty_write+438>:	cmp    %r12d,%ebx
Regs: rax=0x8000,rbx=0x8000,rcx=0xffff888007b1d838,rdx=0xffff888000152000,rsi=0xffffc9000000bdc0,rdi=0xffff888007b1d668,rbp=0xffff888007b1d668,rsp=0xffffc9000000bd98,r8=0x346,r9=0xffff888000152000,r10=0x0,r11=0x0,r12=0x1,r13=0xffff88800752fc00,r14=0xffffc90000075000,r15=0xffff888007615d80
=> 0xffffffff810d1e40 <n_tty_write+441>:	cmova  %r12d,%ebx
Regs: rax=0x8000,rbx=0x1,rcx=0xffff888007b1d838,rdx=0xffff888000152000,rsi=0xffffc9000000bdc0,rdi=0xffff888007b1d668,rbp=0xffff888007b1d668,rsp=0xffffc9000000bd98,r8=0x346,r9=0xffff888000152000,r10=0x0,r11=0x0,r12=0x1,r13=0xffff88800752fc00,r14=0xffffc90000075000,r15=0xffff888007615d80
=> 0xffffffff810d1e44 <n_tty_write+445>:	xor    %edx,%edx
Regs: rax=0x8000,rbx=0x1,rcx=0xffff888007b1d838,rdx=0x0,rsi=0xffffc9000000bdc0,rdi=0xffff888007b1d668,rbp=0xffff888007b1d668,rsp=0xffffc9000000bd98,r8=0x346,r9=0xffff888000152000,r10=0x0,r11=0x0,r12=0x1,r13=0xffff88800752fc00,r14=0xffffc90000075000,r15=0xffff888007615d80
=> 0xffffffff810d1e46 <n_tty_write+447>:	cmp    %ebx,%edx
Regs: rax=0x8000,rbx=0x1,rcx=0xffff888007b1d838,rdx=0x0,rsi=0xffffc9000000bdc0,rdi=0xffff888007b1d668,rbp=0xffff888007b1d668,rsp=0xffffc9000000bd98,r8=0x346,r9=0xffff888000152000,r10=0x0,r11=0x0,r12=0x1,r13=0xffff88800752fc00,r14=0xffffc90000075000,r15=0xffff888007615d80
=> 0xffffffff810d1e48 <n_tty_write+449>:	jae    0xffffffff810d1f05 <n_tty_write+638>
Regs: rax=0x8000,rbx=0x1,rcx=0xffff888007b1d838,rdx=0x0,rsi=0xffffc9000000bdc0,rdi=0xffff888007b1d668,rbp=0xffff888007b1d668,rsp=0xffffc9000000bd98,r8=0x346,r9=0xffff888000152000,r10=0x0,r11=0x0,r12=0x1,r13=0xffff88800752fc00,r14=0xffffc90000075000,r15=0xffff888007615d80
=> 0xffffffff810d1e4e <n_tty_write+455>:	movzbl 0x0(%r13,%rdx,1),%eax
Regs: rax=0x6c,rbx=0x1,rcx=0xffff888007b1d838,rdx=0x0,rsi=0xffffc9000000bdc0,rdi=0xffff888007b1d668,rbp=0xffff888007b1d668,rsp=0xffffc9000000bd98,r8=0x346,r9=0xffff888000152000,r10=0x0,r11=0x0,r12=0x1,r13=0xffff88800752fc00,r14=0xffffc90000075000,r15=0xffff888007615d80
=> 0xffffffff810d1e54 <n_tty_write+461>:	cmp    $0xa,%al
Regs: rax=0x6c,rbx=0x1,rcx=0xffff888007b1d838,rdx=0x0,rsi=0xffffc9000000bdc0,rdi=0xffff888007b1d668,rbp=0xffff888007b1d668,rsp=0xffffc9000000bd98,r8=0x346,r9=0xffff888000152000,r10=0x0,r11=0x0,r12=0x1,r13=0xffff88800752fc00,r14=0xffffc90000075000,r15=0xffff888007615d80
=> 0xffffffff810d1e56 <n_tty_write+463>:	je     0xffffffff810d1e6e <n_tty_write+487>
Regs: rax=0x6c,rbx=0x1,rcx=0xffff888007b1d838,rdx=0x0,rsi=0xffffc9000000bdc0,rdi=0xffff888007b1d668,rbp=0xffff888007b1d668,rsp=0xffffc9000000bd98,r8=0x346,r9=0xffff888000152000,r10=0x0,r11=0x0,r12=0x1,r13=0xffff88800752fc00,r14=0xffffc90000075000,r15=0xffff888007615d80
=> 0xffffffff810d1e58 <n_tty_write+465>:	ja     0xffffffff810d1e68 <n_tty_write+481>
Regs: rax=0x6c,rbx=0x1,rcx=0xffff888007b1d838,rdx=0x0,rsi=0xffffc9000000bdc0,rdi=0xffff888007b1d668,rbp=0xffff888007b1d668,rsp=0xffffc9000000bd98,r8=0x346,r9=0xffff888000152000,r10=0x0,r11=0x0,r12=0x1,r13=0xffff88800752fc00,r14=0xffffc90000075000,r15=0xffff888007615d80
=> 0xffffffff810d1e68 <n_tty_write+481>:	cmp    $0xd,%al
Regs: rax=0x6c,rbx=0x1,rcx=0xffff888007b1d838,rdx=0x0,rsi=0xffffc9000000bdc0,rdi=0xffff888007b1d668,rbp=0xffff888007b1d668,rsp=0xffffc9000000bd98,r8=0x346,r9=0xffff888000152000,r10=0x0,r11=0x0,r12=0x1,r13=0xffff88800752fc00,r14=0xffffc90000075000,r15=0xffff888007615d80
=> 0xffffffff810d1e6a <n_tty_write+483>:	je     0xffffffff810d1e99 <n_tty_write+530>
Regs: rax=0x6c,rbx=0x1,rcx=0xffff888007b1d838,rdx=0x0,rsi=0xffffc9000000bdc0,rdi=0xffff888007b1d668,rbp=0xffff888007b1d668,rsp=0xffffc9000000bd98,r8=0x346,r9=0xffff888000152000,r10=0x0,r11=0x0,r12=0x1,r13=0xffff88800752fc00,r14=0xffffc90000075000,r15=0xffff888007615d80
=> 0xffffffff810d1e6c <n_tty_write+485>:	jmp    0xffffffff810d1ed2 <n_tty_write+587>
Regs: rax=0x6c,rbx=0x1,rcx=0xffff888007b1d838,rdx=0x0,rsi=0xffffc9000000bdc0,rdi=0xffff888007b1d668,rbp=0xffff888007b1d668,rsp=0xffffc9000000bd98,r8=0x346,r9=0xffff888000152000,r10=0x0,r11=0x0,r12=0x1,r13=0xffff88800752fc00,r14=0xffffc90000075000,r15=0xffff888007615d80
=> 0xffffffff810d1ed2 <n_tty_write+587>:	movzbl %al,%edi
Regs: rax=0x6c,rbx=0x1,rcx=0xffff888007b1d838,rdx=0x0,rsi=0xffffc9000000bdc0,rdi=0x6c,rbp=0xffff888007b1d668,rsp=0xffffc9000000bd98,r8=0x346,r9=0xffff888000152000,r10=0x0,r11=0x0,r12=0x1,r13=0xffff88800752fc00,r14=0xffffc90000075000,r15=0xffff888007615d80
=> 0xffffffff810d1ed5 <n_tty_write+590>:	testb  $0x8,-0x7e9e4bc0(%rax)
Regs: rax=0x6c,rbx=0x1,rcx=0xffff888007b1d838,rdx=0x0,rsi=0xffffc9000000bdc0,rdi=0x6c,rbp=0xffff888007b1d668,rsp=0xffffc9000000bd98,r8=0x346,r9=0xffff888000152000,r10=0x0,r11=0x0,r12=0x1,r13=0xffff88800752fc00,r14=0xffffc90000075000,r15=0xffff888007615d80
=> 0xffffffff810d1edc <n_tty_write+597>:	jne    0xffffffff810d1efd <n_tty_write+630>
Regs: rax=0x6c,rbx=0x1,rcx=0xffff888007b1d838,rdx=0x0,rsi=0xffffc9000000bdc0,rdi=0x6c,rbp=0xffff888007b1d668,rsp=0xffffc9000000bd98,r8=0x346,r9=0xffff888000152000,r10=0x0,r11=0x0,r12=0x1,r13=0xffff88800752fc00,r14=0xffffc90000075000,r15=0xffff888007615d80
=> 0xffffffff810d1ede <n_tty_write+599>:	testb  $0x2,0xe4(%rbp)
Regs: rax=0x6c,rbx=0x1,rcx=0xffff888007b1d838,rdx=0x0,rsi=0xffffc9000000bdc0,rdi=0x6c,rbp=0xffff888007b1d668,rsp=0xffffc9000000bd98,r8=0x346,r9=0xffff888000152000,r10=0x0,r11=0x0,r12=0x1,r13=0xffff88800752fc00,r14=0xffffc90000075000,r15=0xffff888007615d80
=> 0xffffffff810d1ee5 <n_tty_write+606>:	jne    0xffffffff810d1f05 <n_tty_write+638>
Regs: rax=0x6c,rbx=0x1,rcx=0xffff888007b1d838,rdx=0x0,rsi=0xffffc9000000bdc0,rdi=0x6c,rbp=0xffff888007b1d668,rsp=0xffffc9000000bd98,r8=0x346,r9=0xffff888000152000,r10=0x0,r11=0x0,r12=0x1,r13=0xffff88800752fc00,r14=0xffffc90000075000,r15=0xffff888007615d80
=> 0xffffffff810d1ee7 <n_tty_write+608>:	mov    0xe0(%rbp),%esi
Regs: rax=0x6c,rbx=0x1,rcx=0xffff888007b1d838,rdx=0x0,rsi=0x4500,rdi=0x6c,rbp=0xffff888007b1d668,rsp=0xffffc9000000bd98,r8=0x346,r9=0xffff888000152000,r10=0x0,r11=0x0,r12=0x1,r13=0xffff88800752fc00,r14=0xffffc90000075000,r15=0xffff888007615d80
=> 0xffffffff810d1eed <n_tty_write+614>:	call   0xffffffff810d0f21 <is_continuation>
Regs: rax=0x6c,rbx=0x1,rcx=0xffff888007b1d838,rdx=0x0,rsi=0x4500,rdi=0x6c,rbp=0xffff888007b1d668,rsp=0xffffc9000000bd90,r8=0x346,r9=0xffff888000152000,r10=0x0,r11=0x0,r12=0x1,r13=0xffff88800752fc00,r14=0xffffc90000075000,r15=0xffff888007615d80
=> 0xffffffff810d0f21 <is_continuation>:	xor    %eax,%eax
Regs: rax=0x0,rbx=0x1,rcx=0xffff888007b1d838,rdx=0x0,rsi=0x4500,rdi=0x6c,rbp=0xffff888007b1d668,rsp=0xffffc9000000bd90,r8=0x346,r9=0xffff888000152000,r10=0x0,r11=0x0,r12=0x1,r13=0xffff88800752fc00,r14=0xffffc90000075000,r15=0xffff888007615d80
=> 0xffffffff810d0f23 <is_continuation+2>:	bt     $0xe,%esi
Regs: rax=0x0,rbx=0x1,rcx=0xffff888007b1d838,rdx=0x0,rsi=0x4500,rdi=0x6c,rbp=0xffff888007b1d668,rsp=0xffffc9000000bd90,r8=0x346,r9=0xffff888000152000,r10=0x0,r11=0x0,r12=0x1,r13=0xffff88800752fc00,r14=0xffffc90000075000,r15=0xffff888007615d80
=> 0xffffffff810d0f27 <is_continuation+6>:	jae    0xffffffff810d0f35 <is_continuation+20>
Regs: rax=0x0,rbx=0x1,rcx=0xffff888007b1d838,rdx=0x0,rsi=0x4500,rdi=0x6c,rbp=0xffff888007b1d668,rsp=0xffffc9000000bd90,r8=0x346,r9=0xffff888000152000,r10=0x0,r11=0x0,r12=0x1,r13=0xffff88800752fc00,r14=0xffffc90000075000,r15=0xffff888007615d80
=> 0xffffffff810d0f29 <is_continuation+8>:	and    $0xffffffc0,%edi
Regs: rax=0x0,rbx=0x1,rcx=0xffff888007b1d838,rdx=0x0,rsi=0x4500,rdi=0x40,rbp=0xffff888007b1d668,rsp=0xffffc9000000bd90,r8=0x346,r9=0xffff888000152000,r10=0x0,r11=0x0,r12=0x1,r13=0xffff88800752fc00,r14=0xffffc90000075000,r15=0xffff888007615d80
=> 0xffffffff810d0f2c <is_continuation+11>:	xor    %eax,%eax
Regs: rax=0x0,rbx=0x1,rcx=0xffff888007b1d838,rdx=0x0,rsi=0x4500,rdi=0x40,rbp=0xffff888007b1d668,rsp=0xffffc9000000bd90,r8=0x346,r9=0xffff888000152000,r10=0x0,r11=0x0,r12=0x1,r13=0xffff88800752fc00,r14=0xffffc90000075000,r15=0xffff888007615d80
=> 0xffffffff810d0f2e <is_continuation+13>:	cmp    $0x80,%dil
Regs: rax=0x0,rbx=0x1,rcx=0xffff888007b1d838,rdx=0x0,rsi=0x4500,rdi=0x40,rbp=0xffff888007b1d668,rsp=0xffffc9000000bd90,r8=0x346,r9=0xffff888000152000,r10=0x0,r11=0x0,r12=0x1,r13=0xffff88800752fc00,r14=0xffffc90000075000,r15=0xffff888007615d80
=> 0xffffffff810d0f32 <is_continuation+17>:	sete   %al
Regs: rax=0x0,rbx=0x1,rcx=0xffff888007b1d838,rdx=0x0,rsi=0x4500,rdi=0x40,rbp=0xffff888007b1d668,rsp=0xffffc9000000bd90,r8=0x346,r9=0xffff888000152000,r10=0x0,r11=0x0,r12=0x1,r13=0xffff88800752fc00,r14=0xffffc90000075000,r15=0xffff888007615d80
=> 0xffffffff810d0f35 <is_continuation+20>:	ret    
Regs: rax=0x0,rbx=0x1,rcx=0xffff888007b1d838,rdx=0x0,rsi=0x4500,rdi=0x40,rbp=0xffff888007b1d668,rsp=0xffffc9000000bd98,r8=0x346,r9=0xffff888000152000,r10=0x0,r11=0x0,r12=0x1,r13=0xffff88800752fc00,r14=0xffffc90000075000,r15=0xffff888007615d80
=> 0xffffffff810d1ef2 <n_tty_write+619>:	test   %eax,%eax
Regs: rax=0x0,rbx=0x1,rcx=0xffff888007b1d838,rdx=0x0,rsi=0x4500,rdi=0x40,rbp=0xffff888007b1d668,rsp=0xffffc9000000bd98,r8=0x346,r9=0xffff888000152000,r10=0x0,r11=0x0,r12=0x1,r13=0xffff88800752fc00,r14=0xffffc90000075000,r15=0xffff888007615d80
=> 0xffffffff810d1ef4 <n_tty_write+621>:	jne    0xffffffff810d1efd <n_tty_write+630>
Regs: rax=0x0,rbx=0x1,rcx=0xffff888007b1d838,rdx=0x0,rsi=0x4500,rdi=0x40,rbp=0xffff888007b1d668,rsp=0xffffc9000000bd98,r8=0x346,r9=0xffff888000152000,r10=0x0,r11=0x0,r12=0x1,r13=0xffff88800752fc00,r14=0xffffc90000075000,r15=0xffff888007615d80
=> 0xffffffff810d1ef6 <n_tty_write+623>:	incl   0x2278(%r14)
Regs: rax=0x0,rbx=0x1,rcx=0xffff888007b1d838,rdx=0x0,rsi=0x4500,rdi=0x40,rbp=0xffff888007b1d668,rsp=0xffffc9000000bd98,r8=0x346,r9=0xffff888000152000,r10=0x0,r11=0x0,r12=0x1,r13=0xffff88800752fc00,r14=0xffffc90000075000,r15=0xffff888007615d80
=> 0xffffffff810d1efd <n_tty_write+630>:	inc    %rdx
Regs: rax=0x0,rbx=0x1,rcx=0xffff888007b1d838,rdx=0x1,rsi=0x4500,rdi=0x40,rbp=0xffff888007b1d668,rsp=0xffffc9000000bd98,r8=0x346,r9=0xffff888000152000,r10=0x0,r11=0x0,r12=0x1,r13=0xffff88800752fc00,r14=0xffffc90000075000,r15=0xffff888007615d80
=> 0xffffffff810d1f00 <n_tty_write+633>:	jmp    0xffffffff810d1e46 <n_tty_write+447>
Regs: rax=0x0,rbx=0x1,rcx=0xffff888007b1d838,rdx=0x1,rsi=0x4500,rdi=0x40,rbp=0xffff888007b1d668,rsp=0xffffc9000000bd98,r8=0x346,r9=0xffff888000152000,r10=0x0,r11=0x0,r12=0x1,r13=0xffff88800752fc00,r14=0xffffc90000075000,r15=0xffff888007615d80
=> 0xffffffff810d1e46 <n_tty_write+447>:	cmp    %ebx,%edx
Regs: rax=0x0,rbx=0x1,rcx=0xffff888007b1d838,rdx=0x1,rsi=0x4500,rdi=0x40,rbp=0xffff888007b1d668,rsp=0xffffc9000000bd98,r8=0x346,r9=0xffff888000152000,r10=0x0,r11=0x0,r12=0x1,r13=0xffff88800752fc00,r14=0xffffc90000075000,r15=0xffff888007615d80
=> 0xffffffff810d1e48 <n_tty_write+449>:	jae    0xffffffff810d1f05 <n_tty_write+638>
Regs: rax=0x0,rbx=0x1,rcx=0xffff888007b1d838,rdx=0x1,rsi=0x4500,rdi=0x40,rbp=0xffff888007b1d668,rsp=0xffffc9000000bd98,r8=0x346,r9=0xffff888000152000,r10=0x0,r11=0x0,r12=0x1,r13=0xffff88800752fc00,r14=0xffffc90000075000,r15=0xffff888007615d80
=> 0xffffffff810d1f05 <n_tty_write+638>:	mov    0x18(%rbp),%rax
Regs: rax=0xffffffff81614560,rbx=0x1,rcx=0xffff888007b1d838,rdx=0x1,rsi=0x4500,rdi=0x40,rbp=0xffff888007b1d668,rsp=0xffffc9000000bd98,r8=0x346,r9=0xffff888000152000,r10=0x0,r11=0x0,r12=0x1,r13=0xffff88800752fc00,r14=0xffffc90000075000,r15=0xffff888007615d80
=> 0xffffffff810d1f09 <n_tty_write+642>:	mov    %rbp,%rdi
Regs: rax=0xffffffff81614560,rbx=0x1,rcx=0xffff888007b1d838,rdx=0x1,rsi=0x4500,rdi=0xffff888007b1d668,rbp=0xffff888007b1d668,rsp=0xffffc9000000bd98,r8=0x346,r9=0xffff888000152000,r10=0x0,r11=0x0,r12=0x1,r13=0xffff88800752fc00,r14=0xffffc90000075000,r15=0xffff888007615d80
=> 0xffffffff810d1f0c <n_tty_write+645>:	mov    %r13,%rsi
Regs: rax=0xffffffff81614560,rbx=0x1,rcx=0xffff888007b1d838,rdx=0x1,rsi=0xffff88800752fc00,rdi=0xffff888007b1d668,rbp=0xffff888007b1d668,rsp=0xffffc9000000bd98,r8=0x346,r9=0xffff888000152000,r10=0x0,r11=0x0,r12=0x1,r13=0xffff88800752fc00,r14=0xffffc90000075000,r15=0xffff888007615d80
=> 0xffffffff810d1f0f <n_tty_write+648>:	call   *0x38(%rax)
Regs: rax=0xffffffff81614560,rbx=0x1,rcx=0xffff888007b1d838,rdx=0x1,rsi=0xffff88800752fc00,rdi=0xffff888007b1d668,rbp=0xffff888007b1d668,rsp=0xffffc9000000bd90,r8=0x346,r9=0xffff888000152000,r10=0x0,r11=0x0,r12=0x1,r13=0xffff88800752fc00,r14=0xffffc90000075000,r15=0xffff888007615d80
=> 0xffffffff810e0bd5 <con_write>:	sub    $0x10,%rsp
Regs: rax=0xffffffff81614560,rbx=0x1,rcx=0xffff888007b1d838,rdx=0x1,rsi=0xffff88800752fc00,rdi=0xffff888007b1d668,rbp=0xffff888007b1d668,rsp=0xffffc9000000bd80,r8=0x346,r9=0xffff888000152000,r10=0x0,r11=0x0,r12=0x1,r13=0xffff88800752fc00,r14=0xffffc90000075000,r15=0xffff888007615d80
=> 0xffffffff810e0bd9 <con_write+4>:	mov    %rdi,0x8(%rsp)
Regs: rax=0xffffffff81614560,rbx=0x1,rcx=0xffff888007b1d838,rdx=0x1,rsi=0xffff88800752fc00,rdi=0xffff888007b1d668,rbp=0xffff888007b1d668,rsp=0xffffc9000000bd80,r8=0x346,r9=0xffff888000152000,r10=0x0,r11=0x0,r12=0x1,r13=0xffff88800752fc00,r14=0xffffc90000075000,r15=0xffff888007615d80
=> 0xffffffff810e0bde <con_write+9>:	call   0xffffffff810df1c5 <do_con_write>
Regs: rax=0xffffffff81614560,rbx=0x1,rcx=0xffff888007b1d838,rdx=0x1,rsi=0xffff88800752fc00,rdi=0xffff888007b1d668,rbp=0xffff888007b1d668,rsp=0xffffc9000000bd78,r8=0x346,r9=0xffff888000152000,r10=0x0,r11=0x0,r12=0x1,r13=0xffff88800752fc00,r14=0xffffc90000075000,r15=0xffff888007615d80
=> 0xffffffff810df1c5 <do_con_write>:	push   %r15
Regs: rax=0xffffffff81614560,rbx=0x1,rcx=0xffff888007b1d838,rdx=0x1,rsi=0xffff88800752fc00,rdi=0xffff888007b1d668,rbp=0xffff888007b1d668,rsp=0xffffc9000000bd70,r8=0x346,r9=0xffff888000152000,r10=0x0,r11=0x0,r12=0x1,r13=0xffff88800752fc00,r14=0xffffc90000075000,r15=0xffff888007615d80
=> 0xffffffff810df1c7 <do_con_write+2>:	xor    %eax,%eax
Regs: rax=0x0,rbx=0x1,rcx=0xffff888007b1d838,rdx=0x1,rsi=0xffff88800752fc00,rdi=0xffff888007b1d668,rbp=0xffff888007b1d668,rsp=0xffffc9000000bd70,r8=0x346,r9=0xffff888000152000,r10=0x0,r11=0x0,r12=0x1,r13=0xffff88800752fc00,r14=0xffffc90000075000,r15=0xffff888007615d80
=> 0xffffffff810df1c9 <do_con_write+4>:	mov    %rdi,%r15
Regs: rax=0x0,rbx=0x1,rcx=0xffff888007b1d838,rdx=0x1,rsi=0xffff88800752fc00,rdi=0xffff888007b1d668,rbp=0xffff888007b1d668,rsp=0xffffc9000000bd70,r8=0x346,r9=0xffff888000152000,r10=0x0,r11=0x0,r12=0x1,r13=0xffff88800752fc00,r14=0xffffc90000075000,r15=0xffff888007b1d668
=> 0xffffffff810df1cc <do_con_write+7>:	mov    $0x6,%ecx
Regs: rax=0x0,rbx=0x1,rcx=0x6,rdx=0x1,rsi=0xffff88800752fc00,rdi=0xffff888007b1d668,rbp=0xffff888007b1d668,rsp=0xffffc9000000bd70,r8=0x346,r9=0xffff888000152000,r10=0x0,r11=0x0,r12=0x1,r13=0xffff88800752fc00,r14=0xffffc90000075000,r15=0xffff888007b1d668
=> 0xffffffff810df1d1 <do_con_write+12>:	push   %r14
Regs: rax=0x0,rbx=0x1,rcx=0x6,rdx=0x1,rsi=0xffff88800752fc00,rdi=0xffff888007b1d668,rbp=0xffff888007b1d668,rsp=0xffffc9000000bd68,r8=0x346,r9=0xffff888000152000,r10=0x0,r11=0x0,r12=0x1,r13=0xffff88800752fc00,r14=0xffffc90000075000,r15=0xffff888007b1d668
=> 0xffffffff810df1d3 <do_con_write+14>:	push   %r13
Regs: rax=0x0,rbx=0x1,rcx=0x6,rdx=0x1,rsi=0xffff88800752fc00,rdi=0xffff888007b1d668,rbp=0xffff888007b1d668,rsp=0xffffc9000000bd60,r8=0x346,r9=0xffff888000152000,r10=0x0,r11=0x0,r12=0x1,r13=0xffff88800752fc00,r14=0xffffc90000075000,r15=0xffff888007b1d668
=> 0xffffffff810df1d5 <do_con_write+16>:	push   %r12
Regs: rax=0x0,rbx=0x1,rcx=0x6,rdx=0x1,rsi=0xffff88800752fc00,rdi=0xffff888007b1d668,rbp=0xffff888007b1d668,rsp=0xffffc9000000bd58,r8=0x346,r9=0xffff888000152000,r10=0x0,r11=0x0,r12=0x1,r13=0xffff88800752fc00,r14=0xffffc90000075000,r15=0xffff888007b1d668
=> 0xffffffff810df1d7 <do_con_write+18>:	push   %rbp
Regs: rax=0x0,rbx=0x1,rcx=0x6,rdx=0x1,rsi=0xffff88800752fc00,rdi=0xffff888007b1d668,rbp=0xffff888007b1d668,rsp=0xffffc9000000bd50,r8=0x346,r9=0xffff888000152000,r10=0x0,r11=0x0,r12=0x1,r13=0xffff88800752fc00,r14=0xffffc90000075000,r15=0xffff888007b1d668
=> 0xffffffff810df1d8 <do_con_write+19>:	push   %rbx
Regs: rax=0x0,rbx=0x1,rcx=0x6,rdx=0x1,rsi=0xffff88800752fc00,rdi=0xffff888007b1d668,rbp=0xffff888007b1d668,rsp=0xffffc9000000bd48,r8=0x346,r9=0xffff888000152000,r10=0x0,r11=0x0,r12=0x1,r13=0xffff88800752fc00,r14=0xffffc90000075000,r15=0xffff888007b1d668
=> 0xffffffff810df1d9 <do_con_write+20>:	sub    $0x78,%rsp
Regs: rax=0x0,rbx=0x1,rcx=0x6,rdx=0x1,rsi=0xffff88800752fc00,rdi=0xffff888007b1d668,rbp=0xffff888007b1d668,rsp=0xffffc9000000bcd0,r8=0x346,r9=0xffff888000152000,r10=0x0,r11=0x0,r12=0x1,r13=0xffff88800752fc00,r14=0xffffc90000075000,r15=0xffff888007b1d668
=> 0xffffffff810df1dd <do_con_write+24>:	mov    %edx,0x14(%rsp)
Regs: rax=0x0,rbx=0x1,rcx=0x6,rdx=0x1,rsi=0xffff88800752fc00,rdi=0xffff888007b1d668,rbp=0xffff888007b1d668,rsp=0xffffc9000000bcd0,r8=0x346,r9=0xffff888000152000,r10=0x0,r11=0x0,r12=0x1,r13=0xffff88800752fc00,r14=0xffffc90000075000,r15=0xffff888007b1d668
=> 0xffffffff810df1e1 <do_con_write+28>:	lea    0x38(%rsp),%rdi
Regs: rax=0x0,rbx=0x1,rcx=0x6,rdx=0x1,rsi=0xffff88800752fc00,rdi=0xffffc9000000bd08,rbp=0xffff888007b1d668,rsp=0xffffc9000000bcd0,r8=0x346,r9=0xffff888000152000,r10=0x0,r11=0x0,r12=0x1,r13=0xffff88800752fc00,r14=0xffffc90000075000,r15=0xffff888007b1d668
=> 0xffffffff810df1e6 <do_con_write+33>:	lea    0x28(%rsp),%rdx
Regs: rax=0x0,rbx=0x1,rcx=0x6,rdx=0xffffc9000000bcf8,rsi=0xffff88800752fc00,rdi=0xffffc9000000bd08,rbp=0xffff888007b1d668,rsp=0xffffc9000000bcd0,r8=0x346,r9=0xffff888000152000,r10=0x0,r11=0x0,r12=0x1,r13=0xffff88800752fc00,r14=0xffffc90000075000,r15=0xffff888007b1d668
=> 0xffffffff810df1eb <do_con_write+38>:	rep stos %eax,%es:(%rdi)
Regs: rax=0x0,rbx=0x1,rcx=0x5,rdx=0xffffc9000000bcf8,rsi=0xffff88800752fc00,rdi=0xffffc9000000bd0c,rbp=0xffff888007b1d668,rsp=0xffffc9000000bcd0,r8=0x346,r9=0xffff888000152000,r10=0x0,r11=0x0,r12=0x1,r13=0xffff88800752fc00,r14=0xffffc90000075000,r15=0xffff888007b1d668
=> 0xffffffff810df1eb <do_con_write+38>:	rep stos %eax,%es:(%rdi)
Regs: rax=0x0,rbx=0x1,rcx=0x4,rdx=0xffffc9000000bcf8,rsi=0xffff88800752fc00,rdi=0xffffc9000000bd10,rbp=0xffff888007b1d668,rsp=0xffffc9000000bcd0,r8=0x346,r9=0xffff888000152000,r10=0x0,r11=0x0,r12=0x1,r13=0xffff88800752fc00,r14=0xffffc90000075000,r15=0xffff888007b1d668
=> 0xffffffff810df1eb <do_con_write+38>:	rep stos %eax,%es:(%rdi)
Regs: rax=0x0,rbx=0x1,rcx=0x3,rdx=0xffffc9000000bcf8,rsi=0xffff88800752fc00,rdi=0xffffc9000000bd14,rbp=0xffff888007b1d668,rsp=0xffffc9000000bcd0,r8=0x346,r9=0xffff888000152000,r10=0x0,r11=0x0,r12=0x1,r13=0xffff88800752fc00,r14=0xffffc90000075000,r15=0xffff888007b1d668
=> 0xffffffff810df1eb <do_con_write+38>:	rep stos %eax,%es:(%rdi)
Regs: rax=0x0,rbx=0x1,rcx=0x2,rdx=0xffffc9000000bcf8,rsi=0xffff88800752fc00,rdi=0xffffc9000000bd18,rbp=0xffff888007b1d668,rsp=0xffffc9000000bcd0,r8=0x346,r9=0xffff888000152000,r10=0x0,r11=0x0,r12=0x1,r13=0xffff88800752fc00,r14=0xffffc90000075000,r15=0xffff888007b1d668
=> 0xffffffff810df1eb <do_con_write+38>:	rep stos %eax,%es:(%rdi)
Regs: rax=0x0,rbx=0x1,rcx=0x1,rdx=0xffffc9000000bcf8,rsi=0xffff88800752fc00,rdi=0xffffc9000000bd1c,rbp=0xffff888007b1d668,rsp=0xffffc9000000bcd0,r8=0x346,r9=0xffff888000152000,r10=0x0,r11=0x0,r12=0x1,r13=0xffff88800752fc00,r14=0xffffc90000075000,r15=0xffff888007b1d668
=> 0xffffffff810df1eb <do_con_write+38>:	rep stos %eax,%es:(%rdi)
Regs: rax=0x0,rbx=0x1,rcx=0x0,rdx=0xffffc9000000bcf8,rsi=0xffff88800752fc00,rdi=0xffffc9000000bd20,rbp=0xffff888007b1d668,rsp=0xffffc9000000bcd0,r8=0x346,r9=0xffff888000152000,r10=0x0,r11=0x0,r12=0x1,r13=0xffff88800752fc00,r14=0xffffc90000075000,r15=0xffff888007b1d668
=> 0xffffffff810df1ed <do_con_write+40>:	mov    $0x4,%ecx
Regs: rax=0x0,rbx=0x1,rcx=0x4,rdx=0xffffc9000000bcf8,rsi=0xffff88800752fc00,rdi=0xffffc9000000bd20,rbp=0xffff888007b1d668,rsp=0xffffc9000000bcd0,r8=0x346,r9=0xffff888000152000,r10=0x0,r11=0x0,r12=0x1,r13=0xffff88800752fc00,r14=0xffffc90000075000,r15=0xffff888007b1d668
=> 0xffffffff810df1f2 <do_con_write+45>:	mov    %rdx,%rdi
Regs: rax=0x0,rbx=0x1,rcx=0x4,rdx=0xffffc9000000bcf8,rsi=0xffff88800752fc00,rdi=0xffffc9000000bcf8,rbp=0xffff888007b1d668,rsp=0xffffc9000000bcd0,r8=0x346,r9=0xffff888000152000,r10=0x0,r11=0x0,r12=0x1,r13=0xffff88800752fc00,r14=0xffffc90000075000,r15=0xffff888007b1d668
=> 0xffffffff810df1f5 <do_con_write+48>:	mov    %rsi,0x18(%rsp)
Regs: rax=0x0,rbx=0x1,rcx=0x4,rdx=0xffffc9000000bcf8,rsi=0xffff88800752fc00,rdi=0xffffc9000000bcf8,rbp=0xffff888007b1d668,rsp=0xffffc9000000bcd0,r8=0x346,r9=0xffff888000152000,r10=0x0,r11=0x0,r12=0x1,r13=0xffff88800752fc00,r14=0xffffc90000075000,r15=0xffff888007b1d668
=> 0xffffffff810df1fa <do_con_write+53>:	rep stos %eax,%es:(%rdi)
Regs: rax=0x0,rbx=0x1,rcx=0x3,rdx=0xffffc9000000bcf8,rsi=0xffff88800752fc00,rdi=0xffffc9000000bcfc,rbp=0xffff888007b1d668,rsp=0xffffc9000000bcd0,r8=0x346,r9=0xffff888000152000,r10=0x0,r11=0x0,r12=0x1,r13=0xffff88800752fc00,r14=0xffffc90000075000,r15=0xffff888007b1d668
=> 0xffffffff810df1fa <do_con_write+53>:	rep stos %eax,%es:(%rdi)
Regs: rax=0x0,rbx=0x1,rcx=0x2,rdx=0xffffc9000000bcf8,rsi=0xffff88800752fc00,rdi=0xffffc9000000bd00,rbp=0xffff888007b1d668,rsp=0xffffc9000000bcd0,r8=0x346,r9=0xffff888000152000,r10=0x0,r11=0x0,r12=0x1,r13=0xffff88800752fc00,r14=0xffffc90000075000,r15=0xffff888007b1d668
=> 0xffffffff810df1fa <do_con_write+53>:	rep stos %eax,%es:(%rdi)
Regs: rax=0x0,rbx=0x1,rcx=0x1,rdx=0xffffc9000000bcf8,rsi=0xffff88800752fc00,rdi=0xffffc9000000bd04,rbp=0xffff888007b1d668,rsp=0xffffc9000000bcd0,r8=0x346,r9=0xffff888000152000,r10=0x0,r11=0x0,r12=0x1,r13=0xffff88800752fc00,r14=0xffffc90000075000,r15=0xffff888007b1d668
=> 0xffffffff810df1fa <do_con_write+53>:	rep stos %eax,%es:(%rdi)
Regs: rax=0x0,rbx=0x1,rcx=0x0,rdx=0xffffc9000000bcf8,rsi=0xffff88800752fc00,rdi=0xffffc9000000bd08,rbp=0xffff888007b1d668,rsp=0xffffc9000000bcd0,r8=0x346,r9=0xffff888000152000,r10=0x0,r11=0x0,r12=0x1,r13=0xffff88800752fc00,r14=0xffffc90000075000,r15=0xffff888007b1d668
=> 0xffffffff810df1fc <do_con_write+55>:	movl   $0xffffffff,0x48(%rsp)
Regs: rax=0x0,rbx=0x1,rcx=0x0,rdx=0xffffc9000000bcf8,rsi=0xffff88800752fc00,rdi=0xffffc9000000bd08,rbp=0xffff888007b1d668,rsp=0xffffc9000000bcd0,r8=0x346,r9=0xffff888000152000,r10=0x0,r11=0x0,r12=0x1,r13=0xffff88800752fc00,r14=0xffffc90000075000,r15=0xffff888007b1d668
=> 0xffffffff810df204 <do_con_write+63>:	mov    0x755e3e(%rip),%eax        # 0xffffffff81835048 <__preempt_count>
Regs: rax=0x80000000,rbx=0x1,rcx=0x0,rdx=0xffffc9000000bcf8,rsi=0xffff88800752fc00,rdi=0xffffc9000000bd08,rbp=0xffff888007b1d668,rsp=0xffffc9000000bcd0,r8=0x346,r9=0xffff888000152000,r10=0x0,r11=0x0,r12=0x1,r13=0xffff88800752fc00,r14=0xffffc90000075000,r15=0xffff888007b1d668
=> 0xffffffff810df20a <do_con_write+69>:	test   $0xffff00,%eax
Regs: rax=0x80000000,rbx=0x1,rcx=0x0,rdx=0xffffc9000000bcf8,rsi=0xffff88800752fc00,rdi=0xffffc9000000bd08,rbp=0xffff888007b1d668,rsp=0xffffc9000000bcd0,r8=0x346,r9=0xffff888000152000,r10=0x0,r11=0x0,r12=0x1,r13=0xffff88800752fc00,r14=0xffffc90000075000,r15=0xffff888007b1d668
=> 0xffffffff810df20f <do_con_write+74>:	jne    0xffffffff810e0bab <do_con_write+6630>
Regs: rax=0x80000000,rbx=0x1,rcx=0x0,rdx=0xffffc9000000bcf8,rsi=0xffff88800752fc00,rdi=0xffffc9000000bd08,rbp=0xffff888007b1d668,rsp=0xffffc9000000bcd0,r8=0x346,r9=0xffff888000152000,r10=0x0,r11=0x0,r12=0x1,r13=0xffff88800752fc00,r14=0xffffc90000075000,r15=0xffff888007b1d668
=> 0xffffffff810df215 <do_con_write+80>:	call   0xffffffff8103e78a <console_lock>
Regs: rax=0x80000000,rbx=0x1,rcx=0x0,rdx=0xffffc9000000bcf8,rsi=0xffff88800752fc00,rdi=0xffffc9000000bd08,rbp=0xffff888007b1d668,rsp=0xffffc9000000bcc8,r8=0x346,r9=0xffff888000152000,r10=0x0,r11=0x0,r12=0x1,r13=0xffff88800752fc00,r14=0xffffc90000075000,r15=0xffff888007b1d668
=> 0xffffffff8103e78a <console_lock>:	mov    $0xffffffff818aaa30,%rdi
Regs: rax=0x80000000,rbx=0x1,rcx=0x0,rdx=0xffffc9000000bcf8,rsi=0xffff88800752fc00,rdi=0xffffffff818aaa30,rbp=0xffff888007b1d668,rsp=0xffffc9000000bcc8,r8=0x346,r9=0xffff888000152000,r10=0x0,r11=0x0,r12=0x1,r13=0xffff88800752fc00,r14=0xffffc90000075000,r15=0xffff888007b1d668
=> 0xffffffff8103e791 <console_lock+7>:	call   0xffffffff81120526 <down>
Regs: rax=0x80000000,rbx=0x1,rcx=0x0,rdx=0xffffc9000000bcf8,rsi=0xffff88800752fc00,rdi=0xffffffff818aaa30,rbp=0xffff888007b1d668,rsp=0xffffc9000000bcc0,r8=0x346,r9=0xffff888000152000,r10=0x0,r11=0x0,r12=0x1,r13=0xffff88800752fc00,r14=0xffffc90000075000,r15=0xffff888007b1d668
=> 0xffffffff81120526 <down>:	push   %rbx
Regs: rax=0x80000000,rbx=0x1,rcx=0x0,rdx=0xffffc9000000bcf8,rsi=0xffff88800752fc00,rdi=0xffffffff818aaa30,rbp=0xffff888007b1d668,rsp=0xffffc9000000bcb8,r8=0x346,r9=0xffff888000152000,r10=0x0,r11=0x0,r12=0x1,r13=0xffff88800752fc00,r14=0xffffc90000075000,r15=0xffff888007b1d668
=> 0xffffffff81120527 <down+1>:	pushf  
Regs: rax=0x80000000,rbx=0x1,rcx=0x0,rdx=0xffffc9000000bcf8,rsi=0xffff88800752fc00,rdi=0xffffffff818aaa30,rbp=0xffff888007b1d668,rsp=0xffffc9000000bcb0,r8=0x346,r9=0xffff888000152000,r10=0x0,r11=0x0,r12=0x1,r13=0xffff88800752fc00,r14=0xffffc90000075000,r15=0xffff888007b1d668
=> 0xffffffff81120528 <down+2>:	pop    %rbx
Regs: rax=0x80000000,rbx=0x346,rcx=0x0,rdx=0xffffc9000000bcf8,rsi=0xffff88800752fc00,rdi=0xffffffff818aaa30,rbp=0xffff888007b1d668,rsp=0xffffc9000000bcb8,r8=0x346,r9=0xffff888000152000,r10=0x0,r11=0x0,r12=0x1,r13=0xffff88800752fc00,r14=0xffffc90000075000,r15=0xffff888007b1d668
=> 0xffffffff81120529 <down+3>:	cli    
Regs: rax=0x80000000,rbx=0x346,rcx=0x0,rdx=0xffffc9000000bcf8,rsi=0xffff88800752fc00,rdi=0xffffffff818aaa30,rbp=0xffff888007b1d668,rsp=0xffffc9000000bcb8,r8=0x346,r9=0xffff888000152000,r10=0x0,r11=0x0,r12=0x1,r13=0xffff88800752fc00,r14=0xffffc90000075000,r15=0xffff888007b1d668
=> 0xffffffff8112052a <down+4>:	mov    (%rdi),%eax
Regs: rax=0x1,rbx=0x346,rcx=0x0,rdx=0xffffc9000000bcf8,rsi=0xffff88800752fc00,rdi=0xffffffff818aaa30,rbp=0xffff888007b1d668,rsp=0xffffc9000000bcb8,r8=0x346,r9=0xffff888000152000,r10=0x0,r11=0x0,r12=0x1,r13=0xffff88800752fc00,r14=0xffffc90000075000,r15=0xffff888007b1d668
=> 0xffffffff8112052c <down+6>:	test   %eax,%eax
Regs: rax=0x1,rbx=0x346,rcx=0x0,rdx=0xffffc9000000bcf8,rsi=0xffff88800752fc00,rdi=0xffffffff818aaa30,rbp=0xffff888007b1d668,rsp=0xffffc9000000bcb8,r8=0x346,r9=0xffff888000152000,r10=0x0,r11=0x0,r12=0x1,r13=0xffff88800752fc00,r14=0xffffc90000075000,r15=0xffff888007b1d668
=> 0xffffffff8112052e <down+8>:	je     0xffffffff81120536 <down+16>
Regs: rax=0x1,rbx=0x346,rcx=0x0,rdx=0xffffc9000000bcf8,rsi=0xffff88800752fc00,rdi=0xffffffff818aaa30,rbp=0xffff888007b1d668,rsp=0xffffc9000000bcb8,r8=0x346,r9=0xffff888000152000,r10=0x0,r11=0x0,r12=0x1,r13=0xffff88800752fc00,r14=0xffffc90000075000,r15=0xffff888007b1d668
=> 0xffffffff81120530 <down+10>:	dec    %eax
Regs: rax=0x0,rbx=0x346,rcx=0x0,rdx=0xffffc9000000bcf8,rsi=0xffff88800752fc00,rdi=0xffffffff818aaa30,rbp=0xffff888007b1d668,rsp=0xffffc9000000bcb8,r8=0x346,r9=0xffff888000152000,r10=0x0,r11=0x0,r12=0x1,r13=0xffff88800752fc00,r14=0xffffc90000075000,r15=0xffff888007b1d668
=> 0xffffffff81120532 <down+12>:	mov    %eax,(%rdi)
Regs: rax=0x0,rbx=0x346,rcx=0x0,rdx=0xffffc9000000bcf8,rsi=0xffff88800752fc00,rdi=0xffffffff818aaa30,rbp=0xffff888007b1d668,rsp=0xffffc9000000bcb8,r8=0x346,r9=0xffff888000152000,r10=0x0,r11=0x0,r12=0x1,r13=0xffff88800752fc00,r14=0xffffc90000075000,r15=0xffff888007b1d668
=> 0xffffffff81120534 <down+14>:	jmp    0xffffffff8112053b <down+21>
Regs: rax=0x0,rbx=0x346,rcx=0x0,rdx=0xffffc9000000bcf8,rsi=0xffff88800752fc00,rdi=0xffffffff818aaa30,rbp=0xffff888007b1d668,rsp=0xffffc9000000bcb8,r8=0x346,r9=0xffff888000152000,r10=0x0,r11=0x0,r12=0x1,r13=0xffff88800752fc00,r14=0xffffc90000075000,r15=0xffff888007b1d668
=> 0xffffffff8112053b <down+21>:	bt     $0x9,%ebx
Regs: rax=0x0,rbx=0x346,rcx=0x0,rdx=0xffffc9000000bcf8,rsi=0xffff88800752fc00,rdi=0xffffffff818aaa30,rbp=0xffff888007b1d668,rsp=0xffffc9000000bcb8,r8=0x346,r9=0xffff888000152000,r10=0x0,r11=0x0,r12=0x1,r13=0xffff88800752fc00,r14=0xffffc90000075000,r15=0xffff888007b1d668
=> 0xffffffff8112053f <down+25>:	jae    0xffffffff81120542 <down+28>
Regs: rax=0x0,rbx=0x346,rcx=0x0,rdx=0xffffc9000000bcf8,rsi=0xffff88800752fc00,rdi=0xffffffff818aaa30,rbp=0xffff888007b1d668,rsp=0xffffc9000000bcb8,r8=0x346,r9=0xffff888000152000,r10=0x0,r11=0x0,r12=0x1,r13=0xffff88800752fc00,r14=0xffffc90000075000,r15=0xffff888007b1d668
=> 0xffffffff81120541 <down+27>:	sti    
Regs: rax=0x0,rbx=0x346,rcx=0x0,rdx=0xffffc9000000bcf8,rsi=0xffff88800752fc00,rdi=0xffffffff818aaa30,rbp=0xffff888007b1d668,rsp=0xffffc9000000bcb8,r8=0x346,r9=0xffff888000152000,r10=0x0,r11=0x0,r12=0x1,r13=0xffff88800752fc00,r14=0xffffc90000075000,r15=0xffff888007b1d668
=> 0xffffffff81120542 <down+28>:	pop    %rbx
Regs: rax=0x0,rbx=0x1,rcx=0x0,rdx=0xffffc9000000bcf8,rsi=0xffff88800752fc00,rdi=0xffffffff818aaa30,rbp=0xffff888007b1d668,rsp=0xffffc9000000bcc0,r8=0x346,r9=0xffff888000152000,r10=0x0,r11=0x0,r12=0x1,r13=0xffff88800752fc00,r14=0xffffc90000075000,r15=0xffff888007b1d668
=> 0xffffffff81120543 <down+29>:	ret    
Regs: rax=0x0,rbx=0x1,rcx=0x0,rdx=0xffffc9000000bcf8,rsi=0xffff88800752fc00,rdi=0xffffffff818aaa30,rbp=0xffff888007b1d668,rsp=0xffffc9000000bcc8,r8=0x346,r9=0xffff888000152000,r10=0x0,r11=0x0,r12=0x1,r13=0xffff88800752fc00,r14=0xffffc90000075000,r15=0xffff888007b1d668
=> 0xffffffff8103e796 <console_lock+12>:	cmpl   $0x0,0x926243(%rip)        # 0xffffffff819649e0 <console_suspended>
Regs: rax=0x0,rbx=0x1,rcx=0x0,rdx=0xffffc9000000bcf8,rsi=0xffff88800752fc00,rdi=0xffffffff818aaa30,rbp=0xffff888007b1d668,rsp=0xffffc9000000bcc8,r8=0x346,r9=0xffff888000152000,r10=0x0,r11=0x0,r12=0x1,r13=0xffff88800752fc00,r14=0xffffc90000075000,r15=0xffff888007b1d668
=> 0xffffffff8103e79d <console_lock+19>:	jne    0xffffffff8103e7b3 <console_lock+41>
Regs: rax=0x0,rbx=0x1,rcx=0x0,rdx=0xffffc9000000bcf8,rsi=0xffff88800752fc00,rdi=0xffffffff818aaa30,rbp=0xffff888007b1d668,rsp=0xffffc9000000bcc8,r8=0x346,r9=0xffff888000152000,r10=0x0,r11=0x0,r12=0x1,r13=0xffff88800752fc00,r14=0xffffc90000075000,r15=0xffff888007b1d668
=> 0xffffffff8103e79f <console_lock+21>:	movl   $0x1,0x92623b(%rip)        # 0xffffffff819649e4 <console_locked>
Regs: rax=0x0,rbx=0x1,rcx=0x0,rdx=0xffffc9000000bcf8,rsi=0xffff88800752fc00,rdi=0xffffffff818aaa30,rbp=0xffff888007b1d668,rsp=0xffffc9000000bcc8,r8=0x346,r9=0xffff888000152000,r10=0x0,r11=0x0,r12=0x1,r13=0xffff88800752fc00,r14=0xffffc90000075000,r15=0xffff888007b1d668
=> 0xffffffff8103e7a9 <console_lock+31>:	movl   $0x1,0x926121(%rip)        # 0xffffffff819648d4 <console_may_schedule>
Regs: rax=0x0,rbx=0x1,rcx=0x0,rdx=0xffffc9000000bcf8,rsi=0xffff88800752fc00,rdi=0xffffffff818aaa30,rbp=0xffff888007b1d668,rsp=0xffffc9000000bcc8,r8=0x346,r9=0xffff888000152000,r10=0x0,r11=0x0,r12=0x1,r13=0xffff88800752fc00,r14=0xffffc90000075000,r15=0xffff888007b1d668
=> 0xffffffff8103e7b3 <console_lock+41>:	ret    
Regs: rax=0x0,rbx=0x1,rcx=0x0,rdx=0xffffc9000000bcf8,rsi=0xffff88800752fc00,rdi=0xffffffff818aaa30,rbp=0xffff888007b1d668,rsp=0xffffc9000000bcd0,r8=0x346,r9=0xffff888000152000,r10=0x0,r11=0x0,r12=0x1,r13=0xffff88800752fc00,r14=0xffffc90000075000,r15=0xffff888007b1d668
=> 0xffffffff810df21a <do_con_write+85>:	mov    0x218(%r15),%r13
Regs: rax=0x0,rbx=0x1,rcx=0x0,rdx=0xffffc9000000bcf8,rsi=0xffff88800752fc00,rdi=0xffffffff818aaa30,rbp=0xffff888007b1d668,rsp=0xffffc9000000bcd0,r8=0x346,r9=0xffff888000152000,r10=0x0,r11=0x0,r12=0x1,r13=0xffff888000143638,r14=0xffffc90000075000,r15=0xffff888007b1d668
=> 0xffffffff810df221 <do_con_write+92>:	test   %r13,%r13
Regs: rax=0x0,rbx=0x1,rcx=0x0,rdx=0xffffc9000000bcf8,rsi=0xffff88800752fc00,rdi=0xffffffff818aaa30,rbp=0xffff888007b1d668,rsp=0xffffc9000000bcd0,r8=0x346,r9=0xffff888000152000,r10=0x0,r11=0x0,r12=0x1,r13=0xffff888000143638,r14=0xffffc90000075000,r15=0xffff888007b1d668
=> 0xffffffff810df224 <do_con_write+95>:	jne    0xffffffff810df234 <do_con_write+111>
Regs: rax=0x0,rbx=0x1,rcx=0x0,rdx=0xffffc9000000bcf8,rsi=0xffff88800752fc00,rdi=0xffffffff818aaa30,rbp=0xffff888007b1d668,rsp=0xffffc9000000bcd0,r8=0x346,r9=0xffff888000152000,r10=0x0,r11=0x0,r12=0x1,r13=0xffff888000143638,r14=0xffffc90000075000,r15=0xffff888007b1d668
=> 0xffffffff810df234 <do_con_write+111>:	movzwl 0x170(%r13),%esi
Regs: rax=0x0,rbx=0x1,rcx=0x0,rdx=0xffffc9000000bcf8,rsi=0x0,rdi=0xffffffff818aaa30,rbp=0xffff888007b1d668,rsp=0xffffc9000000bcd0,r8=0x346,r9=0xffff888000152000,r10=0x0,r11=0x0,r12=0x1,r13=0xffff888000143638,r14=0xffffc90000075000,r15=0xffff888007b1d668
=> 0xffffffff810df23c <do_con_write+119>:	mov    %esi,%edi
Regs: rax=0x0,rbx=0x1,rcx=0x0,rdx=0xffffc9000000bcf8,rsi=0x0,rdi=0x0,rbp=0xffff888007b1d668,rsp=0xffffc9000000bcd0,r8=0x346,r9=0xffff888000152000,r10=0x0,r11=0x0,r12=0x1,r13=0xffff888000143638,r14=0xffffc90000075000,r15=0xffff888007b1d668
=> 0xffffffff810df23e <do_con_write+121>:	call   0xffffffff810dcbe0 <vc_cons_allocated>
Regs: rax=0x0,rbx=0x1,rcx=0x0,rdx=0xffffc9000000bcf8,rsi=0x0,rdi=0x0,rbp=0xffff888007b1d668,rsp=0xffffc9000000bcc8,r8=0x346,r9=0xffff888000152000,r10=0x0,r11=0x0,r12=0x1,r13=0xffff888000143638,r14=0xffffc90000075000,r15=0xffff888007b1d668
=> 0xffffffff810dcbe0 <vc_cons_allocated>:	xor    %eax,%eax
Regs: rax=0x0,rbx=0x1,rcx=0x0,rdx=0xffffc9000000bcf8,rsi=0x0,rdi=0x0,rbp=0xffff888007b1d668,rsp=0xffffc9000000bcc8,r8=0x346,r9=0xffff888000152000,r10=0x0,r11=0x0,r12=0x1,r13=0xffff888000143638,r14=0xffffc90000075000,r15=0xffff888007b1d668
=> 0xffffffff810dcbe2 <vc_cons_allocated+2>:	cmp    $0x3e,%edi
Regs: rax=0x0,rbx=0x1,rcx=0x0,rdx=0xffffc9000000bcf8,rsi=0x0,rdi=0x0,rbp=0xffff888007b1d668,rsp=0xffffc9000000bcc8,r8=0x346,r9=0xffff888000152000,r10=0x0,r11=0x0,r12=0x1,r13=0xffff888000143638,r14=0xffffc90000075000,r15=0xffff888007b1d668
=> 0xffffffff810dcbe5 <vc_cons_allocated+5>:	ja     0xffffffff810dcbfa <vc_cons_allocated+26>
Regs: rax=0x0,rbx=0x1,rcx=0x0,rdx=0xffffc9000000bcf8,rsi=0x0,rdi=0x0,rbp=0xffff888007b1d668,rsp=0xffffc9000000bcc8,r8=0x346,r9=0xffff888000152000,r10=0x0,r11=0x0,r12=0x1,r13=0xffff888000143638,r14=0xffffc90000075000,r15=0xffff888007b1d668
=> 0xffffffff810dcbe7 <vc_cons_allocated+7>:	mov    %edi,%edi
Regs: rax=0x0,rbx=0x1,rcx=0x0,rdx=0xffffc9000000bcf8,rsi=0x0,rdi=0x0,rbp=0xffff888007b1d668,rsp=0xffffc9000000bcc8,r8=0x346,r9=0xffff888000152000,r10=0x0,r11=0x0,r12=0x1,r13=0xffff888000143638,r14=0xffffc90000075000,r15=0xffff888007b1d668
=> 0xffffffff810dcbe9 <vc_cons_allocated+9>:	xor    %eax,%eax
Regs: rax=0x0,rbx=0x1,rcx=0x0,rdx=0xffffc9000000bcf8,rsi=0x0,rdi=0x0,rbp=0xffff888007b1d668,rsp=0xffffc9000000bcc8,r8=0x346,r9=0xffff888000152000,r10=0x0,r11=0x0,r12=0x1,r13=0xffff888000143638,r14=0xffffc90000075000,r15=0xffff888007b1d668
=> 0xffffffff810dcbeb <vc_cons_allocated+11>:	imul   $0x28,%rdi,%rdi
Regs: rax=0x0,rbx=0x1,rcx=0x0,rdx=0xffffc9000000bcf8,rsi=0x0,rdi=0x0,rbp=0xffff888007b1d668,rsp=0xffffc9000000bcc8,r8=0x346,r9=0xffff888000152000,r10=0x0,r11=0x0,r12=0x1,r13=0xffff888000143638,r14=0xffffc90000075000,r15=0xffff888007b1d668
=> 0xffffffff810dcbef <vc_cons_allocated+15>:	cmpq   $0x0,-0x7e696b20(%rdi)
Regs: rax=0x0,rbx=0x1,rcx=0x0,rdx=0xffffc9000000bcf8,rsi=0x0,rdi=0x0,rbp=0xffff888007b1d668,rsp=0xffffc9000000bcc8,r8=0x346,r9=0xffff888000152000,r10=0x0,r11=0x0,r12=0x1,r13=0xffff888000143638,r14=0xffffc90000075000,r15=0xffff888007b1d668
=> 0xffffffff810dcbf7 <vc_cons_allocated+23>:	setne  %al
Regs: rax=0x1,rbx=0x1,rcx=0x0,rdx=0xffffc9000000bcf8,rsi=0x0,rdi=0x0,rbp=0xffff888007b1d668,rsp=0xffffc9000000bcc8,r8=0x346,r9=0xffff888000152000,r10=0x0,r11=0x0,r12=0x1,r13=0xffff888000143638,r14=0xffffc90000075000,r15=0xffff888007b1d668
=> 0xffffffff810dcbfa <vc_cons_allocated+26>:	ret    
Regs: rax=0x1,rbx=0x1,rcx=0x0,rdx=0xffffc9000000bcf8,rsi=0x0,rdi=0x0,rbp=0xffff888007b1d668,rsp=0xffffc9000000bcd0,r8=0x346,r9=0xffff888000152000,r10=0x0,r11=0x0,r12=0x1,r13=0xffff888000143638,r14=0xffffc90000075000,r15=0xffff888007b1d668
=> 0xffffffff810df243 <do_con_write+126>:	test   %eax,%eax
Regs: rax=0x1,rbx=0x1,rcx=0x0,rdx=0xffffc9000000bcf8,rsi=0x0,rdi=0x0,rbp=0xffff888007b1d668,rsp=0xffffc9000000bcd0,r8=0x346,r9=0xffff888000152000,r10=0x0,r11=0x0,r12=0x1,r13=0xffff888000143638,r14=0xffffc90000075000,r15=0xffff888007b1d668
=> 0xffffffff810df245 <do_con_write+128>:	jne    0xffffffff810df277 <do_con_write+178>
Regs: rax=0x1,rbx=0x1,rcx=0x0,rdx=0xffffc9000000bcf8,rsi=0x0,rdi=0x0,rbp=0xffff888007b1d668,rsp=0xffffc9000000bcd0,r8=0x346,r9=0xffff888000152000,r10=0x0,r11=0x0,r12=0x1,r13=0xffff888000143638,r14=0xffffc90000075000,r15=0xffff888007b1d668
=> 0xffffffff810df277 <do_con_write+178>:	cmp    0x88a257(%rip),%esi        # 0xffffffff819694d4 <fg_console>
Regs: rax=0x1,rbx=0x1,rcx=0x0,rdx=0xffffc9000000bcf8,rsi=0x0,rdi=0x0,rbp=0xffff888007b1d668,rsp=0xffffc9000000bcd0,r8=0x346,r9=0xffff888000152000,r10=0x0,r11=0x0,r12=0x1,r13=0xffff888000143638,r14=0xffffc90000075000,r15=0xffff888007b1d668
=> 0xffffffff810df27d <do_con_write+184>:	jne    0xffffffff810df287 <do_con_write+194>
Regs: rax=0x1,rbx=0x1,rcx=0x0,rdx=0xffffc9000000bcf8,rsi=0x0,rdi=0x0,rbp=0xffff888007b1d668,rsp=0xffffc9000000bcd0,r8=0x346,r9=0xffff888000152000,r10=0x0,r11=0x0,r12=0x1,r13=0xffff888000143638,r14=0xffffc90000075000,r15=0xffff888007b1d668
=> 0xffffffff810df27f <do_con_write+186>:	mov    %r13,%rdi
Regs: rax=0x1,rbx=0x1,rcx=0x0,rdx=0xffffc9000000bcf8,rsi=0x0,rdi=0xffff888000143638,rbp=0xffff888007b1d668,rsp=0xffffc9000000bcd0,r8=0x346,r9=0xffff888000152000,r10=0x0,r11=0x0,r12=0x1,r13=0xffff888000143638,r14=0xffffc90000075000,r15=0xffff888007b1d668
=> 0xffffffff810df282 <do_con_write+189>:	call   0xffffffff810dce6b <hide_cursor>
Regs: rax=0x1,rbx=0x1,rcx=0x0,rdx=0xffffc9000000bcf8,rsi=0x0,rdi=0xffff888000143638,rbp=0xffff888007b1d668,rsp=0xffffc9000000bcc8,r8=0x346,r9=0xffff888000152000,r10=0x0,r11=0x0,r12=0x1,r13=0xffff888000143638,r14=0xffffc90000075000,r15=0xffff888007b1d668
=> 0xffffffff810dce6b <hide_cursor>:	push   %rbx
Regs: rax=0x1,rbx=0x1,rcx=0x0,rdx=0xffffc9000000bcf8,rsi=0x0,rdi=0xffff888000143638,rbp=0xffff888007b1d668,rsp=0xffffc9000000bcc0,r8=0x346,r9=0xffff888000152000,r10=0x0,r11=0x0,r12=0x1,r13=0xffff888000143638,r14=0xffffc90000075000,r15=0xffff888007b1d668
=> 0xffffffff810dce6c <hide_cursor+1>:	mov    %rdi,%rbx
Regs: rax=0x1,rbx=0xffff888000143638,rcx=0x0,rdx=0xffffc9000000bcf8,rsi=0x0,rdi=0xffff888000143638,rbp=0xffff888007b1d668,rsp=0xffffc9000000bcc0,r8=0x346,r9=0xffff888000152000,r10=0x0,r11=0x0,r12=0x1,r13=0xffff888000143638,r14=0xffffc90000075000,r15=0xffff888007b1d668
=> 0xffffffff810dce6f <hide_cursor+4>:	call   0xffffffff810d8cad <vc_is_sel>
Regs: rax=0x1,rbx=0xffff888000143638,rcx=0x0,rdx=0xffffc9000000bcf8,rsi=0x0,rdi=0xffff888000143638,rbp=0xffff888007b1d668,rsp=0xffffc9000000bcb8,r8=0x346,r9=0xffff888000152000,r10=0x0,r11=0x0,r12=0x1,r13=0xffff888000143638,r14=0xffffc90000075000,r15=0xffff888007b1d668
=> 0xffffffff810d8cad <vc_is_sel>:	cmp    %rdi,0x7d6364(%rip)        # 0xffffffff818af018 <vc_sel+24>
Regs: rax=0x1,rbx=0xffff888000143638,rcx=0x0,rdx=0xffffc9000000bcf8,rsi=0x0,rdi=0xffff888000143638,rbp=0xffff888007b1d668,rsp=0xffffc9000000bcb8,r8=0x346,r9=0xffff888000152000,r10=0x0,r11=0x0,r12=0x1,r13=0xffff888000143638,r14=0xffffc90000075000,r15=0xffff888007b1d668
=> 0xffffffff810d8cb4 <vc_is_sel+7>:	sete   %al
Regs: rax=0x0,rbx=0xffff888000143638,rcx=0x0,rdx=0xffffc9000000bcf8,rsi=0x0,rdi=0xffff888000143638,rbp=0xffff888007b1d668,rsp=0xffffc9000000bcb8,r8=0x346,r9=0xffff888000152000,r10=0x0,r11=0x0,r12=0x1,r13=0xffff888000143638,r14=0xffffc90000075000,r15=0xffff888007b1d668
=> 0xffffffff810d8cb7 <vc_is_sel+10>:	ret    
Regs: rax=0x0,rbx=0xffff888000143638,rcx=0x0,rdx=0xffffc9000000bcf8,rsi=0x0,rdi=0xffff888000143638,rbp=0xffff888007b1d668,rsp=0xffffc9000000bcc0,r8=0x346,r9=0xffff888000152000,r10=0x0,r11=0x0,r12=0x1,r13=0xffff888000143638,r14=0xffffc90000075000,r15=0xffff888007b1d668
=> 0xffffffff810dce74 <hide_cursor+9>:	test   %al,%al
Regs: rax=0x0,rbx=0xffff888000143638,rcx=0x0,rdx=0xffffc9000000bcf8,rsi=0x0,rdi=0xffff888000143638,rbp=0xffff888007b1d668,rsp=0xffffc9000000bcc0,r8=0x346,r9=0xffff888000152000,r10=0x0,r11=0x0,r12=0x1,r13=0xffff888000143638,r14=0xffffc90000075000,r15=0xffff888007b1d668
=> 0xffffffff810dce76 <hide_cursor+11>:	je     0xffffffff810dce7d <hide_cursor+18>
Regs: rax=0x0,rbx=0xffff888000143638,rcx=0x0,rdx=0xffffc9000000bcf8,rsi=0x0,rdi=0xffff888000143638,rbp=0xffff888007b1d668,rsp=0xffffc9000000bcc0,r8=0x346,r9=0xffff888000152000,r10=0x0,r11=0x0,r12=0x1,r13=0xffff888000143638,r14=0xffffc90000075000,r15=0xffff888007b1d668
=> 0xffffffff810dce7d <hide_cursor+18>:	mov    0x1a8(%rbx),%rax
Regs: rax=0xffffffff81612320,rbx=0xffff888000143638,rcx=0x0,rdx=0xffffc9000000bcf8,rsi=0x0,rdi=0xffff888000143638,rbp=0xffff888007b1d668,rsp=0xffffc9000000bcc0,r8=0x346,r9=0xffff888000152000,r10=0x0,r11=0x0,r12=0x1,r13=0xffff888000143638,r14=0xffffc90000075000,r15=0xffff888007b1d668
=> 0xffffffff810dce84 <hide_cursor+25>:	mov    $0x2,%esi
Regs: rax=0xffffffff81612320,rbx=0xffff888000143638,rcx=0x0,rdx=0xffffc9000000bcf8,rsi=0x2,rdi=0xffff888000143638,rbp=0xffff888007b1d668,rsp=0xffffc9000000bcc0,r8=0x346,r9=0xffff888000152000,r10=0x0,r11=0x0,r12=0x1,r13=0xffff888000143638,r14=0xffffc90000075000,r15=0xffff888007b1d668
=> 0xffffffff810dce89 <hide_cursor+30>:	mov    %rbx,%rdi
Regs: rax=0xffffffff81612320,rbx=0xffff888000143638,rcx=0x0,rdx=0xffffc9000000bcf8,rsi=0x2,rdi=0xffff888000143638,rbp=0xffff888007b1d668,rsp=0xffffc9000000bcc0,r8=0x346,r9=0xffff888000152000,r10=0x0,r11=0x0,r12=0x1,r13=0xffff888000143638,r14=0xffffc90000075000,r15=0xffff888007b1d668
=> 0xffffffff810dce8c <hide_cursor+33>:	call   *0x38(%rax)
Regs: rax=0xffffffff81612320,rbx=0xffff888000143638,rcx=0x0,rdx=0xffffc9000000bcf8,rsi=0x2,rdi=0xffff888000143638,rbp=0xffff888007b1d668,rsp=0xffffc9000000bcb8,r8=0x346,r9=0xffff888000152000,r10=0x0,r11=0x0,r12=0x1,r13=0xffff888000143638,r14=0xffffc90000075000,r15=0xffff888007b1d668
=> 0xffffffff810cc9c7 <vgacon_cursor>:	cmpb   $0x0,0x1bc(%rdi)
Regs: rax=0xffffffff81612320,rbx=0xffff888000143638,rcx=0x0,rdx=0xffffc9000000bcf8,rsi=0x2,rdi=0xffff888000143638,rbp=0xffff888007b1d668,rsp=0xffffc9000000bcb8,r8=0x346,r9=0xffff888000152000,r10=0x0,r11=0x0,r12=0x1,r13=0xffff888000143638,r14=0xffffc90000075000,r15=0xffff888007b1d668
=> 0xffffffff810cc9ce <vgacon_cursor+7>:	jne    0xffffffff810ccae9 <vgacon_cursor+290>
Regs: rax=0xffffffff81612320,rbx=0xffff888000143638,rcx=0x0,rdx=0xffffc9000000bcf8,rsi=0x2,rdi=0xffff888000143638,rbp=0xffff888007b1d668,rsp=0xffffc9000000bcb8,r8=0x346,r9=0xffff888000152000,r10=0x0,r11=0x0,r12=0x1,r13=0xffff888000143638,r14=0xffffc90000075000,r15=0xffff888007b1d668
=> 0xffffffff810cc9d4 <vgacon_cursor+13>:	push   %rbp
Regs: rax=0xffffffff81612320,rbx=0xffff888000143638,rcx=0x0,rdx=0xffffc9000000bcf8,rsi=0x2,rdi=0xffff888000143638,rbp=0xffff888007b1d668,rsp=0xffffc9000000bcb0,r8=0x346,r9=0xffff888000152000,r10=0x0,r11=0x0,r12=0x1,r13=0xffff888000143638,r14=0xffffc90000075000,r15=0xffff888007b1d668
=> 0xffffffff810cc9d5 <vgacon_cursor+14>:	mov    %esi,%ebp
Regs: rax=0xffffffff81612320,rbx=0xffff888000143638,rcx=0x0,rdx=0xffffc9000000bcf8,rsi=0x2,rdi=0xffff888000143638,rbp=0x2,rsp=0xffffc9000000bcb0,r8=0x346,r9=0xffff888000152000,r10=0x0,r11=0x0,r12=0x1,r13=0xffff888000143638,r14=0xffffc90000075000,r15=0xffff888007b1d668
=> 0xffffffff810cc9d7 <vgacon_cursor+16>:	push   %rbx
Regs: rax=0xffffffff81612320,rbx=0xffff888000143638,rcx=0x0,rdx=0xffffc9000000bcf8,rsi=0x2,rdi=0xffff888000143638,rbp=0x2,rsp=0xffffc9000000bca8,r8=0x346,r9=0xffff888000152000,r10=0x0,r11=0x0,r12=0x1,r13=0xffff888000143638,r14=0xffffc90000075000,r15=0xffff888007b1d668
=> 0xffffffff810cc9d8 <vgacon_cursor+17>:	mov    %rdi,%rbx
Regs: rax=0xffffffff81612320,rbx=0xffff888000143638,rcx=0x0,rdx=0xffffc9000000bcf8,rsi=0x2,rdi=0xffff888000143638,rbp=0x2,rsp=0xffffc9000000bca8,r8=0x346,r9=0xffff888000152000,r10=0x0,r11=0x0,r12=0x1,r13=0xffff888000143638,r14=0xffffc90000075000,r15=0xffff888007b1d668
=> 0xffffffff810cc9db <vgacon_cursor+20>:	mov    0x198(%rdi),%rax
Regs: rax=0xffff8880000bc060,rbx=0xffff888000143638,rcx=0x0,rdx=0xffffc9000000bcf8,rsi=0x2,rdi=0xffff888000143638,rbp=0x2,rsp=0xffffc9000000bca8,r8=0x346,r9=0xffff888000152000,r10=0x0,r11=0x0,r12=0x1,r13=0xffff888000143638,r14=0xffffc90000075000,r15=0xffff888007b1d668
=> 0xffffffff810cc9e2 <vgacon_cursor+27>:	cmp    %rax,0x188(%rdi)
Regs: rax=0xffff8880000bc060,rbx=0xffff888000143638,rcx=0x0,rdx=0xffffc9000000bcf8,rsi=0x2,rdi=0xffff888000143638,rbp=0x2,rsp=0xffffc9000000bca8,r8=0x346,r9=0xffff888000152000,r10=0x0,r11=0x0,r12=0x1,r13=0xffff888000143638,r14=0xffffc90000075000,r15=0xffff888007b1d668
=> 0xffffffff810cc9e9 <vgacon_cursor+34>:	je     0xffffffff810cc9f2 <vgacon_cursor+43>
Regs: rax=0xffff8880000bc060,rbx=0xffff888000143638,rcx=0x0,rdx=0xffffc9000000bcf8,rsi=0x2,rdi=0xffff888000143638,rbp=0x2,rsp=0xffffc9000000bca8,r8=0x346,r9=0xffff888000152000,r10=0x0,r11=0x0,r12=0x1,r13=0xffff888000143638,r14=0xffffc90000075000,r15=0xffff888007b1d668
=> 0xffffffff810cc9f2 <vgacon_cursor+43>:	cmp    $0x2,%ebp
Regs: rax=0xffff8880000bc060,rbx=0xffff888000143638,rcx=0x0,rdx=0xffffc9000000bcf8,rsi=0x2,rdi=0xffff888000143638,rbp=0x2,rsp=0xffffc9000000bca8,r8=0x346,r9=0xffff888000152000,r10=0x0,r11=0x0,r12=0x1,r13=0xffff888000143638,r14=0xffffc90000075000,r15=0xffff888007b1d668
=> 0xffffffff810cc9f5 <vgacon_cursor+46>:	je     0xffffffff810cca04 <vgacon_cursor+61>
Regs: rax=0xffff8880000bc060,rbx=0xffff888000143638,rcx=0x0,rdx=0xffffc9000000bcf8,rsi=0x2,rdi=0xffff888000143638,rbp=0x2,rsp=0xffffc9000000bca8,r8=0x346,r9=0xffff888000152000,r10=0x0,r11=0x0,r12=0x1,r13=0xffff888000143638,r14=0xffffc90000075000,r15=0xffff888007b1d668
=> 0xffffffff810cca04 <vgacon_cursor+61>:	mov    0x1d0(%rbx),%rsi
Regs: rax=0xffff8880000bc060,rbx=0xffff888000143638,rcx=0x0,rdx=0xffffc9000000bcf8,rsi=0xffff8880000bcf68,rdi=0xffff888000143638,rbp=0x2,rsp=0xffffc9000000bca8,r8=0x346,r9=0xffff888000152000,r10=0x0,r11=0x0,r12=0x1,r13=0xffff888000143638,r14=0xffffc90000075000,r15=0xffff888007b1d668
=> 0xffffffff810cca0b <vgacon_cursor+68>:	sub    0x7ec886(%rip),%rsi        # 0xffffffff818b9298 <vga_vram_base>
Regs: rax=0xffff8880000bc060,rbx=0xffff888000143638,rcx=0x0,rdx=0xffffc9000000bcf8,rsi=0x4f68,rdi=0xffff888000143638,rbp=0x2,rsp=0xffffc9000000bca8,r8=0x346,r9=0xffff888000152000,r10=0x0,r11=0x0,r12=0x1,r13=0xffff888000143638,r14=0xffffc90000075000,r15=0xffff888007b1d668
=> 0xffffffff810cca12 <vgacon_cursor+75>:	mov    $0xe,%edi
Regs: rax=0xffff8880000bc060,rbx=0xffff888000143638,rcx=0x0,rdx=0xffffc9000000bcf8,rsi=0x4f68,rdi=0xe,rbp=0x2,rsp=0xffffc9000000bca8,r8=0x346,r9=0xffff888000152000,r10=0x0,r11=0x0,r12=0x1,r13=0xffff888000143638,r14=0xffffc90000075000,r15=0xffff888007b1d668
=> 0xffffffff810cca17 <vgacon_cursor+80>:	shr    %rsi
Regs: rax=0xffff8880000bc060,rbx=0xffff888000143638,rcx=0x0,rdx=0xffffc9000000bcf8,rsi=0x27b4,rdi=0xe,rbp=0x2,rsp=0xffffc9000000bca8,r8=0x346,r9=0xffff888000152000,r10=0x0,r11=0x0,r12=0x1,r13=0xffff888000143638,r14=0xffffc90000075000,r15=0xffff888007b1d668
=> 0xffffffff810cca1a <vgacon_cursor+83>:	call   0xffffffff810cc138 <write_vga>
Regs: rax=0xffff8880000bc060,rbx=0xffff888000143638,rcx=0x0,rdx=0xffffc9000000bcf8,rsi=0x27b4,rdi=0xe,rbp=0x2,rsp=0xffffc9000000bca0,r8=0x346,r9=0xffff888000152000,r10=0x0,r11=0x0,r12=0x1,r13=0xffff888000143638,r14=0xffffc90000075000,r15=0xffff888007b1d668
=> 0xffffffff810cc138 <write_vga>:	pushf  
Regs: rax=0xffff8880000bc060,rbx=0xffff888000143638,rcx=0x0,rdx=0xffffc9000000bcf8,rsi=0x27b4,rdi=0xe,rbp=0x2,rsp=0xffffc9000000bc98,r8=0x346,r9=0xffff888000152000,r10=0x0,r11=0x0,r12=0x1,r13=0xffff888000143638,r14=0xffffc90000075000,r15=0xffff888007b1d668
=> 0xffffffff810cc139 <write_vga+1>:	pop    %rcx
Regs: rax=0xffff8880000bc060,rbx=0xffff888000143638,rcx=0x306,rdx=0xffffc9000000bcf8,rsi=0x27b4,rdi=0xe,rbp=0x2,rsp=0xffffc9000000bca0,r8=0x346,r9=0xffff888000152000,r10=0x0,r11=0x0,r12=0x1,r13=0xffff888000143638,r14=0xffffc90000075000,r15=0xffff888007b1d668
=> 0xffffffff810cc13a <write_vga+2>:	cli    
Regs: rax=0xffff8880000bc060,rbx=0xffff888000143638,rcx=0x306,rdx=0xffffc9000000bcf8,rsi=0x27b4,rdi=0xe,rbp=0x2,rsp=0xffffc9000000bca0,r8=0x346,r9=0xffff888000152000,r10=0x0,r11=0x0,r12=0x1,r13=0xffff888000143638,r14=0xffffc90000075000,r15=0xffff888007b1d668
=> 0xffffffff810cc13b <write_vga+3>:	mov    %esi,%eax
Regs: rax=0x27b4,rbx=0xffff888000143638,rcx=0x306,rdx=0xffffc9000000bcf8,rsi=0x27b4,rdi=0xe,rbp=0x2,rsp=0xffffc9000000bca0,r8=0x346,r9=0xffff888000152000,r10=0x0,r11=0x0,r12=0x1,r13=0xffff888000143638,r14=0xffffc90000075000,r15=0xffff888007b1d668
=> 0xffffffff810cc13d <write_vga+5>:	movzbl %dil,%edi
Regs: rax=0x27b4,rbx=0xffff888000143638,rcx=0x306,rdx=0xffffc9000000bcf8,rsi=0x27b4,rdi=0xe,rbp=0x2,rsp=0xffffc9000000bca0,r8=0x346,r9=0xffff888000152000,r10=0x0,r11=0x0,r12=0x1,r13=0xffff888000143638,r14=0xffffc90000075000,r15=0xffff888007b1d668
=> 0xffffffff810cc141 <write_vga+9>:	mov    0x7ed13e(%rip),%dx        # 0xffffffff818b9286 <vga_video_port_reg>
Regs: rax=0x27b4,rbx=0xffff888000143638,rcx=0x306,rdx=0xffffc900000003d4,rsi=0x27b4,rdi=0xe,rbp=0x2,rsp=0xffffc9000000bca0,r8=0x346,r9=0xffff888000152000,r10=0x0,r11=0x0,r12=0x1,r13=0xffff888000143638,r14=0xffffc90000075000,r15=0xffff888007b1d668
=> 0xffffffff810cc148 <write_vga+16>:	and    $0xff00,%eax
Regs: rax=0x2700,rbx=0xffff888000143638,rcx=0x306,rdx=0xffffc900000003d4,rsi=0x27b4,rdi=0xe,rbp=0x2,rsp=0xffffc9000000bca0,r8=0x346,r9=0xffff888000152000,r10=0x0,r11=0x0,r12=0x1,r13=0xffff888000143638,r14=0xffffc90000075000,r15=0xffff888007b1d668
=> 0xffffffff810cc14d <write_vga+21>:	add    %edi,%eax
Regs: rax=0x270e,rbx=0xffff888000143638,rcx=0x306,rdx=0xffffc900000003d4,rsi=0x27b4,rdi=0xe,rbp=0x2,rsp=0xffffc9000000bca0,r8=0x346,r9=0xffff888000152000,r10=0x0,r11=0x0,r12=0x1,r13=0xffff888000143638,r14=0xffffc90000075000,r15=0xffff888007b1d668
=> 0xffffffff810cc14f <write_vga+23>:	out    %ax,(%dx)
Regs: rax=0x270e,rbx=0xffff888000143638,rcx=0x306,rdx=0xffffc900000003d4,rsi=0x27b4,rdi=0xe,rbp=0x2,rsp=0xffffc9000000bca0,r8=0x346,r9=0xffff888000152000,r10=0x0,r11=0x0,r12=0x1,r13=0xffff888000143638,r14=0xffffc90000075000,r15=0xffff888007b1d668
=> 0xffffffff810cc151 <write_vga+25>:	shl    $0x8,%esi
Regs: rax=0x270e,rbx=0xffff888000143638,rcx=0x306,rdx=0xffffc900000003d4,rsi=0x27b400,rdi=0xe,rbp=0x2,rsp=0xffffc9000000bca0,r8=0x346,r9=0xffff888000152000,r10=0x0,r11=0x0,r12=0x1,r13=0xffff888000143638,r14=0xffffc90000075000,r15=0xffff888007b1d668
=> 0xffffffff810cc154 <write_vga+28>:	movzwl %si,%esi
Regs: rax=0x270e,rbx=0xffff888000143638,rcx=0x306,rdx=0xffffc900000003d4,rsi=0xb400,rdi=0xe,rbp=0x2,rsp=0xffffc9000000bca0,r8=0x346,r9=0xffff888000152000,r10=0x0,r11=0x0,r12=0x1,r13=0xffff888000143638,r14=0xffffc90000075000,r15=0xffff888007b1d668
=> 0xffffffff810cc157 <write_vga+31>:	lea    0x1(%rdi,%rsi,1),%eax
Regs: rax=0xb40f,rbx=0xffff888000143638,rcx=0x306,rdx=0xffffc900000003d4,rsi=0xb400,rdi=0xe,rbp=0x2,rsp=0xffffc9000000bca0,r8=0x346,r9=0xffff888000152000,r10=0x0,r11=0x0,r12=0x1,r13=0xffff888000143638,r14=0xffffc90000075000,r15=0xffff888007b1d668
=> 0xffffffff810cc15b <write_vga+35>:	out    %ax,(%dx)
Regs: rax=0xb40f,rbx=0xffff888000143638,rcx=0x306,rdx=0xffffc900000003d4,rsi=0xb400,rdi=0xe,rbp=0x2,rsp=0xffffc9000000bca0,r8=0x346,r9=0xffff888000152000,r10=0x0,r11=0x0,r12=0x1,r13=0xffff888000143638,r14=0xffffc90000075000,r15=0xffff888007b1d668
=> 0xffffffff810cc15d <write_vga+37>:	bt     $0x9,%ecx
Regs: rax=0xb40f,rbx=0xffff888000143638,rcx=0x306,rdx=0xffffc900000003d4,rsi=0xb400,rdi=0xe,rbp=0x2,rsp=0xffffc9000000bca0,r8=0x346,r9=0xffff888000152000,r10=0x0,r11=0x0,r12=0x1,r13=0xffff888000143638,r14=0xffffc90000075000,r15=0xffff888007b1d668
=> 0xffffffff810cc161 <write_vga+41>:	jae    0xffffffff810cc164 <write_vga+44>
Regs: rax=0xb40f,rbx=0xffff888000143638,rcx=0x306,rdx=0xffffc900000003d4,rsi=0xb400,rdi=0xe,rbp=0x2,rsp=0xffffc9000000bca0,r8=0x346,r9=0xffff888000152000,r10=0x0,r11=0x0,r12=0x1,r13=0xffff888000143638,r14=0xffffc90000075000,r15=0xffff888007b1d668
=> 0xffffffff810cc163 <write_vga+43>:	sti    
Regs: rax=0xb40f,rbx=0xffff888000143638,rcx=0x306,rdx=0xffffc900000003d4,rsi=0xb400,rdi=0xe,rbp=0x2,rsp=0xffffc9000000bca0,r8=0x346,r9=0xffff888000152000,r10=0x0,r11=0x0,r12=0x1,r13=0xffff888000143638,r14=0xffffc90000075000,r15=0xffff888007b1d668
=> 0xffffffff810cc164 <write_vga+44>:	ret    
Regs: rax=0xb40f,rbx=0xffff888000143638,rcx=0x306,rdx=0xffffc900000003d4,rsi=0xb400,rdi=0xe,rbp=0x2,rsp=0xffffc9000000bca8,r8=0x346,r9=0xffff888000152000,r10=0x0,r11=0x0,r12=0x1,r13=0xffff888000143638,r14=0xffffc90000075000,r15=0xffff888007b1d668
=> 0xffffffff810cca1f <vgacon_cursor+88>:	cmpb   $0x21,0x7ec856(%rip)        # 0xffffffff818b927c <vga_video_type>
Regs: rax=0xb40f,rbx=0xffff888000143638,rcx=0x306,rdx=0xffffc900000003d4,rsi=0xb400,rdi=0xe,rbp=0x2,rsp=0xffffc9000000bca8,r8=0x346,r9=0xffff888000152000,r10=0x0,r11=0x0,r12=0x1,r13=0xffff888000143638,r14=0xffffc90000075000,r15=0xffff888007b1d668
=> 0xffffffff810cca26 <vgacon_cursor+95>:	mov    $0x1e,%esi
Regs: rax=0xb40f,rbx=0xffff888000143638,rcx=0x306,rdx=0xffffc900000003d4,rsi=0x1e,rdi=0xe,rbp=0x2,rsp=0xffffc9000000bca8,r8=0x346,r9=0xffff888000152000,r10=0x0,r11=0x0,r12=0x1,r13=0xffff888000143638,r14=0xffffc90000075000,r15=0xffff888007b1d668
=> 0xffffffff810cca2b <vgacon_cursor+100>:	ja     0xffffffff810cca32 <vgacon_cursor+107>
Regs: rax=0xb40f,rbx=0xffff888000143638,rcx=0x306,rdx=0xffffc900000003d4,rsi=0x1e,rdi=0xe,rbp=0x2,rsp=0xffffc9000000bca8,r8=0x346,r9=0xffff888000152000,r10=0x0,r11=0x0,r12=0x1,r13=0xffff888000143638,r14=0xffffc90000075000,r15=0xffff888007b1d668
=> 0xffffffff810cca32 <vgacon_cursor+107>:	mov    $0x1f,%edi
Regs: rax=0xb40f,rbx=0xffff888000143638,rcx=0x306,rdx=0xffffc900000003d4,rsi=0x1e,rdi=0x1f,rbp=0x2,rsp=0xffffc9000000bca8,r8=0x346,r9=0xffff888000152000,r10=0x0,r11=0x0,r12=0x1,r13=0xffff888000143638,r14=0xffffc90000075000,r15=0xffff888007b1d668
=> 0xffffffff810cca37 <vgacon_cursor+112>:	jmp    0xffffffff810ccadf <vgacon_cursor+280>
Regs: rax=0xb40f,rbx=0xffff888000143638,rcx=0x306,rdx=0xffffc900000003d4,rsi=0x1e,rdi=0x1f,rbp=0x2,rsp=0xffffc9000000bca8,r8=0x346,r9=0xffff888000152000,r10=0x0,r11=0x0,r12=0x1,r13=0xffff888000143638,r14=0xffffc90000075000,r15=0xffff888007b1d668
=> 0xffffffff810ccadf <vgacon_cursor+280>:	pop    %rbx
Regs: rax=0xb40f,rbx=0xffff888000143638,rcx=0x306,rdx=0xffffc900000003d4,rsi=0x1e,rdi=0x1f,rbp=0x2,rsp=0xffffc9000000bcb0,r8=0x346,r9=0xffff888000152000,r10=0x0,r11=0x0,r12=0x1,r13=0xffff888000143638,r14=0xffffc90000075000,r15=0xffff888007b1d668
=> 0xffffffff810ccae0 <vgacon_cursor+281>:	pop    %rbp
Regs: rax=0xb40f,rbx=0xffff888000143638,rcx=0x306,rdx=0xffffc900000003d4,rsi=0x1e,rdi=0x1f,rbp=0xffff888007b1d668,rsp=0xffffc9000000bcb8,r8=0x346,r9=0xffff888000152000,r10=0x0,r11=0x0,r12=0x1,r13=0xffff888000143638,r14=0xffffc90000075000,r15=0xffff888007b1d668
=> 0xffffffff810ccae1 <vgacon_cursor+282>:	jmp    0xffffffff810cc8e3 <vgacon_set_cursor_size>
Regs: rax=0xb40f,rbx=0xffff888000143638,rcx=0x306,rdx=0xffffc900000003d4,rsi=0x1e,rdi=0x1f,rbp=0xffff888007b1d668,rsp=0xffffc9000000bcb8,r8=0x346,r9=0xffff888000152000,r10=0x0,r11=0x0,r12=0x1,r13=0xffff888000143638,r14=0xffffc90000075000,r15=0xffff888007b1d668
=> 0xffffffff810cc8e3 <vgacon_set_cursor_size>:	cmp    %edi,0x89c59b(%rip)        # 0xffffffff81968e84 <cursor_size_lastfrom>
Regs: rax=0xb40f,rbx=0xffff888000143638,rcx=0x306,rdx=0xffffc900000003d4,rsi=0x1e,rdi=0x1f,rbp=0xffff888007b1d668,rsp=0xffffc9000000bcb8,r8=0x346,r9=0xffff888000152000,r10=0x0,r11=0x0,r12=0x1,r13=0xffff888000143638,r14=0xffffc90000075000,r15=0xffff888007b1d668
=> 0xffffffff810cc8e9 <vgacon_set_cursor_size+6>:	push   %r14
Regs: rax=0xb40f,rbx=0xffff888000143638,rcx=0x306,rdx=0xffffc900000003d4,rsi=0x1e,rdi=0x1f,rbp=0xffff888007b1d668,rsp=0xffffc9000000bcb0,r8=0x346,r9=0xffff888000152000,r10=0x0,r11=0x0,r12=0x1,r13=0xffff888000143638,r14=0xffffc90000075000,r15=0xffff888007b1d668
=> 0xffffffff810cc8eb <vgacon_set_cursor_size+8>:	mov    %edi,%r14d
Regs: rax=0xb40f,rbx=0xffff888000143638,rcx=0x306,rdx=0xffffc900000003d4,rsi=0x1e,rdi=0x1f,rbp=0xffff888007b1d668,rsp=0xffffc9000000bcb0,r8=0x346,r9=0xffff888000152000,r10=0x0,r11=0x0,r12=0x1,r13=0xffff888000143638,r14=0x1f,r15=0xffff888007b1d668
=> 0xffffffff810cc8ee <vgacon_set_cursor_size+11>:	push   %r13
Regs: rax=0xb40f,rbx=0xffff888000143638,rcx=0x306,rdx=0xffffc900000003d4,rsi=0x1e,rdi=0x1f,rbp=0xffff888007b1d668,rsp=0xffffc9000000bca8,r8=0x346,r9=0xffff888000152000,r10=0x0,r11=0x0,r12=0x1,r13=0xffff888000143638,r14=0x1f,r15=0xffff888007b1d668
=> 0xffffffff810cc8f0 <vgacon_set_cursor_size+13>:	push   %r12
Regs: rax=0xb40f,rbx=0xffff888000143638,rcx=0x306,rdx=0xffffc900000003d4,rsi=0x1e,rdi=0x1f,rbp=0xffff888007b1d668,rsp=0xffffc9000000bca0,r8=0x346,r9=0xffff888000152000,r10=0x0,r11=0x0,r12=0x1,r13=0xffff888000143638,r14=0x1f,r15=0xffff888007b1d668
=> 0xffffffff810cc8f2 <vgacon_set_cursor_size+15>:	push   %rbp
Regs: rax=0xb40f,rbx=0xffff888000143638,rcx=0x306,rdx=0xffffc900000003d4,rsi=0x1e,rdi=0x1f,rbp=0xffff888007b1d668,rsp=0xffffc9000000bc98,r8=0x346,r9=0xffff888000152000,r10=0x0,r11=0x0,r12=0x1,r13=0xffff888000143638,r14=0x1f,r15=0xffff888007b1d668
=> 0xffffffff810cc8f3 <vgacon_set_cursor_size+16>:	push   %rbx
Regs: rax=0xb40f,rbx=0xffff888000143638,rcx=0x306,rdx=0xffffc900000003d4,rsi=0x1e,rdi=0x1f,rbp=0xffff888007b1d668,rsp=0xffffc9000000bc90,r8=0x346,r9=0xffff888000152000,r10=0x0,r11=0x0,r12=0x1,r13=0xffff888000143638,r14=0x1f,r15=0xffff888007b1d668
=> 0xffffffff810cc8f4 <vgacon_set_cursor_size+17>:	mov    %esi,%ebx
Regs: rax=0xb40f,rbx=0x1e,rcx=0x306,rdx=0xffffc900000003d4,rsi=0x1e,rdi=0x1f,rbp=0xffff888007b1d668,rsp=0xffffc9000000bc90,r8=0x346,r9=0xffff888000152000,r10=0x0,r11=0x0,r12=0x1,r13=0xffff888000143638,r14=0x1f,r15=0xffff888007b1d668
=> 0xffffffff810cc8f6 <vgacon_set_cursor_size+19>:	jne    0xffffffff810cc904 <vgacon_set_cursor_size+33>
Regs: rax=0xb40f,rbx=0x1e,rcx=0x306,rdx=0xffffc900000003d4,rsi=0x1e,rdi=0x1f,rbp=0xffff888007b1d668,rsp=0xffffc9000000bc90,r8=0x346,r9=0xffff888000152000,r10=0x0,r11=0x0,r12=0x1,r13=0xffff888000143638,r14=0x1f,r15=0xffff888007b1d668
=> 0xffffffff810cc904 <vgacon_set_cursor_size+33>:	mov    %r14d,0x89c579(%rip)        # 0xffffffff81968e84 <cursor_size_lastfrom>
Regs: rax=0xb40f,rbx=0x1e,rcx=0x306,rdx=0xffffc900000003d4,rsi=0x1e,rdi=0x1f,rbp=0xffff888007b1d668,rsp=0xffffc9000000bc90,r8=0x346,r9=0xffff888000152000,r10=0x0,r11=0x0,r12=0x1,r13=0xffff888000143638,r14=0x1f,r15=0xffff888007b1d668
=> 0xffffffff810cc90b <vgacon_set_cursor_size+40>:	mov    %ebx,0x89c56f(%rip)        # 0xffffffff81968e80 <cursor_size_lastto>
Regs: rax=0xb40f,rbx=0x1e,rcx=0x306,rdx=0xffffc900000003d4,rsi=0x1e,rdi=0x1f,rbp=0xffff888007b1d668,rsp=0xffffc9000000bc90,r8=0x346,r9=0xffff888000152000,r10=0x0,r11=0x0,r12=0x1,r13=0xffff888000143638,r14=0x1f,r15=0xffff888007b1d668
=> 0xffffffff810cc911 <vgacon_set_cursor_size+46>:	pushf  
Regs: rax=0xb40f,rbx=0x1e,rcx=0x306,rdx=0xffffc900000003d4,rsi=0x1e,rdi=0x1f,rbp=0xffff888007b1d668,rsp=0xffffc9000000bc88,r8=0x346,r9=0xffff888000152000,r10=0x0,r11=0x0,r12=0x1,r13=0xffff888000143638,r14=0x1f,r15=0xffff888007b1d668
=> 0xffffffff810cc912 <vgacon_set_cursor_size+47>:	pop    %r12
Regs: rax=0xb40f,rbx=0x1e,rcx=0x306,rdx=0xffffc900000003d4,rsi=0x1e,rdi=0x1f,rbp=0xffff888007b1d668,rsp=0xffffc9000000bc90,r8=0x346,r9=0xffff888000152000,r10=0x0,r11=0x0,r12=0x397,r13=0xffff888000143638,r14=0x1f,r15=0xffff888007b1d668
=> 0xffffffff810cc914 <vgacon_set_cursor_size+49>:	cli    
Regs: rax=0xb40f,rbx=0x1e,rcx=0x306,rdx=0xffffc900000003d4,rsi=0x1e,rdi=0x1f,rbp=0xffff888007b1d668,rsp=0xffffc9000000bc90,r8=0x346,r9=0xffff888000152000,r10=0x0,r11=0x0,r12=0x397,r13=0xffff888000143638,r14=0x1f,r15=0xffff888007b1d668
=> 0xffffffff810cc915 <vgacon_set_cursor_size+50>:	cmpb   $0x21,0x7ec960(%rip)        # 0xffffffff818b927c <vga_video_type>
Regs: rax=0xb40f,rbx=0x1e,rcx=0x306,rdx=0xffffc900000003d4,rsi=0x1e,rdi=0x1f,rbp=0xffff888007b1d668,rsp=0xffffc9000000bc90,r8=0x346,r9=0xffff888000152000,r10=0x0,r11=0x0,r12=0x397,r13=0xffff888000143638,r14=0x1f,r15=0xffff888007b1d668
=> 0xffffffff810cc91c <vgacon_set_cursor_size+57>:	jbe    0xffffffff810cc962 <vgacon_set_cursor_size+127>
Regs: rax=0xb40f,rbx=0x1e,rcx=0x306,rdx=0xffffc900000003d4,rsi=0x1e,rdi=0x1f,rbp=0xffff888007b1d668,rsp=0xffffc9000000bc90,r8=0x346,r9=0xffff888000152000,r10=0x0,r11=0x0,r12=0x397,r13=0xffff888000143638,r14=0x1f,r15=0xffff888007b1d668
=> 0xffffffff810cc91e <vgacon_set_cursor_size+59>:	mov    0x7ec961(%rip),%dx        # 0xffffffff818b9286 <vga_video_port_reg>
Regs: rax=0xb40f,rbx=0x1e,rcx=0x306,rdx=0xffffc900000003d4,rsi=0x1e,rdi=0x1f,rbp=0xffff888007b1d668,rsp=0xffffc9000000bc90,r8=0x346,r9=0xffff888000152000,r10=0x0,r11=0x0,r12=0x397,r13=0xffff888000143638,r14=0x1f,r15=0xffff888007b1d668
=> 0xffffffff810cc925 <vgacon_set_cursor_size+66>:	mov    $0xa,%al
Regs: rax=0xb40a,rbx=0x1e,rcx=0x306,rdx=0xffffc900000003d4,rsi=0x1e,rdi=0x1f,rbp=0xffff888007b1d668,rsp=0xffffc9000000bc90,r8=0x346,r9=0xffff888000152000,r10=0x0,r11=0x0,r12=0x397,r13=0xffff888000143638,r14=0x1f,r15=0xffff888007b1d668
=> 0xffffffff810cc927 <vgacon_set_cursor_size+68>:	out    %al,(%dx)
Regs: rax=0xb40a,rbx=0x1e,rcx=0x306,rdx=0xffffc900000003d4,rsi=0x1e,rdi=0x1f,rbp=0xffff888007b1d668,rsp=0xffffc9000000bc90,r8=0x346,r9=0xffff888000152000,r10=0x0,r11=0x0,r12=0x397,r13=0xffff888000143638,r14=0x1f,r15=0xffff888007b1d668
=> 0xffffffff810cc928 <vgacon_set_cursor_size+69>:	call   0xffffffff81012adf <native_io_delay>
Regs: rax=0xb40a,rbx=0x1e,rcx=0x306,rdx=0xffffc900000003d4,rsi=0x1e,rdi=0x1f,rbp=0xffff888007b1d668,rsp=0xffffc9000000bc88,r8=0x346,r9=0xffff888000152000,r10=0x0,r11=0x0,r12=0x397,r13=0xffff888000143638,r14=0x1f,r15=0xffff888007b1d668
=> 0xffffffff81012adf <native_io_delay>:	mov    0x8a60e7(%rip),%eax        # 0xffffffff818b8bcc <io_delay_type>
Regs: rax=0x0,rbx=0x1e,rcx=0x306,rdx=0xffffc900000003d4,rsi=0x1e,rdi=0x1f,rbp=0xffff888007b1d668,rsp=0xffffc9000000bc88,r8=0x346,r9=0xffff888000152000,r10=0x0,r11=0x0,r12=0x397,r13=0xffff888000143638,r14=0x1f,r15=0xffff888007b1d668
=> 0xffffffff81012ae5 <native_io_delay+6>:	cmp    $0x2,%eax
Regs: rax=0x0,rbx=0x1e,rcx=0x306,rdx=0xffffc900000003d4,rsi=0x1e,rdi=0x1f,rbp=0xffff888007b1d668,rsp=0xffffc9000000bc88,r8=0x346,r9=0xffff888000152000,r10=0x0,r11=0x0,r12=0x397,r13=0xffff888000143638,r14=0x1f,r15=0xffff888007b1d668
=> 0xffffffff81012ae8 <native_io_delay+9>:	je     0xffffffff81012af9 <native_io_delay+26>
Regs: rax=0x0,rbx=0x1e,rcx=0x306,rdx=0xffffc900000003d4,rsi=0x1e,rdi=0x1f,rbp=0xffff888007b1d668,rsp=0xffffc9000000bc88,r8=0x346,r9=0xffff888000152000,r10=0x0,r11=0x0,r12=0x397,r13=0xffff888000143638,r14=0x1f,r15=0xffff888007b1d668
=> 0xffffffff81012aea <native_io_delay+11>:	cmp    $0x3,%eax
Regs: rax=0x0,rbx=0x1e,rcx=0x306,rdx=0xffffc900000003d4,rsi=0x1e,rdi=0x1f,rbp=0xffff888007b1d668,rsp=0xffffc9000000bc88,r8=0x346,r9=0xffff888000152000,r10=0x0,r11=0x0,r12=0x397,r13=0xffff888000143638,r14=0x1f,r15=0xffff888007b1d668
=> 0xffffffff81012aed <native_io_delay+14>:	je     0xffffffff81012b03 <native_io_delay+36>
Regs: rax=0x0,rbx=0x1e,rcx=0x306,rdx=0xffffc900000003d4,rsi=0x1e,rdi=0x1f,rbp=0xffff888007b1d668,rsp=0xffffc9000000bc88,r8=0x346,r9=0xffff888000152000,r10=0x0,r11=0x0,r12=0x397,r13=0xffff888000143638,r14=0x1f,r15=0xffff888007b1d668
=> 0xffffffff81012aef <native_io_delay+16>:	dec    %eax
Regs: rax=0xffffffff,rbx=0x1e,rcx=0x306,rdx=0xffffc900000003d4,rsi=0x1e,rdi=0x1f,rbp=0xffff888007b1d668,rsp=0xffffc9000000bc88,r8=0x346,r9=0xffff888000152000,r10=0x0,r11=0x0,r12=0x397,r13=0xffff888000143638,r14=0x1f,r15=0xffff888007b1d668
=> 0xffffffff81012af1 <native_io_delay+18>:	je     0xffffffff81012af6 <native_io_delay+23>
Regs: rax=0xffffffff,rbx=0x1e,rcx=0x306,rdx=0xffffc900000003d4,rsi=0x1e,rdi=0x1f,rbp=0xffff888007b1d668,rsp=0xffffc9000000bc88,r8=0x346,r9=0xffff888000152000,r10=0x0,r11=0x0,r12=0x397,r13=0xffff888000143638,r14=0x1f,r15=0xffff888007b1d668
=> 0xffffffff81012af3 <native_io_delay+20>:	out    %al,$0x80
Regs: rax=0xffffffff,rbx=0x1e,rcx=0x306,rdx=0xffffc900000003d4,rsi=0x1e,rdi=0x1f,rbp=0xffff888007b1d668,rsp=0xffffc9000000bc88,r8=0x346,r9=0xffff888000152000,r10=0x0,r11=0x0,r12=0x397,r13=0xffff888000143638,r14=0x1f,r15=0xffff888007b1d668
=> 0xffffffff81012af5 <native_io_delay+22>:	ret    
Regs: rax=0xffffffff,rbx=0x1e,rcx=0x306,rdx=0xffffc900000003d4,rsi=0x1e,rdi=0x1f,rbp=0xffff888007b1d668,rsp=0xffffc9000000bc90,r8=0x346,r9=0xffff888000152000,r10=0x0,r11=0x0,r12=0x397,r13=0xffff888000143638,r14=0x1f,r15=0xffff888007b1d668
=> 0xffffffff810cc92d <vgacon_set_cursor_size+74>:	mov    0x7ec950(%rip),%dx        # 0xffffffff818b9284 <vga_video_port_val>
Regs: rax=0xffffffff,rbx=0x1e,rcx=0x306,rdx=0xffffc900000003d5,rsi=0x1e,rdi=0x1f,rbp=0xffff888007b1d668,rsp=0xffffc9000000bc90,r8=0x346,r9=0xffff888000152000,r10=0x0,r11=0x0,r12=0x397,r13=0xffff888000143638,r14=0x1f,r15=0xffff888007b1d668
=> 0xffffffff810cc934 <vgacon_set_cursor_size+81>:	in     (%dx),%al
Regs: rax=0xffffff0d,rbx=0x1e,rcx=0x306,rdx=0xffffc900000003d5,rsi=0x1e,rdi=0x1f,rbp=0xffff888007b1d668,rsp=0xffffc9000000bc90,r8=0x346,r9=0xffff888000152000,r10=0x0,r11=0x0,r12=0x397,r13=0xffff888000143638,r14=0x1f,r15=0xffff888007b1d668
=> 0xffffffff810cc935 <vgacon_set_cursor_size+82>:	movzbl %al,%r13d
Regs: rax=0xffffff0d,rbx=0x1e,rcx=0x306,rdx=0xffffc900000003d5,rsi=0x1e,rdi=0x1f,rbp=0xffff888007b1d668,rsp=0xffffc9000000bc90,r8=0x346,r9=0xffff888000152000,r10=0x0,r11=0x0,r12=0x397,r13=0xd,r14=0x1f,r15=0xffff888007b1d668
=> 0xffffffff810cc939 <vgacon_set_cursor_size+86>:	call   0xffffffff81012adf <native_io_delay>
Regs: rax=0xffffff0d,rbx=0x1e,rcx=0x306,rdx=0xffffc900000003d5,rsi=0x1e,rdi=0x1f,rbp=0xffff888007b1d668,rsp=0xffffc9000000bc88,r8=0x346,r9=0xffff888000152000,r10=0x0,r11=0x0,r12=0x397,r13=0xd,r14=0x1f,r15=0xffff888007b1d668
=> 0xffffffff81012adf <native_io_delay>:	mov    0x8a60e7(%rip),%eax        # 0xffffffff818b8bcc <io_delay_type>
Regs: rax=0x0,rbx=0x1e,rcx=0x306,rdx=0xffffc900000003d5,rsi=0x1e,rdi=0x1f,rbp=0xffff888007b1d668,rsp=0xffffc9000000bc88,r8=0x346,r9=0xffff888000152000,r10=0x0,r11=0x0,r12=0x397,r13=0xd,r14=0x1f,r15=0xffff888007b1d668
=> 0xffffffff81012ae5 <native_io_delay+6>:	cmp    $0x2,%eax
Regs: rax=0x0,rbx=0x1e,rcx=0x306,rdx=0xffffc900000003d5,rsi=0x1e,rdi=0x1f,rbp=0xffff888007b1d668,rsp=0xffffc9000000bc88,r8=0x346,r9=0xffff888000152000,r10=0x0,r11=0x0,r12=0x397,r13=0xd,r14=0x1f,r15=0xffff888007b1d668
=> 0xffffffff81012ae8 <native_io_delay+9>:	je     0xffffffff81012af9 <native_io_delay+26>
Regs: rax=0x0,rbx=0x1e,rcx=0x306,rdx=0xffffc900000003d5,rsi=0x1e,rdi=0x1f,rbp=0xffff888007b1d668,rsp=0xffffc9000000bc88,r8=0x346,r9=0xffff888000152000,r10=0x0,r11=0x0,r12=0x397,r13=0xd,r14=0x1f,r15=0xffff888007b1d668
=> 0xffffffff81012aea <native_io_delay+11>:	cmp    $0x3,%eax
Regs: rax=0x0,rbx=0x1e,rcx=0x306,rdx=0xffffc900000003d5,rsi=0x1e,rdi=0x1f,rbp=0xffff888007b1d668,rsp=0xffffc9000000bc88,r8=0x346,r9=0xffff888000152000,r10=0x0,r11=0x0,r12=0x397,r13=0xd,r14=0x1f,r15=0xffff888007b1d668
=> 0xffffffff81012aed <native_io_delay+14>:	je     0xffffffff81012b03 <native_io_delay+36>
Regs: rax=0x0,rbx=0x1e,rcx=0x306,rdx=0xffffc900000003d5,rsi=0x1e,rdi=0x1f,rbp=0xffff888007b1d668,rsp=0xffffc9000000bc88,r8=0x346,r9=0xffff888000152000,r10=0x0,r11=0x0,r12=0x397,r13=0xd,r14=0x1f,r15=0xffff888007b1d668
=> 0xffffffff81012aef <native_io_delay+16>:	dec    %eax
Regs: rax=0xffffffff,rbx=0x1e,rcx=0x306,rdx=0xffffc900000003d5,rsi=0x1e,rdi=0x1f,rbp=0xffff888007b1d668,rsp=0xffffc9000000bc88,r8=0x346,r9=0xffff888000152000,r10=0x0,r11=0x0,r12=0x397,r13=0xd,r14=0x1f,r15=0xffff888007b1d668
=> 0xffffffff81012af1 <native_io_delay+18>:	je     0xffffffff81012af6 <native_io_delay+23>
Regs: rax=0xffffffff,rbx=0x1e,rcx=0x306,rdx=0xffffc900000003d5,rsi=0x1e,rdi=0x1f,rbp=0xffff888007b1d668,rsp=0xffffc9000000bc88,r8=0x346,r9=0xffff888000152000,r10=0x0,r11=0x0,r12=0x397,r13=0xd,r14=0x1f,r15=0xffff888007b1d668
=> 0xffffffff81012af3 <native_io_delay+20>:	out    %al,$0x80
Regs: rax=0xffffffff,rbx=0x1e,rcx=0x306,rdx=0xffffc900000003d5,rsi=0x1e,rdi=0x1f,rbp=0xffff888007b1d668,rsp=0xffffc9000000bc88,r8=0x346,r9=0xffff888000152000,r10=0x0,r11=0x0,r12=0x397,r13=0xd,r14=0x1f,r15=0xffff888007b1d668
=> 0xffffffff81012af5 <native_io_delay+22>:	ret    
Regs: rax=0xffffffff,rbx=0x1e,rcx=0x306,rdx=0xffffc900000003d5,rsi=0x1e,rdi=0x1f,rbp=0xffff888007b1d668,rsp=0xffffc9000000bc90,r8=0x346,r9=0xffff888000152000,r10=0x0,r11=0x0,r12=0x397,r13=0xd,r14=0x1f,r15=0xffff888007b1d668
=> 0xffffffff810cc93e <vgacon_set_cursor_size+91>:	mov    0x7ec941(%rip),%dx        # 0xffffffff818b9286 <vga_video_port_reg>
Regs: rax=0xffffffff,rbx=0x1e,rcx=0x306,rdx=0xffffc900000003d4,rsi=0x1e,rdi=0x1f,rbp=0xffff888007b1d668,rsp=0xffffc9000000bc90,r8=0x346,r9=0xffff888000152000,r10=0x0,r11=0x0,r12=0x397,r13=0xd,r14=0x1f,r15=0xffff888007b1d668
=> 0xffffffff810cc945 <vgacon_set_cursor_size+98>:	mov    $0xb,%al
Regs: rax=0xffffff0b,rbx=0x1e,rcx=0x306,rdx=0xffffc900000003d4,rsi=0x1e,rdi=0x1f,rbp=0xffff888007b1d668,rsp=0xffffc9000000bc90,r8=0x346,r9=0xffff888000152000,r10=0x0,r11=0x0,r12=0x397,r13=0xd,r14=0x1f,r15=0xffff888007b1d668
=> 0xffffffff810cc947 <vgacon_set_cursor_size+100>:	out    %al,(%dx)
Regs: rax=0xffffff0b,rbx=0x1e,rcx=0x306,rdx=0xffffc900000003d4,rsi=0x1e,rdi=0x1f,rbp=0xffff888007b1d668,rsp=0xffffc9000000bc90,r8=0x346,r9=0xffff888000152000,r10=0x0,r11=0x0,r12=0x397,r13=0xd,r14=0x1f,r15=0xffff888007b1d668
=> 0xffffffff810cc948 <vgacon_set_cursor_size+101>:	call   0xffffffff81012adf <native_io_delay>
Regs: rax=0xffffff0b,rbx=0x1e,rcx=0x306,rdx=0xffffc900000003d4,rsi=0x1e,rdi=0x1f,rbp=0xffff888007b1d668,rsp=0xffffc9000000bc88,r8=0x346,r9=0xffff888000152000,r10=0x0,r11=0x0,r12=0x397,r13=0xd,r14=0x1f,r15=0xffff888007b1d668
=> 0xffffffff81012adf <native_io_delay>:	mov    0x8a60e7(%rip),%eax        # 0xffffffff818b8bcc <io_delay_type>
Regs: rax=0x0,rbx=0x1e,rcx=0x306,rdx=0xffffc900000003d4,rsi=0x1e,rdi=0x1f,rbp=0xffff888007b1d668,rsp=0xffffc9000000bc88,r8=0x346,r9=0xffff888000152000,r10=0x0,r11=0x0,r12=0x397,r13=0xd,r14=0x1f,r15=0xffff888007b1d668
=> 0xffffffff81012ae5 <native_io_delay+6>:	cmp    $0x2,%eax
Regs: rax=0x0,rbx=0x1e,rcx=0x306,rdx=0xffffc900000003d4,rsi=0x1e,rdi=0x1f,rbp=0xffff888007b1d668,rsp=0xffffc9000000bc88,r8=0x346,r9=0xffff888000152000,r10=0x0,r11=0x0,r12=0x397,r13=0xd,r14=0x1f,r15=0xffff888007b1d668
=> 0xffffffff81012ae8 <native_io_delay+9>:	je     0xffffffff81012af9 <native_io_delay+26>
Regs: rax=0x0,rbx=0x1e,rcx=0x306,rdx=0xffffc900000003d4,rsi=0x1e,rdi=0x1f,rbp=0xffff888007b1d668,rsp=0xffffc9000000bc88,r8=0x346,r9=0xffff888000152000,r10=0x0,r11=0x0,r12=0x397,r13=0xd,r14=0x1f,r15=0xffff888007b1d668
=> 0xffffffff81012aea <native_io_delay+11>:	cmp    $0x3,%eax
Regs: rax=0x0,rbx=0x1e,rcx=0x306,rdx=0xffffc900000003d4,rsi=0x1e,rdi=0x1f,rbp=0xffff888007b1d668,rsp=0xffffc9000000bc88,r8=0x346,r9=0xffff888000152000,r10=0x0,r11=0x0,r12=0x397,r13=0xd,r14=0x1f,r15=0xffff888007b1d668
=> 0xffffffff81012aed <native_io_delay+14>:	je     0xffffffff81012b03 <native_io_delay+36>
Regs: rax=0x0,rbx=0x1e,rcx=0x306,rdx=0xffffc900000003d4,rsi=0x1e,rdi=0x1f,rbp=0xffff888007b1d668,rsp=0xffffc9000000bc88,r8=0x346,r9=0xffff888000152000,r10=0x0,r11=0x0,r12=0x397,r13=0xd,r14=0x1f,r15=0xffff888007b1d668
=> 0xffffffff81012aef <native_io_delay+16>:	dec    %eax
Regs: rax=0xffffffff,rbx=0x1e,rcx=0x306,rdx=0xffffc900000003d4,rsi=0x1e,rdi=0x1f,rbp=0xffff888007b1d668,rsp=0xffffc9000000bc88,r8=0x346,r9=0xffff888000152000,r10=0x0,r11=0x0,r12=0x397,r13=0xd,r14=0x1f,r15=0xffff888007b1d668
=> 0xffffffff81012af1 <native_io_delay+18>:	je     0xffffffff81012af6 <native_io_delay+23>
Regs: rax=0xffffffff,rbx=0x1e,rcx=0x306,rdx=0xffffc900000003d4,rsi=0x1e,rdi=0x1f,rbp=0xffff888007b1d668,rsp=0xffffc9000000bc88,r8=0x346,r9=0xffff888000152000,r10=0x0,r11=0x0,r12=0x397,r13=0xd,r14=0x1f,r15=0xffff888007b1d668
=> 0xffffffff81012af3 <native_io_delay+20>:	out    %al,$0x80
Regs: rax=0xffffffff,rbx=0x1e,rcx=0x306,rdx=0xffffc900000003d4,rsi=0x1e,rdi=0x1f,rbp=0xffff888007b1d668,rsp=0xffffc9000000bc88,r8=0x346,r9=0xffff888000152000,r10=0x0,r11=0x0,r12=0x397,r13=0xd,r14=0x1f,r15=0xffff888007b1d668
=> 0xffffffff81012af5 <native_io_delay+22>:	ret    
Regs: rax=0xffffffff,rbx=0x1e,rcx=0x306,rdx=0xffffc900000003d4,rsi=0x1e,rdi=0x1f,rbp=0xffff888007b1d668,rsp=0xffffc9000000bc90,r8=0x346,r9=0xffff888000152000,r10=0x0,r11=0x0,r12=0x397,r13=0xd,r14=0x1f,r15=0xffff888007b1d668
=> 0xffffffff810cc94d <vgacon_set_cursor_size+106>:	mov    0x7ec930(%rip),%dx        # 0xffffffff818b9284 <vga_video_port_val>
Regs: rax=0xffffffff,rbx=0x1e,rcx=0x306,rdx=0xffffc900000003d5,rsi=0x1e,rdi=0x1f,rbp=0xffff888007b1d668,rsp=0xffffc9000000bc90,r8=0x346,r9=0xffff888000152000,r10=0x0,r11=0x0,r12=0x397,r13=0xd,r14=0x1f,r15=0xffff888007b1d668
=> 0xffffffff810cc954 <vgacon_set_cursor_size+113>:	in     (%dx),%al
Regs: rax=0xffffff0e,rbx=0x1e,rcx=0x306,rdx=0xffffc900000003d5,rsi=0x1e,rdi=0x1f,rbp=0xffff888007b1d668,rsp=0xffffc9000000bc90,r8=0x346,r9=0xffff888000152000,r10=0x0,r11=0x0,r12=0x397,r13=0xd,r14=0x1f,r15=0xffff888007b1d668
=> 0xffffffff810cc955 <vgacon_set_cursor_size+114>:	mov    %eax,%ebp
Regs: rax=0xffffff0e,rbx=0x1e,rcx=0x306,rdx=0xffffc900000003d5,rsi=0x1e,rdi=0x1f,rbp=0xffffff0e,rsp=0xffffc9000000bc90,r8=0x346,r9=0xffff888000152000,r10=0x0,r11=0x0,r12=0x397,r13=0xd,r14=0x1f,r15=0xffff888007b1d668
=> 0xffffffff810cc957 <vgacon_set_cursor_size+116>:	call   0xffffffff81012adf <native_io_delay>
Regs: rax=0xffffff0e,rbx=0x1e,rcx=0x306,rdx=0xffffc900000003d5,rsi=0x1e,rdi=0x1f,rbp=0xffffff0e,rsp=0xffffc9000000bc88,r8=0x346,r9=0xffff888000152000,r10=0x0,r11=0x0,r12=0x397,r13=0xd,r14=0x1f,r15=0xffff888007b1d668
=> 0xffffffff81012adf <native_io_delay>:	mov    0x8a60e7(%rip),%eax        # 0xffffffff818b8bcc <io_delay_type>
Regs: rax=0x0,rbx=0x1e,rcx=0x306,rdx=0xffffc900000003d5,rsi=0x1e,rdi=0x1f,rbp=0xffffff0e,rsp=0xffffc9000000bc88,r8=0x346,r9=0xffff888000152000,r10=0x0,r11=0x0,r12=0x397,r13=0xd,r14=0x1f,r15=0xffff888007b1d668
=> 0xffffffff81012ae5 <native_io_delay+6>:	cmp    $0x2,%eax
Regs: rax=0x0,rbx=0x1e,rcx=0x306,rdx=0xffffc900000003d5,rsi=0x1e,rdi=0x1f,rbp=0xffffff0e,rsp=0xffffc9000000bc88,r8=0x346,r9=0xffff888000152000,r10=0x0,r11=0x0,r12=0x397,r13=0xd,r14=0x1f,r15=0xffff888007b1d668
=> 0xffffffff81012ae8 <native_io_delay+9>:	je     0xffffffff81012af9 <native_io_delay+26>
Regs: rax=0x0,rbx=0x1e,rcx=0x306,rdx=0xffffc900000003d5,rsi=0x1e,rdi=0x1f,rbp=0xffffff0e,rsp=0xffffc9000000bc88,r8=0x346,r9=0xffff888000152000,r10=0x0,r11=0x0,r12=0x397,r13=0xd,r14=0x1f,r15=0xffff888007b1d668
=> 0xffffffff81012aea <native_io_delay+11>:	cmp    $0x3,%eax
Regs: rax=0x0,rbx=0x1e,rcx=0x306,rdx=0xffffc900000003d5,rsi=0x1e,rdi=0x1f,rbp=0xffffff0e,rsp=0xffffc9000000bc88,r8=0x346,r9=0xffff888000152000,r10=0x0,r11=0x0,r12=0x397,r13=0xd,r14=0x1f,r15=0xffff888007b1d668
=> 0xffffffff81012aed <native_io_delay+14>:	je     0xffffffff81012b03 <native_io_delay+36>
Regs: rax=0x0,rbx=0x1e,rcx=0x306,rdx=0xffffc900000003d5,rsi=0x1e,rdi=0x1f,rbp=0xffffff0e,rsp=0xffffc9000000bc88,r8=0x346,r9=0xffff888000152000,r10=0x0,r11=0x0,r12=0x397,r13=0xd,r14=0x1f,r15=0xffff888007b1d668
=> 0xffffffff81012aef <native_io_delay+16>:	dec    %eax
Regs: rax=0xffffffff,rbx=0x1e,rcx=0x306,rdx=0xffffc900000003d5,rsi=0x1e,rdi=0x1f,rbp=0xffffff0e,rsp=0xffffc9000000bc88,r8=0x346,r9=0xffff888000152000,r10=0x0,r11=0x0,r12=0x397,r13=0xd,r14=0x1f,r15=0xffff888007b1d668
=> 0xffffffff81012af1 <native_io_delay+18>:	je     0xffffffff81012af6 <native_io_delay+23>
Regs: rax=0xffffffff,rbx=0x1e,rcx=0x306,rdx=0xffffc900000003d5,rsi=0x1e,rdi=0x1f,rbp=0xffffff0e,rsp=0xffffc9000000bc88,r8=0x346,r9=0xffff888000152000,r10=0x0,r11=0x0,r12=0x397,r13=0xd,r14=0x1f,r15=0xffff888007b1d668
=> 0xffffffff81012af3 <native_io_delay+20>:	out    %al,$0x80
Regs: rax=0xffffffff,rbx=0x1e,rcx=0x306,rdx=0xffffc900000003d5,rsi=0x1e,rdi=0x1f,rbp=0xffffff0e,rsp=0xffffc9000000bc88,r8=0x346,r9=0xffff888000152000,r10=0x0,r11=0x0,r12=0x397,r13=0xd,r14=0x1f,r15=0xffff888007b1d668
=> 0xffffffff81012af5 <native_io_delay+22>:	ret    
Regs: rax=0xffffffff,rbx=0x1e,rcx=0x306,rdx=0xffffc900000003d5,rsi=0x1e,rdi=0x1f,rbp=0xffffff0e,rsp=0xffffc9000000bc90,r8=0x346,r9=0xffff888000152000,r10=0x0,r11=0x0,r12=0x397,r13=0xd,r14=0x1f,r15=0xffff888007b1d668
=> 0xffffffff810cc95c <vgacon_set_cursor_size+121>:	movzbl %bpl,%edx
Regs: rax=0xffffffff,rbx=0x1e,rcx=0x306,rdx=0xe,rsi=0x1e,rdi=0x1f,rbp=0xffffff0e,rsp=0xffffc9000000bc90,r8=0x346,r9=0xffff888000152000,r10=0x0,r11=0x0,r12=0x397,r13=0xd,r14=0x1f,r15=0xffff888007b1d668
=> 0xffffffff810cc960 <vgacon_set_cursor_size+125>:	jmp    0xffffffff810cc967 <vgacon_set_cursor_size+132>
Regs: rax=0xffffffff,rbx=0x1e,rcx=0x306,rdx=0xe,rsi=0x1e,rdi=0x1f,rbp=0xffffff0e,rsp=0xffffc9000000bc90,r8=0x346,r9=0xffff888000152000,r10=0x0,r11=0x0,r12=0x397,r13=0xd,r14=0x1f,r15=0xffff888007b1d668
=> 0xffffffff810cc967 <vgacon_set_cursor_size+132>:	and    $0xe0,%edx
Regs: rax=0xffffffff,rbx=0x1e,rcx=0x306,rdx=0x0,rsi=0x1e,rdi=0x1f,rbp=0xffffff0e,rsp=0xffffc9000000bc90,r8=0x346,r9=0xffff888000152000,r10=0x0,r11=0x0,r12=0x397,r13=0xd,r14=0x1f,r15=0xffff888007b1d668
=> 0xffffffff810cc96d <vgacon_set_cursor_size+138>:	and    $0xc0,%r13d
Regs: rax=0xffffffff,rbx=0x1e,rcx=0x306,rdx=0x0,rsi=0x1e,rdi=0x1f,rbp=0xffffff0e,rsp=0xffffc9000000bc90,r8=0x346,r9=0xffff888000152000,r10=0x0,r11=0x0,r12=0x397,r13=0x0,r14=0x1f,r15=0xffff888007b1d668
=> 0xffffffff810cc974 <vgacon_set_cursor_size+145>:	mov    $0xa,%al
Regs: rax=0xffffff0a,rbx=0x1e,rcx=0x306,rdx=0x0,rsi=0x1e,rdi=0x1f,rbp=0xffffff0e,rsp=0xffffc9000000bc90,r8=0x346,r9=0xffff888000152000,r10=0x0,r11=0x0,r12=0x397,r13=0x0,r14=0x1f,r15=0xffff888007b1d668
=> 0xffffffff810cc976 <vgacon_set_cursor_size+147>:	or     %edx,%ebx
Regs: rax=0xffffff0a,rbx=0x1e,rcx=0x306,rdx=0x0,rsi=0x1e,rdi=0x1f,rbp=0xffffff0e,rsp=0xffffc9000000bc90,r8=0x346,r9=0xffff888000152000,r10=0x0,r11=0x0,r12=0x397,r13=0x0,r14=0x1f,r15=0xffff888007b1d668
=> 0xffffffff810cc978 <vgacon_set_cursor_size+149>:	or     %r13d,%r14d
Regs: rax=0xffffff0a,rbx=0x1e,rcx=0x306,rdx=0x0,rsi=0x1e,rdi=0x1f,rbp=0xffffff0e,rsp=0xffffc9000000bc90,r8=0x346,r9=0xffff888000152000,r10=0x0,r11=0x0,r12=0x397,r13=0x0,r14=0x1f,r15=0xffff888007b1d668
=> 0xffffffff810cc97b <vgacon_set_cursor_size+152>:	mov    0x7ec904(%rip),%dx        # 0xffffffff818b9286 <vga_video_port_reg>
Regs: rax=0xffffff0a,rbx=0x1e,rcx=0x306,rdx=0x3d4,rsi=0x1e,rdi=0x1f,rbp=0xffffff0e,rsp=0xffffc9000000bc90,r8=0x346,r9=0xffff888000152000,r10=0x0,r11=0x0,r12=0x397,r13=0x0,r14=0x1f,r15=0xffff888007b1d668
=> 0xffffffff810cc982 <vgacon_set_cursor_size+159>:	out    %al,(%dx)
Regs: rax=0xffffff0a,rbx=0x1e,rcx=0x306,rdx=0x3d4,rsi=0x1e,rdi=0x1f,rbp=0xffffff0e,rsp=0xffffc9000000bc90,r8=0x346,r9=0xffff888000152000,r10=0x0,r11=0x0,r12=0x397,r13=0x0,r14=0x1f,r15=0xffff888007b1d668
=> 0xffffffff810cc983 <vgacon_set_cursor_size+160>:	call   0xffffffff81012adf <native_io_delay>
Regs: rax=0xffffff0a,rbx=0x1e,rcx=0x306,rdx=0x3d4,rsi=0x1e,rdi=0x1f,rbp=0xffffff0e,rsp=0xffffc9000000bc88,r8=0x346,r9=0xffff888000152000,r10=0x0,r11=0x0,r12=0x397,r13=0x0,r14=0x1f,r15=0xffff888007b1d668
=> 0xffffffff81012adf <native_io_delay>:	mov    0x8a60e7(%rip),%eax        # 0xffffffff818b8bcc <io_delay_type>
Regs: rax=0x0,rbx=0x1e,rcx=0x306,rdx=0x3d4,rsi=0x1e,rdi=0x1f,rbp=0xffffff0e,rsp=0xffffc9000000bc88,r8=0x346,r9=0xffff888000152000,r10=0x0,r11=0x0,r12=0x397,r13=0x0,r14=0x1f,r15=0xffff888007b1d668
=> 0xffffffff81012ae5 <native_io_delay+6>:	cmp    $0x2,%eax
Regs: rax=0x0,rbx=0x1e,rcx=0x306,rdx=0x3d4,rsi=0x1e,rdi=0x1f,rbp=0xffffff0e,rsp=0xffffc9000000bc88,r8=0x346,r9=0xffff888000152000,r10=0x0,r11=0x0,r12=0x397,r13=0x0,r14=0x1f,r15=0xffff888007b1d668
=> 0xffffffff81012ae8 <native_io_delay+9>:	je     0xffffffff81012af9 <native_io_delay+26>
Regs: rax=0x0,rbx=0x1e,rcx=0x306,rdx=0x3d4,rsi=0x1e,rdi=0x1f,rbp=0xffffff0e,rsp=0xffffc9000000bc88,r8=0x346,r9=0xffff888000152000,r10=0x0,r11=0x0,r12=0x397,r13=0x0,r14=0x1f,r15=0xffff888007b1d668
=> 0xffffffff81012aea <native_io_delay+11>:	cmp    $0x3,%eax
Regs: rax=0x0,rbx=0x1e,rcx=0x306,rdx=0x3d4,rsi=0x1e,rdi=0x1f,rbp=0xffffff0e,rsp=0xffffc9000000bc88,r8=0x346,r9=0xffff888000152000,r10=0x0,r11=0x0,r12=0x397,r13=0x0,r14=0x1f,r15=0xffff888007b1d668
=> 0xffffffff81012aed <native_io_delay+14>:	je     0xffffffff81012b03 <native_io_delay+36>
Regs: rax=0x0,rbx=0x1e,rcx=0x306,rdx=0x3d4,rsi=0x1e,rdi=0x1f,rbp=0xffffff0e,rsp=0xffffc9000000bc88,r8=0x346,r9=0xffff888000152000,r10=0x0,r11=0x0,r12=0x397,r13=0x0,r14=0x1f,r15=0xffff888007b1d668
=> 0xffffffff81012aef <native_io_delay+16>:	dec    %eax
Regs: rax=0xffffffff,rbx=0x1e,rcx=0x306,rdx=0x3d4,rsi=0x1e,rdi=0x1f,rbp=0xffffff0e,rsp=0xffffc9000000bc88,r8=0x346,r9=0xffff888000152000,r10=0x0,r11=0x0,r12=0x397,r13=0x0,r14=0x1f,r15=0xffff888007b1d668
=> 0xffffffff81012af1 <native_io_delay+18>:	je     0xffffffff81012af6 <native_io_delay+23>
Regs: rax=0xffffffff,rbx=0x1e,rcx=0x306,rdx=0x3d4,rsi=0x1e,rdi=0x1f,rbp=0xffffff0e,rsp=0xffffc9000000bc88,r8=0x346,r9=0xffff888000152000,r10=0x0,r11=0x0,r12=0x397,r13=0x0,r14=0x1f,r15=0xffff888007b1d668
=> 0xffffffff81012af3 <native_io_delay+20>:	out    %al,$0x80
Regs: rax=0xffffffff,rbx=0x1e,rcx=0x306,rdx=0x3d4,rsi=0x1e,rdi=0x1f,rbp=0xffffff0e,rsp=0xffffc9000000bc88,r8=0x346,r9=0xffff888000152000,r10=0x0,r11=0x0,r12=0x397,r13=0x0,r14=0x1f,r15=0xffff888007b1d668
=> 0xffffffff81012af5 <native_io_delay+22>:	ret    
Regs: rax=0xffffffff,rbx=0x1e,rcx=0x306,rdx=0x3d4,rsi=0x1e,rdi=0x1f,rbp=0xffffff0e,rsp=0xffffc9000000bc90,r8=0x346,r9=0xffff888000152000,r10=0x0,r11=0x0,r12=0x397,r13=0x0,r14=0x1f,r15=0xffff888007b1d668
=> 0xffffffff810cc988 <vgacon_set_cursor_size+165>:	mov    0x7ec8f5(%rip),%dx        # 0xffffffff818b9284 <vga_video_port_val>
Regs: rax=0xffffffff,rbx=0x1e,rcx=0x306,rdx=0x3d5,rsi=0x1e,rdi=0x1f,rbp=0xffffff0e,rsp=0xffffc9000000bc90,r8=0x346,r9=0xffff888000152000,r10=0x0,r11=0x0,r12=0x397,r13=0x0,r14=0x1f,r15=0xffff888007b1d668
=> 0xffffffff810cc98f <vgacon_set_cursor_size+172>:	mov    %r14d,%eax
Regs: rax=0x1f,rbx=0x1e,rcx=0x306,rdx=0x3d5,rsi=0x1e,rdi=0x1f,rbp=0xffffff0e,rsp=0xffffc9000000bc90,r8=0x346,r9=0xffff888000152000,r10=0x0,r11=0x0,r12=0x397,r13=0x0,r14=0x1f,r15=0xffff888007b1d668
=> 0xffffffff810cc992 <vgacon_set_cursor_size+175>:	out    %al,(%dx)
Regs: rax=0x1f,rbx=0x1e,rcx=0x306,rdx=0x3d5,rsi=0x1e,rdi=0x1f,rbp=0xffffff0e,rsp=0xffffc9000000bc90,r8=0x346,r9=0xffff888000152000,r10=0x0,r11=0x0,r12=0x397,r13=0x0,r14=0x1f,r15=0xffff888007b1d668
=> 0xffffffff810cc993 <vgacon_set_cursor_size+176>:	call   0xffffffff81012adf <native_io_delay>
Regs: rax=0x1f,rbx=0x1e,rcx=0x306,rdx=0x3d5,rsi=0x1e,rdi=0x1f,rbp=0xffffff0e,rsp=0xffffc9000000bc88,r8=0x346,r9=0xffff888000152000,r10=0x0,r11=0x0,r12=0x397,r13=0x0,r14=0x1f,r15=0xffff888007b1d668
=> 0xffffffff81012adf <native_io_delay>:	mov    0x8a60e7(%rip),%eax        # 0xffffffff818b8bcc <io_delay_type>
Regs: rax=0x0,rbx=0x1e,rcx=0x306,rdx=0x3d5,rsi=0x1e,rdi=0x1f,rbp=0xffffff0e,rsp=0xffffc9000000bc88,r8=0x346,r9=0xffff888000152000,r10=0x0,r11=0x0,r12=0x397,r13=0x0,r14=0x1f,r15=0xffff888007b1d668
=> 0xffffffff81012ae5 <native_io_delay+6>:	cmp    $0x2,%eax
Regs: rax=0x0,rbx=0x1e,rcx=0x306,rdx=0x3d5,rsi=0x1e,rdi=0x1f,rbp=0xffffff0e,rsp=0xffffc9000000bc88,r8=0x346,r9=0xffff888000152000,r10=0x0,r11=0x0,r12=0x397,r13=0x0,r14=0x1f,r15=0xffff888007b1d668
=> 0xffffffff81012ae8 <native_io_delay+9>:	je     0xffffffff81012af9 <native_io_delay+26>
Regs: rax=0x0,rbx=0x1e,rcx=0x306,rdx=0x3d5,rsi=0x1e,rdi=0x1f,rbp=0xffffff0e,rsp=0xffffc9000000bc88,r8=0x346,r9=0xffff888000152000,r10=0x0,r11=0x0,r12=0x397,r13=0x0,r14=0x1f,r15=0xffff888007b1d668
=> 0xffffffff81012aea <native_io_delay+11>:	cmp    $0x3,%eax
Regs: rax=0x0,rbx=0x1e,rcx=0x306,rdx=0x3d5,rsi=0x1e,rdi=0x1f,rbp=0xffffff0e,rsp=0xffffc9000000bc88,r8=0x346,r9=0xffff888000152000,r10=0x0,r11=0x0,r12=0x397,r13=0x0,r14=0x1f,r15=0xffff888007b1d668
=> 0xffffffff81012aed <native_io_delay+14>:	je     0xffffffff81012b03 <native_io_delay+36>
Regs: rax=0x0,rbx=0x1e,rcx=0x306,rdx=0x3d5,rsi=0x1e,rdi=0x1f,rbp=0xffffff0e,rsp=0xffffc9000000bc88,r8=0x346,r9=0xffff888000152000,r10=0x0,r11=0x0,r12=0x397,r13=0x0,r14=0x1f,r15=0xffff888007b1d668
=> 0xffffffff81012aef <native_io_delay+16>:	dec    %eax
Regs: rax=0xffffffff,rbx=0x1e,rcx=0x306,rdx=0x3d5,rsi=0x1e,rdi=0x1f,rbp=0xffffff0e,rsp=0xffffc9000000bc88,r8=0x346,r9=0xffff888000152000,r10=0x0,r11=0x0,r12=0x397,r13=0x0,r14=0x1f,r15=0xffff888007b1d668
=> 0xffffffff81012af1 <native_io_delay+18>:	je     0xffffffff81012af6 <native_io_delay+23>
Regs: rax=0xffffffff,rbx=0x1e,rcx=0x306,rdx=0x3d5,rsi=0x1e,rdi=0x1f,rbp=0xffffff0e,rsp=0xffffc9000000bc88,r8=0x346,r9=0xffff888000152000,r10=0x0,r11=0x0,r12=0x397,r13=0x0,r14=0x1f,r15=0xffff888007b1d668
=> 0xffffffff81012af3 <native_io_delay+20>:	out    %al,$0x80
Regs: rax=0xffffffff,rbx=0x1e,rcx=0x306,rdx=0x3d5,rsi=0x1e,rdi=0x1f,rbp=0xffffff0e,rsp=0xffffc9000000bc88,r8=0x346,r9=0xffff888000152000,r10=0x0,r11=0x0,r12=0x397,r13=0x0,r14=0x1f,r15=0xffff888007b1d668
=> 0xffffffff81012af5 <native_io_delay+22>:	ret    
Regs: rax=0xffffffff,rbx=0x1e,rcx=0x306,rdx=0x3d5,rsi=0x1e,rdi=0x1f,rbp=0xffffff0e,rsp=0xffffc9000000bc90,r8=0x346,r9=0xffff888000152000,r10=0x0,r11=0x0,r12=0x397,r13=0x0,r14=0x1f,r15=0xffff888007b1d668
=> 0xffffffff810cc998 <vgacon_set_cursor_size+181>:	mov    0x7ec8e7(%rip),%dx        # 0xffffffff818b9286 <vga_video_port_reg>
Regs: rax=0xffffffff,rbx=0x1e,rcx=0x306,rdx=0x3d4,rsi=0x1e,rdi=0x1f,rbp=0xffffff0e,rsp=0xffffc9000000bc90,r8=0x346,r9=0xffff888000152000,r10=0x0,r11=0x0,r12=0x397,r13=0x0,r14=0x1f,r15=0xffff888007b1d668
=> 0xffffffff810cc99f <vgacon_set_cursor_size+188>:	mov    $0xb,%al
Regs: rax=0xffffff0b,rbx=0x1e,rcx=0x306,rdx=0x3d4,rsi=0x1e,rdi=0x1f,rbp=0xffffff0e,rsp=0xffffc9000000bc90,r8=0x346,r9=0xffff888000152000,r10=0x0,r11=0x0,r12=0x397,r13=0x0,r14=0x1f,r15=0xffff888007b1d668
=> 0xffffffff810cc9a1 <vgacon_set_cursor_size+190>:	out    %al,(%dx)
Regs: rax=0xffffff0b,rbx=0x1e,rcx=0x306,rdx=0x3d4,rsi=0x1e,rdi=0x1f,rbp=0xffffff0e,rsp=0xffffc9000000bc90,r8=0x346,r9=0xffff888000152000,r10=0x0,r11=0x0,r12=0x397,r13=0x0,r14=0x1f,r15=0xffff888007b1d668
=> 0xffffffff810cc9a2 <vgacon_set_cursor_size+191>:	call   0xffffffff81012adf <native_io_delay>
Regs: rax=0xffffff0b,rbx=0x1e,rcx=0x306,rdx=0x3d4,rsi=0x1e,rdi=0x1f,rbp=0xffffff0e,rsp=0xffffc9000000bc88,r8=0x346,r9=0xffff888000152000,r10=0x0,r11=0x0,r12=0x397,r13=0x0,r14=0x1f,r15=0xffff888007b1d668
=> 0xffffffff81012adf <native_io_delay>:	mov    0x8a60e7(%rip),%eax        # 0xffffffff818b8bcc <io_delay_type>
Regs: rax=0x0,rbx=0x1e,rcx=0x306,rdx=0x3d4,rsi=0x1e,rdi=0x1f,rbp=0xffffff0e,rsp=0xffffc9000000bc88,r8=0x346,r9=0xffff888000152000,r10=0x0,r11=0x0,r12=0x397,r13=0x0,r14=0x1f,r15=0xffff888007b1d668
=> 0xffffffff81012ae5 <native_io_delay+6>:	cmp    $0x2,%eax
Regs: rax=0x0,rbx=0x1e,rcx=0x306,rdx=0x3d4,rsi=0x1e,rdi=0x1f,rbp=0xffffff0e,rsp=0xffffc9000000bc88,r8=0x346,r9=0xffff888000152000,r10=0x0,r11=0x0,r12=0x397,r13=0x0,r14=0x1f,r15=0xffff888007b1d668
=> 0xffffffff81012ae8 <native_io_delay+9>:	je     0xffffffff81012af9 <native_io_delay+26>
Regs: rax=0x0,rbx=0x1e,rcx=0x306,rdx=0x3d4,rsi=0x1e,rdi=0x1f,rbp=0xffffff0e,rsp=0xffffc9000000bc88,r8=0x346,r9=0xffff888000152000,r10=0x0,r11=0x0,r12=0x397,r13=0x0,r14=0x1f,r15=0xffff888007b1d668
=> 0xffffffff81012aea <native_io_delay+11>:	cmp    $0x3,%eax
Regs: rax=0x0,rbx=0x1e,rcx=0x306,rdx=0x3d4,rsi=0x1e,rdi=0x1f,rbp=0xffffff0e,rsp=0xffffc9000000bc88,r8=0x346,r9=0xffff888000152000,r10=0x0,r11=0x0,r12=0x397,r13=0x0,r14=0x1f,r15=0xffff888007b1d668
=> 0xffffffff81012aed <native_io_delay+14>:	je     0xffffffff81012b03 <native_io_delay+36>
Regs: rax=0x0,rbx=0x1e,rcx=0x306,rdx=0x3d4,rsi=0x1e,rdi=0x1f,rbp=0xffffff0e,rsp=0xffffc9000000bc88,r8=0x346,r9=0xffff888000152000,r10=0x0,r11=0x0,r12=0x397,r13=0x0,r14=0x1f,r15=0xffff888007b1d668
=> 0xffffffff81012aef <native_io_delay+16>:	dec    %eax
Regs: rax=0xffffffff,rbx=0x1e,rcx=0x306,rdx=0x3d4,rsi=0x1e,rdi=0x1f,rbp=0xffffff0e,rsp=0xffffc9000000bc88,r8=0x346,r9=0xffff888000152000,r10=0x0,r11=0x0,r12=0x397,r13=0x0,r14=0x1f,r15=0xffff888007b1d668
=> 0xffffffff81012af1 <native_io_delay+18>:	je     0xffffffff81012af6 <native_io_delay+23>
Regs: rax=0xffffffff,rbx=0x1e,rcx=0x306,rdx=0x3d4,rsi=0x1e,rdi=0x1f,rbp=0xffffff0e,rsp=0xffffc9000000bc88,r8=0x346,r9=0xffff888000152000,r10=0x0,r11=0x0,r12=0x397,r13=0x0,r14=0x1f,r15=0xffff888007b1d668
=> 0xffffffff81012af3 <native_io_delay+20>:	out    %al,$0x80
Regs: rax=0xffffffff,rbx=0x1e,rcx=0x306,rdx=0x3d4,rsi=0x1e,rdi=0x1f,rbp=0xffffff0e,rsp=0xffffc9000000bc88,r8=0x346,r9=0xffff888000152000,r10=0x0,r11=0x0,r12=0x397,r13=0x0,r14=0x1f,r15=0xffff888007b1d668
=> 0xffffffff81012af5 <native_io_delay+22>:	ret    
Regs: rax=0xffffffff,rbx=0x1e,rcx=0x306,rdx=0x3d4,rsi=0x1e,rdi=0x1f,rbp=0xffffff0e,rsp=0xffffc9000000bc90,r8=0x346,r9=0xffff888000152000,r10=0x0,r11=0x0,r12=0x397,r13=0x0,r14=0x1f,r15=0xffff888007b1d668
=> 0xffffffff810cc9a7 <vgacon_set_cursor_size+196>:	mov    0x7ec8d6(%rip),%dx        # 0xffffffff818b9284 <vga_video_port_val>
Regs: rax=0xffffffff,rbx=0x1e,rcx=0x306,rdx=0x3d5,rsi=0x1e,rdi=0x1f,rbp=0xffffff0e,rsp=0xffffc9000000bc90,r8=0x346,r9=0xffff888000152000,r10=0x0,r11=0x0,r12=0x397,r13=0x0,r14=0x1f,r15=0xffff888007b1d668
=> 0xffffffff810cc9ae <vgacon_set_cursor_size+203>:	mov    %ebx,%eax
Regs: rax=0x1e,rbx=0x1e,rcx=0x306,rdx=0x3d5,rsi=0x1e,rdi=0x1f,rbp=0xffffff0e,rsp=0xffffc9000000bc90,r8=0x346,r9=0xffff888000152000,r10=0x0,r11=0x0,r12=0x397,r13=0x0,r14=0x1f,r15=0xffff888007b1d668
=> 0xffffffff810cc9b0 <vgacon_set_cursor_size+205>:	out    %al,(%dx)
Regs: rax=0x1e,rbx=0x1e,rcx=0x306,rdx=0x3d5,rsi=0x1e,rdi=0x1f,rbp=0xffffff0e,rsp=0xffffc9000000bc90,r8=0x346,r9=0xffff888000152000,r10=0x0,r11=0x0,r12=0x397,r13=0x0,r14=0x1f,r15=0xffff888007b1d668
=> 0xffffffff810cc9b1 <vgacon_set_cursor_size+206>:	call   0xffffffff81012adf <native_io_delay>
Regs: rax=0x1e,rbx=0x1e,rcx=0x306,rdx=0x3d5,rsi=0x1e,rdi=0x1f,rbp=0xffffff0e,rsp=0xffffc9000000bc88,r8=0x346,r9=0xffff888000152000,r10=0x0,r11=0x0,r12=0x397,r13=0x0,r14=0x1f,r15=0xffff888007b1d668
=> 0xffffffff81012adf <native_io_delay>:	mov    0x8a60e7(%rip),%eax        # 0xffffffff818b8bcc <io_delay_type>
Regs: rax=0x0,rbx=0x1e,rcx=0x306,rdx=0x3d5,rsi=0x1e,rdi=0x1f,rbp=0xffffff0e,rsp=0xffffc9000000bc88,r8=0x346,r9=0xffff888000152000,r10=0x0,r11=0x0,r12=0x397,r13=0x0,r14=0x1f,r15=0xffff888007b1d668
=> 0xffffffff81012ae5 <native_io_delay+6>:	cmp    $0x2,%eax
Regs: rax=0x0,rbx=0x1e,rcx=0x306,rdx=0x3d5,rsi=0x1e,rdi=0x1f,rbp=0xffffff0e,rsp=0xffffc9000000bc88,r8=0x346,r9=0xffff888000152000,r10=0x0,r11=0x0,r12=0x397,r13=0x0,r14=0x1f,r15=0xffff888007b1d668
=> 0xffffffff81012ae8 <native_io_delay+9>:	je     0xffffffff81012af9 <native_io_delay+26>
Regs: rax=0x0,rbx=0x1e,rcx=0x306,rdx=0x3d5,rsi=0x1e,rdi=0x1f,rbp=0xffffff0e,rsp=0xffffc9000000bc88,r8=0x346,r9=0xffff888000152000,r10=0x0,r11=0x0,r12=0x397,r13=0x0,r14=0x1f,r15=0xffff888007b1d668
=> 0xffffffff81012aea <native_io_delay+11>:	cmp    $0x3,%eax
Regs: rax=0x0,rbx=0x1e,rcx=0x306,rdx=0x3d5,rsi=0x1e,rdi=0x1f,rbp=0xffffff0e,rsp=0xffffc9000000bc88,r8=0x346,r9=0xffff888000152000,r10=0x0,r11=0x0,r12=0x397,r13=0x0,r14=0x1f,r15=0xffff888007b1d668
=> 0xffffffff81012aed <native_io_delay+14>:	je     0xffffffff81012b03 <native_io_delay+36>
Regs: rax=0x0,rbx=0x1e,rcx=0x306,rdx=0x3d5,rsi=0x1e,rdi=0x1f,rbp=0xffffff0e,rsp=0xffffc9000000bc88,r8=0x346,r9=0xffff888000152000,r10=0x0,r11=0x0,r12=0x397,r13=0x0,r14=0x1f,r15=0xffff888007b1d668
=> 0xffffffff81012aef <native_io_delay+16>:	dec    %eax
Regs: rax=0xffffffff,rbx=0x1e,rcx=0x306,rdx=0x3d5,rsi=0x1e,rdi=0x1f,rbp=0xffffff0e,rsp=0xffffc9000000bc88,r8=0x346,r9=0xffff888000152000,r10=0x0,r11=0x0,r12=0x397,r13=0x0,r14=0x1f,r15=0xffff888007b1d668
=> 0xffffffff81012af1 <native_io_delay+18>:	je     0xffffffff81012af6 <native_io_delay+23>
Regs: rax=0xffffffff,rbx=0x1e,rcx=0x306,rdx=0x3d5,rsi=0x1e,rdi=0x1f,rbp=0xffffff0e,rsp=0xffffc9000000bc88,r8=0x346,r9=0xffff888000152000,r10=0x0,r11=0x0,r12=0x397,r13=0x0,r14=0x1f,r15=0xffff888007b1d668
=> 0xffffffff81012af3 <native_io_delay+20>:	out    %al,$0x80
Regs: rax=0xffffffff,rbx=0x1e,rcx=0x306,rdx=0x3d5,rsi=0x1e,rdi=0x1f,rbp=0xffffff0e,rsp=0xffffc9000000bc88,r8=0x346,r9=0xffff888000152000,r10=0x0,r11=0x0,r12=0x397,r13=0x0,r14=0x1f,r15=0xffff888007b1d668
=> 0xffffffff81012af5 <native_io_delay+22>:	ret    
Regs: rax=0xffffffff,rbx=0x1e,rcx=0x306,rdx=0x3d5,rsi=0x1e,rdi=0x1f,rbp=0xffffff0e,rsp=0xffffc9000000bc90,r8=0x346,r9=0xffff888000152000,r10=0x0,r11=0x0,r12=0x397,r13=0x0,r14=0x1f,r15=0xffff888007b1d668
=> 0xffffffff810cc9b6 <vgacon_set_cursor_size+211>:	bt     $0x9,%r12d
Regs: rax=0xffffffff,rbx=0x1e,rcx=0x306,rdx=0x3d5,rsi=0x1e,rdi=0x1f,rbp=0xffffff0e,rsp=0xffffc9000000bc90,r8=0x346,r9=0xffff888000152000,r10=0x0,r11=0x0,r12=0x397,r13=0x0,r14=0x1f,r15=0xffff888007b1d668
=> 0xffffffff810cc9bb <vgacon_set_cursor_size+216>:	jae    0xffffffff810cc9be <vgacon_set_cursor_size+219>
Regs: rax=0xffffffff,rbx=0x1e,rcx=0x306,rdx=0x3d5,rsi=0x1e,rdi=0x1f,rbp=0xffffff0e,rsp=0xffffc9000000bc90,r8=0x346,r9=0xffff888000152000,r10=0x0,r11=0x0,r12=0x397,r13=0x0,r14=0x1f,r15=0xffff888007b1d668
=> 0xffffffff810cc9bd <vgacon_set_cursor_size+218>:	sti    
Regs: rax=0xffffffff,rbx=0x1e,rcx=0x306,rdx=0x3d5,rsi=0x1e,rdi=0x1f,rbp=0xffffff0e,rsp=0xffffc9000000bc90,r8=0x346,r9=0xffff888000152000,r10=0x0,r11=0x0,r12=0x397,r13=0x0,r14=0x1f,r15=0xffff888007b1d668
=> 0xffffffff810cc9be <vgacon_set_cursor_size+219>:	pop    %rbx
Regs: rax=0xffffffff,rbx=0xffff888000143638,rcx=0x306,rdx=0x3d5,rsi=0x1e,rdi=0x1f,rbp=0xffffff0e,rsp=0xffffc9000000bc98,r8=0x346,r9=0xffff888000152000,r10=0x0,r11=0x0,r12=0x397,r13=0x0,r14=0x1f,r15=0xffff888007b1d668
=> 0xffffffff810cc9bf <vgacon_set_cursor_size+220>:	pop    %rbp
Regs: rax=0xffffffff,rbx=0xffff888000143638,rcx=0x306,rdx=0x3d5,rsi=0x1e,rdi=0x1f,rbp=0xffff888007b1d668,rsp=0xffffc9000000bca0,r8=0x346,r9=0xffff888000152000,r10=0x0,r11=0x0,r12=0x397,r13=0x0,r14=0x1f,r15=0xffff888007b1d668
=> 0xffffffff810cc9c0 <vgacon_set_cursor_size+221>:	pop    %r12
Regs: rax=0xffffffff,rbx=0xffff888000143638,rcx=0x306,rdx=0x3d5,rsi=0x1e,rdi=0x1f,rbp=0xffff888007b1d668,rsp=0xffffc9000000bca8,r8=0x346,r9=0xffff888000152000,r10=0x0,r11=0x0,r12=0x1,r13=0x0,r14=0x1f,r15=0xffff888007b1d668
=> 0xffffffff810cc9c2 <vgacon_set_cursor_size+223>:	pop    %r13
Regs: rax=0xffffffff,rbx=0xffff888000143638,rcx=0x306,rdx=0x3d5,rsi=0x1e,rdi=0x1f,rbp=0xffff888007b1d668,rsp=0xffffc9000000bcb0,r8=0x346,r9=0xffff888000152000,r10=0x0,r11=0x0,r12=0x1,r13=0xffff888000143638,r14=0x1f,r15=0xffff888007b1d668
=> 0xffffffff810cc9c4 <vgacon_set_cursor_size+225>:	pop    %r14
Regs: rax=0xffffffff,rbx=0xffff888000143638,rcx=0x306,rdx=0x3d5,rsi=0x1e,rdi=0x1f,rbp=0xffff888007b1d668,rsp=0xffffc9000000bcb8,r8=0x346,r9=0xffff888000152000,r10=0x0,r11=0x0,r12=0x1,r13=0xffff888000143638,r14=0xffffc90000075000,r15=0xffff888007b1d668
=> 0xffffffff810cc9c6 <vgacon_set_cursor_size+227>:	ret    
Regs: rax=0xffffffff,rbx=0xffff888000143638,rcx=0x306,rdx=0x3d5,rsi=0x1e,rdi=0x1f,rbp=0xffff888007b1d668,rsp=0xffffc9000000bcc0,r8=0x346,r9=0xffff888000152000,r10=0x0,r11=0x0,r12=0x1,r13=0xffff888000143638,r14=0xffffc90000075000,r15=0xffff888007b1d668
=> 0xffffffff810dce8f <hide_cursor+36>:	mov    0x7d2fbb(%rip),%eax        # 0xffffffff818afe50 <softcursor_original>
Regs: rax=0xffffffff,rbx=0xffff888000143638,rcx=0x306,rdx=0x3d5,rsi=0x1e,rdi=0x1f,rbp=0xffff888007b1d668,rsp=0xffffc9000000bcc0,r8=0x346,r9=0xffff888000152000,r10=0x0,r11=0x0,r12=0x1,r13=0xffff888000143638,r14=0xffffc90000075000,r15=0xffff888007b1d668
=> 0xffffffff810dce95 <hide_cursor+42>:	cmp    $0xffffffff,%eax
Regs: rax=0xffffffff,rbx=0xffff888000143638,rcx=0x306,rdx=0x3d5,rsi=0x1e,rdi=0x1f,rbp=0xffff888007b1d668,rsp=0xffffc9000000bcc0,r8=0x346,r9=0xffff888000152000,r10=0x0,r11=0x0,r12=0x1,r13=0xffff888000143638,r14=0xffffc90000075000,r15=0xffff888007b1d668
=> 0xffffffff810dce98 <hide_cursor+45>:	je     0xffffffff810dced9 <hide_cursor+110>
Regs: rax=0xffffffff,rbx=0xffff888000143638,rcx=0x306,rdx=0x3d5,rsi=0x1e,rdi=0x1f,rbp=0xffff888007b1d668,rsp=0xffffc9000000bcc0,r8=0x346,r9=0xffff888000152000,r10=0x0,r11=0x0,r12=0x1,r13=0xffff888000143638,r14=0xffffc90000075000,r15=0xffff888007b1d668
=> 0xffffffff810dced9 <hide_cursor+110>:	pop    %rbx
Regs: rax=0xffffffff,rbx=0x1,rcx=0x306,rdx=0x3d5,rsi=0x1e,rdi=0x1f,rbp=0xffff888007b1d668,rsp=0xffffc9000000bcc8,r8=0x346,r9=0xffff888000152000,r10=0x0,r11=0x0,r12=0x1,r13=0xffff888000143638,r14=0xffffc90000075000,r15=0xffff888007b1d668
=> 0xffffffff810dceda <hide_cursor+111>:	ret    
Regs: rax=0xffffffff,rbx=0x1,rcx=0x306,rdx=0x3d5,rsi=0x1e,rdi=0x1f,rbp=0xffff888007b1d668,rsp=0xffffc9000000bcd0,r8=0x346,r9=0xffff888000152000,r10=0x0,r11=0x0,r12=0x1,r13=0xffff888000143638,r14=0xffffc90000075000,r15=0xffff888007b1d668
=> 0xffffffff810df287 <do_con_write+194>:	xor    %r10d,%r10d
Regs: rax=0xffffffff,rbx=0x1,rcx=0x306,rdx=0x3d5,rsi=0x1e,rdi=0x1f,rbp=0xffff888007b1d668,rsp=0xffffc9000000bcd0,r8=0x346,r9=0xffff888000152000,r10=0x0,r11=0x0,r12=0x1,r13=0xffff888000143638,r14=0xffffc90000075000,r15=0xffff888007b1d668
=> 0xffffffff810df28a <do_con_write+197>:	mov    %r13,0x28(%rsp)
Regs: rax=0xffffffff,rbx=0x1,rcx=0x306,rdx=0x3d5,rsi=0x1e,rdi=0x1f,rbp=0xffff888007b1d668,rsp=0xffffc9000000bcd0,r8=0x346,r9=0xffff888000152000,r10=0x0,r11=0x0,r12=0x1,r13=0xffff888000143638,r14=0xffffc90000075000,r15=0xffff888007b1d668
=> 0xffffffff810df28f <do_con_write+202>:	mov    %r10,0x8(%rsp)
Regs: rax=0xffffffff,rbx=0x1,rcx=0x306,rdx=0x3d5,rsi=0x1e,rdi=0x1f,rbp=0xffff888007b1d668,rsp=0xffffc9000000bcd0,r8=0x346,r9=0xffff888000152000,r10=0x0,r11=0x0,r12=0x1,r13=0xffff888000143638,r14=0xffffc90000075000,r15=0xffff888007b1d668
=> 0xffffffff810df294 <do_con_write+207>:	mov    0x190(%r15),%al
Regs: rax=0xffffff00,rbx=0x1,rcx=0x306,rdx=0x3d5,rsi=0x1e,rdi=0x1f,rbp=0xffff888007b1d668,rsp=0xffffc9000000bcd0,r8=0x346,r9=0xffff888000152000,r10=0x0,r11=0x0,r12=0x1,r13=0xffff888000143638,r14=0xffffc90000075000,r15=0xffff888007b1d668
=> 0xffffffff810df29b <do_con_write+214>:	mov    0x8(%rsp),%ebx
Regs: rax=0xffffff00,rbx=0x0,rcx=0x306,rdx=0x3d5,rsi=0x1e,rdi=0x1f,rbp=0xffff888007b1d668,rsp=0xffffc9000000bcd0,r8=0x346,r9=0xffff888000152000,r10=0x0,r11=0x0,r12=0x1,r13=0xffff888000143638,r14=0xffffc90000075000,r15=0xffff888007b1d668
=> 0xffffffff810df29f <do_con_write+218>:	xor    $0x1,%eax
Regs: rax=0xffffff01,rbx=0x0,rcx=0x306,rdx=0x3d5,rsi=0x1e,rdi=0x1f,rbp=0xffff888007b1d668,rsp=0xffffc9000000bcd0,r8=0x346,r9=0xffff888000152000,r10=0x0,r11=0x0,r12=0x1,r13=0xffff888000143638,r14=0xffffc90000075000,r15=0xffff888007b1d668
=> 0xffffffff810df2a2 <do_con_write+221>:	cmp    %ebx,0x14(%rsp)
Regs: rax=0xffffff01,rbx=0x0,rcx=0x306,rdx=0x3d5,rsi=0x1e,rdi=0x1f,rbp=0xffff888007b1d668,rsp=0xffffc9000000bcd0,r8=0x346,r9=0xffff888000152000,r10=0x0,r11=0x0,r12=0x1,r13=0xffff888000143638,r14=0xffffc90000075000,r15=0xffff888007b1d668
=> 0xffffffff810df2a6 <do_con_write+225>:	setne  %dl
Regs: rax=0xffffff01,rbx=0x0,rcx=0x306,rdx=0x301,rsi=0x1e,rdi=0x1f,rbp=0xffff888007b1d668,rsp=0xffffc9000000bcd0,r8=0x346,r9=0xffff888000152000,r10=0x0,r11=0x0,r12=0x1,r13=0xffff888000143638,r14=0xffffc90000075000,r15=0xffff888007b1d668
=> 0xffffffff810df2a9 <do_con_write+228>:	and    %dl,%al
Regs: rax=0xffffff01,rbx=0x0,rcx=0x306,rdx=0x301,rsi=0x1e,rdi=0x1f,rbp=0xffff888007b1d668,rsp=0xffffc9000000bcd0,r8=0x346,r9=0xffff888000152000,r10=0x0,r11=0x0,r12=0x1,r13=0xffff888000143638,r14=0xffffc90000075000,r15=0xffff888007b1d668
=> 0xffffffff810df2ab <do_con_write+230>:	mov    %al,0x23(%rsp)
Regs: rax=0xffffff01,rbx=0x0,rcx=0x306,rdx=0x301,rsi=0x1e,rdi=0x1f,rbp=0xffff888007b1d668,rsp=0xffffc9000000bcd0,r8=0x346,r9=0xffff888000152000,r10=0x0,r11=0x0,r12=0x1,r13=0xffff888000143638,r14=0xffffc90000075000,r15=0xffff888007b1d668
=> 0xffffffff810df2af <do_con_write+234>:	je     0xffffffff810df877 <do_con_write+1714>
Regs: rax=0xffffff01,rbx=0x0,rcx=0x306,rdx=0x301,rsi=0x1e,rdi=0x1f,rbp=0xffff888007b1d668,rsp=0xffffc9000000bcd0,r8=0x346,r9=0xffff888000152000,r10=0x0,r11=0x0,r12=0x1,r13=0xffff888000143638,r14=0xffffc90000075000,r15=0xffff888007b1d668
=> 0xffffffff810df2b5 <do_con_write+240>:	mov    0x18(%rsp),%rax
Regs: rax=0xffff88800752fc00,rbx=0x0,rcx=0x306,rdx=0x301,rsi=0x1e,rdi=0x1f,rbp=0xffff888007b1d668,rsp=0xffffc9000000bcd0,r8=0x346,r9=0xffff888000152000,r10=0x0,r11=0x0,r12=0x1,r13=0xffff888000143638,r14=0xffffc90000075000,r15=0xffff888007b1d668
=> 0xffffffff810df2ba <do_con_write+245>:	mov    0x8(%rsp),%rcx
Regs: rax=0xffff88800752fc00,rbx=0x0,rcx=0x0,rdx=0x301,rsi=0x1e,rdi=0x1f,rbp=0xffff888007b1d668,rsp=0xffffc9000000bcd0,r8=0x346,r9=0xffff888000152000,r10=0x0,r11=0x0,r12=0x1,r13=0xffff888000143638,r14=0xffffc90000075000,r15=0xffff888007b1d668
=> 0xffffffff810df2bf <do_con_write+250>:	movzbl (%rax,%rcx,1),%eax
Regs: rax=0x6c,rbx=0x0,rcx=0x0,rdx=0x301,rsi=0x1e,rdi=0x1f,rbp=0xffff888007b1d668,rsp=0xffffc9000000bcd0,r8=0x346,r9=0xffff888000152000,r10=0x0,r11=0x0,r12=0x1,r13=0xffff888000143638,r14=0xffffc90000075000,r15=0xffff888007b1d668
=> 0xffffffff810df2c3 <do_con_write+254>:	mov    %eax,0x4(%rsp)
Regs: rax=0x6c,rbx=0x0,rcx=0x0,rdx=0x301,rsi=0x1e,rdi=0x1f,rbp=0xffff888007b1d668,rsp=0xffffc9000000bcd0,r8=0x346,r9=0xffff888000152000,r10=0x0,r11=0x0,r12=0x1,r13=0xffff888000143638,r14=0xffffc90000075000,r15=0xffff888007b1d668
=> 0xffffffff810df2c7 <do_con_write+258>:	mov    %eax,%ebx
Regs: rax=0x6c,rbx=0x6c,rcx=0x0,rdx=0x301,rsi=0x1e,rdi=0x1f,rbp=0xffff888007b1d668,rsp=0xffffc9000000bcd0,r8=0x346,r9=0xffff888000152000,r10=0x0,r11=0x0,r12=0x1,r13=0xffff888000143638,r14=0xffffc90000075000,r15=0xffff888007b1d668
=> 0xffffffff810df2c9 <do_con_write+260>:	cmpl   $0x0,0x1fc(%r13)
Regs: rax=0x6c,rbx=0x6c,rcx=0x0,rdx=0x301,rsi=0x1e,rdi=0x1f,rbp=0xffff888007b1d668,rsp=0xffffc9000000bcd0,r8=0x346,r9=0xffff888000152000,r10=0x0,r11=0x0,r12=0x1,r13=0xffff888000143638,r14=0xffffc90000075000,r15=0xffff888007b1d668
=> 0xffffffff810df2d1 <do_con_write+268>:	jne    0xffffffff810df4a3 <do_con_write+734>
Regs: rax=0x6c,rbx=0x6c,rcx=0x0,rdx=0x301,rsi=0x1e,rdi=0x1f,rbp=0xffff888007b1d668,rsp=0xffffc9000000bcd0,r8=0x346,r9=0xffff888000152000,r10=0x0,r11=0x0,r12=0x1,r13=0xffff888000143638,r14=0xffffc90000075000,r15=0xffff888007b1d668
=> 0xffffffff810df2d7 <do_con_write+274>:	mov    0x270(%r13),%eax
Regs: rax=0x4830,rbx=0x6c,rcx=0x0,rdx=0x301,rsi=0x1e,rdi=0x1f,rbp=0xffff888007b1d668,rsp=0xffffc9000000bcd0,r8=0x346,r9=0xffff888000152000,r10=0x0,r11=0x0,r12=0x1,r13=0xffff888000143638,r14=0xffffc90000075000,r15=0xffff888007b1d668
=> 0xffffffff810df2de <do_con_write+281>:	and    $0x4001,%ax
Regs: rax=0x4000,rbx=0x6c,rcx=0x0,rdx=0x301,rsi=0x1e,rdi=0x1f,rbp=0xffff888007b1d668,rsp=0xffffc9000000bcd0,r8=0x346,r9=0xffff888000152000,r10=0x0,r11=0x0,r12=0x1,r13=0xffff888000143638,r14=0xffffc90000075000,r15=0xffff888007b1d668
=> 0xffffffff810df2e2 <do_con_write+285>:	cmp    $0x4000,%ax
Regs: rax=0x4000,rbx=0x6c,rcx=0x0,rdx=0x301,rsi=0x1e,rdi=0x1f,rbp=0xffff888007b1d668,rsp=0xffffc9000000bcd0,r8=0x346,r9=0xffff888000152000,r10=0x0,r11=0x0,r12=0x1,r13=0xffff888000143638,r14=0xffffc90000075000,r15=0xffff888007b1d668
=> 0xffffffff810df2e6 <do_con_write+289>:	jne    0xffffffff810df46a <do_con_write+677>
Regs: rax=0x4000,rbx=0x6c,rcx=0x0,rdx=0x301,rsi=0x1e,rdi=0x1f,rbp=0xffff888007b1d668,rsp=0xffffc9000000bcd0,r8=0x346,r9=0xffff888000152000,r10=0x0,r11=0x0,r12=0x1,r13=0xffff888000143638,r14=0xffffc90000075000,r15=0xffff888007b1d668
=> 0xffffffff810df2ec <do_con_write+295>:	mov    %ebx,%edx
Regs: rax=0x4000,rbx=0x6c,rcx=0x0,rdx=0x6c,rsi=0x1e,rdi=0x1f,rbp=0xffff888007b1d668,rsp=0xffffc9000000bcd0,r8=0x346,r9=0xffff888000152000,r10=0x0,r11=0x0,r12=0x1,r13=0xffff888000143638,r14=0xffffc90000075000,r15=0xffff888007b1d668
=> 0xffffffff810df2ee <do_con_write+297>:	mov    0x272(%r13),%al
Regs: rax=0x4000,rbx=0x6c,rcx=0x0,rdx=0x6c,rsi=0x1e,rdi=0x1f,rbp=0xffff888007b1d668,rsp=0xffffc9000000bcd0,r8=0x346,r9=0xffff888000152000,r10=0x0,r11=0x0,r12=0x1,r13=0xffff888000143638,r14=0xffffc90000075000,r15=0xffff888007b1d668
=> 0xffffffff810df2f5 <do_con_write+304>:	and    $0xffffffc0,%edx
Regs: rax=0x4000,rbx=0x6c,rcx=0x0,rdx=0x40,rsi=0x1e,rdi=0x1f,rbp=0xffff888007b1d668,rsp=0xffffc9000000bcd0,r8=0x346,r9=0xffff888000152000,r10=0x0,r11=0x0,r12=0x1,r13=0xffff888000143638,r14=0xffffc90000075000,r15=0xffff888007b1d668
=> 0xffffffff810df2f8 <do_con_write+307>:	cmp    $0x80,%dl
Regs: rax=0x4000,rbx=0x6c,rcx=0x0,rdx=0x40,rsi=0x1e,rdi=0x1f,rbp=0xffff888007b1d668,rsp=0xffffc9000000bcd0,r8=0x346,r9=0xffff888000152000,r10=0x0,r11=0x0,r12=0x1,r13=0xffff888000143638,r14=0xffffc90000075000,r15=0xffff888007b1d668
=> 0xffffffff810df2fb <do_con_write+310>:	jne    0xffffffff810df38c <do_con_write+455>
Regs: rax=0x4000,rbx=0x6c,rcx=0x0,rdx=0x40,rsi=0x1e,rdi=0x1f,rbp=0xffff888007b1d668,rsp=0xffffc9000000bcd0,r8=0x346,r9=0xffff888000152000,r10=0x0,r11=0x0,r12=0x1,r13=0xffff888000143638,r14=0xffffc90000075000,r15=0xffff888007b1d668
=> 0xffffffff810df38c <do_con_write+455>:	test   %al,%al
Regs: rax=0x4000,rbx=0x6c,rcx=0x0,rdx=0x40,rsi=0x1e,rdi=0x1f,rbp=0xffff888007b1d668,rsp=0xffffc9000000bcd0,r8=0x346,r9=0xffff888000152000,r10=0x0,r11=0x0,r12=0x1,r13=0xffff888000143638,r14=0xffffc90000075000,r15=0xffff888007b1d668
=> 0xffffffff810df38e <do_con_write+457>:	je     0xffffffff810df3b1 <do_con_write+492>
Regs: rax=0x4000,rbx=0x6c,rcx=0x0,rdx=0x40,rsi=0x1e,rdi=0x1f,rbp=0xffff888007b1d668,rsp=0xffffc9000000bcd0,r8=0x346,r9=0xffff888000152000,r10=0x0,r11=0x0,r12=0x1,r13=0xffff888000143638,r14=0xffffc90000075000,r15=0xffff888007b1d668
=> 0xffffffff810df3b1 <do_con_write+492>:	cmpl   $0x7f,0x4(%rsp)
Regs: rax=0x4000,rbx=0x6c,rcx=0x0,rdx=0x40,rsi=0x1e,rdi=0x1f,rbp=0xffff888007b1d668,rsp=0xffffc9000000bcd0,r8=0x346,r9=0xffff888000152000,r10=0x0,r11=0x0,r12=0x1,r13=0xffff888000143638,r14=0xffffc90000075000,r15=0xffff888007b1d668
=> 0xffffffff810df3b6 <do_con_write+497>:	jle    0xffffffff810df4a3 <do_con_write+734>
Regs: rax=0x4000,rbx=0x6c,rcx=0x0,rdx=0x40,rsi=0x1e,rdi=0x1f,rbp=0xffff888007b1d668,rsp=0xffffc9000000bcd0,r8=0x346,r9=0xffff888000152000,r10=0x0,r11=0x0,r12=0x1,r13=0xffff888000143638,r14=0xffffc90000075000,r15=0xffff888007b1d668
=> 0xffffffff810df4a3 <do_con_write+734>:	mov    0x4(%rsp),%r12d
Regs: rax=0x4000,rbx=0x6c,rcx=0x0,rdx=0x40,rsi=0x1e,rdi=0x1f,rbp=0xffff888007b1d668,rsp=0xffffc9000000bcd0,r8=0x346,r9=0xffff888000152000,r10=0x0,r11=0x0,r12=0x6c,r13=0xffff888000143638,r14=0xffffc90000075000,r15=0xffff888007b1d668
=> 0xffffffff810df4a8 <do_con_write+739>:	mov    %r12d,%r10d
Regs: rax=0x4000,rbx=0x6c,rcx=0x0,rdx=0x40,rsi=0x1e,rdi=0x1f,rbp=0xffff888007b1d668,rsp=0xffffc9000000bcd0,r8=0x346,r9=0xffff888000152000,r10=0x6c,r11=0x0,r12=0x6c,r13=0xffff888000143638,r14=0xffffc90000075000,r15=0xffff888007b1d668
=> 0xffffffff810df4ab <do_con_write+742>:	movb   $0x0,0x20(%rsp)
Regs: rax=0x4000,rbx=0x6c,rcx=0x0,rdx=0x40,rsi=0x1e,rdi=0x1f,rbp=0xffff888007b1d668,rsp=0xffffc9000000bcd0,r8=0x346,r9=0xffff888000152000,r10=0x6c,r11=0x0,r12=0x6c,r13=0xffff888000143638,r14=0xffffc90000075000,r15=0xffff888007b1d668
=> 0xffffffff810df4b0 <do_con_write+747>:	lea    0x28(%rsp),%rdx
Regs: rax=0x4000,rbx=0x6c,rcx=0x0,rdx=0xffffc9000000bcf8,rsi=0x1e,rdi=0x1f,rbp=0xffff888007b1d668,rsp=0xffffc9000000bcd0,r8=0x346,r9=0xffff888000152000,r10=0x6c,r11=0x0,r12=0x6c,r13=0xffff888000143638,r14=0xffffc90000075000,r15=0xffff888007b1d668
=> 0xffffffff810df4b5 <do_con_write+752>:	mov    $0x5,%esi
Regs: rax=0x4000,rbx=0x6c,rcx=0x0,rdx=0xffffc9000000bcf8,rsi=0x5,rdi=0x1f,rbp=0xffff888007b1d668,rsp=0xffffc9000000bcd0,r8=0x346,r9=0xffff888000152000,r10=0x6c,r11=0x0,r12=0x6c,r13=0xffff888000143638,r14=0xffffc90000075000,r15=0xffff888007b1d668
=> 0xffffffff810df4ba <do_con_write+757>:	mov    %r10d,0x30(%rsp)
Regs: rax=0x4000,rbx=0x6c,rcx=0x0,rdx=0xffffc9000000bcf8,rsi=0x5,rdi=0x1f,rbp=0xffff888007b1d668,rsp=0xffffc9000000bcd0,r8=0x346,r9=0xffff888000152000,r10=0x6c,r11=0x0,r12=0x6c,r13=0xffff888000143638,r14=0xffffc90000075000,r15=0xffff888007b1d668
=> 0xffffffff810df4bf <do_con_write+762>:	mov    $0xffffffff81969f48,%rdi
Regs: rax=0x4000,rbx=0x6c,rcx=0x0,rdx=0xffffc9000000bcf8,rsi=0x5,rdi=0xffffffff81969f48,rbp=0xffff888007b1d668,rsp=0xffffc9000000bcd0,r8=0x346,r9=0xffff888000152000,r10=0x6c,r11=0x0,r12=0x6c,r13=0xffff888000143638,r14=0xffffc90000075000,r15=0xffff888007b1d668
=> 0xffffffff810df4c6 <do_con_write+769>:	mov    %r10d,0x10(%rsp)
Regs: rax=0x4000,rbx=0x6c,rcx=0x0,rdx=0xffffc9000000bcf8,rsi=0x5,rdi=0xffffffff81969f48,rbp=0xffff888007b1d668,rsp=0xffffc9000000bcd0,r8=0x346,r9=0xffff888000152000,r10=0x6c,r11=0x0,r12=0x6c,r13=0xffff888000143638,r14=0xffffc90000075000,r15=0xffff888007b1d668
=> 0xffffffff810df4cb <do_con_write+774>:	call   0xffffffff8103547d <atomic_notifier_call_chain>
Regs: rax=0x4000,rbx=0x6c,rcx=0x0,rdx=0xffffc9000000bcf8,rsi=0x5,rdi=0xffffffff81969f48,rbp=0xffff888007b1d668,rsp=0xffffc9000000bcc8,r8=0x346,r9=0xffff888000152000,r10=0x6c,r11=0x0,r12=0x6c,r13=0xffff888000143638,r14=0xffffc90000075000,r15=0xffff888007b1d668
=> 0xffffffff8103547d <atomic_notifier_call_chain>:	xor    %r8d,%r8d
Regs: rax=0x4000,rbx=0x6c,rcx=0x0,rdx=0xffffc9000000bcf8,rsi=0x5,rdi=0xffffffff81969f48,rbp=0xffff888007b1d668,rsp=0xffffc9000000bcc8,r8=0x0,r9=0xffff888000152000,r10=0x6c,r11=0x0,r12=0x6c,r13=0xffff888000143638,r14=0xffffc90000075000,r15=0xffff888007b1d668
=> 0xffffffff81035480 <atomic_notifier_call_chain+3>:	or     $0xffffffff,%ecx
Regs: rax=0x4000,rbx=0x6c,rcx=0xffffffff,rdx=0xffffc9000000bcf8,rsi=0x5,rdi=0xffffffff81969f48,rbp=0xffff888007b1d668,rsp=0xffffc9000000bcc8,r8=0x0,r9=0xffff888000152000,r10=0x6c,r11=0x0,r12=0x6c,r13=0xffff888000143638,r14=0xffffc90000075000,r15=0xffff888007b1d668
=> 0xffffffff81035483 <atomic_notifier_call_chain+6>:	call   0xffffffff810352fc <notifier_call_chain>
Regs: rax=0x4000,rbx=0x6c,rcx=0xffffffff,rdx=0xffffc9000000bcf8,rsi=0x5,rdi=0xffffffff81969f48,rbp=0xffff888007b1d668,rsp=0xffffc9000000bcc0,r8=0x0,r9=0xffff888000152000,r10=0x6c,r11=0x0,r12=0x6c,r13=0xffff888000143638,r14=0xffffc90000075000,r15=0xffff888007b1d668
=> 0xffffffff810352fc <notifier_call_chain>:	push   %r14
Regs: rax=0x4000,rbx=0x6c,rcx=0xffffffff,rdx=0xffffc9000000bcf8,rsi=0x5,rdi=0xffffffff81969f48,rbp=0xffff888007b1d668,rsp=0xffffc9000000bcb8,r8=0x0,r9=0xffff888000152000,r10=0x6c,r11=0x0,r12=0x6c,r13=0xffff888000143638,r14=0xffffc90000075000,r15=0xffff888007b1d668
=> 0xffffffff810352fe <notifier_call_chain+2>:	xor    %eax,%eax
Regs: rax=0x0,rbx=0x6c,rcx=0xffffffff,rdx=0xffffc9000000bcf8,rsi=0x5,rdi=0xffffffff81969f48,rbp=0xffff888007b1d668,rsp=0xffffc9000000bcb8,r8=0x0,r9=0xffff888000152000,r10=0x6c,r11=0x0,r12=0x6c,r13=0xffff888000143638,r14=0xffffc90000075000,r15=0xffff888007b1d668
=> 0xffffffff81035300 <notifier_call_chain+4>:	mov    %r8,%r14
Regs: rax=0x0,rbx=0x6c,rcx=0xffffffff,rdx=0xffffc9000000bcf8,rsi=0x5,rdi=0xffffffff81969f48,rbp=0xffff888007b1d668,rsp=0xffffc9000000bcb8,r8=0x0,r9=0xffff888000152000,r10=0x6c,r11=0x0,r12=0x6c,r13=0xffff888000143638,r14=0x0,r15=0xffff888007b1d668
=> 0xffffffff81035303 <notifier_call_chain+7>:	push   %r13
Regs: rax=0x0,rbx=0x6c,rcx=0xffffffff,rdx=0xffffc9000000bcf8,rsi=0x5,rdi=0xffffffff81969f48,rbp=0xffff888007b1d668,rsp=0xffffc9000000bcb0,r8=0x0,r9=0xffff888000152000,r10=0x6c,r11=0x0,r12=0x6c,r13=0xffff888000143638,r14=0x0,r15=0xffff888007b1d668
=> 0xffffffff81035305 <notifier_call_chain+9>:	push   %r12
Regs: rax=0x0,rbx=0x6c,rcx=0xffffffff,rdx=0xffffc9000000bcf8,rsi=0x5,rdi=0xffffffff81969f48,rbp=0xffff888007b1d668,rsp=0xffffc9000000bca8,r8=0x0,r9=0xffff888000152000,r10=0x6c,r11=0x0,r12=0x6c,r13=0xffff888000143638,r14=0x0,r15=0xffff888007b1d668
=> 0xffffffff81035307 <notifier_call_chain+11>:	mov    %rdx,%r12
Regs: rax=0x0,rbx=0x6c,rcx=0xffffffff,rdx=0xffffc9000000bcf8,rsi=0x5,rdi=0xffffffff81969f48,rbp=0xffff888007b1d668,rsp=0xffffc9000000bca8,r8=0x0,r9=0xffff888000152000,r10=0x6c,r11=0x0,r12=0xffffc9000000bcf8,r13=0xffff888000143638,r14=0x0,r15=0xffff888007b1d668
=> 0xffffffff8103530a <notifier_call_chain+14>:	push   %rbp
Regs: rax=0x0,rbx=0x6c,rcx=0xffffffff,rdx=0xffffc9000000bcf8,rsi=0x5,rdi=0xffffffff81969f48,rbp=0xffff888007b1d668,rsp=0xffffc9000000bca0,r8=0x0,r9=0xffff888000152000,r10=0x6c,r11=0x0,r12=0xffffc9000000bcf8,r13=0xffff888000143638,r14=0x0,r15=0xffff888007b1d668
=> 0xffffffff8103530b <notifier_call_chain+15>:	mov    %rsi,%rbp
Regs: rax=0x0,rbx=0x6c,rcx=0xffffffff,rdx=0xffffc9000000bcf8,rsi=0x5,rdi=0xffffffff81969f48,rbp=0x5,rsp=0xffffc9000000bca0,r8=0x0,r9=0xffff888000152000,r10=0x6c,r11=0x0,r12=0xffffc9000000bcf8,r13=0xffff888000143638,r14=0x0,r15=0xffff888007b1d668
=> 0xffffffff8103530e <notifier_call_chain+18>:	push   %rbx
Regs: rax=0x0,rbx=0x6c,rcx=0xffffffff,rdx=0xffffc9000000bcf8,rsi=0x5,rdi=0xffffffff81969f48,rbp=0x5,rsp=0xffffc9000000bc98,r8=0x0,r9=0xffff888000152000,r10=0x6c,r11=0x0,r12=0xffffc9000000bcf8,r13=0xffff888000143638,r14=0x0,r15=0xffff888007b1d668
=> 0xffffffff8103530f <notifier_call_chain+19>:	mov    %ecx,%ebx
Regs: rax=0x0,rbx=0xffffffff,rcx=0xffffffff,rdx=0xffffc9000000bcf8,rsi=0x5,rdi=0xffffffff81969f48,rbp=0x5,rsp=0xffffc9000000bc98,r8=0x0,r9=0xffff888000152000,r10=0x6c,r11=0x0,r12=0xffffc9000000bcf8,r13=0xffff888000143638,r14=0x0,r15=0xffff888007b1d668
=> 0xffffffff81035311 <notifier_call_chain+21>:	mov    (%rdi),%rcx
Regs: rax=0x0,rbx=0xffffffff,rcx=0x0,rdx=0xffffc9000000bcf8,rsi=0x5,rdi=0xffffffff81969f48,rbp=0x5,rsp=0xffffc9000000bc98,r8=0x0,r9=0xffff888000152000,r10=0x6c,r11=0x0,r12=0xffffc9000000bcf8,r13=0xffff888000143638,r14=0x0,r15=0xffff888007b1d668
=> 0xffffffff81035314 <notifier_call_chain+24>:	test   %rcx,%rcx
Regs: rax=0x0,rbx=0xffffffff,rcx=0x0,rdx=0xffffc9000000bcf8,rsi=0x5,rdi=0xffffffff81969f48,rbp=0x5,rsp=0xffffc9000000bc98,r8=0x0,r9=0xffff888000152000,r10=0x6c,r11=0x0,r12=0xffffc9000000bcf8,r13=0xffff888000143638,r14=0x0,r15=0xffff888007b1d668
=> 0xffffffff81035317 <notifier_call_chain+27>:	je     0xffffffff81035341 <notifier_call_chain+69>
Regs: rax=0x0,rbx=0xffffffff,rcx=0x0,rdx=0xffffc9000000bcf8,rsi=0x5,rdi=0xffffffff81969f48,rbp=0x5,rsp=0xffffc9000000bc98,r8=0x0,r9=0xffff888000152000,r10=0x6c,r11=0x0,r12=0xffffc9000000bcf8,r13=0xffff888000143638,r14=0x0,r15=0xffff888007b1d668
=> 0xffffffff81035341 <notifier_call_chain+69>:	pop    %rbx
Regs: rax=0x0,rbx=0x6c,rcx=0x0,rdx=0xffffc9000000bcf8,rsi=0x5,rdi=0xffffffff81969f48,rbp=0x5,rsp=0xffffc9000000bca0,r8=0x0,r9=0xffff888000152000,r10=0x6c,r11=0x0,r12=0xffffc9000000bcf8,r13=0xffff888000143638,r14=0x0,r15=0xffff888007b1d668
=> 0xffffffff81035342 <notifier_call_chain+70>:	pop    %rbp
Regs: rax=0x0,rbx=0x6c,rcx=0x0,rdx=0xffffc9000000bcf8,rsi=0x5,rdi=0xffffffff81969f48,rbp=0xffff888007b1d668,rsp=0xffffc9000000bca8,r8=0x0,r9=0xffff888000152000,r10=0x6c,r11=0x0,r12=0xffffc9000000bcf8,r13=0xffff888000143638,r14=0x0,r15=0xffff888007b1d668
=> 0xffffffff81035343 <notifier_call_chain+71>:	pop    %r12
Regs: rax=0x0,rbx=0x6c,rcx=0x0,rdx=0xffffc9000000bcf8,rsi=0x5,rdi=0xffffffff81969f48,rbp=0xffff888007b1d668,rsp=0xffffc9000000bcb0,r8=0x0,r9=0xffff888000152000,r10=0x6c,r11=0x0,r12=0x6c,r13=0xffff888000143638,r14=0x0,r15=0xffff888007b1d668
=> 0xffffffff81035345 <notifier_call_chain+73>:	pop    %r13
Regs: rax=0x0,rbx=0x6c,rcx=0x0,rdx=0xffffc9000000bcf8,rsi=0x5,rdi=0xffffffff81969f48,rbp=0xffff888007b1d668,rsp=0xffffc9000000bcb8,r8=0x0,r9=0xffff888000152000,r10=0x6c,r11=0x0,r12=0x6c,r13=0xffff888000143638,r14=0x0,r15=0xffff888007b1d668
=> 0xffffffff81035347 <notifier_call_chain+75>:	pop    %r14
Regs: rax=0x0,rbx=0x6c,rcx=0x0,rdx=0xffffc9000000bcf8,rsi=0x5,rdi=0xffffffff81969f48,rbp=0xffff888007b1d668,rsp=0xffffc9000000bcc0,r8=0x0,r9=0xffff888000152000,r10=0x6c,r11=0x0,r12=0x6c,r13=0xffff888000143638,r14=0xffffc90000075000,r15=0xffff888007b1d668
=> 0xffffffff81035349 <notifier_call_chain+77>:	ret    
Regs: rax=0x0,rbx=0x6c,rcx=0x0,rdx=0xffffc9000000bcf8,rsi=0x5,rdi=0xffffffff81969f48,rbp=0xffff888007b1d668,rsp=0xffffc9000000bcc8,r8=0x0,r9=0xffff888000152000,r10=0x6c,r11=0x0,r12=0x6c,r13=0xffff888000143638,r14=0xffffc90000075000,r15=0xffff888007b1d668
=> 0xffffffff81035488 <atomic_notifier_call_chain+11>:	ret    
Regs: rax=0x0,rbx=0x6c,rcx=0x0,rdx=0xffffc9000000bcf8,rsi=0x5,rdi=0xffffffff81969f48,rbp=0xffff888007b1d668,rsp=0xffffc9000000bcd0,r8=0x0,r9=0xffff888000152000,r10=0x6c,r11=0x0,r12=0x6c,r13=0xffff888000143638,r14=0xffffc90000075000,r15=0xffff888007b1d668
=> 0xffffffff810df4d0 <do_con_write+779>:	cmp    $0x8001,%eax
Regs: rax=0x0,rbx=0x6c,rcx=0x0,rdx=0xffffc9000000bcf8,rsi=0x5,rdi=0xffffffff81969f48,rbp=0xffff888007b1d668,rsp=0xffffc9000000bcd0,r8=0x0,r9=0xffff888000152000,r10=0x6c,r11=0x0,r12=0x6c,r13=0xffff888000143638,r14=0xffffc90000075000,r15=0xffff888007b1d668
=> 0xffffffff810df4d5 <do_con_write+784>:	je     0xffffffff810df86d <do_con_write+1704>
Regs: rax=0x0,rbx=0x6c,rcx=0x0,rdx=0xffffc9000000bcf8,rsi=0x5,rdi=0xffffffff81969f48,rbp=0xffff888007b1d668,rsp=0xffffc9000000bcd0,r8=0x0,r9=0xffff888000152000,r10=0x6c,r11=0x0,r12=0x6c,r13=0xffff888000143638,r14=0xffffc90000075000,r15=0xffff888007b1d668
=> 0xffffffff810df4db <do_con_write+790>:	mov    0x10(%rsp),%r10d
Regs: rax=0x0,rbx=0x6c,rcx=0x0,rdx=0xffffc9000000bcf8,rsi=0x5,rdi=0xffffffff81969f48,rbp=0xffff888007b1d668,rsp=0xffffc9000000bcd0,r8=0x0,r9=0xffff888000152000,r10=0x6c,r11=0x0,r12=0x6c,r13=0xffff888000143638,r14=0xffffc90000075000,r15=0xffff888007b1d668
=> 0xffffffff810df4e0 <do_con_write+795>:	cmpl   $0x0,0x1fc(%r13)
Regs: rax=0x0,rbx=0x6c,rcx=0x0,rdx=0xffffc9000000bcf8,rsi=0x5,rdi=0xffffffff81969f48,rbp=0xffff888007b1d668,rsp=0xffffc9000000bcd0,r8=0x0,r9=0xffff888000152000,r10=0x6c,r11=0x0,r12=0x6c,r13=0xffff888000143638,r14=0xffffc90000075000,r15=0xffff888007b1d668
=> 0xffffffff810df4e8 <do_con_write+803>:	setne  %dl
Regs: rax=0x0,rbx=0x6c,rcx=0x0,rdx=0xffffc9000000bc00,rsi=0x5,rdi=0xffffffff81969f48,rbp=0xffff888007b1d668,rsp=0xffffc9000000bcd0,r8=0x0,r9=0xffff888000152000,r10=0x6c,r11=0x0,r12=0x6c,r13=0xffff888000143638,r14=0xffffc90000075000,r15=0xffff888007b1d668
=> 0xffffffff810df4eb <do_con_write+806>:	test   %r10d,%r10d
Regs: rax=0x0,rbx=0x6c,rcx=0x0,rdx=0xffffc9000000bc00,rsi=0x5,rdi=0xffffffff81969f48,rbp=0xffff888007b1d668,rsp=0xffffc9000000bcd0,r8=0x0,r9=0xffff888000152000,r10=0x6c,r11=0x0,r12=0x6c,r13=0xffff888000143638,r14=0xffffc90000075000,r15=0xffff888007b1d668
=> 0xffffffff810df4ee <do_con_write+809>:	sete   %al
Regs: rax=0x0,rbx=0x6c,rcx=0x0,rdx=0xffffc9000000bc00,rsi=0x5,rdi=0xffffffff81969f48,rbp=0xffff888007b1d668,rsp=0xffffc9000000bcd0,r8=0x0,r9=0xffff888000152000,r10=0x6c,r11=0x0,r12=0x6c,r13=0xffff888000143638,r14=0xffffc90000075000,r15=0xffff888007b1d668
=> 0xffffffff810df4f1 <do_con_write+812>:	or     %al,%dl
Regs: rax=0x0,rbx=0x6c,rcx=0x0,rdx=0xffffc9000000bc00,rsi=0x5,rdi=0xffffffff81969f48,rbp=0xffff888007b1d668,rsp=0xffffc9000000bcd0,r8=0x0,r9=0xffff888000152000,r10=0x6c,r11=0x0,r12=0x6c,r13=0xffff888000143638,r14=0xffffc90000075000,r15=0xffff888007b1d668
=> 0xffffffff810df4f3 <do_con_write+814>:	mov    %dl,0x22(%rsp)
Regs: rax=0x0,rbx=0x6c,rcx=0x0,rdx=0xffffc9000000bc00,rsi=0x5,rdi=0xffffffff81969f48,rbp=0xffff888007b1d668,rsp=0xffffc9000000bcd0,r8=0x0,r9=0xffff888000152000,r10=0x6c,r11=0x0,r12=0x6c,r13=0xffff888000143638,r14=0xffffc90000075000,r15=0xffff888007b1d668
=> 0xffffffff810df4f7 <do_con_write+818>:	jne    0xffffffff810df54f <do_con_write+906>
Regs: rax=0x0,rbx=0x6c,rcx=0x0,rdx=0xffffc9000000bc00,rsi=0x5,rdi=0xffffffff81969f48,rbp=0xffff888007b1d668,rsp=0xffffc9000000bcd0,r8=0x0,r9=0xffff888000152000,r10=0x6c,r11=0x0,r12=0x6c,r13=0xffff888000143638,r14=0xffffc90000075000,r15=0xffff888007b1d668
=> 0xffffffff810df4f9 <do_con_write+820>:	cmp    $0x1f,%r12d
Regs: rax=0x0,rbx=0x6c,rcx=0x0,rdx=0xffffc9000000bc00,rsi=0x5,rdi=0xffffffff81969f48,rbp=0xffff888007b1d668,rsp=0xffffc9000000bcd0,r8=0x0,r9=0xffff888000152000,r10=0x6c,r11=0x0,r12=0x6c,r13=0xffff888000143638,r14=0xffffc90000075000,r15=0xffff888007b1d668
=> 0xffffffff810df4fd <do_con_write+824>:	jg     0xffffffff810df536 <do_con_write+881>
Regs: rax=0x0,rbx=0x6c,rcx=0x0,rdx=0xffffc9000000bc00,rsi=0x5,rdi=0xffffffff81969f48,rbp=0xffff888007b1d668,rsp=0xffffc9000000bcd0,r8=0x0,r9=0xffff888000152000,r10=0x6c,r11=0x0,r12=0x6c,r13=0xffff888000143638,r14=0xffffc90000075000,r15=0xffff888007b1d668
=> 0xffffffff810df536 <do_con_write+881>:	cmp    $0x7f,%r12d
Regs: rax=0x0,rbx=0x6c,rcx=0x0,rdx=0xffffc9000000bc00,rsi=0x5,rdi=0xffffffff81969f48,rbp=0xffff888007b1d668,rsp=0xffffc9000000bcd0,r8=0x0,r9=0xffff888000152000,r10=0x6c,r11=0x0,r12=0x6c,r13=0xffff888000143638,r14=0xffffc90000075000,r15=0xffff888007b1d668
=> 0xffffffff810df53a <do_con_write+885>:	jne    0xffffffff810df546 <do_con_write+897>
Regs: rax=0x0,rbx=0x6c,rcx=0x0,rdx=0xffffc9000000bc00,rsi=0x5,rdi=0xffffffff81969f48,rbp=0xffff888007b1d668,rsp=0xffffc9000000bcd0,r8=0x0,r9=0xffff888000152000,r10=0x6c,r11=0x0,r12=0x6c,r13=0xffff888000143638,r14=0xffffc90000075000,r15=0xffff888007b1d668
=> 0xffffffff810df546 <do_con_write+897>:	cmp    $0x9b,%r12d
Regs: rax=0x0,rbx=0x6c,rcx=0x0,rdx=0xffffc9000000bc00,rsi=0x5,rdi=0xffffffff81969f48,rbp=0xffff888007b1d668,rsp=0xffffc9000000bcd0,r8=0x0,r9=0xffff888000152000,r10=0x6c,r11=0x0,r12=0x6c,r13=0xffff888000143638,r14=0xffffc90000075000,r15=0xffff888007b1d668
=> 0xffffffff810df54d <do_con_write+904>:	jne    0xffffffff810df583 <do_con_write+958>
Regs: rax=0x0,rbx=0x6c,rcx=0x0,rdx=0xffffc9000000bc00,rsi=0x5,rdi=0xffffffff81969f48,rbp=0xffff888007b1d668,rsp=0xffffc9000000bcd0,r8=0x0,r9=0xffff888000152000,r10=0x6c,r11=0x0,r12=0x6c,r13=0xffff888000143638,r14=0xffffc90000075000,r15=0xffff888007b1d668
=> 0xffffffff810df583 <do_con_write+958>:	mov    0x1d8(%r13),%eax
Regs: rax=0x0,rbx=0x6c,rcx=0x0,rdx=0xffffc9000000bc00,rsi=0x5,rdi=0xffffffff81969f48,rbp=0xffff888007b1d668,rsp=0xffffc9000000bcd0,r8=0x0,r9=0xffff888000152000,r10=0x6c,r11=0x0,r12=0x6c,r13=0xffff888000143638,r14=0xffffc90000075000,r15=0xffff888007b1d668
=> 0xffffffff810df58a <do_con_write+965>:	mov    0x1bd(%r13),%bpl
Regs: rax=0x0,rbx=0x6c,rcx=0x0,rdx=0xffffc9000000bc00,rsi=0x5,rdi=0xffffffff81969f48,rbp=0xffff888007b1d607,rsp=0xffffc9000000bcd0,r8=0x0,r9=0xffff888000152000,r10=0x6c,r11=0x0,r12=0x6c,r13=0xffff888000143638,r14=0xffffc90000075000,r15=0xffff888007b1d668
=> 0xffffffff810df591 <do_con_write+972>:	cmp    $0x1,%ax
Regs: rax=0x0,rbx=0x6c,rcx=0x0,rdx=0xffffc9000000bc00,rsi=0x5,rdi=0xffffffff81969f48,rbp=0xffff888007b1d607,rsp=0xffffc9000000bcd0,r8=0x0,r9=0xffff888000152000,r10=0x6c,r11=0x0,r12=0x6c,r13=0xffff888000143638,r14=0xffffc90000075000,r15=0xffff888007b1d668
=> 0xffffffff810df595 <do_con_write+976>:	mov    %ax,0x10(%rsp)
Regs: rax=0x0,rbx=0x6c,rcx=0x0,rdx=0xffffc9000000bc00,rsi=0x5,rdi=0xffffffff81969f48,rbp=0xffff888007b1d607,rsp=0xffffc9000000bcd0,r8=0x0,r9=0xffff888000152000,r10=0x6c,r11=0x0,r12=0x6c,r13=0xffff888000143638,r14=0xffffc90000075000,r15=0xffff888007b1d668
=> 0xffffffff810df59a <do_con_write+981>:	mov    0x270(%r13),%eax
Regs: rax=0x4830,rbx=0x6c,rcx=0x0,rdx=0xffffc9000000bc00,rsi=0x5,rdi=0xffffffff81969f48,rbp=0xffff888007b1d607,rsp=0xffffc9000000bcd0,r8=0x0,r9=0xffff888000152000,r10=0x6c,r11=0x0,r12=0x6c,r13=0xffff888000143638,r14=0xffffc90000075000,r15=0xffff888007b1d668
=> 0xffffffff810df5a1 <do_con_write+988>:	sbb    %r14d,%r14d
Regs: rax=0x4830,rbx=0x6c,rcx=0x0,rdx=0xffffc9000000bc00,rsi=0x5,rdi=0xffffffff81969f48,rbp=0xffff888007b1d607,rsp=0xffffc9000000bcd0,r8=0x0,r9=0xffff888000152000,r10=0x6c,r11=0x0,r12=0x6c,r13=0xffff888000143638,r14=0xffffffff,r15=0xffff888007b1d668
=> 0xffffffff810df5a4 <do_con_write+991>:	xor    %r14b,%r14b
Regs: rax=0x4830,rbx=0x6c,rcx=0x0,rdx=0xffffc9000000bc00,rsi=0x5,rdi=0xffffffff81969f48,rbp=0xffff888007b1d607,rsp=0xffffc9000000bcd0,r8=0x0,r9=0xffff888000152000,r10=0x6c,r11=0x0,r12=0x6c,r13=0xffff888000143638,r14=0xffffff00,r15=0xffff888007b1d668
=> 0xffffffff810df5a7 <do_con_write+994>:	and    $0x4001,%ax
Regs: rax=0x4000,rbx=0x6c,rcx=0x0,rdx=0xffffc9000000bc00,rsi=0x5,rdi=0xffffffff81969f48,rbp=0xffff888007b1d607,rsp=0xffffc9000000bcd0,r8=0x0,r9=0xffff888000152000,r10=0x6c,r11=0x0,r12=0x6c,r13=0xffff888000143638,r14=0xffffff00,r15=0xffff888007b1d668
=> 0xffffffff810df5ab <do_con_write+998>:	add    $0x1ff,%r14w
Regs: rax=0x4000,rbx=0x6c,rcx=0x0,rdx=0xffffc9000000bc00,rsi=0x5,rdi=0xffffffff81969f48,rbp=0xffff888007b1d607,rsp=0xffffc9000000bcd0,r8=0x0,r9=0xffff888000152000,r10=0x6c,r11=0x0,r12=0x6c,r13=0xffff888000143638,r14=0xffff00ff,r15=0xffff888007b1d668
=> 0xffffffff810df5b1 <do_con_write+1004>:	cmp    $0x4000,%ax
Regs: rax=0x4000,rbx=0x6c,rcx=0x0,rdx=0xffffc9000000bc00,rsi=0x5,rdi=0xffffffff81969f48,rbp=0xffff888007b1d607,rsp=0xffffc9000000bcd0,r8=0x0,r9=0xffff888000152000,r10=0x6c,r11=0x0,r12=0x6c,r13=0xffff888000143638,r14=0xffff00ff,r15=0xffff888007b1d668
=> 0xffffffff810df5b5 <do_con_write+1008>:	jne    0xffffffff810df5cb <do_con_write+1030>
Regs: rax=0x4000,rbx=0x6c,rcx=0x0,rdx=0xffffc9000000bc00,rsi=0x5,rdi=0xffffffff81969f48,rbp=0xffff888007b1d607,rsp=0xffffc9000000bcd0,r8=0x0,r9=0xffff888000152000,r10=0x6c,r11=0x0,r12=0x6c,r13=0xffff888000143638,r14=0xffff00ff,r15=0xffff888007b1d668
=> 0xffffffff810df5b7 <do_con_write+1010>:	lea    -0x1100(%r12),%eax
Regs: rax=0xffffef6c,rbx=0x6c,rcx=0x0,rdx=0xffffc9000000bc00,rsi=0x5,rdi=0xffffffff81969f48,rbp=0xffff888007b1d607,rsp=0xffffc9000000bcd0,r8=0x0,r9=0xffff888000152000,r10=0x6c,r11=0x0,r12=0x6c,r13=0xffff888000143638,r14=0xffff00ff,r15=0xffff888007b1d668
=> 0xffffffff810df5bf <do_con_write+1018>:	mov    %r12d,0x50(%rsp)
Regs: rax=0xffffef6c,rbx=0x6c,rcx=0x0,rdx=0xffffc9000000bc00,rsi=0x5,rdi=0xffffffff81969f48,rbp=0xffff888007b1d607,rsp=0xffffc9000000bcd0,r8=0x0,r9=0xffff888000152000,r10=0x6c,r11=0x0,r12=0x6c,r13=0xffff888000143638,r14=0xffff00ff,r15=0xffff888007b1d668
=> 0xffffffff810df5c4 <do_con_write+1023>:	cmp    $0x3eefd,%eax
Regs: rax=0xffffef6c,rbx=0x6c,rcx=0x0,rdx=0xffffc9000000bc00,rsi=0x5,rdi=0xffffffff81969f48,rbp=0xffff888007b1d607,rsp=0xffffc9000000bcd0,r8=0x0,r9=0xffff888000152000,r10=0x6c,r11=0x0,r12=0x6c,r13=0xffff888000143638,r14=0xffff00ff,r15=0xffff888007b1d668
=> 0xffffffff810df5c9 <do_con_write+1028>:	jbe    0xffffffff810df5d2 <do_con_write+1037>
Regs: rax=0xffffef6c,rbx=0x6c,rcx=0x0,rdx=0xffffc9000000bc00,rsi=0x5,rdi=0xffffffff81969f48,rbp=0xffff888007b1d607,rsp=0xffffc9000000bcd0,r8=0x0,r9=0xffff888000152000,r10=0x6c,r11=0x0,r12=0x6c,r13=0xffff888000143638,r14=0xffff00ff,r15=0xffff888007b1d668
=> 0xffffffff810df5cb <do_con_write+1030>:	movb   $0x1,0x21(%rsp)
Regs: rax=0xffffef6c,rbx=0x6c,rcx=0x0,rdx=0xffffc9000000bc00,rsi=0x5,rdi=0xffffffff81969f48,rbp=0xffff888007b1d607,rsp=0xffffc9000000bcd0,r8=0x0,r9=0xffff888000152000,r10=0x6c,r11=0x0,r12=0x6c,r13=0xffff888000143638,r14=0xffff00ff,r15=0xffff888007b1d668
=> 0xffffffff810df5d0 <do_con_write+1035>:	jmp    0xffffffff810df60a <do_con_write+1093>
Regs: rax=0xffffef6c,rbx=0x6c,rcx=0x0,rdx=0xffffc9000000bc00,rsi=0x5,rdi=0xffffffff81969f48,rbp=0xffff888007b1d607,rsp=0xffffc9000000bcd0,r8=0x0,r9=0xffff888000152000,r10=0x6c,r11=0x0,r12=0x6c,r13=0xffff888000143638,r14=0xffff00ff,r15=0xffff888007b1d668
=> 0xffffffff810df60a <do_con_write+1093>:	movslq %r10d,%rsi
Regs: rax=0xffffef6c,rbx=0x6c,rcx=0x0,rdx=0xffffc9000000bc00,rsi=0x6c,rdi=0xffffffff81969f48,rbp=0xffff888007b1d607,rsp=0xffffc9000000bcd0,r8=0x0,r9=0xffff888000152000,r10=0x6c,r11=0x0,r12=0x6c,r13=0xffff888000143638,r14=0xffff00ff,r15=0xffff888007b1d668
=> 0xffffffff810df60d <do_con_write+1096>:	mov    %r13,%rdi
Regs: rax=0xffffef6c,rbx=0x6c,rcx=0x0,rdx=0xffffc9000000bc00,rsi=0x6c,rdi=0xffff888000143638,rbp=0xffff888007b1d607,rsp=0xffffc9000000bcd0,r8=0x0,r9=0xffff888000152000,r10=0x6c,r11=0x0,r12=0x6c,r13=0xffff888000143638,r14=0xffff00ff,r15=0xffff888007b1d668
=> 0xffffffff810df610 <do_con_write+1099>:	movzwl %r14w,%r14d
Regs: rax=0xffffef6c,rbx=0x6c,rcx=0x0,rdx=0xffffc9000000bc00,rsi=0x6c,rdi=0xffff888000143638,rbp=0xffff888007b1d607,rsp=0xffffc9000000bcd0,r8=0x0,r9=0xffff888000152000,r10=0x6c,r11=0x0,r12=0x6c,r13=0xffff888000143638,r14=0xff,r15=0xffff888007b1d668
=> 0xffffffff810df614 <do_con_write+1103>:	call   0xffffffff810db934 <conv_uni_to_pc>
Regs: rax=0xffffef6c,rbx=0x6c,rcx=0x0,rdx=0xffffc9000000bc00,rsi=0x6c,rdi=0xffff888000143638,rbp=0xffff888007b1d607,rsp=0xffffc9000000bcc8,r8=0x0,r9=0xffff888000152000,r10=0x6c,r11=0x0,r12=0x6c,r13=0xffff888000143638,r14=0xff,r15=0xffff888007b1d668
=> 0xffffffff810db934 <conv_uni_to_pc>:	mov    $0xfffffffc,%eax
Regs: rax=0xfffffffc,rbx=0x6c,rcx=0x0,rdx=0xffffc9000000bc00,rsi=0x6c,rdi=0xffff888000143638,rbp=0xffff888007b1d607,rsp=0xffffc9000000bcc8,r8=0x0,r9=0xffff888000152000,r10=0x6c,r11=0x0,r12=0x6c,r13=0xffff888000143638,r14=0xff,r15=0xffff888007b1d668
=> 0xffffffff810db939 <conv_uni_to_pc+5>:	cmp    $0xffff,%rsi
Regs: rax=0xfffffffc,rbx=0x6c,rcx=0x0,rdx=0xffffc9000000bc00,rsi=0x6c,rdi=0xffff888000143638,rbp=0xffff888007b1d607,rsp=0xffffc9000000bcc8,r8=0x0,r9=0xffff888000152000,r10=0x6c,r11=0x0,r12=0x6c,r13=0xffff888000143638,r14=0xff,r15=0xffff888007b1d668
=> 0xffffffff810db940 <conv_uni_to_pc+12>:	jg     0xffffffff810db9da <conv_uni_to_pc+166>
Regs: rax=0xfffffffc,rbx=0x6c,rcx=0x0,rdx=0xffffc9000000bc00,rsi=0x6c,rdi=0xffff888000143638,rbp=0xffff888007b1d607,rsp=0xffffc9000000bcc8,r8=0x0,r9=0xffff888000152000,r10=0x6c,r11=0x0,r12=0x6c,r13=0xffff888000143638,r14=0xff,r15=0xffff888007b1d668
=> 0xffffffff810db946 <conv_uni_to_pc+18>:	or     $0xffffffff,%eax
Regs: rax=0xffffffff,rbx=0x6c,rcx=0x0,rdx=0xffffc9000000bc00,rsi=0x6c,rdi=0xffff888000143638,rbp=0xffff888007b1d607,rsp=0xffffc9000000bcc8,r8=0x0,r9=0xffff888000152000,r10=0x6c,r11=0x0,r12=0x6c,r13=0xffff888000143638,r14=0xff,r15=0xffff888007b1d668
=> 0xffffffff810db949 <conv_uni_to_pc+21>:	cmp    $0x1f,%rsi
Regs: rax=0xffffffff,rbx=0x6c,rcx=0x0,rdx=0xffffc9000000bc00,rsi=0x6c,rdi=0xffff888000143638,rbp=0xffff888007b1d607,rsp=0xffffc9000000bcc8,r8=0x0,r9=0xffff888000152000,r10=0x6c,r11=0x0,r12=0x6c,r13=0xffff888000143638,r14=0xff,r15=0xffff888007b1d668
=> 0xffffffff810db94d <conv_uni_to_pc+25>:	jle    0xffffffff810db9da <conv_uni_to_pc+166>
Regs: rax=0xffffffff,rbx=0x6c,rcx=0x0,rdx=0xffffc9000000bc00,rsi=0x6c,rdi=0xffff888000143638,rbp=0xffff888007b1d607,rsp=0xffffc9000000bcc8,r8=0x0,r9=0xffff888000152000,r10=0x6c,r11=0x0,r12=0x6c,r13=0xffff888000143638,r14=0xff,r15=0xffff888007b1d668
=> 0xffffffff810db953 <conv_uni_to_pc+31>:	lea    -0x200b(%rsi),%rax
Regs: rax=0xffffffffffffe061,rbx=0x6c,rcx=0x0,rdx=0xffffc9000000bc00,rsi=0x6c,rdi=0xffff888000143638,rbp=0xffff888007b1d607,rsp=0xffffc9000000bcc8,r8=0x0,r9=0xffff888000152000,r10=0x6c,r11=0x0,r12=0x6c,r13=0xffff888000143638,r14=0xff,r15=0xffff888007b1d668
=> 0xffffffff810db95a <conv_uni_to_pc+38>:	cmp    $0x4,%rax
Regs: rax=0xffffffffffffe061,rbx=0x6c,rcx=0x0,rdx=0xffffc9000000bc00,rsi=0x6c,rdi=0xffff888000143638,rbp=0xffff888007b1d607,rsp=0xffffc9000000bcc8,r8=0x0,r9=0xffff888000152000,r10=0x6c,r11=0x0,r12=0x6c,r13=0xffff888000143638,r14=0xff,r15=0xffff888007b1d668
=> 0xffffffff810db95e <conv_uni_to_pc+42>:	jbe    0xffffffff810db9d5 <conv_uni_to_pc+161>
Regs: rax=0xffffffffffffe061,rbx=0x6c,rcx=0x0,rdx=0xffffc9000000bc00,rsi=0x6c,rdi=0xffff888000143638,rbp=0xffff888007b1d607,rsp=0xffffc9000000bcc8,r8=0x0,r9=0xffff888000152000,r10=0x6c,r11=0x0,r12=0x6c,r13=0xffff888000143638,r14=0xff,r15=0xffff888007b1d668
=> 0xffffffff810db960 <conv_uni_to_pc+44>:	cmp    $0xfeff,%rsi
Regs: rax=0xffffffffffffe061,rbx=0x6c,rcx=0x0,rdx=0xffffc9000000bc00,rsi=0x6c,rdi=0xffff888000143638,rbp=0xffff888007b1d607,rsp=0xffffc9000000bcc8,r8=0x0,r9=0xffff888000152000,r10=0x6c,r11=0x0,r12=0x6c,r13=0xffff888000143638,r14=0xff,r15=0xffff888007b1d668
=> 0xffffffff810db967 <conv_uni_to_pc+51>:	je     0xffffffff810db9d5 <conv_uni_to_pc+161>
Regs: rax=0xffffffffffffe061,rbx=0x6c,rcx=0x0,rdx=0xffffc9000000bc00,rsi=0x6c,rdi=0xffff888000143638,rbp=0xffff888007b1d607,rsp=0xffffc9000000bcc8,r8=0x0,r9=0xffff888000152000,r10=0x6c,r11=0x0,r12=0x6c,r13=0xffff888000143638,r14=0xff,r15=0xffff888007b1d668
=> 0xffffffff810db969 <conv_uni_to_pc+53>:	mov    %rsi,%rax
Regs: rax=0x6c,rbx=0x6c,rcx=0x0,rdx=0xffffc9000000bc00,rsi=0x6c,rdi=0xffff888000143638,rbp=0xffff888007b1d607,rsp=0xffffc9000000bcc8,r8=0x0,r9=0xffff888000152000,r10=0x6c,r11=0x0,r12=0x6c,r13=0xffff888000143638,r14=0xff,r15=0xffff888007b1d668
=> 0xffffffff810db96c <conv_uni_to_pc+56>:	and    $0xfffffffffffffe00,%rax
Regs: rax=0x0,rbx=0x6c,rcx=0x0,rdx=0xffffc9000000bc00,rsi=0x6c,rdi=0xffff888000143638,rbp=0xffff888007b1d607,rsp=0xffffc9000000bcc8,r8=0x0,r9=0xffff888000152000,r10=0x6c,r11=0x0,r12=0x6c,r13=0xffff888000143638,r14=0xff,r15=0xffff888007b1d668
=> 0xffffffff810db972 <conv_uni_to_pc+62>:	cmp    $0xf000,%rax
Regs: rax=0x0,rbx=0x6c,rcx=0x0,rdx=0xffffc9000000bc00,rsi=0x6c,rdi=0xffff888000143638,rbp=0xffff888007b1d607,rsp=0xffffc9000000bcc8,r8=0x0,r9=0xffff888000152000,r10=0x6c,r11=0x0,r12=0x6c,r13=0xffff888000143638,r14=0xff,r15=0xffff888007b1d668
=> 0xffffffff810db978 <conv_uni_to_pc+68>:	jne    0xffffffff810db982 <conv_uni_to_pc+78>
Regs: rax=0x0,rbx=0x6c,rcx=0x0,rdx=0xffffc9000000bc00,rsi=0x6c,rdi=0xffff888000143638,rbp=0xffff888007b1d607,rsp=0xffffc9000000bcc8,r8=0x0,r9=0xffff888000152000,r10=0x6c,r11=0x0,r12=0x6c,r13=0xffff888000143638,r14=0xff,r15=0xffff888007b1d668
=> 0xffffffff810db982 <conv_uni_to_pc+78>:	mov    0x2f0(%rdi),%rax
Regs: rax=0xffffffff81968e38,rbx=0x6c,rcx=0x0,rdx=0xffffc9000000bc00,rsi=0x6c,rdi=0xffff888000143638,rbp=0xffff888007b1d607,rsp=0xffffc9000000bcc8,r8=0x0,r9=0xffff888000152000,r10=0x6c,r11=0x0,r12=0x6c,r13=0xffff888000143638,r14=0xff,r15=0xffff888007b1d668
=> 0xffffffff810db989 <conv_uni_to_pc+85>:	mov    (%rax),%rdx
Regs: rax=0xffffffff81968e38,rbx=0x6c,rcx=0x0,rdx=0xffff8880001d8358,rsi=0x6c,rdi=0xffff888000143638,rbp=0xffff888007b1d607,rsp=0xffffc9000000bcc8,r8=0x0,r9=0xffff888000152000,r10=0x6c,r11=0x0,r12=0x6c,r13=0xffff888000143638,r14=0xff,r15=0xffff888007b1d668
=> 0xffffffff810db98c <conv_uni_to_pc+88>:	mov    $0xfffffffd,%eax
Regs: rax=0xfffffffd,rbx=0x6c,rcx=0x0,rdx=0xffff8880001d8358,rsi=0x6c,rdi=0xffff888000143638,rbp=0xffff888007b1d607,rsp=0xffffc9000000bcc8,r8=0x0,r9=0xffff888000152000,r10=0x6c,r11=0x0,r12=0x6c,r13=0xffff888000143638,r14=0xff,r15=0xffff888007b1d668
=> 0xffffffff810db991 <conv_uni_to_pc+93>:	test   %rdx,%rdx
Regs: rax=0xfffffffd,rbx=0x6c,rcx=0x0,rdx=0xffff8880001d8358,rsi=0x6c,rdi=0xffff888000143638,rbp=0xffff888007b1d607,rsp=0xffffc9000000bcc8,r8=0x0,r9=0xffff888000152000,r10=0x6c,r11=0x0,r12=0x6c,r13=0xffff888000143638,r14=0xff,r15=0xffff888007b1d668
=> 0xffffffff810db994 <conv_uni_to_pc+96>:	je     0xffffffff810db9da <conv_uni_to_pc+166>
Regs: rax=0xfffffffd,rbx=0x6c,rcx=0x0,rdx=0xffff8880001d8358,rsi=0x6c,rdi=0xffff888000143638,rbp=0xffff888007b1d607,rsp=0xffffc9000000bcc8,r8=0x0,r9=0xffff888000152000,r10=0x6c,r11=0x0,r12=0x6c,r13=0xffff888000143638,r14=0xff,r15=0xffff888007b1d668
=> 0xffffffff810db996 <conv_uni_to_pc+98>:	mov    %rsi,%rax
Regs: rax=0x6c,rbx=0x6c,rcx=0x0,rdx=0xffff8880001d8358,rsi=0x6c,rdi=0xffff888000143638,rbp=0xffff888007b1d607,rsp=0xffffc9000000bcc8,r8=0x0,r9=0xffff888000152000,r10=0x6c,r11=0x0,r12=0x6c,r13=0xffff888000143638,r14=0xff,r15=0xffff888007b1d668
=> 0xffffffff810db999 <conv_uni_to_pc+101>:	shr    $0xb,%rax
Regs: rax=0x0,rbx=0x6c,rcx=0x0,rdx=0xffff8880001d8358,rsi=0x6c,rdi=0xffff888000143638,rbp=0xffff888007b1d607,rsp=0xffffc9000000bcc8,r8=0x0,r9=0xffff888000152000,r10=0x6c,r11=0x0,r12=0x6c,r13=0xffff888000143638,r14=0xff,r15=0xffff888007b1d668
=> 0xffffffff810db99d <conv_uni_to_pc+105>:	mov    (%rdx,%rax,8),%rdx
Regs: rax=0x0,rbx=0x6c,rcx=0x0,rdx=0xffff8880001d8500,rsi=0x6c,rdi=0xffff888000143638,rbp=0xffff888007b1d607,rsp=0xffffc9000000bcc8,r8=0x0,r9=0xffff888000152000,r10=0x6c,r11=0x0,r12=0x6c,r13=0xffff888000143638,r14=0xff,r15=0xffff888007b1d668
=> 0xffffffff810db9a1 <conv_uni_to_pc+109>:	mov    $0xfffffffc,%eax
Regs: rax=0xfffffffc,rbx=0x6c,rcx=0x0,rdx=0xffff8880001d8500,rsi=0x6c,rdi=0xffff888000143638,rbp=0xffff888007b1d607,rsp=0xffffc9000000bcc8,r8=0x0,r9=0xffff888000152000,r10=0x6c,r11=0x0,r12=0x6c,r13=0xffff888000143638,r14=0xff,r15=0xffff888007b1d668
=> 0xffffffff810db9a6 <conv_uni_to_pc+114>:	test   %rdx,%rdx
Regs: rax=0xfffffffc,rbx=0x6c,rcx=0x0,rdx=0xffff8880001d8500,rsi=0x6c,rdi=0xffff888000143638,rbp=0xffff888007b1d607,rsp=0xffffc9000000bcc8,r8=0x0,r9=0xffff888000152000,r10=0x6c,r11=0x0,r12=0x6c,r13=0xffff888000143638,r14=0xff,r15=0xffff888007b1d668
=> 0xffffffff810db9a9 <conv_uni_to_pc+117>:	je     0xffffffff810db9da <conv_uni_to_pc+166>
Regs: rax=0xfffffffc,rbx=0x6c,rcx=0x0,rdx=0xffff8880001d8500,rsi=0x6c,rdi=0xffff888000143638,rbp=0xffff888007b1d607,rsp=0xffffc9000000bcc8,r8=0x0,r9=0xffff888000152000,r10=0x6c,r11=0x0,r12=0x6c,r13=0xffff888000143638,r14=0xff,r15=0xffff888007b1d668
=> 0xffffffff810db9ab <conv_uni_to_pc+119>:	mov    %rsi,%rax
Regs: rax=0x6c,rbx=0x6c,rcx=0x0,rdx=0xffff8880001d8500,rsi=0x6c,rdi=0xffff888000143638,rbp=0xffff888007b1d607,rsp=0xffffc9000000bcc8,r8=0x0,r9=0xffff888000152000,r10=0x6c,r11=0x0,r12=0x6c,r13=0xffff888000143638,r14=0xff,r15=0xffff888007b1d668
=> 0xffffffff810db9ae <conv_uni_to_pc+122>:	shr    $0x6,%rax
Regs: rax=0x1,rbx=0x6c,rcx=0x0,rdx=0xffff8880001d8500,rsi=0x6c,rdi=0xffff888000143638,rbp=0xffff888007b1d607,rsp=0xffffc9000000bcc8,r8=0x0,r9=0xffff888000152000,r10=0x6c,r11=0x0,r12=0x6c,r13=0xffff888000143638,r14=0xff,r15=0xffff888007b1d668
=> 0xffffffff810db9b2 <conv_uni_to_pc+126>:	and    $0x1f,%eax
Regs: rax=0x1,rbx=0x6c,rcx=0x0,rdx=0xffff8880001d8500,rsi=0x6c,rdi=0xffff888000143638,rbp=0xffff888007b1d607,rsp=0xffffc9000000bcc8,r8=0x0,r9=0xffff888000152000,r10=0x6c,r11=0x0,r12=0x6c,r13=0xffff888000143638,r14=0xff,r15=0xffff888007b1d668
=> 0xffffffff810db9b5 <conv_uni_to_pc+129>:	mov    (%rdx,%rax,8),%rdx
Regs: rax=0x1,rbx=0x6c,rcx=0x0,rdx=0xffff8880001d7e00,rsi=0x6c,rdi=0xffff888000143638,rbp=0xffff888007b1d607,rsp=0xffffc9000000bcc8,r8=0x0,r9=0xffff888000152000,r10=0x6c,r11=0x0,r12=0x6c,r13=0xffff888000143638,r14=0xff,r15=0xffff888007b1d668
=> 0xffffffff810db9b9 <conv_uni_to_pc+133>:	mov    $0xfffffffc,%eax
Regs: rax=0xfffffffc,rbx=0x6c,rcx=0x0,rdx=0xffff8880001d7e00,rsi=0x6c,rdi=0xffff888000143638,rbp=0xffff888007b1d607,rsp=0xffffc9000000bcc8,r8=0x0,r9=0xffff888000152000,r10=0x6c,r11=0x0,r12=0x6c,r13=0xffff888000143638,r14=0xff,r15=0xffff888007b1d668
=> 0xffffffff810db9be <conv_uni_to_pc+138>:	test   %rdx,%rdx
Regs: rax=0xfffffffc,rbx=0x6c,rcx=0x0,rdx=0xffff8880001d7e00,rsi=0x6c,rdi=0xffff888000143638,rbp=0xffff888007b1d607,rsp=0xffffc9000000bcc8,r8=0x0,r9=0xffff888000152000,r10=0x6c,r11=0x0,r12=0x6c,r13=0xffff888000143638,r14=0xff,r15=0xffff888007b1d668
=> 0xffffffff810db9c1 <conv_uni_to_pc+141>:	je     0xffffffff810db9da <conv_uni_to_pc+166>
Regs: rax=0xfffffffc,rbx=0x6c,rcx=0x0,rdx=0xffff8880001d7e00,rsi=0x6c,rdi=0xffff888000143638,rbp=0xffff888007b1d607,rsp=0xffffc9000000bcc8,r8=0x0,r9=0xffff888000152000,r10=0x6c,r11=0x0,r12=0x6c,r13=0xffff888000143638,r14=0xff,r15=0xffff888007b1d668
=> 0xffffffff810db9c3 <conv_uni_to_pc+143>:	and    $0x3f,%esi
Regs: rax=0xfffffffc,rbx=0x6c,rcx=0x0,rdx=0xffff8880001d7e00,rsi=0x2c,rdi=0xffff888000143638,rbp=0xffff888007b1d607,rsp=0xffffc9000000bcc8,r8=0x0,r9=0xffff888000152000,r10=0x6c,r11=0x0,r12=0x6c,r13=0xffff888000143638,r14=0xff,r15=0xffff888007b1d668
=> 0xffffffff810db9c6 <conv_uni_to_pc+146>:	mov    (%rdx,%rsi,2),%dx
Regs: rax=0xfffffffc,rbx=0x6c,rcx=0x0,rdx=0xffff8880001d006c,rsi=0x2c,rdi=0xffff888000143638,rbp=0xffff888007b1d607,rsp=0xffffc9000000bcc8,r8=0x0,r9=0xffff888000152000,r10=0x6c,r11=0x0,r12=0x6c,r13=0xffff888000143638,r14=0xff,r15=0xffff888007b1d668
=> 0xffffffff810db9ca <conv_uni_to_pc+150>:	cmp    $0x1ff,%dx
Regs: rax=0xfffffffc,rbx=0x6c,rcx=0x0,rdx=0xffff8880001d006c,rsi=0x2c,rdi=0xffff888000143638,rbp=0xffff888007b1d607,rsp=0xffffc9000000bcc8,r8=0x0,r9=0xffff888000152000,r10=0x6c,r11=0x0,r12=0x6c,r13=0xffff888000143638,r14=0xff,r15=0xffff888007b1d668
=> 0xffffffff810db9cf <conv_uni_to_pc+155>:	ja     0xffffffff810db9da <conv_uni_to_pc+166>
Regs: rax=0xfffffffc,rbx=0x6c,rcx=0x0,rdx=0xffff8880001d006c,rsi=0x2c,rdi=0xffff888000143638,rbp=0xffff888007b1d607,rsp=0xffffc9000000bcc8,r8=0x0,r9=0xffff888000152000,r10=0x6c,r11=0x0,r12=0x6c,r13=0xffff888000143638,r14=0xff,r15=0xffff888007b1d668
=> 0xffffffff810db9d1 <conv_uni_to_pc+157>:	movzwl %dx,%eax
Regs: rax=0x6c,rbx=0x6c,rcx=0x0,rdx=0xffff8880001d006c,rsi=0x2c,rdi=0xffff888000143638,rbp=0xffff888007b1d607,rsp=0xffffc9000000bcc8,r8=0x0,r9=0xffff888000152000,r10=0x6c,r11=0x0,r12=0x6c,r13=0xffff888000143638,r14=0xff,r15=0xffff888007b1d668
=> 0xffffffff810db9d4 <conv_uni_to_pc+160>:	ret    
Regs: rax=0x6c,rbx=0x6c,rcx=0x0,rdx=0xffff8880001d006c,rsi=0x2c,rdi=0xffff888000143638,rbp=0xffff888007b1d607,rsp=0xffffc9000000bcd0,r8=0x0,r9=0xffff888000152000,r10=0x6c,r11=0x0,r12=0x6c,r13=0xffff888000143638,r14=0xff,r15=0xffff888007b1d668
=> 0xffffffff810df619 <do_con_write+1108>:	not    %r14d
Regs: rax=0x6c,rbx=0x6c,rcx=0x0,rdx=0xffff8880001d006c,rsi=0x2c,rdi=0xffff888000143638,rbp=0xffff888007b1d607,rsp=0xffffc9000000bcd0,r8=0x0,r9=0xffff888000152000,r10=0x6c,r11=0x0,r12=0x6c,r13=0xffff888000143638,r14=0xffffff00,r15=0xffff888007b1d668
=> 0xffffffff810df61c <do_con_write+1111>:	test   %r14d,%eax
Regs: rax=0x6c,rbx=0x6c,rcx=0x0,rdx=0xffff8880001d006c,rsi=0x2c,rdi=0xffff888000143638,rbp=0xffff888007b1d607,rsp=0xffffc9000000bcd0,r8=0x0,r9=0xffff888000152000,r10=0x6c,r11=0x0,r12=0x6c,r13=0xffff888000143638,r14=0xffffff00,r15=0xffff888007b1d668
=> 0xffffffff810df61f <do_con_write+1114>:	je     0xffffffff810df6e1 <do_con_write+1308>
Regs: rax=0x6c,rbx=0x6c,rcx=0x0,rdx=0xffff8880001d006c,rsi=0x2c,rdi=0xffff888000143638,rbp=0xffff888007b1d607,rsp=0xffffc9000000bcd0,r8=0x0,r9=0xffff888000152000,r10=0x6c,r11=0x0,r12=0x6c,r13=0xffff888000143638,r14=0xffffff00,r15=0xffff888007b1d668
=> 0xffffffff810df6e1 <do_con_write+1308>:	movzwl 0x10(%rsp),%edx
Regs: rax=0x6c,rbx=0x6c,rcx=0x0,rdx=0x0,rsi=0x2c,rdi=0xffff888000143638,rbp=0xffff888007b1d607,rsp=0xffffc9000000bcd0,r8=0x0,r9=0xffff888000152000,r10=0x6c,r11=0x0,r12=0x6c,r13=0xffff888000143638,r14=0xffffff00,r15=0xffff888007b1d668
=> 0xffffffff810df6e6 <do_con_write+1313>:	movzbl %bpl,%ebp
Regs: rax=0x6c,rbx=0x6c,rcx=0x0,rdx=0x0,rsi=0x2c,rdi=0xffff888000143638,rbp=0x7,rsp=0xffffc9000000bcd0,r8=0x0,r9=0xffff888000152000,r10=0x6c,r11=0x0,r12=0x6c,r13=0xffff888000143638,r14=0xffffff00,r15=0xffff888007b1d668
=> 0xffffffff810df6ea <do_con_write+1317>:	shl    $0x8,%ebp
Regs: rax=0x6c,rbx=0x6c,rcx=0x0,rdx=0x0,rsi=0x2c,rdi=0xffff888000143638,rbp=0x700,rsp=0xffffc9000000bcd0,r8=0x0,r9=0xffff888000152000,r10=0x6c,r11=0x0,r12=0x6c,r13=0xffff888000143638,r14=0xffffff00,r15=0xffff888007b1d668
=> 0xffffffff810df6ed <do_con_write+1320>:	mov    %ebp,%r14d
Regs: rax=0x6c,rbx=0x6c,rcx=0x0,rdx=0x0,rsi=0x2c,rdi=0xffff888000143638,rbp=0x700,rsp=0xffffc9000000bcd0,r8=0x0,r9=0xffff888000152000,r10=0x6c,r11=0x0,r12=0x6c,r13=0xffff888000143638,r14=0x700,r15=0xffff888007b1d668
=> 0xffffffff810df6f0 <do_con_write+1323>:	not    %edx
Regs: rax=0x6c,rbx=0x6c,rcx=0x0,rdx=0xffffffff,rsi=0x2c,rdi=0xffff888000143638,rbp=0x700,rsp=0xffffc9000000bcd0,r8=0x0,r9=0xffff888000152000,r10=0x6c,r11=0x0,r12=0x6c,r13=0xffff888000143638,r14=0x700,r15=0xffff888007b1d668
=> 0xffffffff810df6f2 <do_con_write+1325>:	mov    %r12d,%ebp
Regs: rax=0x6c,rbx=0x6c,rcx=0x0,rdx=0xffffffff,rsi=0x2c,rdi=0xffff888000143638,rbp=0x6c,rsp=0xffffc9000000bcd0,r8=0x0,r9=0xffff888000152000,r10=0x6c,r11=0x0,r12=0x6c,r13=0xffff888000143638,r14=0x700,r15=0xffff888007b1d668
=> 0xffffffff810df6f5 <do_con_write+1328>:	and    %edx,%r14d
Regs: rax=0x6c,rbx=0x6c,rcx=0x0,rdx=0xffffffff,rsi=0x2c,rdi=0xffff888000143638,rbp=0x6c,rsp=0xffffc9000000bcd0,r8=0x0,r9=0xffff888000152000,r10=0x6c,r11=0x0,r12=0x6c,r13=0xffff888000143638,r14=0x700,r15=0xffff888007b1d668
=> 0xffffffff810df6f8 <do_con_write+1331>:	testw  $0x440,0x270(%r13)
Regs: rax=0x6c,rbx=0x6c,rcx=0x0,rdx=0xffffffff,rsi=0x2c,rdi=0xffff888000143638,rbp=0x6c,rsp=0xffffc9000000bcd0,r8=0x0,r9=0xffff888000152000,r10=0x6c,r11=0x0,r12=0x6c,r13=0xffff888000143638,r14=0x700,r15=0xffff888007b1d668
=> 0xffffffff810df702 <do_con_write+1341>:	je     0xffffffff810df719 <do_con_write+1364>
Regs: rax=0x6c,rbx=0x6c,rcx=0x0,rdx=0xffffffff,rsi=0x2c,rdi=0xffff888000143638,rbp=0x6c,rsp=0xffffc9000000bcd0,r8=0x0,r9=0xffff888000152000,r10=0x6c,r11=0x0,r12=0x6c,r13=0xffff888000143638,r14=0x700,r15=0xffff888007b1d668
=> 0xffffffff810df719 <do_con_write+1364>:	testb  $0x4,0x271(%r13)
Regs: rax=0x6c,rbx=0x6c,rcx=0x0,rdx=0xffffffff,rsi=0x2c,rdi=0xffff888000143638,rbp=0x6c,rsp=0xffffc9000000bcd0,r8=0x0,r9=0xffff888000152000,r10=0x6c,r11=0x0,r12=0x6c,r13=0xffff888000143638,r14=0x700,r15=0xffff888007b1d668
=> 0xffffffff810df721 <do_con_write+1372>:	je     0xffffffff810df73b <do_con_write+1398>
Regs: rax=0x6c,rbx=0x6c,rcx=0x0,rdx=0xffffffff,rsi=0x2c,rdi=0xffff888000143638,rbp=0x6c,rsp=0xffffc9000000bcd0,r8=0x0,r9=0xffff888000152000,r10=0x6c,r11=0x0,r12=0x6c,r13=0xffff888000143638,r14=0x700,r15=0xffff888007b1d668
=> 0xffffffff810df73b <do_con_write+1398>:	testb  $0x40,0x270(%r13)
Regs: rax=0x6c,rbx=0x6c,rcx=0x0,rdx=0xffffffff,rsi=0x2c,rdi=0xffff888000143638,rbp=0x6c,rsp=0xffffc9000000bcd0,r8=0x0,r9=0xffff888000152000,r10=0x6c,r11=0x0,r12=0x6c,r13=0xffff888000143638,r14=0x700,r15=0xffff888007b1d668
=> 0xffffffff810df743 <do_con_write+1406>:	je     0xffffffff810df75a <do_con_write+1429>
Regs: rax=0x6c,rbx=0x6c,rcx=0x0,rdx=0xffffffff,rsi=0x2c,rdi=0xffff888000143638,rbp=0x6c,rsp=0xffffc9000000bcd0,r8=0x0,r9=0xffff888000152000,r10=0x6c,r11=0x0,r12=0x6c,r13=0xffff888000143638,r14=0x700,r15=0xffff888007b1d668
=> 0xffffffff810df75a <do_con_write+1429>:	mov    0x2f8(%r13),%rdx
Regs: rax=0x6c,rbx=0x6c,rcx=0x0,rdx=0x0,rsi=0x2c,rdi=0xffff888000143638,rbp=0x6c,rsp=0xffffc9000000bcd0,r8=0x0,r9=0xffff888000152000,r10=0x6c,r11=0x0,r12=0x6c,r13=0xffff888000143638,r14=0x700,r15=0xffff888007b1d668
=> 0xffffffff810df761 <do_con_write+1436>:	test   %rdx,%rdx
Regs: rax=0x6c,rbx=0x6c,rcx=0x0,rdx=0x0,rsi=0x2c,rdi=0xffff888000143638,rbp=0x6c,rsp=0xffffc9000000bcd0,r8=0x0,r9=0xffff888000152000,r10=0x6c,r11=0x0,r12=0x6c,r13=0xffff888000143638,r14=0x700,r15=0xffff888007b1d668
=> 0xffffffff810df764 <do_con_write+1439>:	je     0xffffffff810df77b <do_con_write+1462>
Regs: rax=0x6c,rbx=0x6c,rcx=0x0,rdx=0x0,rsi=0x2c,rdi=0xffff888000143638,rbp=0x6c,rsp=0xffffc9000000bcd0,r8=0x0,r9=0xffff888000152000,r10=0x6c,r11=0x0,r12=0x6c,r13=0xffff888000143638,r14=0x700,r15=0xffff888007b1d668
=> 0xffffffff810df77b <do_con_write+1462>:	cmpw   $0x0,0x10(%rsp)
Regs: rax=0x6c,rbx=0x6c,rcx=0x0,rdx=0x0,rsi=0x2c,rdi=0xffff888000143638,rbp=0x6c,rsp=0xffffc9000000bcd0,r8=0x0,r9=0xffff888000152000,r10=0x6c,r11=0x0,r12=0x6c,r13=0xffff888000143638,r14=0x700,r15=0xffff888007b1d668
=> 0xffffffff810df781 <do_con_write+1468>:	je     0xffffffff810df796 <do_con_write+1489>
Regs: rax=0x6c,rbx=0x6c,rcx=0x0,rdx=0x0,rsi=0x2c,rdi=0xffff888000143638,rbp=0x6c,rsp=0xffffc9000000bcd0,r8=0x0,r9=0xffff888000152000,r10=0x6c,r11=0x0,r12=0x6c,r13=0xffff888000143638,r14=0x700,r15=0xffff888007b1d668
=> 0xffffffff810df796 <do_con_write+1489>:	mov    0x1d0(%r13),%rdx
Regs: rax=0x6c,rbx=0x6c,rcx=0x0,rdx=0xffff8880000bcf68,rsi=0x2c,rdi=0xffff888000143638,rbp=0x6c,rsp=0xffffc9000000bcd0,r8=0x0,r9=0xffff888000152000,r10=0x6c,r11=0x0,r12=0x6c,r13=0xffff888000143638,r14=0x700,r15=0xffff888007b1d668
=> 0xffffffff810df79d <do_con_write+1496>:	or     %r14d,%eax
Regs: rax=0x76c,rbx=0x6c,rcx=0x0,rdx=0xffff8880000bcf68,rsi=0x2c,rdi=0xffff888000143638,rbp=0x6c,rsp=0xffffc9000000bcd0,r8=0x0,r9=0xffff888000152000,r10=0x6c,r11=0x0,r12=0x6c,r13=0xffff888000143638,r14=0x700,r15=0xffff888007b1d668
=> 0xffffffff810df7a0 <do_con_write+1499>:	mov    %r13,%rdi
Regs: rax=0x76c,rbx=0x6c,rcx=0x0,rdx=0xffff8880000bcf68,rsi=0x2c,rdi=0xffff888000143638,rbp=0x6c,rsp=0xffffc9000000bcd0,r8=0x0,r9=0xffff888000152000,r10=0x6c,r11=0x0,r12=0x6c,r13=0xffff888000143638,r14=0x700,r15=0xffff888007b1d668
=> 0xffffffff810df7a3 <do_con_write+1502>:	mov    %ax,(%rdx)
Regs: rax=0x76c,rbx=0x6c,rcx=0x0,rdx=0xffff8880000bcf68,rsi=0x2c,rdi=0xffff888000143638,rbp=0x6c,rsp=0xffffc9000000bcd0,r8=0x0,r9=0xffff888000152000,r10=0x6c,r11=0x0,r12=0x6c,r13=0xffff888000143638,r14=0x700,r15=0xffff888007b1d668
=> 0xffffffff810df7a6 <do_con_write+1505>:	call   0xffffffff810dce4e <con_should_update>
Regs: rax=0x76c,rbx=0x6c,rcx=0x0,rdx=0xffff8880000bcf68,rsi=0x2c,rdi=0xffff888000143638,rbp=0x6c,rsp=0xffffc9000000bcc8,r8=0x0,r9=0xffff888000152000,r10=0x6c,r11=0x0,r12=0x6c,r13=0xffff888000143638,r14=0x700,r15=0xffff888007b1d668
=> 0xffffffff810dce4e <con_should_update>:	call   0xffffffff810dce2c <con_is_visible>
Regs: rax=0x76c,rbx=0x6c,rcx=0x0,rdx=0xffff8880000bcf68,rsi=0x2c,rdi=0xffff888000143638,rbp=0x6c,rsp=0xffffc9000000bcc0,r8=0x0,r9=0xffff888000152000,r10=0x6c,r11=0x0,r12=0x6c,r13=0xffff888000143638,r14=0x700,r15=0xffff888007b1d668
=> 0xffffffff810dce2c <con_is_visible>:	mov    0x7dc24e(%rip),%eax        # 0xffffffff818b9080 <ignore_console_lock_warning>
Regs: rax=0x0,rbx=0x6c,rcx=0x0,rdx=0xffff8880000bcf68,rsi=0x2c,rdi=0xffff888000143638,rbp=0x6c,rsp=0xffffc9000000bcc0,r8=0x0,r9=0xffff888000152000,r10=0x6c,r11=0x0,r12=0x6c,r13=0xffff888000143638,r14=0x700,r15=0xffff888007b1d668
=> 0xffffffff810dce32 <con_is_visible+6>:	push   %rbx
Regs: rax=0x0,rbx=0x6c,rcx=0x0,rdx=0xffff8880000bcf68,rsi=0x2c,rdi=0xffff888000143638,rbp=0x6c,rsp=0xffffc9000000bcb8,r8=0x0,r9=0xffff888000152000,r10=0x6c,r11=0x0,r12=0x6c,r13=0xffff888000143638,r14=0x700,r15=0xffff888007b1d668
=> 0xffffffff810dce33 <con_is_visible+7>:	mov    %rdi,%rbx
Regs: rax=0x0,rbx=0xffff888000143638,rcx=0x0,rdx=0xffff8880000bcf68,rsi=0x2c,rdi=0xffff888000143638,rbp=0x6c,rsp=0xffffc9000000bcb8,r8=0x0,r9=0xffff888000152000,r10=0x6c,r11=0x0,r12=0x6c,r13=0xffff888000143638,r14=0x700,r15=0xffff888007b1d668
=> 0xffffffff810dce36 <con_is_visible+10>:	test   %eax,%eax
Regs: rax=0x0,rbx=0xffff888000143638,rcx=0x0,rdx=0xffff8880000bcf68,rsi=0x2c,rdi=0xffff888000143638,rbp=0x6c,rsp=0xffffc9000000bcb8,r8=0x0,r9=0xffff888000152000,r10=0x6c,r11=0x0,r12=0x6c,r13=0xffff888000143638,r14=0x700,r15=0xffff888007b1d668
=> 0xffffffff810dce38 <con_is_visible+12>:	jne    0xffffffff810dce3f <con_is_visible+19>
Regs: rax=0x0,rbx=0xffff888000143638,rcx=0x0,rdx=0xffff8880000bcf68,rsi=0x2c,rdi=0xffff888000143638,rbp=0x6c,rsp=0xffffc9000000bcb8,r8=0x0,r9=0xffff888000152000,r10=0x6c,r11=0x0,r12=0x6c,r13=0xffff888000143638,r14=0x700,r15=0xffff888007b1d668
=> 0xffffffff810dce3a <con_is_visible+14>:	call   0xffffffff8103e7e6 <is_console_locked>
Regs: rax=0x0,rbx=0xffff888000143638,rcx=0x0,rdx=0xffff8880000bcf68,rsi=0x2c,rdi=0xffff888000143638,rbp=0x6c,rsp=0xffffc9000000bcb0,r8=0x0,r9=0xffff888000152000,r10=0x6c,r11=0x0,r12=0x6c,r13=0xffff888000143638,r14=0x700,r15=0xffff888007b1d668
=> 0xffffffff8103e7e6 <is_console_locked>:	mov    0x9261f8(%rip),%eax        # 0xffffffff819649e4 <console_locked>
Regs: rax=0x1,rbx=0xffff888000143638,rcx=0x0,rdx=0xffff8880000bcf68,rsi=0x2c,rdi=0xffff888000143638,rbp=0x6c,rsp=0xffffc9000000bcb0,r8=0x0,r9=0xffff888000152000,r10=0x6c,r11=0x0,r12=0x6c,r13=0xffff888000143638,r14=0x700,r15=0xffff888007b1d668
=> 0xffffffff8103e7ec <is_console_locked+6>:	ret    
Regs: rax=0x1,rbx=0xffff888000143638,rcx=0x0,rdx=0xffff8880000bcf68,rsi=0x2c,rdi=0xffff888000143638,rbp=0x6c,rsp=0xffffc9000000bcb8,r8=0x0,r9=0xffff888000152000,r10=0x6c,r11=0x0,r12=0x6c,r13=0xffff888000143638,r14=0x700,r15=0xffff888007b1d668
=> 0xffffffff810dce3f <con_is_visible+19>:	mov    0x2e0(%rbx),%rax
Regs: rax=0xffffffff81969f60,rbx=0xffff888000143638,rcx=0x0,rdx=0xffff8880000bcf68,rsi=0x2c,rdi=0xffff888000143638,rbp=0x6c,rsp=0xffffc9000000bcb8,r8=0x0,r9=0xffff888000152000,r10=0x6c,r11=0x0,r12=0x6c,r13=0xffff888000143638,r14=0x700,r15=0xffff888007b1d668
=> 0xffffffff810dce46 <con_is_visible+26>:	cmp    %rbx,(%rax)
Regs: rax=0xffffffff81969f60,rbx=0xffff888000143638,rcx=0x0,rdx=0xffff8880000bcf68,rsi=0x2c,rdi=0xffff888000143638,rbp=0x6c,rsp=0xffffc9000000bcb8,r8=0x0,r9=0xffff888000152000,r10=0x6c,r11=0x0,r12=0x6c,r13=0xffff888000143638,r14=0x700,r15=0xffff888007b1d668
=> 0xffffffff810dce49 <con_is_visible+29>:	pop    %rbx
Regs: rax=0xffffffff81969f60,rbx=0x6c,rcx=0x0,rdx=0xffff8880000bcf68,rsi=0x2c,rdi=0xffff888000143638,rbp=0x6c,rsp=0xffffc9000000bcc0,r8=0x0,r9=0xffff888000152000,r10=0x6c,r11=0x0,r12=0x6c,r13=0xffff888000143638,r14=0x700,r15=0xffff888007b1d668
=> 0xffffffff810dce4a <con_is_visible+30>:	sete   %al
Regs: rax=0xffffffff81969f01,rbx=0x6c,rcx=0x0,rdx=0xffff8880000bcf68,rsi=0x2c,rdi=0xffff888000143638,rbp=0x6c,rsp=0xffffc9000000bcc0,r8=0x0,r9=0xffff888000152000,r10=0x6c,r11=0x0,r12=0x6c,r13=0xffff888000143638,r14=0x700,r15=0xffff888007b1d668
=> 0xffffffff810dce4d <con_is_visible+33>:	ret    
Regs: rax=0xffffffff81969f01,rbx=0x6c,rcx=0x0,rdx=0xffff8880000bcf68,rsi=0x2c,rdi=0xffff888000143638,rbp=0x6c,rsp=0xffffc9000000bcc8,r8=0x0,r9=0xffff888000152000,r10=0x6c,r11=0x0,r12=0x6c,r13=0xffff888000143638,r14=0x700,r15=0xffff888007b1d668
=> 0xffffffff810dce53 <con_should_update+5>:	mov    %eax,%edx
Regs: rax=0xffffffff81969f01,rbx=0x6c,rcx=0x0,rdx=0x81969f01,rsi=0x2c,rdi=0xffff888000143638,rbp=0x6c,rsp=0xffffc9000000bcc8,r8=0x0,r9=0xffff888000152000,r10=0x6c,r11=0x0,r12=0x6c,r13=0xffff888000143638,r14=0x700,r15=0xffff888007b1d668
=> 0xffffffff810dce55 <con_should_update+7>:	xor    %eax,%eax
Regs: rax=0x0,rbx=0x6c,rcx=0x0,rdx=0x81969f01,rsi=0x2c,rdi=0xffff888000143638,rbp=0x6c,rsp=0xffffc9000000bcc8,r8=0x0,r9=0xffff888000152000,r10=0x6c,r11=0x0,r12=0x6c,r13=0xffff888000143638,r14=0x700,r15=0xffff888007b1d668
=> 0xffffffff810dce57 <con_should_update+9>:	test   %dl,%dl
Regs: rax=0x0,rbx=0x6c,rcx=0x0,rdx=0x81969f01,rsi=0x2c,rdi=0xffff888000143638,rbp=0x6c,rsp=0xffffc9000000bcc8,r8=0x0,r9=0xffff888000152000,r10=0x6c,r11=0x0,r12=0x6c,r13=0xffff888000143638,r14=0x700,r15=0xffff888007b1d668
=> 0xffffffff810dce59 <con_should_update+11>:	je     0xffffffff810dce67 <con_should_update+25>
Regs: rax=0x0,rbx=0x6c,rcx=0x0,rdx=0x81969f01,rsi=0x2c,rdi=0xffff888000143638,rbp=0x6c,rsp=0xffffc9000000bcc8,r8=0x0,r9=0xffff888000152000,r10=0x6c,r11=0x0,r12=0x6c,r13=0xffff888000143638,r14=0x700,r15=0xffff888007b1d668
=> 0xffffffff810dce5b <con_should_update+13>:	xor    %eax,%eax
Regs: rax=0x0,rbx=0x6c,rcx=0x0,rdx=0x81969f01,rsi=0x2c,rdi=0xffff888000143638,rbp=0x6c,rsp=0xffffc9000000bcc8,r8=0x0,r9=0xffff888000152000,r10=0x6c,r11=0x0,r12=0x6c,r13=0xffff888000143638,r14=0x700,r15=0xffff888007b1d668
=> 0xffffffff810dce5d <con_should_update+15>:	cmpl   $0x0,0x88c674(%rip)        # 0xffffffff819694d8 <console_blanked>
Regs: rax=0x0,rbx=0x6c,rcx=0x0,rdx=0x81969f01,rsi=0x2c,rdi=0xffff888000143638,rbp=0x6c,rsp=0xffffc9000000bcc8,r8=0x0,r9=0xffff888000152000,r10=0x6c,r11=0x0,r12=0x6c,r13=0xffff888000143638,r14=0x700,r15=0xffff888007b1d668
=> 0xffffffff810dce64 <con_should_update+22>:	sete   %al
Regs: rax=0x1,rbx=0x6c,rcx=0x0,rdx=0x81969f01,rsi=0x2c,rdi=0xffff888000143638,rbp=0x6c,rsp=0xffffc9000000bcc8,r8=0x0,r9=0xffff888000152000,r10=0x6c,r11=0x0,r12=0x6c,r13=0xffff888000143638,r14=0x700,r15=0xffff888007b1d668
=> 0xffffffff810dce67 <con_should_update+25>:	and    $0x1,%eax
Regs: rax=0x1,rbx=0x6c,rcx=0x0,rdx=0x81969f01,rsi=0x2c,rdi=0xffff888000143638,rbp=0x6c,rsp=0xffffc9000000bcc8,r8=0x0,r9=0xffff888000152000,r10=0x6c,r11=0x0,r12=0x6c,r13=0xffff888000143638,r14=0x700,r15=0xffff888007b1d668
=> 0xffffffff810dce6a <con_should_update+28>:	ret    
Regs: rax=0x1,rbx=0x6c,rcx=0x0,rdx=0x81969f01,rsi=0x2c,rdi=0xffff888000143638,rbp=0x6c,rsp=0xffffc9000000bcd0,r8=0x0,r9=0xffff888000152000,r10=0x6c,r11=0x0,r12=0x6c,r13=0xffff888000143638,r14=0x700,r15=0xffff888007b1d668
=> 0xffffffff810df7ab <do_con_write+1510>:	mov    0x148(%r13),%edx
Regs: rax=0x1,rbx=0x6c,rcx=0x0,rdx=0x4,rsi=0x2c,rdi=0xffff888000143638,rbp=0x6c,rsp=0xffffc9000000bcd0,r8=0x0,r9=0xffff888000152000,r10=0x6c,r11=0x0,r12=0x6c,r13=0xffff888000143638,r14=0x700,r15=0xffff888007b1d668
=> 0xffffffff810df7b2 <do_con_write+1517>:	test   %al,%al
Regs: rax=0x1,rbx=0x6c,rcx=0x0,rdx=0x4,rsi=0x2c,rdi=0xffff888000143638,rbp=0x6c,rsp=0xffffc9000000bcd0,r8=0x0,r9=0xffff888000152000,r10=0x6c,r11=0x0,r12=0x6c,r13=0xffff888000143638,r14=0x700,r15=0xffff888007b1d668
=> 0xffffffff810df7b4 <do_con_write+1519>:	mov    0x1d0(%r13),%rax
Regs: rax=0xffff8880000bcf68,rbx=0x6c,rcx=0x0,rdx=0x4,rsi=0x2c,rdi=0xffff888000143638,rbp=0x6c,rsp=0xffffc9000000bcd0,r8=0x0,r9=0xffff888000152000,r10=0x6c,r11=0x0,r12=0x6c,r13=0xffff888000143638,r14=0x700,r15=0xffff888007b1d668
=> 0xffffffff810df7bb <do_con_write+1526>:	je     0xffffffff810df7cd <do_con_write+1544>
Regs: rax=0xffff8880000bcf68,rbx=0x6c,rcx=0x0,rdx=0x4,rsi=0x2c,rdi=0xffff888000143638,rbp=0x6c,rsp=0xffffc9000000bcd0,r8=0x0,r9=0xffff888000152000,r10=0x6c,r11=0x0,r12=0x6c,r13=0xffff888000143638,r14=0x700,r15=0xffff888007b1d668
=> 0xffffffff810df7bd <do_con_write+1528>:	cmpl   $0x0,0x48(%rsp)
Regs: rax=0xffff8880000bcf68,rbx=0x6c,rcx=0x0,rdx=0x4,rsi=0x2c,rdi=0xffff888000143638,rbp=0x6c,rsp=0xffffc9000000bcd0,r8=0x0,r9=0xffff888000152000,r10=0x6c,r11=0x0,r12=0x6c,r13=0xffff888000143638,r14=0x700,r15=0xffff888007b1d668
=> 0xffffffff810df7c2 <do_con_write+1533>:	jns    0xffffffff810df7cd <do_con_write+1544>
Regs: rax=0xffff8880000bcf68,rbx=0x6c,rcx=0x0,rdx=0x4,rsi=0x2c,rdi=0xffff888000143638,rbp=0x6c,rsp=0xffffc9000000bcd0,r8=0x0,r9=0xffff888000152000,r10=0x6c,r11=0x0,r12=0x6c,r13=0xffff888000143638,r14=0x700,r15=0xffff888007b1d668
=> 0xffffffff810df7c4 <do_con_write+1535>:	mov    %edx,0x48(%rsp)
Regs: rax=0xffff8880000bcf68,rbx=0x6c,rcx=0x0,rdx=0x4,rsi=0x2c,rdi=0xffff888000143638,rbp=0x6c,rsp=0xffffc9000000bcd0,r8=0x0,r9=0xffff888000152000,r10=0x6c,r11=0x0,r12=0x6c,r13=0xffff888000143638,r14=0x700,r15=0xffff888007b1d668
=> 0xffffffff810df7c8 <do_con_write+1539>:	mov    %rax,0x38(%rsp)
Regs: rax=0xffff8880000bcf68,rbx=0x6c,rcx=0x0,rdx=0x4,rsi=0x2c,rdi=0xffff888000143638,rbp=0x6c,rsp=0xffffc9000000bcd0,r8=0x0,r9=0xffff888000152000,r10=0x6c,r11=0x0,r12=0x6c,r13=0xffff888000143638,r14=0x700,r15=0xffff888007b1d668
=> 0xffffffff810df7cd <do_con_write+1544>:	mov    0x174(%r13),%ecx
Regs: rax=0xffff8880000bcf68,rbx=0x6c,rcx=0x50,rdx=0x4,rsi=0x2c,rdi=0xffff888000143638,rbp=0x6c,rsp=0xffffc9000000bcd0,r8=0x0,r9=0xffff888000152000,r10=0x6c,r11=0x0,r12=0x6c,r13=0xffff888000143638,r14=0x700,r15=0xffff888007b1d668
=> 0xffffffff810df7d4 <do_con_write+1551>:	add    $0x2,%rax
Regs: rax=0xffff8880000bcf6a,rbx=0x6c,rcx=0x50,rdx=0x4,rsi=0x2c,rdi=0xffff888000143638,rbp=0x6c,rsp=0xffffc9000000bcd0,r8=0x0,r9=0xffff888000152000,r10=0x6c,r11=0x0,r12=0x6c,r13=0xffff888000143638,r14=0x700,r15=0xffff888007b1d668
=> 0xffffffff810df7d8 <do_con_write+1555>:	dec    %ecx
Regs: rax=0xffff8880000bcf6a,rbx=0x6c,rcx=0x4f,rdx=0x4,rsi=0x2c,rdi=0xffff888000143638,rbp=0x6c,rsp=0xffffc9000000bcd0,r8=0x0,r9=0xffff888000152000,r10=0x6c,r11=0x0,r12=0x6c,r13=0xffff888000143638,r14=0x700,r15=0xffff888007b1d668
=> 0xffffffff810df7da <do_con_write+1557>:	cmp    %ecx,%edx
Regs: rax=0xffff8880000bcf6a,rbx=0x6c,rcx=0x4f,rdx=0x4,rsi=0x2c,rdi=0xffff888000143638,rbp=0x6c,rsp=0xffffc9000000bcd0,r8=0x0,r9=0xffff888000152000,r10=0x6c,r11=0x0,r12=0x6c,r13=0xffff888000143638,r14=0x700,r15=0xffff888007b1d668
=> 0xffffffff810df7dc <do_con_write+1559>:	jne    0xffffffff810df800 <do_con_write+1595>
Regs: rax=0xffff8880000bcf6a,rbx=0x6c,rcx=0x4f,rdx=0x4,rsi=0x2c,rdi=0xffff888000143638,rbp=0x6c,rsp=0xffffc9000000bcd0,r8=0x0,r9=0xffff888000152000,r10=0x6c,r11=0x0,r12=0x6c,r13=0xffff888000143638,r14=0x700,r15=0xffff888007b1d668
=> 0xffffffff810df800 <do_con_write+1595>:	inc    %edx
Regs: rax=0xffff8880000bcf6a,rbx=0x6c,rcx=0x4f,rdx=0x5,rsi=0x2c,rdi=0xffff888000143638,rbp=0x6c,rsp=0xffffc9000000bcd0,r8=0x0,r9=0xffff888000152000,r10=0x6c,r11=0x0,r12=0x6c,r13=0xffff888000143638,r14=0x700,r15=0xffff888007b1d668
=> 0xffffffff810df802 <do_con_write+1597>:	mov    %rax,0x1d0(%r13)
Regs: rax=0xffff8880000bcf6a,rbx=0x6c,rcx=0x4f,rdx=0x5,rsi=0x2c,rdi=0xffff888000143638,rbp=0x6c,rsp=0xffffc9000000bcd0,r8=0x0,r9=0xffff888000152000,r10=0x6c,r11=0x0,r12=0x6c,r13=0xffff888000143638,r14=0x700,r15=0xffff888007b1d668
=> 0xffffffff810df809 <do_con_write+1604>:	mov    %edx,0x148(%r13)
Regs: rax=0xffff8880000bcf6a,rbx=0x6c,rcx=0x4f,rdx=0x5,rsi=0x2c,rdi=0xffff888000143638,rbp=0x6c,rsp=0xffffc9000000bcd0,r8=0x0,r9=0xffff888000152000,r10=0x6c,r11=0x0,r12=0x6c,r13=0xffff888000143638,r14=0x700,r15=0xffff888007b1d668
=> 0xffffffff810df810 <do_con_write+1611>:	cmpb   $0x1,0x21(%rsp)
Regs: rax=0xffff8880000bcf6a,rbx=0x6c,rcx=0x4f,rdx=0x5,rsi=0x2c,rdi=0xffff888000143638,rbp=0x6c,rsp=0xffffc9000000bcd0,r8=0x0,r9=0xffff888000152000,r10=0x6c,r11=0x0,r12=0x6c,r13=0xffff888000143638,r14=0x700,r15=0xffff888007b1d668
=> 0xffffffff810df815 <do_con_write+1616>:	mov    %rax,0x40(%rsp)
Regs: rax=0xffff8880000bcf6a,rbx=0x6c,rcx=0x4f,rdx=0x5,rsi=0x2c,rdi=0xffff888000143638,rbp=0x6c,rsp=0xffffc9000000bcd0,r8=0x0,r9=0xffff888000152000,r10=0x6c,r11=0x0,r12=0x6c,r13=0xffff888000143638,r14=0x700,r15=0xffff888007b1d668
=> 0xffffffff810df81a <do_con_write+1621>:	je     0xffffffff810df843 <do_con_write+1662>
Regs: rax=0xffff8880000bcf6a,rbx=0x6c,rcx=0x4f,rdx=0x5,rsi=0x2c,rdi=0xffff888000143638,rbp=0x6c,rsp=0xffffc9000000bcd0,r8=0x0,r9=0xffff888000152000,r10=0x6c,r11=0x0,r12=0x6c,r13=0xffff888000143638,r14=0x700,r15=0xffff888007b1d668
=> 0xffffffff810df843 <do_con_write+1662>:	mov    %r12d,%esi
Regs: rax=0xffff8880000bcf6a,rbx=0x6c,rcx=0x4f,rdx=0x5,rsi=0x6c,rdi=0xffff888000143638,rbp=0x6c,rsp=0xffffc9000000bcd0,r8=0x0,r9=0xffff888000152000,r10=0x6c,r11=0x0,r12=0x6c,r13=0xffff888000143638,r14=0x700,r15=0xffff888007b1d668
=> 0xffffffff810df846 <do_con_write+1665>:	mov    %r13,%rdi
Regs: rax=0xffff8880000bcf6a,rbx=0x6c,rcx=0x4f,rdx=0x5,rsi=0x6c,rdi=0xffff888000143638,rbp=0x6c,rsp=0xffffc9000000bcd0,r8=0x0,r9=0xffff888000152000,r10=0x6c,r11=0x0,r12=0x6c,r13=0xffff888000143638,r14=0x700,r15=0xffff888007b1d668
=> 0xffffffff810df849 <do_con_write+1668>:	call   0xffffffff810dc563 <notify_write>
Regs: rax=0xffff8880000bcf6a,rbx=0x6c,rcx=0x4f,rdx=0x5,rsi=0x6c,rdi=0xffff888000143638,rbp=0x6c,rsp=0xffffc9000000bcc8,r8=0x0,r9=0xffff888000152000,r10=0x6c,r11=0x0,r12=0x6c,r13=0xffff888000143638,r14=0x700,r15=0xffff888007b1d668
=> 0xffffffff810dc563 <notify_write>:	sub    $0x10,%rsp
Regs: rax=0xffff8880000bcf6a,rbx=0x6c,rcx=0x4f,rdx=0x5,rsi=0x6c,rdi=0xffff888000143638,rbp=0x6c,rsp=0xffffc9000000bcb8,r8=0x0,r9=0xffff888000152000,r10=0x6c,r11=0x0,r12=0x6c,r13=0xffff888000143638,r14=0x700,r15=0xffff888007b1d668
=> 0xffffffff810dc567 <notify_write+4>:	xor    %edx,%edx
Regs: rax=0xffff8880000bcf6a,rbx=0x6c,rcx=0x4f,rdx=0x0,rsi=0x6c,rdi=0xffff888000143638,rbp=0x6c,rsp=0xffffc9000000bcb8,r8=0x0,r9=0xffff888000152000,r10=0x6c,r11=0x0,r12=0x6c,r13=0xffff888000143638,r14=0x700,r15=0xffff888007b1d668
=> 0xffffffff810dc569 <notify_write+6>:	mov    %rdi,(%rsp)
Regs: rax=0xffff8880000bcf6a,rbx=0x6c,rcx=0x4f,rdx=0x0,rsi=0x6c,rdi=0xffff888000143638,rbp=0x6c,rsp=0xffffc9000000bcb8,r8=0x0,r9=0xffff888000152000,r10=0x6c,r11=0x0,r12=0x6c,r13=0xffff888000143638,r14=0x700,r15=0xffff888007b1d668
=> 0xffffffff810dc56d <notify_write+10>:	mov    $0xffffffff81969f48,%rdi
Regs: rax=0xffff8880000bcf6a,rbx=0x6c,rcx=0x4f,rdx=0x0,rsi=0x6c,rdi=0xffffffff81969f48,rbp=0x6c,rsp=0xffffc9000000bcb8,r8=0x0,r9=0xffff888000152000,r10=0x6c,r11=0x0,r12=0x6c,r13=0xffff888000143638,r14=0x700,r15=0xffff888007b1d668
=> 0xffffffff810dc574 <notify_write+17>:	mov    %esi,0x8(%rsp)
Regs: rax=0xffff8880000bcf6a,rbx=0x6c,rcx=0x4f,rdx=0x0,rsi=0x6c,rdi=0xffffffff81969f48,rbp=0x6c,rsp=0xffffc9000000bcb8,r8=0x0,r9=0xffff888000152000,r10=0x6c,r11=0x0,r12=0x6c,r13=0xffff888000143638,r14=0x700,r15=0xffff888007b1d668
=> 0xffffffff810dc578 <notify_write+21>:	mov    $0x3,%esi
Regs: rax=0xffff8880000bcf6a,rbx=0x6c,rcx=0x4f,rdx=0x0,rsi=0x3,rdi=0xffffffff81969f48,rbp=0x6c,rsp=0xffffc9000000bcb8,r8=0x0,r9=0xffff888000152000,r10=0x6c,r11=0x0,r12=0x6c,r13=0xffff888000143638,r14=0x700,r15=0xffff888007b1d668
=> 0xffffffff810dc57d <notify_write+26>:	mov    %edx,0xc(%rsp)
Regs: rax=0xffff8880000bcf6a,rbx=0x6c,rcx=0x4f,rdx=0x0,rsi=0x3,rdi=0xffffffff81969f48,rbp=0x6c,rsp=0xffffc9000000bcb8,r8=0x0,r9=0xffff888000152000,r10=0x6c,r11=0x0,r12=0x6c,r13=0xffff888000143638,r14=0x700,r15=0xffff888007b1d668
=> 0xffffffff810dc581 <notify_write+30>:	mov    %rsp,%rdx
Regs: rax=0xffff8880000bcf6a,rbx=0x6c,rcx=0x4f,rdx=0xffffc9000000bcb8,rsi=0x3,rdi=0xffffffff81969f48,rbp=0x6c,rsp=0xffffc9000000bcb8,r8=0x0,r9=0xffff888000152000,r10=0x6c,r11=0x0,r12=0x6c,r13=0xffff888000143638,r14=0x700,r15=0xffff888007b1d668
=> 0xffffffff810dc584 <notify_write+33>:	call   0xffffffff8103547d <atomic_notifier_call_chain>
Regs: rax=0xffff8880000bcf6a,rbx=0x6c,rcx=0x4f,rdx=0xffffc9000000bcb8,rsi=0x3,rdi=0xffffffff81969f48,rbp=0x6c,rsp=0xffffc9000000bcb0,r8=0x0,r9=0xffff888000152000,r10=0x6c,r11=0x0,r12=0x6c,r13=0xffff888000143638,r14=0x700,r15=0xffff888007b1d668
=> 0xffffffff8103547d <atomic_notifier_call_chain>:	xor    %r8d,%r8d
Regs: rax=0xffff8880000bcf6a,rbx=0x6c,rcx=0x4f,rdx=0xffffc9000000bcb8,rsi=0x3,rdi=0xffffffff81969f48,rbp=0x6c,rsp=0xffffc9000000bcb0,r8=0x0,r9=0xffff888000152000,r10=0x6c,r11=0x0,r12=0x6c,r13=0xffff888000143638,r14=0x700,r15=0xffff888007b1d668
=> 0xffffffff81035480 <atomic_notifier_call_chain+3>:	or     $0xffffffff,%ecx
Regs: rax=0xffff8880000bcf6a,rbx=0x6c,rcx=0xffffffff,rdx=0xffffc9000000bcb8,rsi=0x3,rdi=0xffffffff81969f48,rbp=0x6c,rsp=0xffffc9000000bcb0,r8=0x0,r9=0xffff888000152000,r10=0x6c,r11=0x0,r12=0x6c,r13=0xffff888000143638,r14=0x700,r15=0xffff888007b1d668
=> 0xffffffff81035483 <atomic_notifier_call_chain+6>:	call   0xffffffff810352fc <notifier_call_chain>
Regs: rax=0xffff8880000bcf6a,rbx=0x6c,rcx=0xffffffff,rdx=0xffffc9000000bcb8,rsi=0x3,rdi=0xffffffff81969f48,rbp=0x6c,rsp=0xffffc9000000bca8,r8=0x0,r9=0xffff888000152000,r10=0x6c,r11=0x0,r12=0x6c,r13=0xffff888000143638,r14=0x700,r15=0xffff888007b1d668
=> 0xffffffff810352fc <notifier_call_chain>:	push   %r14
Regs: rax=0xffff8880000bcf6a,rbx=0x6c,rcx=0xffffffff,rdx=0xffffc9000000bcb8,rsi=0x3,rdi=0xffffffff81969f48,rbp=0x6c,rsp=0xffffc9000000bca0,r8=0x0,r9=0xffff888000152000,r10=0x6c,r11=0x0,r12=0x6c,r13=0xffff888000143638,r14=0x700,r15=0xffff888007b1d668
=> 0xffffffff810352fe <notifier_call_chain+2>:	xor    %eax,%eax
Regs: rax=0x0,rbx=0x6c,rcx=0xffffffff,rdx=0xffffc9000000bcb8,rsi=0x3,rdi=0xffffffff81969f48,rbp=0x6c,rsp=0xffffc9000000bca0,r8=0x0,r9=0xffff888000152000,r10=0x6c,r11=0x0,r12=0x6c,r13=0xffff888000143638,r14=0x700,r15=0xffff888007b1d668
=> 0xffffffff81035300 <notifier_call_chain+4>:	mov    %r8,%r14
Regs: rax=0x0,rbx=0x6c,rcx=0xffffffff,rdx=0xffffc9000000bcb8,rsi=0x3,rdi=0xffffffff81969f48,rbp=0x6c,rsp=0xffffc9000000bca0,r8=0x0,r9=0xffff888000152000,r10=0x6c,r11=0x0,r12=0x6c,r13=0xffff888000143638,r14=0x0,r15=0xffff888007b1d668
=> 0xffffffff81035303 <notifier_call_chain+7>:	push   %r13
Regs: rax=0x0,rbx=0x6c,rcx=0xffffffff,rdx=0xffffc9000000bcb8,rsi=0x3,rdi=0xffffffff81969f48,rbp=0x6c,rsp=0xffffc9000000bc98,r8=0x0,r9=0xffff888000152000,r10=0x6c,r11=0x0,r12=0x6c,r13=0xffff888000143638,r14=0x0,r15=0xffff888007b1d668
=> 0xffffffff81035305 <notifier_call_chain+9>:	push   %r12
Regs: rax=0x0,rbx=0x6c,rcx=0xffffffff,rdx=0xffffc9000000bcb8,rsi=0x3,rdi=0xffffffff81969f48,rbp=0x6c,rsp=0xffffc9000000bc90,r8=0x0,r9=0xffff888000152000,r10=0x6c,r11=0x0,r12=0x6c,r13=0xffff888000143638,r14=0x0,r15=0xffff888007b1d668
=> 0xffffffff81035307 <notifier_call_chain+11>:	mov    %rdx,%r12
Regs: rax=0x0,rbx=0x6c,rcx=0xffffffff,rdx=0xffffc9000000bcb8,rsi=0x3,rdi=0xffffffff81969f48,rbp=0x6c,rsp=0xffffc9000000bc90,r8=0x0,r9=0xffff888000152000,r10=0x6c,r11=0x0,r12=0xffffc9000000bcb8,r13=0xffff888000143638,r14=0x0,r15=0xffff888007b1d668
=> 0xffffffff8103530a <notifier_call_chain+14>:	push   %rbp
Regs: rax=0x0,rbx=0x6c,rcx=0xffffffff,rdx=0xffffc9000000bcb8,rsi=0x3,rdi=0xffffffff81969f48,rbp=0x6c,rsp=0xffffc9000000bc88,r8=0x0,r9=0xffff888000152000,r10=0x6c,r11=0x0,r12=0xffffc9000000bcb8,r13=0xffff888000143638,r14=0x0,r15=0xffff888007b1d668
=> 0xffffffff8103530b <notifier_call_chain+15>:	mov    %rsi,%rbp
Regs: rax=0x0,rbx=0x6c,rcx=0xffffffff,rdx=0xffffc9000000bcb8,rsi=0x3,rdi=0xffffffff81969f48,rbp=0x3,rsp=0xffffc9000000bc88,r8=0x0,r9=0xffff888000152000,r10=0x6c,r11=0x0,r12=0xffffc9000000bcb8,r13=0xffff888000143638,r14=0x0,r15=0xffff888007b1d668
=> 0xffffffff8103530e <notifier_call_chain+18>:	push   %rbx
Regs: rax=0x0,rbx=0x6c,rcx=0xffffffff,rdx=0xffffc9000000bcb8,rsi=0x3,rdi=0xffffffff81969f48,rbp=0x3,rsp=0xffffc9000000bc80,r8=0x0,r9=0xffff888000152000,r10=0x6c,r11=0x0,r12=0xffffc9000000bcb8,r13=0xffff888000143638,r14=0x0,r15=0xffff888007b1d668
=> 0xffffffff8103530f <notifier_call_chain+19>:	mov    %ecx,%ebx
Regs: rax=0x0,rbx=0xffffffff,rcx=0xffffffff,rdx=0xffffc9000000bcb8,rsi=0x3,rdi=0xffffffff81969f48,rbp=0x3,rsp=0xffffc9000000bc80,r8=0x0,r9=0xffff888000152000,r10=0x6c,r11=0x0,r12=0xffffc9000000bcb8,r13=0xffff888000143638,r14=0x0,r15=0xffff888007b1d668
=> 0xffffffff81035311 <notifier_call_chain+21>:	mov    (%rdi),%rcx
Regs: rax=0x0,rbx=0xffffffff,rcx=0x0,rdx=0xffffc9000000bcb8,rsi=0x3,rdi=0xffffffff81969f48,rbp=0x3,rsp=0xffffc9000000bc80,r8=0x0,r9=0xffff888000152000,r10=0x6c,r11=0x0,r12=0xffffc9000000bcb8,r13=0xffff888000143638,r14=0x0,r15=0xffff888007b1d668
=> 0xffffffff81035314 <notifier_call_chain+24>:	test   %rcx,%rcx
Regs: rax=0x0,rbx=0xffffffff,rcx=0x0,rdx=0xffffc9000000bcb8,rsi=0x3,rdi=0xffffffff81969f48,rbp=0x3,rsp=0xffffc9000000bc80,r8=0x0,r9=0xffff888000152000,r10=0x6c,r11=0x0,r12=0xffffc9000000bcb8,r13=0xffff888000143638,r14=0x0,r15=0xffff888007b1d668
=> 0xffffffff81035317 <notifier_call_chain+27>:	je     0xffffffff81035341 <notifier_call_chain+69>
Regs: rax=0x0,rbx=0xffffffff,rcx=0x0,rdx=0xffffc9000000bcb8,rsi=0x3,rdi=0xffffffff81969f48,rbp=0x3,rsp=0xffffc9000000bc80,r8=0x0,r9=0xffff888000152000,r10=0x6c,r11=0x0,r12=0xffffc9000000bcb8,r13=0xffff888000143638,r14=0x0,r15=0xffff888007b1d668
=> 0xffffffff81035341 <notifier_call_chain+69>:	pop    %rbx
Regs: rax=0x0,rbx=0x6c,rcx=0x0,rdx=0xffffc9000000bcb8,rsi=0x3,rdi=0xffffffff81969f48,rbp=0x3,rsp=0xffffc9000000bc88,r8=0x0,r9=0xffff888000152000,r10=0x6c,r11=0x0,r12=0xffffc9000000bcb8,r13=0xffff888000143638,r14=0x0,r15=0xffff888007b1d668
=> 0xffffffff81035342 <notifier_call_chain+70>:	pop    %rbp
Regs: rax=0x0,rbx=0x6c,rcx=0x0,rdx=0xffffc9000000bcb8,rsi=0x3,rdi=0xffffffff81969f48,rbp=0x6c,rsp=0xffffc9000000bc90,r8=0x0,r9=0xffff888000152000,r10=0x6c,r11=0x0,r12=0xffffc9000000bcb8,r13=0xffff888000143638,r14=0x0,r15=0xffff888007b1d668
=> 0xffffffff81035343 <notifier_call_chain+71>:	pop    %r12
Regs: rax=0x0,rbx=0x6c,rcx=0x0,rdx=0xffffc9000000bcb8,rsi=0x3,rdi=0xffffffff81969f48,rbp=0x6c,rsp=0xffffc9000000bc98,r8=0x0,r9=0xffff888000152000,r10=0x6c,r11=0x0,r12=0x6c,r13=0xffff888000143638,r14=0x0,r15=0xffff888007b1d668
=> 0xffffffff81035345 <notifier_call_chain+73>:	pop    %r13
Regs: rax=0x0,rbx=0x6c,rcx=0x0,rdx=0xffffc9000000bcb8,rsi=0x3,rdi=0xffffffff81969f48,rbp=0x6c,rsp=0xffffc9000000bca0,r8=0x0,r9=0xffff888000152000,r10=0x6c,r11=0x0,r12=0x6c,r13=0xffff888000143638,r14=0x0,r15=0xffff888007b1d668
=> 0xffffffff81035347 <notifier_call_chain+75>:	pop    %r14
Regs: rax=0x0,rbx=0x6c,rcx=0x0,rdx=0xffffc9000000bcb8,rsi=0x3,rdi=0xffffffff81969f48,rbp=0x6c,rsp=0xffffc9000000bca8,r8=0x0,r9=0xffff888000152000,r10=0x6c,r11=0x0,r12=0x6c,r13=0xffff888000143638,r14=0x700,r15=0xffff888007b1d668
=> 0xffffffff81035349 <notifier_call_chain+77>:	ret    
Regs: rax=0x0,rbx=0x6c,rcx=0x0,rdx=0xffffc9000000bcb8,rsi=0x3,rdi=0xffffffff81969f48,rbp=0x6c,rsp=0xffffc9000000bcb0,r8=0x0,r9=0xffff888000152000,r10=0x6c,r11=0x0,r12=0x6c,r13=0xffff888000143638,r14=0x700,r15=0xffff888007b1d668
=> 0xffffffff81035488 <atomic_notifier_call_chain+11>:	ret    
Regs: rax=0x0,rbx=0x6c,rcx=0x0,rdx=0xffffc9000000bcb8,rsi=0x3,rdi=0xffffffff81969f48,rbp=0x6c,rsp=0xffffc9000000bcb8,r8=0x0,r9=0xffff888000152000,r10=0x6c,r11=0x0,r12=0x6c,r13=0xffff888000143638,r14=0x700,r15=0xffff888007b1d668
=> 0xffffffff810dc589 <notify_write+38>:	add    $0x10,%rsp
Regs: rax=0x0,rbx=0x6c,rcx=0x0,rdx=0xffffc9000000bcb8,rsi=0x3,rdi=0xffffffff81969f48,rbp=0x6c,rsp=0xffffc9000000bcc8,r8=0x0,r9=0xffff888000152000,r10=0x6c,r11=0x0,r12=0x6c,r13=0xffff888000143638,r14=0x700,r15=0xffff888007b1d668
=> 0xffffffff810dc58d <notify_write+42>:	ret    
Regs: rax=0x0,rbx=0x6c,rcx=0x0,rdx=0xffffc9000000bcb8,rsi=0x3,rdi=0xffffffff81969f48,rbp=0x6c,rsp=0xffffc9000000bcd0,r8=0x0,r9=0xffff888000152000,r10=0x6c,r11=0x0,r12=0x6c,r13=0xffff888000143638,r14=0x700,r15=0xffff888007b1d668
=> 0xffffffff810df84e <do_con_write+1673>:	cmpb   $0x0,0x22(%rsp)
Regs: rax=0x0,rbx=0x6c,rcx=0x0,rdx=0xffffc9000000bcb8,rsi=0x3,rdi=0xffffffff81969f48,rbp=0x6c,rsp=0xffffc9000000bcd0,r8=0x0,r9=0xffff888000152000,r10=0x6c,r11=0x0,r12=0x6c,r13=0xffff888000143638,r14=0x700,r15=0xffff888007b1d668
=> 0xffffffff810df853 <do_con_write+1678>:	je     0xffffffff810df862 <do_con_write+1693>
Regs: rax=0x0,rbx=0x6c,rcx=0x0,rdx=0xffffc9000000bcb8,rsi=0x3,rdi=0xffffffff81969f48,rbp=0x6c,rsp=0xffffc9000000bcd0,r8=0x0,r9=0xffff888000152000,r10=0x6c,r11=0x0,r12=0x6c,r13=0xffff888000143638,r14=0x700,r15=0xffff888007b1d668
=> 0xffffffff810df862 <do_con_write+1693>:	cmpb   $0x0,0x20(%rsp)
Regs: rax=0x0,rbx=0x6c,rcx=0x0,rdx=0xffffc9000000bcb8,rsi=0x3,rdi=0xffffffff81969f48,rbp=0x6c,rsp=0xffffc9000000bcd0,r8=0x0,r9=0xffff888000152000,r10=0x6c,r11=0x0,r12=0x6c,r13=0xffff888000143638,r14=0x700,r15=0xffff888007b1d668
=> 0xffffffff810df867 <do_con_write+1698>:	jne    0xffffffff810df2c9 <do_con_write+260>
Regs: rax=0x0,rbx=0x6c,rcx=0x0,rdx=0xffffc9000000bcb8,rsi=0x3,rdi=0xffffffff81969f48,rbp=0x6c,rsp=0xffffc9000000bcd0,r8=0x0,r9=0xffff888000152000,r10=0x6c,r11=0x0,r12=0x6c,r13=0xffff888000143638,r14=0x700,r15=0xffff888007b1d668
=> 0xffffffff810df86d <do_con_write+1704>:	incq   0x8(%rsp)
Regs: rax=0x0,rbx=0x6c,rcx=0x0,rdx=0xffffc9000000bcb8,rsi=0x3,rdi=0xffffffff81969f48,rbp=0x6c,rsp=0xffffc9000000bcd0,r8=0x0,r9=0xffff888000152000,r10=0x6c,r11=0x0,r12=0x6c,r13=0xffff888000143638,r14=0x700,r15=0xffff888007b1d668
=> 0xffffffff810df872 <do_con_write+1709>:	jmp    0xffffffff810df294 <do_con_write+207>
Regs: rax=0x0,rbx=0x6c,rcx=0x0,rdx=0xffffc9000000bcb8,rsi=0x3,rdi=0xffffffff81969f48,rbp=0x6c,rsp=0xffffc9000000bcd0,r8=0x0,r9=0xffff888000152000,r10=0x6c,r11=0x0,r12=0x6c,r13=0xffff888000143638,r14=0x700,r15=0xffff888007b1d668
=> 0xffffffff810df294 <do_con_write+207>:	mov    0x190(%r15),%al
Regs: rax=0x0,rbx=0x6c,rcx=0x0,rdx=0xffffc9000000bcb8,rsi=0x3,rdi=0xffffffff81969f48,rbp=0x6c,rsp=0xffffc9000000bcd0,r8=0x0,r9=0xffff888000152000,r10=0x6c,r11=0x0,r12=0x6c,r13=0xffff888000143638,r14=0x700,r15=0xffff888007b1d668
=> 0xffffffff810df29b <do_con_write+214>:	mov    0x8(%rsp),%ebx
Regs: rax=0x0,rbx=0x1,rcx=0x0,rdx=0xffffc9000000bcb8,rsi=0x3,rdi=0xffffffff81969f48,rbp=0x6c,rsp=0xffffc9000000bcd0,r8=0x0,r9=0xffff888000152000,r10=0x6c,r11=0x0,r12=0x6c,r13=0xffff888000143638,r14=0x700,r15=0xffff888007b1d668
=> 0xffffffff810df29f <do_con_write+218>:	xor    $0x1,%eax
Regs: rax=0x1,rbx=0x1,rcx=0x0,rdx=0xffffc9000000bcb8,rsi=0x3,rdi=0xffffffff81969f48,rbp=0x6c,rsp=0xffffc9000000bcd0,r8=0x0,r9=0xffff888000152000,r10=0x6c,r11=0x0,r12=0x6c,r13=0xffff888000143638,r14=0x700,r15=0xffff888007b1d668
=> 0xffffffff810df2a2 <do_con_write+221>:	cmp    %ebx,0x14(%rsp)
Regs: rax=0x1,rbx=0x1,rcx=0x0,rdx=0xffffc9000000bcb8,rsi=0x3,rdi=0xffffffff81969f48,rbp=0x6c,rsp=0xffffc9000000bcd0,r8=0x0,r9=0xffff888000152000,r10=0x6c,r11=0x0,r12=0x6c,r13=0xffff888000143638,r14=0x700,r15=0xffff888007b1d668
=> 0xffffffff810df2a6 <do_con_write+225>:	setne  %dl
Regs: rax=0x1,rbx=0x1,rcx=0x0,rdx=0xffffc9000000bc00,rsi=0x3,rdi=0xffffffff81969f48,rbp=0x6c,rsp=0xffffc9000000bcd0,r8=0x0,r9=0xffff888000152000,r10=0x6c,r11=0x0,r12=0x6c,r13=0xffff888000143638,r14=0x700,r15=0xffff888007b1d668
=> 0xffffffff810df2a9 <do_con_write+228>:	and    %dl,%al
Regs: rax=0x0,rbx=0x1,rcx=0x0,rdx=0xffffc9000000bc00,rsi=0x3,rdi=0xffffffff81969f48,rbp=0x6c,rsp=0xffffc9000000bcd0,r8=0x0,r9=0xffff888000152000,r10=0x6c,r11=0x0,r12=0x6c,r13=0xffff888000143638,r14=0x700,r15=0xffff888007b1d668
=> 0xffffffff810df2ab <do_con_write+230>:	mov    %al,0x23(%rsp)
Regs: rax=0x0,rbx=0x1,rcx=0x0,rdx=0xffffc9000000bc00,rsi=0x3,rdi=0xffffffff81969f48,rbp=0x6c,rsp=0xffffc9000000bcd0,r8=0x0,r9=0xffff888000152000,r10=0x6c,r11=0x0,r12=0x6c,r13=0xffff888000143638,r14=0x700,r15=0xffff888007b1d668
=> 0xffffffff810df2af <do_con_write+234>:	je     0xffffffff810df877 <do_con_write+1714>
Regs: rax=0x0,rbx=0x1,rcx=0x0,rdx=0xffffc9000000bc00,rsi=0x3,rdi=0xffffffff81969f48,rbp=0x6c,rsp=0xffffc9000000bcd0,r8=0x0,r9=0xffff888000152000,r10=0x6c,r11=0x0,r12=0x6c,r13=0xffff888000143638,r14=0x700,r15=0xffff888007b1d668
=> 0xffffffff810df877 <do_con_write+1714>:	lea    0x38(%rsp),%rsi
Regs: rax=0x0,rbx=0x1,rcx=0x0,rdx=0xffffc9000000bc00,rsi=0xffffc9000000bd08,rdi=0xffffffff81969f48,rbp=0x6c,rsp=0xffffc9000000bcd0,r8=0x0,r9=0xffff888000152000,r10=0x6c,r11=0x0,r12=0x6c,r13=0xffff888000143638,r14=0x700,r15=0xffff888007b1d668
=> 0xffffffff810df87c <do_con_write+1719>:	mov    %r13,%rdi
Regs: rax=0x0,rbx=0x1,rcx=0x0,rdx=0xffffc9000000bc00,rsi=0xffffc9000000bd08,rdi=0xffff888000143638,rbp=0x6c,rsp=0xffffc9000000bcd0,r8=0x0,r9=0xffff888000152000,r10=0x6c,r11=0x0,r12=0x6c,r13=0xffff888000143638,r14=0x700,r15=0xffff888007b1d668
=> 0xffffffff810df87f <do_con_write+1722>:	mov    %ebx,0x14(%rsp)
Regs: rax=0x0,rbx=0x1,rcx=0x0,rdx=0xffffc9000000bc00,rsi=0xffffc9000000bd08,rdi=0xffff888000143638,rbp=0x6c,rsp=0xffffc9000000bcd0,r8=0x0,r9=0xffff888000152000,r10=0x6c,r11=0x0,r12=0x6c,r13=0xffff888000143638,r14=0x700,r15=0xffff888007b1d668
=> 0xffffffff810df883 <do_con_write+1726>:	call   0xffffffff810dc4d3 <con_flush>
Regs: rax=0x0,rbx=0x1,rcx=0x0,rdx=0xffffc9000000bc00,rsi=0xffffc9000000bd08,rdi=0xffff888000143638,rbp=0x6c,rsp=0xffffc9000000bcc8,r8=0x0,r9=0xffff888000152000,r10=0x6c,r11=0x0,r12=0x6c,r13=0xffff888000143638,r14=0x700,r15=0xffff888007b1d668
=> 0xffffffff810dc4d3 <con_flush>:	mov    0x10(%rsi),%r8d
Regs: rax=0x0,rbx=0x1,rcx=0x0,rdx=0xffffc9000000bc00,rsi=0xffffc9000000bd08,rdi=0xffff888000143638,rbp=0x6c,rsp=0xffffc9000000bcc8,r8=0x4,r9=0xffff888000152000,r10=0x6c,r11=0x0,r12=0x6c,r13=0xffff888000143638,r14=0x700,r15=0xffff888007b1d668
=> 0xffffffff810dc4d7 <con_flush+4>:	test   %r8d,%r8d
Regs: rax=0x0,rbx=0x1,rcx=0x0,rdx=0xffffc9000000bc00,rsi=0xffffc9000000bd08,rdi=0xffff888000143638,rbp=0x6c,rsp=0xffffc9000000bcc8,r8=0x4,r9=0xffff888000152000,r10=0x6c,r11=0x0,r12=0x6c,r13=0xffff888000143638,r14=0x700,r15=0xffff888007b1d668
=> 0xffffffff810dc4da <con_flush+7>:	js     0xffffffff810dc506 <con_flush+51>
Regs: rax=0x0,rbx=0x1,rcx=0x0,rdx=0xffffc9000000bc00,rsi=0xffffc9000000bd08,rdi=0xffff888000143638,rbp=0x6c,rsp=0xffffc9000000bcc8,r8=0x4,r9=0xffff888000152000,r10=0x6c,r11=0x0,r12=0x6c,r13=0xffff888000143638,r14=0x700,r15=0xffff888007b1d668
=> 0xffffffff810dc4dc <con_flush+9>:	mov    0x1a8(%rdi),%rax
Regs: rax=0xffffffff81612320,rbx=0x1,rcx=0x0,rdx=0xffffc9000000bc00,rsi=0xffffc9000000bd08,rdi=0xffff888000143638,rbp=0x6c,rsp=0xffffc9000000bcc8,r8=0x4,r9=0xffff888000152000,r10=0x6c,r11=0x0,r12=0x6c,r13=0xffff888000143638,r14=0x700,r15=0xffff888007b1d668
=> 0xffffffff810dc4e3 <con_flush+16>:	mov    0x14c(%rdi),%ecx
Regs: rax=0xffffffff81612320,rbx=0x1,rcx=0x18,rdx=0xffffc9000000bc00,rsi=0xffffc9000000bd08,rdi=0xffff888000143638,rbp=0x6c,rsp=0xffffc9000000bcc8,r8=0x4,r9=0xffff888000152000,r10=0x6c,r11=0x0,r12=0x6c,r13=0xffff888000143638,r14=0x700,r15=0xffff888007b1d668
=> 0xffffffff810dc4e9 <con_flush+22>:	push   %rbx
Regs: rax=0xffffffff81612320,rbx=0x1,rcx=0x18,rdx=0xffffc9000000bc00,rsi=0xffffc9000000bd08,rdi=0xffff888000143638,rbp=0x6c,rsp=0xffffc9000000bcc0,r8=0x4,r9=0xffff888000152000,r10=0x6c,r11=0x0,r12=0x6c,r13=0xffff888000143638,r14=0x700,r15=0xffff888007b1d668
=> 0xffffffff810dc4ea <con_flush+23>:	mov    %rsi,%rbx
Regs: rax=0xffffffff81612320,rbx=0xffffc9000000bd08,rcx=0x18,rdx=0xffffc9000000bc00,rsi=0xffffc9000000bd08,rdi=0xffff888000143638,rbp=0x6c,rsp=0xffffc9000000bcc0,r8=0x4,r9=0xffff888000152000,r10=0x6c,r11=0x0,r12=0x6c,r13=0xffff888000143638,r14=0x700,r15=0xffff888007b1d668
=> 0xffffffff810dc4ed <con_flush+26>:	mov    0x8(%rbx),%rdx
Regs: rax=0xffffffff81612320,rbx=0xffffc9000000bd08,rcx=0x18,rdx=0xffff8880000bcf6a,rsi=0xffffc9000000bd08,rdi=0xffff888000143638,rbp=0x6c,rsp=0xffffc9000000bcc0,r8=0x4,r9=0xffff888000152000,r10=0x6c,r11=0x0,r12=0x6c,r13=0xffff888000143638,r14=0x700,r15=0xffff888007b1d668
=> 0xffffffff810dc4f1 <con_flush+30>:	mov    (%rsi),%rsi
Regs: rax=0xffffffff81612320,rbx=0xffffc9000000bd08,rcx=0x18,rdx=0xffff8880000bcf6a,rsi=0xffff8880000bcf68,rdi=0xffff888000143638,rbp=0x6c,rsp=0xffffc9000000bcc0,r8=0x4,r9=0xffff888000152000,r10=0x6c,r11=0x0,r12=0x6c,r13=0xffff888000143638,r14=0x700,r15=0xffff888007b1d668
=> 0xffffffff810dc4f4 <con_flush+33>:	sub    %rsi,%rdx
Regs: rax=0xffffffff81612320,rbx=0xffffc9000000bd08,rcx=0x18,rdx=0x2,rsi=0xffff8880000bcf68,rdi=0xffff888000143638,rbp=0x6c,rsp=0xffffc9000000bcc0,r8=0x4,r9=0xffff888000152000,r10=0x6c,r11=0x0,r12=0x6c,r13=0xffff888000143638,r14=0x700,r15=0xffff888007b1d668
=> 0xffffffff810dc4f7 <con_flush+36>:	sar    %rdx
Regs: rax=0xffffffff81612320,rbx=0xffffc9000000bd08,rcx=0x18,rdx=0x1,rsi=0xffff8880000bcf68,rdi=0xffff888000143638,rbp=0x6c,rsp=0xffffc9000000bcc0,r8=0x4,r9=0xffff888000152000,r10=0x6c,r11=0x0,r12=0x6c,r13=0xffff888000143638,r14=0x700,r15=0xffff888007b1d668
=> 0xffffffff810dc4fa <con_flush+39>:	call   *0x30(%rax)
Regs: rax=0xffffffff81612320,rbx=0xffffc9000000bd08,rcx=0x18,rdx=0x1,rsi=0xffff8880000bcf68,rdi=0xffff888000143638,rbp=0x6c,rsp=0xffffc9000000bcb8,r8=0x4,r9=0xffff888000152000,r10=0x6c,r11=0x0,r12=0x6c,r13=0xffff888000143638,r14=0x700,r15=0xffff888007b1d668
=> 0xffffffff810cc29f <vgacon_putcs>:	ret    
Regs: rax=0xffffffff81612320,rbx=0xffffc9000000bd08,rcx=0x18,rdx=0x1,rsi=0xffff8880000bcf68,rdi=0xffff888000143638,rbp=0x6c,rsp=0xffffc9000000bcc0,r8=0x4,r9=0xffff888000152000,r10=0x6c,r11=0x0,r12=0x6c,r13=0xffff888000143638,r14=0x700,r15=0xffff888007b1d668
=> 0xffffffff810dc4fd <con_flush+42>:	movl   $0xffffffff,0x10(%rbx)
Regs: rax=0xffffffff81612320,rbx=0xffffc9000000bd08,rcx=0x18,rdx=0x1,rsi=0xffff8880000bcf68,rdi=0xffff888000143638,rbp=0x6c,rsp=0xffffc9000000bcc0,r8=0x4,r9=0xffff888000152000,r10=0x6c,r11=0x0,r12=0x6c,r13=0xffff888000143638,r14=0x700,r15=0xffff888007b1d668
=> 0xffffffff810dc504 <con_flush+49>:	pop    %rbx
Regs: rax=0xffffffff81612320,rbx=0x1,rcx=0x18,rdx=0x1,rsi=0xffff8880000bcf68,rdi=0xffff888000143638,rbp=0x6c,rsp=0xffffc9000000bcc8,r8=0x4,r9=0xffff888000152000,r10=0x6c,r11=0x0,r12=0x6c,r13=0xffff888000143638,r14=0x700,r15=0xffff888007b1d668
=> 0xffffffff810dc505 <con_flush+50>:	ret    
Regs: rax=0xffffffff81612320,rbx=0x1,rcx=0x18,rdx=0x1,rsi=0xffff8880000bcf68,rdi=0xffff888000143638,rbp=0x6c,rsp=0xffffc9000000bcd0,r8=0x4,r9=0xffff888000152000,r10=0x6c,r11=0x0,r12=0x6c,r13=0xffff888000143638,r14=0x700,r15=0xffff888007b1d668
=> 0xffffffff810df888 <do_con_write+1731>:	call   0xffffffff811206ce <console_conditional_schedule>
Regs: rax=0xffffffff81612320,rbx=0x1,rcx=0x18,rdx=0x1,rsi=0xffff8880000bcf68,rdi=0xffff888000143638,rbp=0x6c,rsp=0xffffc9000000bcc8,r8=0x4,r9=0xffff888000152000,r10=0x6c,r11=0x0,r12=0x6c,r13=0xffff888000143638,r14=0x700,r15=0xffff888007b1d668
=> 0xffffffff811206ce <console_conditional_schedule>:	cmpl   $0x0,0x8441ff(%rip)        # 0xffffffff819648d4 <console_may_schedule>
Regs: rax=0xffffffff81612320,rbx=0x1,rcx=0x18,rdx=0x1,rsi=0xffff8880000bcf68,rdi=0xffff888000143638,rbp=0x6c,rsp=0xffffc9000000bcc8,r8=0x4,r9=0xffff888000152000,r10=0x6c,r11=0x0,r12=0x6c,r13=0xffff888000143638,r14=0x700,r15=0xffff888007b1d668
=> 0xffffffff811206d5 <console_conditional_schedule+7>:	je     0xffffffff811206dc <console_conditional_schedule+14>
Regs: rax=0xffffffff81612320,rbx=0x1,rcx=0x18,rdx=0x1,rsi=0xffff8880000bcf68,rdi=0xffff888000143638,rbp=0x6c,rsp=0xffffc9000000bcc8,r8=0x4,r9=0xffff888000152000,r10=0x6c,r11=0x0,r12=0x6c,r13=0xffff888000143638,r14=0x700,r15=0xffff888007b1d668
=> 0xffffffff811206d7 <console_conditional_schedule+9>:	jmp    0xffffffff8111f7b8 <__cond_resched>
Regs: rax=0xffffffff81612320,rbx=0x1,rcx=0x18,rdx=0x1,rsi=0xffff8880000bcf68,rdi=0xffff888000143638,rbp=0x6c,rsp=0xffffc9000000bcc8,r8=0x4,r9=0xffff888000152000,r10=0x6c,r11=0x0,r12=0x6c,r13=0xffff888000143638,r14=0x700,r15=0xffff888007b1d668
=> 0xffffffff8111f7b8 <__cond_resched>:	mov    0x71588a(%rip),%eax        # 0xffffffff81835048 <__preempt_count>
Regs: rax=0x80000000,rbx=0x1,rcx=0x18,rdx=0x1,rsi=0xffff8880000bcf68,rdi=0xffff888000143638,rbp=0x6c,rsp=0xffffc9000000bcc8,r8=0x4,r9=0xffff888000152000,r10=0x6c,r11=0x0,r12=0x6c,r13=0xffff888000143638,r14=0x700,r15=0xffff888007b1d668
=> 0xffffffff8111f7be <__cond_resched+6>:	test   %eax,%eax
Regs: rax=0x80000000,rbx=0x1,rcx=0x18,rdx=0x1,rsi=0xffff8880000bcf68,rdi=0xffff888000143638,rbp=0x6c,rsp=0xffffc9000000bcc8,r8=0x4,r9=0xffff888000152000,r10=0x6c,r11=0x0,r12=0x6c,r13=0xffff888000143638,r14=0x700,r15=0xffff888007b1d668
=> 0xffffffff8111f7c0 <__cond_resched+8>:	jne    0xffffffff8111f7f2 <__cond_resched+58>
Regs: rax=0x80000000,rbx=0x1,rcx=0x18,rdx=0x1,rsi=0xffff8880000bcf68,rdi=0xffff888000143638,rbp=0x6c,rsp=0xffffc9000000bcc8,r8=0x4,r9=0xffff888000152000,r10=0x6c,r11=0x0,r12=0x6c,r13=0xffff888000143638,r14=0x700,r15=0xffff888007b1d668
=> 0xffffffff8111f7f2 <__cond_resched+58>:	xor    %eax,%eax
Regs: rax=0x0,rbx=0x1,rcx=0x18,rdx=0x1,rsi=0xffff8880000bcf68,rdi=0xffff888000143638,rbp=0x6c,rsp=0xffffc9000000bcc8,r8=0x4,r9=0xffff888000152000,r10=0x6c,r11=0x0,r12=0x6c,r13=0xffff888000143638,r14=0x700,r15=0xffff888007b1d668
=> 0xffffffff8111f7f4 <__cond_resched+60>:	ret    
Regs: rax=0x0,rbx=0x1,rcx=0x18,rdx=0x1,rsi=0xffff8880000bcf68,rdi=0xffff888000143638,rbp=0x6c,rsp=0xffffc9000000bcd0,r8=0x4,r9=0xffff888000152000,r10=0x6c,r11=0x0,r12=0x6c,r13=0xffff888000143638,r14=0x700,r15=0xffff888007b1d668
=> 0xffffffff810df88d <do_con_write+1736>:	mov    %r13,%rdi
Regs: rax=0x0,rbx=0x1,rcx=0x18,rdx=0x1,rsi=0xffff8880000bcf68,rdi=0xffff888000143638,rbp=0x6c,rsp=0xffffc9000000bcd0,r8=0x4,r9=0xffff888000152000,r10=0x6c,r11=0x0,r12=0x6c,r13=0xffff888000143638,r14=0x700,r15=0xffff888007b1d668
=> 0xffffffff810df890 <do_con_write+1739>:	call   0xffffffff810dc53b <notify_update>
Regs: rax=0x0,rbx=0x1,rcx=0x18,rdx=0x1,rsi=0xffff8880000bcf68,rdi=0xffff888000143638,rbp=0x6c,rsp=0xffffc9000000bcc8,r8=0x4,r9=0xffff888000152000,r10=0x6c,r11=0x0,r12=0x6c,r13=0xffff888000143638,r14=0x700,r15=0xffff888007b1d668
=> 0xffffffff810dc53b <notify_update>:	sub    $0x10,%rsp
Regs: rax=0x0,rbx=0x1,rcx=0x18,rdx=0x1,rsi=0xffff8880000bcf68,rdi=0xffff888000143638,rbp=0x6c,rsp=0xffffc9000000bcb8,r8=0x4,r9=0xffff888000152000,r10=0x6c,r11=0x0,r12=0x6c,r13=0xffff888000143638,r14=0x700,r15=0xffff888007b1d668
=> 0xffffffff810dc53f <notify_update+4>:	xor    %edx,%edx
Regs: rax=0x0,rbx=0x1,rcx=0x18,rdx=0x0,rsi=0xffff8880000bcf68,rdi=0xffff888000143638,rbp=0x6c,rsp=0xffffc9000000bcb8,r8=0x4,r9=0xffff888000152000,r10=0x6c,r11=0x0,r12=0x6c,r13=0xffff888000143638,r14=0x700,r15=0xffff888007b1d668
=> 0xffffffff810dc541 <notify_update+6>:	mov    $0x4,%esi
Regs: rax=0x0,rbx=0x1,rcx=0x18,rdx=0x0,rsi=0x4,rdi=0xffff888000143638,rbp=0x6c,rsp=0xffffc9000000bcb8,r8=0x4,r9=0xffff888000152000,r10=0x6c,r11=0x0,r12=0x6c,r13=0xffff888000143638,r14=0x700,r15=0xffff888007b1d668
=> 0xffffffff810dc546 <notify_update+11>:	mov    %rdx,0x8(%rsp)
Regs: rax=0x0,rbx=0x1,rcx=0x18,rdx=0x0,rsi=0x4,rdi=0xffff888000143638,rbp=0x6c,rsp=0xffffc9000000bcb8,r8=0x4,r9=0xffff888000152000,r10=0x6c,r11=0x0,r12=0x6c,r13=0xffff888000143638,r14=0x700,r15=0xffff888007b1d668
=> 0xffffffff810dc54b <notify_update+16>:	mov    %rsp,%rdx
Regs: rax=0x0,rbx=0x1,rcx=0x18,rdx=0xffffc9000000bcb8,rsi=0x4,rdi=0xffff888000143638,rbp=0x6c,rsp=0xffffc9000000bcb8,r8=0x4,r9=0xffff888000152000,r10=0x6c,r11=0x0,r12=0x6c,r13=0xffff888000143638,r14=0x700,r15=0xffff888007b1d668
=> 0xffffffff810dc54e <notify_update+19>:	mov    %rdi,(%rsp)
Regs: rax=0x0,rbx=0x1,rcx=0x18,rdx=0xffffc9000000bcb8,rsi=0x4,rdi=0xffff888000143638,rbp=0x6c,rsp=0xffffc9000000bcb8,r8=0x4,r9=0xffff888000152000,r10=0x6c,r11=0x0,r12=0x6c,r13=0xffff888000143638,r14=0x700,r15=0xffff888007b1d668
=> 0xffffffff810dc552 <notify_update+23>:	mov    $0xffffffff81969f48,%rdi
Regs: rax=0x0,rbx=0x1,rcx=0x18,rdx=0xffffc9000000bcb8,rsi=0x4,rdi=0xffffffff81969f48,rbp=0x6c,rsp=0xffffc9000000bcb8,r8=0x4,r9=0xffff888000152000,r10=0x6c,r11=0x0,r12=0x6c,r13=0xffff888000143638,r14=0x700,r15=0xffff888007b1d668
=> 0xffffffff810dc559 <notify_update+30>:	call   0xffffffff8103547d <atomic_notifier_call_chain>
Regs: rax=0x0,rbx=0x1,rcx=0x18,rdx=0xffffc9000000bcb8,rsi=0x4,rdi=0xffffffff81969f48,rbp=0x6c,rsp=0xffffc9000000bcb0,r8=0x4,r9=0xffff888000152000,r10=0x6c,r11=0x0,r12=0x6c,r13=0xffff888000143638,r14=0x700,r15=0xffff888007b1d668
=> 0xffffffff8103547d <atomic_notifier_call_chain>:	xor    %r8d,%r8d
Regs: rax=0x0,rbx=0x1,rcx=0x18,rdx=0xffffc9000000bcb8,rsi=0x4,rdi=0xffffffff81969f48,rbp=0x6c,rsp=0xffffc9000000bcb0,r8=0x0,r9=0xffff888000152000,r10=0x6c,r11=0x0,r12=0x6c,r13=0xffff888000143638,r14=0x700,r15=0xffff888007b1d668
=> 0xffffffff81035480 <atomic_notifier_call_chain+3>:	or     $0xffffffff,%ecx
Regs: rax=0x0,rbx=0x1,rcx=0xffffffff,rdx=0xffffc9000000bcb8,rsi=0x4,rdi=0xffffffff81969f48,rbp=0x6c,rsp=0xffffc9000000bcb0,r8=0x0,r9=0xffff888000152000,r10=0x6c,r11=0x0,r12=0x6c,r13=0xffff888000143638,r14=0x700,r15=0xffff888007b1d668
=> 0xffffffff81035483 <atomic_notifier_call_chain+6>:	call   0xffffffff810352fc <notifier_call_chain>
Regs: rax=0x0,rbx=0x1,rcx=0xffffffff,rdx=0xffffc9000000bcb8,rsi=0x4,rdi=0xffffffff81969f48,rbp=0x6c,rsp=0xffffc9000000bca8,r8=0x0,r9=0xffff888000152000,r10=0x6c,r11=0x0,r12=0x6c,r13=0xffff888000143638,r14=0x700,r15=0xffff888007b1d668
=> 0xffffffff810352fc <notifier_call_chain>:	push   %r14
Regs: rax=0x0,rbx=0x1,rcx=0xffffffff,rdx=0xffffc9000000bcb8,rsi=0x4,rdi=0xffffffff81969f48,rbp=0x6c,rsp=0xffffc9000000bca0,r8=0x0,r9=0xffff888000152000,r10=0x6c,r11=0x0,r12=0x6c,r13=0xffff888000143638,r14=0x700,r15=0xffff888007b1d668
=> 0xffffffff810352fe <notifier_call_chain+2>:	xor    %eax,%eax
Regs: rax=0x0,rbx=0x1,rcx=0xffffffff,rdx=0xffffc9000000bcb8,rsi=0x4,rdi=0xffffffff81969f48,rbp=0x6c,rsp=0xffffc9000000bca0,r8=0x0,r9=0xffff888000152000,r10=0x6c,r11=0x0,r12=0x6c,r13=0xffff888000143638,r14=0x700,r15=0xffff888007b1d668
=> 0xffffffff81035300 <notifier_call_chain+4>:	mov    %r8,%r14
Regs: rax=0x0,rbx=0x1,rcx=0xffffffff,rdx=0xffffc9000000bcb8,rsi=0x4,rdi=0xffffffff81969f48,rbp=0x6c,rsp=0xffffc9000000bca0,r8=0x0,r9=0xffff888000152000,r10=0x6c,r11=0x0,r12=0x6c,r13=0xffff888000143638,r14=0x0,r15=0xffff888007b1d668
=> 0xffffffff81035303 <notifier_call_chain+7>:	push   %r13
Regs: rax=0x0,rbx=0x1,rcx=0xffffffff,rdx=0xffffc9000000bcb8,rsi=0x4,rdi=0xffffffff81969f48,rbp=0x6c,rsp=0xffffc9000000bc98,r8=0x0,r9=0xffff888000152000,r10=0x6c,r11=0x0,r12=0x6c,r13=0xffff888000143638,r14=0x0,r15=0xffff888007b1d668
=> 0xffffffff81035305 <notifier_call_chain+9>:	push   %r12
Regs: rax=0x0,rbx=0x1,rcx=0xffffffff,rdx=0xffffc9000000bcb8,rsi=0x4,rdi=0xffffffff81969f48,rbp=0x6c,rsp=0xffffc9000000bc90,r8=0x0,r9=0xffff888000152000,r10=0x6c,r11=0x0,r12=0x6c,r13=0xffff888000143638,r14=0x0,r15=0xffff888007b1d668
=> 0xffffffff81035307 <notifier_call_chain+11>:	mov    %rdx,%r12
Regs: rax=0x0,rbx=0x1,rcx=0xffffffff,rdx=0xffffc9000000bcb8,rsi=0x4,rdi=0xffffffff81969f48,rbp=0x6c,rsp=0xffffc9000000bc90,r8=0x0,r9=0xffff888000152000,r10=0x6c,r11=0x0,r12=0xffffc9000000bcb8,r13=0xffff888000143638,r14=0x0,r15=0xffff888007b1d668
=> 0xffffffff8103530a <notifier_call_chain+14>:	push   %rbp
Regs: rax=0x0,rbx=0x1,rcx=0xffffffff,rdx=0xffffc9000000bcb8,rsi=0x4,rdi=0xffffffff81969f48,rbp=0x6c,rsp=0xffffc9000000bc88,r8=0x0,r9=0xffff888000152000,r10=0x6c,r11=0x0,r12=0xffffc9000000bcb8,r13=0xffff888000143638,r14=0x0,r15=0xffff888007b1d668
=> 0xffffffff8103530b <notifier_call_chain+15>:	mov    %rsi,%rbp
Regs: rax=0x0,rbx=0x1,rcx=0xffffffff,rdx=0xffffc9000000bcb8,rsi=0x4,rdi=0xffffffff81969f48,rbp=0x4,rsp=0xffffc9000000bc88,r8=0x0,r9=0xffff888000152000,r10=0x6c,r11=0x0,r12=0xffffc9000000bcb8,r13=0xffff888000143638,r14=0x0,r15=0xffff888007b1d668
=> 0xffffffff8103530e <notifier_call_chain+18>:	push   %rbx
Regs: rax=0x0,rbx=0x1,rcx=0xffffffff,rdx=0xffffc9000000bcb8,rsi=0x4,rdi=0xffffffff81969f48,rbp=0x4,rsp=0xffffc9000000bc80,r8=0x0,r9=0xffff888000152000,r10=0x6c,r11=0x0,r12=0xffffc9000000bcb8,r13=0xffff888000143638,r14=0x0,r15=0xffff888007b1d668
=> 0xffffffff8103530f <notifier_call_chain+19>:	mov    %ecx,%ebx
Regs: rax=0x0,rbx=0xffffffff,rcx=0xffffffff,rdx=0xffffc9000000bcb8,rsi=0x4,rdi=0xffffffff81969f48,rbp=0x4,rsp=0xffffc9000000bc80,r8=0x0,r9=0xffff888000152000,r10=0x6c,r11=0x0,r12=0xffffc9000000bcb8,r13=0xffff888000143638,r14=0x0,r15=0xffff888007b1d668
=> 0xffffffff81035311 <notifier_call_chain+21>:	mov    (%rdi),%rcx
Regs: rax=0x0,rbx=0xffffffff,rcx=0x0,rdx=0xffffc9000000bcb8,rsi=0x4,rdi=0xffffffff81969f48,rbp=0x4,rsp=0xffffc9000000bc80,r8=0x0,r9=0xffff888000152000,r10=0x6c,r11=0x0,r12=0xffffc9000000bcb8,r13=0xffff888000143638,r14=0x0,r15=0xffff888007b1d668
=> 0xffffffff81035314 <notifier_call_chain+24>:	test   %rcx,%rcx
Regs: rax=0x0,rbx=0xffffffff,rcx=0x0,rdx=0xffffc9000000bcb8,rsi=0x4,rdi=0xffffffff81969f48,rbp=0x4,rsp=0xffffc9000000bc80,r8=0x0,r9=0xffff888000152000,r10=0x6c,r11=0x0,r12=0xffffc9000000bcb8,r13=0xffff888000143638,r14=0x0,r15=0xffff888007b1d668
=> 0xffffffff81035317 <notifier_call_chain+27>:	je     0xffffffff81035341 <notifier_call_chain+69>
Regs: rax=0x0,rbx=0xffffffff,rcx=0x0,rdx=0xffffc9000000bcb8,rsi=0x4,rdi=0xffffffff81969f48,rbp=0x4,rsp=0xffffc9000000bc80,r8=0x0,r9=0xffff888000152000,r10=0x6c,r11=0x0,r12=0xffffc9000000bcb8,r13=0xffff888000143638,r14=0x0,r15=0xffff888007b1d668
=> 0xffffffff81035341 <notifier_call_chain+69>:	pop    %rbx
Regs: rax=0x0,rbx=0x1,rcx=0x0,rdx=0xffffc9000000bcb8,rsi=0x4,rdi=0xffffffff81969f48,rbp=0x4,rsp=0xffffc9000000bc88,r8=0x0,r9=0xffff888000152000,r10=0x6c,r11=0x0,r12=0xffffc9000000bcb8,r13=0xffff888000143638,r14=0x0,r15=0xffff888007b1d668
=> 0xffffffff81035342 <notifier_call_chain+70>:	pop    %rbp
Regs: rax=0x0,rbx=0x1,rcx=0x0,rdx=0xffffc9000000bcb8,rsi=0x4,rdi=0xffffffff81969f48,rbp=0x6c,rsp=0xffffc9000000bc90,r8=0x0,r9=0xffff888000152000,r10=0x6c,r11=0x0,r12=0xffffc9000000bcb8,r13=0xffff888000143638,r14=0x0,r15=0xffff888007b1d668
=> 0xffffffff81035343 <notifier_call_chain+71>:	pop    %r12
Regs: rax=0x0,rbx=0x1,rcx=0x0,rdx=0xffffc9000000bcb8,rsi=0x4,rdi=0xffffffff81969f48,rbp=0x6c,rsp=0xffffc9000000bc98,r8=0x0,r9=0xffff888000152000,r10=0x6c,r11=0x0,r12=0x6c,r13=0xffff888000143638,r14=0x0,r15=0xffff888007b1d668
=> 0xffffffff81035345 <notifier_call_chain+73>:	pop    %r13
Regs: rax=0x0,rbx=0x1,rcx=0x0,rdx=0xffffc9000000bcb8,rsi=0x4,rdi=0xffffffff81969f48,rbp=0x6c,rsp=0xffffc9000000bca0,r8=0x0,r9=0xffff888000152000,r10=0x6c,r11=0x0,r12=0x6c,r13=0xffff888000143638,r14=0x0,r15=0xffff888007b1d668
=> 0xffffffff81035347 <notifier_call_chain+75>:	pop    %r14
Regs: rax=0x0,rbx=0x1,rcx=0x0,rdx=0xffffc9000000bcb8,rsi=0x4,rdi=0xffffffff81969f48,rbp=0x6c,rsp=0xffffc9000000bca8,r8=0x0,r9=0xffff888000152000,r10=0x6c,r11=0x0,r12=0x6c,r13=0xffff888000143638,r14=0x700,r15=0xffff888007b1d668
=> 0xffffffff81035349 <notifier_call_chain+77>:	ret    
Regs: rax=0x0,rbx=0x1,rcx=0x0,rdx=0xffffc9000000bcb8,rsi=0x4,rdi=0xffffffff81969f48,rbp=0x6c,rsp=0xffffc9000000bcb0,r8=0x0,r9=0xffff888000152000,r10=0x6c,r11=0x0,r12=0x6c,r13=0xffff888000143638,r14=0x700,r15=0xffff888007b1d668
=> 0xffffffff81035488 <atomic_notifier_call_chain+11>:	ret    
Regs: rax=0x0,rbx=0x1,rcx=0x0,rdx=0xffffc9000000bcb8,rsi=0x4,rdi=0xffffffff81969f48,rbp=0x6c,rsp=0xffffc9000000bcb8,r8=0x0,r9=0xffff888000152000,r10=0x6c,r11=0x0,r12=0x6c,r13=0xffff888000143638,r14=0x700,r15=0xffff888007b1d668
=> 0xffffffff810dc55e <notify_update+35>:	add    $0x10,%rsp
Regs: rax=0x0,rbx=0x1,rcx=0x0,rdx=0xffffc9000000bcb8,rsi=0x4,rdi=0xffffffff81969f48,rbp=0x6c,rsp=0xffffc9000000bcc8,r8=0x0,r9=0xffff888000152000,r10=0x6c,r11=0x0,r12=0x6c,r13=0xffff888000143638,r14=0x700,r15=0xffff888007b1d668
=> 0xffffffff810dc562 <notify_update+39>:	ret    
Regs: rax=0x0,rbx=0x1,rcx=0x0,rdx=0xffffc9000000bcb8,rsi=0x4,rdi=0xffffffff81969f48,rbp=0x6c,rsp=0xffffc9000000bcd0,r8=0x0,r9=0xffff888000152000,r10=0x6c,r11=0x0,r12=0x6c,r13=0xffff888000143638,r14=0x700,r15=0xffff888007b1d668
=> 0xffffffff810df895 <do_con_write+1744>:	call   0xffffffff8103e7ed <console_unlock>
Regs: rax=0x0,rbx=0x1,rcx=0x0,rdx=0xffffc9000000bcb8,rsi=0x4,rdi=0xffffffff81969f48,rbp=0x6c,rsp=0xffffc9000000bcc8,r8=0x0,r9=0xffff888000152000,r10=0x6c,r11=0x0,r12=0x6c,r13=0xffff888000143638,r14=0x700,r15=0xffff888007b1d668
=> 0xffffffff8103e7ed <console_unlock>:	push   %r15
Regs: rax=0x0,rbx=0x1,rcx=0x0,rdx=0xffffc9000000bcb8,rsi=0x4,rdi=0xffffffff81969f48,rbp=0x6c,rsp=0xffffc9000000bcc0,r8=0x0,r9=0xffff888000152000,r10=0x6c,r11=0x0,r12=0x6c,r13=0xffff888000143638,r14=0x700,r15=0xffff888007b1d668
=> 0xffffffff8103e7ef <console_unlock+2>:	push   %r14
Regs: rax=0x0,rbx=0x1,rcx=0x0,rdx=0xffffc9000000bcb8,rsi=0x4,rdi=0xffffffff81969f48,rbp=0x6c,rsp=0xffffc9000000bcb8,r8=0x0,r9=0xffff888000152000,r10=0x6c,r11=0x0,r12=0x6c,r13=0xffff888000143638,r14=0x700,r15=0xffff888007b1d668
=> 0xffffffff8103e7f1 <console_unlock+4>:	xor    %r14d,%r14d
Regs: rax=0x0,rbx=0x1,rcx=0x0,rdx=0xffffc9000000bcb8,rsi=0x4,rdi=0xffffffff81969f48,rbp=0x6c,rsp=0xffffc9000000bcb8,r8=0x0,r9=0xffff888000152000,r10=0x6c,r11=0x0,r12=0x6c,r13=0xffff888000143638,r14=0x0,r15=0xffff888007b1d668
=> 0xffffffff8103e7f4 <console_unlock+7>:	push   %r13
Regs: rax=0x0,rbx=0x1,rcx=0x0,rdx=0xffffc9000000bcb8,rsi=0x4,rdi=0xffffffff81969f48,rbp=0x6c,rsp=0xffffc9000000bcb0,r8=0x0,r9=0xffff888000152000,r10=0x6c,r11=0x0,r12=0x6c,r13=0xffff888000143638,r14=0x0,r15=0xffff888007b1d668
=> 0xffffffff8103e7f6 <console_unlock+9>:	push   %r12
Regs: rax=0x0,rbx=0x1,rcx=0x0,rdx=0xffffc9000000bcb8,rsi=0x4,rdi=0xffffffff81969f48,rbp=0x6c,rsp=0xffffc9000000bca8,r8=0x0,r9=0xffff888000152000,r10=0x6c,r11=0x0,r12=0x6c,r13=0xffff888000143638,r14=0x0,r15=0xffff888007b1d668
=> 0xffffffff8103e7f8 <console_unlock+11>:	push   %rbp
Regs: rax=0x0,rbx=0x1,rcx=0x0,rdx=0xffffc9000000bcb8,rsi=0x4,rdi=0xffffffff81969f48,rbp=0x6c,rsp=0xffffc9000000bca0,r8=0x0,r9=0xffff888000152000,r10=0x6c,r11=0x0,r12=0x6c,r13=0xffff888000143638,r14=0x0,r15=0xffff888007b1d668
=> 0xffffffff8103e7f9 <console_unlock+12>:	push   %rbx
Regs: rax=0x0,rbx=0x1,rcx=0x0,rdx=0xffffc9000000bcb8,rsi=0x4,rdi=0xffffffff81969f48,rbp=0x6c,rsp=0xffffc9000000bc98,r8=0x0,r9=0xffff888000152000,r10=0x6c,r11=0x0,r12=0x6c,r13=0xffff888000143638,r14=0x0,r15=0xffff888007b1d668
=> 0xffffffff8103e7fa <console_unlock+13>:	sub    $0x10,%rsp
Regs: rax=0x0,rbx=0x1,rcx=0x0,rdx=0xffffc9000000bcb8,rsi=0x4,rdi=0xffffffff81969f48,rbp=0x6c,rsp=0xffffc9000000bc88,r8=0x0,r9=0xffff888000152000,r10=0x6c,r11=0x0,r12=0x6c,r13=0xffff888000143638,r14=0x0,r15=0xffff888007b1d668
=> 0xffffffff8103e7fe <console_unlock+17>:	mov    0x9260d0(%rip),%eax        # 0xffffffff819648d4 <console_may_schedule>
Regs: rax=0x1,rbx=0x1,rcx=0x0,rdx=0xffffc9000000bcb8,rsi=0x4,rdi=0xffffffff81969f48,rbp=0x6c,rsp=0xffffc9000000bc88,r8=0x0,r9=0xffff888000152000,r10=0x6c,r11=0x0,r12=0x6c,r13=0xffff888000143638,r14=0x0,r15=0xffff888007b1d668
=> 0xffffffff8103e804 <console_unlock+23>:	cmpl   $0x0,0x9261d5(%rip)        # 0xffffffff819649e0 <console_suspended>
Regs: rax=0x1,rbx=0x1,rcx=0x0,rdx=0xffffc9000000bcb8,rsi=0x4,rdi=0xffffffff81969f48,rbp=0x6c,rsp=0xffffc9000000bc88,r8=0x0,r9=0xffff888000152000,r10=0x6c,r11=0x0,r12=0x6c,r13=0xffff888000143638,r14=0x0,r15=0xffff888007b1d668
=> 0xffffffff8103e80b <console_unlock+30>:	movb   $0x0,0xf(%rsp)
Regs: rax=0x1,rbx=0x1,rcx=0x0,rdx=0xffffc9000000bcb8,rsi=0x4,rdi=0xffffffff81969f48,rbp=0x6c,rsp=0xffffc9000000bc88,r8=0x0,r9=0xffff888000152000,r10=0x6c,r11=0x0,r12=0x6c,r13=0xffff888000143638,r14=0x0,r15=0xffff888007b1d668
=> 0xffffffff8103e810 <console_unlock+35>:	mov    %eax,0x4(%rsp)
Regs: rax=0x1,rbx=0x1,rcx=0x0,rdx=0xffffc9000000bcb8,rsi=0x4,rdi=0xffffffff81969f48,rbp=0x6c,rsp=0xffffc9000000bc88,r8=0x0,r9=0xffff888000152000,r10=0x6c,r11=0x0,r12=0x6c,r13=0xffff888000143638,r14=0x0,r15=0xffff888007b1d668
=> 0xffffffff8103e814 <console_unlock+39>:	je     0xffffffff8103e8e4 <console_unlock+247>
Regs: rax=0x1,rbx=0x1,rcx=0x0,rdx=0xffffc9000000bcb8,rsi=0x4,rdi=0xffffffff81969f48,rbp=0x6c,rsp=0xffffc9000000bc88,r8=0x0,r9=0xffff888000152000,r10=0x6c,r11=0x0,r12=0x6c,r13=0xffff888000143638,r14=0x0,r15=0xffff888007b1d668
=> 0xffffffff8103e8e4 <console_unlock+247>:	xor    %esi,%esi
Regs: rax=0x1,rbx=0x1,rcx=0x0,rdx=0xffffc9000000bcb8,rsi=0x0,rdi=0xffffffff81969f48,rbp=0x6c,rsp=0xffffc9000000bc88,r8=0x0,r9=0xffff888000152000,r10=0x6c,r11=0x0,r12=0x6c,r13=0xffff888000143638,r14=0x0,r15=0xffff888007b1d668
=> 0xffffffff8103e8e6 <console_unlock+249>:	mov    %r14b,0xf(%rsp)
Regs: rax=0x1,rbx=0x1,rcx=0x0,rdx=0xffffc9000000bcb8,rsi=0x0,rdi=0xffffffff81969f48,rbp=0x6c,rsp=0xffffc9000000bc88,r8=0x0,r9=0xffff888000152000,r10=0x6c,r11=0x0,r12=0x6c,r13=0xffff888000143638,r14=0x0,r15=0xffff888007b1d668
=> 0xffffffff8103e8eb <console_unlock+254>:	xor    %r12d,%r12d
Regs: rax=0x1,rbx=0x1,rcx=0x0,rdx=0xffffc9000000bcb8,rsi=0x0,rdi=0xffffffff81969f48,rbp=0x6c,rsp=0xffffc9000000bc88,r8=0x0,r9=0xffff888000152000,r10=0x6c,r11=0x0,r12=0x0,r13=0xffff888000143638,r14=0x0,r15=0xffff888007b1d668
=> 0xffffffff8103e8ee <console_unlock+257>:	xor    %r15d,%r15d
Regs: rax=0x1,rbx=0x1,rcx=0x0,rdx=0xffffc9000000bcb8,rsi=0x0,rdi=0xffffffff81969f48,rbp=0x6c,rsp=0xffffc9000000bc88,r8=0x0,r9=0xffff888000152000,r10=0x6c,r11=0x0,r12=0x0,r13=0xffff888000143638,r14=0x0,r15=0x0
=> 0xffffffff8103e8f1 <console_unlock+260>:	mov    %esi,0x925fdd(%rip)        # 0xffffffff819648d4 <console_may_schedule>
Regs: rax=0x1,rbx=0x1,rcx=0x0,rdx=0xffffc9000000bcb8,rsi=0x0,rdi=0xffffffff81969f48,rbp=0x6c,rsp=0xffffc9000000bc88,r8=0x0,r9=0xffff888000152000,r10=0x6c,r11=0x0,r12=0x0,r13=0xffff888000143638,r14=0x0,r15=0x0
=> 0xffffffff8103e8f7 <console_unlock+266>:	jmp    0xffffffff8103e832 <console_unlock+69>
Regs: rax=0x1,rbx=0x1,rcx=0x0,rdx=0xffffc9000000bcb8,rsi=0x0,rdi=0xffffffff81969f48,rbp=0x6c,rsp=0xffffc9000000bc88,r8=0x0,r9=0xffff888000152000,r10=0x6c,r11=0x0,r12=0x0,r13=0xffff888000143638,r14=0x0,r15=0x0
=> 0xffffffff8103e832 <console_unlock+69>:	mov    0x903b8f(%rip),%rbx        # 0xffffffff819423c8 <console_drivers>
Regs: rax=0x1,rbx=0xffffffff818afda0,rcx=0x0,rdx=0xffffc9000000bcb8,rsi=0x0,rdi=0xffffffff81969f48,rbp=0x6c,rsp=0xffffc9000000bc88,r8=0x0,r9=0xffff888000152000,r10=0x6c,r11=0x0,r12=0x0,r13=0xffff888000143638,r14=0x0,r15=0x0
=> 0xffffffff8103e839 <console_unlock+76>:	xor    %r13d,%r13d
Regs: rax=0x1,rbx=0xffffffff818afda0,rcx=0x0,rdx=0xffffc9000000bcb8,rsi=0x0,rdi=0xffffffff81969f48,rbp=0x6c,rsp=0xffffc9000000bc88,r8=0x0,r9=0xffff888000152000,r10=0x6c,r11=0x0,r12=0x0,r13=0x0,r14=0x0,r15=0x0
=> 0xffffffff8103e83c <console_unlock+79>:	test   %rbx,%rbx
Regs: rax=0x1,rbx=0xffffffff818afda0,rcx=0x0,rdx=0xffffc9000000bcb8,rsi=0x0,rdi=0xffffffff81969f48,rbp=0x6c,rsp=0xffffc9000000bc88,r8=0x0,r9=0xffff888000152000,r10=0x6c,r11=0x0,r12=0x0,r13=0x0,r14=0x0,r15=0x0
=> 0xffffffff8103e83f <console_unlock+82>:	je     0xffffffff8103e82d <console_unlock+64>
Regs: rax=0x1,rbx=0xffffffff818afda0,rcx=0x0,rdx=0xffffc9000000bcb8,rsi=0x0,rdi=0xffffffff81969f48,rbp=0x6c,rsp=0xffffc9000000bc88,r8=0x0,r9=0xffff888000152000,r10=0x6c,r11=0x0,r12=0x0,r13=0x0,r14=0x0,r15=0x0
=> 0xffffffff8103e841 <console_unlock+84>:	mov    0x48(%rbx),%eax
Regs: rax=0x7,rbx=0xffffffff818afda0,rcx=0x0,rdx=0xffffc9000000bcb8,rsi=0x0,rdi=0xffffffff81969f48,rbp=0x6c,rsp=0xffffc9000000bc88,r8=0x0,r9=0xffff888000152000,r10=0x6c,r11=0x0,r12=0x0,r13=0x0,r14=0x0,r15=0x0
=> 0xffffffff8103e844 <console_unlock+87>:	test   $0x4,%al
Regs: rax=0x7,rbx=0xffffffff818afda0,rcx=0x0,rdx=0xffffc9000000bcb8,rsi=0x0,rdi=0xffffffff81969f48,rbp=0x6c,rsp=0xffffc9000000bc88,r8=0x0,r9=0xffff888000152000,r10=0x6c,r11=0x0,r12=0x0,r13=0x0,r14=0x0,r15=0x0
=> 0xffffffff8103e846 <console_unlock+89>:	je     0xffffffff8103e921 <console_unlock+308>
Regs: rax=0x7,rbx=0xffffffff818afda0,rcx=0x0,rdx=0xffffc9000000bcb8,rsi=0x0,rdi=0xffffffff81969f48,rbp=0x6c,rsp=0xffffc9000000bc88,r8=0x0,r9=0xffff888000152000,r10=0x6c,r11=0x0,r12=0x0,r13=0x0,r14=0x0,r15=0x0
=> 0xffffffff8103e84c <console_unlock+95>:	cmpq   $0x0,0x10(%rbx)
Regs: rax=0x7,rbx=0xffffffff818afda0,rcx=0x0,rdx=0xffffc9000000bcb8,rsi=0x0,rdi=0xffffffff81969f48,rbp=0x6c,rsp=0xffffc9000000bc88,r8=0x0,r9=0xffff888000152000,r10=0x6c,r11=0x0,r12=0x0,r13=0x0,r14=0x0,r15=0x0
=> 0xffffffff8103e851 <console_unlock+100>:	je     0xffffffff8103e921 <console_unlock+308>
Regs: rax=0x7,rbx=0xffffffff818afda0,rcx=0x0,rdx=0xffffc9000000bcb8,rsi=0x0,rdi=0xffffffff81969f48,rbp=0x6c,rsp=0xffffc9000000bc88,r8=0x0,r9=0xffff888000152000,r10=0x6c,r11=0x0,r12=0x0,r13=0x0,r14=0x0,r15=0x0
=> 0xffffffff8103e857 <console_unlock+106>:	lea    0xf(%rsp),%rcx
Regs: rax=0x7,rbx=0xffffffff818afda0,rcx=0xffffc9000000bc97,rdx=0xffffc9000000bcb8,rsi=0x0,rdi=0xffffffff81969f48,rbp=0x6c,rsp=0xffffc9000000bc88,r8=0x0,r9=0xffff888000152000,r10=0x6c,r11=0x0,r12=0x0,r13=0x0,r14=0x0,r15=0x0
=> 0xffffffff8103e85c <console_unlock+111>:	test   $0x40,%al
Regs: rax=0x7,rbx=0xffffffff818afda0,rcx=0xffffc9000000bc97,rdx=0xffffc9000000bcb8,rsi=0x0,rdi=0xffffffff81969f48,rbp=0x6c,rsp=0xffffc9000000bc88,r8=0x0,r9=0xffff888000152000,r10=0x6c,r11=0x0,r12=0x0,r13=0x0,r14=0x0,r15=0x0
=> 0xffffffff8103e85e <console_unlock+113>:	je     0xffffffff8103e8fc <console_unlock+271>
Regs: rax=0x7,rbx=0xffffffff818afda0,rcx=0xffffc9000000bc97,rdx=0xffffc9000000bcb8,rsi=0x0,rdi=0xffffffff81969f48,rbp=0x6c,rsp=0xffffc9000000bc88,r8=0x0,r9=0xffff888000152000,r10=0x6c,r11=0x0,r12=0x0,r13=0x0,r14=0x0,r15=0x0
=> 0xffffffff8103e8fc <console_unlock+271>:	mov    $0xffffffff819423e0,%rdx
Regs: rax=0x7,rbx=0xffffffff818afda0,rcx=0xffffc9000000bc97,rdx=0xffffffff819423e0,rsi=0x0,rdi=0xffffffff81969f48,rbp=0x6c,rsp=0xffffc9000000bc88,r8=0x0,r9=0xffff888000152000,r10=0x6c,r11=0x0,r12=0x0,r13=0x0,r14=0x0,r15=0x0
=> 0xffffffff8103e903 <console_unlock+278>:	xor    %esi,%esi
Regs: rax=0x7,rbx=0xffffffff818afda0,rcx=0xffffc9000000bc97,rdx=0xffffffff819423e0,rsi=0x0,rdi=0xffffffff81969f48,rbp=0x6c,rsp=0xffffc9000000bc88,r8=0x0,r9=0xffff888000152000,r10=0x6c,r11=0x0,r12=0x0,r13=0x0,r14=0x0,r15=0x0
=> 0xffffffff8103e905 <console_unlock+280>:	jmp    0xffffffff8103e86d <console_unlock+128>
Regs: rax=0x7,rbx=0xffffffff818afda0,rcx=0xffffc9000000bc97,rdx=0xffffffff819423e0,rsi=0x0,rdi=0xffffffff81969f48,rbp=0x6c,rsp=0xffffc9000000bc88,r8=0x0,r9=0xffff888000152000,r10=0x6c,r11=0x0,r12=0x0,r13=0x0,r14=0x0,r15=0x0
=> 0xffffffff8103e86d <console_unlock+128>:	mov    %rbx,%rdi
Regs: rax=0x7,rbx=0xffffffff818afda0,rcx=0xffffc9000000bc97,rdx=0xffffffff819423e0,rsi=0x0,rdi=0xffffffff818afda0,rbp=0x6c,rsp=0xffffc9000000bc88,r8=0x0,r9=0xffff888000152000,r10=0x6c,r11=0x0,r12=0x0,r13=0x0,r14=0x0,r15=0x0
=> 0xffffffff8103e870 <console_unlock+131>:	call   0xffffffff8103e56a <console_emit_next_record>
Regs: rax=0x7,rbx=0xffffffff818afda0,rcx=0xffffc9000000bc97,rdx=0xffffffff819423e0,rsi=0x0,rdi=0xffffffff818afda0,rbp=0x6c,rsp=0xffffc9000000bc80,r8=0x0,r9=0xffff888000152000,r10=0x6c,r11=0x0,r12=0x0,r13=0x0,r14=0x0,r15=0x0
=> 0xffffffff8103e56a <console_emit_next_record>:	push   %r15
Regs: rax=0x7,rbx=0xffffffff818afda0,rcx=0xffffc9000000bc97,rdx=0xffffffff819423e0,rsi=0x0,rdi=0xffffffff818afda0,rbp=0x6c,rsp=0xffffc9000000bc78,r8=0x0,r9=0xffff888000152000,r10=0x6c,r11=0x0,r12=0x0,r13=0x0,r14=0x0,r15=0x0
=> 0xffffffff8103e56c <console_emit_next_record+2>:	xor    %eax,%eax
Regs: rax=0x0,rbx=0xffffffff818afda0,rcx=0xffffc9000000bc97,rdx=0xffffffff819423e0,rsi=0x0,rdi=0xffffffff818afda0,rbp=0x6c,rsp=0xffffc9000000bc78,r8=0x0,r9=0xffff888000152000,r10=0x6c,r11=0x0,r12=0x0,r13=0x0,r14=0x0,r15=0x0
=> 0xffffffff8103e56e <console_emit_next_record+4>:	push   %r14
Regs: rax=0x0,rbx=0xffffffff818afda0,rcx=0xffffc9000000bc97,rdx=0xffffffff819423e0,rsi=0x0,rdi=0xffffffff818afda0,rbp=0x6c,rsp=0xffffc9000000bc70,r8=0x0,r9=0xffff888000152000,r10=0x6c,r11=0x0,r12=0x0,r13=0x0,r14=0x0,r15=0x0
=> 0xffffffff8103e570 <console_emit_next_record+6>:	mov    %rdx,%r14
Regs: rax=0x0,rbx=0xffffffff818afda0,rcx=0xffffc9000000bc97,rdx=0xffffffff819423e0,rsi=0x0,rdi=0xffffffff818afda0,rbp=0x6c,rsp=0xffffc9000000bc70,r8=0x0,r9=0xffff888000152000,r10=0x6c,r11=0x0,r12=0x0,r13=0x0,r14=0xffffffff819423e0,r15=0x0
=> 0xffffffff8103e573 <console_emit_next_record+9>:	push   %r13
Regs: rax=0x0,rbx=0xffffffff818afda0,rcx=0xffffc9000000bc97,rdx=0xffffffff819423e0,rsi=0x0,rdi=0xffffffff818afda0,rbp=0x6c,rsp=0xffffc9000000bc68,r8=0x0,r9=0xffff888000152000,r10=0x6c,r11=0x0,r12=0x0,r13=0x0,r14=0xffffffff819423e0,r15=0x0
=> 0xffffffff8103e575 <console_emit_next_record+11>:	mov    %rcx,%r13
Regs: rax=0x0,rbx=0xffffffff818afda0,rcx=0xffffc9000000bc97,rdx=0xffffffff819423e0,rsi=0x0,rdi=0xffffffff818afda0,rbp=0x6c,rsp=0xffffc9000000bc68,r8=0x0,r9=0xffff888000152000,r10=0x6c,r11=0x0,r12=0x0,r13=0xffffc9000000bc97,r14=0xffffffff819423e0,r15=0x0
=> 0xffffffff8103e578 <console_emit_next_record+14>:	mov    $0x16,%ecx
Regs: rax=0x0,rbx=0xffffffff818afda0,rcx=0x16,rdx=0xffffffff819423e0,rsi=0x0,rdi=0xffffffff818afda0,rbp=0x6c,rsp=0xffffc9000000bc68,r8=0x0,r9=0xffff888000152000,r10=0x6c,r11=0x0,r12=0x0,r13=0xffffc9000000bc97,r14=0xffffffff819423e0,r15=0x0
=> 0xffffffff8103e57d <console_emit_next_record+19>:	push   %r12
Regs: rax=0x0,rbx=0xffffffff818afda0,rcx=0x16,rdx=0xffffffff819423e0,rsi=0x0,rdi=0xffffffff818afda0,rbp=0x6c,rsp=0xffffc9000000bc60,r8=0x0,r9=0xffff888000152000,r10=0x6c,r11=0x0,r12=0x0,r13=0xffffc9000000bc97,r14=0xffffffff819423e0,r15=0x0
=> 0xffffffff8103e57f <console_emit_next_record+21>:	mov    %rsi,%r12
Regs: rax=0x0,rbx=0xffffffff818afda0,rcx=0x16,rdx=0xffffffff819423e0,rsi=0x0,rdi=0xffffffff818afda0,rbp=0x6c,rsp=0xffffc9000000bc60,r8=0x0,r9=0xffff888000152000,r10=0x6c,r11=0x0,r12=0x0,r13=0xffffc9000000bc97,r14=0xffffffff819423e0,r15=0x0
=> 0xffffffff8103e582 <console_emit_next_record+24>:	push   %rbp
Regs: rax=0x0,rbx=0xffffffff818afda0,rcx=0x16,rdx=0xffffffff819423e0,rsi=0x0,rdi=0xffffffff818afda0,rbp=0x6c,rsp=0xffffc9000000bc58,r8=0x0,r9=0xffff888000152000,r10=0x6c,r11=0x0,r12=0x0,r13=0xffffc9000000bc97,r14=0xffffffff819423e0,r15=0x0
=> 0xffffffff8103e583 <console_emit_next_record+25>:	push   %rbx
Regs: rax=0x0,rbx=0xffffffff818afda0,rcx=0x16,rdx=0xffffffff819423e0,rsi=0x0,rdi=0xffffffff818afda0,rbp=0x6c,rsp=0xffffc9000000bc50,r8=0x0,r9=0xffff888000152000,r10=0x6c,r11=0x0,r12=0x0,r13=0xffffc9000000bc97,r14=0xffffffff819423e0,r15=0x0
=> 0xffffffff8103e584 <console_emit_next_record+26>:	mov    %rdi,%rbx
Regs: rax=0x0,rbx=0xffffffff818afda0,rcx=0x16,rdx=0xffffffff819423e0,rsi=0x0,rdi=0xffffffff818afda0,rbp=0x6c,rsp=0xffffc9000000bc50,r8=0x0,r9=0xffff888000152000,r10=0x6c,r11=0x0,r12=0x0,r13=0xffffc9000000bc97,r14=0xffffffff819423e0,r15=0x0
=> 0xffffffff8103e587 <console_emit_next_record+29>:	sub    $0x78,%rsp
Regs: rax=0x0,rbx=0xffffffff818afda0,rcx=0x16,rdx=0xffffffff819423e0,rsi=0x0,rdi=0xffffffff818afda0,rbp=0x6c,rsp=0xffffc9000000bbd8,r8=0x0,r9=0xffff888000152000,r10=0x6c,r11=0x0,r12=0x0,r13=0xffffc9000000bc97,r14=0xffffffff819423e0,r15=0x0
=> 0xffffffff8103e58b <console_emit_next_record+33>:	movb   $0x0,0x0(%r13)
Regs: rax=0x0,rbx=0xffffffff818afda0,rcx=0x16,rdx=0xffffffff819423e0,rsi=0x0,rdi=0xffffffff818afda0,rbp=0x6c,rsp=0xffffc9000000bbd8,r8=0x0,r9=0xffff888000152000,r10=0x6c,r11=0x0,r12=0x0,r13=0xffffc9000000bc97,r14=0xffffffff819423e0,r15=0x0
=> 0xffffffff8103e590 <console_emit_next_record+38>:	mov    0x58(%rbx),%rsi
Regs: rax=0x0,rbx=0xffffffff818afda0,rcx=0x16,rdx=0xffffffff819423e0,rsi=0x77,rdi=0xffffffff818afda0,rbp=0x6c,rsp=0xffffc9000000bbd8,r8=0x0,r9=0xffff888000152000,r10=0x6c,r11=0x0,r12=0x0,r13=0xffffc9000000bc97,r14=0xffffffff819423e0,r15=0x0
=> 0xffffffff8103e594 <console_emit_next_record+42>:	lea    0x20(%rsp),%rdx
Regs: rax=0x0,rbx=0xffffffff818afda0,rcx=0x16,rdx=0xffffc9000000bbf8,rsi=0x77,rdi=0xffffffff818afda0,rbp=0x6c,rsp=0xffffc9000000bbd8,r8=0x0,r9=0xffff888000152000,r10=0x6c,r11=0x0,r12=0x0,r13=0xffffc9000000bc97,r14=0xffffffff819423e0,r15=0x0
=> 0xffffffff8103e599 <console_emit_next_record+47>:	lea    0x8(%rsp),%rbp
Regs: rax=0x0,rbx=0xffffffff818afda0,rcx=0x16,rdx=0xffffc9000000bbf8,rsi=0x77,rdi=0xffffffff818afda0,rbp=0xffffc9000000bbe0,rsp=0xffffc9000000bbd8,r8=0x0,r9=0xffff888000152000,r10=0x6c,r11=0x0,r12=0x0,r13=0xffffc9000000bc97,r14=0xffffffff819423e0,r15=0x0
=> 0xffffffff8103e59e <console_emit_next_record+52>:	mov    %rdx,%rdi
Regs: rax=0x0,rbx=0xffffffff818afda0,rcx=0x16,rdx=0xffffc9000000bbf8,rsi=0x77,rdi=0xffffc9000000bbf8,rbp=0xffffc9000000bbe0,rsp=0xffffc9000000bbd8,r8=0x0,r9=0xffff888000152000,r10=0x6c,r11=0x0,r12=0x0,r13=0xffffc9000000bc97,r14=0xffffffff819423e0,r15=0x0
=> 0xffffffff8103e5a1 <console_emit_next_record+55>:	rep stos %eax,%es:(%rdi)
Regs: rax=0x0,rbx=0xffffffff818afda0,rcx=0x15,rdx=0xffffc9000000bbf8,rsi=0x77,rdi=0xffffc9000000bbfc,rbp=0xffffc9000000bbe0,rsp=0xffffc9000000bbd8,r8=0x0,r9=0xffff888000152000,r10=0x6c,r11=0x0,r12=0x0,r13=0xffffc9000000bc97,r14=0xffffffff819423e0,r15=0x0
=> 0xffffffff8103e5a1 <console_emit_next_record+55>:	rep stos %eax,%es:(%rdi)
Regs: rax=0x0,rbx=0xffffffff818afda0,rcx=0x14,rdx=0xffffc9000000bbf8,rsi=0x77,rdi=0xffffc9000000bc00,rbp=0xffffc9000000bbe0,rsp=0xffffc9000000bbd8,r8=0x0,r9=0xffff888000152000,r10=0x6c,r11=0x0,r12=0x0,r13=0xffffc9000000bc97,r14=0xffffffff819423e0,r15=0x0
=> 0xffffffff8103e5a1 <console_emit_next_record+55>:	rep stos %eax,%es:(%rdi)
Regs: rax=0x0,rbx=0xffffffff818afda0,rcx=0x13,rdx=0xffffc9000000bbf8,rsi=0x77,rdi=0xffffc9000000bc04,rbp=0xffffc9000000bbe0,rsp=0xffffc9000000bbd8,r8=0x0,r9=0xffff888000152000,r10=0x6c,r11=0x0,r12=0x0,r13=0xffffc9000000bc97,r14=0xffffffff819423e0,r15=0x0
=> 0xffffffff8103e5a1 <console_emit_next_record+55>:	rep stos %eax,%es:(%rdi)
Regs: rax=0x0,rbx=0xffffffff818afda0,rcx=0x12,rdx=0xffffc9000000bbf8,rsi=0x77,rdi=0xffffc9000000bc08,rbp=0xffffc9000000bbe0,rsp=0xffffc9000000bbd8,r8=0x0,r9=0xffff888000152000,r10=0x6c,r11=0x0,r12=0x0,r13=0xffffc9000000bc97,r14=0xffffffff819423e0,r15=0x0
=> 0xffffffff8103e5a1 <console_emit_next_record+55>:	rep stos %eax,%es:(%rdi)
Regs: rax=0x0,rbx=0xffffffff818afda0,rcx=0x11,rdx=0xffffc9000000bbf8,rsi=0x77,rdi=0xffffc9000000bc0c,rbp=0xffffc9000000bbe0,rsp=0xffffc9000000bbd8,r8=0x0,r9=0xffff888000152000,r10=0x6c,r11=0x0,r12=0x0,r13=0xffffc9000000bc97,r14=0xffffffff819423e0,r15=0x0
=> 0xffffffff8103e5a1 <console_emit_next_record+55>:	rep stos %eax,%es:(%rdi)
Regs: rax=0x0,rbx=0xffffffff818afda0,rcx=0x10,rdx=0xffffc9000000bbf8,rsi=0x77,rdi=0xffffc9000000bc10,rbp=0xffffc9000000bbe0,rsp=0xffffc9000000bbd8,r8=0x0,r9=0xffff888000152000,r10=0x6c,r11=0x0,r12=0x0,r13=0xffffc9000000bc97,r14=0xffffffff819423e0,r15=0x0
=> 0xffffffff8103e5a1 <console_emit_next_record+55>:	rep stos %eax,%es:(%rdi)
Regs: rax=0x0,rbx=0xffffffff818afda0,rcx=0xf,rdx=0xffffc9000000bbf8,rsi=0x77,rdi=0xffffc9000000bc14,rbp=0xffffc9000000bbe0,rsp=0xffffc9000000bbd8,r8=0x0,r9=0xffff888000152000,r10=0x6c,r11=0x0,r12=0x0,r13=0xffffc9000000bc97,r14=0xffffffff819423e0,r15=0x0
=> 0xffffffff8103e5a1 <console_emit_next_record+55>:	rep stos %eax,%es:(%rdi)
Regs: rax=0x0,rbx=0xffffffff818afda0,rcx=0xe,rdx=0xffffc9000000bbf8,rsi=0x77,rdi=0xffffc9000000bc18,rbp=0xffffc9000000bbe0,rsp=0xffffc9000000bbd8,r8=0x0,r9=0xffff888000152000,r10=0x6c,r11=0x0,r12=0x0,r13=0xffffc9000000bc97,r14=0xffffffff819423e0,r15=0x0
=> 0xffffffff8103e5a1 <console_emit_next_record+55>:	rep stos %eax,%es:(%rdi)
Regs: rax=0x0,rbx=0xffffffff818afda0,rcx=0xd,rdx=0xffffc9000000bbf8,rsi=0x77,rdi=0xffffc9000000bc1c,rbp=0xffffc9000000bbe0,rsp=0xffffc9000000bbd8,r8=0x0,r9=0xffff888000152000,r10=0x6c,r11=0x0,r12=0x0,r13=0xffffc9000000bc97,r14=0xffffffff819423e0,r15=0x0
=> 0xffffffff8103e5a1 <console_emit_next_record+55>:	rep stos %eax,%es:(%rdi)
Regs: rax=0x0,rbx=0xffffffff818afda0,rcx=0xc,rdx=0xffffc9000000bbf8,rsi=0x77,rdi=0xffffc9000000bc20,rbp=0xffffc9000000bbe0,rsp=0xffffc9000000bbd8,r8=0x0,r9=0xffff888000152000,r10=0x6c,r11=0x0,r12=0x0,r13=0xffffc9000000bc97,r14=0xffffffff819423e0,r15=0x0
=> 0xffffffff8103e5a1 <console_emit_next_record+55>:	rep stos %eax,%es:(%rdi)
Regs: rax=0x0,rbx=0xffffffff818afda0,rcx=0xb,rdx=0xffffc9000000bbf8,rsi=0x77,rdi=0xffffc9000000bc24,rbp=0xffffc9000000bbe0,rsp=0xffffc9000000bbd8,r8=0x0,r9=0xffff888000152000,r10=0x6c,r11=0x0,r12=0x0,r13=0xffffc9000000bc97,r14=0xffffffff819423e0,r15=0x0
=> 0xffffffff8103e5a1 <console_emit_next_record+55>:	rep stos %eax,%es:(%rdi)
Regs: rax=0x0,rbx=0xffffffff818afda0,rcx=0xa,rdx=0xffffc9000000bbf8,rsi=0x77,rdi=0xffffc9000000bc28,rbp=0xffffc9000000bbe0,rsp=0xffffc9000000bbd8,r8=0x0,r9=0xffff888000152000,r10=0x6c,r11=0x0,r12=0x0,r13=0xffffc9000000bc97,r14=0xffffffff819423e0,r15=0x0
=> 0xffffffff8103e5a1 <console_emit_next_record+55>:	rep stos %eax,%es:(%rdi)
Regs: rax=0x0,rbx=0xffffffff818afda0,rcx=0x9,rdx=0xffffc9000000bbf8,rsi=0x77,rdi=0xffffc9000000bc2c,rbp=0xffffc9000000bbe0,rsp=0xffffc9000000bbd8,r8=0x0,r9=0xffff888000152000,r10=0x6c,r11=0x0,r12=0x0,r13=0xffffc9000000bc97,r14=0xffffffff819423e0,r15=0x0
=> 0xffffffff8103e5a1 <console_emit_next_record+55>:	rep stos %eax,%es:(%rdi)
Regs: rax=0x0,rbx=0xffffffff818afda0,rcx=0x8,rdx=0xffffc9000000bbf8,rsi=0x77,rdi=0xffffc9000000bc30,rbp=0xffffc9000000bbe0,rsp=0xffffc9000000bbd8,r8=0x0,r9=0xffff888000152000,r10=0x6c,r11=0x0,r12=0x0,r13=0xffffc9000000bc97,r14=0xffffffff819423e0,r15=0x0
=> 0xffffffff8103e5a1 <console_emit_next_record+55>:	rep stos %eax,%es:(%rdi)
Regs: rax=0x0,rbx=0xffffffff818afda0,rcx=0x7,rdx=0xffffc9000000bbf8,rsi=0x77,rdi=0xffffc9000000bc34,rbp=0xffffc9000000bbe0,rsp=0xffffc9000000bbd8,r8=0x0,r9=0xffff888000152000,r10=0x6c,r11=0x0,r12=0x0,r13=0xffffc9000000bc97,r14=0xffffffff819423e0,r15=0x0
=> 0xffffffff8103e5a1 <console_emit_next_record+55>:	rep stos %eax,%es:(%rdi)
Regs: rax=0x0,rbx=0xffffffff818afda0,rcx=0x6,rdx=0xffffc9000000bbf8,rsi=0x77,rdi=0xffffc9000000bc38,rbp=0xffffc9000000bbe0,rsp=0xffffc9000000bbd8,r8=0x0,r9=0xffff888000152000,r10=0x6c,r11=0x0,r12=0x0,r13=0xffffc9000000bc97,r14=0xffffffff819423e0,r15=0x0
=> 0xffffffff8103e5a1 <console_emit_next_record+55>:	rep stos %eax,%es:(%rdi)
Regs: rax=0x0,rbx=0xffffffff818afda0,rcx=0x5,rdx=0xffffc9000000bbf8,rsi=0x77,rdi=0xffffc9000000bc3c,rbp=0xffffc9000000bbe0,rsp=0xffffc9000000bbd8,r8=0x0,r9=0xffff888000152000,r10=0x6c,r11=0x0,r12=0x0,r13=0xffffc9000000bc97,r14=0xffffffff819423e0,r15=0x0
=> 0xffffffff8103e5a1 <console_emit_next_record+55>:	rep stos %eax,%es:(%rdi)
Regs: rax=0x0,rbx=0xffffffff818afda0,rcx=0x4,rdx=0xffffc9000000bbf8,rsi=0x77,rdi=0xffffc9000000bc40,rbp=0xffffc9000000bbe0,rsp=0xffffc9000000bbd8,r8=0x0,r9=0xffff888000152000,r10=0x6c,r11=0x0,r12=0x0,r13=0xffffc9000000bc97,r14=0xffffffff819423e0,r15=0x0
=> 0xffffffff8103e5a1 <console_emit_next_record+55>:	rep stos %eax,%es:(%rdi)
Regs: rax=0x0,rbx=0xffffffff818afda0,rcx=0x3,rdx=0xffffc9000000bbf8,rsi=0x77,rdi=0xffffc9000000bc44,rbp=0xffffc9000000bbe0,rsp=0xffffc9000000bbd8,r8=0x0,r9=0xffff888000152000,r10=0x6c,r11=0x0,r12=0x0,r13=0xffffc9000000bc97,r14=0xffffffff819423e0,r15=0x0
=> 0xffffffff8103e5a1 <console_emit_next_record+55>:	rep stos %eax,%es:(%rdi)
Regs: rax=0x0,rbx=0xffffffff818afda0,rcx=0x2,rdx=0xffffc9000000bbf8,rsi=0x77,rdi=0xffffc9000000bc48,rbp=0xffffc9000000bbe0,rsp=0xffffc9000000bbd8,r8=0x0,r9=0xffff888000152000,r10=0x6c,r11=0x0,r12=0x0,r13=0xffffc9000000bc97,r14=0xffffffff819423e0,r15=0x0
=> 0xffffffff8103e5a1 <console_emit_next_record+55>:	rep stos %eax,%es:(%rdi)
Regs: rax=0x0,rbx=0xffffffff818afda0,rcx=0x1,rdx=0xffffc9000000bbf8,rsi=0x77,rdi=0xffffc9000000bc4c,rbp=0xffffc9000000bbe0,rsp=0xffffc9000000bbd8,r8=0x0,r9=0xffff888000152000,r10=0x6c,r11=0x0,r12=0x0,r13=0xffffc9000000bc97,r14=0xffffffff819423e0,r15=0x0
=> 0xffffffff8103e5a1 <console_emit_next_record+55>:	rep stos %eax,%es:(%rdi)
Regs: rax=0x0,rbx=0xffffffff818afda0,rcx=0x0,rdx=0xffffc9000000bbf8,rsi=0x77,rdi=0xffffc9000000bc50,rbp=0xffffc9000000bbe0,rsp=0xffffc9000000bbd8,r8=0x0,r9=0xffff888000152000,r10=0x6c,r11=0x0,r12=0x0,r13=0xffffc9000000bc97,r14=0xffffffff819423e0,r15=0x0
=> 0xffffffff8103e5a3 <console_emit_next_record+57>:	mov    $0x6,%ecx
Regs: rax=0x0,rbx=0xffffffff818afda0,rcx=0x6,rdx=0xffffc9000000bbf8,rsi=0x77,rdi=0xffffc9000000bc50,rbp=0xffffc9000000bbe0,rsp=0xffffc9000000bbd8,r8=0x0,r9=0xffff888000152000,r10=0x6c,r11=0x0,r12=0x0,r13=0xffffc9000000bc97,r14=0xffffffff819423e0,r15=0x0
=> 0xffffffff8103e5a8 <console_emit_next_record+62>:	mov    %rbp,%rdi
Regs: rax=0x0,rbx=0xffffffff818afda0,rcx=0x6,rdx=0xffffc9000000bbf8,rsi=0x77,rdi=0xffffc9000000bbe0,rbp=0xffffc9000000bbe0,rsp=0xffffc9000000bbd8,r8=0x0,r9=0xffff888000152000,r10=0x6c,r11=0x0,r12=0x0,r13=0xffffc9000000bc97,r14=0xffffffff819423e0,r15=0x0
=> 0xffffffff8103e5ab <console_emit_next_record+65>:	rep stos %eax,%es:(%rdi)
Regs: rax=0x0,rbx=0xffffffff818afda0,rcx=0x5,rdx=0xffffc9000000bbf8,rsi=0x77,rdi=0xffffc9000000bbe4,rbp=0xffffc9000000bbe0,rsp=0xffffc9000000bbd8,r8=0x0,r9=0xffff888000152000,r10=0x6c,r11=0x0,r12=0x0,r13=0xffffc9000000bc97,r14=0xffffffff819423e0,r15=0x0
=> 0xffffffff8103e5ab <console_emit_next_record+65>:	rep stos %eax,%es:(%rdi)
Regs: rax=0x0,rbx=0xffffffff818afda0,rcx=0x4,rdx=0xffffc9000000bbf8,rsi=0x77,rdi=0xffffc9000000bbe8,rbp=0xffffc9000000bbe0,rsp=0xffffc9000000bbd8,r8=0x0,r9=0xffff888000152000,r10=0x6c,r11=0x0,r12=0x0,r13=0xffffc9000000bc97,r14=0xffffffff819423e0,r15=0x0
=> 0xffffffff8103e5ab <console_emit_next_record+65>:	rep stos %eax,%es:(%rdi)
Regs: rax=0x0,rbx=0xffffffff818afda0,rcx=0x3,rdx=0xffffc9000000bbf8,rsi=0x77,rdi=0xffffc9000000bbec,rbp=0xffffc9000000bbe0,rsp=0xffffc9000000bbd8,r8=0x0,r9=0xffff888000152000,r10=0x6c,r11=0x0,r12=0x0,r13=0xffffc9000000bc97,r14=0xffffffff819423e0,r15=0x0
=> 0xffffffff8103e5ab <console_emit_next_record+65>:	rep stos %eax,%es:(%rdi)
Regs: rax=0x0,rbx=0xffffffff818afda0,rcx=0x2,rdx=0xffffc9000000bbf8,rsi=0x77,rdi=0xffffc9000000bbf0,rbp=0xffffc9000000bbe0,rsp=0xffffc9000000bbd8,r8=0x0,r9=0xffff888000152000,r10=0x6c,r11=0x0,r12=0x0,r13=0xffffc9000000bc97,r14=0xffffffff819423e0,r15=0x0
=> 0xffffffff8103e5ab <console_emit_next_record+65>:	rep stos %eax,%es:(%rdi)
Regs: rax=0x0,rbx=0xffffffff818afda0,rcx=0x1,rdx=0xffffc9000000bbf8,rsi=0x77,rdi=0xffffc9000000bbf4,rbp=0xffffc9000000bbe0,rsp=0xffffc9000000bbd8,r8=0x0,r9=0xffff888000152000,r10=0x6c,r11=0x0,r12=0x0,r13=0xffffc9000000bc97,r14=0xffffffff819423e0,r15=0x0
=> 0xffffffff8103e5ab <console_emit_next_record+65>:	rep stos %eax,%es:(%rdi)
Regs: rax=0x0,rbx=0xffffffff818afda0,rcx=0x0,rdx=0xffffc9000000bbf8,rsi=0x77,rdi=0xffffc9000000bbf8,rbp=0xffffc9000000bbe0,rsp=0xffffc9000000bbd8,r8=0x0,r9=0xffff888000152000,r10=0x6c,r11=0x0,r12=0x0,r13=0xffffc9000000bc97,r14=0xffffffff819423e0,r15=0x0
=> 0xffffffff8103e5ad <console_emit_next_record+67>:	mov    0x7fc3b4(%rip),%rdi        # 0xffffffff8183a968 <prb>
Regs: rax=0x0,rbx=0xffffffff818afda0,rcx=0x0,rdx=0xffffc9000000bbf8,rsi=0x77,rdi=0xffffffff8183a980,rbp=0xffffc9000000bbe0,rsp=0xffffc9000000bbd8,r8=0x0,r9=0xffff888000152000,r10=0x6c,r11=0x0,r12=0x0,r13=0xffffc9000000bc97,r14=0xffffffff819423e0,r15=0x0
=> 0xffffffff8103e5b4 <console_emit_next_record+74>:	mov    %rdx,0x8(%rsp)
Regs: rax=0x0,rbx=0xffffffff818afda0,rcx=0x0,rdx=0xffffc9000000bbf8,rsi=0x77,rdi=0xffffffff8183a980,rbp=0xffffc9000000bbe0,rsp=0xffffc9000000bbd8,r8=0x0,r9=0xffff888000152000,r10=0x6c,r11=0x0,r12=0x0,r13=0xffffc9000000bc97,r14=0xffffffff819423e0,r15=0x0
=> 0xffffffff8103e5b9 <console_emit_next_record+79>:	mov    %rbp,%rdx
Regs: rax=0x0,rbx=0xffffffff818afda0,rcx=0x0,rdx=0xffffc9000000bbe0,rsi=0x77,rdi=0xffffffff8183a980,rbp=0xffffc9000000bbe0,rsp=0xffffc9000000bbd8,r8=0x0,r9=0xffff888000152000,r10=0x6c,r11=0x0,r12=0x0,r13=0xffffc9000000bc97,r14=0xffffffff819423e0,r15=0x0
=> 0xffffffff8103e5bc <console_emit_next_record+82>:	movq   $0xffffffff81944420,0x10(%rsp)
Regs: rax=0x0,rbx=0xffffffff818afda0,rcx=0x0,rdx=0xffffc9000000bbe0,rsi=0x77,rdi=0xffffffff8183a980,rbp=0xffffc9000000bbe0,rsp=0xffffc9000000bbd8,r8=0x0,r9=0xffff888000152000,r10=0x6c,r11=0x0,r12=0x0,r13=0xffffc9000000bc97,r14=0xffffffff819423e0,r15=0x0
=> 0xffffffff8103e5c5 <console_emit_next_record+91>:	movl   $0x400,0x18(%rsp)
Regs: rax=0x0,rbx=0xffffffff818afda0,rcx=0x0,rdx=0xffffc9000000bbe0,rsi=0x77,rdi=0xffffffff8183a980,rbp=0xffffc9000000bbe0,rsp=0xffffc9000000bbd8,r8=0x0,r9=0xffff888000152000,r10=0x6c,r11=0x0,r12=0x0,r13=0xffffc9000000bc97,r14=0xffffffff819423e0,r15=0x0
=> 0xffffffff8103e5cd <console_emit_next_record+99>:	call   0xffffffff81040170 <prb_read_valid>
Regs: rax=0x0,rbx=0xffffffff818afda0,rcx=0x0,rdx=0xffffc9000000bbe0,rsi=0x77,rdi=0xffffffff8183a980,rbp=0xffffc9000000bbe0,rsp=0xffffc9000000bbd0,r8=0x0,r9=0xffff888000152000,r10=0x6c,r11=0x0,r12=0x0,r13=0xffffc9000000bc97,r14=0xffffffff819423e0,r15=0x0
=> 0xffffffff81040170 <prb_read_valid>:	push   %rax
Regs: rax=0x0,rbx=0xffffffff818afda0,rcx=0x0,rdx=0xffffc9000000bbe0,rsi=0x77,rdi=0xffffffff8183a980,rbp=0xffffc9000000bbe0,rsp=0xffffc9000000bbc8,r8=0x0,r9=0xffff888000152000,r10=0x6c,r11=0x0,r12=0x0,r13=0xffffc9000000bc97,r14=0xffffffff819423e0,r15=0x0
=> 0xffffffff81040171 <prb_read_valid+1>:	xor    %ecx,%ecx
Regs: rax=0x0,rbx=0xffffffff818afda0,rcx=0x0,rdx=0xffffc9000000bbe0,rsi=0x77,rdi=0xffffffff8183a980,rbp=0xffffc9000000bbe0,rsp=0xffffc9000000bbc8,r8=0x0,r9=0xffff888000152000,r10=0x6c,r11=0x0,r12=0x0,r13=0xffffc9000000bc97,r14=0xffffffff819423e0,r15=0x0
=> 0xffffffff81040173 <prb_read_valid+3>:	mov    %rsi,(%rsp)
Regs: rax=0x0,rbx=0xffffffff818afda0,rcx=0x0,rdx=0xffffc9000000bbe0,rsi=0x77,rdi=0xffffffff8183a980,rbp=0xffffc9000000bbe0,rsp=0xffffc9000000bbc8,r8=0x0,r9=0xffff888000152000,r10=0x6c,r11=0x0,r12=0x0,r13=0xffffc9000000bc97,r14=0xffffffff819423e0,r15=0x0
=> 0xffffffff81040177 <prb_read_valid+7>:	mov    %rsp,%rsi
Regs: rax=0x0,rbx=0xffffffff818afda0,rcx=0x0,rdx=0xffffc9000000bbe0,rsi=0xffffc9000000bbc8,rdi=0xffffffff8183a980,rbp=0xffffc9000000bbe0,rsp=0xffffc9000000bbc8,r8=0x0,r9=0xffff888000152000,r10=0x6c,r11=0x0,r12=0x0,r13=0xffffc9000000bc97,r14=0xffffffff819423e0,r15=0x0
=> 0xffffffff8104017a <prb_read_valid+10>:	call   0xffffffff8103f90d <_prb_read_valid>
Regs: rax=0x0,rbx=0xffffffff818afda0,rcx=0x0,rdx=0xffffc9000000bbe0,rsi=0xffffc9000000bbc8,rdi=0xffffffff8183a980,rbp=0xffffc9000000bbe0,rsp=0xffffc9000000bbc0,r8=0x0,r9=0xffff888000152000,r10=0x6c,r11=0x0,r12=0x0,r13=0xffffc9000000bc97,r14=0xffffffff819423e0,r15=0x0
=> 0xffffffff8103f90d <_prb_read_valid>:	push   %r15
Regs: rax=0x0,rbx=0xffffffff818afda0,rcx=0x0,rdx=0xffffc9000000bbe0,rsi=0xffffc9000000bbc8,rdi=0xffffffff8183a980,rbp=0xffffc9000000bbe0,rsp=0xffffc9000000bbb8,r8=0x0,r9=0xffff888000152000,r10=0x6c,r11=0x0,r12=0x0,r13=0xffffc9000000bc97,r14=0xffffffff819423e0,r15=0x0
=> 0xffffffff8103f90f <_prb_read_valid+2>:	push   %r14
Regs: rax=0x0,rbx=0xffffffff818afda0,rcx=0x0,rdx=0xffffc9000000bbe0,rsi=0xffffc9000000bbc8,rdi=0xffffffff8183a980,rbp=0xffffc9000000bbe0,rsp=0xffffc9000000bbb0,r8=0x0,r9=0xffff888000152000,r10=0x6c,r11=0x0,r12=0x0,r13=0xffffc9000000bc97,r14=0xffffffff819423e0,r15=0x0
=> 0xffffffff8103f911 <_prb_read_valid+4>:	push   %r13
Regs: rax=0x0,rbx=0xffffffff818afda0,rcx=0x0,rdx=0xffffc9000000bbe0,rsi=0xffffc9000000bbc8,rdi=0xffffffff8183a980,rbp=0xffffc9000000bbe0,rsp=0xffffc9000000bba8,r8=0x0,r9=0xffff888000152000,r10=0x6c,r11=0x0,r12=0x0,r13=0xffffc9000000bc97,r14=0xffffffff819423e0,r15=0x0
=> 0xffffffff8103f913 <_prb_read_valid+6>:	mov    %rcx,%r13
Regs: rax=0x0,rbx=0xffffffff818afda0,rcx=0x0,rdx=0xffffc9000000bbe0,rsi=0xffffc9000000bbc8,rdi=0xffffffff8183a980,rbp=0xffffc9000000bbe0,rsp=0xffffc9000000bba8,r8=0x0,r9=0xffff888000152000,r10=0x6c,r11=0x0,r12=0x0,r13=0x0,r14=0xffffffff819423e0,r15=0x0
=> 0xffffffff8103f916 <_prb_read_valid+9>:	push   %r12
Regs: rax=0x0,rbx=0xffffffff818afda0,rcx=0x0,rdx=0xffffc9000000bbe0,rsi=0xffffc9000000bbc8,rdi=0xffffffff8183a980,rbp=0xffffc9000000bbe0,rsp=0xffffc9000000bba0,r8=0x0,r9=0xffff888000152000,r10=0x6c,r11=0x0,r12=0x0,r13=0x0,r14=0xffffffff819423e0,r15=0x0
=> 0xffffffff8103f918 <_prb_read_valid+11>:	mov    %rsi,%r12
Regs: rax=0x0,rbx=0xffffffff818afda0,rcx=0x0,rdx=0xffffc9000000bbe0,rsi=0xffffc9000000bbc8,rdi=0xffffffff8183a980,rbp=0xffffc9000000bbe0,rsp=0xffffc9000000bba0,r8=0x0,r9=0xffff888000152000,r10=0x6c,r11=0x0,r12=0xffffc9000000bbc8,r13=0x0,r14=0xffffffff819423e0,r15=0x0
=> 0xffffffff8103f91b <_prb_read_valid+14>:	push   %rbp
Regs: rax=0x0,rbx=0xffffffff818afda0,rcx=0x0,rdx=0xffffc9000000bbe0,rsi=0xffffc9000000bbc8,rdi=0xffffffff8183a980,rbp=0xffffc9000000bbe0,rsp=0xffffc9000000bb98,r8=0x0,r9=0xffff888000152000,r10=0x6c,r11=0x0,r12=0xffffc9000000bbc8,r13=0x0,r14=0xffffffff819423e0,r15=0x0
=> 0xffffffff8103f91c <_prb_read_valid+15>:	mov    %rdx,%rbp
Regs: rax=0x0,rbx=0xffffffff818afda0,rcx=0x0,rdx=0xffffc9000000bbe0,rsi=0xffffc9000000bbc8,rdi=0xffffffff8183a980,rbp=0xffffc9000000bbe0,rsp=0xffffc9000000bb98,r8=0x0,r9=0xffff888000152000,r10=0x6c,r11=0x0,r12=0xffffc9000000bbc8,r13=0x0,r14=0xffffffff819423e0,r15=0x0
=> 0xffffffff8103f91f <_prb_read_valid+18>:	push   %rbx
Regs: rax=0x0,rbx=0xffffffff818afda0,rcx=0x0,rdx=0xffffc9000000bbe0,rsi=0xffffc9000000bbc8,rdi=0xffffffff8183a980,rbp=0xffffc9000000bbe0,rsp=0xffffc9000000bb90,r8=0x0,r9=0xffff888000152000,r10=0x6c,r11=0x0,r12=0xffffc9000000bbc8,r13=0x0,r14=0xffffffff819423e0,r15=0x0
=> 0xffffffff8103f920 <_prb_read_valid+19>:	mov    %rdi,%rbx
Regs: rax=0x0,rbx=0xffffffff8183a980,rcx=0x0,rdx=0xffffc9000000bbe0,rsi=0xffffc9000000bbc8,rdi=0xffffffff8183a980,rbp=0xffffc9000000bbe0,rsp=0xffffc9000000bb90,r8=0x0,r9=0xffff888000152000,r10=0x6c,r11=0x0,r12=0xffffc9000000bbc8,r13=0x0,r14=0xffffffff819423e0,r15=0x0
=> 0xffffffff8103f923 <_prb_read_valid+22>:	sub    $0x50,%rsp
Regs: rax=0x0,rbx=0xffffffff8183a980,rcx=0x0,rdx=0xffffc9000000bbe0,rsi=0xffffc9000000bbc8,rdi=0xffffffff8183a980,rbp=0xffffc9000000bbe0,rsp=0xffffc9000000bb40,r8=0x0,r9=0xffff888000152000,r10=0x6c,r11=0x0,r12=0xffffc9000000bbc8,r13=0x0,r14=0xffffffff819423e0,r15=0x0
=> 0xffffffff8103f927 <_prb_read_valid+26>:	mov    (%r12),%rax
Regs: rax=0x77,rbx=0xffffffff8183a980,rcx=0x0,rdx=0xffffc9000000bbe0,rsi=0xffffc9000000bbc8,rdi=0xffffffff8183a980,rbp=0xffffc9000000bbe0,rsp=0xffffc9000000bb40,r8=0x0,r9=0xffff888000152000,r10=0x6c,r11=0x0,r12=0xffffc9000000bbc8,r13=0x0,r14=0xffffffff819423e0,r15=0x0
=> 0xffffffff8103f92b <_prb_read_valid+30>:	mov    %rbx,%rdi
Regs: rax=0x77,rbx=0xffffffff8183a980,rcx=0x0,rdx=0xffffc9000000bbe0,rsi=0xffffc9000000bbc8,rdi=0xffffffff8183a980,rbp=0xffffc9000000bbe0,rsp=0xffffc9000000bb40,r8=0x0,r9=0xffff888000152000,r10=0x6c,r11=0x0,r12=0xffffc9000000bbc8,r13=0x0,r14=0xffffffff819423e0,r15=0x0
=> 0xffffffff8103f92e <_prb_read_valid+33>:	mov    0x10(%rbx),%r14
Regs: rax=0x77,rbx=0xffffffff8183a980,rcx=0x0,rdx=0xffffc9000000bbe0,rsi=0xffffc9000000bbc8,rdi=0xffffffff8183a980,rbp=0xffffc9000000bbe0,rsp=0xffffc9000000bb40,r8=0x0,r9=0xffff888000152000,r10=0x6c,r11=0x0,r12=0xffffc9000000bbc8,r13=0x0,r14=0xffffffff8183a9e0,r15=0x0
=> 0xffffffff8103f932 <_prb_read_valid+37>:	mov    %rax,(%rsp)
Regs: rax=0x77,rbx=0xffffffff8183a980,rcx=0x0,rdx=0xffffc9000000bbe0,rsi=0xffffc9000000bbc8,rdi=0xffffffff8183a980,rbp=0xffffc9000000bbe0,rsp=0xffffc9000000bb40,r8=0x0,r9=0xffff888000152000,r10=0x6c,r11=0x0,r12=0xffffc9000000bbc8,r13=0x0,r14=0xffffffff8183a9e0,r15=0x0
=> 0xffffffff8103f936 <_prb_read_valid+41>:	mov    (%rbx),%eax
Regs: rax=0xc,rbx=0xffffffff8183a980,rcx=0x0,rdx=0xffffc9000000bbe0,rsi=0xffffc9000000bbc8,rdi=0xffffffff8183a980,rbp=0xffffc9000000bbe0,rsp=0xffffc9000000bb40,r8=0x0,r9=0xffff888000152000,r10=0x6c,r11=0x0,r12=0xffffc9000000bbc8,r13=0x0,r14=0xffffffff8183a9e0,r15=0x0
=> 0xffffffff8103f938 <_prb_read_valid+43>:	mov    (%rsp),%rsi
Regs: rax=0xc,rbx=0xffffffff8183a980,rcx=0x0,rdx=0xffffc9000000bbe0,rsi=0x77,rdi=0xffffffff8183a980,rbp=0xffffc9000000bbe0,rsp=0xffffc9000000bb40,r8=0x0,r9=0xffff888000152000,r10=0x6c,r11=0x0,r12=0xffffc9000000bbc8,r13=0x0,r14=0xffffffff8183a9e0,r15=0x0
=> 0xffffffff8103f93c <_prb_read_valid+47>:	mov    %eax,0xc(%rsp)
Regs: rax=0xc,rbx=0xffffffff8183a980,rcx=0x0,rdx=0xffffc9000000bbe0,rsi=0x77,rdi=0xffffffff8183a980,rbp=0xffffc9000000bbe0,rsp=0xffffc9000000bb40,r8=0x0,r9=0xffff888000152000,r10=0x6c,r11=0x0,r12=0xffffc9000000bbc8,r13=0x0,r14=0xffffffff8183a9e0,r15=0x0
=> 0xffffffff8103f940 <_prb_read_valid+51>:	call   0xffffffff8103f4aa <to_desc>
Regs: rax=0xc,rbx=0xffffffff8183a980,rcx=0x0,rdx=0xffffc9000000bbe0,rsi=0x77,rdi=0xffffffff8183a980,rbp=0xffffc9000000bbe0,rsp=0xffffc9000000bb38,r8=0x0,r9=0xffff888000152000,r10=0x6c,r11=0x0,r12=0xffffc9000000bbc8,r13=0x0,r14=0xffffffff8183a9e0,r15=0x0
=> 0xffffffff8103f4aa <to_desc>:	mov    (%rdi),%ecx
Regs: rax=0xc,rbx=0xffffffff8183a980,rcx=0xc,rdx=0xffffc9000000bbe0,rsi=0x77,rdi=0xffffffff8183a980,rbp=0xffffc9000000bbe0,rsp=0xffffc9000000bb38,r8=0x0,r9=0xffff888000152000,r10=0x6c,r11=0x0,r12=0xffffc9000000bbc8,r13=0x0,r14=0xffffffff8183a9e0,r15=0x0
=> 0xffffffff8103f4ac <to_desc+2>:	mov    $0x1,%eax
Regs: rax=0x1,rbx=0xffffffff8183a980,rcx=0xc,rdx=0xffffc9000000bbe0,rsi=0x77,rdi=0xffffffff8183a980,rbp=0xffffc9000000bbe0,rsp=0xffffc9000000bb38,r8=0x0,r9=0xffff888000152000,r10=0x6c,r11=0x0,r12=0xffffc9000000bbc8,r13=0x0,r14=0xffffffff8183a9e0,r15=0x0
=> 0xffffffff8103f4b1 <to_desc+7>:	shl    %cl,%eax
Regs: rax=0x1000,rbx=0xffffffff8183a980,rcx=0xc,rdx=0xffffc9000000bbe0,rsi=0x77,rdi=0xffffffff8183a980,rbp=0xffffc9000000bbe0,rsp=0xffffc9000000bb38,r8=0x0,r9=0xffff888000152000,r10=0x6c,r11=0x0,r12=0xffffc9000000bbc8,r13=0x0,r14=0xffffffff8183a9e0,r15=0x0
=> 0xffffffff8103f4b3 <to_desc+9>:	dec    %eax
Regs: rax=0xfff,rbx=0xffffffff8183a980,rcx=0xc,rdx=0xffffc9000000bbe0,rsi=0x77,rdi=0xffffffff8183a980,rbp=0xffffc9000000bbe0,rsp=0xffffc9000000bb38,r8=0x0,r9=0xffff888000152000,r10=0x6c,r11=0x0,r12=0xffffc9000000bbc8,r13=0x0,r14=0xffffffff8183a9e0,r15=0x0
=> 0xffffffff8103f4b5 <to_desc+11>:	and    %rsi,%rax
Regs: rax=0x77,rbx=0xffffffff8183a980,rcx=0xc,rdx=0xffffc9000000bbe0,rsi=0x77,rdi=0xffffffff8183a980,rbp=0xffffc9000000bbe0,rsp=0xffffc9000000bb38,r8=0x0,r9=0xffff888000152000,r10=0x6c,r11=0x0,r12=0xffffc9000000bbc8,r13=0x0,r14=0xffffffff8183a9e0,r15=0x0
=> 0xffffffff8103f4b8 <to_desc+14>:	imul   $0x18,%rax,%rax
Regs: rax=0xb28,rbx=0xffffffff8183a980,rcx=0xc,rdx=0xffffc9000000bbe0,rsi=0x77,rdi=0xffffffff8183a980,rbp=0xffffc9000000bbe0,rsp=0xffffc9000000bb38,r8=0x0,r9=0xffff888000152000,r10=0x6c,r11=0x0,r12=0xffffc9000000bbc8,r13=0x0,r14=0xffffffff8183a9e0,r15=0x0
=> 0xffffffff8103f4bc <to_desc+18>:	add    0x8(%rdi),%rax
Regs: rax=0xffffffff81893508,rbx=0xffffffff8183a980,rcx=0xc,rdx=0xffffc9000000bbe0,rsi=0x77,rdi=0xffffffff8183a980,rbp=0xffffc9000000bbe0,rsp=0xffffc9000000bb38,r8=0x0,r9=0xffff888000152000,r10=0x6c,r11=0x0,r12=0xffffc9000000bbc8,r13=0x0,r14=0xffffffff8183a9e0,r15=0x0
=> 0xffffffff8103f4c0 <to_desc+22>:	ret    
Regs: rax=0xffffffff81893508,rbx=0xffffffff8183a980,rcx=0xc,rdx=0xffffc9000000bbe0,rsi=0x77,rdi=0xffffffff8183a980,rbp=0xffffc9000000bbe0,rsp=0xffffc9000000bb40,r8=0x0,r9=0xffff888000152000,r10=0x6c,r11=0x0,r12=0xffffc9000000bbc8,r13=0x0,r14=0xffffffff8183a9e0,r15=0x0
=> 0xffffffff8103f945 <_prb_read_valid+56>:	mov    $0x6,%ecx
Regs: rax=0xffffffff81893508,rbx=0xffffffff8183a980,rcx=0x6,rdx=0xffffc9000000bbe0,rsi=0x77,rdi=0xffffffff8183a980,rbp=0xffffc9000000bbe0,rsp=0xffffc9000000bb40,r8=0x0,r9=0xffff888000152000,r10=0x6c,r11=0x0,r12=0xffffc9000000bbc8,r13=0x0,r14=0xffffffff8183a9e0,r15=0x0
=> 0xffffffff8103f94a <_prb_read_valid+61>:	movabs $0x3fffffffffffffff,%rsi
Regs: rax=0xffffffff81893508,rbx=0xffffffff8183a980,rcx=0x6,rdx=0xffffc9000000bbe0,rsi=0x3fffffffffffffff,rdi=0xffffffff8183a980,rbp=0xffffc9000000bbe0,rsp=0xffffc9000000bb40,r8=0x0,r9=0xffff888000152000,r10=0x6c,r11=0x0,r12=0xffffc9000000bbc8,r13=0x0,r14=0xffffffff8183a9e0,r15=0x0
=> 0xffffffff8103f954 <_prb_read_valid+71>:	mov    %rax,%rdx
Regs: rax=0xffffffff81893508,rbx=0xffffffff8183a980,rcx=0x6,rdx=0xffffffff81893508,rsi=0x3fffffffffffffff,rdi=0xffffffff8183a980,rbp=0xffffc9000000bbe0,rsp=0xffffc9000000bb40,r8=0x0,r9=0xffff888000152000,r10=0x6c,r11=0x0,r12=0xffffc9000000bbc8,r13=0x0,r14=0xffffffff8183a9e0,r15=0x0
=> 0xffffffff8103f957 <_prb_read_valid+74>:	lea    0x38(%rsp),%rdi
Regs: rax=0xffffffff81893508,rbx=0xffffffff8183a980,rcx=0x6,rdx=0xffffffff81893508,rsi=0x3fffffffffffffff,rdi=0xffffc9000000bb78,rbp=0xffffc9000000bbe0,rsp=0xffffc9000000bb40,r8=0x0,r9=0xffff888000152000,r10=0x6c,r11=0x0,r12=0xffffc9000000bbc8,r13=0x0,r14=0xffffffff8183a9e0,r15=0x0
=> 0xffffffff8103f95c <_prb_read_valid+79>:	xor    %eax,%eax
Regs: rax=0x0,rbx=0xffffffff8183a980,rcx=0x6,rdx=0xffffffff81893508,rsi=0x3fffffffffffffff,rdi=0xffffc9000000bb78,rbp=0xffffc9000000bbe0,rsp=0xffffc9000000bb40,r8=0x0,r9=0xffff888000152000,r10=0x6c,r11=0x0,r12=0xffffc9000000bbc8,r13=0x0,r14=0xffffffff8183a9e0,r15=0x0
=> 0xffffffff8103f95e <_prb_read_valid+81>:	rep stos %eax,%es:(%rdi)
Regs: rax=0x0,rbx=0xffffffff8183a980,rcx=0x5,rdx=0xffffffff81893508,rsi=0x3fffffffffffffff,rdi=0xffffc9000000bb7c,rbp=0xffffc9000000bbe0,rsp=0xffffc9000000bb40,r8=0x0,r9=0xffff888000152000,r10=0x6c,r11=0x0,r12=0xffffc9000000bbc8,r13=0x0,r14=0xffffffff8183a9e0,r15=0x0
=> 0xffffffff8103f95e <_prb_read_valid+81>:	rep stos %eax,%es:(%rdi)
Regs: rax=0x0,rbx=0xffffffff8183a980,rcx=0x4,rdx=0xffffffff81893508,rsi=0x3fffffffffffffff,rdi=0xffffc9000000bb80,rbp=0xffffc9000000bbe0,rsp=0xffffc9000000bb40,r8=0x0,r9=0xffff888000152000,r10=0x6c,r11=0x0,r12=0xffffc9000000bbc8,r13=0x0,r14=0xffffffff8183a9e0,r15=0x0
=> 0xffffffff8103f95e <_prb_read_valid+81>:	rep stos %eax,%es:(%rdi)
Regs: rax=0x0,rbx=0xffffffff8183a980,rcx=0x3,rdx=0xffffffff81893508,rsi=0x3fffffffffffffff,rdi=0xffffc9000000bb84,rbp=0xffffc9000000bbe0,rsp=0xffffc9000000bb40,r8=0x0,r9=0xffff888000152000,r10=0x6c,r11=0x0,r12=0xffffc9000000bbc8,r13=0x0,r14=0xffffffff8183a9e0,r15=0x0
=> 0xffffffff8103f95e <_prb_read_valid+81>:	rep stos %eax,%es:(%rdi)
Regs: rax=0x0,rbx=0xffffffff8183a980,rcx=0x2,rdx=0xffffffff81893508,rsi=0x3fffffffffffffff,rdi=0xffffc9000000bb88,rbp=0xffffc9000000bbe0,rsp=0xffffc9000000bb40,r8=0x0,r9=0xffff888000152000,r10=0x6c,r11=0x0,r12=0xffffc9000000bbc8,r13=0x0,r14=0xffffffff8183a9e0,r15=0x0
=> 0xffffffff8103f95e <_prb_read_valid+81>:	rep stos %eax,%es:(%rdi)
Regs: rax=0x0,rbx=0xffffffff8183a980,rcx=0x1,rdx=0xffffffff81893508,rsi=0x3fffffffffffffff,rdi=0xffffc9000000bb8c,rbp=0xffffc9000000bbe0,rsp=0xffffc9000000bb40,r8=0x0,r9=0xffff888000152000,r10=0x6c,r11=0x0,r12=0xffffc9000000bbc8,r13=0x0,r14=0xffffffff8183a9e0,r15=0x0
=> 0xffffffff8103f95e <_prb_read_valid+81>:	rep stos %eax,%es:(%rdi)
Regs: rax=0x0,rbx=0xffffffff8183a980,rcx=0x0,rdx=0xffffffff81893508,rsi=0x3fffffffffffffff,rdi=0xffffc9000000bb90,rbp=0xffffc9000000bbe0,rsp=0xffffc9000000bb40,r8=0x0,r9=0xffff888000152000,r10=0x6c,r11=0x0,r12=0xffffc9000000bbc8,r13=0x0,r14=0xffffffff8183a9e0,r15=0x0
=> 0xffffffff8103f960 <_prb_read_valid+83>:	mov    (%rdx),%rax
Regs: rax=0x0,rbx=0xffffffff8183a980,rcx=0x0,rdx=0xffffffff81893508,rsi=0x3fffffffffffffff,rdi=0xffffc9000000bb90,rbp=0xffffc9000000bbe0,rsp=0xffffc9000000bb40,r8=0x0,r9=0xffff888000152000,r10=0x6c,r11=0x0,r12=0xffffc9000000bbc8,r13=0x0,r14=0xffffffff8183a9e0,r15=0x0
=> 0xffffffff8103f963 <_prb_read_valid+86>:	mov    (%rsp),%rdx
Regs: rax=0x0,rbx=0xffffffff8183a980,rcx=0x0,rdx=0x77,rsi=0x3fffffffffffffff,rdi=0xffffc9000000bb90,rbp=0xffffc9000000bbe0,rsp=0xffffc9000000bb40,r8=0x0,r9=0xffff888000152000,r10=0x6c,r11=0x0,r12=0xffffc9000000bbc8,r13=0x0,r14=0xffffffff8183a9e0,r15=0x0
=> 0xffffffff8103f967 <_prb_read_valid+90>:	lea    0x38(%rsp),%rcx
Regs: rax=0x0,rbx=0xffffffff8183a980,rcx=0xffffc9000000bb78,rdx=0x77,rsi=0x3fffffffffffffff,rdi=0xffffc9000000bb90,rbp=0xffffc9000000bbe0,rsp=0xffffc9000000bb40,r8=0x0,r9=0xffff888000152000,r10=0x6c,r11=0x0,r12=0xffffc9000000bbc8,r13=0x0,r14=0xffffffff8183a9e0,r15=0x0
=> 0xffffffff8103f96c <_prb_read_valid+95>:	mov    %rbx,%rdi
Regs: rax=0x0,rbx=0xffffffff8183a980,rcx=0xffffc9000000bb78,rdx=0x77,rsi=0x3fffffffffffffff,rdi=0xffffffff8183a980,rbp=0xffffc9000000bbe0,rsp=0xffffc9000000bb40,r8=0x0,r9=0xffff888000152000,r10=0x6c,r11=0x0,r12=0xffffc9000000bbc8,r13=0x0,r14=0xffffffff8183a9e0,r15=0x0
=> 0xffffffff8103f96f <_prb_read_valid+98>:	and    %rax,%rsi
Regs: rax=0x0,rbx=0xffffffff8183a980,rcx=0xffffc9000000bb78,rdx=0x77,rsi=0x0,rdi=0xffffffff8183a980,rbp=0xffffc9000000bbe0,rsp=0xffffc9000000bb40,r8=0x0,r9=0xffff888000152000,r10=0x6c,r11=0x0,r12=0xffffc9000000bbc8,r13=0x0,r14=0xffffffff8183a9e0,r15=0x0
=> 0xffffffff8103f972 <_prb_read_valid+101>:	mov    %rsi,0x10(%rsp)
Regs: rax=0x0,rbx=0xffffffff8183a980,rcx=0xffffc9000000bb78,rdx=0x77,rsi=0x0,rdi=0xffffffff8183a980,rbp=0xffffc9000000bbe0,rsp=0xffffc9000000bb40,r8=0x0,r9=0xffff888000152000,r10=0x6c,r11=0x0,r12=0xffffc9000000bbc8,r13=0x0,r14=0xffffffff8183a9e0,r15=0x0
=> 0xffffffff8103f977 <_prb_read_valid+106>:	call   0xffffffff8103f5d7 <desc_read_finalized_seq>
Regs: rax=0x0,rbx=0xffffffff8183a980,rcx=0xffffc9000000bb78,rdx=0x77,rsi=0x0,rdi=0xffffffff8183a980,rbp=0xffffc9000000bbe0,rsp=0xffffc9000000bb38,r8=0x0,r9=0xffff888000152000,r10=0x6c,r11=0x0,r12=0xffffc9000000bbc8,r13=0x0,r14=0xffffffff8183a9e0,r15=0x0
=> 0xffffffff8103f5d7 <desc_read_finalized_seq>:	push   %rbp
Regs: rax=0x0,rbx=0xffffffff8183a980,rcx=0xffffc9000000bb78,rdx=0x77,rsi=0x0,rdi=0xffffffff8183a980,rbp=0xffffc9000000bbe0,rsp=0xffffc9000000bb30,r8=0x0,r9=0xffff888000152000,r10=0x6c,r11=0x0,r12=0xffffc9000000bbc8,r13=0x0,r14=0xffffffff8183a9e0,r15=0x0
=> 0xffffffff8103f5d8 <desc_read_finalized_seq+1>:	xor    %r9d,%r9d
Regs: rax=0x0,rbx=0xffffffff8183a980,rcx=0xffffc9000000bb78,rdx=0x77,rsi=0x0,rdi=0xffffffff8183a980,rbp=0xffffc9000000bbe0,rsp=0xffffc9000000bb30,r8=0x0,r9=0x0,r10=0x6c,r11=0x0,r12=0xffffc9000000bbc8,r13=0x0,r14=0xffffffff8183a9e0,r15=0x0
=> 0xffffffff8103f5db <desc_read_finalized_seq+4>:	mov    %rdx,%rbp
Regs: rax=0x0,rbx=0xffffffff8183a980,rcx=0xffffc9000000bb78,rdx=0x77,rsi=0x0,rdi=0xffffffff8183a980,rbp=0x77,rsp=0xffffc9000000bb30,r8=0x0,r9=0x0,r10=0x6c,r11=0x0,r12=0xffffc9000000bbc8,r13=0x0,r14=0xffffffff8183a9e0,r15=0x0
=> 0xffffffff8103f5de <desc_read_finalized_seq+7>:	push   %rbx
Regs: rax=0x0,rbx=0xffffffff8183a980,rcx=0xffffc9000000bb78,rdx=0x77,rsi=0x0,rdi=0xffffffff8183a980,rbp=0x77,rsp=0xffffc9000000bb28,r8=0x0,r9=0x0,r10=0x6c,r11=0x0,r12=0xffffc9000000bbc8,r13=0x0,r14=0xffffffff8183a9e0,r15=0x0
=> 0xffffffff8103f5df <desc_read_finalized_seq+8>:	mov    %rcx,%rbx
Regs: rax=0x0,rbx=0xffffc9000000bb78,rcx=0xffffc9000000bb78,rdx=0x77,rsi=0x0,rdi=0xffffffff8183a980,rbp=0x77,rsp=0xffffc9000000bb28,r8=0x0,r9=0x0,r10=0x6c,r11=0x0,r12=0xffffc9000000bbc8,r13=0x0,r14=0xffffffff8183a9e0,r15=0x0
=> 0xffffffff8103f5e2 <desc_read_finalized_seq+11>:	push   %r8
Regs: rax=0x0,rbx=0xffffc9000000bb78,rcx=0xffffc9000000bb78,rdx=0x77,rsi=0x0,rdi=0xffffffff8183a980,rbp=0x77,rsp=0xffffc9000000bb20,r8=0x0,r9=0x0,r10=0x6c,r11=0x0,r12=0xffffc9000000bbc8,r13=0x0,r14=0xffffffff8183a9e0,r15=0x0
=> 0xffffffff8103f5e4 <desc_read_finalized_seq+13>:	mov    %rbx,%rdx
Regs: rax=0x0,rbx=0xffffc9000000bb78,rcx=0xffffc9000000bb78,rdx=0xffffc9000000bb78,rsi=0x0,rdi=0xffffffff8183a980,rbp=0x77,rsp=0xffffc9000000bb20,r8=0x0,r9=0x0,r10=0x6c,r11=0x0,r12=0xffffc9000000bbc8,r13=0x0,r14=0xffffffff8183a9e0,r15=0x0
=> 0xffffffff8103f5e7 <desc_read_finalized_seq+16>:	xor    %r8d,%r8d
Regs: rax=0x0,rbx=0xffffc9000000bb78,rcx=0xffffc9000000bb78,rdx=0xffffc9000000bb78,rsi=0x0,rdi=0xffffffff8183a980,rbp=0x77,rsp=0xffffc9000000bb20,r8=0x0,r9=0x0,r10=0x6c,r11=0x0,r12=0xffffc9000000bbc8,r13=0x0,r14=0xffffffff8183a9e0,r15=0x0
=> 0xffffffff8103f5ea <desc_read_finalized_seq+19>:	mov    %rsp,%rcx
Regs: rax=0x0,rbx=0xffffc9000000bb78,rcx=0xffffc9000000bb20,rdx=0xffffc9000000bb78,rsi=0x0,rdi=0xffffffff8183a980,rbp=0x77,rsp=0xffffc9000000bb20,r8=0x0,r9=0x0,r10=0x6c,r11=0x0,r12=0xffffc9000000bbc8,r13=0x0,r14=0xffffffff8183a9e0,r15=0x0
=> 0xffffffff8103f5ed <desc_read_finalized_seq+22>:	mov    %r9,(%rsp)
Regs: rax=0x0,rbx=0xffffc9000000bb78,rcx=0xffffc9000000bb20,rdx=0xffffc9000000bb78,rsi=0x0,rdi=0xffffffff8183a980,rbp=0x77,rsp=0xffffc9000000bb20,r8=0x0,r9=0x0,r10=0x6c,r11=0x0,r12=0xffffc9000000bbc8,r13=0x0,r14=0xffffffff8183a9e0,r15=0x0
=> 0xffffffff8103f5f1 <desc_read_finalized_seq+26>:	call   0xffffffff8103f532 <desc_read>
Regs: rax=0x0,rbx=0xffffc9000000bb78,rcx=0xffffc9000000bb20,rdx=0xffffc9000000bb78,rsi=0x0,rdi=0xffffffff8183a980,rbp=0x77,rsp=0xffffc9000000bb18,r8=0x0,r9=0x0,r10=0x6c,r11=0x0,r12=0xffffc9000000bbc8,r13=0x0,r14=0xffffffff8183a9e0,r15=0x0
=> 0xffffffff8103f532 <desc_read>:	movabs $0x3fffffffffffffff,%r11
Regs: rax=0x0,rbx=0xffffc9000000bb78,rcx=0xffffc9000000bb20,rdx=0xffffc9000000bb78,rsi=0x0,rdi=0xffffffff8183a980,rbp=0x77,rsp=0xffffc9000000bb18,r8=0x0,r9=0x0,r10=0x6c,r11=0x3fffffffffffffff,r12=0xffffc9000000bbc8,r13=0x0,r14=0xffffffff8183a9e0,r15=0x0
=> 0xffffffff8103f53c <desc_read+10>:	mov    %rcx,%r10
Regs: rax=0x0,rbx=0xffffc9000000bb78,rcx=0xffffc9000000bb20,rdx=0xffffc9000000bb78,rsi=0x0,rdi=0xffffffff8183a980,rbp=0x77,rsp=0xffffc9000000bb18,r8=0x0,r9=0x0,r10=0xffffc9000000bb20,r11=0x3fffffffffffffff,r12=0xffffc9000000bbc8,r13=0x0,r14=0xffffffff8183a9e0,r15=0x0
=> 0xffffffff8103f53f <desc_read+13>:	mov    %rdi,%r9
Regs: rax=0x0,rbx=0xffffc9000000bb78,rcx=0xffffc9000000bb20,rdx=0xffffc9000000bb78,rsi=0x0,rdi=0xffffffff8183a980,rbp=0x77,rsp=0xffffc9000000bb18,r8=0x0,r9=0xffffffff8183a980,r10=0xffffc9000000bb20,r11=0x3fffffffffffffff,r12=0xffffc9000000bbc8,r13=0x0,r14=0xffffffff8183a9e0,r15=0x0
=> 0xffffffff8103f542 <desc_read+16>:	call   0xffffffff8103f4aa <to_desc>
Regs: rax=0x0,rbx=0xffffc9000000bb78,rcx=0xffffc9000000bb20,rdx=0xffffc9000000bb78,rsi=0x0,rdi=0xffffffff8183a980,rbp=0x77,rsp=0xffffc9000000bb10,r8=0x0,r9=0xffffffff8183a980,r10=0xffffc9000000bb20,r11=0x3fffffffffffffff,r12=0xffffc9000000bbc8,r13=0x0,r14=0xffffffff8183a9e0,r15=0x0
=> 0xffffffff8103f4aa <to_desc>:	mov    (%rdi),%ecx
Regs: rax=0x0,rbx=0xffffc9000000bb78,rcx=0xc,rdx=0xffffc9000000bb78,rsi=0x0,rdi=0xffffffff8183a980,rbp=0x77,rsp=0xffffc9000000bb10,r8=0x0,r9=0xffffffff8183a980,r10=0xffffc9000000bb20,r11=0x3fffffffffffffff,r12=0xffffc9000000bbc8,r13=0x0,r14=0xffffffff8183a9e0,r15=0x0
=> 0xffffffff8103f4ac <to_desc+2>:	mov    $0x1,%eax
Regs: rax=0x1,rbx=0xffffc9000000bb78,rcx=0xc,rdx=0xffffc9000000bb78,rsi=0x0,rdi=0xffffffff8183a980,rbp=0x77,rsp=0xffffc9000000bb10,r8=0x0,r9=0xffffffff8183a980,r10=0xffffc9000000bb20,r11=0x3fffffffffffffff,r12=0xffffc9000000bbc8,r13=0x0,r14=0xffffffff8183a9e0,r15=0x0
=> 0xffffffff8103f4b1 <to_desc+7>:	shl    %cl,%eax
Regs: rax=0x1000,rbx=0xffffc9000000bb78,rcx=0xc,rdx=0xffffc9000000bb78,rsi=0x0,rdi=0xffffffff8183a980,rbp=0x77,rsp=0xffffc9000000bb10,r8=0x0,r9=0xffffffff8183a980,r10=0xffffc9000000bb20,r11=0x3fffffffffffffff,r12=0xffffc9000000bbc8,r13=0x0,r14=0xffffffff8183a9e0,r15=0x0
=> 0xffffffff8103f4b3 <to_desc+9>:	dec    %eax
Regs: rax=0xfff,rbx=0xffffc9000000bb78,rcx=0xc,rdx=0xffffc9000000bb78,rsi=0x0,rdi=0xffffffff8183a980,rbp=0x77,rsp=0xffffc9000000bb10,r8=0x0,r9=0xffffffff8183a980,r10=0xffffc9000000bb20,r11=0x3fffffffffffffff,r12=0xffffc9000000bbc8,r13=0x0,r14=0xffffffff8183a9e0,r15=0x0
=> 0xffffffff8103f4b5 <to_desc+11>:	and    %rsi,%rax
Regs: rax=0x0,rbx=0xffffc9000000bb78,rcx=0xc,rdx=0xffffc9000000bb78,rsi=0x0,rdi=0xffffffff8183a980,rbp=0x77,rsp=0xffffc9000000bb10,r8=0x0,r9=0xffffffff8183a980,r10=0xffffc9000000bb20,r11=0x3fffffffffffffff,r12=0xffffc9000000bbc8,r13=0x0,r14=0xffffffff8183a9e0,r15=0x0
=> 0xffffffff8103f4b8 <to_desc+14>:	imul   $0x18,%rax,%rax
Regs: rax=0x0,rbx=0xffffc9000000bb78,rcx=0xc,rdx=0xffffc9000000bb78,rsi=0x0,rdi=0xffffffff8183a980,rbp=0x77,rsp=0xffffc9000000bb10,r8=0x0,r9=0xffffffff8183a980,r10=0xffffc9000000bb20,r11=0x3fffffffffffffff,r12=0xffffc9000000bbc8,r13=0x0,r14=0xffffffff8183a9e0,r15=0x0
=> 0xffffffff8103f4bc <to_desc+18>:	add    0x8(%rdi),%rax
Regs: rax=0xffffffff818929e0,rbx=0xffffc9000000bb78,rcx=0xc,rdx=0xffffc9000000bb78,rsi=0x0,rdi=0xffffffff8183a980,rbp=0x77,rsp=0xffffc9000000bb10,r8=0x0,r9=0xffffffff8183a980,r10=0xffffc9000000bb20,r11=0x3fffffffffffffff,r12=0xffffc9000000bbc8,r13=0x0,r14=0xffffffff8183a9e0,r15=0x0
=> 0xffffffff8103f4c0 <to_desc+22>:	ret    
Regs: rax=0xffffffff818929e0,rbx=0xffffc9000000bb78,rcx=0xc,rdx=0xffffc9000000bb78,rsi=0x0,rdi=0xffffffff8183a980,rbp=0x77,rsp=0xffffc9000000bb18,r8=0x0,r9=0xffffffff8183a980,r10=0xffffc9000000bb20,r11=0x3fffffffffffffff,r12=0xffffc9000000bbc8,r13=0x0,r14=0xffffffff8183a9e0,r15=0x0
=> 0xffffffff8103f547 <desc_read+21>:	or     $0xffffffff,%edi
Regs: rax=0xffffffff818929e0,rbx=0xffffc9000000bb78,rcx=0xc,rdx=0xffffc9000000bb78,rsi=0x0,rdi=0xffffffff,rbp=0x77,rsp=0xffffc9000000bb18,r8=0x0,r9=0xffffffff8183a980,r10=0xffffc9000000bb20,r11=0x3fffffffffffffff,r12=0xffffc9000000bbc8,r13=0x0,r14=0xffffffff8183a9e0,r15=0x0
=> 0xffffffff8103f54a <desc_read+24>:	mov    (%rax),%rcx
Regs: rax=0xffffffff818929e0,rbx=0xffffc9000000bb78,rcx=0x80000000fffff000,rdx=0xffffc9000000bb78,rsi=0x0,rdi=0xffffffff,rbp=0x77,rsp=0xffffc9000000bb18,r8=0x0,r9=0xffffffff8183a980,r10=0xffffc9000000bb20,r11=0x3fffffffffffffff,r12=0xffffc9000000bbc8,r13=0x0,r14=0xffffffff8183a9e0,r15=0x0
=> 0xffffffff8103f54d <desc_read+27>:	and    %rcx,%r11
Regs: rax=0xffffffff818929e0,rbx=0xffffc9000000bb78,rcx=0x80000000fffff000,rdx=0xffffc9000000bb78,rsi=0x0,rdi=0xffffffff,rbp=0x77,rsp=0xffffc9000000bb18,r8=0x0,r9=0xffffffff8183a980,r10=0xffffc9000000bb20,r11=0xfffff000,r12=0xffffc9000000bbc8,r13=0x0,r14=0xffffffff8183a9e0,r15=0x0
=> 0xffffffff8103f550 <desc_read+30>:	cmp    %r11,%rsi
Regs: rax=0xffffffff818929e0,rbx=0xffffc9000000bb78,rcx=0x80000000fffff000,rdx=0xffffc9000000bb78,rsi=0x0,rdi=0xffffffff,rbp=0x77,rsp=0xffffc9000000bb18,r8=0x0,r9=0xffffffff8183a980,r10=0xffffc9000000bb20,r11=0xfffff000,r12=0xffffc9000000bbc8,r13=0x0,r14=0xffffffff8183a9e0,r15=0x0
=> 0xffffffff8103f553 <desc_read+33>:	jne    0xffffffff8103f5cc <desc_read+154>
Regs: rax=0xffffffff818929e0,rbx=0xffffc9000000bb78,rcx=0x80000000fffff000,rdx=0xffffc9000000bb78,rsi=0x0,rdi=0xffffffff,rbp=0x77,rsp=0xffffc9000000bb18,r8=0x0,r9=0xffffffff8183a980,r10=0xffffc9000000bb20,r11=0xfffff000,r12=0xffffc9000000bbc8,r13=0x0,r14=0xffffffff8183a9e0,r15=0x0
=> 0xffffffff8103f5cc <desc_read+154>:	test   %rdx,%rdx
Regs: rax=0xffffffff818929e0,rbx=0xffffc9000000bb78,rcx=0x80000000fffff000,rdx=0xffffc9000000bb78,rsi=0x0,rdi=0xffffffff,rbp=0x77,rsp=0xffffc9000000bb18,r8=0x0,r9=0xffffffff8183a980,r10=0xffffc9000000bb20,r11=0xfffff000,r12=0xffffc9000000bbc8,r13=0x0,r14=0xffffffff8183a9e0,r15=0x0
=> 0xffffffff8103f5cf <desc_read+157>:	je     0xffffffff8103f5d4 <desc_read+162>
Regs: rax=0xffffffff818929e0,rbx=0xffffc9000000bb78,rcx=0x80000000fffff000,rdx=0xffffc9000000bb78,rsi=0x0,rdi=0xffffffff,rbp=0x77,rsp=0xffffc9000000bb18,r8=0x0,r9=0xffffffff8183a980,r10=0xffffc9000000bb20,r11=0xfffff000,r12=0xffffc9000000bbc8,r13=0x0,r14=0xffffffff8183a9e0,r15=0x0
=> 0xffffffff8103f5d1 <desc_read+159>:	mov    %rcx,(%rdx)
Regs: rax=0xffffffff818929e0,rbx=0xffffc9000000bb78,rcx=0x80000000fffff000,rdx=0xffffc9000000bb78,rsi=0x0,rdi=0xffffffff,rbp=0x77,rsp=0xffffc9000000bb18,r8=0x0,r9=0xffffffff8183a980,r10=0xffffc9000000bb20,r11=0xfffff000,r12=0xffffc9000000bbc8,r13=0x0,r14=0xffffffff8183a9e0,r15=0x0
=> 0xffffffff8103f5d4 <desc_read+162>:	mov    %edi,%eax
Regs: rax=0xffffffff,rbx=0xffffc9000000bb78,rcx=0x80000000fffff000,rdx=0xffffc9000000bb78,rsi=0x0,rdi=0xffffffff,rbp=0x77,rsp=0xffffc9000000bb18,r8=0x0,r9=0xffffffff8183a980,r10=0xffffc9000000bb20,r11=0xfffff000,r12=0xffffc9000000bbc8,r13=0x0,r14=0xffffffff8183a9e0,r15=0x0
=> 0xffffffff8103f5d6 <desc_read+164>:	ret    
Regs: rax=0xffffffff,rbx=0xffffc9000000bb78,rcx=0x80000000fffff000,rdx=0xffffc9000000bb78,rsi=0x0,rdi=0xffffffff,rbp=0x77,rsp=0xffffc9000000bb20,r8=0x0,r9=0xffffffff8183a980,r10=0xffffc9000000bb20,r11=0xfffff000,r12=0xffffc9000000bbc8,r13=0x0,r14=0xffffffff8183a9e0,r15=0x0
=> 0xffffffff8103f5f6 <desc_read_finalized_seq+31>:	mov    %eax,%ecx
Regs: rax=0xffffffff,rbx=0xffffc9000000bb78,rcx=0xffffffff,rdx=0xffffc9000000bb78,rsi=0x0,rdi=0xffffffff,rbp=0x77,rsp=0xffffc9000000bb20,r8=0x0,r9=0xffffffff8183a980,r10=0xffffc9000000bb20,r11=0xfffff000,r12=0xffffc9000000bbc8,r13=0x0,r14=0xffffffff8183a9e0,r15=0x0
=> 0xffffffff8103f5f8 <desc_read_finalized_seq+33>:	inc    %eax
Regs: rax=0x0,rbx=0xffffc9000000bb78,rcx=0xffffffff,rdx=0xffffc9000000bb78,rsi=0x0,rdi=0xffffffff,rbp=0x77,rsp=0xffffc9000000bb20,r8=0x0,r9=0xffffffff8183a980,r10=0xffffc9000000bb20,r11=0xfffff000,r12=0xffffc9000000bbc8,r13=0x0,r14=0xffffffff8183a9e0,r15=0x0
=> 0xffffffff8103f5fa <desc_read_finalized_seq+35>:	cmp    $0x1,%eax
Regs: rax=0x0,rbx=0xffffc9000000bb78,rcx=0xffffffff,rdx=0xffffc9000000bb78,rsi=0x0,rdi=0xffffffff,rbp=0x77,rsp=0xffffc9000000bb20,r8=0x0,r9=0xffffffff8183a980,r10=0xffffc9000000bb20,r11=0xfffff000,r12=0xffffc9000000bbc8,r13=0x0,r14=0xffffffff8183a9e0,r15=0x0
=> 0xffffffff8103f5fd <desc_read_finalized_seq+38>:	mov    $0xffffffea,%eax
Regs: rax=0xffffffea,rbx=0xffffc9000000bb78,rcx=0xffffffff,rdx=0xffffc9000000bb78,rsi=0x0,rdi=0xffffffff,rbp=0x77,rsp=0xffffc9000000bb20,r8=0x0,r9=0xffffffff8183a980,r10=0xffffc9000000bb20,r11=0xfffff000,r12=0xffffc9000000bbc8,r13=0x0,r14=0xffffffff8183a9e0,r15=0x0
=> 0xffffffff8103f602 <desc_read_finalized_seq+43>:	jbe    0xffffffff8103f630 <desc_read_finalized_seq+89>
Regs: rax=0xffffffea,rbx=0xffffc9000000bb78,rcx=0xffffffff,rdx=0xffffc9000000bb78,rsi=0x0,rdi=0xffffffff,rbp=0x77,rsp=0xffffc9000000bb20,r8=0x0,r9=0xffffffff8183a980,r10=0xffffc9000000bb20,r11=0xfffff000,r12=0xffffc9000000bbc8,r13=0x0,r14=0xffffffff8183a9e0,r15=0x0
=> 0xffffffff8103f630 <desc_read_finalized_seq+89>:	pop    %rdx
Regs: rax=0xffffffea,rbx=0xffffc9000000bb78,rcx=0xffffffff,rdx=0x0,rsi=0x0,rdi=0xffffffff,rbp=0x77,rsp=0xffffc9000000bb28,r8=0x0,r9=0xffffffff8183a980,r10=0xffffc9000000bb20,r11=0xfffff000,r12=0xffffc9000000bbc8,r13=0x0,r14=0xffffffff8183a9e0,r15=0x0
=> 0xffffffff8103f631 <desc_read_finalized_seq+90>:	pop    %rbx
Regs: rax=0xffffffea,rbx=0xffffffff8183a980,rcx=0xffffffff,rdx=0x0,rsi=0x0,rdi=0xffffffff,rbp=0x77,rsp=0xffffc9000000bb30,r8=0x0,r9=0xffffffff8183a980,r10=0xffffc9000000bb20,r11=0xfffff000,r12=0xffffc9000000bbc8,r13=0x0,r14=0xffffffff8183a9e0,r15=0x0
=> 0xffffffff8103f632 <desc_read_finalized_seq+91>:	pop    %rbp
Regs: rax=0xffffffea,rbx=0xffffffff8183a980,rcx=0xffffffff,rdx=0x0,rsi=0x0,rdi=0xffffffff,rbp=0xffffc9000000bbe0,rsp=0xffffc9000000bb38,r8=0x0,r9=0xffffffff8183a980,r10=0xffffc9000000bb20,r11=0xfffff000,r12=0xffffc9000000bbc8,r13=0x0,r14=0xffffffff8183a9e0,r15=0x0
=> 0xffffffff8103f633 <desc_read_finalized_seq+92>:	ret    
Regs: rax=0xffffffea,rbx=0xffffffff8183a980,rcx=0xffffffff,rdx=0x0,rsi=0x0,rdi=0xffffffff,rbp=0xffffc9000000bbe0,rsp=0xffffc9000000bb40,r8=0x0,r9=0xffffffff8183a980,r10=0xffffc9000000bb20,r11=0xfffff000,r12=0xffffc9000000bbc8,r13=0x0,r14=0xffffffff8183a9e0,r15=0x0
=> 0xffffffff8103f97c <_prb_read_valid+111>:	mov    %eax,%r15d
Regs: rax=0xffffffea,rbx=0xffffffff8183a980,rcx=0xffffffff,rdx=0x0,rsi=0x0,rdi=0xffffffff,rbp=0xffffc9000000bbe0,rsp=0xffffc9000000bb40,r8=0x0,r9=0xffffffff8183a980,r10=0xffffc9000000bb20,r11=0xfffff000,r12=0xffffc9000000bbc8,r13=0x0,r14=0xffffffff8183a9e0,r15=0xffffffea
=> 0xffffffff8103f97f <_prb_read_valid+114>:	test   %eax,%eax
Regs: rax=0xffffffea,rbx=0xffffffff8183a980,rcx=0xffffffff,rdx=0x0,rsi=0x0,rdi=0xffffffff,rbp=0xffffc9000000bbe0,rsp=0xffffc9000000bb40,r8=0x0,r9=0xffffffff8183a980,r10=0xffffc9000000bb20,r11=0xfffff000,r12=0xffffc9000000bbc8,r13=0x0,r14=0xffffffff8183a9e0,r15=0xffffffea
=> 0xffffffff8103f981 <_prb_read_valid+116>:	je     0xffffffff8103f9e3 <_prb_read_valid+214>
Regs: rax=0xffffffea,rbx=0xffffffff8183a980,rcx=0xffffffff,rdx=0x0,rsi=0x0,rdi=0xffffffff,rbp=0xffffc9000000bbe0,rsp=0xffffc9000000bb40,r8=0x0,r9=0xffffffff8183a980,r10=0xffffc9000000bb20,r11=0xfffff000,r12=0xffffc9000000bbc8,r13=0x0,r14=0xffffffff8183a9e0,r15=0xffffffea
=> 0xffffffff8103f983 <_prb_read_valid+118>:	lea    0x38(%rsp),%rdx
Regs: rax=0xffffffea,rbx=0xffffffff8183a980,rcx=0xffffffff,rdx=0xffffc9000000bb78,rsi=0x0,rdi=0xffffffff,rbp=0xffffc9000000bbe0,rsp=0xffffc9000000bb40,r8=0x0,r9=0xffffffff8183a980,r10=0xffffc9000000bb20,r11=0xfffff000,r12=0xffffc9000000bbc8,r13=0x0,r14=0xffffffff8183a9e0,r15=0xffffffea
=> 0xffffffff8103f988 <_prb_read_valid+123>:	mov    $0x6,%ecx
Regs: rax=0xffffffea,rbx=0xffffffff8183a980,rcx=0x6,rdx=0xffffc9000000bb78,rsi=0x0,rdi=0xffffffff,rbp=0xffffc9000000bbe0,rsp=0xffffc9000000bb40,r8=0x0,r9=0xffffffff8183a980,r10=0xffffc9000000bb20,r11=0xfffff000,r12=0xffffc9000000bbc8,r13=0x0,r14=0xffffffff8183a9e0,r15=0xffffffea
=> 0xffffffff8103f98d <_prb_read_valid+128>:	xor    %eax,%eax
Regs: rax=0x0,rbx=0xffffffff8183a980,rcx=0x6,rdx=0xffffc9000000bb78,rsi=0x0,rdi=0xffffffff,rbp=0xffffc9000000bbe0,rsp=0xffffc9000000bb40,r8=0x0,r9=0xffffffff8183a980,r10=0xffffc9000000bb20,r11=0xfffff000,r12=0xffffc9000000bbc8,r13=0x0,r14=0xffffffff8183a9e0,r15=0xffffffea
=> 0xffffffff8103f98f <_prb_read_valid+130>:	mov    %rdx,%rdi
Regs: rax=0x0,rbx=0xffffffff8183a980,rcx=0x6,rdx=0xffffc9000000bb78,rsi=0x0,rdi=0xffffc9000000bb78,rbp=0xffffc9000000bbe0,rsp=0xffffc9000000bb40,r8=0x0,r9=0xffffffff8183a980,r10=0xffffc9000000bb20,r11=0xfffff000,r12=0xffffc9000000bbc8,r13=0x0,r14=0xffffffff8183a9e0,r15=0xffffffea
=> 0xffffffff8103f992 <_prb_read_valid+133>:	xor    %edx,%edx
Regs: rax=0x0,rbx=0xffffffff8183a980,rcx=0x6,rdx=0x0,rsi=0x0,rdi=0xffffc9000000bb78,rbp=0xffffc9000000bbe0,rsp=0xffffc9000000bb40,r8=0x0,r9=0xffffffff8183a980,r10=0xffffc9000000bb20,r11=0xfffff000,r12=0xffffc9000000bbc8,r13=0x0,r14=0xffffffff8183a9e0,r15=0xffffffea
=> 0xffffffff8103f994 <_prb_read_valid+135>:	rep stos %eax,%es:(%rdi)
Regs: rax=0x0,rbx=0xffffffff8183a980,rcx=0x5,rdx=0x0,rsi=0x0,rdi=0xffffc9000000bb7c,rbp=0xffffc9000000bbe0,rsp=0xffffc9000000bb40,r8=0x0,r9=0xffffffff8183a980,r10=0xffffc9000000bb20,r11=0xfffff000,r12=0xffffc9000000bbc8,r13=0x0,r14=0xffffffff8183a9e0,r15=0xffffffea
=> 0xffffffff8103f994 <_prb_read_valid+135>:	rep stos %eax,%es:(%rdi)
Regs: rax=0x0,rbx=0xffffffff8183a980,rcx=0x4,rdx=0x0,rsi=0x0,rdi=0xffffc9000000bb80,rbp=0xffffc9000000bbe0,rsp=0xffffc9000000bb40,r8=0x0,r9=0xffffffff8183a980,r10=0xffffc9000000bb20,r11=0xfffff000,r12=0xffffc9000000bbc8,r13=0x0,r14=0xffffffff8183a9e0,r15=0xffffffea
=> 0xffffffff8103f994 <_prb_read_valid+135>:	rep stos %eax,%es:(%rdi)
Regs: rax=0x0,rbx=0xffffffff8183a980,rcx=0x3,rdx=0x0,rsi=0x0,rdi=0xffffc9000000bb84,rbp=0xffffc9000000bbe0,rsp=0xffffc9000000bb40,r8=0x0,r9=0xffffffff8183a980,r10=0xffffc9000000bb20,r11=0xfffff000,r12=0xffffc9000000bbc8,r13=0x0,r14=0xffffffff8183a9e0,r15=0xffffffea
=> 0xffffffff8103f994 <_prb_read_valid+135>:	rep stos %eax,%es:(%rdi)
Regs: rax=0x0,rbx=0xffffffff8183a980,rcx=0x2,rdx=0x0,rsi=0x0,rdi=0xffffc9000000bb88,rbp=0xffffc9000000bbe0,rsp=0xffffc9000000bb40,r8=0x0,r9=0xffffffff8183a980,r10=0xffffc9000000bb20,r11=0xfffff000,r12=0xffffc9000000bbc8,r13=0x0,r14=0xffffffff8183a9e0,r15=0xffffffea
=> 0xffffffff8103f994 <_prb_read_valid+135>:	rep stos %eax,%es:(%rdi)
Regs: rax=0x0,rbx=0xffffffff8183a980,rcx=0x1,rdx=0x0,rsi=0x0,rdi=0xffffc9000000bb8c,rbp=0xffffc9000000bbe0,rsp=0xffffc9000000bb40,r8=0x0,r9=0xffffffff8183a980,r10=0xffffc9000000bb20,r11=0xfffff000,r12=0xffffc9000000bbc8,r13=0x0,r14=0xffffffff8183a9e0,r15=0xffffffea
=> 0xffffffff8103f994 <_prb_read_valid+135>:	rep stos %eax,%es:(%rdi)
Regs: rax=0x0,rbx=0xffffffff8183a980,rcx=0x0,rdx=0x0,rsi=0x0,rdi=0xffffc9000000bb90,rbp=0xffffc9000000bbe0,rsp=0xffffc9000000bb40,r8=0x0,r9=0xffffffff8183a980,r10=0xffffc9000000bb20,r11=0xfffff000,r12=0xffffc9000000bbc8,r13=0x0,r14=0xffffffff8183a9e0,r15=0xffffffea
=> 0xffffffff8103f996 <_prb_read_valid+137>:	mov    %rdx,0x30(%rsp)
Regs: rax=0x0,rbx=0xffffffff8183a980,rcx=0x0,rdx=0x0,rsi=0x0,rdi=0xffffc9000000bb90,rbp=0xffffc9000000bbe0,rsp=0xffffc9000000bb40,r8=0x0,r9=0xffffffff8183a980,r10=0xffffc9000000bb20,r11=0xfffff000,r12=0xffffc9000000bbc8,r13=0x0,r14=0xffffffff8183a9e0,r15=0xffffffea
=> 0xffffffff8103f99b <_prb_read_valid+142>:	mov    0x20(%rbx),%rsi
Regs: rax=0x0,rbx=0xffffffff8183a980,rcx=0x0,rdx=0x0,rsi=0xffffefff,rdi=0xffffc9000000bb90,rbp=0xffffc9000000bbe0,rsp=0xffffc9000000bb40,r8=0x0,r9=0xffffffff8183a980,r10=0xffffc9000000bb20,r11=0xfffff000,r12=0xffffc9000000bbc8,r13=0x0,r14=0xffffffff8183a9e0,r15=0xffffffea
=> 0xffffffff8103f99f <_prb_read_valid+146>:	xor    %r8d,%r8d
Regs: rax=0x0,rbx=0xffffffff8183a980,rcx=0x0,rdx=0x0,rsi=0xffffefff,rdi=0xffffc9000000bb90,rbp=0xffffc9000000bbe0,rsp=0xffffc9000000bb40,r8=0x0,r9=0xffffffff8183a980,r10=0xffffc9000000bb20,r11=0xfffff000,r12=0xffffc9000000bbc8,r13=0x0,r14=0xffffffff8183a9e0,r15=0xffffffea
=> 0xffffffff8103f9a2 <_prb_read_valid+149>:	lea    0x30(%rsp),%rcx
Regs: rax=0x0,rbx=0xffffffff8183a980,rcx=0xffffc9000000bb70,rdx=0x0,rsi=0xffffefff,rdi=0xffffc9000000bb90,rbp=0xffffc9000000bbe0,rsp=0xffffc9000000bb40,r8=0x0,r9=0xffffffff8183a980,r10=0xffffc9000000bb20,r11=0xfffff000,r12=0xffffc9000000bbc8,r13=0x0,r14=0xffffffff8183a9e0,r15=0xffffffea
=> 0xffffffff8103f9a7 <_prb_read_valid+154>:	mov    %rbx,%rdi
Regs: rax=0x0,rbx=0xffffffff8183a980,rcx=0xffffc9000000bb70,rdx=0x0,rsi=0xffffefff,rdi=0xffffffff8183a980,rbp=0xffffc9000000bbe0,rsp=0xffffc9000000bb40,r8=0x0,r9=0xffffffff8183a980,r10=0xffffc9000000bb20,r11=0xfffff000,r12=0xffffc9000000bbc8,r13=0x0,r14=0xffffffff8183a9e0,r15=0xffffffea
=> 0xffffffff8103f9aa <_prb_read_valid+157>:	lea    0x38(%rsp),%rdx
Regs: rax=0x0,rbx=0xffffffff8183a980,rcx=0xffffc9000000bb70,rdx=0xffffc9000000bb78,rsi=0xffffefff,rdi=0xffffffff8183a980,rbp=0xffffc9000000bbe0,rsp=0xffffc9000000bb40,r8=0x0,r9=0xffffffff8183a980,r10=0xffffc9000000bb20,r11=0xfffff000,r12=0xffffc9000000bbc8,r13=0x0,r14=0xffffffff8183a9e0,r15=0xffffffea
=> 0xffffffff8103f9af <_prb_read_valid+162>:	call   0xffffffff8103f532 <desc_read>
Regs: rax=0x0,rbx=0xffffffff8183a980,rcx=0xffffc9000000bb70,rdx=0xffffc9000000bb78,rsi=0xffffefff,rdi=0xffffffff8183a980,rbp=0xffffc9000000bbe0,rsp=0xffffc9000000bb38,r8=0x0,r9=0xffffffff8183a980,r10=0xffffc9000000bb20,r11=0xfffff000,r12=0xffffc9000000bbc8,r13=0x0,r14=0xffffffff8183a9e0,r15=0xffffffea
=> 0xffffffff8103f532 <desc_read>:	movabs $0x3fffffffffffffff,%r11
Regs: rax=0x0,rbx=0xffffffff8183a980,rcx=0xffffc9000000bb70,rdx=0xffffc9000000bb78,rsi=0xffffefff,rdi=0xffffffff8183a980,rbp=0xffffc9000000bbe0,rsp=0xffffc9000000bb38,r8=0x0,r9=0xffffffff8183a980,r10=0xffffc9000000bb20,r11=0x3fffffffffffffff,r12=0xffffc9000000bbc8,r13=0x0,r14=0xffffffff8183a9e0,r15=0xffffffea
=> 0xffffffff8103f53c <desc_read+10>:	mov    %rcx,%r10
Regs: rax=0x0,rbx=0xffffffff8183a980,rcx=0xffffc9000000bb70,rdx=0xffffc9000000bb78,rsi=0xffffefff,rdi=0xffffffff8183a980,rbp=0xffffc9000000bbe0,rsp=0xffffc9000000bb38,r8=0x0,r9=0xffffffff8183a980,r10=0xffffc9000000bb70,r11=0x3fffffffffffffff,r12=0xffffc9000000bbc8,r13=0x0,r14=0xffffffff8183a9e0,r15=0xffffffea
=> 0xffffffff8103f53f <desc_read+13>:	mov    %rdi,%r9
Regs: rax=0x0,rbx=0xffffffff8183a980,rcx=0xffffc9000000bb70,rdx=0xffffc9000000bb78,rsi=0xffffefff,rdi=0xffffffff8183a980,rbp=0xffffc9000000bbe0,rsp=0xffffc9000000bb38,r8=0x0,r9=0xffffffff8183a980,r10=0xffffc9000000bb70,r11=0x3fffffffffffffff,r12=0xffffc9000000bbc8,r13=0x0,r14=0xffffffff8183a9e0,r15=0xffffffea
=> 0xffffffff8103f542 <desc_read+16>:	call   0xffffffff8103f4aa <to_desc>
Regs: rax=0x0,rbx=0xffffffff8183a980,rcx=0xffffc9000000bb70,rdx=0xffffc9000000bb78,rsi=0xffffefff,rdi=0xffffffff8183a980,rbp=0xffffc9000000bbe0,rsp=0xffffc9000000bb30,r8=0x0,r9=0xffffffff8183a980,r10=0xffffc9000000bb70,r11=0x3fffffffffffffff,r12=0xffffc9000000bbc8,r13=0x0,r14=0xffffffff8183a9e0,r15=0xffffffea
=> 0xffffffff8103f4aa <to_desc>:	mov    (%rdi),%ecx
Regs: rax=0x0,rbx=0xffffffff8183a980,rcx=0xc,rdx=0xffffc9000000bb78,rsi=0xffffefff,rdi=0xffffffff8183a980,rbp=0xffffc9000000bbe0,rsp=0xffffc9000000bb30,r8=0x0,r9=0xffffffff8183a980,r10=0xffffc9000000bb70,r11=0x3fffffffffffffff,r12=0xffffc9000000bbc8,r13=0x0,r14=0xffffffff8183a9e0,r15=0xffffffea
=> 0xffffffff8103f4ac <to_desc+2>:	mov    $0x1,%eax
Regs: rax=0x1,rbx=0xffffffff8183a980,rcx=0xc,rdx=0xffffc9000000bb78,rsi=0xffffefff,rdi=0xffffffff8183a980,rbp=0xffffc9000000bbe0,rsp=0xffffc9000000bb30,r8=0x0,r9=0xffffffff8183a980,r10=0xffffc9000000bb70,r11=0x3fffffffffffffff,r12=0xffffc9000000bbc8,r13=0x0,r14=0xffffffff8183a9e0,r15=0xffffffea
=> 0xffffffff8103f4b1 <to_desc+7>:	shl    %cl,%eax
Regs: rax=0x1000,rbx=0xffffffff8183a980,rcx=0xc,rdx=0xffffc9000000bb78,rsi=0xffffefff,rdi=0xffffffff8183a980,rbp=0xffffc9000000bbe0,rsp=0xffffc9000000bb30,r8=0x0,r9=0xffffffff8183a980,r10=0xffffc9000000bb70,r11=0x3fffffffffffffff,r12=0xffffc9000000bbc8,r13=0x0,r14=0xffffffff8183a9e0,r15=0xffffffea
=> 0xffffffff8103f4b3 <to_desc+9>:	dec    %eax
Regs: rax=0xfff,rbx=0xffffffff8183a980,rcx=0xc,rdx=0xffffc9000000bb78,rsi=0xffffefff,rdi=0xffffffff8183a980,rbp=0xffffc9000000bbe0,rsp=0xffffc9000000bb30,r8=0x0,r9=0xffffffff8183a980,r10=0xffffc9000000bb70,r11=0x3fffffffffffffff,r12=0xffffc9000000bbc8,r13=0x0,r14=0xffffffff8183a9e0,r15=0xffffffea
=> 0xffffffff8103f4b5 <to_desc+11>:	and    %rsi,%rax
Regs: rax=0xfff,rbx=0xffffffff8183a980,rcx=0xc,rdx=0xffffc9000000bb78,rsi=0xffffefff,rdi=0xffffffff8183a980,rbp=0xffffc9000000bbe0,rsp=0xffffc9000000bb30,r8=0x0,r9=0xffffffff8183a980,r10=0xffffc9000000bb70,r11=0x3fffffffffffffff,r12=0xffffc9000000bbc8,r13=0x0,r14=0xffffffff8183a9e0,r15=0xffffffea
=> 0xffffffff8103f4b8 <to_desc+14>:	imul   $0x18,%rax,%rax
Regs: rax=0x17fe8,rbx=0xffffffff8183a980,rcx=0xc,rdx=0xffffc9000000bb78,rsi=0xffffefff,rdi=0xffffffff8183a980,rbp=0xffffc9000000bbe0,rsp=0xffffc9000000bb30,r8=0x0,r9=0xffffffff8183a980,r10=0xffffc9000000bb70,r11=0x3fffffffffffffff,r12=0xffffc9000000bbc8,r13=0x0,r14=0xffffffff8183a9e0,r15=0xffffffea
=> 0xffffffff8103f4bc <to_desc+18>:	add    0x8(%rdi),%rax
Regs: rax=0xffffffff818aa9c8,rbx=0xffffffff8183a980,rcx=0xc,rdx=0xffffc9000000bb78,rsi=0xffffefff,rdi=0xffffffff8183a980,rbp=0xffffc9000000bbe0,rsp=0xffffc9000000bb30,r8=0x0,r9=0xffffffff8183a980,r10=0xffffc9000000bb70,r11=0x3fffffffffffffff,r12=0xffffc9000000bbc8,r13=0x0,r14=0xffffffff8183a9e0,r15=0xffffffea
=> 0xffffffff8103f4c0 <to_desc+22>:	ret    
Regs: rax=0xffffffff818aa9c8,rbx=0xffffffff8183a980,rcx=0xc,rdx=0xffffc9000000bb78,rsi=0xffffefff,rdi=0xffffffff8183a980,rbp=0xffffc9000000bbe0,rsp=0xffffc9000000bb38,r8=0x0,r9=0xffffffff8183a980,r10=0xffffc9000000bb70,r11=0x3fffffffffffffff,r12=0xffffc9000000bbc8,r13=0x0,r14=0xffffffff8183a9e0,r15=0xffffffea
=> 0xffffffff8103f547 <desc_read+21>:	or     $0xffffffff,%edi
Regs: rax=0xffffffff818aa9c8,rbx=0xffffffff8183a980,rcx=0xc,rdx=0xffffc9000000bb78,rsi=0xffffefff,rdi=0xffffffff,rbp=0xffffc9000000bbe0,rsp=0xffffc9000000bb38,r8=0x0,r9=0xffffffff8183a980,r10=0xffffc9000000bb70,r11=0x3fffffffffffffff,r12=0xffffc9000000bbc8,r13=0x0,r14=0xffffffff8183a9e0,r15=0xffffffea
=> 0xffffffff8103f54a <desc_read+24>:	mov    (%rax),%rcx
Regs: rax=0xffffffff818aa9c8,rbx=0xffffffff8183a980,rcx=0xc0000000ffffefff,rdx=0xffffc9000000bb78,rsi=0xffffefff,rdi=0xffffffff,rbp=0xffffc9000000bbe0,rsp=0xffffc9000000bb38,r8=0x0,r9=0xffffffff8183a980,r10=0xffffc9000000bb70,r11=0x3fffffffffffffff,r12=0xffffc9000000bbc8,r13=0x0,r14=0xffffffff8183a9e0,r15=0xffffffea
=> 0xffffffff8103f54d <desc_read+27>:	and    %rcx,%r11
Regs: rax=0xffffffff818aa9c8,rbx=0xffffffff8183a980,rcx=0xc0000000ffffefff,rdx=0xffffc9000000bb78,rsi=0xffffefff,rdi=0xffffffff,rbp=0xffffc9000000bbe0,rsp=0xffffc9000000bb38,r8=0x0,r9=0xffffffff8183a980,r10=0xffffc9000000bb70,r11=0xffffefff,r12=0xffffc9000000bbc8,r13=0x0,r14=0xffffffff8183a9e0,r15=0xffffffea
=> 0xffffffff8103f550 <desc_read+30>:	cmp    %r11,%rsi
Regs: rax=0xffffffff818aa9c8,rbx=0xffffffff8183a980,rcx=0xc0000000ffffefff,rdx=0xffffc9000000bb78,rsi=0xffffefff,rdi=0xffffffff,rbp=0xffffc9000000bbe0,rsp=0xffffc9000000bb38,r8=0x0,r9=0xffffffff8183a980,r10=0xffffc9000000bb70,r11=0xffffefff,r12=0xffffc9000000bbc8,r13=0x0,r14=0xffffffff8183a9e0,r15=0xffffffea
=> 0xffffffff8103f553 <desc_read+33>:	jne    0xffffffff8103f5cc <desc_read+154>
Regs: rax=0xffffffff818aa9c8,rbx=0xffffffff8183a980,rcx=0xc0000000ffffefff,rdx=0xffffc9000000bb78,rsi=0xffffefff,rdi=0xffffffff,rbp=0xffffc9000000bbe0,rsp=0xffffc9000000bb38,r8=0x0,r9=0xffffffff8183a980,r10=0xffffc9000000bb70,r11=0xffffefff,r12=0xffffc9000000bbc8,r13=0x0,r14=0xffffffff8183a9e0,r15=0xffffffea
=> 0xffffffff8103f555 <desc_read+35>:	mov    %rcx,%r11
Regs: rax=0xffffffff818aa9c8,rbx=0xffffffff8183a980,rcx=0xc0000000ffffefff,rdx=0xffffc9000000bb78,rsi=0xffffefff,rdi=0xffffffff,rbp=0xffffc9000000bbe0,rsp=0xffffc9000000bb38,r8=0x0,r9=0xffffffff8183a980,r10=0xffffc9000000bb70,r11=0xc0000000ffffefff,r12=0xffffc9000000bbc8,r13=0x0,r14=0xffffffff8183a9e0,r15=0xffffffea
=> 0xffffffff8103f558 <desc_read+38>:	xor    %edi,%edi
Regs: rax=0xffffffff818aa9c8,rbx=0xffffffff8183a980,rcx=0xc0000000ffffefff,rdx=0xffffc9000000bb78,rsi=0xffffefff,rdi=0x0,rbp=0xffffc9000000bbe0,rsp=0xffffc9000000bb38,r8=0x0,r9=0xffffffff8183a980,r10=0xffffc9000000bb70,r11=0xc0000000ffffefff,r12=0xffffc9000000bbc8,r13=0x0,r14=0xffffffff8183a9e0,r15=0xffffffea
=> 0xffffffff8103f55a <desc_read+40>:	shr    $0x3e,%r11
Regs: rax=0xffffffff818aa9c8,rbx=0xffffffff8183a980,rcx=0xc0000000ffffefff,rdx=0xffffc9000000bb78,rsi=0xffffefff,rdi=0x0,rbp=0xffffc9000000bbe0,rsp=0xffffc9000000bb38,r8=0x0,r9=0xffffffff8183a980,r10=0xffffc9000000bb70,r11=0x3,r12=0xffffc9000000bbc8,r13=0x0,r14=0xffffffff8183a9e0,r15=0xffffffea
=> 0xffffffff8103f55e <desc_read+44>:	je     0xffffffff8103f5cc <desc_read+154>
Regs: rax=0xffffffff818aa9c8,rbx=0xffffffff8183a980,rcx=0xc0000000ffffefff,rdx=0xffffc9000000bb78,rsi=0xffffefff,rdi=0x0,rbp=0xffffc9000000bbe0,rsp=0xffffc9000000bb38,r8=0x0,r9=0xffffffff8183a980,r10=0xffffc9000000bb70,r11=0x3,r12=0xffffc9000000bbc8,r13=0x0,r14=0xffffffff8183a9e0,r15=0xffffffea
=> 0xffffffff8103f560 <desc_read+46>:	mov    0x10(%r9),%rdi
Regs: rax=0xffffffff818aa9c8,rbx=0xffffffff8183a980,rcx=0xc0000000ffffefff,rdx=0xffffc9000000bb78,rsi=0xffffefff,rdi=0xffffffff8183a9e0,rbp=0xffffc9000000bbe0,rsp=0xffffc9000000bb38,r8=0x0,r9=0xffffffff8183a980,r10=0xffffc9000000bb70,r11=0x3,r12=0xffffc9000000bbc8,r13=0x0,r14=0xffffffff8183a9e0,r15=0xffffffea
=> 0xffffffff8103f564 <desc_read+50>:	mov    (%r9),%ecx
Regs: rax=0xffffffff818aa9c8,rbx=0xffffffff8183a980,rcx=0xc,rdx=0xffffc9000000bb78,rsi=0xffffefff,rdi=0xffffffff8183a9e0,rbp=0xffffc9000000bbe0,rsp=0xffffc9000000bb38,r8=0x0,r9=0xffffffff8183a980,r10=0xffffc9000000bb70,r11=0x3,r12=0xffffc9000000bbc8,r13=0x0,r14=0xffffffff8183a9e0,r15=0xffffffea
=> 0xffffffff8103f567 <desc_read+53>:	test   %rdx,%rdx
Regs: rax=0xffffffff818aa9c8,rbx=0xffffffff8183a980,rcx=0xc,rdx=0xffffc9000000bb78,rsi=0xffffefff,rdi=0xffffffff8183a9e0,rbp=0xffffc9000000bbe0,rsp=0xffffc9000000bb38,r8=0x0,r9=0xffffffff8183a980,r10=0xffffc9000000bb70,r11=0x3,r12=0xffffc9000000bbc8,r13=0x0,r14=0xffffffff8183a9e0,r15=0xffffffea
=> 0xffffffff8103f56a <desc_read+56>:	je     0xffffffff8103f57c <desc_read+74>
Regs: rax=0xffffffff818aa9c8,rbx=0xffffffff8183a980,rcx=0xc,rdx=0xffffc9000000bb78,rsi=0xffffefff,rdi=0xffffffff8183a9e0,rbp=0xffffc9000000bbe0,rsp=0xffffc9000000bb38,r8=0x0,r9=0xffffffff8183a980,r10=0xffffc9000000bb70,r11=0x3,r12=0xffffc9000000bbc8,r13=0x0,r14=0xffffffff8183a9e0,r15=0xffffffea
=> 0xffffffff8103f56c <desc_read+58>:	mov    0x8(%rax),%r9
Regs: rax=0xffffffff818aa9c8,rbx=0xffffffff8183a980,rcx=0xc,rdx=0xffffc9000000bb78,rsi=0xffffefff,rdi=0xffffffff8183a9e0,rbp=0xffffc9000000bbe0,rsp=0xffffc9000000bb38,r8=0x0,r9=0x1,r10=0xffffc9000000bb70,r11=0x3,r12=0xffffc9000000bbc8,r13=0x0,r14=0xffffffff8183a9e0,r15=0xffffffea
=> 0xffffffff8103f570 <desc_read+62>:	mov    %r9,0x8(%rdx)
Regs: rax=0xffffffff818aa9c8,rbx=0xffffffff8183a980,rcx=0xc,rdx=0xffffc9000000bb78,rsi=0xffffefff,rdi=0xffffffff8183a9e0,rbp=0xffffc9000000bbe0,rsp=0xffffc9000000bb38,r8=0x0,r9=0x1,r10=0xffffc9000000bb70,r11=0x3,r12=0xffffc9000000bbc8,r13=0x0,r14=0xffffffff8183a9e0,r15=0xffffffea
=> 0xffffffff8103f574 <desc_read+66>:	mov    0x10(%rax),%r9
Regs: rax=0xffffffff818aa9c8,rbx=0xffffffff8183a980,rcx=0xc,rdx=0xffffc9000000bb78,rsi=0xffffefff,rdi=0xffffffff8183a9e0,rbp=0xffffc9000000bbe0,rsp=0xffffc9000000bb38,r8=0x0,r9=0x1,r10=0xffffc9000000bb70,r11=0x3,r12=0xffffc9000000bbc8,r13=0x0,r14=0xffffffff8183a9e0,r15=0xffffffea
=> 0xffffffff8103f578 <desc_read+70>:	mov    %r9,0x10(%rdx)
Regs: rax=0xffffffff818aa9c8,rbx=0xffffffff8183a980,rcx=0xc,rdx=0xffffc9000000bb78,rsi=0xffffefff,rdi=0xffffffff8183a9e0,rbp=0xffffc9000000bbe0,rsp=0xffffc9000000bb38,r8=0x0,r9=0x1,r10=0xffffc9000000bb70,r11=0x3,r12=0xffffc9000000bbc8,r13=0x0,r14=0xffffffff8183a9e0,r15=0xffffffea
=> 0xffffffff8103f57c <desc_read+74>:	mov    $0x1,%r9d
Regs: rax=0xffffffff818aa9c8,rbx=0xffffffff8183a980,rcx=0xc,rdx=0xffffc9000000bb78,rsi=0xffffefff,rdi=0xffffffff8183a9e0,rbp=0xffffc9000000bbe0,rsp=0xffffc9000000bb38,r8=0x0,r9=0x1,r10=0xffffc9000000bb70,r11=0x3,r12=0xffffc9000000bbc8,r13=0x0,r14=0xffffffff8183a9e0,r15=0xffffffea
=> 0xffffffff8103f582 <desc_read+80>:	shl    %cl,%r9d
Regs: rax=0xffffffff818aa9c8,rbx=0xffffffff8183a980,rcx=0xc,rdx=0xffffc9000000bb78,rsi=0xffffefff,rdi=0xffffffff8183a9e0,rbp=0xffffc9000000bbe0,rsp=0xffffc9000000bb38,r8=0x0,r9=0x1000,r10=0xffffc9000000bb70,r11=0x3,r12=0xffffc9000000bbc8,r13=0x0,r14=0xffffffff8183a9e0,r15=0xffffffea
=> 0xffffffff8103f585 <desc_read+83>:	lea    -0x1(%r9),%ecx
Regs: rax=0xffffffff818aa9c8,rbx=0xffffffff8183a980,rcx=0xfff,rdx=0xffffc9000000bb78,rsi=0xffffefff,rdi=0xffffffff8183a9e0,rbp=0xffffc9000000bbe0,rsp=0xffffc9000000bb38,r8=0x0,r9=0x1000,r10=0xffffc9000000bb70,r11=0x3,r12=0xffffc9000000bbc8,r13=0x0,r14=0xffffffff8183a9e0,r15=0xffffffea
=> 0xffffffff8103f589 <desc_read+87>:	and    %rsi,%rcx
Regs: rax=0xffffffff818aa9c8,rbx=0xffffffff8183a980,rcx=0xfff,rdx=0xffffc9000000bb78,rsi=0xffffefff,rdi=0xffffffff8183a9e0,rbp=0xffffc9000000bbe0,rsp=0xffffc9000000bb38,r8=0x0,r9=0x1000,r10=0xffffc9000000bb70,r11=0x3,r12=0xffffc9000000bbc8,r13=0x0,r14=0xffffffff8183a9e0,r15=0xffffffea
=> 0xffffffff8103f58c <desc_read+90>:	imul   $0x58,%rcx,%rcx
Regs: rax=0xffffffff818aa9c8,rbx=0xffffffff8183a980,rcx=0x57fa8,rdx=0xffffc9000000bb78,rsi=0xffffefff,rdi=0xffffffff8183a9e0,rbp=0xffffc9000000bbe0,rsp=0xffffc9000000bb38,r8=0x0,r9=0x1000,r10=0xffffc9000000bb70,r11=0x3,r12=0xffffc9000000bbc8,r13=0x0,r14=0xffffffff8183a9e0,r15=0xffffffea
=> 0xffffffff8103f590 <desc_read+94>:	add    %rdi,%rcx
Regs: rax=0xffffffff818aa9c8,rbx=0xffffffff8183a980,rcx=0xffffffff81892988,rdx=0xffffc9000000bb78,rsi=0xffffefff,rdi=0xffffffff8183a9e0,rbp=0xffffc9000000bbe0,rsp=0xffffc9000000bb38,r8=0x0,r9=0x1000,r10=0xffffc9000000bb70,r11=0x3,r12=0xffffc9000000bbc8,r13=0x0,r14=0xffffffff8183a9e0,r15=0xffffffea
=> 0xffffffff8103f593 <desc_read+97>:	test   %r10,%r10
Regs: rax=0xffffffff818aa9c8,rbx=0xffffffff8183a980,rcx=0xffffffff81892988,rdx=0xffffc9000000bb78,rsi=0xffffefff,rdi=0xffffffff8183a9e0,rbp=0xffffc9000000bbe0,rsp=0xffffc9000000bb38,r8=0x0,r9=0x1000,r10=0xffffc9000000bb70,r11=0x3,r12=0xffffc9000000bbc8,r13=0x0,r14=0xffffffff8183a9e0,r15=0xffffffea
=> 0xffffffff8103f596 <desc_read+100>:	je     0xffffffff8103f59e <desc_read+108>
Regs: rax=0xffffffff818aa9c8,rbx=0xffffffff8183a980,rcx=0xffffffff81892988,rdx=0xffffc9000000bb78,rsi=0xffffefff,rdi=0xffffffff8183a9e0,rbp=0xffffc9000000bbe0,rsp=0xffffc9000000bb38,r8=0x0,r9=0x1000,r10=0xffffc9000000bb70,r11=0x3,r12=0xffffc9000000bbc8,r13=0x0,r14=0xffffffff8183a9e0,r15=0xffffffea
=> 0xffffffff8103f598 <desc_read+102>:	mov    (%rcx),%rdi
Regs: rax=0xffffffff818aa9c8,rbx=0xffffffff8183a980,rcx=0xffffffff81892988,rdx=0xffffc9000000bb78,rsi=0xffffefff,rdi=0x0,rbp=0xffffc9000000bbe0,rsp=0xffffc9000000bb38,r8=0x0,r9=0x1000,r10=0xffffc9000000bb70,r11=0x3,r12=0xffffc9000000bbc8,r13=0x0,r14=0xffffffff8183a9e0,r15=0xffffffea
=> 0xffffffff8103f59b <desc_read+105>:	mov    %rdi,(%r10)
Regs: rax=0xffffffff818aa9c8,rbx=0xffffffff8183a980,rcx=0xffffffff81892988,rdx=0xffffc9000000bb78,rsi=0xffffefff,rdi=0x0,rbp=0xffffc9000000bbe0,rsp=0xffffc9000000bb38,r8=0x0,r9=0x1000,r10=0xffffc9000000bb70,r11=0x3,r12=0xffffc9000000bbc8,r13=0x0,r14=0xffffffff8183a9e0,r15=0xffffffea
=> 0xffffffff8103f59e <desc_read+108>:	test   %r8,%r8
Regs: rax=0xffffffff818aa9c8,rbx=0xffffffff8183a980,rcx=0xffffffff81892988,rdx=0xffffc9000000bb78,rsi=0xffffefff,rdi=0x0,rbp=0xffffc9000000bbe0,rsp=0xffffc9000000bb38,r8=0x0,r9=0x1000,r10=0xffffc9000000bb70,r11=0x3,r12=0xffffc9000000bbc8,r13=0x0,r14=0xffffffff8183a9e0,r15=0xffffffea
=> 0xffffffff8103f5a1 <desc_read+111>:	je     0xffffffff8103f5a9 <desc_read+119>
Regs: rax=0xffffffff818aa9c8,rbx=0xffffffff8183a980,rcx=0xffffffff81892988,rdx=0xffffc9000000bb78,rsi=0xffffefff,rdi=0x0,rbp=0xffffc9000000bbe0,rsp=0xffffc9000000bb38,r8=0x0,r9=0x1000,r10=0xffffc9000000bb70,r11=0x3,r12=0xffffc9000000bbc8,r13=0x0,r14=0xffffffff8183a9e0,r15=0xffffffea
=> 0xffffffff8103f5a9 <desc_read+119>:	mov    (%rax),%rcx
Regs: rax=0xffffffff818aa9c8,rbx=0xffffffff8183a980,rcx=0xc0000000ffffefff,rdx=0xffffc9000000bb78,rsi=0xffffefff,rdi=0x0,rbp=0xffffc9000000bbe0,rsp=0xffffc9000000bb38,r8=0x0,r9=0x1000,r10=0xffffc9000000bb70,r11=0x3,r12=0xffffc9000000bbc8,r13=0x0,r14=0xffffffff8183a9e0,r15=0xffffffea
=> 0xffffffff8103f5ac <desc_read+122>:	mov    $0xffffffff,%edi
Regs: rax=0xffffffff818aa9c8,rbx=0xffffffff8183a980,rcx=0xc0000000ffffefff,rdx=0xffffc9000000bb78,rsi=0xffffefff,rdi=0xffffffff,rbp=0xffffc9000000bbe0,rsp=0xffffc9000000bb38,r8=0x0,r9=0x1000,r10=0xffffc9000000bb70,r11=0x3,r12=0xffffc9000000bbc8,r13=0x0,r14=0xffffffff8183a9e0,r15=0xffffffea
=> 0xffffffff8103f5b1 <desc_read+127>:	movabs $0x3fffffffffffffff,%rax
Regs: rax=0x3fffffffffffffff,rbx=0xffffffff8183a980,rcx=0xc0000000ffffefff,rdx=0xffffc9000000bb78,rsi=0xffffefff,rdi=0xffffffff,rbp=0xffffc9000000bbe0,rsp=0xffffc9000000bb38,r8=0x0,r9=0x1000,r10=0xffffc9000000bb70,r11=0x3,r12=0xffffc9000000bbc8,r13=0x0,r14=0xffffffff8183a9e0,r15=0xffffffea
=> 0xffffffff8103f5bb <desc_read+137>:	and    %rcx,%rax
Regs: rax=0xffffefff,rbx=0xffffffff8183a980,rcx=0xc0000000ffffefff,rdx=0xffffc9000000bb78,rsi=0xffffefff,rdi=0xffffffff,rbp=0xffffc9000000bbe0,rsp=0xffffc9000000bb38,r8=0x0,r9=0x1000,r10=0xffffc9000000bb70,r11=0x3,r12=0xffffc9000000bbc8,r13=0x0,r14=0xffffffff8183a9e0,r15=0xffffffea
=> 0xffffffff8103f5be <desc_read+140>:	mov    %rcx,%r8
Regs: rax=0xffffefff,rbx=0xffffffff8183a980,rcx=0xc0000000ffffefff,rdx=0xffffc9000000bb78,rsi=0xffffefff,rdi=0xffffffff,rbp=0xffffc9000000bbe0,rsp=0xffffc9000000bb38,r8=0xc0000000ffffefff,r9=0x1000,r10=0xffffc9000000bb70,r11=0x3,r12=0xffffc9000000bbc8,r13=0x0,r14=0xffffffff8183a9e0,r15=0xffffffea
=> 0xffffffff8103f5c1 <desc_read+143>:	shr    $0x3e,%r8
Regs: rax=0xffffefff,rbx=0xffffffff8183a980,rcx=0xc0000000ffffefff,rdx=0xffffc9000000bb78,rsi=0xffffefff,rdi=0xffffffff,rbp=0xffffc9000000bbe0,rsp=0xffffc9000000bb38,r8=0x3,r9=0x1000,r10=0xffffc9000000bb70,r11=0x3,r12=0xffffc9000000bbc8,r13=0x0,r14=0xffffffff8183a9e0,r15=0xffffffea
=> 0xffffffff8103f5c5 <desc_read+147>:	cmp    %rax,%rsi
Regs: rax=0xffffefff,rbx=0xffffffff8183a980,rcx=0xc0000000ffffefff,rdx=0xffffc9000000bb78,rsi=0xffffefff,rdi=0xffffffff,rbp=0xffffc9000000bbe0,rsp=0xffffc9000000bb38,r8=0x3,r9=0x1000,r10=0xffffc9000000bb70,r11=0x3,r12=0xffffc9000000bbc8,r13=0x0,r14=0xffffffff8183a9e0,r15=0xffffffea
=> 0xffffffff8103f5c8 <desc_read+150>:	cmove  %r8d,%edi
Regs: rax=0xffffefff,rbx=0xffffffff8183a980,rcx=0xc0000000ffffefff,rdx=0xffffc9000000bb78,rsi=0xffffefff,rdi=0x3,rbp=0xffffc9000000bbe0,rsp=0xffffc9000000bb38,r8=0x3,r9=0x1000,r10=0xffffc9000000bb70,r11=0x3,r12=0xffffc9000000bbc8,r13=0x0,r14=0xffffffff8183a9e0,r15=0xffffffea
=> 0xffffffff8103f5cc <desc_read+154>:	test   %rdx,%rdx
Regs: rax=0xffffefff,rbx=0xffffffff8183a980,rcx=0xc0000000ffffefff,rdx=0xffffc9000000bb78,rsi=0xffffefff,rdi=0x3,rbp=0xffffc9000000bbe0,rsp=0xffffc9000000bb38,r8=0x3,r9=0x1000,r10=0xffffc9000000bb70,r11=0x3,r12=0xffffc9000000bbc8,r13=0x0,r14=0xffffffff8183a9e0,r15=0xffffffea
=> 0xffffffff8103f5cf <desc_read+157>:	je     0xffffffff8103f5d4 <desc_read+162>
Regs: rax=0xffffefff,rbx=0xffffffff8183a980,rcx=0xc0000000ffffefff,rdx=0xffffc9000000bb78,rsi=0xffffefff,rdi=0x3,rbp=0xffffc9000000bbe0,rsp=0xffffc9000000bb38,r8=0x3,r9=0x1000,r10=0xffffc9000000bb70,r11=0x3,r12=0xffffc9000000bbc8,r13=0x0,r14=0xffffffff8183a9e0,r15=0xffffffea
=> 0xffffffff8103f5d1 <desc_read+159>:	mov    %rcx,(%rdx)
Regs: rax=0xffffefff,rbx=0xffffffff8183a980,rcx=0xc0000000ffffefff,rdx=0xffffc9000000bb78,rsi=0xffffefff,rdi=0x3,rbp=0xffffc9000000bbe0,rsp=0xffffc9000000bb38,r8=0x3,r9=0x1000,r10=0xffffc9000000bb70,r11=0x3,r12=0xffffc9000000bbc8,r13=0x0,r14=0xffffffff8183a9e0,r15=0xffffffea
=> 0xffffffff8103f5d4 <desc_read+162>:	mov    %edi,%eax
Regs: rax=0x3,rbx=0xffffffff8183a980,rcx=0xc0000000ffffefff,rdx=0xffffc9000000bb78,rsi=0xffffefff,rdi=0x3,rbp=0xffffc9000000bbe0,rsp=0xffffc9000000bb38,r8=0x3,r9=0x1000,r10=0xffffc9000000bb70,r11=0x3,r12=0xffffc9000000bbc8,r13=0x0,r14=0xffffffff8183a9e0,r15=0xffffffea
=> 0xffffffff8103f5d6 <desc_read+164>:	ret    
Regs: rax=0x3,rbx=0xffffffff8183a980,rcx=0xc0000000ffffefff,rdx=0xffffc9000000bb78,rsi=0xffffefff,rdi=0x3,rbp=0xffffc9000000bbe0,rsp=0xffffc9000000bb40,r8=0x3,r9=0x1000,r10=0xffffc9000000bb70,r11=0x3,r12=0xffffc9000000bbc8,r13=0x0,r14=0xffffffff8183a9e0,r15=0xffffffea
=> 0xffffffff8103f9b4 <_prb_read_valid+167>:	sub    $0x2,%eax
Regs: rax=0x1,rbx=0xffffffff8183a980,rcx=0xc0000000ffffefff,rdx=0xffffc9000000bb78,rsi=0xffffefff,rdi=0x3,rbp=0xffffc9000000bbe0,rsp=0xffffc9000000bb40,r8=0x3,r9=0x1000,r10=0xffffc9000000bb70,r11=0x3,r12=0xffffc9000000bbc8,r13=0x0,r14=0xffffffff8183a9e0,r15=0xffffffea
=> 0xffffffff8103f9b7 <_prb_read_valid+170>:	cmp    $0x1,%eax
Regs: rax=0x1,rbx=0xffffffff8183a980,rcx=0xc0000000ffffefff,rdx=0xffffc9000000bb78,rsi=0xffffefff,rdi=0x3,rbp=0xffffc9000000bbe0,rsp=0xffffc9000000bb40,r8=0x3,r9=0x1000,r10=0xffffc9000000bb70,r11=0x3,r12=0xffffc9000000bbc8,r13=0x0,r14=0xffffffff8183a9e0,r15=0xffffffea
=> 0xffffffff8103f9ba <_prb_read_valid+173>:	jbe    0xffffffff8103f9be <_prb_read_valid+177>
Regs: rax=0x1,rbx=0xffffffff8183a980,rcx=0xc0000000ffffefff,rdx=0xffffc9000000bb78,rsi=0xffffefff,rdi=0x3,rbp=0xffffc9000000bbe0,rsp=0xffffc9000000bb40,r8=0x3,r9=0x1000,r10=0xffffc9000000bb70,r11=0x3,r12=0xffffc9000000bbc8,r13=0x0,r14=0xffffffff8183a9e0,r15=0xffffffea
=> 0xffffffff8103f9be <_prb_read_valid+177>:	mov    0x30(%rsp),%rax
Regs: rax=0x0,rbx=0xffffffff8183a980,rcx=0xc0000000ffffefff,rdx=0xffffc9000000bb78,rsi=0xffffefff,rdi=0x3,rbp=0xffffc9000000bbe0,rsp=0xffffc9000000bb40,r8=0x3,r9=0x1000,r10=0xffffc9000000bb70,r11=0x3,r12=0xffffc9000000bbc8,r13=0x0,r14=0xffffffff8183a9e0,r15=0xffffffea
=> 0xffffffff8103f9c3 <_prb_read_valid+182>:	mov    (%r12),%rdx
Regs: rax=0x0,rbx=0xffffffff8183a980,rcx=0xc0000000ffffefff,rdx=0x77,rsi=0xffffefff,rdi=0x3,rbp=0xffffc9000000bbe0,rsp=0xffffc9000000bb40,r8=0x3,r9=0x1000,r10=0xffffc9000000bb70,r11=0x3,r12=0xffffc9000000bbc8,r13=0x0,r14=0xffffffff8183a9e0,r15=0xffffffea
=> 0xffffffff8103f9c7 <_prb_read_valid+186>:	cmp    %rax,%rdx
Regs: rax=0x0,rbx=0xffffffff8183a980,rcx=0xc0000000ffffefff,rdx=0x77,rsi=0xffffefff,rdi=0x3,rbp=0xffffc9000000bbe0,rsp=0xffffc9000000bb40,r8=0x3,r9=0x1000,r10=0xffffc9000000bb70,r11=0x3,r12=0xffffc9000000bbc8,r13=0x0,r14=0xffffffff8183a9e0,r15=0xffffffea
=> 0xffffffff8103f9ca <_prb_read_valid+189>:	jb     0xffffffff8103f9da <_prb_read_valid+205>
Regs: rax=0x0,rbx=0xffffffff8183a980,rcx=0xc0000000ffffefff,rdx=0x77,rsi=0xffffefff,rdi=0x3,rbp=0xffffc9000000bbe0,rsp=0xffffc9000000bb40,r8=0x3,r9=0x1000,r10=0xffffc9000000bb70,r11=0x3,r12=0xffffc9000000bbc8,r13=0x0,r14=0xffffffff8183a9e0,r15=0xffffffea
=> 0xffffffff8103f9cc <_prb_read_valid+191>:	cmp    $0xfffffffe,%r15d
Regs: rax=0x0,rbx=0xffffffff8183a980,rcx=0xc0000000ffffefff,rdx=0x77,rsi=0xffffefff,rdi=0x3,rbp=0xffffc9000000bbe0,rsp=0xffffc9000000bb40,r8=0x3,r9=0x1000,r10=0xffffc9000000bb70,r11=0x3,r12=0xffffc9000000bbc8,r13=0x0,r14=0xffffffff8183a9e0,r15=0xffffffea
=> 0xffffffff8103f9d0 <_prb_read_valid+195>:	jne    0xffffffff8103fb1a <_prb_read_valid+525>
Regs: rax=0x0,rbx=0xffffffff8183a980,rcx=0xc0000000ffffefff,rdx=0x77,rsi=0xffffefff,rdi=0x3,rbp=0xffffc9000000bbe0,rsp=0xffffc9000000bb40,r8=0x3,r9=0x1000,r10=0xffffc9000000bb70,r11=0x3,r12=0xffffc9000000bbc8,r13=0x0,r14=0xffffffff8183a9e0,r15=0xffffffea
=> 0xffffffff8103fb1a <_prb_read_valid+525>:	xor    %eax,%eax
Regs: rax=0x0,rbx=0xffffffff8183a980,rcx=0xc0000000ffffefff,rdx=0x77,rsi=0xffffefff,rdi=0x3,rbp=0xffffc9000000bbe0,rsp=0xffffc9000000bb40,r8=0x3,r9=0x1000,r10=0xffffc9000000bb70,r11=0x3,r12=0xffffc9000000bbc8,r13=0x0,r14=0xffffffff8183a9e0,r15=0xffffffea
=> 0xffffffff8103fb1c <_prb_read_valid+527>:	add    $0x50,%rsp
Regs: rax=0x0,rbx=0xffffffff8183a980,rcx=0xc0000000ffffefff,rdx=0x77,rsi=0xffffefff,rdi=0x3,rbp=0xffffc9000000bbe0,rsp=0xffffc9000000bb90,r8=0x3,r9=0x1000,r10=0xffffc9000000bb70,r11=0x3,r12=0xffffc9000000bbc8,r13=0x0,r14=0xffffffff8183a9e0,r15=0xffffffea
=> 0xffffffff8103fb20 <_prb_read_valid+531>:	pop    %rbx
Regs: rax=0x0,rbx=0xffffffff818afda0,rcx=0xc0000000ffffefff,rdx=0x77,rsi=0xffffefff,rdi=0x3,rbp=0xffffc9000000bbe0,rsp=0xffffc9000000bb98,r8=0x3,r9=0x1000,r10=0xffffc9000000bb70,r11=0x3,r12=0xffffc9000000bbc8,r13=0x0,r14=0xffffffff8183a9e0,r15=0xffffffea
=> 0xffffffff8103fb21 <_prb_read_valid+532>:	pop    %rbp
Regs: rax=0x0,rbx=0xffffffff818afda0,rcx=0xc0000000ffffefff,rdx=0x77,rsi=0xffffefff,rdi=0x3,rbp=0xffffc9000000bbe0,rsp=0xffffc9000000bba0,r8=0x3,r9=0x1000,r10=0xffffc9000000bb70,r11=0x3,r12=0xffffc9000000bbc8,r13=0x0,r14=0xffffffff8183a9e0,r15=0xffffffea
=> 0xffffffff8103fb22 <_prb_read_valid+533>:	pop    %r12
Regs: rax=0x0,rbx=0xffffffff818afda0,rcx=0xc0000000ffffefff,rdx=0x77,rsi=0xffffefff,rdi=0x3,rbp=0xffffc9000000bbe0,rsp=0xffffc9000000bba8,r8=0x3,r9=0x1000,r10=0xffffc9000000bb70,r11=0x3,r12=0x0,r13=0x0,r14=0xffffffff8183a9e0,r15=0xffffffea
=> 0xffffffff8103fb24 <_prb_read_valid+535>:	pop    %r13
Regs: rax=0x0,rbx=0xffffffff818afda0,rcx=0xc0000000ffffefff,rdx=0x77,rsi=0xffffefff,rdi=0x3,rbp=0xffffc9000000bbe0,rsp=0xffffc9000000bbb0,r8=0x3,r9=0x1000,r10=0xffffc9000000bb70,r11=0x3,r12=0x0,r13=0xffffc9000000bc97,r14=0xffffffff8183a9e0,r15=0xffffffea
=> 0xffffffff8103fb26 <_prb_read_valid+537>:	pop    %r14
Regs: rax=0x0,rbx=0xffffffff818afda0,rcx=0xc0000000ffffefff,rdx=0x77,rsi=0xffffefff,rdi=0x3,rbp=0xffffc9000000bbe0,rsp=0xffffc9000000bbb8,r8=0x3,r9=0x1000,r10=0xffffc9000000bb70,r11=0x3,r12=0x0,r13=0xffffc9000000bc97,r14=0xffffffff819423e0,r15=0xffffffea
=> 0xffffffff8103fb28 <_prb_read_valid+539>:	pop    %r15
Regs: rax=0x0,rbx=0xffffffff818afda0,rcx=0xc0000000ffffefff,rdx=0x77,rsi=0xffffefff,rdi=0x3,rbp=0xffffc9000000bbe0,rsp=0xffffc9000000bbc0,r8=0x3,r9=0x1000,r10=0xffffc9000000bb70,r11=0x3,r12=0x0,r13=0xffffc9000000bc97,r14=0xffffffff819423e0,r15=0x0
=> 0xffffffff8103fb2a <_prb_read_valid+541>:	ret    
Regs: rax=0x0,rbx=0xffffffff818afda0,rcx=0xc0000000ffffefff,rdx=0x77,rsi=0xffffefff,rdi=0x3,rbp=0xffffc9000000bbe0,rsp=0xffffc9000000bbc8,r8=0x3,r9=0x1000,r10=0xffffc9000000bb70,r11=0x3,r12=0x0,r13=0xffffc9000000bc97,r14=0xffffffff819423e0,r15=0x0
=> 0xffffffff8104017f <prb_read_valid+15>:	pop    %rdx
Regs: rax=0x0,rbx=0xffffffff818afda0,rcx=0xc0000000ffffefff,rdx=0x77,rsi=0xffffefff,rdi=0x3,rbp=0xffffc9000000bbe0,rsp=0xffffc9000000bbd0,r8=0x3,r9=0x1000,r10=0xffffc9000000bb70,r11=0x3,r12=0x0,r13=0xffffc9000000bc97,r14=0xffffffff819423e0,r15=0x0
=> 0xffffffff81040180 <prb_read_valid+16>:	ret    
Regs: rax=0x0,rbx=0xffffffff818afda0,rcx=0xc0000000ffffefff,rdx=0x77,rsi=0xffffefff,rdi=0x3,rbp=0xffffc9000000bbe0,rsp=0xffffc9000000bbd8,r8=0x3,r9=0x1000,r10=0xffffc9000000bb70,r11=0x3,r12=0x0,r13=0xffffc9000000bc97,r14=0xffffffff819423e0,r15=0x0
=> 0xffffffff8103e5d2 <console_emit_next_record+104>:	mov    %eax,%r15d
Regs: rax=0x0,rbx=0xffffffff818afda0,rcx=0xc0000000ffffefff,rdx=0x77,rsi=0xffffefff,rdi=0x3,rbp=0xffffc9000000bbe0,rsp=0xffffc9000000bbd8,r8=0x3,r9=0x1000,r10=0xffffc9000000bb70,r11=0x3,r12=0x0,r13=0xffffc9000000bc97,r14=0xffffffff819423e0,r15=0x0
=> 0xffffffff8103e5d5 <console_emit_next_record+107>:	test   %al,%al
Regs: rax=0x0,rbx=0xffffffff818afda0,rcx=0xc0000000ffffefff,rdx=0x77,rsi=0xffffefff,rdi=0x3,rbp=0xffffc9000000bbe0,rsp=0xffffc9000000bbd8,r8=0x3,r9=0x1000,r10=0xffffc9000000bb70,r11=0x3,r12=0x0,r13=0xffffc9000000bc97,r14=0xffffffff819423e0,r15=0x0
=> 0xffffffff8103e5d7 <console_emit_next_record+109>:	je     0xffffffff8103e754 <console_emit_next_record+490>
Regs: rax=0x0,rbx=0xffffffff818afda0,rcx=0xc0000000ffffefff,rdx=0x77,rsi=0xffffefff,rdi=0x3,rbp=0xffffc9000000bbe0,rsp=0xffffc9000000bbd8,r8=0x3,r9=0x1000,r10=0xffffc9000000bb70,r11=0x3,r12=0x0,r13=0xffffc9000000bc97,r14=0xffffffff819423e0,r15=0x0
=> 0xffffffff8103e754 <console_emit_next_record+490>:	add    $0x78,%rsp
Regs: rax=0x0,rbx=0xffffffff818afda0,rcx=0xc0000000ffffefff,rdx=0x77,rsi=0xffffefff,rdi=0x3,rbp=0xffffc9000000bbe0,rsp=0xffffc9000000bc50,r8=0x3,r9=0x1000,r10=0xffffc9000000bb70,r11=0x3,r12=0x0,r13=0xffffc9000000bc97,r14=0xffffffff819423e0,r15=0x0
=> 0xffffffff8103e758 <console_emit_next_record+494>:	mov    %r15d,%eax
Regs: rax=0x0,rbx=0xffffffff818afda0,rcx=0xc0000000ffffefff,rdx=0x77,rsi=0xffffefff,rdi=0x3,rbp=0xffffc9000000bbe0,rsp=0xffffc9000000bc50,r8=0x3,r9=0x1000,r10=0xffffc9000000bb70,r11=0x3,r12=0x0,r13=0xffffc9000000bc97,r14=0xffffffff819423e0,r15=0x0
=> 0xffffffff8103e75b <console_emit_next_record+497>:	pop    %rbx
Regs: rax=0x0,rbx=0xffffffff818afda0,rcx=0xc0000000ffffefff,rdx=0x77,rsi=0xffffefff,rdi=0x3,rbp=0xffffc9000000bbe0,rsp=0xffffc9000000bc58,r8=0x3,r9=0x1000,r10=0xffffc9000000bb70,r11=0x3,r12=0x0,r13=0xffffc9000000bc97,r14=0xffffffff819423e0,r15=0x0
=> 0xffffffff8103e75c <console_emit_next_record+498>:	pop    %rbp
Regs: rax=0x0,rbx=0xffffffff818afda0,rcx=0xc0000000ffffefff,rdx=0x77,rsi=0xffffefff,rdi=0x3,rbp=0x6c,rsp=0xffffc9000000bc60,r8=0x3,r9=0x1000,r10=0xffffc9000000bb70,r11=0x3,r12=0x0,r13=0xffffc9000000bc97,r14=0xffffffff819423e0,r15=0x0
=> 0xffffffff8103e75d <console_emit_next_record+499>:	pop    %r12
Regs: rax=0x0,rbx=0xffffffff818afda0,rcx=0xc0000000ffffefff,rdx=0x77,rsi=0xffffefff,rdi=0x3,rbp=0x6c,rsp=0xffffc9000000bc68,r8=0x3,r9=0x1000,r10=0xffffc9000000bb70,r11=0x3,r12=0x0,r13=0xffffc9000000bc97,r14=0xffffffff819423e0,r15=0x0
=> 0xffffffff8103e75f <console_emit_next_record+501>:	pop    %r13
Regs: rax=0x0,rbx=0xffffffff818afda0,rcx=0xc0000000ffffefff,rdx=0x77,rsi=0xffffefff,rdi=0x3,rbp=0x6c,rsp=0xffffc9000000bc70,r8=0x3,r9=0x1000,r10=0xffffc9000000bb70,r11=0x3,r12=0x0,r13=0x0,r14=0xffffffff819423e0,r15=0x0
=> 0xffffffff8103e761 <console_emit_next_record+503>:	pop    %r14
Regs: rax=0x0,rbx=0xffffffff818afda0,rcx=0xc0000000ffffefff,rdx=0x77,rsi=0xffffefff,rdi=0x3,rbp=0x6c,rsp=0xffffc9000000bc78,r8=0x3,r9=0x1000,r10=0xffffc9000000bb70,r11=0x3,r12=0x0,r13=0x0,r14=0x0,r15=0x0
=> 0xffffffff8103e763 <console_emit_next_record+505>:	pop    %r15
Regs: rax=0x0,rbx=0xffffffff818afda0,rcx=0xc0000000ffffefff,rdx=0x77,rsi=0xffffefff,rdi=0x3,rbp=0x6c,rsp=0xffffc9000000bc80,r8=0x3,r9=0x1000,r10=0xffffc9000000bb70,r11=0x3,r12=0x0,r13=0x0,r14=0x0,r15=0x0
=> 0xffffffff8103e765 <console_emit_next_record+507>:	ret    
Regs: rax=0x0,rbx=0xffffffff818afda0,rcx=0xc0000000ffffefff,rdx=0x77,rsi=0xffffefff,rdi=0x3,rbp=0x6c,rsp=0xffffc9000000bc88,r8=0x3,r9=0x1000,r10=0xffffc9000000bb70,r11=0x3,r12=0x0,r13=0x0,r14=0x0,r15=0x0
=> 0xffffffff8103e875 <console_unlock+136>:	mov    0xf(%rsp),%r15b
Regs: rax=0x0,rbx=0xffffffff818afda0,rcx=0xc0000000ffffefff,rdx=0x77,rsi=0xffffefff,rdi=0x3,rbp=0x6c,rsp=0xffffc9000000bc88,r8=0x3,r9=0x1000,r10=0xffffc9000000bb70,r11=0x3,r12=0x0,r13=0x0,r14=0x0,r15=0x0
=> 0xffffffff8103e87a <console_unlock+141>:	mov    %eax,%ebp
Regs: rax=0x0,rbx=0xffffffff818afda0,rcx=0xc0000000ffffefff,rdx=0x77,rsi=0xffffefff,rdi=0x3,rbp=0x0,rsp=0xffffc9000000bc88,r8=0x3,r9=0x1000,r10=0xffffc9000000bb70,r11=0x3,r12=0x0,r13=0x0,r14=0x0,r15=0x0
=> 0xffffffff8103e87c <console_unlock+143>:	test   %r15b,%r15b
Regs: rax=0x0,rbx=0xffffffff818afda0,rcx=0xc0000000ffffefff,rdx=0x77,rsi=0xffffefff,rdi=0x3,rbp=0x0,rsp=0xffffc9000000bc88,r8=0x3,r9=0x1000,r10=0xffffc9000000bb70,r11=0x3,r12=0x0,r13=0x0,r14=0x0,r15=0x0
=> 0xffffffff8103e87f <console_unlock+146>:	jne    0xffffffff8103e92a <console_unlock+317>
Regs: rax=0x0,rbx=0xffffffff818afda0,rcx=0xc0000000ffffefff,rdx=0x77,rsi=0xffffefff,rdi=0x3,rbp=0x0,rsp=0xffffc9000000bc88,r8=0x3,r9=0x1000,r10=0xffffc9000000bb70,r11=0x3,r12=0x0,r13=0x0,r14=0x0,r15=0x0
=> 0xffffffff8103e885 <console_unlock+152>:	mov    0x58(%rbx),%rax
Regs: rax=0x77,rbx=0xffffffff818afda0,rcx=0xc0000000ffffefff,rdx=0x77,rsi=0xffffefff,rdi=0x3,rbp=0x0,rsp=0xffffc9000000bc88,r8=0x3,r9=0x1000,r10=0xffffc9000000bb70,r11=0x3,r12=0x0,r13=0x0,r14=0x0,r15=0x0
=> 0xffffffff8103e889 <console_unlock+156>:	cmp    %rax,%r12
Regs: rax=0x77,rbx=0xffffffff818afda0,rcx=0xc0000000ffffefff,rdx=0x77,rsi=0xffffefff,rdi=0x3,rbp=0x0,rsp=0xffffc9000000bc88,r8=0x3,r9=0x1000,r10=0xffffc9000000bb70,r11=0x3,r12=0x0,r13=0x0,r14=0x0,r15=0x0
=> 0xffffffff8103e88c <console_unlock+159>:	cmovb  %rax,%r12
Regs: rax=0x77,rbx=0xffffffff818afda0,rcx=0xc0000000ffffefff,rdx=0x77,rsi=0xffffefff,rdi=0x3,rbp=0x0,rsp=0xffffc9000000bc88,r8=0x3,r9=0x1000,r10=0xffffc9000000bb70,r11=0x3,r12=0x77,r13=0x0,r14=0x0,r15=0x0
=> 0xffffffff8103e890 <console_unlock+163>:	test   %bpl,%bpl
Regs: rax=0x77,rbx=0xffffffff818afda0,rcx=0xc0000000ffffefff,rdx=0x77,rsi=0xffffefff,rdi=0x3,rbp=0x0,rsp=0xffffc9000000bc88,r8=0x3,r9=0x1000,r10=0xffffc9000000bb70,r11=0x3,r12=0x77,r13=0x0,r14=0x0,r15=0x0
=> 0xffffffff8103e893 <console_unlock+166>:	je     0xffffffff8103e91e <console_unlock+305>
Regs: rax=0x77,rbx=0xffffffff818afda0,rcx=0xc0000000ffffefff,rdx=0x77,rsi=0xffffefff,rdi=0x3,rbp=0x0,rsp=0xffffc9000000bc88,r8=0x3,r9=0x1000,r10=0xffffc9000000bb70,r11=0x3,r12=0x77,r13=0x0,r14=0x0,r15=0x0
=> 0xffffffff8103e91e <console_unlock+305>:	mov    $0x1,%r15b
Regs: rax=0x77,rbx=0xffffffff818afda0,rcx=0xc0000000ffffefff,rdx=0x77,rsi=0xffffefff,rdi=0x3,rbp=0x0,rsp=0xffffc9000000bc88,r8=0x3,r9=0x1000,r10=0xffffc9000000bb70,r11=0x3,r12=0x77,r13=0x0,r14=0x0,r15=0x1
=> 0xffffffff8103e921 <console_unlock+308>:	mov    0x70(%rbx),%rbx
Regs: rax=0x77,rbx=0x0,rcx=0xc0000000ffffefff,rdx=0x77,rsi=0xffffefff,rdi=0x3,rbp=0x0,rsp=0xffffc9000000bc88,r8=0x3,r9=0x1000,r10=0xffffc9000000bb70,r11=0x3,r12=0x77,r13=0x0,r14=0x0,r15=0x1
=> 0xffffffff8103e925 <console_unlock+312>:	jmp    0xffffffff8103e83c <console_unlock+79>
Regs: rax=0x77,rbx=0x0,rcx=0xc0000000ffffefff,rdx=0x77,rsi=0xffffefff,rdi=0x3,rbp=0x0,rsp=0xffffc9000000bc88,r8=0x3,r9=0x1000,r10=0xffffc9000000bb70,r11=0x3,r12=0x77,r13=0x0,r14=0x0,r15=0x1
=> 0xffffffff8103e83c <console_unlock+79>:	test   %rbx,%rbx
Regs: rax=0x77,rbx=0x0,rcx=0xc0000000ffffefff,rdx=0x77,rsi=0xffffefff,rdi=0x3,rbp=0x0,rsp=0xffffc9000000bc88,r8=0x3,r9=0x1000,r10=0xffffc9000000bb70,r11=0x3,r12=0x77,r13=0x0,r14=0x0,r15=0x1
=> 0xffffffff8103e83f <console_unlock+82>:	je     0xffffffff8103e82d <console_unlock+64>
Regs: rax=0x77,rbx=0x0,rcx=0xc0000000ffffefff,rdx=0x77,rsi=0xffffefff,rdi=0x3,rbp=0x0,rsp=0xffffc9000000bc88,r8=0x3,r9=0x1000,r10=0xffffc9000000bb70,r11=0x3,r12=0x77,r13=0x0,r14=0x0,r15=0x1
=> 0xffffffff8103e82d <console_unlock+64>:	test   %r13b,%r13b
Regs: rax=0x77,rbx=0x0,rcx=0xc0000000ffffefff,rdx=0x77,rsi=0xffffefff,rdi=0x3,rbp=0x0,rsp=0xffffc9000000bc88,r8=0x3,r9=0x1000,r10=0xffffc9000000bb70,r11=0x3,r12=0x77,r13=0x0,r14=0x0,r15=0x1
=> 0xffffffff8103e830 <console_unlock+67>:	je     0xffffffff8103e8ad <console_unlock+192>
Regs: rax=0x77,rbx=0x0,rcx=0xc0000000ffffefff,rdx=0x77,rsi=0xffffefff,rdi=0x3,rbp=0x0,rsp=0xffffc9000000bc88,r8=0x3,r9=0x1000,r10=0xffffc9000000bb70,r11=0x3,r12=0x77,r13=0x0,r14=0x0,r15=0x1
=> 0xffffffff8103e8ad <console_unlock+192>:	cmpb   $0x0,0xf(%rsp)
Regs: rax=0x77,rbx=0x0,rcx=0xc0000000ffffefff,rdx=0x77,rsi=0xffffefff,rdi=0x3,rbp=0x0,rsp=0xffffc9000000bc88,r8=0x3,r9=0x1000,r10=0xffffc9000000bb70,r11=0x3,r12=0x77,r13=0x0,r14=0x0,r15=0x1
=> 0xffffffff8103e8b2 <console_unlock+197>:	jne    0xffffffff8103e8c1 <console_unlock+212>
Regs: rax=0x77,rbx=0x0,rcx=0xc0000000ffffefff,rdx=0x77,rsi=0xffffefff,rdi=0x3,rbp=0x0,rsp=0xffffc9000000bc88,r8=0x3,r9=0x1000,r10=0xffffc9000000bb70,r11=0x3,r12=0x77,r13=0x0,r14=0x0,r15=0x1
=> 0xffffffff8103e8b4 <console_unlock+199>:	xor    %ecx,%ecx
Regs: rax=0x77,rbx=0x0,rcx=0x0,rdx=0x77,rsi=0xffffefff,rdi=0x3,rbp=0x0,rsp=0xffffc9000000bc88,r8=0x3,r9=0x1000,r10=0xffffc9000000bb70,r11=0x3,r12=0x77,r13=0x0,r14=0x0,r15=0x1
=> 0xffffffff8103e8b6 <console_unlock+201>:	mov    %ecx,0x926128(%rip)        # 0xffffffff819649e4 <console_locked>
Regs: rax=0x77,rbx=0x0,rcx=0x0,rdx=0x77,rsi=0xffffefff,rdi=0x3,rbp=0x0,rsp=0xffffc9000000bc88,r8=0x3,r9=0x1000,r10=0xffffc9000000bb70,r11=0x3,r12=0x77,r13=0x0,r14=0x0,r15=0x1
=> 0xffffffff8103e8bc <console_unlock+207>:	call   0xffffffff8103d7bc <__up_console_sem>
Regs: rax=0x77,rbx=0x0,rcx=0x0,rdx=0x77,rsi=0xffffefff,rdi=0x3,rbp=0x0,rsp=0xffffc9000000bc80,r8=0x3,r9=0x1000,r10=0xffffc9000000bb70,r11=0x3,r12=0x77,r13=0x0,r14=0x0,r15=0x1
=> 0xffffffff8103d7bc <__up_console_sem>:	push   %rbx
Regs: rax=0x77,rbx=0x0,rcx=0x0,rdx=0x77,rsi=0xffffefff,rdi=0x3,rbp=0x0,rsp=0xffffc9000000bc78,r8=0x3,r9=0x1000,r10=0xffffc9000000bb70,r11=0x3,r12=0x77,r13=0x0,r14=0x0,r15=0x1
=> 0xffffffff8103d7bd <__up_console_sem+1>:	pushf  
Regs: rax=0x77,rbx=0x0,rcx=0x0,rdx=0x77,rsi=0xffffefff,rdi=0x3,rbp=0x0,rsp=0xffffc9000000bc70,r8=0x3,r9=0x1000,r10=0xffffc9000000bb70,r11=0x3,r12=0x77,r13=0x0,r14=0x0,r15=0x1
=> 0xffffffff8103d7be <__up_console_sem+2>:	pop    %rbx
Regs: rax=0x77,rbx=0x346,rcx=0x0,rdx=0x77,rsi=0xffffefff,rdi=0x3,rbp=0x0,rsp=0xffffc9000000bc78,r8=0x3,r9=0x1000,r10=0xffffc9000000bb70,r11=0x3,r12=0x77,r13=0x0,r14=0x0,r15=0x1
=> 0xffffffff8103d7bf <__up_console_sem+3>:	cli    
Regs: rax=0x77,rbx=0x346,rcx=0x0,rdx=0x77,rsi=0xffffefff,rdi=0x3,rbp=0x0,rsp=0xffffc9000000bc78,r8=0x3,r9=0x1000,r10=0xffffc9000000bb70,r11=0x3,r12=0x77,r13=0x0,r14=0x0,r15=0x1
=> 0xffffffff8103d7c0 <__up_console_sem+4>:	call   0xffffffff8103f45e <__printk_safe_enter>
Regs: rax=0x77,rbx=0x346,rcx=0x0,rdx=0x77,rsi=0xffffefff,rdi=0x3,rbp=0x0,rsp=0xffffc9000000bc70,r8=0x3,r9=0x1000,r10=0xffffc9000000bb70,r11=0x3,r12=0x77,r13=0x0,r14=0x0,r15=0x1
=> 0xffffffff8103f45e <__printk_safe_enter>:	incl   0x86b5fc(%rip)        # 0xffffffff818aaa60 <printk_context>
Regs: rax=0x77,rbx=0x346,rcx=0x0,rdx=0x77,rsi=0xffffefff,rdi=0x3,rbp=0x0,rsp=0xffffc9000000bc70,r8=0x3,r9=0x1000,r10=0xffffc9000000bb70,r11=0x3,r12=0x77,r13=0x0,r14=0x0,r15=0x1
=> 0xffffffff8103f464 <__printk_safe_enter+6>:	ret    
Regs: rax=0x77,rbx=0x346,rcx=0x0,rdx=0x77,rsi=0xffffefff,rdi=0x3,rbp=0x0,rsp=0xffffc9000000bc78,r8=0x3,r9=0x1000,r10=0xffffc9000000bb70,r11=0x3,r12=0x77,r13=0x0,r14=0x0,r15=0x1
=> 0xffffffff8103d7c5 <__up_console_sem+9>:	mov    $0xffffffff818aaa30,%rdi
Regs: rax=0x77,rbx=0x346,rcx=0x0,rdx=0x77,rsi=0xffffefff,rdi=0xffffffff818aaa30,rbp=0x0,rsp=0xffffc9000000bc78,r8=0x3,r9=0x1000,r10=0xffffc9000000bb70,r11=0x3,r12=0x77,r13=0x0,r14=0x0,r15=0x1
=> 0xffffffff8103d7cc <__up_console_sem+16>:	call   0xffffffff811205ba <up>
Regs: rax=0x77,rbx=0x346,rcx=0x0,rdx=0x77,rsi=0xffffefff,rdi=0xffffffff818aaa30,rbp=0x0,rsp=0xffffc9000000bc70,r8=0x3,r9=0x1000,r10=0xffffc9000000bb70,r11=0x3,r12=0x77,r13=0x0,r14=0x0,r15=0x1
=> 0xffffffff811205ba <up>:	push   %rbx
Regs: rax=0x77,rbx=0x346,rcx=0x0,rdx=0x77,rsi=0xffffefff,rdi=0xffffffff818aaa30,rbp=0x0,rsp=0xffffc9000000bc68,r8=0x3,r9=0x1000,r10=0xffffc9000000bb70,r11=0x3,r12=0x77,r13=0x0,r14=0x0,r15=0x1
=> 0xffffffff811205bb <up+1>:	pushf  
Regs: rax=0x77,rbx=0x346,rcx=0x0,rdx=0x77,rsi=0xffffefff,rdi=0xffffffff818aaa30,rbp=0x0,rsp=0xffffc9000000bc60,r8=0x3,r9=0x1000,r10=0xffffc9000000bb70,r11=0x3,r12=0x77,r13=0x0,r14=0x0,r15=0x1
=> 0xffffffff811205bc <up+2>:	pop    %rbx
Regs: rax=0x77,rbx=0x102,rcx=0x0,rdx=0x77,rsi=0xffffefff,rdi=0xffffffff818aaa30,rbp=0x0,rsp=0xffffc9000000bc68,r8=0x3,r9=0x1000,r10=0xffffc9000000bb70,r11=0x3,r12=0x77,r13=0x0,r14=0x0,r15=0x1
=> 0xffffffff811205bd <up+3>:	cli    
Regs: rax=0x77,rbx=0x102,rcx=0x0,rdx=0x77,rsi=0xffffefff,rdi=0xffffffff818aaa30,rbp=0x0,rsp=0xffffc9000000bc68,r8=0x3,r9=0x1000,r10=0xffffc9000000bb70,r11=0x3,r12=0x77,r13=0x0,r14=0x0,r15=0x1
=> 0xffffffff811205be <up+4>:	mov    0x8(%rdi),%rdx
Regs: rax=0x77,rbx=0x102,rcx=0x0,rdx=0xffffffff818aaa38,rsi=0xffffefff,rdi=0xffffffff818aaa30,rbp=0x0,rsp=0xffffc9000000bc68,r8=0x3,r9=0x1000,r10=0xffffc9000000bb70,r11=0x3,r12=0x77,r13=0x0,r14=0x0,r15=0x1
=> 0xffffffff811205c2 <up+8>:	lea    0x8(%rdi),%rax
Regs: rax=0xffffffff818aaa38,rbx=0x102,rcx=0x0,rdx=0xffffffff818aaa38,rsi=0xffffefff,rdi=0xffffffff818aaa30,rbp=0x0,rsp=0xffffc9000000bc68,r8=0x3,r9=0x1000,r10=0xffffc9000000bb70,r11=0x3,r12=0x77,r13=0x0,r14=0x0,r15=0x1
=> 0xffffffff811205c6 <up+12>:	cmp    %rax,%rdx
Regs: rax=0xffffffff818aaa38,rbx=0x102,rcx=0x0,rdx=0xffffffff818aaa38,rsi=0xffffefff,rdi=0xffffffff818aaa30,rbp=0x0,rsp=0xffffc9000000bc68,r8=0x3,r9=0x1000,r10=0xffffc9000000bb70,r11=0x3,r12=0x77,r13=0x0,r14=0x0,r15=0x1
=> 0xffffffff811205c9 <up+15>:	jne    0xffffffff811205cf <up+21>
Regs: rax=0xffffffff818aaa38,rbx=0x102,rcx=0x0,rdx=0xffffffff818aaa38,rsi=0xffffefff,rdi=0xffffffff818aaa30,rbp=0x0,rsp=0xffffc9000000bc68,r8=0x3,r9=0x1000,r10=0xffffc9000000bb70,r11=0x3,r12=0x77,r13=0x0,r14=0x0,r15=0x1
=> 0xffffffff811205cb <up+17>:	incl   (%rdi)
Regs: rax=0xffffffff818aaa38,rbx=0x102,rcx=0x0,rdx=0xffffffff818aaa38,rsi=0xffffefff,rdi=0xffffffff818aaa30,rbp=0x0,rsp=0xffffc9000000bc68,r8=0x3,r9=0x1000,r10=0xffffc9000000bb70,r11=0x3,r12=0x77,r13=0x0,r14=0x0,r15=0x1
=> 0xffffffff811205cd <up+19>:	jmp    0xffffffff811205d8 <up+30>
Regs: rax=0xffffffff818aaa38,rbx=0x102,rcx=0x0,rdx=0xffffffff818aaa38,rsi=0xffffefff,rdi=0xffffffff818aaa30,rbp=0x0,rsp=0xffffc9000000bc68,r8=0x3,r9=0x1000,r10=0xffffc9000000bb70,r11=0x3,r12=0x77,r13=0x0,r14=0x0,r15=0x1
=> 0xffffffff811205d8 <up+30>:	bt     $0x9,%ebx
Regs: rax=0xffffffff818aaa38,rbx=0x102,rcx=0x0,rdx=0xffffffff818aaa38,rsi=0xffffefff,rdi=0xffffffff818aaa30,rbp=0x0,rsp=0xffffc9000000bc68,r8=0x3,r9=0x1000,r10=0xffffc9000000bb70,r11=0x3,r12=0x77,r13=0x0,r14=0x0,r15=0x1
=> 0xffffffff811205dc <up+34>:	jae    0xffffffff811205df <up+37>
Regs: rax=0xffffffff818aaa38,rbx=0x102,rcx=0x0,rdx=0xffffffff818aaa38,rsi=0xffffefff,rdi=0xffffffff818aaa30,rbp=0x0,rsp=0xffffc9000000bc68,r8=0x3,r9=0x1000,r10=0xffffc9000000bb70,r11=0x3,r12=0x77,r13=0x0,r14=0x0,r15=0x1
=> 0xffffffff811205df <up+37>:	pop    %rbx
Regs: rax=0xffffffff818aaa38,rbx=0x346,rcx=0x0,rdx=0xffffffff818aaa38,rsi=0xffffefff,rdi=0xffffffff818aaa30,rbp=0x0,rsp=0xffffc9000000bc70,r8=0x3,r9=0x1000,r10=0xffffc9000000bb70,r11=0x3,r12=0x77,r13=0x0,r14=0x0,r15=0x1
=> 0xffffffff811205e0 <up+38>:	ret    
Regs: rax=0xffffffff818aaa38,rbx=0x346,rcx=0x0,rdx=0xffffffff818aaa38,rsi=0xffffefff,rdi=0xffffffff818aaa30,rbp=0x0,rsp=0xffffc9000000bc78,r8=0x3,r9=0x1000,r10=0xffffc9000000bb70,r11=0x3,r12=0x77,r13=0x0,r14=0x0,r15=0x1
=> 0xffffffff8103d7d1 <__up_console_sem+21>:	call   0xffffffff8103f465 <__printk_safe_exit>
Regs: rax=0xffffffff818aaa38,rbx=0x346,rcx=0x0,rdx=0xffffffff818aaa38,rsi=0xffffefff,rdi=0xffffffff818aaa30,rbp=0x0,rsp=0xffffc9000000bc70,r8=0x3,r9=0x1000,r10=0xffffc9000000bb70,r11=0x3,r12=0x77,r13=0x0,r14=0x0,r15=0x1
=> 0xffffffff8103f465 <__printk_safe_exit>:	decl   0x86b5f5(%rip)        # 0xffffffff818aaa60 <printk_context>
Regs: rax=0xffffffff818aaa38,rbx=0x346,rcx=0x0,rdx=0xffffffff818aaa38,rsi=0xffffefff,rdi=0xffffffff818aaa30,rbp=0x0,rsp=0xffffc9000000bc70,r8=0x3,r9=0x1000,r10=0xffffc9000000bb70,r11=0x3,r12=0x77,r13=0x0,r14=0x0,r15=0x1
=> 0xffffffff8103f46b <__printk_safe_exit+6>:	ret    
Regs: rax=0xffffffff818aaa38,rbx=0x346,rcx=0x0,rdx=0xffffffff818aaa38,rsi=0xffffefff,rdi=0xffffffff818aaa30,rbp=0x0,rsp=0xffffc9000000bc78,r8=0x3,r9=0x1000,r10=0xffffc9000000bb70,r11=0x3,r12=0x77,r13=0x0,r14=0x0,r15=0x1
=> 0xffffffff8103d7d6 <__up_console_sem+26>:	bt     $0x9,%ebx
Regs: rax=0xffffffff818aaa38,rbx=0x346,rcx=0x0,rdx=0xffffffff818aaa38,rsi=0xffffefff,rdi=0xffffffff818aaa30,rbp=0x0,rsp=0xffffc9000000bc78,r8=0x3,r9=0x1000,r10=0xffffc9000000bb70,r11=0x3,r12=0x77,r13=0x0,r14=0x0,r15=0x1
=> 0xffffffff8103d7da <__up_console_sem+30>:	jae    0xffffffff8103d7dd <__up_console_sem+33>
Regs: rax=0xffffffff818aaa38,rbx=0x346,rcx=0x0,rdx=0xffffffff818aaa38,rsi=0xffffefff,rdi=0xffffffff818aaa30,rbp=0x0,rsp=0xffffc9000000bc78,r8=0x3,r9=0x1000,r10=0xffffc9000000bb70,r11=0x3,r12=0x77,r13=0x0,r14=0x0,r15=0x1
=> 0xffffffff8103d7dc <__up_console_sem+32>:	sti    
Regs: rax=0xffffffff818aaa38,rbx=0x346,rcx=0x0,rdx=0xffffffff818aaa38,rsi=0xffffefff,rdi=0xffffffff818aaa30,rbp=0x0,rsp=0xffffc9000000bc78,r8=0x3,r9=0x1000,r10=0xffffc9000000bb70,r11=0x3,r12=0x77,r13=0x0,r14=0x0,r15=0x1
=> 0xffffffff8103d7dd <__up_console_sem+33>:	pop    %rbx
Regs: rax=0xffffffff818aaa38,rbx=0x0,rcx=0x0,rdx=0xffffffff818aaa38,rsi=0xffffefff,rdi=0xffffffff818aaa30,rbp=0x0,rsp=0xffffc9000000bc80,r8=0x3,r9=0x1000,r10=0xffffc9000000bb70,r11=0x3,r12=0x77,r13=0x0,r14=0x0,r15=0x1
=> 0xffffffff8103d7de <__up_console_sem+34>:	ret    
Regs: rax=0xffffffff818aaa38,rbx=0x0,rcx=0x0,rdx=0xffffffff818aaa38,rsi=0xffffefff,rdi=0xffffffff818aaa30,rbp=0x0,rsp=0xffffc9000000bc88,r8=0x3,r9=0x1000,r10=0xffffc9000000bb70,r11=0x3,r12=0x77,r13=0x0,r14=0x0,r15=0x1
=> 0xffffffff8103e8c1 <console_unlock+212>:	test   %r15b,%r15b
Regs: rax=0xffffffff818aaa38,rbx=0x0,rcx=0x0,rdx=0xffffffff818aaa38,rsi=0xffffefff,rdi=0xffffffff818aaa30,rbp=0x0,rsp=0xffffc9000000bc88,r8=0x3,r9=0x1000,r10=0xffffc9000000bb70,r11=0x3,r12=0x77,r13=0x0,r14=0x0,r15=0x1
=> 0xffffffff8103e8c4 <console_unlock+215>:	je     0xffffffff8103e932 <console_unlock+325>
Regs: rax=0xffffffff818aaa38,rbx=0x0,rcx=0x0,rdx=0xffffffff818aaa38,rsi=0xffffefff,rdi=0xffffffff818aaa30,rbp=0x0,rsp=0xffffc9000000bc88,r8=0x3,r9=0x1000,r10=0xffffc9000000bb70,r11=0x3,r12=0x77,r13=0x0,r14=0x0,r15=0x1
=> 0xffffffff8103e8c6 <console_unlock+217>:	mov    0x7fc09b(%rip),%rdi        # 0xffffffff8183a968 <prb>
Regs: rax=0xffffffff818aaa38,rbx=0x0,rcx=0x0,rdx=0xffffffff818aaa38,rsi=0xffffefff,rdi=0xffffffff8183a980,rbp=0x0,rsp=0xffffc9000000bc88,r8=0x3,r9=0x1000,r10=0xffffc9000000bb70,r11=0x3,r12=0x77,r13=0x0,r14=0x0,r15=0x1
=> 0xffffffff8103e8cd <console_unlock+224>:	xor    %edx,%edx
Regs: rax=0xffffffff818aaa38,rbx=0x0,rcx=0x0,rdx=0x0,rsi=0xffffefff,rdi=0xffffffff8183a980,rbp=0x0,rsp=0xffffc9000000bc88,r8=0x3,r9=0x1000,r10=0xffffc9000000bb70,r11=0x3,r12=0x77,r13=0x0,r14=0x0,r15=0x1
=> 0xffffffff8103e8cf <console_unlock+226>:	mov    %r12,%rsi
Regs: rax=0xffffffff818aaa38,rbx=0x0,rcx=0x0,rdx=0x0,rsi=0x77,rdi=0xffffffff8183a980,rbp=0x0,rsp=0xffffc9000000bc88,r8=0x3,r9=0x1000,r10=0xffffc9000000bb70,r11=0x3,r12=0x77,r13=0x0,r14=0x0,r15=0x1
=> 0xffffffff8103e8d2 <console_unlock+229>:	call   0xffffffff81040170 <prb_read_valid>
Regs: rax=0xffffffff818aaa38,rbx=0x0,rcx=0x0,rdx=0x0,rsi=0x77,rdi=0xffffffff8183a980,rbp=0x0,rsp=0xffffc9000000bc80,r8=0x3,r9=0x1000,r10=0xffffc9000000bb70,r11=0x3,r12=0x77,r13=0x0,r14=0x0,r15=0x1
=> 0xffffffff81040170 <prb_read_valid>:	push   %rax
Regs: rax=0xffffffff818aaa38,rbx=0x0,rcx=0x0,rdx=0x0,rsi=0x77,rdi=0xffffffff8183a980,rbp=0x0,rsp=0xffffc9000000bc78,r8=0x3,r9=0x1000,r10=0xffffc9000000bb70,r11=0x3,r12=0x77,r13=0x0,r14=0x0,r15=0x1
=> 0xffffffff81040171 <prb_read_valid+1>:	xor    %ecx,%ecx
Regs: rax=0xffffffff818aaa38,rbx=0x0,rcx=0x0,rdx=0x0,rsi=0x77,rdi=0xffffffff8183a980,rbp=0x0,rsp=0xffffc9000000bc78,r8=0x3,r9=0x1000,r10=0xffffc9000000bb70,r11=0x3,r12=0x77,r13=0x0,r14=0x0,r15=0x1
=> 0xffffffff81040173 <prb_read_valid+3>:	mov    %rsi,(%rsp)
Regs: rax=0xffffffff818aaa38,rbx=0x0,rcx=0x0,rdx=0x0,rsi=0x77,rdi=0xffffffff8183a980,rbp=0x0,rsp=0xffffc9000000bc78,r8=0x3,r9=0x1000,r10=0xffffc9000000bb70,r11=0x3,r12=0x77,r13=0x0,r14=0x0,r15=0x1
=> 0xffffffff81040177 <prb_read_valid+7>:	mov    %rsp,%rsi
Regs: rax=0xffffffff818aaa38,rbx=0x0,rcx=0x0,rdx=0x0,rsi=0xffffc9000000bc78,rdi=0xffffffff8183a980,rbp=0x0,rsp=0xffffc9000000bc78,r8=0x3,r9=0x1000,r10=0xffffc9000000bb70,r11=0x3,r12=0x77,r13=0x0,r14=0x0,r15=0x1
=> 0xffffffff8104017a <prb_read_valid+10>:	call   0xffffffff8103f90d <_prb_read_valid>
Regs: rax=0xffffffff818aaa38,rbx=0x0,rcx=0x0,rdx=0x0,rsi=0xffffc9000000bc78,rdi=0xffffffff8183a980,rbp=0x0,rsp=0xffffc9000000bc70,r8=0x3,r9=0x1000,r10=0xffffc9000000bb70,r11=0x3,r12=0x77,r13=0x0,r14=0x0,r15=0x1
=> 0xffffffff8103f90d <_prb_read_valid>:	push   %r15
Regs: rax=0xffffffff818aaa38,rbx=0x0,rcx=0x0,rdx=0x0,rsi=0xffffc9000000bc78,rdi=0xffffffff8183a980,rbp=0x0,rsp=0xffffc9000000bc68,r8=0x3,r9=0x1000,r10=0xffffc9000000bb70,r11=0x3,r12=0x77,r13=0x0,r14=0x0,r15=0x1
=> 0xffffffff8103f90f <_prb_read_valid+2>:	push   %r14
Regs: rax=0xffffffff818aaa38,rbx=0x0,rcx=0x0,rdx=0x0,rsi=0xffffc9000000bc78,rdi=0xffffffff8183a980,rbp=0x0,rsp=0xffffc9000000bc60,r8=0x3,r9=0x1000,r10=0xffffc9000000bb70,r11=0x3,r12=0x77,r13=0x0,r14=0x0,r15=0x1
=> 0xffffffff8103f911 <_prb_read_valid+4>:	push   %r13
Regs: rax=0xffffffff818aaa38,rbx=0x0,rcx=0x0,rdx=0x0,rsi=0xffffc9000000bc78,rdi=0xffffffff8183a980,rbp=0x0,rsp=0xffffc9000000bc58,r8=0x3,r9=0x1000,r10=0xffffc9000000bb70,r11=0x3,r12=0x77,r13=0x0,r14=0x0,r15=0x1
=> 0xffffffff8103f913 <_prb_read_valid+6>:	mov    %rcx,%r13
Regs: rax=0xffffffff818aaa38,rbx=0x0,rcx=0x0,rdx=0x0,rsi=0xffffc9000000bc78,rdi=0xffffffff8183a980,rbp=0x0,rsp=0xffffc9000000bc58,r8=0x3,r9=0x1000,r10=0xffffc9000000bb70,r11=0x3,r12=0x77,r13=0x0,r14=0x0,r15=0x1
=> 0xffffffff8103f916 <_prb_read_valid+9>:	push   %r12
Regs: rax=0xffffffff818aaa38,rbx=0x0,rcx=0x0,rdx=0x0,rsi=0xffffc9000000bc78,rdi=0xffffffff8183a980,rbp=0x0,rsp=0xffffc9000000bc50,r8=0x3,r9=0x1000,r10=0xffffc9000000bb70,r11=0x3,r12=0x77,r13=0x0,r14=0x0,r15=0x1
=> 0xffffffff8103f918 <_prb_read_valid+11>:	mov    %rsi,%r12
Regs: rax=0xffffffff818aaa38,rbx=0x0,rcx=0x0,rdx=0x0,rsi=0xffffc9000000bc78,rdi=0xffffffff8183a980,rbp=0x0,rsp=0xffffc9000000bc50,r8=0x3,r9=0x1000,r10=0xffffc9000000bb70,r11=0x3,r12=0xffffc9000000bc78,r13=0x0,r14=0x0,r15=0x1
=> 0xffffffff8103f91b <_prb_read_valid+14>:	push   %rbp
Regs: rax=0xffffffff818aaa38,rbx=0x0,rcx=0x0,rdx=0x0,rsi=0xffffc9000000bc78,rdi=0xffffffff8183a980,rbp=0x0,rsp=0xffffc9000000bc48,r8=0x3,r9=0x1000,r10=0xffffc9000000bb70,r11=0x3,r12=0xffffc9000000bc78,r13=0x0,r14=0x0,r15=0x1
=> 0xffffffff8103f91c <_prb_read_valid+15>:	mov    %rdx,%rbp
Regs: rax=0xffffffff818aaa38,rbx=0x0,rcx=0x0,rdx=0x0,rsi=0xffffc9000000bc78,rdi=0xffffffff8183a980,rbp=0x0,rsp=0xffffc9000000bc48,r8=0x3,r9=0x1000,r10=0xffffc9000000bb70,r11=0x3,r12=0xffffc9000000bc78,r13=0x0,r14=0x0,r15=0x1
=> 0xffffffff8103f91f <_prb_read_valid+18>:	push   %rbx
Regs: rax=0xffffffff818aaa38,rbx=0x0,rcx=0x0,rdx=0x0,rsi=0xffffc9000000bc78,rdi=0xffffffff8183a980,rbp=0x0,rsp=0xffffc9000000bc40,r8=0x3,r9=0x1000,r10=0xffffc9000000bb70,r11=0x3,r12=0xffffc9000000bc78,r13=0x0,r14=0x0,r15=0x1
=> 0xffffffff8103f920 <_prb_read_valid+19>:	mov    %rdi,%rbx
Regs: rax=0xffffffff818aaa38,rbx=0xffffffff8183a980,rcx=0x0,rdx=0x0,rsi=0xffffc9000000bc78,rdi=0xffffffff8183a980,rbp=0x0,rsp=0xffffc9000000bc40,r8=0x3,r9=0x1000,r10=0xffffc9000000bb70,r11=0x3,r12=0xffffc9000000bc78,r13=0x0,r14=0x0,r15=0x1
=> 0xffffffff8103f923 <_prb_read_valid+22>:	sub    $0x50,%rsp
Regs: rax=0xffffffff818aaa38,rbx=0xffffffff8183a980,rcx=0x0,rdx=0x0,rsi=0xffffc9000000bc78,rdi=0xffffffff8183a980,rbp=0x0,rsp=0xffffc9000000bbf0,r8=0x3,r9=0x1000,r10=0xffffc9000000bb70,r11=0x3,r12=0xffffc9000000bc78,r13=0x0,r14=0x0,r15=0x1
=> 0xffffffff8103f927 <_prb_read_valid+26>:	mov    (%r12),%rax
Regs: rax=0x77,rbx=0xffffffff8183a980,rcx=0x0,rdx=0x0,rsi=0xffffc9000000bc78,rdi=0xffffffff8183a980,rbp=0x0,rsp=0xffffc9000000bbf0,r8=0x3,r9=0x1000,r10=0xffffc9000000bb70,r11=0x3,r12=0xffffc9000000bc78,r13=0x0,r14=0x0,r15=0x1
=> 0xffffffff8103f92b <_prb_read_valid+30>:	mov    %rbx,%rdi
Regs: rax=0x77,rbx=0xffffffff8183a980,rcx=0x0,rdx=0x0,rsi=0xffffc9000000bc78,rdi=0xffffffff8183a980,rbp=0x0,rsp=0xffffc9000000bbf0,r8=0x3,r9=0x1000,r10=0xffffc9000000bb70,r11=0x3,r12=0xffffc9000000bc78,r13=0x0,r14=0x0,r15=0x1
=> 0xffffffff8103f92e <_prb_read_valid+33>:	mov    0x10(%rbx),%r14
Regs: rax=0x77,rbx=0xffffffff8183a980,rcx=0x0,rdx=0x0,rsi=0xffffc9000000bc78,rdi=0xffffffff8183a980,rbp=0x0,rsp=0xffffc9000000bbf0,r8=0x3,r9=0x1000,r10=0xffffc9000000bb70,r11=0x3,r12=0xffffc9000000bc78,r13=0x0,r14=0xffffffff8183a9e0,r15=0x1
=> 0xffffffff8103f932 <_prb_read_valid+37>:	mov    %rax,(%rsp)
Regs: rax=0x77,rbx=0xffffffff8183a980,rcx=0x0,rdx=0x0,rsi=0xffffc9000000bc78,rdi=0xffffffff8183a980,rbp=0x0,rsp=0xffffc9000000bbf0,r8=0x3,r9=0x1000,r10=0xffffc9000000bb70,r11=0x3,r12=0xffffc9000000bc78,r13=0x0,r14=0xffffffff8183a9e0,r15=0x1
=> 0xffffffff8103f936 <_prb_read_valid+41>:	mov    (%rbx),%eax
Regs: rax=0xc,rbx=0xffffffff8183a980,rcx=0x0,rdx=0x0,rsi=0xffffc9000000bc78,rdi=0xffffffff8183a980,rbp=0x0,rsp=0xffffc9000000bbf0,r8=0x3,r9=0x1000,r10=0xffffc9000000bb70,r11=0x3,r12=0xffffc9000000bc78,r13=0x0,r14=0xffffffff8183a9e0,r15=0x1
=> 0xffffffff8103f938 <_prb_read_valid+43>:	mov    (%rsp),%rsi
Regs: rax=0xc,rbx=0xffffffff8183a980,rcx=0x0,rdx=0x0,rsi=0x77,rdi=0xffffffff8183a980,rbp=0x0,rsp=0xffffc9000000bbf0,r8=0x3,r9=0x1000,r10=0xffffc9000000bb70,r11=0x3,r12=0xffffc9000000bc78,r13=0x0,r14=0xffffffff8183a9e0,r15=0x1
=> 0xffffffff8103f93c <_prb_read_valid+47>:	mov    %eax,0xc(%rsp)
Regs: rax=0xc,rbx=0xffffffff8183a980,rcx=0x0,rdx=0x0,rsi=0x77,rdi=0xffffffff8183a980,rbp=0x0,rsp=0xffffc9000000bbf0,r8=0x3,r9=0x1000,r10=0xffffc9000000bb70,r11=0x3,r12=0xffffc9000000bc78,r13=0x0,r14=0xffffffff8183a9e0,r15=0x1
=> 0xffffffff8103f940 <_prb_read_valid+51>:	call   0xffffffff8103f4aa <to_desc>
Regs: rax=0xc,rbx=0xffffffff8183a980,rcx=0x0,rdx=0x0,rsi=0x77,rdi=0xffffffff8183a980,rbp=0x0,rsp=0xffffc9000000bbe8,r8=0x3,r9=0x1000,r10=0xffffc9000000bb70,r11=0x3,r12=0xffffc9000000bc78,r13=0x0,r14=0xffffffff8183a9e0,r15=0x1
=> 0xffffffff8103f4aa <to_desc>:	mov    (%rdi),%ecx
Regs: rax=0xc,rbx=0xffffffff8183a980,rcx=0xc,rdx=0x0,rsi=0x77,rdi=0xffffffff8183a980,rbp=0x0,rsp=0xffffc9000000bbe8,r8=0x3,r9=0x1000,r10=0xffffc9000000bb70,r11=0x3,r12=0xffffc9000000bc78,r13=0x0,r14=0xffffffff8183a9e0,r15=0x1
=> 0xffffffff8103f4ac <to_desc+2>:	mov    $0x1,%eax
Regs: rax=0x1,rbx=0xffffffff8183a980,rcx=0xc,rdx=0x0,rsi=0x77,rdi=0xffffffff8183a980,rbp=0x0,rsp=0xffffc9000000bbe8,r8=0x3,r9=0x1000,r10=0xffffc9000000bb70,r11=0x3,r12=0xffffc9000000bc78,r13=0x0,r14=0xffffffff8183a9e0,r15=0x1
=> 0xffffffff8103f4b1 <to_desc+7>:	shl    %cl,%eax
Regs: rax=0x1000,rbx=0xffffffff8183a980,rcx=0xc,rdx=0x0,rsi=0x77,rdi=0xffffffff8183a980,rbp=0x0,rsp=0xffffc9000000bbe8,r8=0x3,r9=0x1000,r10=0xffffc9000000bb70,r11=0x3,r12=0xffffc9000000bc78,r13=0x0,r14=0xffffffff8183a9e0,r15=0x1
=> 0xffffffff8103f4b3 <to_desc+9>:	dec    %eax
Regs: rax=0xfff,rbx=0xffffffff8183a980,rcx=0xc,rdx=0x0,rsi=0x77,rdi=0xffffffff8183a980,rbp=0x0,rsp=0xffffc9000000bbe8,r8=0x3,r9=0x1000,r10=0xffffc9000000bb70,r11=0x3,r12=0xffffc9000000bc78,r13=0x0,r14=0xffffffff8183a9e0,r15=0x1
=> 0xffffffff8103f4b5 <to_desc+11>:	and    %rsi,%rax
Regs: rax=0x77,rbx=0xffffffff8183a980,rcx=0xc,rdx=0x0,rsi=0x77,rdi=0xffffffff8183a980,rbp=0x0,rsp=0xffffc9000000bbe8,r8=0x3,r9=0x1000,r10=0xffffc9000000bb70,r11=0x3,r12=0xffffc9000000bc78,r13=0x0,r14=0xffffffff8183a9e0,r15=0x1
=> 0xffffffff8103f4b8 <to_desc+14>:	imul   $0x18,%rax,%rax
Regs: rax=0xb28,rbx=0xffffffff8183a980,rcx=0xc,rdx=0x0,rsi=0x77,rdi=0xffffffff8183a980,rbp=0x0,rsp=0xffffc9000000bbe8,r8=0x3,r9=0x1000,r10=0xffffc9000000bb70,r11=0x3,r12=0xffffc9000000bc78,r13=0x0,r14=0xffffffff8183a9e0,r15=0x1
=> 0xffffffff8103f4bc <to_desc+18>:	add    0x8(%rdi),%rax
Regs: rax=0xffffffff81893508,rbx=0xffffffff8183a980,rcx=0xc,rdx=0x0,rsi=0x77,rdi=0xffffffff8183a980,rbp=0x0,rsp=0xffffc9000000bbe8,r8=0x3,r9=0x1000,r10=0xffffc9000000bb70,r11=0x3,r12=0xffffc9000000bc78,r13=0x0,r14=0xffffffff8183a9e0,r15=0x1
=> 0xffffffff8103f4c0 <to_desc+22>:	ret    
Regs: rax=0xffffffff81893508,rbx=0xffffffff8183a980,rcx=0xc,rdx=0x0,rsi=0x77,rdi=0xffffffff8183a980,rbp=0x0,rsp=0xffffc9000000bbf0,r8=0x3,r9=0x1000,r10=0xffffc9000000bb70,r11=0x3,r12=0xffffc9000000bc78,r13=0x0,r14=0xffffffff8183a9e0,r15=0x1
=> 0xffffffff8103f945 <_prb_read_valid+56>:	mov    $0x6,%ecx
Regs: rax=0xffffffff81893508,rbx=0xffffffff8183a980,rcx=0x6,rdx=0x0,rsi=0x77,rdi=0xffffffff8183a980,rbp=0x0,rsp=0xffffc9000000bbf0,r8=0x3,r9=0x1000,r10=0xffffc9000000bb70,r11=0x3,r12=0xffffc9000000bc78,r13=0x0,r14=0xffffffff8183a9e0,r15=0x1
=> 0xffffffff8103f94a <_prb_read_valid+61>:	movabs $0x3fffffffffffffff,%rsi
Regs: rax=0xffffffff81893508,rbx=0xffffffff8183a980,rcx=0x6,rdx=0x0,rsi=0x3fffffffffffffff,rdi=0xffffffff8183a980,rbp=0x0,rsp=0xffffc9000000bbf0,r8=0x3,r9=0x1000,r10=0xffffc9000000bb70,r11=0x3,r12=0xffffc9000000bc78,r13=0x0,r14=0xffffffff8183a9e0,r15=0x1
=> 0xffffffff8103f954 <_prb_read_valid+71>:	mov    %rax,%rdx
Regs: rax=0xffffffff81893508,rbx=0xffffffff8183a980,rcx=0x6,rdx=0xffffffff81893508,rsi=0x3fffffffffffffff,rdi=0xffffffff8183a980,rbp=0x0,rsp=0xffffc9000000bbf0,r8=0x3,r9=0x1000,r10=0xffffc9000000bb70,r11=0x3,r12=0xffffc9000000bc78,r13=0x0,r14=0xffffffff8183a9e0,r15=0x1
=> 0xffffffff8103f957 <_prb_read_valid+74>:	lea    0x38(%rsp),%rdi
Regs: rax=0xffffffff81893508,rbx=0xffffffff8183a980,rcx=0x6,rdx=0xffffffff81893508,rsi=0x3fffffffffffffff,rdi=0xffffc9000000bc28,rbp=0x0,rsp=0xffffc9000000bbf0,r8=0x3,r9=0x1000,r10=0xffffc9000000bb70,r11=0x3,r12=0xffffc9000000bc78,r13=0x0,r14=0xffffffff8183a9e0,r15=0x1
=> 0xffffffff8103f95c <_prb_read_valid+79>:	xor    %eax,%eax
Regs: rax=0x0,rbx=0xffffffff8183a980,rcx=0x6,rdx=0xffffffff81893508,rsi=0x3fffffffffffffff,rdi=0xffffc9000000bc28,rbp=0x0,rsp=0xffffc9000000bbf0,r8=0x3,r9=0x1000,r10=0xffffc9000000bb70,r11=0x3,r12=0xffffc9000000bc78,r13=0x0,r14=0xffffffff8183a9e0,r15=0x1
=> 0xffffffff8103f95e <_prb_read_valid+81>:	rep stos %eax,%es:(%rdi)
Regs: rax=0x0,rbx=0xffffffff8183a980,rcx=0x5,rdx=0xffffffff81893508,rsi=0x3fffffffffffffff,rdi=0xffffc9000000bc2c,rbp=0x0,rsp=0xffffc9000000bbf0,r8=0x3,r9=0x1000,r10=0xffffc9000000bb70,r11=0x3,r12=0xffffc9000000bc78,r13=0x0,r14=0xffffffff8183a9e0,r15=0x1
=> 0xffffffff8103f95e <_prb_read_valid+81>:	rep stos %eax,%es:(%rdi)
Regs: rax=0x0,rbx=0xffffffff8183a980,rcx=0x4,rdx=0xffffffff81893508,rsi=0x3fffffffffffffff,rdi=0xffffc9000000bc30,rbp=0x0,rsp=0xffffc9000000bbf0,r8=0x3,r9=0x1000,r10=0xffffc9000000bb70,r11=0x3,r12=0xffffc9000000bc78,r13=0x0,r14=0xffffffff8183a9e0,r15=0x1
=> 0xffffffff8103f95e <_prb_read_valid+81>:	rep stos %eax,%es:(%rdi)
Regs: rax=0x0,rbx=0xffffffff8183a980,rcx=0x3,rdx=0xffffffff81893508,rsi=0x3fffffffffffffff,rdi=0xffffc9000000bc34,rbp=0x0,rsp=0xffffc9000000bbf0,r8=0x3,r9=0x1000,r10=0xffffc9000000bb70,r11=0x3,r12=0xffffc9000000bc78,r13=0x0,r14=0xffffffff8183a9e0,r15=0x1
=> 0xffffffff8103f95e <_prb_read_valid+81>:	rep stos %eax,%es:(%rdi)
Regs: rax=0x0,rbx=0xffffffff8183a980,rcx=0x2,rdx=0xffffffff81893508,rsi=0x3fffffffffffffff,rdi=0xffffc9000000bc38,rbp=0x0,rsp=0xffffc9000000bbf0,r8=0x3,r9=0x1000,r10=0xffffc9000000bb70,r11=0x3,r12=0xffffc9000000bc78,r13=0x0,r14=0xffffffff8183a9e0,r15=0x1
=> 0xffffffff8103f95e <_prb_read_valid+81>:	rep stos %eax,%es:(%rdi)
Regs: rax=0x0,rbx=0xffffffff8183a980,rcx=0x1,rdx=0xffffffff81893508,rsi=0x3fffffffffffffff,rdi=0xffffc9000000bc3c,rbp=0x0,rsp=0xffffc9000000bbf0,r8=0x3,r9=0x1000,r10=0xffffc9000000bb70,r11=0x3,r12=0xffffc9000000bc78,r13=0x0,r14=0xffffffff8183a9e0,r15=0x1
=> 0xffffffff8103f95e <_prb_read_valid+81>:	rep stos %eax,%es:(%rdi)
Regs: rax=0x0,rbx=0xffffffff8183a980,rcx=0x0,rdx=0xffffffff81893508,rsi=0x3fffffffffffffff,rdi=0xffffc9000000bc40,rbp=0x0,rsp=0xffffc9000000bbf0,r8=0x3,r9=0x1000,r10=0xffffc9000000bb70,r11=0x3,r12=0xffffc9000000bc78,r13=0x0,r14=0xffffffff8183a9e0,r15=0x1
=> 0xffffffff8103f960 <_prb_read_valid+83>:	mov    (%rdx),%rax
Regs: rax=0x0,rbx=0xffffffff8183a980,rcx=0x0,rdx=0xffffffff81893508,rsi=0x3fffffffffffffff,rdi=0xffffc9000000bc40,rbp=0x0,rsp=0xffffc9000000bbf0,r8=0x3,r9=0x1000,r10=0xffffc9000000bb70,r11=0x3,r12=0xffffc9000000bc78,r13=0x0,r14=0xffffffff8183a9e0,r15=0x1
=> 0xffffffff8103f963 <_prb_read_valid+86>:	mov    (%rsp),%rdx
Regs: rax=0x0,rbx=0xffffffff8183a980,rcx=0x0,rdx=0x77,rsi=0x3fffffffffffffff,rdi=0xffffc9000000bc40,rbp=0x0,rsp=0xffffc9000000bbf0,r8=0x3,r9=0x1000,r10=0xffffc9000000bb70,r11=0x3,r12=0xffffc9000000bc78,r13=0x0,r14=0xffffffff8183a9e0,r15=0x1
=> 0xffffffff8103f967 <_prb_read_valid+90>:	lea    0x38(%rsp),%rcx
Regs: rax=0x0,rbx=0xffffffff8183a980,rcx=0xffffc9000000bc28,rdx=0x77,rsi=0x3fffffffffffffff,rdi=0xffffc9000000bc40,rbp=0x0,rsp=0xffffc9000000bbf0,r8=0x3,r9=0x1000,r10=0xffffc9000000bb70,r11=0x3,r12=0xffffc9000000bc78,r13=0x0,r14=0xffffffff8183a9e0,r15=0x1
=> 0xffffffff8103f96c <_prb_read_valid+95>:	mov    %rbx,%rdi
Regs: rax=0x0,rbx=0xffffffff8183a980,rcx=0xffffc9000000bc28,rdx=0x77,rsi=0x3fffffffffffffff,rdi=0xffffffff8183a980,rbp=0x0,rsp=0xffffc9000000bbf0,r8=0x3,r9=0x1000,r10=0xffffc9000000bb70,r11=0x3,r12=0xffffc9000000bc78,r13=0x0,r14=0xffffffff8183a9e0,r15=0x1
=> 0xffffffff8103f96f <_prb_read_valid+98>:	and    %rax,%rsi
Regs: rax=0x0,rbx=0xffffffff8183a980,rcx=0xffffc9000000bc28,rdx=0x77,rsi=0x0,rdi=0xffffffff8183a980,rbp=0x0,rsp=0xffffc9000000bbf0,r8=0x3,r9=0x1000,r10=0xffffc9000000bb70,r11=0x3,r12=0xffffc9000000bc78,r13=0x0,r14=0xffffffff8183a9e0,r15=0x1
=> 0xffffffff8103f972 <_prb_read_valid+101>:	mov    %rsi,0x10(%rsp)
Regs: rax=0x0,rbx=0xffffffff8183a980,rcx=0xffffc9000000bc28,rdx=0x77,rsi=0x0,rdi=0xffffffff8183a980,rbp=0x0,rsp=0xffffc9000000bbf0,r8=0x3,r9=0x1000,r10=0xffffc9000000bb70,r11=0x3,r12=0xffffc9000000bc78,r13=0x0,r14=0xffffffff8183a9e0,r15=0x1
=> 0xffffffff8103f977 <_prb_read_valid+106>:	call   0xffffffff8103f5d7 <desc_read_finalized_seq>
Regs: rax=0x0,rbx=0xffffffff8183a980,rcx=0xffffc9000000bc28,rdx=0x77,rsi=0x0,rdi=0xffffffff8183a980,rbp=0x0,rsp=0xffffc9000000bbe8,r8=0x3,r9=0x1000,r10=0xffffc9000000bb70,r11=0x3,r12=0xffffc9000000bc78,r13=0x0,r14=0xffffffff8183a9e0,r15=0x1
=> 0xffffffff8103f5d7 <desc_read_finalized_seq>:	push   %rbp
Regs: rax=0x0,rbx=0xffffffff8183a980,rcx=0xffffc9000000bc28,rdx=0x77,rsi=0x0,rdi=0xffffffff8183a980,rbp=0x0,rsp=0xffffc9000000bbe0,r8=0x3,r9=0x1000,r10=0xffffc9000000bb70,r11=0x3,r12=0xffffc9000000bc78,r13=0x0,r14=0xffffffff8183a9e0,r15=0x1
=> 0xffffffff8103f5d8 <desc_read_finalized_seq+1>:	xor    %r9d,%r9d
Regs: rax=0x0,rbx=0xffffffff8183a980,rcx=0xffffc9000000bc28,rdx=0x77,rsi=0x0,rdi=0xffffffff8183a980,rbp=0x0,rsp=0xffffc9000000bbe0,r8=0x3,r9=0x0,r10=0xffffc9000000bb70,r11=0x3,r12=0xffffc9000000bc78,r13=0x0,r14=0xffffffff8183a9e0,r15=0x1
=> 0xffffffff8103f5db <desc_read_finalized_seq+4>:	mov    %rdx,%rbp
Regs: rax=0x0,rbx=0xffffffff8183a980,rcx=0xffffc9000000bc28,rdx=0x77,rsi=0x0,rdi=0xffffffff8183a980,rbp=0x77,rsp=0xffffc9000000bbe0,r8=0x3,r9=0x0,r10=0xffffc9000000bb70,r11=0x3,r12=0xffffc9000000bc78,r13=0x0,r14=0xffffffff8183a9e0,r15=0x1
=> 0xffffffff8103f5de <desc_read_finalized_seq+7>:	push   %rbx
Regs: rax=0x0,rbx=0xffffffff8183a980,rcx=0xffffc9000000bc28,rdx=0x77,rsi=0x0,rdi=0xffffffff8183a980,rbp=0x77,rsp=0xffffc9000000bbd8,r8=0x3,r9=0x0,r10=0xffffc9000000bb70,r11=0x3,r12=0xffffc9000000bc78,r13=0x0,r14=0xffffffff8183a9e0,r15=0x1
=> 0xffffffff8103f5df <desc_read_finalized_seq+8>:	mov    %rcx,%rbx
Regs: rax=0x0,rbx=0xffffc9000000bc28,rcx=0xffffc9000000bc28,rdx=0x77,rsi=0x0,rdi=0xffffffff8183a980,rbp=0x77,rsp=0xffffc9000000bbd8,r8=0x3,r9=0x0,r10=0xffffc9000000bb70,r11=0x3,r12=0xffffc9000000bc78,r13=0x0,r14=0xffffffff8183a9e0,r15=0x1
=> 0xffffffff8103f5e2 <desc_read_finalized_seq+11>:	push   %r8
Regs: rax=0x0,rbx=0xffffc9000000bc28,rcx=0xffffc9000000bc28,rdx=0x77,rsi=0x0,rdi=0xffffffff8183a980,rbp=0x77,rsp=0xffffc9000000bbd0,r8=0x3,r9=0x0,r10=0xffffc9000000bb70,r11=0x3,r12=0xffffc9000000bc78,r13=0x0,r14=0xffffffff8183a9e0,r15=0x1
=> 0xffffffff8103f5e4 <desc_read_finalized_seq+13>:	mov    %rbx,%rdx
Regs: rax=0x0,rbx=0xffffc9000000bc28,rcx=0xffffc9000000bc28,rdx=0xffffc9000000bc28,rsi=0x0,rdi=0xffffffff8183a980,rbp=0x77,rsp=0xffffc9000000bbd0,r8=0x3,r9=0x0,r10=0xffffc9000000bb70,r11=0x3,r12=0xffffc9000000bc78,r13=0x0,r14=0xffffffff8183a9e0,r15=0x1
=> 0xffffffff8103f5e7 <desc_read_finalized_seq+16>:	xor    %r8d,%r8d
Regs: rax=0x0,rbx=0xffffc9000000bc28,rcx=0xffffc9000000bc28,rdx=0xffffc9000000bc28,rsi=0x0,rdi=0xffffffff8183a980,rbp=0x77,rsp=0xffffc9000000bbd0,r8=0x0,r9=0x0,r10=0xffffc9000000bb70,r11=0x3,r12=0xffffc9000000bc78,r13=0x0,r14=0xffffffff8183a9e0,r15=0x1
=> 0xffffffff8103f5ea <desc_read_finalized_seq+19>:	mov    %rsp,%rcx
Regs: rax=0x0,rbx=0xffffc9000000bc28,rcx=0xffffc9000000bbd0,rdx=0xffffc9000000bc28,rsi=0x0,rdi=0xffffffff8183a980,rbp=0x77,rsp=0xffffc9000000bbd0,r8=0x0,r9=0x0,r10=0xffffc9000000bb70,r11=0x3,r12=0xffffc9000000bc78,r13=0x0,r14=0xffffffff8183a9e0,r15=0x1
=> 0xffffffff8103f5ed <desc_read_finalized_seq+22>:	mov    %r9,(%rsp)
Regs: rax=0x0,rbx=0xffffc9000000bc28,rcx=0xffffc9000000bbd0,rdx=0xffffc9000000bc28,rsi=0x0,rdi=0xffffffff8183a980,rbp=0x77,rsp=0xffffc9000000bbd0,r8=0x0,r9=0x0,r10=0xffffc9000000bb70,r11=0x3,r12=0xffffc9000000bc78,r13=0x0,r14=0xffffffff8183a9e0,r15=0x1
=> 0xffffffff8103f5f1 <desc_read_finalized_seq+26>:	call   0xffffffff8103f532 <desc_read>
Regs: rax=0x0,rbx=0xffffc9000000bc28,rcx=0xffffc9000000bbd0,rdx=0xffffc9000000bc28,rsi=0x0,rdi=0xffffffff8183a980,rbp=0x77,rsp=0xffffc9000000bbc8,r8=0x0,r9=0x0,r10=0xffffc9000000bb70,r11=0x3,r12=0xffffc9000000bc78,r13=0x0,r14=0xffffffff8183a9e0,r15=0x1
=> 0xffffffff8103f532 <desc_read>:	movabs $0x3fffffffffffffff,%r11
Regs: rax=0x0,rbx=0xffffc9000000bc28,rcx=0xffffc9000000bbd0,rdx=0xffffc9000000bc28,rsi=0x0,rdi=0xffffffff8183a980,rbp=0x77,rsp=0xffffc9000000bbc8,r8=0x0,r9=0x0,r10=0xffffc9000000bb70,r11=0x3fffffffffffffff,r12=0xffffc9000000bc78,r13=0x0,r14=0xffffffff8183a9e0,r15=0x1
=> 0xffffffff8103f53c <desc_read+10>:	mov    %rcx,%r10
Regs: rax=0x0,rbx=0xffffc9000000bc28,rcx=0xffffc9000000bbd0,rdx=0xffffc9000000bc28,rsi=0x0,rdi=0xffffffff8183a980,rbp=0x77,rsp=0xffffc9000000bbc8,r8=0x0,r9=0x0,r10=0xffffc9000000bbd0,r11=0x3fffffffffffffff,r12=0xffffc9000000bc78,r13=0x0,r14=0xffffffff8183a9e0,r15=0x1
=> 0xffffffff8103f53f <desc_read+13>:	mov    %rdi,%r9
Regs: rax=0x0,rbx=0xffffc9000000bc28,rcx=0xffffc9000000bbd0,rdx=0xffffc9000000bc28,rsi=0x0,rdi=0xffffffff8183a980,rbp=0x77,rsp=0xffffc9000000bbc8,r8=0x0,r9=0xffffffff8183a980,r10=0xffffc9000000bbd0,r11=0x3fffffffffffffff,r12=0xffffc9000000bc78,r13=0x0,r14=0xffffffff8183a9e0,r15=0x1
=> 0xffffffff8103f542 <desc_read+16>:	call   0xffffffff8103f4aa <to_desc>
Regs: rax=0x0,rbx=0xffffc9000000bc28,rcx=0xffffc9000000bbd0,rdx=0xffffc9000000bc28,rsi=0x0,rdi=0xffffffff8183a980,rbp=0x77,rsp=0xffffc9000000bbc0,r8=0x0,r9=0xffffffff8183a980,r10=0xffffc9000000bbd0,r11=0x3fffffffffffffff,r12=0xffffc9000000bc78,r13=0x0,r14=0xffffffff8183a9e0,r15=0x1
=> 0xffffffff8103f4aa <to_desc>:	mov    (%rdi),%ecx
Regs: rax=0x0,rbx=0xffffc9000000bc28,rcx=0xc,rdx=0xffffc9000000bc28,rsi=0x0,rdi=0xffffffff8183a980,rbp=0x77,rsp=0xffffc9000000bbc0,r8=0x0,r9=0xffffffff8183a980,r10=0xffffc9000000bbd0,r11=0x3fffffffffffffff,r12=0xffffc9000000bc78,r13=0x0,r14=0xffffffff8183a9e0,r15=0x1
=> 0xffffffff8103f4ac <to_desc+2>:	mov    $0x1,%eax
Regs: rax=0x1,rbx=0xffffc9000000bc28,rcx=0xc,rdx=0xffffc9000000bc28,rsi=0x0,rdi=0xffffffff8183a980,rbp=0x77,rsp=0xffffc9000000bbc0,r8=0x0,r9=0xffffffff8183a980,r10=0xffffc9000000bbd0,r11=0x3fffffffffffffff,r12=0xffffc9000000bc78,r13=0x0,r14=0xffffffff8183a9e0,r15=0x1
=> 0xffffffff8103f4b1 <to_desc+7>:	shl    %cl,%eax
Regs: rax=0x1000,rbx=0xffffc9000000bc28,rcx=0xc,rdx=0xffffc9000000bc28,rsi=0x0,rdi=0xffffffff8183a980,rbp=0x77,rsp=0xffffc9000000bbc0,r8=0x0,r9=0xffffffff8183a980,r10=0xffffc9000000bbd0,r11=0x3fffffffffffffff,r12=0xffffc9000000bc78,r13=0x0,r14=0xffffffff8183a9e0,r15=0x1
=> 0xffffffff8103f4b3 <to_desc+9>:	dec    %eax
Regs: rax=0xfff,rbx=0xffffc9000000bc28,rcx=0xc,rdx=0xffffc9000000bc28,rsi=0x0,rdi=0xffffffff8183a980,rbp=0x77,rsp=0xffffc9000000bbc0,r8=0x0,r9=0xffffffff8183a980,r10=0xffffc9000000bbd0,r11=0x3fffffffffffffff,r12=0xffffc9000000bc78,r13=0x0,r14=0xffffffff8183a9e0,r15=0x1
=> 0xffffffff8103f4b5 <to_desc+11>:	and    %rsi,%rax
Regs: rax=0x0,rbx=0xffffc9000000bc28,rcx=0xc,rdx=0xffffc9000000bc28,rsi=0x0,rdi=0xffffffff8183a980,rbp=0x77,rsp=0xffffc9000000bbc0,r8=0x0,r9=0xffffffff8183a980,r10=0xffffc9000000bbd0,r11=0x3fffffffffffffff,r12=0xffffc9000000bc78,r13=0x0,r14=0xffffffff8183a9e0,r15=0x1
=> 0xffffffff8103f4b8 <to_desc+14>:	imul   $0x18,%rax,%rax
Regs: rax=0x0,rbx=0xffffc9000000bc28,rcx=0xc,rdx=0xffffc9000000bc28,rsi=0x0,rdi=0xffffffff8183a980,rbp=0x77,rsp=0xffffc9000000bbc0,r8=0x0,r9=0xffffffff8183a980,r10=0xffffc9000000bbd0,r11=0x3fffffffffffffff,r12=0xffffc9000000bc78,r13=0x0,r14=0xffffffff8183a9e0,r15=0x1
=> 0xffffffff8103f4bc <to_desc+18>:	add    0x8(%rdi),%rax
Regs: rax=0xffffffff818929e0,rbx=0xffffc9000000bc28,rcx=0xc,rdx=0xffffc9000000bc28,rsi=0x0,rdi=0xffffffff8183a980,rbp=0x77,rsp=0xffffc9000000bbc0,r8=0x0,r9=0xffffffff8183a980,r10=0xffffc9000000bbd0,r11=0x3fffffffffffffff,r12=0xffffc9000000bc78,r13=0x0,r14=0xffffffff8183a9e0,r15=0x1
=> 0xffffffff8103f4c0 <to_desc+22>:	ret    
Regs: rax=0xffffffff818929e0,rbx=0xffffc9000000bc28,rcx=0xc,rdx=0xffffc9000000bc28,rsi=0x0,rdi=0xffffffff8183a980,rbp=0x77,rsp=0xffffc9000000bbc8,r8=0x0,r9=0xffffffff8183a980,r10=0xffffc9000000bbd0,r11=0x3fffffffffffffff,r12=0xffffc9000000bc78,r13=0x0,r14=0xffffffff8183a9e0,r15=0x1
=> 0xffffffff8103f547 <desc_read+21>:	or     $0xffffffff,%edi
Regs: rax=0xffffffff818929e0,rbx=0xffffc9000000bc28,rcx=0xc,rdx=0xffffc9000000bc28,rsi=0x0,rdi=0xffffffff,rbp=0x77,rsp=0xffffc9000000bbc8,r8=0x0,r9=0xffffffff8183a980,r10=0xffffc9000000bbd0,r11=0x3fffffffffffffff,r12=0xffffc9000000bc78,r13=0x0,r14=0xffffffff8183a9e0,r15=0x1
=> 0xffffffff8103f54a <desc_read+24>:	mov    (%rax),%rcx
Regs: rax=0xffffffff818929e0,rbx=0xffffc9000000bc28,rcx=0x80000000fffff000,rdx=0xffffc9000000bc28,rsi=0x0,rdi=0xffffffff,rbp=0x77,rsp=0xffffc9000000bbc8,r8=0x0,r9=0xffffffff8183a980,r10=0xffffc9000000bbd0,r11=0x3fffffffffffffff,r12=0xffffc9000000bc78,r13=0x0,r14=0xffffffff8183a9e0,r15=0x1
=> 0xffffffff8103f54d <desc_read+27>:	and    %rcx,%r11
Regs: rax=0xffffffff818929e0,rbx=0xffffc9000000bc28,rcx=0x80000000fffff000,rdx=0xffffc9000000bc28,rsi=0x0,rdi=0xffffffff,rbp=0x77,rsp=0xffffc9000000bbc8,r8=0x0,r9=0xffffffff8183a980,r10=0xffffc9000000bbd0,r11=0xfffff000,r12=0xffffc9000000bc78,r13=0x0,r14=0xffffffff8183a9e0,r15=0x1
=> 0xffffffff8103f550 <desc_read+30>:	cmp    %r11,%rsi
Regs: rax=0xffffffff818929e0,rbx=0xffffc9000000bc28,rcx=0x80000000fffff000,rdx=0xffffc9000000bc28,rsi=0x0,rdi=0xffffffff,rbp=0x77,rsp=0xffffc9000000bbc8,r8=0x0,r9=0xffffffff8183a980,r10=0xffffc9000000bbd0,r11=0xfffff000,r12=0xffffc9000000bc78,r13=0x0,r14=0xffffffff8183a9e0,r15=0x1
=> 0xffffffff8103f553 <desc_read+33>:	jne    0xffffffff8103f5cc <desc_read+154>
Regs: rax=0xffffffff818929e0,rbx=0xffffc9000000bc28,rcx=0x80000000fffff000,rdx=0xffffc9000000bc28,rsi=0x0,rdi=0xffffffff,rbp=0x77,rsp=0xffffc9000000bbc8,r8=0x0,r9=0xffffffff8183a980,r10=0xffffc9000000bbd0,r11=0xfffff000,r12=0xffffc9000000bc78,r13=0x0,r14=0xffffffff8183a9e0,r15=0x1
=> 0xffffffff8103f5cc <desc_read+154>:	test   %rdx,%rdx
Regs: rax=0xffffffff818929e0,rbx=0xffffc9000000bc28,rcx=0x80000000fffff000,rdx=0xffffc9000000bc28,rsi=0x0,rdi=0xffffffff,rbp=0x77,rsp=0xffffc9000000bbc8,r8=0x0,r9=0xffffffff8183a980,r10=0xffffc9000000bbd0,r11=0xfffff000,r12=0xffffc9000000bc78,r13=0x0,r14=0xffffffff8183a9e0,r15=0x1
=> 0xffffffff8103f5cf <desc_read+157>:	je     0xffffffff8103f5d4 <desc_read+162>
Regs: rax=0xffffffff818929e0,rbx=0xffffc9000000bc28,rcx=0x80000000fffff000,rdx=0xffffc9000000bc28,rsi=0x0,rdi=0xffffffff,rbp=0x77,rsp=0xffffc9000000bbc8,r8=0x0,r9=0xffffffff8183a980,r10=0xffffc9000000bbd0,r11=0xfffff000,r12=0xffffc9000000bc78,r13=0x0,r14=0xffffffff8183a9e0,r15=0x1
=> 0xffffffff8103f5d1 <desc_read+159>:	mov    %rcx,(%rdx)
Regs: rax=0xffffffff818929e0,rbx=0xffffc9000000bc28,rcx=0x80000000fffff000,rdx=0xffffc9000000bc28,rsi=0x0,rdi=0xffffffff,rbp=0x77,rsp=0xffffc9000000bbc8,r8=0x0,r9=0xffffffff8183a980,r10=0xffffc9000000bbd0,r11=0xfffff000,r12=0xffffc9000000bc78,r13=0x0,r14=0xffffffff8183a9e0,r15=0x1
=> 0xffffffff8103f5d4 <desc_read+162>:	mov    %edi,%eax
Regs: rax=0xffffffff,rbx=0xffffc9000000bc28,rcx=0x80000000fffff000,rdx=0xffffc9000000bc28,rsi=0x0,rdi=0xffffffff,rbp=0x77,rsp=0xffffc9000000bbc8,r8=0x0,r9=0xffffffff8183a980,r10=0xffffc9000000bbd0,r11=0xfffff000,r12=0xffffc9000000bc78,r13=0x0,r14=0xffffffff8183a9e0,r15=0x1
=> 0xffffffff8103f5d6 <desc_read+164>:	ret    
Regs: rax=0xffffffff,rbx=0xffffc9000000bc28,rcx=0x80000000fffff000,rdx=0xffffc9000000bc28,rsi=0x0,rdi=0xffffffff,rbp=0x77,rsp=0xffffc9000000bbd0,r8=0x0,r9=0xffffffff8183a980,r10=0xffffc9000000bbd0,r11=0xfffff000,r12=0xffffc9000000bc78,r13=0x0,r14=0xffffffff8183a9e0,r15=0x1
=> 0xffffffff8103f5f6 <desc_read_finalized_seq+31>:	mov    %eax,%ecx
Regs: rax=0xffffffff,rbx=0xffffc9000000bc28,rcx=0xffffffff,rdx=0xffffc9000000bc28,rsi=0x0,rdi=0xffffffff,rbp=0x77,rsp=0xffffc9000000bbd0,r8=0x0,r9=0xffffffff8183a980,r10=0xffffc9000000bbd0,r11=0xfffff000,r12=0xffffc9000000bc78,r13=0x0,r14=0xffffffff8183a9e0,r15=0x1
=> 0xffffffff8103f5f8 <desc_read_finalized_seq+33>:	inc    %eax
Regs: rax=0x0,rbx=0xffffc9000000bc28,rcx=0xffffffff,rdx=0xffffc9000000bc28,rsi=0x0,rdi=0xffffffff,rbp=0x77,rsp=0xffffc9000000bbd0,r8=0x0,r9=0xffffffff8183a980,r10=0xffffc9000000bbd0,r11=0xfffff000,r12=0xffffc9000000bc78,r13=0x0,r14=0xffffffff8183a9e0,r15=0x1
=> 0xffffffff8103f5fa <desc_read_finalized_seq+35>:	cmp    $0x1,%eax
Regs: rax=0x0,rbx=0xffffc9000000bc28,rcx=0xffffffff,rdx=0xffffc9000000bc28,rsi=0x0,rdi=0xffffffff,rbp=0x77,rsp=0xffffc9000000bbd0,r8=0x0,r9=0xffffffff8183a980,r10=0xffffc9000000bbd0,r11=0xfffff000,r12=0xffffc9000000bc78,r13=0x0,r14=0xffffffff8183a9e0,r15=0x1
=> 0xffffffff8103f5fd <desc_read_finalized_seq+38>:	mov    $0xffffffea,%eax
Regs: rax=0xffffffea,rbx=0xffffc9000000bc28,rcx=0xffffffff,rdx=0xffffc9000000bc28,rsi=0x0,rdi=0xffffffff,rbp=0x77,rsp=0xffffc9000000bbd0,r8=0x0,r9=0xffffffff8183a980,r10=0xffffc9000000bbd0,r11=0xfffff000,r12=0xffffc9000000bc78,r13=0x0,r14=0xffffffff8183a9e0,r15=0x1
=> 0xffffffff8103f602 <desc_read_finalized_seq+43>:	jbe    0xffffffff8103f630 <desc_read_finalized_seq+89>
Regs: rax=0xffffffea,rbx=0xffffc9000000bc28,rcx=0xffffffff,rdx=0xffffc9000000bc28,rsi=0x0,rdi=0xffffffff,rbp=0x77,rsp=0xffffc9000000bbd0,r8=0x0,r9=0xffffffff8183a980,r10=0xffffc9000000bbd0,r11=0xfffff000,r12=0xffffc9000000bc78,r13=0x0,r14=0xffffffff8183a9e0,r15=0x1
=> 0xffffffff8103f630 <desc_read_finalized_seq+89>:	pop    %rdx
Regs: rax=0xffffffea,rbx=0xffffc9000000bc28,rcx=0xffffffff,rdx=0x0,rsi=0x0,rdi=0xffffffff,rbp=0x77,rsp=0xffffc9000000bbd8,r8=0x0,r9=0xffffffff8183a980,r10=0xffffc9000000bbd0,r11=0xfffff000,r12=0xffffc9000000bc78,r13=0x0,r14=0xffffffff8183a9e0,r15=0x1
=> 0xffffffff8103f631 <desc_read_finalized_seq+90>:	pop    %rbx
Regs: rax=0xffffffea,rbx=0xffffffff8183a980,rcx=0xffffffff,rdx=0x0,rsi=0x0,rdi=0xffffffff,rbp=0x77,rsp=0xffffc9000000bbe0,r8=0x0,r9=0xffffffff8183a980,r10=0xffffc9000000bbd0,r11=0xfffff000,r12=0xffffc9000000bc78,r13=0x0,r14=0xffffffff8183a9e0,r15=0x1
=> 0xffffffff8103f632 <desc_read_finalized_seq+91>:	pop    %rbp
Regs: rax=0xffffffea,rbx=0xffffffff8183a980,rcx=0xffffffff,rdx=0x0,rsi=0x0,rdi=0xffffffff,rbp=0x0,rsp=0xffffc9000000bbe8,r8=0x0,r9=0xffffffff8183a980,r10=0xffffc9000000bbd0,r11=0xfffff000,r12=0xffffc9000000bc78,r13=0x0,r14=0xffffffff8183a9e0,r15=0x1
=> 0xffffffff8103f633 <desc_read_finalized_seq+92>:	ret    
Regs: rax=0xffffffea,rbx=0xffffffff8183a980,rcx=0xffffffff,rdx=0x0,rsi=0x0,rdi=0xffffffff,rbp=0x0,rsp=0xffffc9000000bbf0,r8=0x0,r9=0xffffffff8183a980,r10=0xffffc9000000bbd0,r11=0xfffff000,r12=0xffffc9000000bc78,r13=0x0,r14=0xffffffff8183a9e0,r15=0x1
=> 0xffffffff8103f97c <_prb_read_valid+111>:	mov    %eax,%r15d
Regs: rax=0xffffffea,rbx=0xffffffff8183a980,rcx=0xffffffff,rdx=0x0,rsi=0x0,rdi=0xffffffff,rbp=0x0,rsp=0xffffc9000000bbf0,r8=0x0,r9=0xffffffff8183a980,r10=0xffffc9000000bbd0,r11=0xfffff000,r12=0xffffc9000000bc78,r13=0x0,r14=0xffffffff8183a9e0,r15=0xffffffea
=> 0xffffffff8103f97f <_prb_read_valid+114>:	test   %eax,%eax
Regs: rax=0xffffffea,rbx=0xffffffff8183a980,rcx=0xffffffff,rdx=0x0,rsi=0x0,rdi=0xffffffff,rbp=0x0,rsp=0xffffc9000000bbf0,r8=0x0,r9=0xffffffff8183a980,r10=0xffffc9000000bbd0,r11=0xfffff000,r12=0xffffc9000000bc78,r13=0x0,r14=0xffffffff8183a9e0,r15=0xffffffea
=> 0xffffffff8103f981 <_prb_read_valid+116>:	je     0xffffffff8103f9e3 <_prb_read_valid+214>
Regs: rax=0xffffffea,rbx=0xffffffff8183a980,rcx=0xffffffff,rdx=0x0,rsi=0x0,rdi=0xffffffff,rbp=0x0,rsp=0xffffc9000000bbf0,r8=0x0,r9=0xffffffff8183a980,r10=0xffffc9000000bbd0,r11=0xfffff000,r12=0xffffc9000000bc78,r13=0x0,r14=0xffffffff8183a9e0,r15=0xffffffea
=> 0xffffffff8103f983 <_prb_read_valid+118>:	lea    0x38(%rsp),%rdx
Regs: rax=0xffffffea,rbx=0xffffffff8183a980,rcx=0xffffffff,rdx=0xffffc9000000bc28,rsi=0x0,rdi=0xffffffff,rbp=0x0,rsp=0xffffc9000000bbf0,r8=0x0,r9=0xffffffff8183a980,r10=0xffffc9000000bbd0,r11=0xfffff000,r12=0xffffc9000000bc78,r13=0x0,r14=0xffffffff8183a9e0,r15=0xffffffea
=> 0xffffffff8103f988 <_prb_read_valid+123>:	mov    $0x6,%ecx
Regs: rax=0xffffffea,rbx=0xffffffff8183a980,rcx=0x6,rdx=0xffffc9000000bc28,rsi=0x0,rdi=0xffffffff,rbp=0x0,rsp=0xffffc9000000bbf0,r8=0x0,r9=0xffffffff8183a980,r10=0xffffc9000000bbd0,r11=0xfffff000,r12=0xffffc9000000bc78,r13=0x0,r14=0xffffffff8183a9e0,r15=0xffffffea
=> 0xffffffff8103f98d <_prb_read_valid+128>:	xor    %eax,%eax
Regs: rax=0x0,rbx=0xffffffff8183a980,rcx=0x6,rdx=0xffffc9000000bc28,rsi=0x0,rdi=0xffffffff,rbp=0x0,rsp=0xffffc9000000bbf0,r8=0x0,r9=0xffffffff8183a980,r10=0xffffc9000000bbd0,r11=0xfffff000,r12=0xffffc9000000bc78,r13=0x0,r14=0xffffffff8183a9e0,r15=0xffffffea
=> 0xffffffff8103f98f <_prb_read_valid+130>:	mov    %rdx,%rdi
Regs: rax=0x0,rbx=0xffffffff8183a980,rcx=0x6,rdx=0xffffc9000000bc28,rsi=0x0,rdi=0xffffc9000000bc28,rbp=0x0,rsp=0xffffc9000000bbf0,r8=0x0,r9=0xffffffff8183a980,r10=0xffffc9000000bbd0,r11=0xfffff000,r12=0xffffc9000000bc78,r13=0x0,r14=0xffffffff8183a9e0,r15=0xffffffea
=> 0xffffffff8103f992 <_prb_read_valid+133>:	xor    %edx,%edx
Regs: rax=0x0,rbx=0xffffffff8183a980,rcx=0x6,rdx=0x0,rsi=0x0,rdi=0xffffc9000000bc28,rbp=0x0,rsp=0xffffc9000000bbf0,r8=0x0,r9=0xffffffff8183a980,r10=0xffffc9000000bbd0,r11=0xfffff000,r12=0xffffc9000000bc78,r13=0x0,r14=0xffffffff8183a9e0,r15=0xffffffea
=> 0xffffffff8103f994 <_prb_read_valid+135>:	rep stos %eax,%es:(%rdi)
Regs: rax=0x0,rbx=0xffffffff8183a980,rcx=0x5,rdx=0x0,rsi=0x0,rdi=0xffffc9000000bc2c,rbp=0x0,rsp=0xffffc9000000bbf0,r8=0x0,r9=0xffffffff8183a980,r10=0xffffc9000000bbd0,r11=0xfffff000,r12=0xffffc9000000bc78,r13=0x0,r14=0xffffffff8183a9e0,r15=0xffffffea
=> 0xffffffff8103f994 <_prb_read_valid+135>:	rep stos %eax,%es:(%rdi)
Regs: rax=0x0,rbx=0xffffffff8183a980,rcx=0x4,rdx=0x0,rsi=0x0,rdi=0xffffc9000000bc30,rbp=0x0,rsp=0xffffc9000000bbf0,r8=0x0,r9=0xffffffff8183a980,r10=0xffffc9000000bbd0,r11=0xfffff000,r12=0xffffc9000000bc78,r13=0x0,r14=0xffffffff8183a9e0,r15=0xffffffea
=> 0xffffffff8103f994 <_prb_read_valid+135>:	rep stos %eax,%es:(%rdi)
Regs: rax=0x0,rbx=0xffffffff8183a980,rcx=0x3,rdx=0x0,rsi=0x0,rdi=0xffffc9000000bc34,rbp=0x0,rsp=0xffffc9000000bbf0,r8=0x0,r9=0xffffffff8183a980,r10=0xffffc9000000bbd0,r11=0xfffff000,r12=0xffffc9000000bc78,r13=0x0,r14=0xffffffff8183a9e0,r15=0xffffffea
=> 0xffffffff8103f994 <_prb_read_valid+135>:	rep stos %eax,%es:(%rdi)
Regs: rax=0x0,rbx=0xffffffff8183a980,rcx=0x2,rdx=0x0,rsi=0x0,rdi=0xffffc9000000bc38,rbp=0x0,rsp=0xffffc9000000bbf0,r8=0x0,r9=0xffffffff8183a980,r10=0xffffc9000000bbd0,r11=0xfffff000,r12=0xffffc9000000bc78,r13=0x0,r14=0xffffffff8183a9e0,r15=0xffffffea
=> 0xffffffff8103f994 <_prb_read_valid+135>:	rep stos %eax,%es:(%rdi)
Regs: rax=0x0,rbx=0xffffffff8183a980,rcx=0x1,rdx=0x0,rsi=0x0,rdi=0xffffc9000000bc3c,rbp=0x0,rsp=0xffffc9000000bbf0,r8=0x0,r9=0xffffffff8183a980,r10=0xffffc9000000bbd0,r11=0xfffff000,r12=0xffffc9000000bc78,r13=0x0,r14=0xffffffff8183a9e0,r15=0xffffffea
=> 0xffffffff8103f994 <_prb_read_valid+135>:	rep stos %eax,%es:(%rdi)
Regs: rax=0x0,rbx=0xffffffff8183a980,rcx=0x0,rdx=0x0,rsi=0x0,rdi=0xffffc9000000bc40,rbp=0x0,rsp=0xffffc9000000bbf0,r8=0x0,r9=0xffffffff8183a980,r10=0xffffc9000000bbd0,r11=0xfffff000,r12=0xffffc9000000bc78,r13=0x0,r14=0xffffffff8183a9e0,r15=0xffffffea
=> 0xffffffff8103f996 <_prb_read_valid+137>:	mov    %rdx,0x30(%rsp)
Regs: rax=0x0,rbx=0xffffffff8183a980,rcx=0x0,rdx=0x0,rsi=0x0,rdi=0xffffc9000000bc40,rbp=0x0,rsp=0xffffc9000000bbf0,r8=0x0,r9=0xffffffff8183a980,r10=0xffffc9000000bbd0,r11=0xfffff000,r12=0xffffc9000000bc78,r13=0x0,r14=0xffffffff8183a9e0,r15=0xffffffea
=> 0xffffffff8103f99b <_prb_read_valid+142>:	mov    0x20(%rbx),%rsi
Regs: rax=0x0,rbx=0xffffffff8183a980,rcx=0x0,rdx=0x0,rsi=0xffffefff,rdi=0xffffc9000000bc40,rbp=0x0,rsp=0xffffc9000000bbf0,r8=0x0,r9=0xffffffff8183a980,r10=0xffffc9000000bbd0,r11=0xfffff000,r12=0xffffc9000000bc78,r13=0x0,r14=0xffffffff8183a9e0,r15=0xffffffea
=> 0xffffffff8103f99f <_prb_read_valid+146>:	xor    %r8d,%r8d
Regs: rax=0x0,rbx=0xffffffff8183a980,rcx=0x0,rdx=0x0,rsi=0xffffefff,rdi=0xffffc9000000bc40,rbp=0x0,rsp=0xffffc9000000bbf0,r8=0x0,r9=0xffffffff8183a980,r10=0xffffc9000000bbd0,r11=0xfffff000,r12=0xffffc9000000bc78,r13=0x0,r14=0xffffffff8183a9e0,r15=0xffffffea
=> 0xffffffff8103f9a2 <_prb_read_valid+149>:	lea    0x30(%rsp),%rcx
Regs: rax=0x0,rbx=0xffffffff8183a980,rcx=0xffffc9000000bc20,rdx=0x0,rsi=0xffffefff,rdi=0xffffc9000000bc40,rbp=0x0,rsp=0xffffc9000000bbf0,r8=0x0,r9=0xffffffff8183a980,r10=0xffffc9000000bbd0,r11=0xfffff000,r12=0xffffc9000000bc78,r13=0x0,r14=0xffffffff8183a9e0,r15=0xffffffea
=> 0xffffffff8103f9a7 <_prb_read_valid+154>:	mov    %rbx,%rdi
Regs: rax=0x0,rbx=0xffffffff8183a980,rcx=0xffffc9000000bc20,rdx=0x0,rsi=0xffffefff,rdi=0xffffffff8183a980,rbp=0x0,rsp=0xffffc9000000bbf0,r8=0x0,r9=0xffffffff8183a980,r10=0xffffc9000000bbd0,r11=0xfffff000,r12=0xffffc9000000bc78,r13=0x0,r14=0xffffffff8183a9e0,r15=0xffffffea
=> 0xffffffff8103f9aa <_prb_read_valid+157>:	lea    0x38(%rsp),%rdx
Regs: rax=0x0,rbx=0xffffffff8183a980,rcx=0xffffc9000000bc20,rdx=0xffffc9000000bc28,rsi=0xffffefff,rdi=0xffffffff8183a980,rbp=0x0,rsp=0xffffc9000000bbf0,r8=0x0,r9=0xffffffff8183a980,r10=0xffffc9000000bbd0,r11=0xfffff000,r12=0xffffc9000000bc78,r13=0x0,r14=0xffffffff8183a9e0,r15=0xffffffea
=> 0xffffffff8103f9af <_prb_read_valid+162>:	call   0xffffffff8103f532 <desc_read>
Regs: rax=0x0,rbx=0xffffffff8183a980,rcx=0xffffc9000000bc20,rdx=0xffffc9000000bc28,rsi=0xffffefff,rdi=0xffffffff8183a980,rbp=0x0,rsp=0xffffc9000000bbe8,r8=0x0,r9=0xffffffff8183a980,r10=0xffffc9000000bbd0,r11=0xfffff000,r12=0xffffc9000000bc78,r13=0x0,r14=0xffffffff8183a9e0,r15=0xffffffea
=> 0xffffffff8103f532 <desc_read>:	movabs $0x3fffffffffffffff,%r11
Regs: rax=0x0,rbx=0xffffffff8183a980,rcx=0xffffc9000000bc20,rdx=0xffffc9000000bc28,rsi=0xffffefff,rdi=0xffffffff8183a980,rbp=0x0,rsp=0xffffc9000000bbe8,r8=0x0,r9=0xffffffff8183a980,r10=0xffffc9000000bbd0,r11=0x3fffffffffffffff,r12=0xffffc9000000bc78,r13=0x0,r14=0xffffffff8183a9e0,r15=0xffffffea
=> 0xffffffff8103f53c <desc_read+10>:	mov    %rcx,%r10
Regs: rax=0x0,rbx=0xffffffff8183a980,rcx=0xffffc9000000bc20,rdx=0xffffc9000000bc28,rsi=0xffffefff,rdi=0xffffffff8183a980,rbp=0x0,rsp=0xffffc9000000bbe8,r8=0x0,r9=0xffffffff8183a980,r10=0xffffc9000000bc20,r11=0x3fffffffffffffff,r12=0xffffc9000000bc78,r13=0x0,r14=0xffffffff8183a9e0,r15=0xffffffea
=> 0xffffffff8103f53f <desc_read+13>:	mov    %rdi,%r9
Regs: rax=0x0,rbx=0xffffffff8183a980,rcx=0xffffc9000000bc20,rdx=0xffffc9000000bc28,rsi=0xffffefff,rdi=0xffffffff8183a980,rbp=0x0,rsp=0xffffc9000000bbe8,r8=0x0,r9=0xffffffff8183a980,r10=0xffffc9000000bc20,r11=0x3fffffffffffffff,r12=0xffffc9000000bc78,r13=0x0,r14=0xffffffff8183a9e0,r15=0xffffffea
=> 0xffffffff8103f542 <desc_read+16>:	call   0xffffffff8103f4aa <to_desc>
Regs: rax=0x0,rbx=0xffffffff8183a980,rcx=0xffffc9000000bc20,rdx=0xffffc9000000bc28,rsi=0xffffefff,rdi=0xffffffff8183a980,rbp=0x0,rsp=0xffffc9000000bbe0,r8=0x0,r9=0xffffffff8183a980,r10=0xffffc9000000bc20,r11=0x3fffffffffffffff,r12=0xffffc9000000bc78,r13=0x0,r14=0xffffffff8183a9e0,r15=0xffffffea
=> 0xffffffff8103f4aa <to_desc>:	mov    (%rdi),%ecx
Regs: rax=0x0,rbx=0xffffffff8183a980,rcx=0xc,rdx=0xffffc9000000bc28,rsi=0xffffefff,rdi=0xffffffff8183a980,rbp=0x0,rsp=0xffffc9000000bbe0,r8=0x0,r9=0xffffffff8183a980,r10=0xffffc9000000bc20,r11=0x3fffffffffffffff,r12=0xffffc9000000bc78,r13=0x0,r14=0xffffffff8183a9e0,r15=0xffffffea
=> 0xffffffff8103f4ac <to_desc+2>:	mov    $0x1,%eax
Regs: rax=0x1,rbx=0xffffffff8183a980,rcx=0xc,rdx=0xffffc9000000bc28,rsi=0xffffefff,rdi=0xffffffff8183a980,rbp=0x0,rsp=0xffffc9000000bbe0,r8=0x0,r9=0xffffffff8183a980,r10=0xffffc9000000bc20,r11=0x3fffffffffffffff,r12=0xffffc9000000bc78,r13=0x0,r14=0xffffffff8183a9e0,r15=0xffffffea
=> 0xffffffff8103f4b1 <to_desc+7>:	shl    %cl,%eax
Regs: rax=0x1000,rbx=0xffffffff8183a980,rcx=0xc,rdx=0xffffc9000000bc28,rsi=0xffffefff,rdi=0xffffffff8183a980,rbp=0x0,rsp=0xffffc9000000bbe0,r8=0x0,r9=0xffffffff8183a980,r10=0xffffc9000000bc20,r11=0x3fffffffffffffff,r12=0xffffc9000000bc78,r13=0x0,r14=0xffffffff8183a9e0,r15=0xffffffea
=> 0xffffffff8103f4b3 <to_desc+9>:	dec    %eax
Regs: rax=0xfff,rbx=0xffffffff8183a980,rcx=0xc,rdx=0xffffc9000000bc28,rsi=0xffffefff,rdi=0xffffffff8183a980,rbp=0x0,rsp=0xffffc9000000bbe0,r8=0x0,r9=0xffffffff8183a980,r10=0xffffc9000000bc20,r11=0x3fffffffffffffff,r12=0xffffc9000000bc78,r13=0x0,r14=0xffffffff8183a9e0,r15=0xffffffea
=> 0xffffffff8103f4b5 <to_desc+11>:	and    %rsi,%rax
Regs: rax=0xfff,rbx=0xffffffff8183a980,rcx=0xc,rdx=0xffffc9000000bc28,rsi=0xffffefff,rdi=0xffffffff8183a980,rbp=0x0,rsp=0xffffc9000000bbe0,r8=0x0,r9=0xffffffff8183a980,r10=0xffffc9000000bc20,r11=0x3fffffffffffffff,r12=0xffffc9000000bc78,r13=0x0,r14=0xffffffff8183a9e0,r15=0xffffffea
=> 0xffffffff8103f4b8 <to_desc+14>:	imul   $0x18,%rax,%rax
Regs: rax=0x17fe8,rbx=0xffffffff8183a980,rcx=0xc,rdx=0xffffc9000000bc28,rsi=0xffffefff,rdi=0xffffffff8183a980,rbp=0x0,rsp=0xffffc9000000bbe0,r8=0x0,r9=0xffffffff8183a980,r10=0xffffc9000000bc20,r11=0x3fffffffffffffff,r12=0xffffc9000000bc78,r13=0x0,r14=0xffffffff8183a9e0,r15=0xffffffea
=> 0xffffffff8103f4bc <to_desc+18>:	add    0x8(%rdi),%rax
Regs: rax=0xffffffff818aa9c8,rbx=0xffffffff8183a980,rcx=0xc,rdx=0xffffc9000000bc28,rsi=0xffffefff,rdi=0xffffffff8183a980,rbp=0x0,rsp=0xffffc9000000bbe0,r8=0x0,r9=0xffffffff8183a980,r10=0xffffc9000000bc20,r11=0x3fffffffffffffff,r12=0xffffc9000000bc78,r13=0x0,r14=0xffffffff8183a9e0,r15=0xffffffea
=> 0xffffffff8103f4c0 <to_desc+22>:	ret    
Regs: rax=0xffffffff818aa9c8,rbx=0xffffffff8183a980,rcx=0xc,rdx=0xffffc9000000bc28,rsi=0xffffefff,rdi=0xffffffff8183a980,rbp=0x0,rsp=0xffffc9000000bbe8,r8=0x0,r9=0xffffffff8183a980,r10=0xffffc9000000bc20,r11=0x3fffffffffffffff,r12=0xffffc9000000bc78,r13=0x0,r14=0xffffffff8183a9e0,r15=0xffffffea
=> 0xffffffff8103f547 <desc_read+21>:	or     $0xffffffff,%edi
Regs: rax=0xffffffff818aa9c8,rbx=0xffffffff8183a980,rcx=0xc,rdx=0xffffc9000000bc28,rsi=0xffffefff,rdi=0xffffffff,rbp=0x0,rsp=0xffffc9000000bbe8,r8=0x0,r9=0xffffffff8183a980,r10=0xffffc9000000bc20,r11=0x3fffffffffffffff,r12=0xffffc9000000bc78,r13=0x0,r14=0xffffffff8183a9e0,r15=0xffffffea
=> 0xffffffff8103f54a <desc_read+24>:	mov    (%rax),%rcx
Regs: rax=0xffffffff818aa9c8,rbx=0xffffffff8183a980,rcx=0xc0000000ffffefff,rdx=0xffffc9000000bc28,rsi=0xffffefff,rdi=0xffffffff,rbp=0x0,rsp=0xffffc9000000bbe8,r8=0x0,r9=0xffffffff8183a980,r10=0xffffc9000000bc20,r11=0x3fffffffffffffff,r12=0xffffc9000000bc78,r13=0x0,r14=0xffffffff8183a9e0,r15=0xffffffea
=> 0xffffffff8103f54d <desc_read+27>:	and    %rcx,%r11
Regs: rax=0xffffffff818aa9c8,rbx=0xffffffff8183a980,rcx=0xc0000000ffffefff,rdx=0xffffc9000000bc28,rsi=0xffffefff,rdi=0xffffffff,rbp=0x0,rsp=0xffffc9000000bbe8,r8=0x0,r9=0xffffffff8183a980,r10=0xffffc9000000bc20,r11=0xffffefff,r12=0xffffc9000000bc78,r13=0x0,r14=0xffffffff8183a9e0,r15=0xffffffea
=> 0xffffffff8103f550 <desc_read+30>:	cmp    %r11,%rsi
Regs: rax=0xffffffff818aa9c8,rbx=0xffffffff8183a980,rcx=0xc0000000ffffefff,rdx=0xffffc9000000bc28,rsi=0xffffefff,rdi=0xffffffff,rbp=0x0,rsp=0xffffc9000000bbe8,r8=0x0,r9=0xffffffff8183a980,r10=0xffffc9000000bc20,r11=0xffffefff,r12=0xffffc9000000bc78,r13=0x0,r14=0xffffffff8183a9e0,r15=0xffffffea
=> 0xffffffff8103f553 <desc_read+33>:	jne    0xffffffff8103f5cc <desc_read+154>
Regs: rax=0xffffffff818aa9c8,rbx=0xffffffff8183a980,rcx=0xc0000000ffffefff,rdx=0xffffc9000000bc28,rsi=0xffffefff,rdi=0xffffffff,rbp=0x0,rsp=0xffffc9000000bbe8,r8=0x0,r9=0xffffffff8183a980,r10=0xffffc9000000bc20,r11=0xffffefff,r12=0xffffc9000000bc78,r13=0x0,r14=0xffffffff8183a9e0,r15=0xffffffea
=> 0xffffffff8103f555 <desc_read+35>:	mov    %rcx,%r11
Regs: rax=0xffffffff818aa9c8,rbx=0xffffffff8183a980,rcx=0xc0000000ffffefff,rdx=0xffffc9000000bc28,rsi=0xffffefff,rdi=0xffffffff,rbp=0x0,rsp=0xffffc9000000bbe8,r8=0x0,r9=0xffffffff8183a980,r10=0xffffc9000000bc20,r11=0xc0000000ffffefff,r12=0xffffc9000000bc78,r13=0x0,r14=0xffffffff8183a9e0,r15=0xffffffea
=> 0xffffffff8103f558 <desc_read+38>:	xor    %edi,%edi
Regs: rax=0xffffffff818aa9c8,rbx=0xffffffff8183a980,rcx=0xc0000000ffffefff,rdx=0xffffc9000000bc28,rsi=0xffffefff,rdi=0x0,rbp=0x0,rsp=0xffffc9000000bbe8,r8=0x0,r9=0xffffffff8183a980,r10=0xffffc9000000bc20,r11=0xc0000000ffffefff,r12=0xffffc9000000bc78,r13=0x0,r14=0xffffffff8183a9e0,r15=0xffffffea
=> 0xffffffff8103f55a <desc_read+40>:	shr    $0x3e,%r11
Regs: rax=0xffffffff818aa9c8,rbx=0xffffffff8183a980,rcx=0xc0000000ffffefff,rdx=0xffffc9000000bc28,rsi=0xffffefff,rdi=0x0,rbp=0x0,rsp=0xffffc9000000bbe8,r8=0x0,r9=0xffffffff8183a980,r10=0xffffc9000000bc20,r11=0x3,r12=0xffffc9000000bc78,r13=0x0,r14=0xffffffff8183a9e0,r15=0xffffffea
=> 0xffffffff8103f55e <desc_read+44>:	je     0xffffffff8103f5cc <desc_read+154>
Regs: rax=0xffffffff818aa9c8,rbx=0xffffffff8183a980,rcx=0xc0000000ffffefff,rdx=0xffffc9000000bc28,rsi=0xffffefff,rdi=0x0,rbp=0x0,rsp=0xffffc9000000bbe8,r8=0x0,r9=0xffffffff8183a980,r10=0xffffc9000000bc20,r11=0x3,r12=0xffffc9000000bc78,r13=0x0,r14=0xffffffff8183a9e0,r15=0xffffffea
=> 0xffffffff8103f560 <desc_read+46>:	mov    0x10(%r9),%rdi
Regs: rax=0xffffffff818aa9c8,rbx=0xffffffff8183a980,rcx=0xc0000000ffffefff,rdx=0xffffc9000000bc28,rsi=0xffffefff,rdi=0xffffffff8183a9e0,rbp=0x0,rsp=0xffffc9000000bbe8,r8=0x0,r9=0xffffffff8183a980,r10=0xffffc9000000bc20,r11=0x3,r12=0xffffc9000000bc78,r13=0x0,r14=0xffffffff8183a9e0,r15=0xffffffea
=> 0xffffffff8103f564 <desc_read+50>:	mov    (%r9),%ecx
Regs: rax=0xffffffff818aa9c8,rbx=0xffffffff8183a980,rcx=0xc,rdx=0xffffc9000000bc28,rsi=0xffffefff,rdi=0xffffffff8183a9e0,rbp=0x0,rsp=0xffffc9000000bbe8,r8=0x0,r9=0xffffffff8183a980,r10=0xffffc9000000bc20,r11=0x3,r12=0xffffc9000000bc78,r13=0x0,r14=0xffffffff8183a9e0,r15=0xffffffea
=> 0xffffffff8103f567 <desc_read+53>:	test   %rdx,%rdx
Regs: rax=0xffffffff818aa9c8,rbx=0xffffffff8183a980,rcx=0xc,rdx=0xffffc9000000bc28,rsi=0xffffefff,rdi=0xffffffff8183a9e0,rbp=0x0,rsp=0xffffc9000000bbe8,r8=0x0,r9=0xffffffff8183a980,r10=0xffffc9000000bc20,r11=0x3,r12=0xffffc9000000bc78,r13=0x0,r14=0xffffffff8183a9e0,r15=0xffffffea
=> 0xffffffff8103f56a <desc_read+56>:	je     0xffffffff8103f57c <desc_read+74>
Regs: rax=0xffffffff818aa9c8,rbx=0xffffffff8183a980,rcx=0xc,rdx=0xffffc9000000bc28,rsi=0xffffefff,rdi=0xffffffff8183a9e0,rbp=0x0,rsp=0xffffc9000000bbe8,r8=0x0,r9=0xffffffff8183a980,r10=0xffffc9000000bc20,r11=0x3,r12=0xffffc9000000bc78,r13=0x0,r14=0xffffffff8183a9e0,r15=0xffffffea
=> 0xffffffff8103f56c <desc_read+58>:	mov    0x8(%rax),%r9
Regs: rax=0xffffffff818aa9c8,rbx=0xffffffff8183a980,rcx=0xc,rdx=0xffffc9000000bc28,rsi=0xffffefff,rdi=0xffffffff8183a9e0,rbp=0x0,rsp=0xffffc9000000bbe8,r8=0x0,r9=0x1,r10=0xffffc9000000bc20,r11=0x3,r12=0xffffc9000000bc78,r13=0x0,r14=0xffffffff8183a9e0,r15=0xffffffea
=> 0xffffffff8103f570 <desc_read+62>:	mov    %r9,0x8(%rdx)
Regs: rax=0xffffffff818aa9c8,rbx=0xffffffff8183a980,rcx=0xc,rdx=0xffffc9000000bc28,rsi=0xffffefff,rdi=0xffffffff8183a9e0,rbp=0x0,rsp=0xffffc9000000bbe8,r8=0x0,r9=0x1,r10=0xffffc9000000bc20,r11=0x3,r12=0xffffc9000000bc78,r13=0x0,r14=0xffffffff8183a9e0,r15=0xffffffea
=> 0xffffffff8103f574 <desc_read+66>:	mov    0x10(%rax),%r9
Regs: rax=0xffffffff818aa9c8,rbx=0xffffffff8183a980,rcx=0xc,rdx=0xffffc9000000bc28,rsi=0xffffefff,rdi=0xffffffff8183a9e0,rbp=0x0,rsp=0xffffc9000000bbe8,r8=0x0,r9=0x1,r10=0xffffc9000000bc20,r11=0x3,r12=0xffffc9000000bc78,r13=0x0,r14=0xffffffff8183a9e0,r15=0xffffffea
=> 0xffffffff8103f578 <desc_read+70>:	mov    %r9,0x10(%rdx)
Regs: rax=0xffffffff818aa9c8,rbx=0xffffffff8183a980,rcx=0xc,rdx=0xffffc9000000bc28,rsi=0xffffefff,rdi=0xffffffff8183a9e0,rbp=0x0,rsp=0xffffc9000000bbe8,r8=0x0,r9=0x1,r10=0xffffc9000000bc20,r11=0x3,r12=0xffffc9000000bc78,r13=0x0,r14=0xffffffff8183a9e0,r15=0xffffffea
=> 0xffffffff8103f57c <desc_read+74>:	mov    $0x1,%r9d
Regs: rax=0xffffffff818aa9c8,rbx=0xffffffff8183a980,rcx=0xc,rdx=0xffffc9000000bc28,rsi=0xffffefff,rdi=0xffffffff8183a9e0,rbp=0x0,rsp=0xffffc9000000bbe8,r8=0x0,r9=0x1,r10=0xffffc9000000bc20,r11=0x3,r12=0xffffc9000000bc78,r13=0x0,r14=0xffffffff8183a9e0,r15=0xffffffea
=> 0xffffffff8103f582 <desc_read+80>:	shl    %cl,%r9d
Regs: rax=0xffffffff818aa9c8,rbx=0xffffffff8183a980,rcx=0xc,rdx=0xffffc9000000bc28,rsi=0xffffefff,rdi=0xffffffff8183a9e0,rbp=0x0,rsp=0xffffc9000000bbe8,r8=0x0,r9=0x1000,r10=0xffffc9000000bc20,r11=0x3,r12=0xffffc9000000bc78,r13=0x0,r14=0xffffffff8183a9e0,r15=0xffffffea
=> 0xffffffff8103f585 <desc_read+83>:	lea    -0x1(%r9),%ecx
Regs: rax=0xffffffff818aa9c8,rbx=0xffffffff8183a980,rcx=0xfff,rdx=0xffffc9000000bc28,rsi=0xffffefff,rdi=0xffffffff8183a9e0,rbp=0x0,rsp=0xffffc9000000bbe8,r8=0x0,r9=0x1000,r10=0xffffc9000000bc20,r11=0x3,r12=0xffffc9000000bc78,r13=0x0,r14=0xffffffff8183a9e0,r15=0xffffffea
=> 0xffffffff8103f589 <desc_read+87>:	and    %rsi,%rcx
Regs: rax=0xffffffff818aa9c8,rbx=0xffffffff8183a980,rcx=0xfff,rdx=0xffffc9000000bc28,rsi=0xffffefff,rdi=0xffffffff8183a9e0,rbp=0x0,rsp=0xffffc9000000bbe8,r8=0x0,r9=0x1000,r10=0xffffc9000000bc20,r11=0x3,r12=0xffffc9000000bc78,r13=0x0,r14=0xffffffff8183a9e0,r15=0xffffffea
=> 0xffffffff8103f58c <desc_read+90>:	imul   $0x58,%rcx,%rcx
Regs: rax=0xffffffff818aa9c8,rbx=0xffffffff8183a980,rcx=0x57fa8,rdx=0xffffc9000000bc28,rsi=0xffffefff,rdi=0xffffffff8183a9e0,rbp=0x0,rsp=0xffffc9000000bbe8,r8=0x0,r9=0x1000,r10=0xffffc9000000bc20,r11=0x3,r12=0xffffc9000000bc78,r13=0x0,r14=0xffffffff8183a9e0,r15=0xffffffea
=> 0xffffffff8103f590 <desc_read+94>:	add    %rdi,%rcx
Regs: rax=0xffffffff818aa9c8,rbx=0xffffffff8183a980,rcx=0xffffffff81892988,rdx=0xffffc9000000bc28,rsi=0xffffefff,rdi=0xffffffff8183a9e0,rbp=0x0,rsp=0xffffc9000000bbe8,r8=0x0,r9=0x1000,r10=0xffffc9000000bc20,r11=0x3,r12=0xffffc9000000bc78,r13=0x0,r14=0xffffffff8183a9e0,r15=0xffffffea
=> 0xffffffff8103f593 <desc_read+97>:	test   %r10,%r10
Regs: rax=0xffffffff818aa9c8,rbx=0xffffffff8183a980,rcx=0xffffffff81892988,rdx=0xffffc9000000bc28,rsi=0xffffefff,rdi=0xffffffff8183a9e0,rbp=0x0,rsp=0xffffc9000000bbe8,r8=0x0,r9=0x1000,r10=0xffffc9000000bc20,r11=0x3,r12=0xffffc9000000bc78,r13=0x0,r14=0xffffffff8183a9e0,r15=0xffffffea
=> 0xffffffff8103f596 <desc_read+100>:	je     0xffffffff8103f59e <desc_read+108>
Regs: rax=0xffffffff818aa9c8,rbx=0xffffffff8183a980,rcx=0xffffffff81892988,rdx=0xffffc9000000bc28,rsi=0xffffefff,rdi=0xffffffff8183a9e0,rbp=0x0,rsp=0xffffc9000000bbe8,r8=0x0,r9=0x1000,r10=0xffffc9000000bc20,r11=0x3,r12=0xffffc9000000bc78,r13=0x0,r14=0xffffffff8183a9e0,r15=0xffffffea
=> 0xffffffff8103f598 <desc_read+102>:	mov    (%rcx),%rdi
Regs: rax=0xffffffff818aa9c8,rbx=0xffffffff8183a980,rcx=0xffffffff81892988,rdx=0xffffc9000000bc28,rsi=0xffffefff,rdi=0x0,rbp=0x0,rsp=0xffffc9000000bbe8,r8=0x0,r9=0x1000,r10=0xffffc9000000bc20,r11=0x3,r12=0xffffc9000000bc78,r13=0x0,r14=0xffffffff8183a9e0,r15=0xffffffea
=> 0xffffffff8103f59b <desc_read+105>:	mov    %rdi,(%r10)
Regs: rax=0xffffffff818aa9c8,rbx=0xffffffff8183a980,rcx=0xffffffff81892988,rdx=0xffffc9000000bc28,rsi=0xffffefff,rdi=0x0,rbp=0x0,rsp=0xffffc9000000bbe8,r8=0x0,r9=0x1000,r10=0xffffc9000000bc20,r11=0x3,r12=0xffffc9000000bc78,r13=0x0,r14=0xffffffff8183a9e0,r15=0xffffffea
=> 0xffffffff8103f59e <desc_read+108>:	test   %r8,%r8
Regs: rax=0xffffffff818aa9c8,rbx=0xffffffff8183a980,rcx=0xffffffff81892988,rdx=0xffffc9000000bc28,rsi=0xffffefff,rdi=0x0,rbp=0x0,rsp=0xffffc9000000bbe8,r8=0x0,r9=0x1000,r10=0xffffc9000000bc20,r11=0x3,r12=0xffffc9000000bc78,r13=0x0,r14=0xffffffff8183a9e0,r15=0xffffffea
=> 0xffffffff8103f5a1 <desc_read+111>:	je     0xffffffff8103f5a9 <desc_read+119>
Regs: rax=0xffffffff818aa9c8,rbx=0xffffffff8183a980,rcx=0xffffffff81892988,rdx=0xffffc9000000bc28,rsi=0xffffefff,rdi=0x0,rbp=0x0,rsp=0xffffc9000000bbe8,r8=0x0,r9=0x1000,r10=0xffffc9000000bc20,r11=0x3,r12=0xffffc9000000bc78,r13=0x0,r14=0xffffffff8183a9e0,r15=0xffffffea
=> 0xffffffff8103f5a9 <desc_read+119>:	mov    (%rax),%rcx
Regs: rax=0xffffffff818aa9c8,rbx=0xffffffff8183a980,rcx=0xc0000000ffffefff,rdx=0xffffc9000000bc28,rsi=0xffffefff,rdi=0x0,rbp=0x0,rsp=0xffffc9000000bbe8,r8=0x0,r9=0x1000,r10=0xffffc9000000bc20,r11=0x3,r12=0xffffc9000000bc78,r13=0x0,r14=0xffffffff8183a9e0,r15=0xffffffea
=> 0xffffffff8103f5ac <desc_read+122>:	mov    $0xffffffff,%edi
Regs: rax=0xffffffff818aa9c8,rbx=0xffffffff8183a980,rcx=0xc0000000ffffefff,rdx=0xffffc9000000bc28,rsi=0xffffefff,rdi=0xffffffff,rbp=0x0,rsp=0xffffc9000000bbe8,r8=0x0,r9=0x1000,r10=0xffffc9000000bc20,r11=0x3,r12=0xffffc9000000bc78,r13=0x0,r14=0xffffffff8183a9e0,r15=0xffffffea
=> 0xffffffff8103f5b1 <desc_read+127>:	movabs $0x3fffffffffffffff,%rax
Regs: rax=0x3fffffffffffffff,rbx=0xffffffff8183a980,rcx=0xc0000000ffffefff,rdx=0xffffc9000000bc28,rsi=0xffffefff,rdi=0xffffffff,rbp=0x0,rsp=0xffffc9000000bbe8,r8=0x0,r9=0x1000,r10=0xffffc9000000bc20,r11=0x3,r12=0xffffc9000000bc78,r13=0x0,r14=0xffffffff8183a9e0,r15=0xffffffea
=> 0xffffffff8103f5bb <desc_read+137>:	and    %rcx,%rax
Regs: rax=0xffffefff,rbx=0xffffffff8183a980,rcx=0xc0000000ffffefff,rdx=0xffffc9000000bc28,rsi=0xffffefff,rdi=0xffffffff,rbp=0x0,rsp=0xffffc9000000bbe8,r8=0x0,r9=0x1000,r10=0xffffc9000000bc20,r11=0x3,r12=0xffffc9000000bc78,r13=0x0,r14=0xffffffff8183a9e0,r15=0xffffffea
=> 0xffffffff8103f5be <desc_read+140>:	mov    %rcx,%r8
Regs: rax=0xffffefff,rbx=0xffffffff8183a980,rcx=0xc0000000ffffefff,rdx=0xffffc9000000bc28,rsi=0xffffefff,rdi=0xffffffff,rbp=0x0,rsp=0xffffc9000000bbe8,r8=0xc0000000ffffefff,r9=0x1000,r10=0xffffc9000000bc20,r11=0x3,r12=0xffffc9000000bc78,r13=0x0,r14=0xffffffff8183a9e0,r15=0xffffffea
=> 0xffffffff8103f5c1 <desc_read+143>:	shr    $0x3e,%r8
Regs: rax=0xffffefff,rbx=0xffffffff8183a980,rcx=0xc0000000ffffefff,rdx=0xffffc9000000bc28,rsi=0xffffefff,rdi=0xffffffff,rbp=0x0,rsp=0xffffc9000000bbe8,r8=0x3,r9=0x1000,r10=0xffffc9000000bc20,r11=0x3,r12=0xffffc9000000bc78,r13=0x0,r14=0xffffffff8183a9e0,r15=0xffffffea
=> 0xffffffff8103f5c5 <desc_read+147>:	cmp    %rax,%rsi
Regs: rax=0xffffefff,rbx=0xffffffff8183a980,rcx=0xc0000000ffffefff,rdx=0xffffc9000000bc28,rsi=0xffffefff,rdi=0xffffffff,rbp=0x0,rsp=0xffffc9000000bbe8,r8=0x3,r9=0x1000,r10=0xffffc9000000bc20,r11=0x3,r12=0xffffc9000000bc78,r13=0x0,r14=0xffffffff8183a9e0,r15=0xffffffea
=> 0xffffffff8103f5c8 <desc_read+150>:	cmove  %r8d,%edi
Regs: rax=0xffffefff,rbx=0xffffffff8183a980,rcx=0xc0000000ffffefff,rdx=0xffffc9000000bc28,rsi=0xffffefff,rdi=0x3,rbp=0x0,rsp=0xffffc9000000bbe8,r8=0x3,r9=0x1000,r10=0xffffc9000000bc20,r11=0x3,r12=0xffffc9000000bc78,r13=0x0,r14=0xffffffff8183a9e0,r15=0xffffffea
=> 0xffffffff8103f5cc <desc_read+154>:	test   %rdx,%rdx
Regs: rax=0xffffefff,rbx=0xffffffff8183a980,rcx=0xc0000000ffffefff,rdx=0xffffc9000000bc28,rsi=0xffffefff,rdi=0x3,rbp=0x0,rsp=0xffffc9000000bbe8,r8=0x3,r9=0x1000,r10=0xffffc9000000bc20,r11=0x3,r12=0xffffc9000000bc78,r13=0x0,r14=0xffffffff8183a9e0,r15=0xffffffea
=> 0xffffffff8103f5cf <desc_read+157>:	je     0xffffffff8103f5d4 <desc_read+162>
Regs: rax=0xffffefff,rbx=0xffffffff8183a980,rcx=0xc0000000ffffefff,rdx=0xffffc9000000bc28,rsi=0xffffefff,rdi=0x3,rbp=0x0,rsp=0xffffc9000000bbe8,r8=0x3,r9=0x1000,r10=0xffffc9000000bc20,r11=0x3,r12=0xffffc9000000bc78,r13=0x0,r14=0xffffffff8183a9e0,r15=0xffffffea
=> 0xffffffff8103f5d1 <desc_read+159>:	mov    %rcx,(%rdx)
Regs: rax=0xffffefff,rbx=0xffffffff8183a980,rcx=0xc0000000ffffefff,rdx=0xffffc9000000bc28,rsi=0xffffefff,rdi=0x3,rbp=0x0,rsp=0xffffc9000000bbe8,r8=0x3,r9=0x1000,r10=0xffffc9000000bc20,r11=0x3,r12=0xffffc9000000bc78,r13=0x0,r14=0xffffffff8183a9e0,r15=0xffffffea
=> 0xffffffff8103f5d4 <desc_read+162>:	mov    %edi,%eax
Regs: rax=0x3,rbx=0xffffffff8183a980,rcx=0xc0000000ffffefff,rdx=0xffffc9000000bc28,rsi=0xffffefff,rdi=0x3,rbp=0x0,rsp=0xffffc9000000bbe8,r8=0x3,r9=0x1000,r10=0xffffc9000000bc20,r11=0x3,r12=0xffffc9000000bc78,r13=0x0,r14=0xffffffff8183a9e0,r15=0xffffffea
=> 0xffffffff8103f5d6 <desc_read+164>:	ret    
Regs: rax=0x3,rbx=0xffffffff8183a980,rcx=0xc0000000ffffefff,rdx=0xffffc9000000bc28,rsi=0xffffefff,rdi=0x3,rbp=0x0,rsp=0xffffc9000000bbf0,r8=0x3,r9=0x1000,r10=0xffffc9000000bc20,r11=0x3,r12=0xffffc9000000bc78,r13=0x0,r14=0xffffffff8183a9e0,r15=0xffffffea
=> 0xffffffff8103f9b4 <_prb_read_valid+167>:	sub    $0x2,%eax
Regs: rax=0x1,rbx=0xffffffff8183a980,rcx=0xc0000000ffffefff,rdx=0xffffc9000000bc28,rsi=0xffffefff,rdi=0x3,rbp=0x0,rsp=0xffffc9000000bbf0,r8=0x3,r9=0x1000,r10=0xffffc9000000bc20,r11=0x3,r12=0xffffc9000000bc78,r13=0x0,r14=0xffffffff8183a9e0,r15=0xffffffea
=> 0xffffffff8103f9b7 <_prb_read_valid+170>:	cmp    $0x1,%eax
Regs: rax=0x1,rbx=0xffffffff8183a980,rcx=0xc0000000ffffefff,rdx=0xffffc9000000bc28,rsi=0xffffefff,rdi=0x3,rbp=0x0,rsp=0xffffc9000000bbf0,r8=0x3,r9=0x1000,r10=0xffffc9000000bc20,r11=0x3,r12=0xffffc9000000bc78,r13=0x0,r14=0xffffffff8183a9e0,r15=0xffffffea
=> 0xffffffff8103f9ba <_prb_read_valid+173>:	jbe    0xffffffff8103f9be <_prb_read_valid+177>
Regs: rax=0x1,rbx=0xffffffff8183a980,rcx=0xc0000000ffffefff,rdx=0xffffc9000000bc28,rsi=0xffffefff,rdi=0x3,rbp=0x0,rsp=0xffffc9000000bbf0,r8=0x3,r9=0x1000,r10=0xffffc9000000bc20,r11=0x3,r12=0xffffc9000000bc78,r13=0x0,r14=0xffffffff8183a9e0,r15=0xffffffea
=> 0xffffffff8103f9be <_prb_read_valid+177>:	mov    0x30(%rsp),%rax
Regs: rax=0x0,rbx=0xffffffff8183a980,rcx=0xc0000000ffffefff,rdx=0xffffc9000000bc28,rsi=0xffffefff,rdi=0x3,rbp=0x0,rsp=0xffffc9000000bbf0,r8=0x3,r9=0x1000,r10=0xffffc9000000bc20,r11=0x3,r12=0xffffc9000000bc78,r13=0x0,r14=0xffffffff8183a9e0,r15=0xffffffea
=> 0xffffffff8103f9c3 <_prb_read_valid+182>:	mov    (%r12),%rdx
Regs: rax=0x0,rbx=0xffffffff8183a980,rcx=0xc0000000ffffefff,rdx=0x77,rsi=0xffffefff,rdi=0x3,rbp=0x0,rsp=0xffffc9000000bbf0,r8=0x3,r9=0x1000,r10=0xffffc9000000bc20,r11=0x3,r12=0xffffc9000000bc78,r13=0x0,r14=0xffffffff8183a9e0,r15=0xffffffea
=> 0xffffffff8103f9c7 <_prb_read_valid+186>:	cmp    %rax,%rdx
Regs: rax=0x0,rbx=0xffffffff8183a980,rcx=0xc0000000ffffefff,rdx=0x77,rsi=0xffffefff,rdi=0x3,rbp=0x0,rsp=0xffffc9000000bbf0,r8=0x3,r9=0x1000,r10=0xffffc9000000bc20,r11=0x3,r12=0xffffc9000000bc78,r13=0x0,r14=0xffffffff8183a9e0,r15=0xffffffea
=> 0xffffffff8103f9ca <_prb_read_valid+189>:	jb     0xffffffff8103f9da <_prb_read_valid+205>
Regs: rax=0x0,rbx=0xffffffff8183a980,rcx=0xc0000000ffffefff,rdx=0x77,rsi=0xffffefff,rdi=0x3,rbp=0x0,rsp=0xffffc9000000bbf0,r8=0x3,r9=0x1000,r10=0xffffc9000000bc20,r11=0x3,r12=0xffffc9000000bc78,r13=0x0,r14=0xffffffff8183a9e0,r15=0xffffffea
=> 0xffffffff8103f9cc <_prb_read_valid+191>:	cmp    $0xfffffffe,%r15d
Regs: rax=0x0,rbx=0xffffffff8183a980,rcx=0xc0000000ffffefff,rdx=0x77,rsi=0xffffefff,rdi=0x3,rbp=0x0,rsp=0xffffc9000000bbf0,r8=0x3,r9=0x1000,r10=0xffffc9000000bc20,r11=0x3,r12=0xffffc9000000bc78,r13=0x0,r14=0xffffffff8183a9e0,r15=0xffffffea
=> 0xffffffff8103f9d0 <_prb_read_valid+195>:	jne    0xffffffff8103fb1a <_prb_read_valid+525>
Regs: rax=0x0,rbx=0xffffffff8183a980,rcx=0xc0000000ffffefff,rdx=0x77,rsi=0xffffefff,rdi=0x3,rbp=0x0,rsp=0xffffc9000000bbf0,r8=0x3,r9=0x1000,r10=0xffffc9000000bc20,r11=0x3,r12=0xffffc9000000bc78,r13=0x0,r14=0xffffffff8183a9e0,r15=0xffffffea
=> 0xffffffff8103fb1a <_prb_read_valid+525>:	xor    %eax,%eax
Regs: rax=0x0,rbx=0xffffffff8183a980,rcx=0xc0000000ffffefff,rdx=0x77,rsi=0xffffefff,rdi=0x3,rbp=0x0,rsp=0xffffc9000000bbf0,r8=0x3,r9=0x1000,r10=0xffffc9000000bc20,r11=0x3,r12=0xffffc9000000bc78,r13=0x0,r14=0xffffffff8183a9e0,r15=0xffffffea
=> 0xffffffff8103fb1c <_prb_read_valid+527>:	add    $0x50,%rsp
Regs: rax=0x0,rbx=0xffffffff8183a980,rcx=0xc0000000ffffefff,rdx=0x77,rsi=0xffffefff,rdi=0x3,rbp=0x0,rsp=0xffffc9000000bc40,r8=0x3,r9=0x1000,r10=0xffffc9000000bc20,r11=0x3,r12=0xffffc9000000bc78,r13=0x0,r14=0xffffffff8183a9e0,r15=0xffffffea
=> 0xffffffff8103fb20 <_prb_read_valid+531>:	pop    %rbx
Regs: rax=0x0,rbx=0x0,rcx=0xc0000000ffffefff,rdx=0x77,rsi=0xffffefff,rdi=0x3,rbp=0x0,rsp=0xffffc9000000bc48,r8=0x3,r9=0x1000,r10=0xffffc9000000bc20,r11=0x3,r12=0xffffc9000000bc78,r13=0x0,r14=0xffffffff8183a9e0,r15=0xffffffea
=> 0xffffffff8103fb21 <_prb_read_valid+532>:	pop    %rbp
Regs: rax=0x0,rbx=0x0,rcx=0xc0000000ffffefff,rdx=0x77,rsi=0xffffefff,rdi=0x3,rbp=0x0,rsp=0xffffc9000000bc50,r8=0x3,r9=0x1000,r10=0xffffc9000000bc20,r11=0x3,r12=0xffffc9000000bc78,r13=0x0,r14=0xffffffff8183a9e0,r15=0xffffffea
=> 0xffffffff8103fb22 <_prb_read_valid+533>:	pop    %r12
Regs: rax=0x0,rbx=0x0,rcx=0xc0000000ffffefff,rdx=0x77,rsi=0xffffefff,rdi=0x3,rbp=0x0,rsp=0xffffc9000000bc58,r8=0x3,r9=0x1000,r10=0xffffc9000000bc20,r11=0x3,r12=0x77,r13=0x0,r14=0xffffffff8183a9e0,r15=0xffffffea
=> 0xffffffff8103fb24 <_prb_read_valid+535>:	pop    %r13
Regs: rax=0x0,rbx=0x0,rcx=0xc0000000ffffefff,rdx=0x77,rsi=0xffffefff,rdi=0x3,rbp=0x0,rsp=0xffffc9000000bc60,r8=0x3,r9=0x1000,r10=0xffffc9000000bc20,r11=0x3,r12=0x77,r13=0x0,r14=0xffffffff8183a9e0,r15=0xffffffea
=> 0xffffffff8103fb26 <_prb_read_valid+537>:	pop    %r14
Regs: rax=0x0,rbx=0x0,rcx=0xc0000000ffffefff,rdx=0x77,rsi=0xffffefff,rdi=0x3,rbp=0x0,rsp=0xffffc9000000bc68,r8=0x3,r9=0x1000,r10=0xffffc9000000bc20,r11=0x3,r12=0x77,r13=0x0,r14=0x0,r15=0xffffffea
=> 0xffffffff8103fb28 <_prb_read_valid+539>:	pop    %r15
Regs: rax=0x0,rbx=0x0,rcx=0xc0000000ffffefff,rdx=0x77,rsi=0xffffefff,rdi=0x3,rbp=0x0,rsp=0xffffc9000000bc70,r8=0x3,r9=0x1000,r10=0xffffc9000000bc20,r11=0x3,r12=0x77,r13=0x0,r14=0x0,r15=0x1
=> 0xffffffff8103fb2a <_prb_read_valid+541>:	ret    
Regs: rax=0x0,rbx=0x0,rcx=0xc0000000ffffefff,rdx=0x77,rsi=0xffffefff,rdi=0x3,rbp=0x0,rsp=0xffffc9000000bc78,r8=0x3,r9=0x1000,r10=0xffffc9000000bc20,r11=0x3,r12=0x77,r13=0x0,r14=0x0,r15=0x1
=> 0xffffffff8104017f <prb_read_valid+15>:	pop    %rdx
Regs: rax=0x0,rbx=0x0,rcx=0xc0000000ffffefff,rdx=0x77,rsi=0xffffefff,rdi=0x3,rbp=0x0,rsp=0xffffc9000000bc80,r8=0x3,r9=0x1000,r10=0xffffc9000000bc20,r11=0x3,r12=0x77,r13=0x0,r14=0x0,r15=0x1
=> 0xffffffff81040180 <prb_read_valid+16>:	ret    
Regs: rax=0x0,rbx=0x0,rcx=0xc0000000ffffefff,rdx=0x77,rsi=0xffffefff,rdi=0x3,rbp=0x0,rsp=0xffffc9000000bc88,r8=0x3,r9=0x1000,r10=0xffffc9000000bc20,r11=0x3,r12=0x77,r13=0x0,r14=0x0,r15=0x1
=> 0xffffffff8103e8d7 <console_unlock+234>:	test   %al,%al
Regs: rax=0x0,rbx=0x0,rcx=0xc0000000ffffefff,rdx=0x77,rsi=0xffffefff,rdi=0x3,rbp=0x0,rsp=0xffffc9000000bc88,r8=0x3,r9=0x1000,r10=0xffffc9000000bc20,r11=0x3,r12=0x77,r13=0x0,r14=0x0,r15=0x1
=> 0xffffffff8103e8d9 <console_unlock+236>:	je     0xffffffff8103e932 <console_unlock+325>
Regs: rax=0x0,rbx=0x0,rcx=0xc0000000ffffefff,rdx=0x77,rsi=0xffffefff,rdi=0x3,rbp=0x0,rsp=0xffffc9000000bc88,r8=0x3,r9=0x1000,r10=0xffffc9000000bc20,r11=0x3,r12=0x77,r13=0x0,r14=0x0,r15=0x1
=> 0xffffffff8103e932 <console_unlock+325>:	add    $0x10,%rsp
Regs: rax=0x0,rbx=0x0,rcx=0xc0000000ffffefff,rdx=0x77,rsi=0xffffefff,rdi=0x3,rbp=0x0,rsp=0xffffc9000000bc98,r8=0x3,r9=0x1000,r10=0xffffc9000000bc20,r11=0x3,r12=0x77,r13=0x0,r14=0x0,r15=0x1
=> 0xffffffff8103e936 <console_unlock+329>:	pop    %rbx
Regs: rax=0x0,rbx=0x1,rcx=0xc0000000ffffefff,rdx=0x77,rsi=0xffffefff,rdi=0x3,rbp=0x0,rsp=0xffffc9000000bca0,r8=0x3,r9=0x1000,r10=0xffffc9000000bc20,r11=0x3,r12=0x77,r13=0x0,r14=0x0,r15=0x1
=> 0xffffffff8103e937 <console_unlock+330>:	pop    %rbp
Regs: rax=0x0,rbx=0x1,rcx=0xc0000000ffffefff,rdx=0x77,rsi=0xffffefff,rdi=0x3,rbp=0x6c,rsp=0xffffc9000000bca8,r8=0x3,r9=0x1000,r10=0xffffc9000000bc20,r11=0x3,r12=0x77,r13=0x0,r14=0x0,r15=0x1
=> 0xffffffff8103e938 <console_unlock+331>:	pop    %r12
Regs: rax=0x0,rbx=0x1,rcx=0xc0000000ffffefff,rdx=0x77,rsi=0xffffefff,rdi=0x3,rbp=0x6c,rsp=0xffffc9000000bcb0,r8=0x3,r9=0x1000,r10=0xffffc9000000bc20,r11=0x3,r12=0x6c,r13=0x0,r14=0x0,r15=0x1
=> 0xffffffff8103e93a <console_unlock+333>:	pop    %r13
Regs: rax=0x0,rbx=0x1,rcx=0xc0000000ffffefff,rdx=0x77,rsi=0xffffefff,rdi=0x3,rbp=0x6c,rsp=0xffffc9000000bcb8,r8=0x3,r9=0x1000,r10=0xffffc9000000bc20,r11=0x3,r12=0x6c,r13=0xffff888000143638,r14=0x0,r15=0x1
=> 0xffffffff8103e93c <console_unlock+335>:	pop    %r14
Regs: rax=0x0,rbx=0x1,rcx=0xc0000000ffffefff,rdx=0x77,rsi=0xffffefff,rdi=0x3,rbp=0x6c,rsp=0xffffc9000000bcc0,r8=0x3,r9=0x1000,r10=0xffffc9000000bc20,r11=0x3,r12=0x6c,r13=0xffff888000143638,r14=0x700,r15=0x1
=> 0xffffffff8103e93e <console_unlock+337>:	pop    %r15
Regs: rax=0x0,rbx=0x1,rcx=0xc0000000ffffefff,rdx=0x77,rsi=0xffffefff,rdi=0x3,rbp=0x6c,rsp=0xffffc9000000bcc8,r8=0x3,r9=0x1000,r10=0xffffc9000000bc20,r11=0x3,r12=0x6c,r13=0xffff888000143638,r14=0x700,r15=0xffff888007b1d668
=> 0xffffffff8103e940 <console_unlock+339>:	ret    
Regs: rax=0x0,rbx=0x1,rcx=0xc0000000ffffefff,rdx=0x77,rsi=0xffffefff,rdi=0x3,rbp=0x6c,rsp=0xffffc9000000bcd0,r8=0x3,r9=0x1000,r10=0xffffc9000000bc20,r11=0x3,r12=0x6c,r13=0xffff888000143638,r14=0x700,r15=0xffff888007b1d668
=> 0xffffffff810df89a <do_con_write+1749>:	jmp    0xffffffff810e0bab <do_con_write+6630>
Regs: rax=0x0,rbx=0x1,rcx=0xc0000000ffffefff,rdx=0x77,rsi=0xffffefff,rdi=0x3,rbp=0x6c,rsp=0xffffc9000000bcd0,r8=0x3,r9=0x1000,r10=0xffffc9000000bc20,r11=0x3,r12=0x6c,r13=0xffff888000143638,r14=0x700,r15=0xffff888007b1d668
=> 0xffffffff810e0bab <do_con_write+6630>:	mov    0x14(%rsp),%eax
Regs: rax=0x1,rbx=0x1,rcx=0xc0000000ffffefff,rdx=0x77,rsi=0xffffefff,rdi=0x3,rbp=0x6c,rsp=0xffffc9000000bcd0,r8=0x3,r9=0x1000,r10=0xffffc9000000bc20,r11=0x3,r12=0x6c,r13=0xffff888000143638,r14=0x700,r15=0xffff888007b1d668
=> 0xffffffff810e0baf <do_con_write+6634>:	add    $0x78,%rsp
Regs: rax=0x1,rbx=0x1,rcx=0xc0000000ffffefff,rdx=0x77,rsi=0xffffefff,rdi=0x3,rbp=0x6c,rsp=0xffffc9000000bd48,r8=0x3,r9=0x1000,r10=0xffffc9000000bc20,r11=0x3,r12=0x6c,r13=0xffff888000143638,r14=0x700,r15=0xffff888007b1d668
=> 0xffffffff810e0bb3 <do_con_write+6638>:	pop    %rbx
Regs: rax=0x1,rbx=0x1,rcx=0xc0000000ffffefff,rdx=0x77,rsi=0xffffefff,rdi=0x3,rbp=0x6c,rsp=0xffffc9000000bd50,r8=0x3,r9=0x1000,r10=0xffffc9000000bc20,r11=0x3,r12=0x6c,r13=0xffff888000143638,r14=0x700,r15=0xffff888007b1d668
=> 0xffffffff810e0bb4 <do_con_write+6639>:	pop    %rbp
Regs: rax=0x1,rbx=0x1,rcx=0xc0000000ffffefff,rdx=0x77,rsi=0xffffefff,rdi=0x3,rbp=0xffff888007b1d668,rsp=0xffffc9000000bd58,r8=0x3,r9=0x1000,r10=0xffffc9000000bc20,r11=0x3,r12=0x6c,r13=0xffff888000143638,r14=0x700,r15=0xffff888007b1d668
=> 0xffffffff810e0bb5 <do_con_write+6640>:	pop    %r12
Regs: rax=0x1,rbx=0x1,rcx=0xc0000000ffffefff,rdx=0x77,rsi=0xffffefff,rdi=0x3,rbp=0xffff888007b1d668,rsp=0xffffc9000000bd60,r8=0x3,r9=0x1000,r10=0xffffc9000000bc20,r11=0x3,r12=0x1,r13=0xffff888000143638,r14=0x700,r15=0xffff888007b1d668
=> 0xffffffff810e0bb7 <do_con_write+6642>:	pop    %r13
Regs: rax=0x1,rbx=0x1,rcx=0xc0000000ffffefff,rdx=0x77,rsi=0xffffefff,rdi=0x3,rbp=0xffff888007b1d668,rsp=0xffffc9000000bd68,r8=0x3,r9=0x1000,r10=0xffffc9000000bc20,r11=0x3,r12=0x1,r13=0xffff88800752fc00,r14=0x700,r15=0xffff888007b1d668
=> 0xffffffff810e0bb9 <do_con_write+6644>:	pop    %r14
Regs: rax=0x1,rbx=0x1,rcx=0xc0000000ffffefff,rdx=0x77,rsi=0xffffefff,rdi=0x3,rbp=0xffff888007b1d668,rsp=0xffffc9000000bd70,r8=0x3,r9=0x1000,r10=0xffffc9000000bc20,r11=0x3,r12=0x1,r13=0xffff88800752fc00,r14=0xffffc90000075000,r15=0xffff888007b1d668
=> 0xffffffff810e0bbb <do_con_write+6646>:	pop    %r15
Regs: rax=0x1,rbx=0x1,rcx=0xc0000000ffffefff,rdx=0x77,rsi=0xffffefff,rdi=0x3,rbp=0xffff888007b1d668,rsp=0xffffc9000000bd78,r8=0x3,r9=0x1000,r10=0xffffc9000000bc20,r11=0x3,r12=0x1,r13=0xffff88800752fc00,r14=0xffffc90000075000,r15=0xffff888007615d80
=> 0xffffffff810e0bbd <do_con_write+6648>:	ret    
Regs: rax=0x1,rbx=0x1,rcx=0xc0000000ffffefff,rdx=0x77,rsi=0xffffefff,rdi=0x3,rbp=0xffff888007b1d668,rsp=0xffffc9000000bd80,r8=0x3,r9=0x1000,r10=0xffffc9000000bc20,r11=0x3,r12=0x1,r13=0xffff88800752fc00,r14=0xffffc90000075000,r15=0xffff888007615d80
=> 0xffffffff810e0be3 <con_write+14>:	mov    0x8(%rsp),%rdi
Regs: rax=0x1,rbx=0x1,rcx=0xc0000000ffffefff,rdx=0x77,rsi=0xffffefff,rdi=0xffff888007b1d668,rbp=0xffff888007b1d668,rsp=0xffffc9000000bd80,r8=0x3,r9=0x1000,r10=0xffffc9000000bc20,r11=0x3,r12=0x1,r13=0xffff88800752fc00,r14=0xffffc90000075000,r15=0xffff888007615d80
=> 0xffffffff810e0be8 <con_write+19>:	mov    %eax,0x4(%rsp)
Regs: rax=0x1,rbx=0x1,rcx=0xc0000000ffffefff,rdx=0x77,rsi=0xffffefff,rdi=0xffff888007b1d668,rbp=0xffff888007b1d668,rsp=0xffffc9000000bd80,r8=0x3,r9=0x1000,r10=0xffffc9000000bc20,r11=0x3,r12=0x1,r13=0xffff88800752fc00,r14=0xffffc90000075000,r15=0xffff888007615d80
=> 0xffffffff810e0bec <con_write+23>:	call   0xffffffff810dcfe6 <con_flush_chars>
Regs: rax=0x1,rbx=0x1,rcx=0xc0000000ffffefff,rdx=0x77,rsi=0xffffefff,rdi=0xffff888007b1d668,rbp=0xffff888007b1d668,rsp=0xffffc9000000bd78,r8=0x3,r9=0x1000,r10=0xffffc9000000bc20,r11=0x3,r12=0x1,r13=0xffff88800752fc00,r14=0xffffc90000075000,r15=0xffff888007615d80
=> 0xffffffff810dcfe6 <con_flush_chars>:	mov    0x75805c(%rip),%eax        # 0xffffffff81835048 <__preempt_count>
Regs: rax=0x80000000,rbx=0x1,rcx=0xc0000000ffffefff,rdx=0x77,rsi=0xffffefff,rdi=0xffff888007b1d668,rbp=0xffff888007b1d668,rsp=0xffffc9000000bd78,r8=0x3,r9=0x1000,r10=0xffffc9000000bc20,r11=0x3,r12=0x1,r13=0xffff88800752fc00,r14=0xffffc90000075000,r15=0xffff888007615d80
=> 0xffffffff810dcfec <con_flush_chars+6>:	test   $0xffff00,%eax
Regs: rax=0x80000000,rbx=0x1,rcx=0xc0000000ffffefff,rdx=0x77,rsi=0xffffefff,rdi=0xffff888007b1d668,rbp=0xffff888007b1d668,rsp=0xffffc9000000bd78,r8=0x3,r9=0x1000,r10=0xffffc9000000bc20,r11=0x3,r12=0x1,r13=0xffff88800752fc00,r14=0xffffc90000075000,r15=0xffff888007615d80
=> 0xffffffff810dcff1 <con_flush_chars+11>:	jne    0xffffffff810dd013 <con_flush_chars+45>
Regs: rax=0x80000000,rbx=0x1,rcx=0xc0000000ffffefff,rdx=0x77,rsi=0xffffefff,rdi=0xffff888007b1d668,rbp=0xffff888007b1d668,rsp=0xffffc9000000bd78,r8=0x3,r9=0x1000,r10=0xffffc9000000bc20,r11=0x3,r12=0x1,r13=0xffff88800752fc00,r14=0xffffc90000075000,r15=0xffff888007615d80
=> 0xffffffff810dcff3 <con_flush_chars+13>:	push   %rbx
Regs: rax=0x80000000,rbx=0x1,rcx=0xc0000000ffffefff,rdx=0x77,rsi=0xffffefff,rdi=0xffff888007b1d668,rbp=0xffff888007b1d668,rsp=0xffffc9000000bd70,r8=0x3,r9=0x1000,r10=0xffffc9000000bc20,r11=0x3,r12=0x1,r13=0xffff88800752fc00,r14=0xffffc90000075000,r15=0xffff888007615d80
=> 0xffffffff810dcff4 <con_flush_chars+14>:	mov    %rdi,%rbx
Regs: rax=0x80000000,rbx=0xffff888007b1d668,rcx=0xc0000000ffffefff,rdx=0x77,rsi=0xffffefff,rdi=0xffff888007b1d668,rbp=0xffff888007b1d668,rsp=0xffffc9000000bd70,r8=0x3,r9=0x1000,r10=0xffffc9000000bc20,r11=0x3,r12=0x1,r13=0xffff88800752fc00,r14=0xffffc90000075000,r15=0xffff888007615d80
=> 0xffffffff810dcff7 <con_flush_chars+17>:	call   0xffffffff8103e78a <console_lock>
Regs: rax=0x80000000,rbx=0xffff888007b1d668,rcx=0xc0000000ffffefff,rdx=0x77,rsi=0xffffefff,rdi=0xffff888007b1d668,rbp=0xffff888007b1d668,rsp=0xffffc9000000bd68,r8=0x3,r9=0x1000,r10=0xffffc9000000bc20,r11=0x3,r12=0x1,r13=0xffff88800752fc00,r14=0xffffc90000075000,r15=0xffff888007615d80
=> 0xffffffff8103e78a <console_lock>:	mov    $0xffffffff818aaa30,%rdi
Regs: rax=0x80000000,rbx=0xffff888007b1d668,rcx=0xc0000000ffffefff,rdx=0x77,rsi=0xffffefff,rdi=0xffffffff818aaa30,rbp=0xffff888007b1d668,rsp=0xffffc9000000bd68,r8=0x3,r9=0x1000,r10=0xffffc9000000bc20,r11=0x3,r12=0x1,r13=0xffff88800752fc00,r14=0xffffc90000075000,r15=0xffff888007615d80
=> 0xffffffff8103e791 <console_lock+7>:	call   0xffffffff81120526 <down>
Regs: rax=0x80000000,rbx=0xffff888007b1d668,rcx=0xc0000000ffffefff,rdx=0x77,rsi=0xffffefff,rdi=0xffffffff818aaa30,rbp=0xffff888007b1d668,rsp=0xffffc9000000bd60,r8=0x3,r9=0x1000,r10=0xffffc9000000bc20,r11=0x3,r12=0x1,r13=0xffff88800752fc00,r14=0xffffc90000075000,r15=0xffff888007615d80
=> 0xffffffff81120526 <down>:	push   %rbx
Regs: rax=0x80000000,rbx=0xffff888007b1d668,rcx=0xc0000000ffffefff,rdx=0x77,rsi=0xffffefff,rdi=0xffffffff818aaa30,rbp=0xffff888007b1d668,rsp=0xffffc9000000bd58,r8=0x3,r9=0x1000,r10=0xffffc9000000bc20,r11=0x3,r12=0x1,r13=0xffff88800752fc00,r14=0xffffc90000075000,r15=0xffff888007615d80
=> 0xffffffff81120527 <down+1>:	pushf  
Regs: rax=0x80000000,rbx=0xffff888007b1d668,rcx=0xc0000000ffffefff,rdx=0x77,rsi=0xffffefff,rdi=0xffffffff818aaa30,rbp=0xffff888007b1d668,rsp=0xffffc9000000bd50,r8=0x3,r9=0x1000,r10=0xffffc9000000bc20,r11=0x3,r12=0x1,r13=0xffff88800752fc00,r14=0xffffc90000075000,r15=0xffff888007615d80
=> 0xffffffff81120528 <down+2>:	pop    %rbx
Regs: rax=0x80000000,rbx=0x346,rcx=0xc0000000ffffefff,rdx=0x77,rsi=0xffffefff,rdi=0xffffffff818aaa30,rbp=0xffff888007b1d668,rsp=0xffffc9000000bd58,r8=0x3,r9=0x1000,r10=0xffffc9000000bc20,r11=0x3,r12=0x1,r13=0xffff88800752fc00,r14=0xffffc90000075000,r15=0xffff888007615d80
=> 0xffffffff81120529 <down+3>:	cli    
Regs: rax=0x80000000,rbx=0x346,rcx=0xc0000000ffffefff,rdx=0x77,rsi=0xffffefff,rdi=0xffffffff818aaa30,rbp=0xffff888007b1d668,rsp=0xffffc9000000bd58,r8=0x3,r9=0x1000,r10=0xffffc9000000bc20,r11=0x3,r12=0x1,r13=0xffff88800752fc00,r14=0xffffc90000075000,r15=0xffff888007615d80
=> 0xffffffff8112052a <down+4>:	mov    (%rdi),%eax
Regs: rax=0x1,rbx=0x346,rcx=0xc0000000ffffefff,rdx=0x77,rsi=0xffffefff,rdi=0xffffffff818aaa30,rbp=0xffff888007b1d668,rsp=0xffffc9000000bd58,r8=0x3,r9=0x1000,r10=0xffffc9000000bc20,r11=0x3,r12=0x1,r13=0xffff88800752fc00,r14=0xffffc90000075000,r15=0xffff888007615d80
=> 0xffffffff8112052c <down+6>:	test   %eax,%eax
Regs: rax=0x1,rbx=0x346,rcx=0xc0000000ffffefff,rdx=0x77,rsi=0xffffefff,rdi=0xffffffff818aaa30,rbp=0xffff888007b1d668,rsp=0xffffc9000000bd58,r8=0x3,r9=0x1000,r10=0xffffc9000000bc20,r11=0x3,r12=0x1,r13=0xffff88800752fc00,r14=0xffffc90000075000,r15=0xffff888007615d80
=> 0xffffffff8112052e <down+8>:	je     0xffffffff81120536 <down+16>
Regs: rax=0x1,rbx=0x346,rcx=0xc0000000ffffefff,rdx=0x77,rsi=0xffffefff,rdi=0xffffffff818aaa30,rbp=0xffff888007b1d668,rsp=0xffffc9000000bd58,r8=0x3,r9=0x1000,r10=0xffffc9000000bc20,r11=0x3,r12=0x1,r13=0xffff88800752fc00,r14=0xffffc90000075000,r15=0xffff888007615d80
=> 0xffffffff81120530 <down+10>:	dec    %eax
Regs: rax=0x0,rbx=0x346,rcx=0xc0000000ffffefff,rdx=0x77,rsi=0xffffefff,rdi=0xffffffff818aaa30,rbp=0xffff888007b1d668,rsp=0xffffc9000000bd58,r8=0x3,r9=0x1000,r10=0xffffc9000000bc20,r11=0x3,r12=0x1,r13=0xffff88800752fc00,r14=0xffffc90000075000,r15=0xffff888007615d80
=> 0xffffffff81120532 <down+12>:	mov    %eax,(%rdi)
Regs: rax=0x0,rbx=0x346,rcx=0xc0000000ffffefff,rdx=0x77,rsi=0xffffefff,rdi=0xffffffff818aaa30,rbp=0xffff888007b1d668,rsp=0xffffc9000000bd58,r8=0x3,r9=0x1000,r10=0xffffc9000000bc20,r11=0x3,r12=0x1,r13=0xffff88800752fc00,r14=0xffffc90000075000,r15=0xffff888007615d80
=> 0xffffffff81120534 <down+14>:	jmp    0xffffffff8112053b <down+21>
Regs: rax=0x0,rbx=0x346,rcx=0xc0000000ffffefff,rdx=0x77,rsi=0xffffefff,rdi=0xffffffff818aaa30,rbp=0xffff888007b1d668,rsp=0xffffc9000000bd58,r8=0x3,r9=0x1000,r10=0xffffc9000000bc20,r11=0x3,r12=0x1,r13=0xffff88800752fc00,r14=0xffffc90000075000,r15=0xffff888007615d80
=> 0xffffffff8112053b <down+21>:	bt     $0x9,%ebx
Regs: rax=0x0,rbx=0x346,rcx=0xc0000000ffffefff,rdx=0x77,rsi=0xffffefff,rdi=0xffffffff818aaa30,rbp=0xffff888007b1d668,rsp=0xffffc9000000bd58,r8=0x3,r9=0x1000,r10=0xffffc9000000bc20,r11=0x3,r12=0x1,r13=0xffff88800752fc00,r14=0xffffc90000075000,r15=0xffff888007615d80
=> 0xffffffff8112053f <down+25>:	jae    0xffffffff81120542 <down+28>
Regs: rax=0x0,rbx=0x346,rcx=0xc0000000ffffefff,rdx=0x77,rsi=0xffffefff,rdi=0xffffffff818aaa30,rbp=0xffff888007b1d668,rsp=0xffffc9000000bd58,r8=0x3,r9=0x1000,r10=0xffffc9000000bc20,r11=0x3,r12=0x1,r13=0xffff88800752fc00,r14=0xffffc90000075000,r15=0xffff888007615d80
=> 0xffffffff81120541 <down+27>:	sti    
Regs: rax=0x0,rbx=0x346,rcx=0xc0000000ffffefff,rdx=0x77,rsi=0xffffefff,rdi=0xffffffff818aaa30,rbp=0xffff888007b1d668,rsp=0xffffc9000000bd58,r8=0x3,r9=0x1000,r10=0xffffc9000000bc20,r11=0x3,r12=0x1,r13=0xffff88800752fc00,r14=0xffffc90000075000,r15=0xffff888007615d80
=> 0xffffffff81120542 <down+28>:	pop    %rbx
Regs: rax=0x0,rbx=0xffff888007b1d668,rcx=0xc0000000ffffefff,rdx=0x77,rsi=0xffffefff,rdi=0xffffffff818aaa30,rbp=0xffff888007b1d668,rsp=0xffffc9000000bd60,r8=0x3,r9=0x1000,r10=0xffffc9000000bc20,r11=0x3,r12=0x1,r13=0xffff88800752fc00,r14=0xffffc90000075000,r15=0xffff888007615d80
=> 0xffffffff81120543 <down+29>:	ret    
Regs: rax=0x0,rbx=0xffff888007b1d668,rcx=0xc0000000ffffefff,rdx=0x77,rsi=0xffffefff,rdi=0xffffffff818aaa30,rbp=0xffff888007b1d668,rsp=0xffffc9000000bd68,r8=0x3,r9=0x1000,r10=0xffffc9000000bc20,r11=0x3,r12=0x1,r13=0xffff88800752fc00,r14=0xffffc90000075000,r15=0xffff888007615d80
=> 0xffffffff8103e796 <console_lock+12>:	cmpl   $0x0,0x926243(%rip)        # 0xffffffff819649e0 <console_suspended>
Regs: rax=0x0,rbx=0xffff888007b1d668,rcx=0xc0000000ffffefff,rdx=0x77,rsi=0xffffefff,rdi=0xffffffff818aaa30,rbp=0xffff888007b1d668,rsp=0xffffc9000000bd68,r8=0x3,r9=0x1000,r10=0xffffc9000000bc20,r11=0x3,r12=0x1,r13=0xffff88800752fc00,r14=0xffffc90000075000,r15=0xffff888007615d80
=> 0xffffffff8103e79d <console_lock+19>:	jne    0xffffffff8103e7b3 <console_lock+41>
Regs: rax=0x0,rbx=0xffff888007b1d668,rcx=0xc0000000ffffefff,rdx=0x77,rsi=0xffffefff,rdi=0xffffffff818aaa30,rbp=0xffff888007b1d668,rsp=0xffffc9000000bd68,r8=0x3,r9=0x1000,r10=0xffffc9000000bc20,r11=0x3,r12=0x1,r13=0xffff88800752fc00,r14=0xffffc90000075000,r15=0xffff888007615d80
=> 0xffffffff8103e79f <console_lock+21>:	movl   $0x1,0x92623b(%rip)        # 0xffffffff819649e4 <console_locked>
Regs: rax=0x0,rbx=0xffff888007b1d668,rcx=0xc0000000ffffefff,rdx=0x77,rsi=0xffffefff,rdi=0xffffffff818aaa30,rbp=0xffff888007b1d668,rsp=0xffffc9000000bd68,r8=0x3,r9=0x1000,r10=0xffffc9000000bc20,r11=0x3,r12=0x1,r13=0xffff88800752fc00,r14=0xffffc90000075000,r15=0xffff888007615d80
=> 0xffffffff8103e7a9 <console_lock+31>:	movl   $0x1,0x926121(%rip)        # 0xffffffff819648d4 <console_may_schedule>
Regs: rax=0x0,rbx=0xffff888007b1d668,rcx=0xc0000000ffffefff,rdx=0x77,rsi=0xffffefff,rdi=0xffffffff818aaa30,rbp=0xffff888007b1d668,rsp=0xffffc9000000bd68,r8=0x3,r9=0x1000,r10=0xffffc9000000bc20,r11=0x3,r12=0x1,r13=0xffff88800752fc00,r14=0xffffc90000075000,r15=0xffff888007615d80
=> 0xffffffff8103e7b3 <console_lock+41>:	ret    
Regs: rax=0x0,rbx=0xffff888007b1d668,rcx=0xc0000000ffffefff,rdx=0x77,rsi=0xffffefff,rdi=0xffffffff818aaa30,rbp=0xffff888007b1d668,rsp=0xffffc9000000bd70,r8=0x3,r9=0x1000,r10=0xffffc9000000bc20,r11=0x3,r12=0x1,r13=0xffff88800752fc00,r14=0xffffc90000075000,r15=0xffff888007615d80
=> 0xffffffff810dcffc <con_flush_chars+22>:	mov    0x218(%rbx),%rdi
Regs: rax=0x0,rbx=0xffff888007b1d668,rcx=0xc0000000ffffefff,rdx=0x77,rsi=0xffffefff,rdi=0xffff888000143638,rbp=0xffff888007b1d668,rsp=0xffffc9000000bd70,r8=0x3,r9=0x1000,r10=0xffffc9000000bc20,r11=0x3,r12=0x1,r13=0xffff88800752fc00,r14=0xffffc90000075000,r15=0xffff888007615d80
=> 0xffffffff810dd003 <con_flush_chars+29>:	test   %rdi,%rdi
Regs: rax=0x0,rbx=0xffff888007b1d668,rcx=0xc0000000ffffefff,rdx=0x77,rsi=0xffffefff,rdi=0xffff888000143638,rbp=0xffff888007b1d668,rsp=0xffffc9000000bd70,r8=0x3,r9=0x1000,r10=0xffffc9000000bc20,r11=0x3,r12=0x1,r13=0xffff88800752fc00,r14=0xffffc90000075000,r15=0xffff888007615d80
=> 0xffffffff810dd006 <con_flush_chars+32>:	je     0xffffffff810dd00d <con_flush_chars+39>
Regs: rax=0x0,rbx=0xffff888007b1d668,rcx=0xc0000000ffffefff,rdx=0x77,rsi=0xffffefff,rdi=0xffff888000143638,rbp=0xffff888007b1d668,rsp=0xffffc9000000bd70,r8=0x3,r9=0x1000,r10=0xffffc9000000bc20,r11=0x3,r12=0x1,r13=0xffff88800752fc00,r14=0xffffc90000075000,r15=0xffff888007615d80
=> 0xffffffff810dd008 <con_flush_chars+34>:	call   0xffffffff810dcf76 <set_cursor>
Regs: rax=0x0,rbx=0xffff888007b1d668,rcx=0xc0000000ffffefff,rdx=0x77,rsi=0xffffefff,rdi=0xffff888000143638,rbp=0xffff888007b1d668,rsp=0xffffc9000000bd68,r8=0x3,r9=0x1000,r10=0xffffc9000000bc20,r11=0x3,r12=0x1,r13=0xffff88800752fc00,r14=0xffffc90000075000,r15=0xffff888007615d80
=> 0xffffffff810dcf76 <set_cursor>:	movzwl 0x170(%rdi),%eax
Regs: rax=0x0,rbx=0xffff888007b1d668,rcx=0xc0000000ffffefff,rdx=0x77,rsi=0xffffefff,rdi=0xffff888000143638,rbp=0xffff888007b1d668,rsp=0xffffc9000000bd68,r8=0x3,r9=0x1000,r10=0xffffc9000000bc20,r11=0x3,r12=0x1,r13=0xffff88800752fc00,r14=0xffffc90000075000,r15=0xffff888007615d80
=> 0xffffffff810dcf7d <set_cursor+7>:	cmp    0x88c551(%rip),%eax        # 0xffffffff819694d4 <fg_console>
Regs: rax=0x0,rbx=0xffff888007b1d668,rcx=0xc0000000ffffefff,rdx=0x77,rsi=0xffffefff,rdi=0xffff888000143638,rbp=0xffff888007b1d668,rsp=0xffffc9000000bd68,r8=0x3,r9=0x1000,r10=0xffffc9000000bc20,r11=0x3,r12=0x1,r13=0xffff88800752fc00,r14=0xffffc90000075000,r15=0xffff888007615d80
=> 0xffffffff810dcf83 <set_cursor+13>:	jne    0xffffffff810dcfe5 <set_cursor+111>
Regs: rax=0x0,rbx=0xffff888007b1d668,rcx=0xc0000000ffffefff,rdx=0x77,rsi=0xffffefff,rdi=0xffff888000143638,rbp=0xffff888007b1d668,rsp=0xffffc9000000bd68,r8=0x3,r9=0x1000,r10=0xffffc9000000bc20,r11=0x3,r12=0x1,r13=0xffff88800752fc00,r14=0xffffc90000075000,r15=0xffff888007615d80
=> 0xffffffff810dcf85 <set_cursor+15>:	cmpl   $0x0,0x88c54c(%rip)        # 0xffffffff819694d8 <console_blanked>
Regs: rax=0x0,rbx=0xffff888007b1d668,rcx=0xc0000000ffffefff,rdx=0x77,rsi=0xffffefff,rdi=0xffff888000143638,rbp=0xffff888007b1d668,rsp=0xffffc9000000bd68,r8=0x3,r9=0x1000,r10=0xffffc9000000bc20,r11=0x3,r12=0x1,r13=0xffff88800752fc00,r14=0xffffc90000075000,r15=0xffff888007615d80
=> 0xffffffff810dcf8c <set_cursor+22>:	jne    0xffffffff810dcfe5 <set_cursor+111>
Regs: rax=0x0,rbx=0xffff888007b1d668,rcx=0xc0000000ffffefff,rdx=0x77,rsi=0xffffefff,rdi=0xffff888000143638,rbp=0xffff888007b1d668,rsp=0xffffc9000000bd68,r8=0x3,r9=0x1000,r10=0xffffc9000000bc20,r11=0x3,r12=0x1,r13=0xffff88800752fc00,r14=0xffffc90000075000,r15=0xffff888007615d80
=> 0xffffffff810dcf8e <set_cursor+24>:	push   %rbx
Regs: rax=0x0,rbx=0xffff888007b1d668,rcx=0xc0000000ffffefff,rdx=0x77,rsi=0xffffefff,rdi=0xffff888000143638,rbp=0xffff888007b1d668,rsp=0xffffc9000000bd60,r8=0x3,r9=0x1000,r10=0xffffc9000000bc20,r11=0x3,r12=0x1,r13=0xffff88800752fc00,r14=0xffffc90000075000,r15=0xffff888007615d80
=> 0xffffffff810dcf8f <set_cursor+25>:	cmpb   $0x1,0x1bc(%rdi)
Regs: rax=0x0,rbx=0xffff888007b1d668,rcx=0xc0000000ffffefff,rdx=0x77,rsi=0xffffefff,rdi=0xffff888000143638,rbp=0xffff888007b1d668,rsp=0xffffc9000000bd60,r8=0x3,r9=0x1000,r10=0xffffc9000000bc20,r11=0x3,r12=0x1,r13=0xffff88800752fc00,r14=0xffffc90000075000,r15=0xffff888007615d80
=> 0xffffffff810dcf96 <set_cursor+32>:	mov    %rdi,%rbx
Regs: rax=0x0,rbx=0xffff888000143638,rcx=0xc0000000ffffefff,rdx=0x77,rsi=0xffffefff,rdi=0xffff888000143638,rbp=0xffff888007b1d668,rsp=0xffffc9000000bd60,r8=0x3,r9=0x1000,r10=0xffffc9000000bc20,r11=0x3,r12=0x1,r13=0xffff88800752fc00,r14=0xffffc90000075000,r15=0xffff888007615d80
=> 0xffffffff810dcf99 <set_cursor+35>:	je     0xffffffff810dcfe3 <set_cursor+109>
Regs: rax=0x0,rbx=0xffff888000143638,rcx=0xc0000000ffffefff,rdx=0x77,rsi=0xffffefff,rdi=0xffff888000143638,rbp=0xffff888007b1d668,rsp=0xffffc9000000bd60,r8=0x3,r9=0x1000,r10=0xffffc9000000bc20,r11=0x3,r12=0x1,r13=0xffff88800752fc00,r14=0xffffc90000075000,r15=0xffff888007615d80
=> 0xffffffff810dcf9b <set_cursor+37>:	testb  $0x20,0x270(%rdi)
Regs: rax=0x0,rbx=0xffff888000143638,rcx=0xc0000000ffffefff,rdx=0x77,rsi=0xffffefff,rdi=0xffff888000143638,rbp=0xffff888007b1d668,rsp=0xffffc9000000bd60,r8=0x3,r9=0x1000,r10=0xffffc9000000bc20,r11=0x3,r12=0x1,r13=0xffff88800752fc00,r14=0xffffc90000075000,r15=0xffff888007615d80
=> 0xffffffff810dcfa2 <set_cursor+44>:	je     0xffffffff810dcfdd <set_cursor+103>
Regs: rax=0x0,rbx=0xffff888000143638,rcx=0xc0000000ffffefff,rdx=0x77,rsi=0xffffefff,rdi=0xffff888000143638,rbp=0xffff888007b1d668,rsp=0xffffc9000000bd60,r8=0x3,r9=0x1000,r10=0xffffc9000000bc20,r11=0x3,r12=0x1,r13=0xffff88800752fc00,r14=0xffffc90000075000,r15=0xffff888007615d80
=> 0xffffffff810dcfa4 <set_cursor+46>:	call   0xffffffff810d8cad <vc_is_sel>
Regs: rax=0x0,rbx=0xffff888000143638,rcx=0xc0000000ffffefff,rdx=0x77,rsi=0xffffefff,rdi=0xffff888000143638,rbp=0xffff888007b1d668,rsp=0xffffc9000000bd58,r8=0x3,r9=0x1000,r10=0xffffc9000000bc20,r11=0x3,r12=0x1,r13=0xffff88800752fc00,r14=0xffffc90000075000,r15=0xffff888007615d80
=> 0xffffffff810d8cad <vc_is_sel>:	cmp    %rdi,0x7d6364(%rip)        # 0xffffffff818af018 <vc_sel+24>
Regs: rax=0x0,rbx=0xffff888000143638,rcx=0xc0000000ffffefff,rdx=0x77,rsi=0xffffefff,rdi=0xffff888000143638,rbp=0xffff888007b1d668,rsp=0xffffc9000000bd58,r8=0x3,r9=0x1000,r10=0xffffc9000000bc20,r11=0x3,r12=0x1,r13=0xffff88800752fc00,r14=0xffffc90000075000,r15=0xffff888007615d80
=> 0xffffffff810d8cb4 <vc_is_sel+7>:	sete   %al
Regs: rax=0x0,rbx=0xffff888000143638,rcx=0xc0000000ffffefff,rdx=0x77,rsi=0xffffefff,rdi=0xffff888000143638,rbp=0xffff888007b1d668,rsp=0xffffc9000000bd58,r8=0x3,r9=0x1000,r10=0xffffc9000000bc20,r11=0x3,r12=0x1,r13=0xffff88800752fc00,r14=0xffffc90000075000,r15=0xffff888007615d80
=> 0xffffffff810d8cb7 <vc_is_sel+10>:	ret    
Regs: rax=0x0,rbx=0xffff888000143638,rcx=0xc0000000ffffefff,rdx=0x77,rsi=0xffffefff,rdi=0xffff888000143638,rbp=0xffff888007b1d668,rsp=0xffffc9000000bd60,r8=0x3,r9=0x1000,r10=0xffffc9000000bc20,r11=0x3,r12=0x1,r13=0xffff88800752fc00,r14=0xffffc90000075000,r15=0xffff888007615d80
=> 0xffffffff810dcfa9 <set_cursor+51>:	test   %al,%al
Regs: rax=0x0,rbx=0xffff888000143638,rcx=0xc0000000ffffefff,rdx=0x77,rsi=0xffffefff,rdi=0xffff888000143638,rbp=0xffff888007b1d668,rsp=0xffffc9000000bd60,r8=0x3,r9=0x1000,r10=0xffffc9000000bc20,r11=0x3,r12=0x1,r13=0xffff88800752fc00,r14=0xffffc90000075000,r15=0xffff888007615d80
=> 0xffffffff810dcfab <set_cursor+53>:	je     0xffffffff810dcfb2 <set_cursor+60>
Regs: rax=0x0,rbx=0xffff888000143638,rcx=0xc0000000ffffefff,rdx=0x77,rsi=0xffffefff,rdi=0xffff888000143638,rbp=0xffff888007b1d668,rsp=0xffffc9000000bd60,r8=0x3,r9=0x1000,r10=0xffffc9000000bc20,r11=0x3,r12=0x1,r13=0xffff88800752fc00,r14=0xffffc90000075000,r15=0xffff888007615d80
=> 0xffffffff810dcfb2 <set_cursor+60>:	mov    %rbx,%rdi
Regs: rax=0x0,rbx=0xffff888000143638,rcx=0xc0000000ffffefff,rdx=0x77,rsi=0xffffefff,rdi=0xffff888000143638,rbp=0xffff888007b1d668,rsp=0xffffc9000000bd60,r8=0x3,r9=0x1000,r10=0xffffc9000000bc20,r11=0x3,r12=0x1,r13=0xffff88800752fc00,r14=0xffffc90000075000,r15=0xffff888007615d80
=> 0xffffffff810dcfb5 <set_cursor+63>:	call   0xffffffff810dcedb <add_softcursor>
Regs: rax=0x0,rbx=0xffff888000143638,rcx=0xc0000000ffffefff,rdx=0x77,rsi=0xffffefff,rdi=0xffff888000143638,rbp=0xffff888007b1d668,rsp=0xffffc9000000bd58,r8=0x3,r9=0x1000,r10=0xffffc9000000bc20,r11=0x3,r12=0x1,r13=0xffff88800752fc00,r14=0xffffc90000075000,r15=0xffff888007615d80
=> 0xffffffff810dcedb <add_softcursor>:	mov    0x1d0(%rdi),%rcx
Regs: rax=0x0,rbx=0xffff888000143638,rcx=0xffff8880000bcf6a,rdx=0x77,rsi=0xffffefff,rdi=0xffff888000143638,rbp=0xffff888007b1d668,rsp=0xffffc9000000bd58,r8=0x3,r9=0x1000,r10=0xffffc9000000bc20,r11=0x3,r12=0x1,r13=0xffff88800752fc00,r14=0xffffc90000075000,r15=0xffff888007615d80
=> 0xffffffff810dcee2 <add_softcursor+7>:	mov    0x1c4(%rdi),%edx
Regs: rax=0x0,rbx=0xffff888000143638,rcx=0xffff8880000bcf6a,rdx=0x2,rsi=0xffffefff,rdi=0xffff888000143638,rbp=0xffff888007b1d668,rsp=0xffffc9000000bd58,r8=0x3,r9=0x1000,r10=0xffffc9000000bc20,r11=0x3,r12=0x1,r13=0xffff88800752fc00,r14=0xffffc90000075000,r15=0xffff888007615d80
=> 0xffffffff810dcee8 <add_softcursor+13>:	movzwl (%rcx),%eax
Regs: rax=0x720,rbx=0xffff888000143638,rcx=0xffff8880000bcf6a,rdx=0x2,rsi=0xffffefff,rdi=0xffff888000143638,rbp=0xffff888007b1d668,rsp=0xffffc9000000bd58,r8=0x3,r9=0x1000,r10=0xffffc9000000bc20,r11=0x3,r12=0x1,r13=0xffff88800752fc00,r14=0xffffc90000075000,r15=0xffff888007615d80
=> 0xffffffff810dceeb <add_softcursor+16>:	test   $0x10,%dl
Regs: rax=0x720,rbx=0xffff888000143638,rcx=0xffff8880000bcf6a,rdx=0x2,rsi=0xffffefff,rdi=0xffff888000143638,rbp=0xffff888007b1d668,rsp=0xffffc9000000bd58,r8=0x3,r9=0x1000,r10=0xffffc9000000bc20,r11=0x3,r12=0x1,r13=0xffff88800752fc00,r14=0xffffc90000075000,r15=0xffff888007615d80
=> 0xffffffff810dceee <add_softcursor+19>:	je     0xffffffff810dcf75 <add_softcursor+154>
Regs: rax=0x720,rbx=0xffff888000143638,rcx=0xffff8880000bcf6a,rdx=0x2,rsi=0xffffefff,rdi=0xffff888000143638,rbp=0xffff888007b1d668,rsp=0xffffc9000000bd58,r8=0x3,r9=0x1000,r10=0xffffc9000000bc20,r11=0x3,r12=0x1,r13=0xffff88800752fc00,r14=0xffffc90000075000,r15=0xffff888007615d80
=> 0xffffffff810dcf75 <add_softcursor+154>:	ret    
Regs: rax=0x720,rbx=0xffff888000143638,rcx=0xffff8880000bcf6a,rdx=0x2,rsi=0xffffefff,rdi=0xffff888000143638,rbp=0xffff888007b1d668,rsp=0xffffc9000000bd60,r8=0x3,r9=0x1000,r10=0xffffc9000000bc20,r11=0x3,r12=0x1,r13=0xffff88800752fc00,r14=0xffffc90000075000,r15=0xffff888007615d80
=> 0xffffffff810dcfba <set_cursor+68>:	mov    0x1c4(%rbx),%eax
Regs: rax=0x2,rbx=0xffff888000143638,rcx=0xffff8880000bcf6a,rdx=0x2,rsi=0xffffefff,rdi=0xffff888000143638,rbp=0xffff888007b1d668,rsp=0xffffc9000000bd60,r8=0x3,r9=0x1000,r10=0xffffc9000000bc20,r11=0x3,r12=0x1,r13=0xffff88800752fc00,r14=0xffffc90000075000,r15=0xffff888007615d80
=> 0xffffffff810dcfc0 <set_cursor+74>:	and    $0xf,%eax
Regs: rax=0x2,rbx=0xffff888000143638,rcx=0xffff8880000bcf6a,rdx=0x2,rsi=0xffffefff,rdi=0xffff888000143638,rbp=0xffff888007b1d668,rsp=0xffffc9000000bd60,r8=0x3,r9=0x1000,r10=0xffffc9000000bc20,r11=0x3,r12=0x1,r13=0xffff88800752fc00,r14=0xffffc90000075000,r15=0xffff888007615d80
=> 0xffffffff810dcfc3 <set_cursor+77>:	dec    %eax
Regs: rax=0x1,rbx=0xffff888000143638,rcx=0xffff8880000bcf6a,rdx=0x2,rsi=0xffffefff,rdi=0xffff888000143638,rbp=0xffff888007b1d668,rsp=0xffffc9000000bd60,r8=0x3,r9=0x1000,r10=0xffffc9000000bc20,r11=0x3,r12=0x1,r13=0xffff88800752fc00,r14=0xffffc90000075000,r15=0xffff888007615d80
=> 0xffffffff810dcfc5 <set_cursor+79>:	je     0xffffffff810dcfe3 <set_cursor+109>
Regs: rax=0x1,rbx=0xffff888000143638,rcx=0xffff8880000bcf6a,rdx=0x2,rsi=0xffffefff,rdi=0xffff888000143638,rbp=0xffff888007b1d668,rsp=0xffffc9000000bd60,r8=0x3,r9=0x1000,r10=0xffffc9000000bc20,r11=0x3,r12=0x1,r13=0xffff88800752fc00,r14=0xffffc90000075000,r15=0xffff888007615d80
=> 0xffffffff810dcfc7 <set_cursor+81>:	mov    0x1a8(%rbx),%rax
Regs: rax=0xffffffff81612320,rbx=0xffff888000143638,rcx=0xffff8880000bcf6a,rdx=0x2,rsi=0xffffefff,rdi=0xffff888000143638,rbp=0xffff888007b1d668,rsp=0xffffc9000000bd60,r8=0x3,r9=0x1000,r10=0xffffc9000000bc20,r11=0x3,r12=0x1,r13=0xffff88800752fc00,r14=0xffffc90000075000,r15=0xffff888007615d80
=> 0xffffffff810dcfce <set_cursor+88>:	mov    %rbx,%rdi
Regs: rax=0xffffffff81612320,rbx=0xffff888000143638,rcx=0xffff8880000bcf6a,rdx=0x2,rsi=0xffffefff,rdi=0xffff888000143638,rbp=0xffff888007b1d668,rsp=0xffffc9000000bd60,r8=0x3,r9=0x1000,r10=0xffffc9000000bc20,r11=0x3,r12=0x1,r13=0xffff88800752fc00,r14=0xffffc90000075000,r15=0xffff888007615d80
=> 0xffffffff810dcfd1 <set_cursor+91>:	mov    $0x1,%esi
Regs: rax=0xffffffff81612320,rbx=0xffff888000143638,rcx=0xffff8880000bcf6a,rdx=0x2,rsi=0x1,rdi=0xffff888000143638,rbp=0xffff888007b1d668,rsp=0xffffc9000000bd60,r8=0x3,r9=0x1000,r10=0xffffc9000000bc20,r11=0x3,r12=0x1,r13=0xffff88800752fc00,r14=0xffffc90000075000,r15=0xffff888007615d80
=> 0xffffffff810dcfd6 <set_cursor+96>:	pop    %rbx
Regs: rax=0xffffffff81612320,rbx=0xffff888007b1d668,rcx=0xffff8880000bcf6a,rdx=0x2,rsi=0x1,rdi=0xffff888000143638,rbp=0xffff888007b1d668,rsp=0xffffc9000000bd68,r8=0x3,r9=0x1000,r10=0xffffc9000000bc20,r11=0x3,r12=0x1,r13=0xffff88800752fc00,r14=0xffffc90000075000,r15=0xffff888007615d80
=> 0xffffffff810dcfd7 <set_cursor+97>:	mov    0x38(%rax),%rax
Regs: rax=0xffffffff810cc9c7,rbx=0xffff888007b1d668,rcx=0xffff8880000bcf6a,rdx=0x2,rsi=0x1,rdi=0xffff888000143638,rbp=0xffff888007b1d668,rsp=0xffffc9000000bd68,r8=0x3,r9=0x1000,r10=0xffffc9000000bc20,r11=0x3,r12=0x1,r13=0xffff88800752fc00,r14=0xffffc90000075000,r15=0xffff888007615d80
=> 0xffffffff810dcfdb <set_cursor+101>:	jmp    *%rax
Regs: rax=0xffffffff810cc9c7,rbx=0xffff888007b1d668,rcx=0xffff8880000bcf6a,rdx=0x2,rsi=0x1,rdi=0xffff888000143638,rbp=0xffff888007b1d668,rsp=0xffffc9000000bd68,r8=0x3,r9=0x1000,r10=0xffffc9000000bc20,r11=0x3,r12=0x1,r13=0xffff88800752fc00,r14=0xffffc90000075000,r15=0xffff888007615d80
=> 0xffffffff810cc9c7 <vgacon_cursor>:	cmpb   $0x0,0x1bc(%rdi)
Regs: rax=0xffffffff810cc9c7,rbx=0xffff888007b1d668,rcx=0xffff8880000bcf6a,rdx=0x2,rsi=0x1,rdi=0xffff888000143638,rbp=0xffff888007b1d668,rsp=0xffffc9000000bd68,r8=0x3,r9=0x1000,r10=0xffffc9000000bc20,r11=0x3,r12=0x1,r13=0xffff88800752fc00,r14=0xffffc90000075000,r15=0xffff888007615d80
=> 0xffffffff810cc9ce <vgacon_cursor+7>:	jne    0xffffffff810ccae9 <vgacon_cursor+290>
Regs: rax=0xffffffff810cc9c7,rbx=0xffff888007b1d668,rcx=0xffff8880000bcf6a,rdx=0x2,rsi=0x1,rdi=0xffff888000143638,rbp=0xffff888007b1d668,rsp=0xffffc9000000bd68,r8=0x3,r9=0x1000,r10=0xffffc9000000bc20,r11=0x3,r12=0x1,r13=0xffff88800752fc00,r14=0xffffc90000075000,r15=0xffff888007615d80
=> 0xffffffff810cc9d4 <vgacon_cursor+13>:	push   %rbp
Regs: rax=0xffffffff810cc9c7,rbx=0xffff888007b1d668,rcx=0xffff8880000bcf6a,rdx=0x2,rsi=0x1,rdi=0xffff888000143638,rbp=0xffff888007b1d668,rsp=0xffffc9000000bd60,r8=0x3,r9=0x1000,r10=0xffffc9000000bc20,r11=0x3,r12=0x1,r13=0xffff88800752fc00,r14=0xffffc90000075000,r15=0xffff888007615d80
=> 0xffffffff810cc9d5 <vgacon_cursor+14>:	mov    %esi,%ebp
Regs: rax=0xffffffff810cc9c7,rbx=0xffff888007b1d668,rcx=0xffff8880000bcf6a,rdx=0x2,rsi=0x1,rdi=0xffff888000143638,rbp=0x1,rsp=0xffffc9000000bd60,r8=0x3,r9=0x1000,r10=0xffffc9000000bc20,r11=0x3,r12=0x1,r13=0xffff88800752fc00,r14=0xffffc90000075000,r15=0xffff888007615d80
=> 0xffffffff810cc9d7 <vgacon_cursor+16>:	push   %rbx
Regs: rax=0xffffffff810cc9c7,rbx=0xffff888007b1d668,rcx=0xffff8880000bcf6a,rdx=0x2,rsi=0x1,rdi=0xffff888000143638,rbp=0x1,rsp=0xffffc9000000bd58,r8=0x3,r9=0x1000,r10=0xffffc9000000bc20,r11=0x3,r12=0x1,r13=0xffff88800752fc00,r14=0xffffc90000075000,r15=0xffff888007615d80
=> 0xffffffff810cc9d8 <vgacon_cursor+17>:	mov    %rdi,%rbx
Regs: rax=0xffffffff810cc9c7,rbx=0xffff888000143638,rcx=0xffff8880000bcf6a,rdx=0x2,rsi=0x1,rdi=0xffff888000143638,rbp=0x1,rsp=0xffffc9000000bd58,r8=0x3,r9=0x1000,r10=0xffffc9000000bc20,r11=0x3,r12=0x1,r13=0xffff88800752fc00,r14=0xffffc90000075000,r15=0xffff888007615d80
=> 0xffffffff810cc9db <vgacon_cursor+20>:	mov    0x198(%rdi),%rax
Regs: rax=0xffff8880000bc060,rbx=0xffff888000143638,rcx=0xffff8880000bcf6a,rdx=0x2,rsi=0x1,rdi=0xffff888000143638,rbp=0x1,rsp=0xffffc9000000bd58,r8=0x3,r9=0x1000,r10=0xffffc9000000bc20,r11=0x3,r12=0x1,r13=0xffff88800752fc00,r14=0xffffc90000075000,r15=0xffff888007615d80
=> 0xffffffff810cc9e2 <vgacon_cursor+27>:	cmp    %rax,0x188(%rdi)
Regs: rax=0xffff8880000bc060,rbx=0xffff888000143638,rcx=0xffff8880000bcf6a,rdx=0x2,rsi=0x1,rdi=0xffff888000143638,rbp=0x1,rsp=0xffffc9000000bd58,r8=0x3,r9=0x1000,r10=0xffffc9000000bc20,r11=0x3,r12=0x1,r13=0xffff88800752fc00,r14=0xffffc90000075000,r15=0xffff888007615d80
=> 0xffffffff810cc9e9 <vgacon_cursor+34>:	je     0xffffffff810cc9f2 <vgacon_cursor+43>
Regs: rax=0xffff8880000bc060,rbx=0xffff888000143638,rcx=0xffff8880000bcf6a,rdx=0x2,rsi=0x1,rdi=0xffff888000143638,rbp=0x1,rsp=0xffffc9000000bd58,r8=0x3,r9=0x1000,r10=0xffffc9000000bc20,r11=0x3,r12=0x1,r13=0xffff88800752fc00,r14=0xffffc90000075000,r15=0xffff888007615d80
=> 0xffffffff810cc9f2 <vgacon_cursor+43>:	cmp    $0x2,%ebp
Regs: rax=0xffff8880000bc060,rbx=0xffff888000143638,rcx=0xffff8880000bcf6a,rdx=0x2,rsi=0x1,rdi=0xffff888000143638,rbp=0x1,rsp=0xffffc9000000bd58,r8=0x3,r9=0x1000,r10=0xffffc9000000bc20,r11=0x3,r12=0x1,r13=0xffff88800752fc00,r14=0xffffc90000075000,r15=0xffff888007615d80
=> 0xffffffff810cc9f5 <vgacon_cursor+46>:	je     0xffffffff810cca04 <vgacon_cursor+61>
Regs: rax=0xffff8880000bc060,rbx=0xffff888000143638,rcx=0xffff8880000bcf6a,rdx=0x2,rsi=0x1,rdi=0xffff888000143638,rbp=0x1,rsp=0xffffc9000000bd58,r8=0x3,r9=0x1000,r10=0xffffc9000000bc20,r11=0x3,r12=0x1,r13=0xffff88800752fc00,r14=0xffffc90000075000,r15=0xffff888007615d80
=> 0xffffffff810cc9f7 <vgacon_cursor+48>:	and    $0xfffffffd,%ebp
Regs: rax=0xffff8880000bc060,rbx=0xffff888000143638,rcx=0xffff8880000bcf6a,rdx=0x2,rsi=0x1,rdi=0xffff888000143638,rbp=0x1,rsp=0xffffc9000000bd58,r8=0x3,r9=0x1000,r10=0xffffc9000000bc20,r11=0x3,r12=0x1,r13=0xffff88800752fc00,r14=0xffffc90000075000,r15=0xffff888007615d80
=> 0xffffffff810cc9fa <vgacon_cursor+51>:	dec    %ebp
Regs: rax=0xffff8880000bc060,rbx=0xffff888000143638,rcx=0xffff8880000bcf6a,rdx=0x2,rsi=0x1,rdi=0xffff888000143638,rbp=0x0,rsp=0xffffc9000000bd58,r8=0x3,r9=0x1000,r10=0xffffc9000000bc20,r11=0x3,r12=0x1,r13=0xffff88800752fc00,r14=0xffffc90000075000,r15=0xffff888007615d80
=> 0xffffffff810cc9fc <vgacon_cursor+53>:	jne    0xffffffff810ccae6 <vgacon_cursor+287>
Regs: rax=0xffff8880000bc060,rbx=0xffff888000143638,rcx=0xffff8880000bcf6a,rdx=0x2,rsi=0x1,rdi=0xffff888000143638,rbp=0x0,rsp=0xffffc9000000bd58,r8=0x3,r9=0x1000,r10=0xffffc9000000bc20,r11=0x3,r12=0x1,r13=0xffff88800752fc00,r14=0xffffc90000075000,r15=0xffff888007615d80
=> 0xffffffff810cca02 <vgacon_cursor+59>:	jmp    0xffffffff810cca3c <vgacon_cursor+117>
Regs: rax=0xffff8880000bc060,rbx=0xffff888000143638,rcx=0xffff8880000bcf6a,rdx=0x2,rsi=0x1,rdi=0xffff888000143638,rbp=0x0,rsp=0xffffc9000000bd58,r8=0x3,r9=0x1000,r10=0xffffc9000000bc20,r11=0x3,r12=0x1,r13=0xffff88800752fc00,r14=0xffffc90000075000,r15=0xffff888007615d80
=> 0xffffffff810cca3c <vgacon_cursor+117>:	mov    0x1d0(%rbx),%rsi
Regs: rax=0xffff8880000bc060,rbx=0xffff888000143638,rcx=0xffff8880000bcf6a,rdx=0x2,rsi=0xffff8880000bcf6a,rdi=0xffff888000143638,rbp=0x0,rsp=0xffffc9000000bd58,r8=0x3,r9=0x1000,r10=0xffffc9000000bc20,r11=0x3,r12=0x1,r13=0xffff88800752fc00,r14=0xffffc90000075000,r15=0xffff888007615d80
=> 0xffffffff810cca43 <vgacon_cursor+124>:	sub    0x7ec84e(%rip),%rsi        # 0xffffffff818b9298 <vga_vram_base>
Regs: rax=0xffff8880000bc060,rbx=0xffff888000143638,rcx=0xffff8880000bcf6a,rdx=0x2,rsi=0x4f6a,rdi=0xffff888000143638,rbp=0x0,rsp=0xffffc9000000bd58,r8=0x3,r9=0x1000,r10=0xffffc9000000bc20,r11=0x3,r12=0x1,r13=0xffff88800752fc00,r14=0xffffc90000075000,r15=0xffff888007615d80
=> 0xffffffff810cca4a <vgacon_cursor+131>:	mov    $0xe,%edi
Regs: rax=0xffff8880000bc060,rbx=0xffff888000143638,rcx=0xffff8880000bcf6a,rdx=0x2,rsi=0x4f6a,rdi=0xe,rbp=0x0,rsp=0xffffc9000000bd58,r8=0x3,r9=0x1000,r10=0xffffc9000000bc20,r11=0x3,r12=0x1,r13=0xffff88800752fc00,r14=0xffffc90000075000,r15=0xffff888007615d80
=> 0xffffffff810cca4f <vgacon_cursor+136>:	shr    %rsi
Regs: rax=0xffff8880000bc060,rbx=0xffff888000143638,rcx=0xffff8880000bcf6a,rdx=0x2,rsi=0x27b5,rdi=0xe,rbp=0x0,rsp=0xffffc9000000bd58,r8=0x3,r9=0x1000,r10=0xffffc9000000bc20,r11=0x3,r12=0x1,r13=0xffff88800752fc00,r14=0xffffc90000075000,r15=0xffff888007615d80
=> 0xffffffff810cca52 <vgacon_cursor+139>:	call   0xffffffff810cc138 <write_vga>
Regs: rax=0xffff8880000bc060,rbx=0xffff888000143638,rcx=0xffff8880000bcf6a,rdx=0x2,rsi=0x27b5,rdi=0xe,rbp=0x0,rsp=0xffffc9000000bd50,r8=0x3,r9=0x1000,r10=0xffffc9000000bc20,r11=0x3,r12=0x1,r13=0xffff88800752fc00,r14=0xffffc90000075000,r15=0xffff888007615d80
=> 0xffffffff810cc138 <write_vga>:	pushf  
Regs: rax=0xffff8880000bc060,rbx=0xffff888000143638,rcx=0xffff8880000bcf6a,rdx=0x2,rsi=0x27b5,rdi=0xe,rbp=0x0,rsp=0xffffc9000000bd48,r8=0x3,r9=0x1000,r10=0xffffc9000000bc20,r11=0x3,r12=0x1,r13=0xffff88800752fc00,r14=0xffffc90000075000,r15=0xffff888007615d80
=> 0xffffffff810cc139 <write_vga+1>:	pop    %rcx
Regs: rax=0xffff8880000bc060,rbx=0xffff888000143638,rcx=0x302,rdx=0x2,rsi=0x27b5,rdi=0xe,rbp=0x0,rsp=0xffffc9000000bd50,r8=0x3,r9=0x1000,r10=0xffffc9000000bc20,r11=0x3,r12=0x1,r13=0xffff88800752fc00,r14=0xffffc90000075000,r15=0xffff888007615d80
=> 0xffffffff810cc13a <write_vga+2>:	cli    
Regs: rax=0xffff8880000bc060,rbx=0xffff888000143638,rcx=0x302,rdx=0x2,rsi=0x27b5,rdi=0xe,rbp=0x0,rsp=0xffffc9000000bd50,r8=0x3,r9=0x1000,r10=0xffffc9000000bc20,r11=0x3,r12=0x1,r13=0xffff88800752fc00,r14=0xffffc90000075000,r15=0xffff888007615d80
=> 0xffffffff810cc13b <write_vga+3>:	mov    %esi,%eax
Regs: rax=0x27b5,rbx=0xffff888000143638,rcx=0x302,rdx=0x2,rsi=0x27b5,rdi=0xe,rbp=0x0,rsp=0xffffc9000000bd50,r8=0x3,r9=0x1000,r10=0xffffc9000000bc20,r11=0x3,r12=0x1,r13=0xffff88800752fc00,r14=0xffffc90000075000,r15=0xffff888007615d80
=> 0xffffffff810cc13d <write_vga+5>:	movzbl %dil,%edi
Regs: rax=0x27b5,rbx=0xffff888000143638,rcx=0x302,rdx=0x2,rsi=0x27b5,rdi=0xe,rbp=0x0,rsp=0xffffc9000000bd50,r8=0x3,r9=0x1000,r10=0xffffc9000000bc20,r11=0x3,r12=0x1,r13=0xffff88800752fc00,r14=0xffffc90000075000,r15=0xffff888007615d80
=> 0xffffffff810cc141 <write_vga+9>:	mov    0x7ed13e(%rip),%dx        # 0xffffffff818b9286 <vga_video_port_reg>
Regs: rax=0x27b5,rbx=0xffff888000143638,rcx=0x302,rdx=0x3d4,rsi=0x27b5,rdi=0xe,rbp=0x0,rsp=0xffffc9000000bd50,r8=0x3,r9=0x1000,r10=0xffffc9000000bc20,r11=0x3,r12=0x1,r13=0xffff88800752fc00,r14=0xffffc90000075000,r15=0xffff888007615d80
=> 0xffffffff810cc148 <write_vga+16>:	and    $0xff00,%eax
Regs: rax=0x2700,rbx=0xffff888000143638,rcx=0x302,rdx=0x3d4,rsi=0x27b5,rdi=0xe,rbp=0x0,rsp=0xffffc9000000bd50,r8=0x3,r9=0x1000,r10=0xffffc9000000bc20,r11=0x3,r12=0x1,r13=0xffff88800752fc00,r14=0xffffc90000075000,r15=0xffff888007615d80
=> 0xffffffff810cc14d <write_vga+21>:	add    %edi,%eax
Regs: rax=0x270e,rbx=0xffff888000143638,rcx=0x302,rdx=0x3d4,rsi=0x27b5,rdi=0xe,rbp=0x0,rsp=0xffffc9000000bd50,r8=0x3,r9=0x1000,r10=0xffffc9000000bc20,r11=0x3,r12=0x1,r13=0xffff88800752fc00,r14=0xffffc90000075000,r15=0xffff888007615d80
=> 0xffffffff810cc14f <write_vga+23>:	out    %ax,(%dx)
Regs: rax=0x270e,rbx=0xffff888000143638,rcx=0x302,rdx=0x3d4,rsi=0x27b5,rdi=0xe,rbp=0x0,rsp=0xffffc9000000bd50,r8=0x3,r9=0x1000,r10=0xffffc9000000bc20,r11=0x3,r12=0x1,r13=0xffff88800752fc00,r14=0xffffc90000075000,r15=0xffff888007615d80
=> 0xffffffff810cc151 <write_vga+25>:	shl    $0x8,%esi
Regs: rax=0x270e,rbx=0xffff888000143638,rcx=0x302,rdx=0x3d4,rsi=0x27b500,rdi=0xe,rbp=0x0,rsp=0xffffc9000000bd50,r8=0x3,r9=0x1000,r10=0xffffc9000000bc20,r11=0x3,r12=0x1,r13=0xffff88800752fc00,r14=0xffffc90000075000,r15=0xffff888007615d80
=> 0xffffffff810cc154 <write_vga+28>:	movzwl %si,%esi
Regs: rax=0x270e,rbx=0xffff888000143638,rcx=0x302,rdx=0x3d4,rsi=0xb500,rdi=0xe,rbp=0x0,rsp=0xffffc9000000bd50,r8=0x3,r9=0x1000,r10=0xffffc9000000bc20,r11=0x3,r12=0x1,r13=0xffff88800752fc00,r14=0xffffc90000075000,r15=0xffff888007615d80
=> 0xffffffff810cc157 <write_vga+31>:	lea    0x1(%rdi,%rsi,1),%eax
Regs: rax=0xb50f,rbx=0xffff888000143638,rcx=0x302,rdx=0x3d4,rsi=0xb500,rdi=0xe,rbp=0x0,rsp=0xffffc9000000bd50,r8=0x3,r9=0x1000,r10=0xffffc9000000bc20,r11=0x3,r12=0x1,r13=0xffff88800752fc00,r14=0xffffc90000075000,r15=0xffff888007615d80
=> 0xffffffff810cc15b <write_vga+35>:	out    %ax,(%dx)
Regs: rax=0xb50f,rbx=0xffff888000143638,rcx=0x302,rdx=0x3d4,rsi=0xb500,rdi=0xe,rbp=0x0,rsp=0xffffc9000000bd50,r8=0x3,r9=0x1000,r10=0xffffc9000000bc20,r11=0x3,r12=0x1,r13=0xffff88800752fc00,r14=0xffffc90000075000,r15=0xffff888007615d80
=> 0xffffffff810cc15d <write_vga+37>:	bt     $0x9,%ecx
Regs: rax=0xb50f,rbx=0xffff888000143638,rcx=0x302,rdx=0x3d4,rsi=0xb500,rdi=0xe,rbp=0x0,rsp=0xffffc9000000bd50,r8=0x3,r9=0x1000,r10=0xffffc9000000bc20,r11=0x3,r12=0x1,r13=0xffff88800752fc00,r14=0xffffc90000075000,r15=0xffff888007615d80
=> 0xffffffff810cc161 <write_vga+41>:	jae    0xffffffff810cc164 <write_vga+44>
Regs: rax=0xb50f,rbx=0xffff888000143638,rcx=0x302,rdx=0x3d4,rsi=0xb500,rdi=0xe,rbp=0x0,rsp=0xffffc9000000bd50,r8=0x3,r9=0x1000,r10=0xffffc9000000bc20,r11=0x3,r12=0x1,r13=0xffff88800752fc00,r14=0xffffc90000075000,r15=0xffff888007615d80
=> 0xffffffff810cc163 <write_vga+43>:	sti    
Regs: rax=0xb50f,rbx=0xffff888000143638,rcx=0x302,rdx=0x3d4,rsi=0xb500,rdi=0xe,rbp=0x0,rsp=0xffffc9000000bd50,r8=0x3,r9=0x1000,r10=0xffffc9000000bc20,r11=0x3,r12=0x1,r13=0xffff88800752fc00,r14=0xffffc90000075000,r15=0xffff888007615d80
=> 0xffffffff810cc164 <write_vga+44>:	ret    
Regs: rax=0xb50f,rbx=0xffff888000143638,rcx=0x302,rdx=0x3d4,rsi=0xb500,rdi=0xe,rbp=0x0,rsp=0xffffc9000000bd58,r8=0x3,r9=0x1000,r10=0xffffc9000000bc20,r11=0x3,r12=0x1,r13=0xffff88800752fc00,r14=0xffffc90000075000,r15=0xffff888007615d80
=> 0xffffffff810cca57 <vgacon_cursor+144>:	mov    0x1c4(%rbx),%eax
Regs: rax=0x2,rbx=0xffff888000143638,rcx=0x302,rdx=0x3d4,rsi=0xb500,rdi=0xe,rbp=0x0,rsp=0xffffc9000000bd58,r8=0x3,r9=0x1000,r10=0xffffc9000000bc20,r11=0x3,r12=0x1,r13=0xffff88800752fc00,r14=0xffffc90000075000,r15=0xffff888007615d80
=> 0xffffffff810cca5d <vgacon_cursor+150>:	and    $0xf,%eax
Regs: rax=0x2,rbx=0xffff888000143638,rcx=0x302,rdx=0x3d4,rsi=0xb500,rdi=0xe,rbp=0x0,rsp=0xffffc9000000bd58,r8=0x3,r9=0x1000,r10=0xffffc9000000bc20,r11=0x3,r12=0x1,r13=0xffff88800752fc00,r14=0xffffc90000075000,r15=0xffff888007615d80
=> 0xffffffff810cca60 <vgacon_cursor+153>:	lea    -0x1(%rax),%edx
Regs: rax=0x2,rbx=0xffff888000143638,rcx=0x302,rdx=0x1,rsi=0xb500,rdi=0xe,rbp=0x0,rsp=0xffffc9000000bd58,r8=0x3,r9=0x1000,r10=0xffffc9000000bc20,r11=0x3,r12=0x1,r13=0xffff88800752fc00,r14=0xffffc90000075000,r15=0xffff888007615d80
=> 0xffffffff810cca63 <vgacon_cursor+156>:	cmp    $0x4,%edx
Regs: rax=0x2,rbx=0xffff888000143638,rcx=0x302,rdx=0x1,rsi=0xb500,rdi=0xe,rbp=0x0,rsp=0xffffc9000000bd58,r8=0x3,r9=0x1000,r10=0xffffc9000000bc20,r11=0x3,r12=0x1,r13=0xffff88800752fc00,r14=0xffffc90000075000,r15=0xffff888007615d80
=> 0xffffffff810cca66 <vgacon_cursor+159>:	ja     0xffffffff810ccad4 <vgacon_cursor+269>
Regs: rax=0x2,rbx=0xffff888000143638,rcx=0x302,rdx=0x1,rsi=0xb500,rdi=0xe,rbp=0x0,rsp=0xffffc9000000bd58,r8=0x3,r9=0x1000,r10=0xffffc9000000bc20,r11=0x3,r12=0x1,r13=0xffff88800752fc00,r14=0xffffc90000075000,r15=0xffff888007615d80
=> 0xffffffff810cca68 <vgacon_cursor+161>:	jmp    *-0x7e9edd20(,%rdx,8)
Regs: rax=0x2,rbx=0xffff888000143638,rcx=0x302,rdx=0x1,rsi=0xb500,rdi=0xe,rbp=0x0,rsp=0xffffc9000000bd58,r8=0x3,r9=0x1000,r10=0xffffc9000000bc20,r11=0x3,r12=0x1,r13=0xffff88800752fc00,r14=0xffffc90000075000,r15=0xffff888007615d80
=> 0xffffffff810cca6f <vgacon_cursor+168>:	mov    0x184(%rbx),%edi
Regs: rax=0x2,rbx=0xffff888000143638,rcx=0x302,rdx=0x1,rsi=0xb500,rdi=0x10,rbp=0x0,rsp=0xffffc9000000bd58,r8=0x3,r9=0x1000,r10=0xffffc9000000bc20,r11=0x3,r12=0x1,r13=0xffff88800752fc00,r14=0xffffc90000075000,r15=0xffff888007615d80
=> 0xffffffff810cca75 <vgacon_cursor+174>:	lea    -0x1(%rdi),%esi
Regs: rax=0x2,rbx=0xffff888000143638,rcx=0x302,rdx=0x1,rsi=0xf,rdi=0x10,rbp=0x0,rsp=0xffffc9000000bd58,r8=0x3,r9=0x1000,r10=0xffffc9000000bc20,r11=0x3,r12=0x1,r13=0xffff88800752fc00,r14=0xffffc90000075000,r15=0xffff888007615d80
=> 0xffffffff810cca78 <vgacon_cursor+177>:	cmp    $0x9,%edi
Regs: rax=0x2,rbx=0xffff888000143638,rcx=0x302,rdx=0x1,rsi=0xf,rdi=0x10,rbp=0x0,rsp=0xffffc9000000bd58,r8=0x3,r9=0x1000,r10=0xffffc9000000bc20,r11=0x3,r12=0x1,r13=0xffff88800752fc00,r14=0xffffc90000075000,r15=0xffff888007615d80
=> 0xffffffff810cca7b <vgacon_cursor+180>:	jbe    0xffffffff810cca85 <vgacon_cursor+190>
Regs: rax=0x2,rbx=0xffff888000143638,rcx=0x302,rdx=0x1,rsi=0xf,rdi=0x10,rbp=0x0,rsp=0xffffc9000000bd58,r8=0x3,r9=0x1000,r10=0xffffc9000000bc20,r11=0x3,r12=0x1,r13=0xffff88800752fc00,r14=0xffffc90000075000,r15=0xffff888007615d80
=> 0xffffffff810cca7d <vgacon_cursor+182>:	lea    -0x2(%rdi),%esi
Regs: rax=0x2,rbx=0xffff888000143638,rcx=0x302,rdx=0x1,rsi=0xe,rdi=0x10,rbp=0x0,rsp=0xffffc9000000bd58,r8=0x3,r9=0x1000,r10=0xffffc9000000bc20,r11=0x3,r12=0x1,r13=0xffff88800752fc00,r14=0xffffc90000075000,r15=0xffff888007615d80
=> 0xffffffff810cca80 <vgacon_cursor+185>:	mov    $0x3,%eax
Regs: rax=0x3,rbx=0xffff888000143638,rcx=0x302,rdx=0x1,rsi=0xe,rdi=0x10,rbp=0x0,rsp=0xffffc9000000bd58,r8=0x3,r9=0x1000,r10=0xffffc9000000bc20,r11=0x3,r12=0x1,r13=0xffff88800752fc00,r14=0xffffc90000075000,r15=0xffff888007615d80
=> 0xffffffff810cca85 <vgacon_cursor+190>:	sub    %eax,%edi
Regs: rax=0x3,rbx=0xffff888000143638,rcx=0x302,rdx=0x1,rsi=0xe,rdi=0xd,rbp=0x0,rsp=0xffffc9000000bd58,r8=0x3,r9=0x1000,r10=0xffffc9000000bc20,r11=0x3,r12=0x1,r13=0xffff88800752fc00,r14=0xffffc90000075000,r15=0xffff888007615d80
=> 0xffffffff810cca87 <vgacon_cursor+192>:	jmp    0xffffffff810ccadf <vgacon_cursor+280>
Regs: rax=0x3,rbx=0xffff888000143638,rcx=0x302,rdx=0x1,rsi=0xe,rdi=0xd,rbp=0x0,rsp=0xffffc9000000bd58,r8=0x3,r9=0x1000,r10=0xffffc9000000bc20,r11=0x3,r12=0x1,r13=0xffff88800752fc00,r14=0xffffc90000075000,r15=0xffff888007615d80
=> 0xffffffff810ccadf <vgacon_cursor+280>:	pop    %rbx
Regs: rax=0x3,rbx=0xffff888007b1d668,rcx=0x302,rdx=0x1,rsi=0xe,rdi=0xd,rbp=0x0,rsp=0xffffc9000000bd60,r8=0x3,r9=0x1000,r10=0xffffc9000000bc20,r11=0x3,r12=0x1,r13=0xffff88800752fc00,r14=0xffffc90000075000,r15=0xffff888007615d80
=> 0xffffffff810ccae0 <vgacon_cursor+281>:	pop    %rbp
Regs: rax=0x3,rbx=0xffff888007b1d668,rcx=0x302,rdx=0x1,rsi=0xe,rdi=0xd,rbp=0xffff888007b1d668,rsp=0xffffc9000000bd68,r8=0x3,r9=0x1000,r10=0xffffc9000000bc20,r11=0x3,r12=0x1,r13=0xffff88800752fc00,r14=0xffffc90000075000,r15=0xffff888007615d80
=> 0xffffffff810ccae1 <vgacon_cursor+282>:	jmp    0xffffffff810cc8e3 <vgacon_set_cursor_size>
Regs: rax=0x3,rbx=0xffff888007b1d668,rcx=0x302,rdx=0x1,rsi=0xe,rdi=0xd,rbp=0xffff888007b1d668,rsp=0xffffc9000000bd68,r8=0x3,r9=0x1000,r10=0xffffc9000000bc20,r11=0x3,r12=0x1,r13=0xffff88800752fc00,r14=0xffffc90000075000,r15=0xffff888007615d80
=> 0xffffffff810cc8e3 <vgacon_set_cursor_size>:	cmp    %edi,0x89c59b(%rip)        # 0xffffffff81968e84 <cursor_size_lastfrom>
Regs: rax=0x3,rbx=0xffff888007b1d668,rcx=0x302,rdx=0x1,rsi=0xe,rdi=0xd,rbp=0xffff888007b1d668,rsp=0xffffc9000000bd68,r8=0x3,r9=0x1000,r10=0xffffc9000000bc20,r11=0x3,r12=0x1,r13=0xffff88800752fc00,r14=0xffffc90000075000,r15=0xffff888007615d80
=> 0xffffffff810cc8e9 <vgacon_set_cursor_size+6>:	push   %r14
Regs: rax=0x3,rbx=0xffff888007b1d668,rcx=0x302,rdx=0x1,rsi=0xe,rdi=0xd,rbp=0xffff888007b1d668,rsp=0xffffc9000000bd60,r8=0x3,r9=0x1000,r10=0xffffc9000000bc20,r11=0x3,r12=0x1,r13=0xffff88800752fc00,r14=0xffffc90000075000,r15=0xffff888007615d80
=> 0xffffffff810cc8eb <vgacon_set_cursor_size+8>:	mov    %edi,%r14d
Regs: rax=0x3,rbx=0xffff888007b1d668,rcx=0x302,rdx=0x1,rsi=0xe,rdi=0xd,rbp=0xffff888007b1d668,rsp=0xffffc9000000bd60,r8=0x3,r9=0x1000,r10=0xffffc9000000bc20,r11=0x3,r12=0x1,r13=0xffff88800752fc00,r14=0xd,r15=0xffff888007615d80
=> 0xffffffff810cc8ee <vgacon_set_cursor_size+11>:	push   %r13
Regs: rax=0x3,rbx=0xffff888007b1d668,rcx=0x302,rdx=0x1,rsi=0xe,rdi=0xd,rbp=0xffff888007b1d668,rsp=0xffffc9000000bd58,r8=0x3,r9=0x1000,r10=0xffffc9000000bc20,r11=0x3,r12=0x1,r13=0xffff88800752fc00,r14=0xd,r15=0xffff888007615d80
=> 0xffffffff810cc8f0 <vgacon_set_cursor_size+13>:	push   %r12
Regs: rax=0x3,rbx=0xffff888007b1d668,rcx=0x302,rdx=0x1,rsi=0xe,rdi=0xd,rbp=0xffff888007b1d668,rsp=0xffffc9000000bd50,r8=0x3,r9=0x1000,r10=0xffffc9000000bc20,r11=0x3,r12=0x1,r13=0xffff88800752fc00,r14=0xd,r15=0xffff888007615d80
=> 0xffffffff810cc8f2 <vgacon_set_cursor_size+15>:	push   %rbp
Regs: rax=0x3,rbx=0xffff888007b1d668,rcx=0x302,rdx=0x1,rsi=0xe,rdi=0xd,rbp=0xffff888007b1d668,rsp=0xffffc9000000bd48,r8=0x3,r9=0x1000,r10=0xffffc9000000bc20,r11=0x3,r12=0x1,r13=0xffff88800752fc00,r14=0xd,r15=0xffff888007615d80
=> 0xffffffff810cc8f3 <vgacon_set_cursor_size+16>:	push   %rbx
Regs: rax=0x3,rbx=0xffff888007b1d668,rcx=0x302,rdx=0x1,rsi=0xe,rdi=0xd,rbp=0xffff888007b1d668,rsp=0xffffc9000000bd40,r8=0x3,r9=0x1000,r10=0xffffc9000000bc20,r11=0x3,r12=0x1,r13=0xffff88800752fc00,r14=0xd,r15=0xffff888007615d80
=> 0xffffffff810cc8f4 <vgacon_set_cursor_size+17>:	mov    %esi,%ebx
Regs: rax=0x3,rbx=0xe,rcx=0x302,rdx=0x1,rsi=0xe,rdi=0xd,rbp=0xffff888007b1d668,rsp=0xffffc9000000bd40,r8=0x3,r9=0x1000,r10=0xffffc9000000bc20,r11=0x3,r12=0x1,r13=0xffff88800752fc00,r14=0xd,r15=0xffff888007615d80
=> 0xffffffff810cc8f6 <vgacon_set_cursor_size+19>:	jne    0xffffffff810cc904 <vgacon_set_cursor_size+33>
Regs: rax=0x3,rbx=0xe,rcx=0x302,rdx=0x1,rsi=0xe,rdi=0xd,rbp=0xffff888007b1d668,rsp=0xffffc9000000bd40,r8=0x3,r9=0x1000,r10=0xffffc9000000bc20,r11=0x3,r12=0x1,r13=0xffff88800752fc00,r14=0xd,r15=0xffff888007615d80
=> 0xffffffff810cc904 <vgacon_set_cursor_size+33>:	mov    %r14d,0x89c579(%rip)        # 0xffffffff81968e84 <cursor_size_lastfrom>
Regs: rax=0x3,rbx=0xe,rcx=0x302,rdx=0x1,rsi=0xe,rdi=0xd,rbp=0xffff888007b1d668,rsp=0xffffc9000000bd40,r8=0x3,r9=0x1000,r10=0xffffc9000000bc20,r11=0x3,r12=0x1,r13=0xffff88800752fc00,r14=0xd,r15=0xffff888007615d80
=> 0xffffffff810cc90b <vgacon_set_cursor_size+40>:	mov    %ebx,0x89c56f(%rip)        # 0xffffffff81968e80 <cursor_size_lastto>
Regs: rax=0x3,rbx=0xe,rcx=0x302,rdx=0x1,rsi=0xe,rdi=0xd,rbp=0xffff888007b1d668,rsp=0xffffc9000000bd40,r8=0x3,r9=0x1000,r10=0xffffc9000000bc20,r11=0x3,r12=0x1,r13=0xffff88800752fc00,r14=0xd,r15=0xffff888007615d80
=> 0xffffffff810cc911 <vgacon_set_cursor_size+46>:	pushf  
Regs: rax=0x3,rbx=0xe,rcx=0x302,rdx=0x1,rsi=0xe,rdi=0xd,rbp=0xffff888007b1d668,rsp=0xffffc9000000bd38,r8=0x3,r9=0x1000,r10=0xffffc9000000bc20,r11=0x3,r12=0x1,r13=0xffff88800752fc00,r14=0xd,r15=0xffff888007615d80
=> 0xffffffff810cc912 <vgacon_set_cursor_size+47>:	pop    %r12
Regs: rax=0x3,rbx=0xe,rcx=0x302,rdx=0x1,rsi=0xe,rdi=0xd,rbp=0xffff888007b1d668,rsp=0xffffc9000000bd40,r8=0x3,r9=0x1000,r10=0xffffc9000000bc20,r11=0x3,r12=0x306,r13=0xffff88800752fc00,r14=0xd,r15=0xffff888007615d80
=> 0xffffffff810cc914 <vgacon_set_cursor_size+49>:	cli    
Regs: rax=0x3,rbx=0xe,rcx=0x302,rdx=0x1,rsi=0xe,rdi=0xd,rbp=0xffff888007b1d668,rsp=0xffffc9000000bd40,r8=0x3,r9=0x1000,r10=0xffffc9000000bc20,r11=0x3,r12=0x306,r13=0xffff88800752fc00,r14=0xd,r15=0xffff888007615d80
=> 0xffffffff810cc915 <vgacon_set_cursor_size+50>:	cmpb   $0x21,0x7ec960(%rip)        # 0xffffffff818b927c <vga_video_type>
Regs: rax=0x3,rbx=0xe,rcx=0x302,rdx=0x1,rsi=0xe,rdi=0xd,rbp=0xffff888007b1d668,rsp=0xffffc9000000bd40,r8=0x3,r9=0x1000,r10=0xffffc9000000bc20,r11=0x3,r12=0x306,r13=0xffff88800752fc00,r14=0xd,r15=0xffff888007615d80
=> 0xffffffff810cc91c <vgacon_set_cursor_size+57>:	jbe    0xffffffff810cc962 <vgacon_set_cursor_size+127>
Regs: rax=0x3,rbx=0xe,rcx=0x302,rdx=0x1,rsi=0xe,rdi=0xd,rbp=0xffff888007b1d668,rsp=0xffffc9000000bd40,r8=0x3,r9=0x1000,r10=0xffffc9000000bc20,r11=0x3,r12=0x306,r13=0xffff88800752fc00,r14=0xd,r15=0xffff888007615d80
=> 0xffffffff810cc91e <vgacon_set_cursor_size+59>:	mov    0x7ec961(%rip),%dx        # 0xffffffff818b9286 <vga_video_port_reg>
Regs: rax=0x3,rbx=0xe,rcx=0x302,rdx=0x3d4,rsi=0xe,rdi=0xd,rbp=0xffff888007b1d668,rsp=0xffffc9000000bd40,r8=0x3,r9=0x1000,r10=0xffffc9000000bc20,r11=0x3,r12=0x306,r13=0xffff88800752fc00,r14=0xd,r15=0xffff888007615d80
=> 0xffffffff810cc925 <vgacon_set_cursor_size+66>:	mov    $0xa,%al
Regs: rax=0xa,rbx=0xe,rcx=0x302,rdx=0x3d4,rsi=0xe,rdi=0xd,rbp=0xffff888007b1d668,rsp=0xffffc9000000bd40,r8=0x3,r9=0x1000,r10=0xffffc9000000bc20,r11=0x3,r12=0x306,r13=0xffff88800752fc00,r14=0xd,r15=0xffff888007615d80
=> 0xffffffff810cc927 <vgacon_set_cursor_size+68>:	out    %al,(%dx)
Regs: rax=0xa,rbx=0xe,rcx=0x302,rdx=0x3d4,rsi=0xe,rdi=0xd,rbp=0xffff888007b1d668,rsp=0xffffc9000000bd40,r8=0x3,r9=0x1000,r10=0xffffc9000000bc20,r11=0x3,r12=0x306,r13=0xffff88800752fc00,r14=0xd,r15=0xffff888007615d80
=> 0xffffffff810cc928 <vgacon_set_cursor_size+69>:	call   0xffffffff81012adf <native_io_delay>
Regs: rax=0xa,rbx=0xe,rcx=0x302,rdx=0x3d4,rsi=0xe,rdi=0xd,rbp=0xffff888007b1d668,rsp=0xffffc9000000bd38,r8=0x3,r9=0x1000,r10=0xffffc9000000bc20,r11=0x3,r12=0x306,r13=0xffff88800752fc00,r14=0xd,r15=0xffff888007615d80
=> 0xffffffff81012adf <native_io_delay>:	mov    0x8a60e7(%rip),%eax        # 0xffffffff818b8bcc <io_delay_type>
Regs: rax=0x0,rbx=0xe,rcx=0x302,rdx=0x3d4,rsi=0xe,rdi=0xd,rbp=0xffff888007b1d668,rsp=0xffffc9000000bd38,r8=0x3,r9=0x1000,r10=0xffffc9000000bc20,r11=0x3,r12=0x306,r13=0xffff88800752fc00,r14=0xd,r15=0xffff888007615d80
=> 0xffffffff81012ae5 <native_io_delay+6>:	cmp    $0x2,%eax
Regs: rax=0x0,rbx=0xe,rcx=0x302,rdx=0x3d4,rsi=0xe,rdi=0xd,rbp=0xffff888007b1d668,rsp=0xffffc9000000bd38,r8=0x3,r9=0x1000,r10=0xffffc9000000bc20,r11=0x3,r12=0x306,r13=0xffff88800752fc00,r14=0xd,r15=0xffff888007615d80
=> 0xffffffff81012ae8 <native_io_delay+9>:	je     0xffffffff81012af9 <native_io_delay+26>
Regs: rax=0x0,rbx=0xe,rcx=0x302,rdx=0x3d4,rsi=0xe,rdi=0xd,rbp=0xffff888007b1d668,rsp=0xffffc9000000bd38,r8=0x3,r9=0x1000,r10=0xffffc9000000bc20,r11=0x3,r12=0x306,r13=0xffff88800752fc00,r14=0xd,r15=0xffff888007615d80
=> 0xffffffff81012aea <native_io_delay+11>:	cmp    $0x3,%eax
Regs: rax=0x0,rbx=0xe,rcx=0x302,rdx=0x3d4,rsi=0xe,rdi=0xd,rbp=0xffff888007b1d668,rsp=0xffffc9000000bd38,r8=0x3,r9=0x1000,r10=0xffffc9000000bc20,r11=0x3,r12=0x306,r13=0xffff88800752fc00,r14=0xd,r15=0xffff888007615d80
=> 0xffffffff81012aed <native_io_delay+14>:	je     0xffffffff81012b03 <native_io_delay+36>
Regs: rax=0x0,rbx=0xe,rcx=0x302,rdx=0x3d4,rsi=0xe,rdi=0xd,rbp=0xffff888007b1d668,rsp=0xffffc9000000bd38,r8=0x3,r9=0x1000,r10=0xffffc9000000bc20,r11=0x3,r12=0x306,r13=0xffff88800752fc00,r14=0xd,r15=0xffff888007615d80
=> 0xffffffff81012aef <native_io_delay+16>:	dec    %eax
Regs: rax=0xffffffff,rbx=0xe,rcx=0x302,rdx=0x3d4,rsi=0xe,rdi=0xd,rbp=0xffff888007b1d668,rsp=0xffffc9000000bd38,r8=0x3,r9=0x1000,r10=0xffffc9000000bc20,r11=0x3,r12=0x306,r13=0xffff88800752fc00,r14=0xd,r15=0xffff888007615d80
=> 0xffffffff81012af1 <native_io_delay+18>:	je     0xffffffff81012af6 <native_io_delay+23>
Regs: rax=0xffffffff,rbx=0xe,rcx=0x302,rdx=0x3d4,rsi=0xe,rdi=0xd,rbp=0xffff888007b1d668,rsp=0xffffc9000000bd38,r8=0x3,r9=0x1000,r10=0xffffc9000000bc20,r11=0x3,r12=0x306,r13=0xffff88800752fc00,r14=0xd,r15=0xffff888007615d80
=> 0xffffffff81012af3 <native_io_delay+20>:	out    %al,$0x80
Regs: rax=0xffffffff,rbx=0xe,rcx=0x302,rdx=0x3d4,rsi=0xe,rdi=0xd,rbp=0xffff888007b1d668,rsp=0xffffc9000000bd38,r8=0x3,r9=0x1000,r10=0xffffc9000000bc20,r11=0x3,r12=0x306,r13=0xffff88800752fc00,r14=0xd,r15=0xffff888007615d80
=> 0xffffffff81012af5 <native_io_delay+22>:	ret    
Regs: rax=0xffffffff,rbx=0xe,rcx=0x302,rdx=0x3d4,rsi=0xe,rdi=0xd,rbp=0xffff888007b1d668,rsp=0xffffc9000000bd40,r8=0x3,r9=0x1000,r10=0xffffc9000000bc20,r11=0x3,r12=0x306,r13=0xffff88800752fc00,r14=0xd,r15=0xffff888007615d80
=> 0xffffffff810cc92d <vgacon_set_cursor_size+74>:	mov    0x7ec950(%rip),%dx        # 0xffffffff818b9284 <vga_video_port_val>
Regs: rax=0xffffffff,rbx=0xe,rcx=0x302,rdx=0x3d5,rsi=0xe,rdi=0xd,rbp=0xffff888007b1d668,rsp=0xffffc9000000bd40,r8=0x3,r9=0x1000,r10=0xffffc9000000bc20,r11=0x3,r12=0x306,r13=0xffff88800752fc00,r14=0xd,r15=0xffff888007615d80
=> 0xffffffff810cc934 <vgacon_set_cursor_size+81>:	in     (%dx),%al
Regs: rax=0xffffff1f,rbx=0xe,rcx=0x302,rdx=0x3d5,rsi=0xe,rdi=0xd,rbp=0xffff888007b1d668,rsp=0xffffc9000000bd40,r8=0x3,r9=0x1000,r10=0xffffc9000000bc20,r11=0x3,r12=0x306,r13=0xffff88800752fc00,r14=0xd,r15=0xffff888007615d80
=> 0xffffffff810cc935 <vgacon_set_cursor_size+82>:	movzbl %al,%r13d
Regs: rax=0xffffff1f,rbx=0xe,rcx=0x302,rdx=0x3d5,rsi=0xe,rdi=0xd,rbp=0xffff888007b1d668,rsp=0xffffc9000000bd40,r8=0x3,r9=0x1000,r10=0xffffc9000000bc20,r11=0x3,r12=0x306,r13=0x1f,r14=0xd,r15=0xffff888007615d80
=> 0xffffffff810cc939 <vgacon_set_cursor_size+86>:	call   0xffffffff81012adf <native_io_delay>
Regs: rax=0xffffff1f,rbx=0xe,rcx=0x302,rdx=0x3d5,rsi=0xe,rdi=0xd,rbp=0xffff888007b1d668,rsp=0xffffc9000000bd38,r8=0x3,r9=0x1000,r10=0xffffc9000000bc20,r11=0x3,r12=0x306,r13=0x1f,r14=0xd,r15=0xffff888007615d80
=> 0xffffffff81012adf <native_io_delay>:	mov    0x8a60e7(%rip),%eax        # 0xffffffff818b8bcc <io_delay_type>
Regs: rax=0x0,rbx=0xe,rcx=0x302,rdx=0x3d5,rsi=0xe,rdi=0xd,rbp=0xffff888007b1d668,rsp=0xffffc9000000bd38,r8=0x3,r9=0x1000,r10=0xffffc9000000bc20,r11=0x3,r12=0x306,r13=0x1f,r14=0xd,r15=0xffff888007615d80
=> 0xffffffff81012ae5 <native_io_delay+6>:	cmp    $0x2,%eax
Regs: rax=0x0,rbx=0xe,rcx=0x302,rdx=0x3d5,rsi=0xe,rdi=0xd,rbp=0xffff888007b1d668,rsp=0xffffc9000000bd38,r8=0x3,r9=0x1000,r10=0xffffc9000000bc20,r11=0x3,r12=0x306,r13=0x1f,r14=0xd,r15=0xffff888007615d80
=> 0xffffffff81012ae8 <native_io_delay+9>:	je     0xffffffff81012af9 <native_io_delay+26>
Regs: rax=0x0,rbx=0xe,rcx=0x302,rdx=0x3d5,rsi=0xe,rdi=0xd,rbp=0xffff888007b1d668,rsp=0xffffc9000000bd38,r8=0x3,r9=0x1000,r10=0xffffc9000000bc20,r11=0x3,r12=0x306,r13=0x1f,r14=0xd,r15=0xffff888007615d80
=> 0xffffffff81012aea <native_io_delay+11>:	cmp    $0x3,%eax
Regs: rax=0x0,rbx=0xe,rcx=0x302,rdx=0x3d5,rsi=0xe,rdi=0xd,rbp=0xffff888007b1d668,rsp=0xffffc9000000bd38,r8=0x3,r9=0x1000,r10=0xffffc9000000bc20,r11=0x3,r12=0x306,r13=0x1f,r14=0xd,r15=0xffff888007615d80
=> 0xffffffff81012aed <native_io_delay+14>:	je     0xffffffff81012b03 <native_io_delay+36>
Regs: rax=0x0,rbx=0xe,rcx=0x302,rdx=0x3d5,rsi=0xe,rdi=0xd,rbp=0xffff888007b1d668,rsp=0xffffc9000000bd38,r8=0x3,r9=0x1000,r10=0xffffc9000000bc20,r11=0x3,r12=0x306,r13=0x1f,r14=0xd,r15=0xffff888007615d80
=> 0xffffffff81012aef <native_io_delay+16>:	dec    %eax
Regs: rax=0xffffffff,rbx=0xe,rcx=0x302,rdx=0x3d5,rsi=0xe,rdi=0xd,rbp=0xffff888007b1d668,rsp=0xffffc9000000bd38,r8=0x3,r9=0x1000,r10=0xffffc9000000bc20,r11=0x3,r12=0x306,r13=0x1f,r14=0xd,r15=0xffff888007615d80
=> 0xffffffff81012af1 <native_io_delay+18>:	je     0xffffffff81012af6 <native_io_delay+23>
Regs: rax=0xffffffff,rbx=0xe,rcx=0x302,rdx=0x3d5,rsi=0xe,rdi=0xd,rbp=0xffff888007b1d668,rsp=0xffffc9000000bd38,r8=0x3,r9=0x1000,r10=0xffffc9000000bc20,r11=0x3,r12=0x306,r13=0x1f,r14=0xd,r15=0xffff888007615d80
=> 0xffffffff81012af3 <native_io_delay+20>:	out    %al,$0x80
Regs: rax=0xffffffff,rbx=0xe,rcx=0x302,rdx=0x3d5,rsi=0xe,rdi=0xd,rbp=0xffff888007b1d668,rsp=0xffffc9000000bd38,r8=0x3,r9=0x1000,r10=0xffffc9000000bc20,r11=0x3,r12=0x306,r13=0x1f,r14=0xd,r15=0xffff888007615d80
=> 0xffffffff81012af5 <native_io_delay+22>:	ret    
Regs: rax=0xffffffff,rbx=0xe,rcx=0x302,rdx=0x3d5,rsi=0xe,rdi=0xd,rbp=0xffff888007b1d668,rsp=0xffffc9000000bd40,r8=0x3,r9=0x1000,r10=0xffffc9000000bc20,r11=0x3,r12=0x306,r13=0x1f,r14=0xd,r15=0xffff888007615d80
=> 0xffffffff810cc93e <vgacon_set_cursor_size+91>:	mov    0x7ec941(%rip),%dx        # 0xffffffff818b9286 <vga_video_port_reg>
Regs: rax=0xffffffff,rbx=0xe,rcx=0x302,rdx=0x3d4,rsi=0xe,rdi=0xd,rbp=0xffff888007b1d668,rsp=0xffffc9000000bd40,r8=0x3,r9=0x1000,r10=0xffffc9000000bc20,r11=0x3,r12=0x306,r13=0x1f,r14=0xd,r15=0xffff888007615d80
=> 0xffffffff810cc945 <vgacon_set_cursor_size+98>:	mov    $0xb,%al
Regs: rax=0xffffff0b,rbx=0xe,rcx=0x302,rdx=0x3d4,rsi=0xe,rdi=0xd,rbp=0xffff888007b1d668,rsp=0xffffc9000000bd40,r8=0x3,r9=0x1000,r10=0xffffc9000000bc20,r11=0x3,r12=0x306,r13=0x1f,r14=0xd,r15=0xffff888007615d80
=> 0xffffffff810cc947 <vgacon_set_cursor_size+100>:	out    %al,(%dx)
Regs: rax=0xffffff0b,rbx=0xe,rcx=0x302,rdx=0x3d4,rsi=0xe,rdi=0xd,rbp=0xffff888007b1d668,rsp=0xffffc9000000bd40,r8=0x3,r9=0x1000,r10=0xffffc9000000bc20,r11=0x3,r12=0x306,r13=0x1f,r14=0xd,r15=0xffff888007615d80
=> 0xffffffff810cc948 <vgacon_set_cursor_size+101>:	call   0xffffffff81012adf <native_io_delay>
Regs: rax=0xffffff0b,rbx=0xe,rcx=0x302,rdx=0x3d4,rsi=0xe,rdi=0xd,rbp=0xffff888007b1d668,rsp=0xffffc9000000bd38,r8=0x3,r9=0x1000,r10=0xffffc9000000bc20,r11=0x3,r12=0x306,r13=0x1f,r14=0xd,r15=0xffff888007615d80
=> 0xffffffff81012adf <native_io_delay>:	mov    0x8a60e7(%rip),%eax        # 0xffffffff818b8bcc <io_delay_type>
Regs: rax=0x0,rbx=0xe,rcx=0x302,rdx=0x3d4,rsi=0xe,rdi=0xd,rbp=0xffff888007b1d668,rsp=0xffffc9000000bd38,r8=0x3,r9=0x1000,r10=0xffffc9000000bc20,r11=0x3,r12=0x306,r13=0x1f,r14=0xd,r15=0xffff888007615d80
=> 0xffffffff81012ae5 <native_io_delay+6>:	cmp    $0x2,%eax
Regs: rax=0x0,rbx=0xe,rcx=0x302,rdx=0x3d4,rsi=0xe,rdi=0xd,rbp=0xffff888007b1d668,rsp=0xffffc9000000bd38,r8=0x3,r9=0x1000,r10=0xffffc9000000bc20,r11=0x3,r12=0x306,r13=0x1f,r14=0xd,r15=0xffff888007615d80
=> 0xffffffff81012ae8 <native_io_delay+9>:	je     0xffffffff81012af9 <native_io_delay+26>
Regs: rax=0x0,rbx=0xe,rcx=0x302,rdx=0x3d4,rsi=0xe,rdi=0xd,rbp=0xffff888007b1d668,rsp=0xffffc9000000bd38,r8=0x3,r9=0x1000,r10=0xffffc9000000bc20,r11=0x3,r12=0x306,r13=0x1f,r14=0xd,r15=0xffff888007615d80
=> 0xffffffff81012aea <native_io_delay+11>:	cmp    $0x3,%eax
Regs: rax=0x0,rbx=0xe,rcx=0x302,rdx=0x3d4,rsi=0xe,rdi=0xd,rbp=0xffff888007b1d668,rsp=0xffffc9000000bd38,r8=0x3,r9=0x1000,r10=0xffffc9000000bc20,r11=0x3,r12=0x306,r13=0x1f,r14=0xd,r15=0xffff888007615d80
=> 0xffffffff81012aed <native_io_delay+14>:	je     0xffffffff81012b03 <native_io_delay+36>
Regs: rax=0x0,rbx=0xe,rcx=0x302,rdx=0x3d4,rsi=0xe,rdi=0xd,rbp=0xffff888007b1d668,rsp=0xffffc9000000bd38,r8=0x3,r9=0x1000,r10=0xffffc9000000bc20,r11=0x3,r12=0x306,r13=0x1f,r14=0xd,r15=0xffff888007615d80
=> 0xffffffff81012aef <native_io_delay+16>:	dec    %eax
Regs: rax=0xffffffff,rbx=0xe,rcx=0x302,rdx=0x3d4,rsi=0xe,rdi=0xd,rbp=0xffff888007b1d668,rsp=0xffffc9000000bd38,r8=0x3,r9=0x1000,r10=0xffffc9000000bc20,r11=0x3,r12=0x306,r13=0x1f,r14=0xd,r15=0xffff888007615d80
=> 0xffffffff81012af1 <native_io_delay+18>:	je     0xffffffff81012af6 <native_io_delay+23>
Regs: rax=0xffffffff,rbx=0xe,rcx=0x302,rdx=0x3d4,rsi=0xe,rdi=0xd,rbp=0xffff888007b1d668,rsp=0xffffc9000000bd38,r8=0x3,r9=0x1000,r10=0xffffc9000000bc20,r11=0x3,r12=0x306,r13=0x1f,r14=0xd,r15=0xffff888007615d80
=> 0xffffffff81012af3 <native_io_delay+20>:	out    %al,$0x80
Regs: rax=0xffffffff,rbx=0xe,rcx=0x302,rdx=0x3d4,rsi=0xe,rdi=0xd,rbp=0xffff888007b1d668,rsp=0xffffc9000000bd38,r8=0x3,r9=0x1000,r10=0xffffc9000000bc20,r11=0x3,r12=0x306,r13=0x1f,r14=0xd,r15=0xffff888007615d80
=> 0xffffffff81012af5 <native_io_delay+22>:	ret    
Regs: rax=0xffffffff,rbx=0xe,rcx=0x302,rdx=0x3d4,rsi=0xe,rdi=0xd,rbp=0xffff888007b1d668,rsp=0xffffc9000000bd40,r8=0x3,r9=0x1000,r10=0xffffc9000000bc20,r11=0x3,r12=0x306,r13=0x1f,r14=0xd,r15=0xffff888007615d80
=> 0xffffffff810cc94d <vgacon_set_cursor_size+106>:	mov    0x7ec930(%rip),%dx        # 0xffffffff818b9284 <vga_video_port_val>
Regs: rax=0xffffffff,rbx=0xe,rcx=0x302,rdx=0x3d5,rsi=0xe,rdi=0xd,rbp=0xffff888007b1d668,rsp=0xffffc9000000bd40,r8=0x3,r9=0x1000,r10=0xffffc9000000bc20,r11=0x3,r12=0x306,r13=0x1f,r14=0xd,r15=0xffff888007615d80
=> 0xffffffff810cc954 <vgacon_set_cursor_size+113>:	in     (%dx),%al
Regs: rax=0xffffff1e,rbx=0xe,rcx=0x302,rdx=0x3d5,rsi=0xe,rdi=0xd,rbp=0xffff888007b1d668,rsp=0xffffc9000000bd40,r8=0x3,r9=0x1000,r10=0xffffc9000000bc20,r11=0x3,r12=0x306,r13=0x1f,r14=0xd,r15=0xffff888007615d80
=> 0xffffffff810cc955 <vgacon_set_cursor_size+114>:	mov    %eax,%ebp
Regs: rax=0xffffff1e,rbx=0xe,rcx=0x302,rdx=0x3d5,rsi=0xe,rdi=0xd,rbp=0xffffff1e,rsp=0xffffc9000000bd40,r8=0x3,r9=0x1000,r10=0xffffc9000000bc20,r11=0x3,r12=0x306,r13=0x1f,r14=0xd,r15=0xffff888007615d80
=> 0xffffffff810cc957 <vgacon_set_cursor_size+116>:	call   0xffffffff81012adf <native_io_delay>
Regs: rax=0xffffff1e,rbx=0xe,rcx=0x302,rdx=0x3d5,rsi=0xe,rdi=0xd,rbp=0xffffff1e,rsp=0xffffc9000000bd38,r8=0x3,r9=0x1000,r10=0xffffc9000000bc20,r11=0x3,r12=0x306,r13=0x1f,r14=0xd,r15=0xffff888007615d80
=> 0xffffffff81012adf <native_io_delay>:	mov    0x8a60e7(%rip),%eax        # 0xffffffff818b8bcc <io_delay_type>
Regs: rax=0x0,rbx=0xe,rcx=0x302,rdx=0x3d5,rsi=0xe,rdi=0xd,rbp=0xffffff1e,rsp=0xffffc9000000bd38,r8=0x3,r9=0x1000,r10=0xffffc9000000bc20,r11=0x3,r12=0x306,r13=0x1f,r14=0xd,r15=0xffff888007615d80
=> 0xffffffff81012ae5 <native_io_delay+6>:	cmp    $0x2,%eax
Regs: rax=0x0,rbx=0xe,rcx=0x302,rdx=0x3d5,rsi=0xe,rdi=0xd,rbp=0xffffff1e,rsp=0xffffc9000000bd38,r8=0x3,r9=0x1000,r10=0xffffc9000000bc20,r11=0x3,r12=0x306,r13=0x1f,r14=0xd,r15=0xffff888007615d80
=> 0xffffffff81012ae8 <native_io_delay+9>:	je     0xffffffff81012af9 <native_io_delay+26>
Regs: rax=0x0,rbx=0xe,rcx=0x302,rdx=0x3d5,rsi=0xe,rdi=0xd,rbp=0xffffff1e,rsp=0xffffc9000000bd38,r8=0x3,r9=0x1000,r10=0xffffc9000000bc20,r11=0x3,r12=0x306,r13=0x1f,r14=0xd,r15=0xffff888007615d80
=> 0xffffffff81012aea <native_io_delay+11>:	cmp    $0x3,%eax
Regs: rax=0x0,rbx=0xe,rcx=0x302,rdx=0x3d5,rsi=0xe,rdi=0xd,rbp=0xffffff1e,rsp=0xffffc9000000bd38,r8=0x3,r9=0x1000,r10=0xffffc9000000bc20,r11=0x3,r12=0x306,r13=0x1f,r14=0xd,r15=0xffff888007615d80
=> 0xffffffff81012aed <native_io_delay+14>:	je     0xffffffff81012b03 <native_io_delay+36>
Regs: rax=0x0,rbx=0xe,rcx=0x302,rdx=0x3d5,rsi=0xe,rdi=0xd,rbp=0xffffff1e,rsp=0xffffc9000000bd38,r8=0x3,r9=0x1000,r10=0xffffc9000000bc20,r11=0x3,r12=0x306,r13=0x1f,r14=0xd,r15=0xffff888007615d80
=> 0xffffffff81012aef <native_io_delay+16>:	dec    %eax
Regs: rax=0xffffffff,rbx=0xe,rcx=0x302,rdx=0x3d5,rsi=0xe,rdi=0xd,rbp=0xffffff1e,rsp=0xffffc9000000bd38,r8=0x3,r9=0x1000,r10=0xffffc9000000bc20,r11=0x3,r12=0x306,r13=0x1f,r14=0xd,r15=0xffff888007615d80
=> 0xffffffff81012af1 <native_io_delay+18>:	je     0xffffffff81012af6 <native_io_delay+23>
Regs: rax=0xffffffff,rbx=0xe,rcx=0x302,rdx=0x3d5,rsi=0xe,rdi=0xd,rbp=0xffffff1e,rsp=0xffffc9000000bd38,r8=0x3,r9=0x1000,r10=0xffffc9000000bc20,r11=0x3,r12=0x306,r13=0x1f,r14=0xd,r15=0xffff888007615d80
=> 0xffffffff81012af3 <native_io_delay+20>:	out    %al,$0x80
Regs: rax=0xffffffff,rbx=0xe,rcx=0x302,rdx=0x3d5,rsi=0xe,rdi=0xd,rbp=0xffffff1e,rsp=0xffffc9000000bd38,r8=0x3,r9=0x1000,r10=0xffffc9000000bc20,r11=0x3,r12=0x306,r13=0x1f,r14=0xd,r15=0xffff888007615d80
=> 0xffffffff81012af5 <native_io_delay+22>:	ret    
Regs: rax=0xffffffff,rbx=0xe,rcx=0x302,rdx=0x3d5,rsi=0xe,rdi=0xd,rbp=0xffffff1e,rsp=0xffffc9000000bd40,r8=0x3,r9=0x1000,r10=0xffffc9000000bc20,r11=0x3,r12=0x306,r13=0x1f,r14=0xd,r15=0xffff888007615d80
=> 0xffffffff810cc95c <vgacon_set_cursor_size+121>:	movzbl %bpl,%edx
Regs: rax=0xffffffff,rbx=0xe,rcx=0x302,rdx=0x1e,rsi=0xe,rdi=0xd,rbp=0xffffff1e,rsp=0xffffc9000000bd40,r8=0x3,r9=0x1000,r10=0xffffc9000000bc20,r11=0x3,r12=0x306,r13=0x1f,r14=0xd,r15=0xffff888007615d80
=> 0xffffffff810cc960 <vgacon_set_cursor_size+125>:	jmp    0xffffffff810cc967 <vgacon_set_cursor_size+132>
Regs: rax=0xffffffff,rbx=0xe,rcx=0x302,rdx=0x1e,rsi=0xe,rdi=0xd,rbp=0xffffff1e,rsp=0xffffc9000000bd40,r8=0x3,r9=0x1000,r10=0xffffc9000000bc20,r11=0x3,r12=0x306,r13=0x1f,r14=0xd,r15=0xffff888007615d80
=> 0xffffffff810cc967 <vgacon_set_cursor_size+132>:	and    $0xe0,%edx
Regs: rax=0xffffffff,rbx=0xe,rcx=0x302,rdx=0x0,rsi=0xe,rdi=0xd,rbp=0xffffff1e,rsp=0xffffc9000000bd40,r8=0x3,r9=0x1000,r10=0xffffc9000000bc20,r11=0x3,r12=0x306,r13=0x1f,r14=0xd,r15=0xffff888007615d80
=> 0xffffffff810cc96d <vgacon_set_cursor_size+138>:	and    $0xc0,%r13d
Regs: rax=0xffffffff,rbx=0xe,rcx=0x302,rdx=0x0,rsi=0xe,rdi=0xd,rbp=0xffffff1e,rsp=0xffffc9000000bd40,r8=0x3,r9=0x1000,r10=0xffffc9000000bc20,r11=0x3,r12=0x306,r13=0x0,r14=0xd,r15=0xffff888007615d80
=> 0xffffffff810cc974 <vgacon_set_cursor_size+145>:	mov    $0xa,%al
Regs: rax=0xffffff0a,rbx=0xe,rcx=0x302,rdx=0x0,rsi=0xe,rdi=0xd,rbp=0xffffff1e,rsp=0xffffc9000000bd40,r8=0x3,r9=0x1000,r10=0xffffc9000000bc20,r11=0x3,r12=0x306,r13=0x0,r14=0xd,r15=0xffff888007615d80
=> 0xffffffff810cc976 <vgacon_set_cursor_size+147>:	or     %edx,%ebx
Regs: rax=0xffffff0a,rbx=0xe,rcx=0x302,rdx=0x0,rsi=0xe,rdi=0xd,rbp=0xffffff1e,rsp=0xffffc9000000bd40,r8=0x3,r9=0x1000,r10=0xffffc9000000bc20,r11=0x3,r12=0x306,r13=0x0,r14=0xd,r15=0xffff888007615d80
=> 0xffffffff810cc978 <vgacon_set_cursor_size+149>:	or     %r13d,%r14d
Regs: rax=0xffffff0a,rbx=0xe,rcx=0x302,rdx=0x0,rsi=0xe,rdi=0xd,rbp=0xffffff1e,rsp=0xffffc9000000bd40,r8=0x3,r9=0x1000,r10=0xffffc9000000bc20,r11=0x3,r12=0x306,r13=0x0,r14=0xd,r15=0xffff888007615d80
=> 0xffffffff810cc97b <vgacon_set_cursor_size+152>:	mov    0x7ec904(%rip),%dx        # 0xffffffff818b9286 <vga_video_port_reg>
Regs: rax=0xffffff0a,rbx=0xe,rcx=0x302,rdx=0x3d4,rsi=0xe,rdi=0xd,rbp=0xffffff1e,rsp=0xffffc9000000bd40,r8=0x3,r9=0x1000,r10=0xffffc9000000bc20,r11=0x3,r12=0x306,r13=0x0,r14=0xd,r15=0xffff888007615d80
=> 0xffffffff810cc982 <vgacon_set_cursor_size+159>:	out    %al,(%dx)
Regs: rax=0xffffff0a,rbx=0xe,rcx=0x302,rdx=0x3d4,rsi=0xe,rdi=0xd,rbp=0xffffff1e,rsp=0xffffc9000000bd40,r8=0x3,r9=0x1000,r10=0xffffc9000000bc20,r11=0x3,r12=0x306,r13=0x0,r14=0xd,r15=0xffff888007615d80
=> 0xffffffff810cc983 <vgacon_set_cursor_size+160>:	call   0xffffffff81012adf <native_io_delay>
Regs: rax=0xffffff0a,rbx=0xe,rcx=0x302,rdx=0x3d4,rsi=0xe,rdi=0xd,rbp=0xffffff1e,rsp=0xffffc9000000bd38,r8=0x3,r9=0x1000,r10=0xffffc9000000bc20,r11=0x3,r12=0x306,r13=0x0,r14=0xd,r15=0xffff888007615d80
=> 0xffffffff81012adf <native_io_delay>:	mov    0x8a60e7(%rip),%eax        # 0xffffffff818b8bcc <io_delay_type>
Regs: rax=0x0,rbx=0xe,rcx=0x302,rdx=0x3d4,rsi=0xe,rdi=0xd,rbp=0xffffff1e,rsp=0xffffc9000000bd38,r8=0x3,r9=0x1000,r10=0xffffc9000000bc20,r11=0x3,r12=0x306,r13=0x0,r14=0xd,r15=0xffff888007615d80
=> 0xffffffff81012ae5 <native_io_delay+6>:	cmp    $0x2,%eax
Regs: rax=0x0,rbx=0xe,rcx=0x302,rdx=0x3d4,rsi=0xe,rdi=0xd,rbp=0xffffff1e,rsp=0xffffc9000000bd38,r8=0x3,r9=0x1000,r10=0xffffc9000000bc20,r11=0x3,r12=0x306,r13=0x0,r14=0xd,r15=0xffff888007615d80
=> 0xffffffff81012ae8 <native_io_delay+9>:	je     0xffffffff81012af9 <native_io_delay+26>
Regs: rax=0x0,rbx=0xe,rcx=0x302,rdx=0x3d4,rsi=0xe,rdi=0xd,rbp=0xffffff1e,rsp=0xffffc9000000bd38,r8=0x3,r9=0x1000,r10=0xffffc9000000bc20,r11=0x3,r12=0x306,r13=0x0,r14=0xd,r15=0xffff888007615d80
=> 0xffffffff81012aea <native_io_delay+11>:	cmp    $0x3,%eax
Regs: rax=0x0,rbx=0xe,rcx=0x302,rdx=0x3d4,rsi=0xe,rdi=0xd,rbp=0xffffff1e,rsp=0xffffc9000000bd38,r8=0x3,r9=0x1000,r10=0xffffc9000000bc20,r11=0x3,r12=0x306,r13=0x0,r14=0xd,r15=0xffff888007615d80
=> 0xffffffff81012aed <native_io_delay+14>:	je     0xffffffff81012b03 <native_io_delay+36>
Regs: rax=0x0,rbx=0xe,rcx=0x302,rdx=0x3d4,rsi=0xe,rdi=0xd,rbp=0xffffff1e,rsp=0xffffc9000000bd38,r8=0x3,r9=0x1000,r10=0xffffc9000000bc20,r11=0x3,r12=0x306,r13=0x0,r14=0xd,r15=0xffff888007615d80
=> 0xffffffff81012aef <native_io_delay+16>:	dec    %eax
Regs: rax=0xffffffff,rbx=0xe,rcx=0x302,rdx=0x3d4,rsi=0xe,rdi=0xd,rbp=0xffffff1e,rsp=0xffffc9000000bd38,r8=0x3,r9=0x1000,r10=0xffffc9000000bc20,r11=0x3,r12=0x306,r13=0x0,r14=0xd,r15=0xffff888007615d80
=> 0xffffffff81012af1 <native_io_delay+18>:	je     0xffffffff81012af6 <native_io_delay+23>
Regs: rax=0xffffffff,rbx=0xe,rcx=0x302,rdx=0x3d4,rsi=0xe,rdi=0xd,rbp=0xffffff1e,rsp=0xffffc9000000bd38,r8=0x3,r9=0x1000,r10=0xffffc9000000bc20,r11=0x3,r12=0x306,r13=0x0,r14=0xd,r15=0xffff888007615d80
=> 0xffffffff81012af3 <native_io_delay+20>:	out    %al,$0x80
Regs: rax=0xffffffff,rbx=0xe,rcx=0x302,rdx=0x3d4,rsi=0xe,rdi=0xd,rbp=0xffffff1e,rsp=0xffffc9000000bd38,r8=0x3,r9=0x1000,r10=0xffffc9000000bc20,r11=0x3,r12=0x306,r13=0x0,r14=0xd,r15=0xffff888007615d80
=> 0xffffffff81012af5 <native_io_delay+22>:	ret    
Regs: rax=0xffffffff,rbx=0xe,rcx=0x302,rdx=0x3d4,rsi=0xe,rdi=0xd,rbp=0xffffff1e,rsp=0xffffc9000000bd40,r8=0x3,r9=0x1000,r10=0xffffc9000000bc20,r11=0x3,r12=0x306,r13=0x0,r14=0xd,r15=0xffff888007615d80
=> 0xffffffff810cc988 <vgacon_set_cursor_size+165>:	mov    0x7ec8f5(%rip),%dx        # 0xffffffff818b9284 <vga_video_port_val>
Regs: rax=0xffffffff,rbx=0xe,rcx=0x302,rdx=0x3d5,rsi=0xe,rdi=0xd,rbp=0xffffff1e,rsp=0xffffc9000000bd40,r8=0x3,r9=0x1000,r10=0xffffc9000000bc20,r11=0x3,r12=0x306,r13=0x0,r14=0xd,r15=0xffff888007615d80
=> 0xffffffff810cc98f <vgacon_set_cursor_size+172>:	mov    %r14d,%eax
Regs: rax=0xd,rbx=0xe,rcx=0x302,rdx=0x3d5,rsi=0xe,rdi=0xd,rbp=0xffffff1e,rsp=0xffffc9000000bd40,r8=0x3,r9=0x1000,r10=0xffffc9000000bc20,r11=0x3,r12=0x306,r13=0x0,r14=0xd,r15=0xffff888007615d80
=> 0xffffffff810cc992 <vgacon_set_cursor_size+175>:	out    %al,(%dx)
Regs: rax=0xd,rbx=0xe,rcx=0x302,rdx=0x3d5,rsi=0xe,rdi=0xd,rbp=0xffffff1e,rsp=0xffffc9000000bd40,r8=0x3,r9=0x1000,r10=0xffffc9000000bc20,r11=0x3,r12=0x306,r13=0x0,r14=0xd,r15=0xffff888007615d80
=> 0xffffffff810cc993 <vgacon_set_cursor_size+176>:	call   0xffffffff81012adf <native_io_delay>
Regs: rax=0xd,rbx=0xe,rcx=0x302,rdx=0x3d5,rsi=0xe,rdi=0xd,rbp=0xffffff1e,rsp=0xffffc9000000bd38,r8=0x3,r9=0x1000,r10=0xffffc9000000bc20,r11=0x3,r12=0x306,r13=0x0,r14=0xd,r15=0xffff888007615d80
=> 0xffffffff81012adf <native_io_delay>:	mov    0x8a60e7(%rip),%eax        # 0xffffffff818b8bcc <io_delay_type>
Regs: rax=0x0,rbx=0xe,rcx=0x302,rdx=0x3d5,rsi=0xe,rdi=0xd,rbp=0xffffff1e,rsp=0xffffc9000000bd38,r8=0x3,r9=0x1000,r10=0xffffc9000000bc20,r11=0x3,r12=0x306,r13=0x0,r14=0xd,r15=0xffff888007615d80
=> 0xffffffff81012ae5 <native_io_delay+6>:	cmp    $0x2,%eax
Regs: rax=0x0,rbx=0xe,rcx=0x302,rdx=0x3d5,rsi=0xe,rdi=0xd,rbp=0xffffff1e,rsp=0xffffc9000000bd38,r8=0x3,r9=0x1000,r10=0xffffc9000000bc20,r11=0x3,r12=0x306,r13=0x0,r14=0xd,r15=0xffff888007615d80
=> 0xffffffff81012ae8 <native_io_delay+9>:	je     0xffffffff81012af9 <native_io_delay+26>
Regs: rax=0x0,rbx=0xe,rcx=0x302,rdx=0x3d5,rsi=0xe,rdi=0xd,rbp=0xffffff1e,rsp=0xffffc9000000bd38,r8=0x3,r9=0x1000,r10=0xffffc9000000bc20,r11=0x3,r12=0x306,r13=0x0,r14=0xd,r15=0xffff888007615d80
=> 0xffffffff81012aea <native_io_delay+11>:	cmp    $0x3,%eax
Regs: rax=0x0,rbx=0xe,rcx=0x302,rdx=0x3d5,rsi=0xe,rdi=0xd,rbp=0xffffff1e,rsp=0xffffc9000000bd38,r8=0x3,r9=0x1000,r10=0xffffc9000000bc20,r11=0x3,r12=0x306,r13=0x0,r14=0xd,r15=0xffff888007615d80
=> 0xffffffff81012aed <native_io_delay+14>:	je     0xffffffff81012b03 <native_io_delay+36>
Regs: rax=0x0,rbx=0xe,rcx=0x302,rdx=0x3d5,rsi=0xe,rdi=0xd,rbp=0xffffff1e,rsp=0xffffc9000000bd38,r8=0x3,r9=0x1000,r10=0xffffc9000000bc20,r11=0x3,r12=0x306,r13=0x0,r14=0xd,r15=0xffff888007615d80
=> 0xffffffff81012aef <native_io_delay+16>:	dec    %eax
Regs: rax=0xffffffff,rbx=0xe,rcx=0x302,rdx=0x3d5,rsi=0xe,rdi=0xd,rbp=0xffffff1e,rsp=0xffffc9000000bd38,r8=0x3,r9=0x1000,r10=0xffffc9000000bc20,r11=0x3,r12=0x306,r13=0x0,r14=0xd,r15=0xffff888007615d80
=> 0xffffffff81012af1 <native_io_delay+18>:	je     0xffffffff81012af6 <native_io_delay+23>
Regs: rax=0xffffffff,rbx=0xe,rcx=0x302,rdx=0x3d5,rsi=0xe,rdi=0xd,rbp=0xffffff1e,rsp=0xffffc9000000bd38,r8=0x3,r9=0x1000,r10=0xffffc9000000bc20,r11=0x3,r12=0x306,r13=0x0,r14=0xd,r15=0xffff888007615d80
=> 0xffffffff81012af3 <native_io_delay+20>:	out    %al,$0x80
Regs: rax=0xffffffff,rbx=0xe,rcx=0x302,rdx=0x3d5,rsi=0xe,rdi=0xd,rbp=0xffffff1e,rsp=0xffffc9000000bd38,r8=0x3,r9=0x1000,r10=0xffffc9000000bc20,r11=0x3,r12=0x306,r13=0x0,r14=0xd,r15=0xffff888007615d80
=> 0xffffffff81012af5 <native_io_delay+22>:	ret    
Regs: rax=0xffffffff,rbx=0xe,rcx=0x302,rdx=0x3d5,rsi=0xe,rdi=0xd,rbp=0xffffff1e,rsp=0xffffc9000000bd40,r8=0x3,r9=0x1000,r10=0xffffc9000000bc20,r11=0x3,r12=0x306,r13=0x0,r14=0xd,r15=0xffff888007615d80
=> 0xffffffff810cc998 <vgacon_set_cursor_size+181>:	mov    0x7ec8e7(%rip),%dx        # 0xffffffff818b9286 <vga_video_port_reg>
Regs: rax=0xffffffff,rbx=0xe,rcx=0x302,rdx=0x3d4,rsi=0xe,rdi=0xd,rbp=0xffffff1e,rsp=0xffffc9000000bd40,r8=0x3,r9=0x1000,r10=0xffffc9000000bc20,r11=0x3,r12=0x306,r13=0x0,r14=0xd,r15=0xffff888007615d80
=> 0xffffffff810cc99f <vgacon_set_cursor_size+188>:	mov    $0xb,%al
Regs: rax=0xffffff0b,rbx=0xe,rcx=0x302,rdx=0x3d4,rsi=0xe,rdi=0xd,rbp=0xffffff1e,rsp=0xffffc9000000bd40,r8=0x3,r9=0x1000,r10=0xffffc9000000bc20,r11=0x3,r12=0x306,r13=0x0,r14=0xd,r15=0xffff888007615d80
=> 0xffffffff810cc9a1 <vgacon_set_cursor_size+190>:	out    %al,(%dx)
Regs: rax=0xffffff0b,rbx=0xe,rcx=0x302,rdx=0x3d4,rsi=0xe,rdi=0xd,rbp=0xffffff1e,rsp=0xffffc9000000bd40,r8=0x3,r9=0x1000,r10=0xffffc9000000bc20,r11=0x3,r12=0x306,r13=0x0,r14=0xd,r15=0xffff888007615d80
=> 0xffffffff810cc9a2 <vgacon_set_cursor_size+191>:	call   0xffffffff81012adf <native_io_delay>
Regs: rax=0xffffff0b,rbx=0xe,rcx=0x302,rdx=0x3d4,rsi=0xe,rdi=0xd,rbp=0xffffff1e,rsp=0xffffc9000000bd38,r8=0x3,r9=0x1000,r10=0xffffc9000000bc20,r11=0x3,r12=0x306,r13=0x0,r14=0xd,r15=0xffff888007615d80
=> 0xffffffff81012adf <native_io_delay>:	mov    0x8a60e7(%rip),%eax        # 0xffffffff818b8bcc <io_delay_type>
Regs: rax=0x0,rbx=0xe,rcx=0x302,rdx=0x3d4,rsi=0xe,rdi=0xd,rbp=0xffffff1e,rsp=0xffffc9000000bd38,r8=0x3,r9=0x1000,r10=0xffffc9000000bc20,r11=0x3,r12=0x306,r13=0x0,r14=0xd,r15=0xffff888007615d80
=> 0xffffffff81012ae5 <native_io_delay+6>:	cmp    $0x2,%eax
Regs: rax=0x0,rbx=0xe,rcx=0x302,rdx=0x3d4,rsi=0xe,rdi=0xd,rbp=0xffffff1e,rsp=0xffffc9000000bd38,r8=0x3,r9=0x1000,r10=0xffffc9000000bc20,r11=0x3,r12=0x306,r13=0x0,r14=0xd,r15=0xffff888007615d80
=> 0xffffffff81012ae8 <native_io_delay+9>:	je     0xffffffff81012af9 <native_io_delay+26>
Regs: rax=0x0,rbx=0xe,rcx=0x302,rdx=0x3d4,rsi=0xe,rdi=0xd,rbp=0xffffff1e,rsp=0xffffc9000000bd38,r8=0x3,r9=0x1000,r10=0xffffc9000000bc20,r11=0x3,r12=0x306,r13=0x0,r14=0xd,r15=0xffff888007615d80
=> 0xffffffff81012aea <native_io_delay+11>:	cmp    $0x3,%eax
Regs: rax=0x0,rbx=0xe,rcx=0x302,rdx=0x3d4,rsi=0xe,rdi=0xd,rbp=0xffffff1e,rsp=0xffffc9000000bd38,r8=0x3,r9=0x1000,r10=0xffffc9000000bc20,r11=0x3,r12=0x306,r13=0x0,r14=0xd,r15=0xffff888007615d80
=> 0xffffffff81012aed <native_io_delay+14>:	je     0xffffffff81012b03 <native_io_delay+36>
Regs: rax=0x0,rbx=0xe,rcx=0x302,rdx=0x3d4,rsi=0xe,rdi=0xd,rbp=0xffffff1e,rsp=0xffffc9000000bd38,r8=0x3,r9=0x1000,r10=0xffffc9000000bc20,r11=0x3,r12=0x306,r13=0x0,r14=0xd,r15=0xffff888007615d80
=> 0xffffffff81012aef <native_io_delay+16>:	dec    %eax
Regs: rax=0xffffffff,rbx=0xe,rcx=0x302,rdx=0x3d4,rsi=0xe,rdi=0xd,rbp=0xffffff1e,rsp=0xffffc9000000bd38,r8=0x3,r9=0x1000,r10=0xffffc9000000bc20,r11=0x3,r12=0x306,r13=0x0,r14=0xd,r15=0xffff888007615d80
=> 0xffffffff81012af1 <native_io_delay+18>:	je     0xffffffff81012af6 <native_io_delay+23>
Regs: rax=0xffffffff,rbx=0xe,rcx=0x302,rdx=0x3d4,rsi=0xe,rdi=0xd,rbp=0xffffff1e,rsp=0xffffc9000000bd38,r8=0x3,r9=0x1000,r10=0xffffc9000000bc20,r11=0x3,r12=0x306,r13=0x0,r14=0xd,r15=0xffff888007615d80
=> 0xffffffff81012af3 <native_io_delay+20>:	out    %al,$0x80
Regs: rax=0xffffffff,rbx=0xe,rcx=0x302,rdx=0x3d4,rsi=0xe,rdi=0xd,rbp=0xffffff1e,rsp=0xffffc9000000bd38,r8=0x3,r9=0x1000,r10=0xffffc9000000bc20,r11=0x3,r12=0x306,r13=0x0,r14=0xd,r15=0xffff888007615d80
=> 0xffffffff81012af5 <native_io_delay+22>:	ret    
Regs: rax=0xffffffff,rbx=0xe,rcx=0x302,rdx=0x3d4,rsi=0xe,rdi=0xd,rbp=0xffffff1e,rsp=0xffffc9000000bd40,r8=0x3,r9=0x1000,r10=0xffffc9000000bc20,r11=0x3,r12=0x306,r13=0x0,r14=0xd,r15=0xffff888007615d80
=> 0xffffffff810cc9a7 <vgacon_set_cursor_size+196>:	mov    0x7ec8d6(%rip),%dx        # 0xffffffff818b9284 <vga_video_port_val>
Regs: rax=0xffffffff,rbx=0xe,rcx=0x302,rdx=0x3d5,rsi=0xe,rdi=0xd,rbp=0xffffff1e,rsp=0xffffc9000000bd40,r8=0x3,r9=0x1000,r10=0xffffc9000000bc20,r11=0x3,r12=0x306,r13=0x0,r14=0xd,r15=0xffff888007615d80
=> 0xffffffff810cc9ae <vgacon_set_cursor_size+203>:	mov    %ebx,%eax
Regs: rax=0xe,rbx=0xe,rcx=0x302,rdx=0x3d5,rsi=0xe,rdi=0xd,rbp=0xffffff1e,rsp=0xffffc9000000bd40,r8=0x3,r9=0x1000,r10=0xffffc9000000bc20,r11=0x3,r12=0x306,r13=0x0,r14=0xd,r15=0xffff888007615d80
=> 0xffffffff810cc9b0 <vgacon_set_cursor_size+205>:	out    %al,(%dx)
Regs: rax=0xe,rbx=0xe,rcx=0x302,rdx=0x3d5,rsi=0xe,rdi=0xd,rbp=0xffffff1e,rsp=0xffffc9000000bd40,r8=0x3,r9=0x1000,r10=0xffffc9000000bc20,r11=0x3,r12=0x306,r13=0x0,r14=0xd,r15=0xffff888007615d80
=> 0xffffffff810cc9b1 <vgacon_set_cursor_size+206>:	call   0xffffffff81012adf <native_io_delay>
Regs: rax=0xe,rbx=0xe,rcx=0x302,rdx=0x3d5,rsi=0xe,rdi=0xd,rbp=0xffffff1e,rsp=0xffffc9000000bd38,r8=0x3,r9=0x1000,r10=0xffffc9000000bc20,r11=0x3,r12=0x306,r13=0x0,r14=0xd,r15=0xffff888007615d80
=> 0xffffffff81012adf <native_io_delay>:	mov    0x8a60e7(%rip),%eax        # 0xffffffff818b8bcc <io_delay_type>
Regs: rax=0x0,rbx=0xe,rcx=0x302,rdx=0x3d5,rsi=0xe,rdi=0xd,rbp=0xffffff1e,rsp=0xffffc9000000bd38,r8=0x3,r9=0x1000,r10=0xffffc9000000bc20,r11=0x3,r12=0x306,r13=0x0,r14=0xd,r15=0xffff888007615d80
=> 0xffffffff81012ae5 <native_io_delay+6>:	cmp    $0x2,%eax
Regs: rax=0x0,rbx=0xe,rcx=0x302,rdx=0x3d5,rsi=0xe,rdi=0xd,rbp=0xffffff1e,rsp=0xffffc9000000bd38,r8=0x3,r9=0x1000,r10=0xffffc9000000bc20,r11=0x3,r12=0x306,r13=0x0,r14=0xd,r15=0xffff888007615d80
=> 0xffffffff81012ae8 <native_io_delay+9>:	je     0xffffffff81012af9 <native_io_delay+26>
Regs: rax=0x0,rbx=0xe,rcx=0x302,rdx=0x3d5,rsi=0xe,rdi=0xd,rbp=0xffffff1e,rsp=0xffffc9000000bd38,r8=0x3,r9=0x1000,r10=0xffffc9000000bc20,r11=0x3,r12=0x306,r13=0x0,r14=0xd,r15=0xffff888007615d80
=> 0xffffffff81012aea <native_io_delay+11>:	cmp    $0x3,%eax
Regs: rax=0x0,rbx=0xe,rcx=0x302,rdx=0x3d5,rsi=0xe,rdi=0xd,rbp=0xffffff1e,rsp=0xffffc9000000bd38,r8=0x3,r9=0x1000,r10=0xffffc9000000bc20,r11=0x3,r12=0x306,r13=0x0,r14=0xd,r15=0xffff888007615d80
=> 0xffffffff81012aed <native_io_delay+14>:	je     0xffffffff81012b03 <native_io_delay+36>
Regs: rax=0x0,rbx=0xe,rcx=0x302,rdx=0x3d5,rsi=0xe,rdi=0xd,rbp=0xffffff1e,rsp=0xffffc9000000bd38,r8=0x3,r9=0x1000,r10=0xffffc9000000bc20,r11=0x3,r12=0x306,r13=0x0,r14=0xd,r15=0xffff888007615d80
=> 0xffffffff81012aef <native_io_delay+16>:	dec    %eax
Regs: rax=0xffffffff,rbx=0xe,rcx=0x302,rdx=0x3d5,rsi=0xe,rdi=0xd,rbp=0xffffff1e,rsp=0xffffc9000000bd38,r8=0x3,r9=0x1000,r10=0xffffc9000000bc20,r11=0x3,r12=0x306,r13=0x0,r14=0xd,r15=0xffff888007615d80
=> 0xffffffff81012af1 <native_io_delay+18>:	je     0xffffffff81012af6 <native_io_delay+23>
Regs: rax=0xffffffff,rbx=0xe,rcx=0x302,rdx=0x3d5,rsi=0xe,rdi=0xd,rbp=0xffffff1e,rsp=0xffffc9000000bd38,r8=0x3,r9=0x1000,r10=0xffffc9000000bc20,r11=0x3,r12=0x306,r13=0x0,r14=0xd,r15=0xffff888007615d80
=> 0xffffffff81012af3 <native_io_delay+20>:	out    %al,$0x80
Regs: rax=0xffffffff,rbx=0xe,rcx=0x302,rdx=0x3d5,rsi=0xe,rdi=0xd,rbp=0xffffff1e,rsp=0xffffc9000000bd38,r8=0x3,r9=0x1000,r10=0xffffc9000000bc20,r11=0x3,r12=0x306,r13=0x0,r14=0xd,r15=0xffff888007615d80
=> 0xffffffff81012af5 <native_io_delay+22>:	ret    
Regs: rax=0xffffffff,rbx=0xe,rcx=0x302,rdx=0x3d5,rsi=0xe,rdi=0xd,rbp=0xffffff1e,rsp=0xffffc9000000bd40,r8=0x3,r9=0x1000,r10=0xffffc9000000bc20,r11=0x3,r12=0x306,r13=0x0,r14=0xd,r15=0xffff888007615d80
=> 0xffffffff810cc9b6 <vgacon_set_cursor_size+211>:	bt     $0x9,%r12d
Regs: rax=0xffffffff,rbx=0xe,rcx=0x302,rdx=0x3d5,rsi=0xe,rdi=0xd,rbp=0xffffff1e,rsp=0xffffc9000000bd40,r8=0x3,r9=0x1000,r10=0xffffc9000000bc20,r11=0x3,r12=0x306,r13=0x0,r14=0xd,r15=0xffff888007615d80
=> 0xffffffff810cc9bb <vgacon_set_cursor_size+216>:	jae    0xffffffff810cc9be <vgacon_set_cursor_size+219>
Regs: rax=0xffffffff,rbx=0xe,rcx=0x302,rdx=0x3d5,rsi=0xe,rdi=0xd,rbp=0xffffff1e,rsp=0xffffc9000000bd40,r8=0x3,r9=0x1000,r10=0xffffc9000000bc20,r11=0x3,r12=0x306,r13=0x0,r14=0xd,r15=0xffff888007615d80
=> 0xffffffff810cc9bd <vgacon_set_cursor_size+218>:	sti    
Regs: rax=0xffffffff,rbx=0xe,rcx=0x302,rdx=0x3d5,rsi=0xe,rdi=0xd,rbp=0xffffff1e,rsp=0xffffc9000000bd40,r8=0x3,r9=0x1000,r10=0xffffc9000000bc20,r11=0x3,r12=0x306,r13=0x0,r14=0xd,r15=0xffff888007615d80
=> 0xffffffff810cc9be <vgacon_set_cursor_size+219>:	pop    %rbx
Regs: rax=0xffffffff,rbx=0xffff888007b1d668,rcx=0x302,rdx=0x3d5,rsi=0xe,rdi=0xd,rbp=0xffffff1e,rsp=0xffffc9000000bd48,r8=0x3,r9=0x1000,r10=0xffffc9000000bc20,r11=0x3,r12=0x306,r13=0x0,r14=0xd,r15=0xffff888007615d80
=> 0xffffffff810cc9bf <vgacon_set_cursor_size+220>:	pop    %rbp
Regs: rax=0xffffffff,rbx=0xffff888007b1d668,rcx=0x302,rdx=0x3d5,rsi=0xe,rdi=0xd,rbp=0xffff888007b1d668,rsp=0xffffc9000000bd50,r8=0x3,r9=0x1000,r10=0xffffc9000000bc20,r11=0x3,r12=0x306,r13=0x0,r14=0xd,r15=0xffff888007615d80
=> 0xffffffff810cc9c0 <vgacon_set_cursor_size+221>:	pop    %r12
Regs: rax=0xffffffff,rbx=0xffff888007b1d668,rcx=0x302,rdx=0x3d5,rsi=0xe,rdi=0xd,rbp=0xffff888007b1d668,rsp=0xffffc9000000bd58,r8=0x3,r9=0x1000,r10=0xffffc9000000bc20,r11=0x3,r12=0x1,r13=0x0,r14=0xd,r15=0xffff888007615d80
=> 0xffffffff810cc9c2 <vgacon_set_cursor_size+223>:	pop    %r13
Regs: rax=0xffffffff,rbx=0xffff888007b1d668,rcx=0x302,rdx=0x3d5,rsi=0xe,rdi=0xd,rbp=0xffff888007b1d668,rsp=0xffffc9000000bd60,r8=0x3,r9=0x1000,r10=0xffffc9000000bc20,r11=0x3,r12=0x1,r13=0xffff88800752fc00,r14=0xd,r15=0xffff888007615d80
=> 0xffffffff810cc9c4 <vgacon_set_cursor_size+225>:	pop    %r14
Regs: rax=0xffffffff,rbx=0xffff888007b1d668,rcx=0x302,rdx=0x3d5,rsi=0xe,rdi=0xd,rbp=0xffff888007b1d668,rsp=0xffffc9000000bd68,r8=0x3,r9=0x1000,r10=0xffffc9000000bc20,r11=0x3,r12=0x1,r13=0xffff88800752fc00,r14=0xffffc90000075000,r15=0xffff888007615d80
=> 0xffffffff810cc9c6 <vgacon_set_cursor_size+227>:	ret    
Regs: rax=0xffffffff,rbx=0xffff888007b1d668,rcx=0x302,rdx=0x3d5,rsi=0xe,rdi=0xd,rbp=0xffff888007b1d668,rsp=0xffffc9000000bd70,r8=0x3,r9=0x1000,r10=0xffffc9000000bc20,r11=0x3,r12=0x1,r13=0xffff88800752fc00,r14=0xffffc90000075000,r15=0xffff888007615d80
=> 0xffffffff810dd00d <con_flush_chars+39>:	pop    %rbx
Regs: rax=0xffffffff,rbx=0x1,rcx=0x302,rdx=0x3d5,rsi=0xe,rdi=0xd,rbp=0xffff888007b1d668,rsp=0xffffc9000000bd78,r8=0x3,r9=0x1000,r10=0xffffc9000000bc20,r11=0x3,r12=0x1,r13=0xffff88800752fc00,r14=0xffffc90000075000,r15=0xffff888007615d80
=> 0xffffffff810dd00e <con_flush_chars+40>:	jmp    0xffffffff8103e7ed <console_unlock>
Regs: rax=0xffffffff,rbx=0x1,rcx=0x302,rdx=0x3d5,rsi=0xe,rdi=0xd,rbp=0xffff888007b1d668,rsp=0xffffc9000000bd78,r8=0x3,r9=0x1000,r10=0xffffc9000000bc20,r11=0x3,r12=0x1,r13=0xffff88800752fc00,r14=0xffffc90000075000,r15=0xffff888007615d80
=> 0xffffffff8103e7ed <console_unlock>:	push   %r15
Regs: rax=0xffffffff,rbx=0x1,rcx=0x302,rdx=0x3d5,rsi=0xe,rdi=0xd,rbp=0xffff888007b1d668,rsp=0xffffc9000000bd70,r8=0x3,r9=0x1000,r10=0xffffc9000000bc20,r11=0x3,r12=0x1,r13=0xffff88800752fc00,r14=0xffffc90000075000,r15=0xffff888007615d80
=> 0xffffffff8103e7ef <console_unlock+2>:	push   %r14
Regs: rax=0xffffffff,rbx=0x1,rcx=0x302,rdx=0x3d5,rsi=0xe,rdi=0xd,rbp=0xffff888007b1d668,rsp=0xffffc9000000bd68,r8=0x3,r9=0x1000,r10=0xffffc9000000bc20,r11=0x3,r12=0x1,r13=0xffff88800752fc00,r14=0xffffc90000075000,r15=0xffff888007615d80
=> 0xffffffff8103e7f1 <console_unlock+4>:	xor    %r14d,%r14d
Regs: rax=0xffffffff,rbx=0x1,rcx=0x302,rdx=0x3d5,rsi=0xe,rdi=0xd,rbp=0xffff888007b1d668,rsp=0xffffc9000000bd68,r8=0x3,r9=0x1000,r10=0xffffc9000000bc20,r11=0x3,r12=0x1,r13=0xffff88800752fc00,r14=0x0,r15=0xffff888007615d80
=> 0xffffffff8103e7f4 <console_unlock+7>:	push   %r13
Regs: rax=0xffffffff,rbx=0x1,rcx=0x302,rdx=0x3d5,rsi=0xe,rdi=0xd,rbp=0xffff888007b1d668,rsp=0xffffc9000000bd60,r8=0x3,r9=0x1000,r10=0xffffc9000000bc20,r11=0x3,r12=0x1,r13=0xffff88800752fc00,r14=0x0,r15=0xffff888007615d80
=> 0xffffffff8103e7f6 <console_unlock+9>:	push   %r12
Regs: rax=0xffffffff,rbx=0x1,rcx=0x302,rdx=0x3d5,rsi=0xe,rdi=0xd,rbp=0xffff888007b1d668,rsp=0xffffc9000000bd58,r8=0x3,r9=0x1000,r10=0xffffc9000000bc20,r11=0x3,r12=0x1,r13=0xffff88800752fc00,r14=0x0,r15=0xffff888007615d80
=> 0xffffffff8103e7f8 <console_unlock+11>:	push   %rbp
Regs: rax=0xffffffff,rbx=0x1,rcx=0x302,rdx=0x3d5,rsi=0xe,rdi=0xd,rbp=0xffff888007b1d668,rsp=0xffffc9000000bd50,r8=0x3,r9=0x1000,r10=0xffffc9000000bc20,r11=0x3,r12=0x1,r13=0xffff88800752fc00,r14=0x0,r15=0xffff888007615d80
=> 0xffffffff8103e7f9 <console_unlock+12>:	push   %rbx
Regs: rax=0xffffffff,rbx=0x1,rcx=0x302,rdx=0x3d5,rsi=0xe,rdi=0xd,rbp=0xffff888007b1d668,rsp=0xffffc9000000bd48,r8=0x3,r9=0x1000,r10=0xffffc9000000bc20,r11=0x3,r12=0x1,r13=0xffff88800752fc00,r14=0x0,r15=0xffff888007615d80
=> 0xffffffff8103e7fa <console_unlock+13>:	sub    $0x10,%rsp
Regs: rax=0xffffffff,rbx=0x1,rcx=0x302,rdx=0x3d5,rsi=0xe,rdi=0xd,rbp=0xffff888007b1d668,rsp=0xffffc9000000bd38,r8=0x3,r9=0x1000,r10=0xffffc9000000bc20,r11=0x3,r12=0x1,r13=0xffff88800752fc00,r14=0x0,r15=0xffff888007615d80
=> 0xffffffff8103e7fe <console_unlock+17>:	mov    0x9260d0(%rip),%eax        # 0xffffffff819648d4 <console_may_schedule>
Regs: rax=0x1,rbx=0x1,rcx=0x302,rdx=0x3d5,rsi=0xe,rdi=0xd,rbp=0xffff888007b1d668,rsp=0xffffc9000000bd38,r8=0x3,r9=0x1000,r10=0xffffc9000000bc20,r11=0x3,r12=0x1,r13=0xffff88800752fc00,r14=0x0,r15=0xffff888007615d80
=> 0xffffffff8103e804 <console_unlock+23>:	cmpl   $0x0,0x9261d5(%rip)        # 0xffffffff819649e0 <console_suspended>
Regs: rax=0x1,rbx=0x1,rcx=0x302,rdx=0x3d5,rsi=0xe,rdi=0xd,rbp=0xffff888007b1d668,rsp=0xffffc9000000bd38,r8=0x3,r9=0x1000,r10=0xffffc9000000bc20,r11=0x3,r12=0x1,r13=0xffff88800752fc00,r14=0x0,r15=0xffff888007615d80
=> 0xffffffff8103e80b <console_unlock+30>:	movb   $0x0,0xf(%rsp)
Regs: rax=0x1,rbx=0x1,rcx=0x302,rdx=0x3d5,rsi=0xe,rdi=0xd,rbp=0xffff888007b1d668,rsp=0xffffc9000000bd38,r8=0x3,r9=0x1000,r10=0xffffc9000000bc20,r11=0x3,r12=0x1,r13=0xffff88800752fc00,r14=0x0,r15=0xffff888007615d80
=> 0xffffffff8103e810 <console_unlock+35>:	mov    %eax,0x4(%rsp)
Regs: rax=0x1,rbx=0x1,rcx=0x302,rdx=0x3d5,rsi=0xe,rdi=0xd,rbp=0xffff888007b1d668,rsp=0xffffc9000000bd38,r8=0x3,r9=0x1000,r10=0xffffc9000000bc20,r11=0x3,r12=0x1,r13=0xffff88800752fc00,r14=0x0,r15=0xffff888007615d80
=> 0xffffffff8103e814 <console_unlock+39>:	je     0xffffffff8103e8e4 <console_unlock+247>
Regs: rax=0x1,rbx=0x1,rcx=0x302,rdx=0x3d5,rsi=0xe,rdi=0xd,rbp=0xffff888007b1d668,rsp=0xffffc9000000bd38,r8=0x3,r9=0x1000,r10=0xffffc9000000bc20,r11=0x3,r12=0x1,r13=0xffff88800752fc00,r14=0x0,r15=0xffff888007615d80
=> 0xffffffff8103e8e4 <console_unlock+247>:	xor    %esi,%esi
Regs: rax=0x1,rbx=0x1,rcx=0x302,rdx=0x3d5,rsi=0x0,rdi=0xd,rbp=0xffff888007b1d668,rsp=0xffffc9000000bd38,r8=0x3,r9=0x1000,r10=0xffffc9000000bc20,r11=0x3,r12=0x1,r13=0xffff88800752fc00,r14=0x0,r15=0xffff888007615d80
=> 0xffffffff8103e8e6 <console_unlock+249>:	mov    %r14b,0xf(%rsp)
Regs: rax=0x1,rbx=0x1,rcx=0x302,rdx=0x3d5,rsi=0x0,rdi=0xd,rbp=0xffff888007b1d668,rsp=0xffffc9000000bd38,r8=0x3,r9=0x1000,r10=0xffffc9000000bc20,r11=0x3,r12=0x1,r13=0xffff88800752fc00,r14=0x0,r15=0xffff888007615d80
=> 0xffffffff8103e8eb <console_unlock+254>:	xor    %r12d,%r12d
Regs: rax=0x1,rbx=0x1,rcx=0x302,rdx=0x3d5,rsi=0x0,rdi=0xd,rbp=0xffff888007b1d668,rsp=0xffffc9000000bd38,r8=0x3,r9=0x1000,r10=0xffffc9000000bc20,r11=0x3,r12=0x0,r13=0xffff88800752fc00,r14=0x0,r15=0xffff888007615d80
=> 0xffffffff8103e8ee <console_unlock+257>:	xor    %r15d,%r15d
Regs: rax=0x1,rbx=0x1,rcx=0x302,rdx=0x3d5,rsi=0x0,rdi=0xd,rbp=0xffff888007b1d668,rsp=0xffffc9000000bd38,r8=0x3,r9=0x1000,r10=0xffffc9000000bc20,r11=0x3,r12=0x0,r13=0xffff88800752fc00,r14=0x0,r15=0x0
=> 0xffffffff8103e8f1 <console_unlock+260>:	mov    %esi,0x925fdd(%rip)        # 0xffffffff819648d4 <console_may_schedule>
Regs: rax=0x1,rbx=0x1,rcx=0x302,rdx=0x3d5,rsi=0x0,rdi=0xd,rbp=0xffff888007b1d668,rsp=0xffffc9000000bd38,r8=0x3,r9=0x1000,r10=0xffffc9000000bc20,r11=0x3,r12=0x0,r13=0xffff88800752fc00,r14=0x0,r15=0x0
=> 0xffffffff8103e8f7 <console_unlock+266>:	jmp    0xffffffff8103e832 <console_unlock+69>
Regs: rax=0x1,rbx=0x1,rcx=0x302,rdx=0x3d5,rsi=0x0,rdi=0xd,rbp=0xffff888007b1d668,rsp=0xffffc9000000bd38,r8=0x3,r9=0x1000,r10=0xffffc9000000bc20,r11=0x3,r12=0x0,r13=0xffff88800752fc00,r14=0x0,r15=0x0
=> 0xffffffff8103e832 <console_unlock+69>:	mov    0x903b8f(%rip),%rbx        # 0xffffffff819423c8 <console_drivers>
Regs: rax=0x1,rbx=0xffffffff818afda0,rcx=0x302,rdx=0x3d5,rsi=0x0,rdi=0xd,rbp=0xffff888007b1d668,rsp=0xffffc9000000bd38,r8=0x3,r9=0x1000,r10=0xffffc9000000bc20,r11=0x3,r12=0x0,r13=0xffff88800752fc00,r14=0x0,r15=0x0
=> 0xffffffff8103e839 <console_unlock+76>:	xor    %r13d,%r13d
Regs: rax=0x1,rbx=0xffffffff818afda0,rcx=0x302,rdx=0x3d5,rsi=0x0,rdi=0xd,rbp=0xffff888007b1d668,rsp=0xffffc9000000bd38,r8=0x3,r9=0x1000,r10=0xffffc9000000bc20,r11=0x3,r12=0x0,r13=0x0,r14=0x0,r15=0x0
=> 0xffffffff8103e83c <console_unlock+79>:	test   %rbx,%rbx
Regs: rax=0x1,rbx=0xffffffff818afda0,rcx=0x302,rdx=0x3d5,rsi=0x0,rdi=0xd,rbp=0xffff888007b1d668,rsp=0xffffc9000000bd38,r8=0x3,r9=0x1000,r10=0xffffc9000000bc20,r11=0x3,r12=0x0,r13=0x0,r14=0x0,r15=0x0
=> 0xffffffff8103e83f <console_unlock+82>:	je     0xffffffff8103e82d <console_unlock+64>
Regs: rax=0x1,rbx=0xffffffff818afda0,rcx=0x302,rdx=0x3d5,rsi=0x0,rdi=0xd,rbp=0xffff888007b1d668,rsp=0xffffc9000000bd38,r8=0x3,r9=0x1000,r10=0xffffc9000000bc20,r11=0x3,r12=0x0,r13=0x0,r14=0x0,r15=0x0
=> 0xffffffff8103e841 <console_unlock+84>:	mov    0x48(%rbx),%eax
Regs: rax=0x7,rbx=0xffffffff818afda0,rcx=0x302,rdx=0x3d5,rsi=0x0,rdi=0xd,rbp=0xffff888007b1d668,rsp=0xffffc9000000bd38,r8=0x3,r9=0x1000,r10=0xffffc9000000bc20,r11=0x3,r12=0x0,r13=0x0,r14=0x0,r15=0x0
=> 0xffffffff8103e844 <console_unlock+87>:	test   $0x4,%al
Regs: rax=0x7,rbx=0xffffffff818afda0,rcx=0x302,rdx=0x3d5,rsi=0x0,rdi=0xd,rbp=0xffff888007b1d668,rsp=0xffffc9000000bd38,r8=0x3,r9=0x1000,r10=0xffffc9000000bc20,r11=0x3,r12=0x0,r13=0x0,r14=0x0,r15=0x0
=> 0xffffffff8103e846 <console_unlock+89>:	je     0xffffffff8103e921 <console_unlock+308>
Regs: rax=0x7,rbx=0xffffffff818afda0,rcx=0x302,rdx=0x3d5,rsi=0x0,rdi=0xd,rbp=0xffff888007b1d668,rsp=0xffffc9000000bd38,r8=0x3,r9=0x1000,r10=0xffffc9000000bc20,r11=0x3,r12=0x0,r13=0x0,r14=0x0,r15=0x0
=> 0xffffffff8103e84c <console_unlock+95>:	cmpq   $0x0,0x10(%rbx)
Regs: rax=0x7,rbx=0xffffffff818afda0,rcx=0x302,rdx=0x3d5,rsi=0x0,rdi=0xd,rbp=0xffff888007b1d668,rsp=0xffffc9000000bd38,r8=0x3,r9=0x1000,r10=0xffffc9000000bc20,r11=0x3,r12=0x0,r13=0x0,r14=0x0,r15=0x0
=> 0xffffffff8103e851 <console_unlock+100>:	je     0xffffffff8103e921 <console_unlock+308>
Regs: rax=0x7,rbx=0xffffffff818afda0,rcx=0x302,rdx=0x3d5,rsi=0x0,rdi=0xd,rbp=0xffff888007b1d668,rsp=0xffffc9000000bd38,r8=0x3,r9=0x1000,r10=0xffffc9000000bc20,r11=0x3,r12=0x0,r13=0x0,r14=0x0,r15=0x0
=> 0xffffffff8103e857 <console_unlock+106>:	lea    0xf(%rsp),%rcx
Regs: rax=0x7,rbx=0xffffffff818afda0,rcx=0xffffc9000000bd47,rdx=0x3d5,rsi=0x0,rdi=0xd,rbp=0xffff888007b1d668,rsp=0xffffc9000000bd38,r8=0x3,r9=0x1000,r10=0xffffc9000000bc20,r11=0x3,r12=0x0,r13=0x0,r14=0x0,r15=0x0
=> 0xffffffff8103e85c <console_unlock+111>:	test   $0x40,%al
Regs: rax=0x7,rbx=0xffffffff818afda0,rcx=0xffffc9000000bd47,rdx=0x3d5,rsi=0x0,rdi=0xd,rbp=0xffff888007b1d668,rsp=0xffffc9000000bd38,r8=0x3,r9=0x1000,r10=0xffffc9000000bc20,r11=0x3,r12=0x0,r13=0x0,r14=0x0,r15=0x0
=> 0xffffffff8103e85e <console_unlock+113>:	je     0xffffffff8103e8fc <console_unlock+271>
Regs: rax=0x7,rbx=0xffffffff818afda0,rcx=0xffffc9000000bd47,rdx=0x3d5,rsi=0x0,rdi=0xd,rbp=0xffff888007b1d668,rsp=0xffffc9000000bd38,r8=0x3,r9=0x1000,r10=0xffffc9000000bc20,r11=0x3,r12=0x0,r13=0x0,r14=0x0,r15=0x0
=> 0xffffffff8103e8fc <console_unlock+271>:	mov    $0xffffffff819423e0,%rdx
Regs: rax=0x7,rbx=0xffffffff818afda0,rcx=0xffffc9000000bd47,rdx=0xffffffff819423e0,rsi=0x0,rdi=0xd,rbp=0xffff888007b1d668,rsp=0xffffc9000000bd38,r8=0x3,r9=0x1000,r10=0xffffc9000000bc20,r11=0x3,r12=0x0,r13=0x0,r14=0x0,r15=0x0
=> 0xffffffff8103e903 <console_unlock+278>:	xor    %esi,%esi
Regs: rax=0x7,rbx=0xffffffff818afda0,rcx=0xffffc9000000bd47,rdx=0xffffffff819423e0,rsi=0x0,rdi=0xd,rbp=0xffff888007b1d668,rsp=0xffffc9000000bd38,r8=0x3,r9=0x1000,r10=0xffffc9000000bc20,r11=0x3,r12=0x0,r13=0x0,r14=0x0,r15=0x0
=> 0xffffffff8103e905 <console_unlock+280>:	jmp    0xffffffff8103e86d <console_unlock+128>
Regs: rax=0x7,rbx=0xffffffff818afda0,rcx=0xffffc9000000bd47,rdx=0xffffffff819423e0,rsi=0x0,rdi=0xd,rbp=0xffff888007b1d668,rsp=0xffffc9000000bd38,r8=0x3,r9=0x1000,r10=0xffffc9000000bc20,r11=0x3,r12=0x0,r13=0x0,r14=0x0,r15=0x0
=> 0xffffffff8103e86d <console_unlock+128>:	mov    %rbx,%rdi
Regs: rax=0x7,rbx=0xffffffff818afda0,rcx=0xffffc9000000bd47,rdx=0xffffffff819423e0,rsi=0x0,rdi=0xffffffff818afda0,rbp=0xffff888007b1d668,rsp=0xffffc9000000bd38,r8=0x3,r9=0x1000,r10=0xffffc9000000bc20,r11=0x3,r12=0x0,r13=0x0,r14=0x0,r15=0x0
=> 0xffffffff8103e870 <console_unlock+131>:	call   0xffffffff8103e56a <console_emit_next_record>
Regs: rax=0x7,rbx=0xffffffff818afda0,rcx=0xffffc9000000bd47,rdx=0xffffffff819423e0,rsi=0x0,rdi=0xffffffff818afda0,rbp=0xffff888007b1d668,rsp=0xffffc9000000bd30,r8=0x3,r9=0x1000,r10=0xffffc9000000bc20,r11=0x3,r12=0x0,r13=0x0,r14=0x0,r15=0x0
=> 0xffffffff8103e56a <console_emit_next_record>:	push   %r15
Regs: rax=0x7,rbx=0xffffffff818afda0,rcx=0xffffc9000000bd47,rdx=0xffffffff819423e0,rsi=0x0,rdi=0xffffffff818afda0,rbp=0xffff888007b1d668,rsp=0xffffc9000000bd28,r8=0x3,r9=0x1000,r10=0xffffc9000000bc20,r11=0x3,r12=0x0,r13=0x0,r14=0x0,r15=0x0
=> 0xffffffff8103e56c <console_emit_next_record+2>:	xor    %eax,%eax
Regs: rax=0x0,rbx=0xffffffff818afda0,rcx=0xffffc9000000bd47,rdx=0xffffffff819423e0,rsi=0x0,rdi=0xffffffff818afda0,rbp=0xffff888007b1d668,rsp=0xffffc9000000bd28,r8=0x3,r9=0x1000,r10=0xffffc9000000bc20,r11=0x3,r12=0x0,r13=0x0,r14=0x0,r15=0x0
=> 0xffffffff8103e56e <console_emit_next_record+4>:	push   %r14
Regs: rax=0x0,rbx=0xffffffff818afda0,rcx=0xffffc9000000bd47,rdx=0xffffffff819423e0,rsi=0x0,rdi=0xffffffff818afda0,rbp=0xffff888007b1d668,rsp=0xffffc9000000bd20,r8=0x3,r9=0x1000,r10=0xffffc9000000bc20,r11=0x3,r12=0x0,r13=0x0,r14=0x0,r15=0x0
=> 0xffffffff8103e570 <console_emit_next_record+6>:	mov    %rdx,%r14
Regs: rax=0x0,rbx=0xffffffff818afda0,rcx=0xffffc9000000bd47,rdx=0xffffffff819423e0,rsi=0x0,rdi=0xffffffff818afda0,rbp=0xffff888007b1d668,rsp=0xffffc9000000bd20,r8=0x3,r9=0x1000,r10=0xffffc9000000bc20,r11=0x3,r12=0x0,r13=0x0,r14=0xffffffff819423e0,r15=0x0
=> 0xffffffff8103e573 <console_emit_next_record+9>:	push   %r13
Regs: rax=0x0,rbx=0xffffffff818afda0,rcx=0xffffc9000000bd47,rdx=0xffffffff819423e0,rsi=0x0,rdi=0xffffffff818afda0,rbp=0xffff888007b1d668,rsp=0xffffc9000000bd18,r8=0x3,r9=0x1000,r10=0xffffc9000000bc20,r11=0x3,r12=0x0,r13=0x0,r14=0xffffffff819423e0,r15=0x0
=> 0xffffffff8103e575 <console_emit_next_record+11>:	mov    %rcx,%r13
Regs: rax=0x0,rbx=0xffffffff818afda0,rcx=0xffffc9000000bd47,rdx=0xffffffff819423e0,rsi=0x0,rdi=0xffffffff818afda0,rbp=0xffff888007b1d668,rsp=0xffffc9000000bd18,r8=0x3,r9=0x1000,r10=0xffffc9000000bc20,r11=0x3,r12=0x0,r13=0xffffc9000000bd47,r14=0xffffffff819423e0,r15=0x0
=> 0xffffffff8103e578 <console_emit_next_record+14>:	mov    $0x16,%ecx
Regs: rax=0x0,rbx=0xffffffff818afda0,rcx=0x16,rdx=0xffffffff819423e0,rsi=0x0,rdi=0xffffffff818afda0,rbp=0xffff888007b1d668,rsp=0xffffc9000000bd18,r8=0x3,r9=0x1000,r10=0xffffc9000000bc20,r11=0x3,r12=0x0,r13=0xffffc9000000bd47,r14=0xffffffff819423e0,r15=0x0
=> 0xffffffff8103e57d <console_emit_next_record+19>:	push   %r12
Regs: rax=0x0,rbx=0xffffffff818afda0,rcx=0x16,rdx=0xffffffff819423e0,rsi=0x0,rdi=0xffffffff818afda0,rbp=0xffff888007b1d668,rsp=0xffffc9000000bd10,r8=0x3,r9=0x1000,r10=0xffffc9000000bc20,r11=0x3,r12=0x0,r13=0xffffc9000000bd47,r14=0xffffffff819423e0,r15=0x0
=> 0xffffffff8103e57f <console_emit_next_record+21>:	mov    %rsi,%r12
Regs: rax=0x0,rbx=0xffffffff818afda0,rcx=0x16,rdx=0xffffffff819423e0,rsi=0x0,rdi=0xffffffff818afda0,rbp=0xffff888007b1d668,rsp=0xffffc9000000bd10,r8=0x3,r9=0x1000,r10=0xffffc9000000bc20,r11=0x3,r12=0x0,r13=0xffffc9000000bd47,r14=0xffffffff819423e0,r15=0x0
=> 0xffffffff8103e582 <console_emit_next_record+24>:	push   %rbp
Regs: rax=0x0,rbx=0xffffffff818afda0,rcx=0x16,rdx=0xffffffff819423e0,rsi=0x0,rdi=0xffffffff818afda0,rbp=0xffff888007b1d668,rsp=0xffffc9000000bd08,r8=0x3,r9=0x1000,r10=0xffffc9000000bc20,r11=0x3,r12=0x0,r13=0xffffc9000000bd47,r14=0xffffffff819423e0,r15=0x0
=> 0xffffffff8103e583 <console_emit_next_record+25>:	push   %rbx
Regs: rax=0x0,rbx=0xffffffff818afda0,rcx=0x16,rdx=0xffffffff819423e0,rsi=0x0,rdi=0xffffffff818afda0,rbp=0xffff888007b1d668,rsp=0xffffc9000000bd00,r8=0x3,r9=0x1000,r10=0xffffc9000000bc20,r11=0x3,r12=0x0,r13=0xffffc9000000bd47,r14=0xffffffff819423e0,r15=0x0
=> 0xffffffff8103e584 <console_emit_next_record+26>:	mov    %rdi,%rbx
Regs: rax=0x0,rbx=0xffffffff818afda0,rcx=0x16,rdx=0xffffffff819423e0,rsi=0x0,rdi=0xffffffff818afda0,rbp=0xffff888007b1d668,rsp=0xffffc9000000bd00,r8=0x3,r9=0x1000,r10=0xffffc9000000bc20,r11=0x3,r12=0x0,r13=0xffffc9000000bd47,r14=0xffffffff819423e0,r15=0x0
=> 0xffffffff8103e587 <console_emit_next_record+29>:	sub    $0x78,%rsp
Regs: rax=0x0,rbx=0xffffffff818afda0,rcx=0x16,rdx=0xffffffff819423e0,rsi=0x0,rdi=0xffffffff818afda0,rbp=0xffff888007b1d668,rsp=0xffffc9000000bc88,r8=0x3,r9=0x1000,r10=0xffffc9000000bc20,r11=0x3,r12=0x0,r13=0xffffc9000000bd47,r14=0xffffffff819423e0,r15=0x0
=> 0xffffffff8103e58b <console_emit_next_record+33>:	movb   $0x0,0x0(%r13)
Regs: rax=0x0,rbx=0xffffffff818afda0,rcx=0x16,rdx=0xffffffff819423e0,rsi=0x0,rdi=0xffffffff818afda0,rbp=0xffff888007b1d668,rsp=0xffffc9000000bc88,r8=0x3,r9=0x1000,r10=0xffffc9000000bc20,r11=0x3,r12=0x0,r13=0xffffc9000000bd47,r14=0xffffffff819423e0,r15=0x0
=> 0xffffffff8103e590 <console_emit_next_record+38>:	mov    0x58(%rbx),%rsi
Regs: rax=0x0,rbx=0xffffffff818afda0,rcx=0x16,rdx=0xffffffff819423e0,rsi=0x77,rdi=0xffffffff818afda0,rbp=0xffff888007b1d668,rsp=0xffffc9000000bc88,r8=0x3,r9=0x1000,r10=0xffffc9000000bc20,r11=0x3,r12=0x0,r13=0xffffc9000000bd47,r14=0xffffffff819423e0,r15=0x0
=> 0xffffffff8103e594 <console_emit_next_record+42>:	lea    0x20(%rsp),%rdx
Regs: rax=0x0,rbx=0xffffffff818afda0,rcx=0x16,rdx=0xffffc9000000bca8,rsi=0x77,rdi=0xffffffff818afda0,rbp=0xffff888007b1d668,rsp=0xffffc9000000bc88,r8=0x3,r9=0x1000,r10=0xffffc9000000bc20,r11=0x3,r12=0x0,r13=0xffffc9000000bd47,r14=0xffffffff819423e0,r15=0x0
=> 0xffffffff8103e599 <console_emit_next_record+47>:	lea    0x8(%rsp),%rbp
Regs: rax=0x0,rbx=0xffffffff818afda0,rcx=0x16,rdx=0xffffc9000000bca8,rsi=0x77,rdi=0xffffffff818afda0,rbp=0xffffc9000000bc90,rsp=0xffffc9000000bc88,r8=0x3,r9=0x1000,r10=0xffffc9000000bc20,r11=0x3,r12=0x0,r13=0xffffc9000000bd47,r14=0xffffffff819423e0,r15=0x0
=> 0xffffffff8103e59e <console_emit_next_record+52>:	mov    %rdx,%rdi
Regs: rax=0x0,rbx=0xffffffff818afda0,rcx=0x16,rdx=0xffffc9000000bca8,rsi=0x77,rdi=0xffffc9000000bca8,rbp=0xffffc9000000bc90,rsp=0xffffc9000000bc88,r8=0x3,r9=0x1000,r10=0xffffc9000000bc20,r11=0x3,r12=0x0,r13=0xffffc9000000bd47,r14=0xffffffff819423e0,r15=0x0
=> 0xffffffff8103e5a1 <console_emit_next_record+55>:	rep stos %eax,%es:(%rdi)
Regs: rax=0x0,rbx=0xffffffff818afda0,rcx=0x15,rdx=0xffffc9000000bca8,rsi=0x77,rdi=0xffffc9000000bcac,rbp=0xffffc9000000bc90,rsp=0xffffc9000000bc88,r8=0x3,r9=0x1000,r10=0xffffc9000000bc20,r11=0x3,r12=0x0,r13=0xffffc9000000bd47,r14=0xffffffff819423e0,r15=0x0
=> 0xffffffff8103e5a1 <console_emit_next_record+55>:	rep stos %eax,%es:(%rdi)
Regs: rax=0x0,rbx=0xffffffff818afda0,rcx=0x14,rdx=0xffffc9000000bca8,rsi=0x77,rdi=0xffffc9000000bcb0,rbp=0xffffc9000000bc90,rsp=0xffffc9000000bc88,r8=0x3,r9=0x1000,r10=0xffffc9000000bc20,r11=0x3,r12=0x0,r13=0xffffc9000000bd47,r14=0xffffffff819423e0,r15=0x0
=> 0xffffffff8103e5a1 <console_emit_next_record+55>:	rep stos %eax,%es:(%rdi)
Regs: rax=0x0,rbx=0xffffffff818afda0,rcx=0x13,rdx=0xffffc9000000bca8,rsi=0x77,rdi=0xffffc9000000bcb4,rbp=0xffffc9000000bc90,rsp=0xffffc9000000bc88,r8=0x3,r9=0x1000,r10=0xffffc9000000bc20,r11=0x3,r12=0x0,r13=0xffffc9000000bd47,r14=0xffffffff819423e0,r15=0x0
=> 0xffffffff8103e5a1 <console_emit_next_record+55>:	rep stos %eax,%es:(%rdi)
Regs: rax=0x0,rbx=0xffffffff818afda0,rcx=0x12,rdx=0xffffc9000000bca8,rsi=0x77,rdi=0xffffc9000000bcb8,rbp=0xffffc9000000bc90,rsp=0xffffc9000000bc88,r8=0x3,r9=0x1000,r10=0xffffc9000000bc20,r11=0x3,r12=0x0,r13=0xffffc9000000bd47,r14=0xffffffff819423e0,r15=0x0
=> 0xffffffff8103e5a1 <console_emit_next_record+55>:	rep stos %eax,%es:(%rdi)
Regs: rax=0x0,rbx=0xffffffff818afda0,rcx=0x11,rdx=0xffffc9000000bca8,rsi=0x77,rdi=0xffffc9000000bcbc,rbp=0xffffc9000000bc90,rsp=0xffffc9000000bc88,r8=0x3,r9=0x1000,r10=0xffffc9000000bc20,r11=0x3,r12=0x0,r13=0xffffc9000000bd47,r14=0xffffffff819423e0,r15=0x0
=> 0xffffffff8103e5a1 <console_emit_next_record+55>:	rep stos %eax,%es:(%rdi)
Regs: rax=0x0,rbx=0xffffffff818afda0,rcx=0x10,rdx=0xffffc9000000bca8,rsi=0x77,rdi=0xffffc9000000bcc0,rbp=0xffffc9000000bc90,rsp=0xffffc9000000bc88,r8=0x3,r9=0x1000,r10=0xffffc9000000bc20,r11=0x3,r12=0x0,r13=0xffffc9000000bd47,r14=0xffffffff819423e0,r15=0x0
=> 0xffffffff8103e5a1 <console_emit_next_record+55>:	rep stos %eax,%es:(%rdi)
Regs: rax=0x0,rbx=0xffffffff818afda0,rcx=0xf,rdx=0xffffc9000000bca8,rsi=0x77,rdi=0xffffc9000000bcc4,rbp=0xffffc9000000bc90,rsp=0xffffc9000000bc88,r8=0x3,r9=0x1000,r10=0xffffc9000000bc20,r11=0x3,r12=0x0,r13=0xffffc9000000bd47,r14=0xffffffff819423e0,r15=0x0
=> 0xffffffff8103e5a1 <console_emit_next_record+55>:	rep stos %eax,%es:(%rdi)
Regs: rax=0x0,rbx=0xffffffff818afda0,rcx=0xe,rdx=0xffffc9000000bca8,rsi=0x77,rdi=0xffffc9000000bcc8,rbp=0xffffc9000000bc90,rsp=0xffffc9000000bc88,r8=0x3,r9=0x1000,r10=0xffffc9000000bc20,r11=0x3,r12=0x0,r13=0xffffc9000000bd47,r14=0xffffffff819423e0,r15=0x0
=> 0xffffffff8103e5a1 <console_emit_next_record+55>:	rep stos %eax,%es:(%rdi)
Regs: rax=0x0,rbx=0xffffffff818afda0,rcx=0xd,rdx=0xffffc9000000bca8,rsi=0x77,rdi=0xffffc9000000bccc,rbp=0xffffc9000000bc90,rsp=0xffffc9000000bc88,r8=0x3,r9=0x1000,r10=0xffffc9000000bc20,r11=0x3,r12=0x0,r13=0xffffc9000000bd47,r14=0xffffffff819423e0,r15=0x0
=> 0xffffffff8103e5a1 <console_emit_next_record+55>:	rep stos %eax,%es:(%rdi)
Regs: rax=0x0,rbx=0xffffffff818afda0,rcx=0xc,rdx=0xffffc9000000bca8,rsi=0x77,rdi=0xffffc9000000bcd0,rbp=0xffffc9000000bc90,rsp=0xffffc9000000bc88,r8=0x3,r9=0x1000,r10=0xffffc9000000bc20,r11=0x3,r12=0x0,r13=0xffffc9000000bd47,r14=0xffffffff819423e0,r15=0x0
=> 0xffffffff8103e5a1 <console_emit_next_record+55>:	rep stos %eax,%es:(%rdi)
Regs: rax=0x0,rbx=0xffffffff818afda0,rcx=0xb,rdx=0xffffc9000000bca8,rsi=0x77,rdi=0xffffc9000000bcd4,rbp=0xffffc9000000bc90,rsp=0xffffc9000000bc88,r8=0x3,r9=0x1000,r10=0xffffc9000000bc20,r11=0x3,r12=0x0,r13=0xffffc9000000bd47,r14=0xffffffff819423e0,r15=0x0
=> 0xffffffff8103e5a1 <console_emit_next_record+55>:	rep stos %eax,%es:(%rdi)
Regs: rax=0x0,rbx=0xffffffff818afda0,rcx=0xa,rdx=0xffffc9000000bca8,rsi=0x77,rdi=0xffffc9000000bcd8,rbp=0xffffc9000000bc90,rsp=0xffffc9000000bc88,r8=0x3,r9=0x1000,r10=0xffffc9000000bc20,r11=0x3,r12=0x0,r13=0xffffc9000000bd47,r14=0xffffffff819423e0,r15=0x0
=> 0xffffffff8103e5a1 <console_emit_next_record+55>:	rep stos %eax,%es:(%rdi)
Regs: rax=0x0,rbx=0xffffffff818afda0,rcx=0x9,rdx=0xffffc9000000bca8,rsi=0x77,rdi=0xffffc9000000bcdc,rbp=0xffffc9000000bc90,rsp=0xffffc9000000bc88,r8=0x3,r9=0x1000,r10=0xffffc9000000bc20,r11=0x3,r12=0x0,r13=0xffffc9000000bd47,r14=0xffffffff819423e0,r15=0x0
=> 0xffffffff8103e5a1 <console_emit_next_record+55>:	rep stos %eax,%es:(%rdi)
Regs: rax=0x0,rbx=0xffffffff818afda0,rcx=0x8,rdx=0xffffc9000000bca8,rsi=0x77,rdi=0xffffc9000000bce0,rbp=0xffffc9000000bc90,rsp=0xffffc9000000bc88,r8=0x3,r9=0x1000,r10=0xffffc9000000bc20,r11=0x3,r12=0x0,r13=0xffffc9000000bd47,r14=0xffffffff819423e0,r15=0x0
=> 0xffffffff8103e5a1 <console_emit_next_record+55>:	rep stos %eax,%es:(%rdi)
Regs: rax=0x0,rbx=0xffffffff818afda0,rcx=0x7,rdx=0xffffc9000000bca8,rsi=0x77,rdi=0xffffc9000000bce4,rbp=0xffffc9000000bc90,rsp=0xffffc9000000bc88,r8=0x3,r9=0x1000,r10=0xffffc9000000bc20,r11=0x3,r12=0x0,r13=0xffffc9000000bd47,r14=0xffffffff819423e0,r15=0x0
=> 0xffffffff8103e5a1 <console_emit_next_record+55>:	rep stos %eax,%es:(%rdi)
Regs: rax=0x0,rbx=0xffffffff818afda0,rcx=0x6,rdx=0xffffc9000000bca8,rsi=0x77,rdi=0xffffc9000000bce8,rbp=0xffffc9000000bc90,rsp=0xffffc9000000bc88,r8=0x3,r9=0x1000,r10=0xffffc9000000bc20,r11=0x3,r12=0x0,r13=0xffffc9000000bd47,r14=0xffffffff819423e0,r15=0x0
=> 0xffffffff8103e5a1 <console_emit_next_record+55>:	rep stos %eax,%es:(%rdi)
Regs: rax=0x0,rbx=0xffffffff818afda0,rcx=0x5,rdx=0xffffc9000000bca8,rsi=0x77,rdi=0xffffc9000000bcec,rbp=0xffffc9000000bc90,rsp=0xffffc9000000bc88,r8=0x3,r9=0x1000,r10=0xffffc9000000bc20,r11=0x3,r12=0x0,r13=0xffffc9000000bd47,r14=0xffffffff819423e0,r15=0x0
=> 0xffffffff8103e5a1 <console_emit_next_record+55>:	rep stos %eax,%es:(%rdi)
Regs: rax=0x0,rbx=0xffffffff818afda0,rcx=0x4,rdx=0xffffc9000000bca8,rsi=0x77,rdi=0xffffc9000000bcf0,rbp=0xffffc9000000bc90,rsp=0xffffc9000000bc88,r8=0x3,r9=0x1000,r10=0xffffc9000000bc20,r11=0x3,r12=0x0,r13=0xffffc9000000bd47,r14=0xffffffff819423e0,r15=0x0
=> 0xffffffff8103e5a1 <console_emit_next_record+55>:	rep stos %eax,%es:(%rdi)
Regs: rax=0x0,rbx=0xffffffff818afda0,rcx=0x3,rdx=0xffffc9000000bca8,rsi=0x77,rdi=0xffffc9000000bcf4,rbp=0xffffc9000000bc90,rsp=0xffffc9000000bc88,r8=0x3,r9=0x1000,r10=0xffffc9000000bc20,r11=0x3,r12=0x0,r13=0xffffc9000000bd47,r14=0xffffffff819423e0,r15=0x0
=> 0xffffffff8103e5a1 <console_emit_next_record+55>:	rep stos %eax,%es:(%rdi)
Regs: rax=0x0,rbx=0xffffffff818afda0,rcx=0x2,rdx=0xffffc9000000bca8,rsi=0x77,rdi=0xffffc9000000bcf8,rbp=0xffffc9000000bc90,rsp=0xffffc9000000bc88,r8=0x3,r9=0x1000,r10=0xffffc9000000bc20,r11=0x3,r12=0x0,r13=0xffffc9000000bd47,r14=0xffffffff819423e0,r15=0x0
=> 0xffffffff8103e5a1 <console_emit_next_record+55>:	rep stos %eax,%es:(%rdi)
Regs: rax=0x0,rbx=0xffffffff818afda0,rcx=0x1,rdx=0xffffc9000000bca8,rsi=0x77,rdi=0xffffc9000000bcfc,rbp=0xffffc9000000bc90,rsp=0xffffc9000000bc88,r8=0x3,r9=0x1000,r10=0xffffc9000000bc20,r11=0x3,r12=0x0,r13=0xffffc9000000bd47,r14=0xffffffff819423e0,r15=0x0
=> 0xffffffff8103e5a1 <console_emit_next_record+55>:	rep stos %eax,%es:(%rdi)
Regs: rax=0x0,rbx=0xffffffff818afda0,rcx=0x0,rdx=0xffffc9000000bca8,rsi=0x77,rdi=0xffffc9000000bd00,rbp=0xffffc9000000bc90,rsp=0xffffc9000000bc88,r8=0x3,r9=0x1000,r10=0xffffc9000000bc20,r11=0x3,r12=0x0,r13=0xffffc9000000bd47,r14=0xffffffff819423e0,r15=0x0
=> 0xffffffff8103e5a3 <console_emit_next_record+57>:	mov    $0x6,%ecx
Regs: rax=0x0,rbx=0xffffffff818afda0,rcx=0x6,rdx=0xffffc9000000bca8,rsi=0x77,rdi=0xffffc9000000bd00,rbp=0xffffc9000000bc90,rsp=0xffffc9000000bc88,r8=0x3,r9=0x1000,r10=0xffffc9000000bc20,r11=0x3,r12=0x0,r13=0xffffc9000000bd47,r14=0xffffffff819423e0,r15=0x0
=> 0xffffffff8103e5a8 <console_emit_next_record+62>:	mov    %rbp,%rdi
Regs: rax=0x0,rbx=0xffffffff818afda0,rcx=0x6,rdx=0xffffc9000000bca8,rsi=0x77,rdi=0xffffc9000000bc90,rbp=0xffffc9000000bc90,rsp=0xffffc9000000bc88,r8=0x3,r9=0x1000,r10=0xffffc9000000bc20,r11=0x3,r12=0x0,r13=0xffffc9000000bd47,r14=0xffffffff819423e0,r15=0x0
=> 0xffffffff8103e5ab <console_emit_next_record+65>:	rep stos %eax,%es:(%rdi)
Regs: rax=0x0,rbx=0xffffffff818afda0,rcx=0x5,rdx=0xffffc9000000bca8,rsi=0x77,rdi=0xffffc9000000bc94,rbp=0xffffc9000000bc90,rsp=0xffffc9000000bc88,r8=0x3,r9=0x1000,r10=0xffffc9000000bc20,r11=0x3,r12=0x0,r13=0xffffc9000000bd47,r14=0xffffffff819423e0,r15=0x0
=> 0xffffffff8103e5ab <console_emit_next_record+65>:	rep stos %eax,%es:(%rdi)
Regs: rax=0x0,rbx=0xffffffff818afda0,rcx=0x4,rdx=0xffffc9000000bca8,rsi=0x77,rdi=0xffffc9000000bc98,rbp=0xffffc9000000bc90,rsp=0xffffc9000000bc88,r8=0x3,r9=0x1000,r10=0xffffc9000000bc20,r11=0x3,r12=0x0,r13=0xffffc9000000bd47,r14=0xffffffff819423e0,r15=0x0
=> 0xffffffff8103e5ab <console_emit_next_record+65>:	rep stos %eax,%es:(%rdi)
Regs: rax=0x0,rbx=0xffffffff818afda0,rcx=0x3,rdx=0xffffc9000000bca8,rsi=0x77,rdi=0xffffc9000000bc9c,rbp=0xffffc9000000bc90,rsp=0xffffc9000000bc88,r8=0x3,r9=0x1000,r10=0xffffc9000000bc20,r11=0x3,r12=0x0,r13=0xffffc9000000bd47,r14=0xffffffff819423e0,r15=0x0
=> 0xffffffff8103e5ab <console_emit_next_record+65>:	rep stos %eax,%es:(%rdi)
Regs: rax=0x0,rbx=0xffffffff818afda0,rcx=0x2,rdx=0xffffc9000000bca8,rsi=0x77,rdi=0xffffc9000000bca0,rbp=0xffffc9000000bc90,rsp=0xffffc9000000bc88,r8=0x3,r9=0x1000,r10=0xffffc9000000bc20,r11=0x3,r12=0x0,r13=0xffffc9000000bd47,r14=0xffffffff819423e0,r15=0x0
=> 0xffffffff8103e5ab <console_emit_next_record+65>:	rep stos %eax,%es:(%rdi)
Regs: rax=0x0,rbx=0xffffffff818afda0,rcx=0x1,rdx=0xffffc9000000bca8,rsi=0x77,rdi=0xffffc9000000bca4,rbp=0xffffc9000000bc90,rsp=0xffffc9000000bc88,r8=0x3,r9=0x1000,r10=0xffffc9000000bc20,r11=0x3,r12=0x0,r13=0xffffc9000000bd47,r14=0xffffffff819423e0,r15=0x0
=> 0xffffffff8103e5ab <console_emit_next_record+65>:	rep stos %eax,%es:(%rdi)
Regs: rax=0x0,rbx=0xffffffff818afda0,rcx=0x0,rdx=0xffffc9000000bca8,rsi=0x77,rdi=0xffffc9000000bca8,rbp=0xffffc9000000bc90,rsp=0xffffc9000000bc88,r8=0x3,r9=0x1000,r10=0xffffc9000000bc20,r11=0x3,r12=0x0,r13=0xffffc9000000bd47,r14=0xffffffff819423e0,r15=0x0
=> 0xffffffff8103e5ad <console_emit_next_record+67>:	mov    0x7fc3b4(%rip),%rdi        # 0xffffffff8183a968 <prb>
Regs: rax=0x0,rbx=0xffffffff818afda0,rcx=0x0,rdx=0xffffc9000000bca8,rsi=0x77,rdi=0xffffffff8183a980,rbp=0xffffc9000000bc90,rsp=0xffffc9000000bc88,r8=0x3,r9=0x1000,r10=0xffffc9000000bc20,r11=0x3,r12=0x0,r13=0xffffc9000000bd47,r14=0xffffffff819423e0,r15=0x0
=> 0xffffffff8103e5b4 <console_emit_next_record+74>:	mov    %rdx,0x8(%rsp)
Regs: rax=0x0,rbx=0xffffffff818afda0,rcx=0x0,rdx=0xffffc9000000bca8,rsi=0x77,rdi=0xffffffff8183a980,rbp=0xffffc9000000bc90,rsp=0xffffc9000000bc88,r8=0x3,r9=0x1000,r10=0xffffc9000000bc20,r11=0x3,r12=0x0,r13=0xffffc9000000bd47,r14=0xffffffff819423e0,r15=0x0
=> 0xffffffff8103e5b9 <console_emit_next_record+79>:	mov    %rbp,%rdx
Regs: rax=0x0,rbx=0xffffffff818afda0,rcx=0x0,rdx=0xffffc9000000bc90,rsi=0x77,rdi=0xffffffff8183a980,rbp=0xffffc9000000bc90,rsp=0xffffc9000000bc88,r8=0x3,r9=0x1000,r10=0xffffc9000000bc20,r11=0x3,r12=0x0,r13=0xffffc9000000bd47,r14=0xffffffff819423e0,r15=0x0
=> 0xffffffff8103e5bc <console_emit_next_record+82>:	movq   $0xffffffff81944420,0x10(%rsp)
Regs: rax=0x0,rbx=0xffffffff818afda0,rcx=0x0,rdx=0xffffc9000000bc90,rsi=0x77,rdi=0xffffffff8183a980,rbp=0xffffc9000000bc90,rsp=0xffffc9000000bc88,r8=0x3,r9=0x1000,r10=0xffffc9000000bc20,r11=0x3,r12=0x0,r13=0xffffc9000000bd47,r14=0xffffffff819423e0,r15=0x0
=> 0xffffffff8103e5c5 <console_emit_next_record+91>:	movl   $0x400,0x18(%rsp)
Regs: rax=0x0,rbx=0xffffffff818afda0,rcx=0x0,rdx=0xffffc9000000bc90,rsi=0x77,rdi=0xffffffff8183a980,rbp=0xffffc9000000bc90,rsp=0xffffc9000000bc88,r8=0x3,r9=0x1000,r10=0xffffc9000000bc20,r11=0x3,r12=0x0,r13=0xffffc9000000bd47,r14=0xffffffff819423e0,r15=0x0
=> 0xffffffff8103e5cd <console_emit_next_record+99>:	call   0xffffffff81040170 <prb_read_valid>
Regs: rax=0x0,rbx=0xffffffff818afda0,rcx=0x0,rdx=0xffffc9000000bc90,rsi=0x77,rdi=0xffffffff8183a980,rbp=0xffffc9000000bc90,rsp=0xffffc9000000bc80,r8=0x3,r9=0x1000,r10=0xffffc9000000bc20,r11=0x3,r12=0x0,r13=0xffffc9000000bd47,r14=0xffffffff819423e0,r15=0x0
=> 0xffffffff81040170 <prb_read_valid>:	push   %rax
Regs: rax=0x0,rbx=0xffffffff818afda0,rcx=0x0,rdx=0xffffc9000000bc90,rsi=0x77,rdi=0xffffffff8183a980,rbp=0xffffc9000000bc90,rsp=0xffffc9000000bc78,r8=0x3,r9=0x1000,r10=0xffffc9000000bc20,r11=0x3,r12=0x0,r13=0xffffc9000000bd47,r14=0xffffffff819423e0,r15=0x0
=> 0xffffffff81040171 <prb_read_valid+1>:	xor    %ecx,%ecx
Regs: rax=0x0,rbx=0xffffffff818afda0,rcx=0x0,rdx=0xffffc9000000bc90,rsi=0x77,rdi=0xffffffff8183a980,rbp=0xffffc9000000bc90,rsp=0xffffc9000000bc78,r8=0x3,r9=0x1000,r10=0xffffc9000000bc20,r11=0x3,r12=0x0,r13=0xffffc9000000bd47,r14=0xffffffff819423e0,r15=0x0
=> 0xffffffff81040173 <prb_read_valid+3>:	mov    %rsi,(%rsp)
Regs: rax=0x0,rbx=0xffffffff818afda0,rcx=0x0,rdx=0xffffc9000000bc90,rsi=0x77,rdi=0xffffffff8183a980,rbp=0xffffc9000000bc90,rsp=0xffffc9000000bc78,r8=0x3,r9=0x1000,r10=0xffffc9000000bc20,r11=0x3,r12=0x0,r13=0xffffc9000000bd47,r14=0xffffffff819423e0,r15=0x0
=> 0xffffffff81040177 <prb_read_valid+7>:	mov    %rsp,%rsi
Regs: rax=0x0,rbx=0xffffffff818afda0,rcx=0x0,rdx=0xffffc9000000bc90,rsi=0xffffc9000000bc78,rdi=0xffffffff8183a980,rbp=0xffffc9000000bc90,rsp=0xffffc9000000bc78,r8=0x3,r9=0x1000,r10=0xffffc9000000bc20,r11=0x3,r12=0x0,r13=0xffffc9000000bd47,r14=0xffffffff819423e0,r15=0x0
=> 0xffffffff8104017a <prb_read_valid+10>:	call   0xffffffff8103f90d <_prb_read_valid>
Regs: rax=0x0,rbx=0xffffffff818afda0,rcx=0x0,rdx=0xffffc9000000bc90,rsi=0xffffc9000000bc78,rdi=0xffffffff8183a980,rbp=0xffffc9000000bc90,rsp=0xffffc9000000bc70,r8=0x3,r9=0x1000,r10=0xffffc9000000bc20,r11=0x3,r12=0x0,r13=0xffffc9000000bd47,r14=0xffffffff819423e0,r15=0x0
=> 0xffffffff8103f90d <_prb_read_valid>:	push   %r15
Regs: rax=0x0,rbx=0xffffffff818afda0,rcx=0x0,rdx=0xffffc9000000bc90,rsi=0xffffc9000000bc78,rdi=0xffffffff8183a980,rbp=0xffffc9000000bc90,rsp=0xffffc9000000bc68,r8=0x3,r9=0x1000,r10=0xffffc9000000bc20,r11=0x3,r12=0x0,r13=0xffffc9000000bd47,r14=0xffffffff819423e0,r15=0x0
=> 0xffffffff8103f90f <_prb_read_valid+2>:	push   %r14
Regs: rax=0x0,rbx=0xffffffff818afda0,rcx=0x0,rdx=0xffffc9000000bc90,rsi=0xffffc9000000bc78,rdi=0xffffffff8183a980,rbp=0xffffc9000000bc90,rsp=0xffffc9000000bc60,r8=0x3,r9=0x1000,r10=0xffffc9000000bc20,r11=0x3,r12=0x0,r13=0xffffc9000000bd47,r14=0xffffffff819423e0,r15=0x0
=> 0xffffffff8103f911 <_prb_read_valid+4>:	push   %r13
Regs: rax=0x0,rbx=0xffffffff818afda0,rcx=0x0,rdx=0xffffc9000000bc90,rsi=0xffffc9000000bc78,rdi=0xffffffff8183a980,rbp=0xffffc9000000bc90,rsp=0xffffc9000000bc58,r8=0x3,r9=0x1000,r10=0xffffc9000000bc20,r11=0x3,r12=0x0,r13=0xffffc9000000bd47,r14=0xffffffff819423e0,r15=0x0
=> 0xffffffff8103f913 <_prb_read_valid+6>:	mov    %rcx,%r13
Regs: rax=0x0,rbx=0xffffffff818afda0,rcx=0x0,rdx=0xffffc9000000bc90,rsi=0xffffc9000000bc78,rdi=0xffffffff8183a980,rbp=0xffffc9000000bc90,rsp=0xffffc9000000bc58,r8=0x3,r9=0x1000,r10=0xffffc9000000bc20,r11=0x3,r12=0x0,r13=0x0,r14=0xffffffff819423e0,r15=0x0
=> 0xffffffff8103f916 <_prb_read_valid+9>:	push   %r12
Regs: rax=0x0,rbx=0xffffffff818afda0,rcx=0x0,rdx=0xffffc9000000bc90,rsi=0xffffc9000000bc78,rdi=0xffffffff8183a980,rbp=0xffffc9000000bc90,rsp=0xffffc9000000bc50,r8=0x3,r9=0x1000,r10=0xffffc9000000bc20,r11=0x3,r12=0x0,r13=0x0,r14=0xffffffff819423e0,r15=0x0
=> 0xffffffff8103f918 <_prb_read_valid+11>:	mov    %rsi,%r12
Regs: rax=0x0,rbx=0xffffffff818afda0,rcx=0x0,rdx=0xffffc9000000bc90,rsi=0xffffc9000000bc78,rdi=0xffffffff8183a980,rbp=0xffffc9000000bc90,rsp=0xffffc9000000bc50,r8=0x3,r9=0x1000,r10=0xffffc9000000bc20,r11=0x3,r12=0xffffc9000000bc78,r13=0x0,r14=0xffffffff819423e0,r15=0x0
=> 0xffffffff8103f91b <_prb_read_valid+14>:	push   %rbp
Regs: rax=0x0,rbx=0xffffffff818afda0,rcx=0x0,rdx=0xffffc9000000bc90,rsi=0xffffc9000000bc78,rdi=0xffffffff8183a980,rbp=0xffffc9000000bc90,rsp=0xffffc9000000bc48,r8=0x3,r9=0x1000,r10=0xffffc9000000bc20,r11=0x3,r12=0xffffc9000000bc78,r13=0x0,r14=0xffffffff819423e0,r15=0x0
=> 0xffffffff8103f91c <_prb_read_valid+15>:	mov    %rdx,%rbp
Regs: rax=0x0,rbx=0xffffffff818afda0,rcx=0x0,rdx=0xffffc9000000bc90,rsi=0xffffc9000000bc78,rdi=0xffffffff8183a980,rbp=0xffffc9000000bc90,rsp=0xffffc9000000bc48,r8=0x3,r9=0x1000,r10=0xffffc9000000bc20,r11=0x3,r12=0xffffc9000000bc78,r13=0x0,r14=0xffffffff819423e0,r15=0x0
=> 0xffffffff8103f91f <_prb_read_valid+18>:	push   %rbx
Regs: rax=0x0,rbx=0xffffffff818afda0,rcx=0x0,rdx=0xffffc9000000bc90,rsi=0xffffc9000000bc78,rdi=0xffffffff8183a980,rbp=0xffffc9000000bc90,rsp=0xffffc9000000bc40,r8=0x3,r9=0x1000,r10=0xffffc9000000bc20,r11=0x3,r12=0xffffc9000000bc78,r13=0x0,r14=0xffffffff819423e0,r15=0x0
=> 0xffffffff8103f920 <_prb_read_valid+19>:	mov    %rdi,%rbx
Regs: rax=0x0,rbx=0xffffffff8183a980,rcx=0x0,rdx=0xffffc9000000bc90,rsi=0xffffc9000000bc78,rdi=0xffffffff8183a980,rbp=0xffffc9000000bc90,rsp=0xffffc9000000bc40,r8=0x3,r9=0x1000,r10=0xffffc9000000bc20,r11=0x3,r12=0xffffc9000000bc78,r13=0x0,r14=0xffffffff819423e0,r15=0x0
=> 0xffffffff8103f923 <_prb_read_valid+22>:	sub    $0x50,%rsp
Regs: rax=0x0,rbx=0xffffffff8183a980,rcx=0x0,rdx=0xffffc9000000bc90,rsi=0xffffc9000000bc78,rdi=0xffffffff8183a980,rbp=0xffffc9000000bc90,rsp=0xffffc9000000bbf0,r8=0x3,r9=0x1000,r10=0xffffc9000000bc20,r11=0x3,r12=0xffffc9000000bc78,r13=0x0,r14=0xffffffff819423e0,r15=0x0
=> 0xffffffff8103f927 <_prb_read_valid+26>:	mov    (%r12),%rax
Regs: rax=0x77,rbx=0xffffffff8183a980,rcx=0x0,rdx=0xffffc9000000bc90,rsi=0xffffc9000000bc78,rdi=0xffffffff8183a980,rbp=0xffffc9000000bc90,rsp=0xffffc9000000bbf0,r8=0x3,r9=0x1000,r10=0xffffc9000000bc20,r11=0x3,r12=0xffffc9000000bc78,r13=0x0,r14=0xffffffff819423e0,r15=0x0
=> 0xffffffff8103f92b <_prb_read_valid+30>:	mov    %rbx,%rdi
Regs: rax=0x77,rbx=0xffffffff8183a980,rcx=0x0,rdx=0xffffc9000000bc90,rsi=0xffffc9000000bc78,rdi=0xffffffff8183a980,rbp=0xffffc9000000bc90,rsp=0xffffc9000000bbf0,r8=0x3,r9=0x1000,r10=0xffffc9000000bc20,r11=0x3,r12=0xffffc9000000bc78,r13=0x0,r14=0xffffffff819423e0,r15=0x0
=> 0xffffffff8103f92e <_prb_read_valid+33>:	mov    0x10(%rbx),%r14
Regs: rax=0x77,rbx=0xffffffff8183a980,rcx=0x0,rdx=0xffffc9000000bc90,rsi=0xffffc9000000bc78,rdi=0xffffffff8183a980,rbp=0xffffc9000000bc90,rsp=0xffffc9000000bbf0,r8=0x3,r9=0x1000,r10=0xffffc9000000bc20,r11=0x3,r12=0xffffc9000000bc78,r13=0x0,r14=0xffffffff8183a9e0,r15=0x0
=> 0xffffffff8103f932 <_prb_read_valid+37>:	mov    %rax,(%rsp)
Regs: rax=0x77,rbx=0xffffffff8183a980,rcx=0x0,rdx=0xffffc9000000bc90,rsi=0xffffc9000000bc78,rdi=0xffffffff8183a980,rbp=0xffffc9000000bc90,rsp=0xffffc9000000bbf0,r8=0x3,r9=0x1000,r10=0xffffc9000000bc20,r11=0x3,r12=0xffffc9000000bc78,r13=0x0,r14=0xffffffff8183a9e0,r15=0x0
=> 0xffffffff8103f936 <_prb_read_valid+41>:	mov    (%rbx),%eax
Regs: rax=0xc,rbx=0xffffffff8183a980,rcx=0x0,rdx=0xffffc9000000bc90,rsi=0xffffc9000000bc78,rdi=0xffffffff8183a980,rbp=0xffffc9000000bc90,rsp=0xffffc9000000bbf0,r8=0x3,r9=0x1000,r10=0xffffc9000000bc20,r11=0x3,r12=0xffffc9000000bc78,r13=0x0,r14=0xffffffff8183a9e0,r15=0x0
=> 0xffffffff8103f938 <_prb_read_valid+43>:	mov    (%rsp),%rsi
Regs: rax=0xc,rbx=0xffffffff8183a980,rcx=0x0,rdx=0xffffc9000000bc90,rsi=0x77,rdi=0xffffffff8183a980,rbp=0xffffc9000000bc90,rsp=0xffffc9000000bbf0,r8=0x3,r9=0x1000,r10=0xffffc9000000bc20,r11=0x3,r12=0xffffc9000000bc78,r13=0x0,r14=0xffffffff8183a9e0,r15=0x0
=> 0xffffffff8103f93c <_prb_read_valid+47>:	mov    %eax,0xc(%rsp)
Regs: rax=0xc,rbx=0xffffffff8183a980,rcx=0x0,rdx=0xffffc9000000bc90,rsi=0x77,rdi=0xffffffff8183a980,rbp=0xffffc9000000bc90,rsp=0xffffc9000000bbf0,r8=0x3,r9=0x1000,r10=0xffffc9000000bc20,r11=0x3,r12=0xffffc9000000bc78,r13=0x0,r14=0xffffffff8183a9e0,r15=0x0
=> 0xffffffff8103f940 <_prb_read_valid+51>:	call   0xffffffff8103f4aa <to_desc>
Regs: rax=0xc,rbx=0xffffffff8183a980,rcx=0x0,rdx=0xffffc9000000bc90,rsi=0x77,rdi=0xffffffff8183a980,rbp=0xffffc9000000bc90,rsp=0xffffc9000000bbe8,r8=0x3,r9=0x1000,r10=0xffffc9000000bc20,r11=0x3,r12=0xffffc9000000bc78,r13=0x0,r14=0xffffffff8183a9e0,r15=0x0
=> 0xffffffff8103f4aa <to_desc>:	mov    (%rdi),%ecx
Regs: rax=0xc,rbx=0xffffffff8183a980,rcx=0xc,rdx=0xffffc9000000bc90,rsi=0x77,rdi=0xffffffff8183a980,rbp=0xffffc9000000bc90,rsp=0xffffc9000000bbe8,r8=0x3,r9=0x1000,r10=0xffffc9000000bc20,r11=0x3,r12=0xffffc9000000bc78,r13=0x0,r14=0xffffffff8183a9e0,r15=0x0
=> 0xffffffff8103f4ac <to_desc+2>:	mov    $0x1,%eax
Regs: rax=0x1,rbx=0xffffffff8183a980,rcx=0xc,rdx=0xffffc9000000bc90,rsi=0x77,rdi=0xffffffff8183a980,rbp=0xffffc9000000bc90,rsp=0xffffc9000000bbe8,r8=0x3,r9=0x1000,r10=0xffffc9000000bc20,r11=0x3,r12=0xffffc9000000bc78,r13=0x0,r14=0xffffffff8183a9e0,r15=0x0
=> 0xffffffff8103f4b1 <to_desc+7>:	shl    %cl,%eax
Regs: rax=0x1000,rbx=0xffffffff8183a980,rcx=0xc,rdx=0xffffc9000000bc90,rsi=0x77,rdi=0xffffffff8183a980,rbp=0xffffc9000000bc90,rsp=0xffffc9000000bbe8,r8=0x3,r9=0x1000,r10=0xffffc9000000bc20,r11=0x3,r12=0xffffc9000000bc78,r13=0x0,r14=0xffffffff8183a9e0,r15=0x0
=> 0xffffffff8103f4b3 <to_desc+9>:	dec    %eax
Regs: rax=0xfff,rbx=0xffffffff8183a980,rcx=0xc,rdx=0xffffc9000000bc90,rsi=0x77,rdi=0xffffffff8183a980,rbp=0xffffc9000000bc90,rsp=0xffffc9000000bbe8,r8=0x3,r9=0x1000,r10=0xffffc9000000bc20,r11=0x3,r12=0xffffc9000000bc78,r13=0x0,r14=0xffffffff8183a9e0,r15=0x0
=> 0xffffffff8103f4b5 <to_desc+11>:	and    %rsi,%rax
Regs: rax=0x77,rbx=0xffffffff8183a980,rcx=0xc,rdx=0xffffc9000000bc90,rsi=0x77,rdi=0xffffffff8183a980,rbp=0xffffc9000000bc90,rsp=0xffffc9000000bbe8,r8=0x3,r9=0x1000,r10=0xffffc9000000bc20,r11=0x3,r12=0xffffc9000000bc78,r13=0x0,r14=0xffffffff8183a9e0,r15=0x0
=> 0xffffffff8103f4b8 <to_desc+14>:	imul   $0x18,%rax,%rax
Regs: rax=0xb28,rbx=0xffffffff8183a980,rcx=0xc,rdx=0xffffc9000000bc90,rsi=0x77,rdi=0xffffffff8183a980,rbp=0xffffc9000000bc90,rsp=0xffffc9000000bbe8,r8=0x3,r9=0x1000,r10=0xffffc9000000bc20,r11=0x3,r12=0xffffc9000000bc78,r13=0x0,r14=0xffffffff8183a9e0,r15=0x0
=> 0xffffffff8103f4bc <to_desc+18>:	add    0x8(%rdi),%rax
Regs: rax=0xffffffff81893508,rbx=0xffffffff8183a980,rcx=0xc,rdx=0xffffc9000000bc90,rsi=0x77,rdi=0xffffffff8183a980,rbp=0xffffc9000000bc90,rsp=0xffffc9000000bbe8,r8=0x3,r9=0x1000,r10=0xffffc9000000bc20,r11=0x3,r12=0xffffc9000000bc78,r13=0x0,r14=0xffffffff8183a9e0,r15=0x0
=> 0xffffffff8103f4c0 <to_desc+22>:	ret    
Regs: rax=0xffffffff81893508,rbx=0xffffffff8183a980,rcx=0xc,rdx=0xffffc9000000bc90,rsi=0x77,rdi=0xffffffff8183a980,rbp=0xffffc9000000bc90,rsp=0xffffc9000000bbf0,r8=0x3,r9=0x1000,r10=0xffffc9000000bc20,r11=0x3,r12=0xffffc9000000bc78,r13=0x0,r14=0xffffffff8183a9e0,r15=0x0
=> 0xffffffff8103f945 <_prb_read_valid+56>:	mov    $0x6,%ecx
Regs: rax=0xffffffff81893508,rbx=0xffffffff8183a980,rcx=0x6,rdx=0xffffc9000000bc90,rsi=0x77,rdi=0xffffffff8183a980,rbp=0xffffc9000000bc90,rsp=0xffffc9000000bbf0,r8=0x3,r9=0x1000,r10=0xffffc9000000bc20,r11=0x3,r12=0xffffc9000000bc78,r13=0x0,r14=0xffffffff8183a9e0,r15=0x0
=> 0xffffffff8103f94a <_prb_read_valid+61>:	movabs $0x3fffffffffffffff,%rsi
Regs: rax=0xffffffff81893508,rbx=0xffffffff8183a980,rcx=0x6,rdx=0xffffc9000000bc90,rsi=0x3fffffffffffffff,rdi=0xffffffff8183a980,rbp=0xffffc9000000bc90,rsp=0xffffc9000000bbf0,r8=0x3,r9=0x1000,r10=0xffffc9000000bc20,r11=0x3,r12=0xffffc9000000bc78,r13=0x0,r14=0xffffffff8183a9e0,r15=0x0
=> 0xffffffff8103f954 <_prb_read_valid+71>:	mov    %rax,%rdx
Regs: rax=0xffffffff81893508,rbx=0xffffffff8183a980,rcx=0x6,rdx=0xffffffff81893508,rsi=0x3fffffffffffffff,rdi=0xffffffff8183a980,rbp=0xffffc9000000bc90,rsp=0xffffc9000000bbf0,r8=0x3,r9=0x1000,r10=0xffffc9000000bc20,r11=0x3,r12=0xffffc9000000bc78,r13=0x0,r14=0xffffffff8183a9e0,r15=0x0
=> 0xffffffff8103f957 <_prb_read_valid+74>:	lea    0x38(%rsp),%rdi
Regs: rax=0xffffffff81893508,rbx=0xffffffff8183a980,rcx=0x6,rdx=0xffffffff81893508,rsi=0x3fffffffffffffff,rdi=0xffffc9000000bc28,rbp=0xffffc9000000bc90,rsp=0xffffc9000000bbf0,r8=0x3,r9=0x1000,r10=0xffffc9000000bc20,r11=0x3,r12=0xffffc9000000bc78,r13=0x0,r14=0xffffffff8183a9e0,r15=0x0
=> 0xffffffff8103f95c <_prb_read_valid+79>:	xor    %eax,%eax
Regs: rax=0x0,rbx=0xffffffff8183a980,rcx=0x6,rdx=0xffffffff81893508,rsi=0x3fffffffffffffff,rdi=0xffffc9000000bc28,rbp=0xffffc9000000bc90,rsp=0xffffc9000000bbf0,r8=0x3,r9=0x1000,r10=0xffffc9000000bc20,r11=0x3,r12=0xffffc9000000bc78,r13=0x0,r14=0xffffffff8183a9e0,r15=0x0
=> 0xffffffff8103f95e <_prb_read_valid+81>:	rep stos %eax,%es:(%rdi)
Regs: rax=0x0,rbx=0xffffffff8183a980,rcx=0x5,rdx=0xffffffff81893508,rsi=0x3fffffffffffffff,rdi=0xffffc9000000bc2c,rbp=0xffffc9000000bc90,rsp=0xffffc9000000bbf0,r8=0x3,r9=0x1000,r10=0xffffc9000000bc20,r11=0x3,r12=0xffffc9000000bc78,r13=0x0,r14=0xffffffff8183a9e0,r15=0x0
=> 0xffffffff8103f95e <_prb_read_valid+81>:	rep stos %eax,%es:(%rdi)
Regs: rax=0x0,rbx=0xffffffff8183a980,rcx=0x4,rdx=0xffffffff81893508,rsi=0x3fffffffffffffff,rdi=0xffffc9000000bc30,rbp=0xffffc9000000bc90,rsp=0xffffc9000000bbf0,r8=0x3,r9=0x1000,r10=0xffffc9000000bc20,r11=0x3,r12=0xffffc9000000bc78,r13=0x0,r14=0xffffffff8183a9e0,r15=0x0
=> 0xffffffff8103f95e <_prb_read_valid+81>:	rep stos %eax,%es:(%rdi)
Regs: rax=0x0,rbx=0xffffffff8183a980,rcx=0x3,rdx=0xffffffff81893508,rsi=0x3fffffffffffffff,rdi=0xffffc9000000bc34,rbp=0xffffc9000000bc90,rsp=0xffffc9000000bbf0,r8=0x3,r9=0x1000,r10=0xffffc9000000bc20,r11=0x3,r12=0xffffc9000000bc78,r13=0x0,r14=0xffffffff8183a9e0,r15=0x0
=> 0xffffffff8103f95e <_prb_read_valid+81>:	rep stos %eax,%es:(%rdi)
Regs: rax=0x0,rbx=0xffffffff8183a980,rcx=0x2,rdx=0xffffffff81893508,rsi=0x3fffffffffffffff,rdi=0xffffc9000000bc38,rbp=0xffffc9000000bc90,rsp=0xffffc9000000bbf0,r8=0x3,r9=0x1000,r10=0xffffc9000000bc20,r11=0x3,r12=0xffffc9000000bc78,r13=0x0,r14=0xffffffff8183a9e0,r15=0x0
=> 0xffffffff8103f95e <_prb_read_valid+81>:	rep stos %eax,%es:(%rdi)
Regs: rax=0x0,rbx=0xffffffff8183a980,rcx=0x1,rdx=0xffffffff81893508,rsi=0x3fffffffffffffff,rdi=0xffffc9000000bc3c,rbp=0xffffc9000000bc90,rsp=0xffffc9000000bbf0,r8=0x3,r9=0x1000,r10=0xffffc9000000bc20,r11=0x3,r12=0xffffc9000000bc78,r13=0x0,r14=0xffffffff8183a9e0,r15=0x0
=> 0xffffffff8103f95e <_prb_read_valid+81>:	rep stos %eax,%es:(%rdi)
Regs: rax=0x0,rbx=0xffffffff8183a980,rcx=0x0,rdx=0xffffffff81893508,rsi=0x3fffffffffffffff,rdi=0xffffc9000000bc40,rbp=0xffffc9000000bc90,rsp=0xffffc9000000bbf0,r8=0x3,r9=0x1000,r10=0xffffc9000000bc20,r11=0x3,r12=0xffffc9000000bc78,r13=0x0,r14=0xffffffff8183a9e0,r15=0x0
=> 0xffffffff8103f960 <_prb_read_valid+83>:	mov    (%rdx),%rax
Regs: rax=0x0,rbx=0xffffffff8183a980,rcx=0x0,rdx=0xffffffff81893508,rsi=0x3fffffffffffffff,rdi=0xffffc9000000bc40,rbp=0xffffc9000000bc90,rsp=0xffffc9000000bbf0,r8=0x3,r9=0x1000,r10=0xffffc9000000bc20,r11=0x3,r12=0xffffc9000000bc78,r13=0x0,r14=0xffffffff8183a9e0,r15=0x0
=> 0xffffffff8103f963 <_prb_read_valid+86>:	mov    (%rsp),%rdx
Regs: rax=0x0,rbx=0xffffffff8183a980,rcx=0x0,rdx=0x77,rsi=0x3fffffffffffffff,rdi=0xffffc9000000bc40,rbp=0xffffc9000000bc90,rsp=0xffffc9000000bbf0,r8=0x3,r9=0x1000,r10=0xffffc9000000bc20,r11=0x3,r12=0xffffc9000000bc78,r13=0x0,r14=0xffffffff8183a9e0,r15=0x0
=> 0xffffffff8103f967 <_prb_read_valid+90>:	lea    0x38(%rsp),%rcx
Regs: rax=0x0,rbx=0xffffffff8183a980,rcx=0xffffc9000000bc28,rdx=0x77,rsi=0x3fffffffffffffff,rdi=0xffffc9000000bc40,rbp=0xffffc9000000bc90,rsp=0xffffc9000000bbf0,r8=0x3,r9=0x1000,r10=0xffffc9000000bc20,r11=0x3,r12=0xffffc9000000bc78,r13=0x0,r14=0xffffffff8183a9e0,r15=0x0
=> 0xffffffff8103f96c <_prb_read_valid+95>:	mov    %rbx,%rdi
Regs: rax=0x0,rbx=0xffffffff8183a980,rcx=0xffffc9000000bc28,rdx=0x77,rsi=0x3fffffffffffffff,rdi=0xffffffff8183a980,rbp=0xffffc9000000bc90,rsp=0xffffc9000000bbf0,r8=0x3,r9=0x1000,r10=0xffffc9000000bc20,r11=0x3,r12=0xffffc9000000bc78,r13=0x0,r14=0xffffffff8183a9e0,r15=0x0
=> 0xffffffff8103f96f <_prb_read_valid+98>:	and    %rax,%rsi
Regs: rax=0x0,rbx=0xffffffff8183a980,rcx=0xffffc9000000bc28,rdx=0x77,rsi=0x0,rdi=0xffffffff8183a980,rbp=0xffffc9000000bc90,rsp=0xffffc9000000bbf0,r8=0x3,r9=0x1000,r10=0xffffc9000000bc20,r11=0x3,r12=0xffffc9000000bc78,r13=0x0,r14=0xffffffff8183a9e0,r15=0x0
=> 0xffffffff8103f972 <_prb_read_valid+101>:	mov    %rsi,0x10(%rsp)
Regs: rax=0x0,rbx=0xffffffff8183a980,rcx=0xffffc9000000bc28,rdx=0x77,rsi=0x0,rdi=0xffffffff8183a980,rbp=0xffffc9000000bc90,rsp=0xffffc9000000bbf0,r8=0x3,r9=0x1000,r10=0xffffc9000000bc20,r11=0x3,r12=0xffffc9000000bc78,r13=0x0,r14=0xffffffff8183a9e0,r15=0x0
=> 0xffffffff8103f977 <_prb_read_valid+106>:	call   0xffffffff8103f5d7 <desc_read_finalized_seq>
Regs: rax=0x0,rbx=0xffffffff8183a980,rcx=0xffffc9000000bc28,rdx=0x77,rsi=0x0,rdi=0xffffffff8183a980,rbp=0xffffc9000000bc90,rsp=0xffffc9000000bbe8,r8=0x3,r9=0x1000,r10=0xffffc9000000bc20,r11=0x3,r12=0xffffc9000000bc78,r13=0x0,r14=0xffffffff8183a9e0,r15=0x0
=> 0xffffffff8103f5d7 <desc_read_finalized_seq>:	push   %rbp
Regs: rax=0x0,rbx=0xffffffff8183a980,rcx=0xffffc9000000bc28,rdx=0x77,rsi=0x0,rdi=0xffffffff8183a980,rbp=0xffffc9000000bc90,rsp=0xffffc9000000bbe0,r8=0x3,r9=0x1000,r10=0xffffc9000000bc20,r11=0x3,r12=0xffffc9000000bc78,r13=0x0,r14=0xffffffff8183a9e0,r15=0x0
=> 0xffffffff8103f5d8 <desc_read_finalized_seq+1>:	xor    %r9d,%r9d
Regs: rax=0x0,rbx=0xffffffff8183a980,rcx=0xffffc9000000bc28,rdx=0x77,rsi=0x0,rdi=0xffffffff8183a980,rbp=0xffffc9000000bc90,rsp=0xffffc9000000bbe0,r8=0x3,r9=0x0,r10=0xffffc9000000bc20,r11=0x3,r12=0xffffc9000000bc78,r13=0x0,r14=0xffffffff8183a9e0,r15=0x0
=> 0xffffffff8103f5db <desc_read_finalized_seq+4>:	mov    %rdx,%rbp
Regs: rax=0x0,rbx=0xffffffff8183a980,rcx=0xffffc9000000bc28,rdx=0x77,rsi=0x0,rdi=0xffffffff8183a980,rbp=0x77,rsp=0xffffc9000000bbe0,r8=0x3,r9=0x0,r10=0xffffc9000000bc20,r11=0x3,r12=0xffffc9000000bc78,r13=0x0,r14=0xffffffff8183a9e0,r15=0x0
=> 0xffffffff8103f5de <desc_read_finalized_seq+7>:	push   %rbx
Regs: rax=0x0,rbx=0xffffffff8183a980,rcx=0xffffc9000000bc28,rdx=0x77,rsi=0x0,rdi=0xffffffff8183a980,rbp=0x77,rsp=0xffffc9000000bbd8,r8=0x3,r9=0x0,r10=0xffffc9000000bc20,r11=0x3,r12=0xffffc9000000bc78,r13=0x0,r14=0xffffffff8183a9e0,r15=0x0
=> 0xffffffff8103f5df <desc_read_finalized_seq+8>:	mov    %rcx,%rbx
Regs: rax=0x0,rbx=0xffffc9000000bc28,rcx=0xffffc9000000bc28,rdx=0x77,rsi=0x0,rdi=0xffffffff8183a980,rbp=0x77,rsp=0xffffc9000000bbd8,r8=0x3,r9=0x0,r10=0xffffc9000000bc20,r11=0x3,r12=0xffffc9000000bc78,r13=0x0,r14=0xffffffff8183a9e0,r15=0x0
=> 0xffffffff8103f5e2 <desc_read_finalized_seq+11>:	push   %r8
Regs: rax=0x0,rbx=0xffffc9000000bc28,rcx=0xffffc9000000bc28,rdx=0x77,rsi=0x0,rdi=0xffffffff8183a980,rbp=0x77,rsp=0xffffc9000000bbd0,r8=0x3,r9=0x0,r10=0xffffc9000000bc20,r11=0x3,r12=0xffffc9000000bc78,r13=0x0,r14=0xffffffff8183a9e0,r15=0x0
=> 0xffffffff8103f5e4 <desc_read_finalized_seq+13>:	mov    %rbx,%rdx
Regs: rax=0x0,rbx=0xffffc9000000bc28,rcx=0xffffc9000000bc28,rdx=0xffffc9000000bc28,rsi=0x0,rdi=0xffffffff8183a980,rbp=0x77,rsp=0xffffc9000000bbd0,r8=0x3,r9=0x0,r10=0xffffc9000000bc20,r11=0x3,r12=0xffffc9000000bc78,r13=0x0,r14=0xffffffff8183a9e0,r15=0x0
=> 0xffffffff8103f5e7 <desc_read_finalized_seq+16>:	xor    %r8d,%r8d
Regs: rax=0x0,rbx=0xffffc9000000bc28,rcx=0xffffc9000000bc28,rdx=0xffffc9000000bc28,rsi=0x0,rdi=0xffffffff8183a980,rbp=0x77,rsp=0xffffc9000000bbd0,r8=0x0,r9=0x0,r10=0xffffc9000000bc20,r11=0x3,r12=0xffffc9000000bc78,r13=0x0,r14=0xffffffff8183a9e0,r15=0x0
=> 0xffffffff8103f5ea <desc_read_finalized_seq+19>:	mov    %rsp,%rcx
Regs: rax=0x0,rbx=0xffffc9000000bc28,rcx=0xffffc9000000bbd0,rdx=0xffffc9000000bc28,rsi=0x0,rdi=0xffffffff8183a980,rbp=0x77,rsp=0xffffc9000000bbd0,r8=0x0,r9=0x0,r10=0xffffc9000000bc20,r11=0x3,r12=0xffffc9000000bc78,r13=0x0,r14=0xffffffff8183a9e0,r15=0x0
=> 0xffffffff8103f5ed <desc_read_finalized_seq+22>:	mov    %r9,(%rsp)
Regs: rax=0x0,rbx=0xffffc9000000bc28,rcx=0xffffc9000000bbd0,rdx=0xffffc9000000bc28,rsi=0x0,rdi=0xffffffff8183a980,rbp=0x77,rsp=0xffffc9000000bbd0,r8=0x0,r9=0x0,r10=0xffffc9000000bc20,r11=0x3,r12=0xffffc9000000bc78,r13=0x0,r14=0xffffffff8183a9e0,r15=0x0
=> 0xffffffff8103f5f1 <desc_read_finalized_seq+26>:	call   0xffffffff8103f532 <desc_read>
Regs: rax=0x0,rbx=0xffffc9000000bc28,rcx=0xffffc9000000bbd0,rdx=0xffffc9000000bc28,rsi=0x0,rdi=0xffffffff8183a980,rbp=0x77,rsp=0xffffc9000000bbc8,r8=0x0,r9=0x0,r10=0xffffc9000000bc20,r11=0x3,r12=0xffffc9000000bc78,r13=0x0,r14=0xffffffff8183a9e0,r15=0x0
=> 0xffffffff8103f532 <desc_read>:	movabs $0x3fffffffffffffff,%r11
Regs: rax=0x0,rbx=0xffffc9000000bc28,rcx=0xffffc9000000bbd0,rdx=0xffffc9000000bc28,rsi=0x0,rdi=0xffffffff8183a980,rbp=0x77,rsp=0xffffc9000000bbc8,r8=0x0,r9=0x0,r10=0xffffc9000000bc20,r11=0x3fffffffffffffff,r12=0xffffc9000000bc78,r13=0x0,r14=0xffffffff8183a9e0,r15=0x0
=> 0xffffffff8103f53c <desc_read+10>:	mov    %rcx,%r10
Regs: rax=0x0,rbx=0xffffc9000000bc28,rcx=0xffffc9000000bbd0,rdx=0xffffc9000000bc28,rsi=0x0,rdi=0xffffffff8183a980,rbp=0x77,rsp=0xffffc9000000bbc8,r8=0x0,r9=0x0,r10=0xffffc9000000bbd0,r11=0x3fffffffffffffff,r12=0xffffc9000000bc78,r13=0x0,r14=0xffffffff8183a9e0,r15=0x0
=> 0xffffffff8103f53f <desc_read+13>:	mov    %rdi,%r9
Regs: rax=0x0,rbx=0xffffc9000000bc28,rcx=0xffffc9000000bbd0,rdx=0xffffc9000000bc28,rsi=0x0,rdi=0xffffffff8183a980,rbp=0x77,rsp=0xffffc9000000bbc8,r8=0x0,r9=0xffffffff8183a980,r10=0xffffc9000000bbd0,r11=0x3fffffffffffffff,r12=0xffffc9000000bc78,r13=0x0,r14=0xffffffff8183a9e0,r15=0x0
=> 0xffffffff8103f542 <desc_read+16>:	call   0xffffffff8103f4aa <to_desc>
Regs: rax=0x0,rbx=0xffffc9000000bc28,rcx=0xffffc9000000bbd0,rdx=0xffffc9000000bc28,rsi=0x0,rdi=0xffffffff8183a980,rbp=0x77,rsp=0xffffc9000000bbc0,r8=0x0,r9=0xffffffff8183a980,r10=0xffffc9000000bbd0,r11=0x3fffffffffffffff,r12=0xffffc9000000bc78,r13=0x0,r14=0xffffffff8183a9e0,r15=0x0
=> 0xffffffff8103f4aa <to_desc>:	mov    (%rdi),%ecx
Regs: rax=0x0,rbx=0xffffc9000000bc28,rcx=0xc,rdx=0xffffc9000000bc28,rsi=0x0,rdi=0xffffffff8183a980,rbp=0x77,rsp=0xffffc9000000bbc0,r8=0x0,r9=0xffffffff8183a980,r10=0xffffc9000000bbd0,r11=0x3fffffffffffffff,r12=0xffffc9000000bc78,r13=0x0,r14=0xffffffff8183a9e0,r15=0x0
=> 0xffffffff8103f4ac <to_desc+2>:	mov    $0x1,%eax
Regs: rax=0x1,rbx=0xffffc9000000bc28,rcx=0xc,rdx=0xffffc9000000bc28,rsi=0x0,rdi=0xffffffff8183a980,rbp=0x77,rsp=0xffffc9000000bbc0,r8=0x0,r9=0xffffffff8183a980,r10=0xffffc9000000bbd0,r11=0x3fffffffffffffff,r12=0xffffc9000000bc78,r13=0x0,r14=0xffffffff8183a9e0,r15=0x0
=> 0xffffffff8103f4b1 <to_desc+7>:	shl    %cl,%eax
Regs: rax=0x1000,rbx=0xffffc9000000bc28,rcx=0xc,rdx=0xffffc9000000bc28,rsi=0x0,rdi=0xffffffff8183a980,rbp=0x77,rsp=0xffffc9000000bbc0,r8=0x0,r9=0xffffffff8183a980,r10=0xffffc9000000bbd0,r11=0x3fffffffffffffff,r12=0xffffc9000000bc78,r13=0x0,r14=0xffffffff8183a9e0,r15=0x0
=> 0xffffffff8103f4b3 <to_desc+9>:	dec    %eax
Regs: rax=0xfff,rbx=0xffffc9000000bc28,rcx=0xc,rdx=0xffffc9000000bc28,rsi=0x0,rdi=0xffffffff8183a980,rbp=0x77,rsp=0xffffc9000000bbc0,r8=0x0,r9=0xffffffff8183a980,r10=0xffffc9000000bbd0,r11=0x3fffffffffffffff,r12=0xffffc9000000bc78,r13=0x0,r14=0xffffffff8183a9e0,r15=0x0
=> 0xffffffff8103f4b5 <to_desc+11>:	and    %rsi,%rax
Regs: rax=0x0,rbx=0xffffc9000000bc28,rcx=0xc,rdx=0xffffc9000000bc28,rsi=0x0,rdi=0xffffffff8183a980,rbp=0x77,rsp=0xffffc9000000bbc0,r8=0x0,r9=0xffffffff8183a980,r10=0xffffc9000000bbd0,r11=0x3fffffffffffffff,r12=0xffffc9000000bc78,r13=0x0,r14=0xffffffff8183a9e0,r15=0x0
=> 0xffffffff8103f4b8 <to_desc+14>:	imul   $0x18,%rax,%rax
Regs: rax=0x0,rbx=0xffffc9000000bc28,rcx=0xc,rdx=0xffffc9000000bc28,rsi=0x0,rdi=0xffffffff8183a980,rbp=0x77,rsp=0xffffc9000000bbc0,r8=0x0,r9=0xffffffff8183a980,r10=0xffffc9000000bbd0,r11=0x3fffffffffffffff,r12=0xffffc9000000bc78,r13=0x0,r14=0xffffffff8183a9e0,r15=0x0
=> 0xffffffff8103f4bc <to_desc+18>:	add    0x8(%rdi),%rax
Regs: rax=0xffffffff818929e0,rbx=0xffffc9000000bc28,rcx=0xc,rdx=0xffffc9000000bc28,rsi=0x0,rdi=0xffffffff8183a980,rbp=0x77,rsp=0xffffc9000000bbc0,r8=0x0,r9=0xffffffff8183a980,r10=0xffffc9000000bbd0,r11=0x3fffffffffffffff,r12=0xffffc9000000bc78,r13=0x0,r14=0xffffffff8183a9e0,r15=0x0
=> 0xffffffff8103f4c0 <to_desc+22>:	ret    
Regs: rax=0xffffffff818929e0,rbx=0xffffc9000000bc28,rcx=0xc,rdx=0xffffc9000000bc28,rsi=0x0,rdi=0xffffffff8183a980,rbp=0x77,rsp=0xffffc9000000bbc8,r8=0x0,r9=0xffffffff8183a980,r10=0xffffc9000000bbd0,r11=0x3fffffffffffffff,r12=0xffffc9000000bc78,r13=0x0,r14=0xffffffff8183a9e0,r15=0x0
=> 0xffffffff8103f547 <desc_read+21>:	or     $0xffffffff,%edi
Regs: rax=0xffffffff818929e0,rbx=0xffffc9000000bc28,rcx=0xc,rdx=0xffffc9000000bc28,rsi=0x0,rdi=0xffffffff,rbp=0x77,rsp=0xffffc9000000bbc8,r8=0x0,r9=0xffffffff8183a980,r10=0xffffc9000000bbd0,r11=0x3fffffffffffffff,r12=0xffffc9000000bc78,r13=0x0,r14=0xffffffff8183a9e0,r15=0x0
=> 0xffffffff8103f54a <desc_read+24>:	mov    (%rax),%rcx
Regs: rax=0xffffffff818929e0,rbx=0xffffc9000000bc28,rcx=0x80000000fffff000,rdx=0xffffc9000000bc28,rsi=0x0,rdi=0xffffffff,rbp=0x77,rsp=0xffffc9000000bbc8,r8=0x0,r9=0xffffffff8183a980,r10=0xffffc9000000bbd0,r11=0x3fffffffffffffff,r12=0xffffc9000000bc78,r13=0x0,r14=0xffffffff8183a9e0,r15=0x0
=> 0xffffffff8103f54d <desc_read+27>:	and    %rcx,%r11
Regs: rax=0xffffffff818929e0,rbx=0xffffc9000000bc28,rcx=0x80000000fffff000,rdx=0xffffc9000000bc28,rsi=0x0,rdi=0xffffffff,rbp=0x77,rsp=0xffffc9000000bbc8,r8=0x0,r9=0xffffffff8183a980,r10=0xffffc9000000bbd0,r11=0xfffff000,r12=0xffffc9000000bc78,r13=0x0,r14=0xffffffff8183a9e0,r15=0x0
=> 0xffffffff8103f550 <desc_read+30>:	cmp    %r11,%rsi
Regs: rax=0xffffffff818929e0,rbx=0xffffc9000000bc28,rcx=0x80000000fffff000,rdx=0xffffc9000000bc28,rsi=0x0,rdi=0xffffffff,rbp=0x77,rsp=0xffffc9000000bbc8,r8=0x0,r9=0xffffffff8183a980,r10=0xffffc9000000bbd0,r11=0xfffff000,r12=0xffffc9000000bc78,r13=0x0,r14=0xffffffff8183a9e0,r15=0x0
=> 0xffffffff8103f553 <desc_read+33>:	jne    0xffffffff8103f5cc <desc_read+154>
Regs: rax=0xffffffff818929e0,rbx=0xffffc9000000bc28,rcx=0x80000000fffff000,rdx=0xffffc9000000bc28,rsi=0x0,rdi=0xffffffff,rbp=0x77,rsp=0xffffc9000000bbc8,r8=0x0,r9=0xffffffff8183a980,r10=0xffffc9000000bbd0,r11=0xfffff000,r12=0xffffc9000000bc78,r13=0x0,r14=0xffffffff8183a9e0,r15=0x0
=> 0xffffffff8103f5cc <desc_read+154>:	test   %rdx,%rdx
Regs: rax=0xffffffff818929e0,rbx=0xffffc9000000bc28,rcx=0x80000000fffff000,rdx=0xffffc9000000bc28,rsi=0x0,rdi=0xffffffff,rbp=0x77,rsp=0xffffc9000000bbc8,r8=0x0,r9=0xffffffff8183a980,r10=0xffffc9000000bbd0,r11=0xfffff000,r12=0xffffc9000000bc78,r13=0x0,r14=0xffffffff8183a9e0,r15=0x0
=> 0xffffffff8103f5cf <desc_read+157>:	je     0xffffffff8103f5d4 <desc_read+162>
Regs: rax=0xffffffff818929e0,rbx=0xffffc9000000bc28,rcx=0x80000000fffff000,rdx=0xffffc9000000bc28,rsi=0x0,rdi=0xffffffff,rbp=0x77,rsp=0xffffc9000000bbc8,r8=0x0,r9=0xffffffff8183a980,r10=0xffffc9000000bbd0,r11=0xfffff000,r12=0xffffc9000000bc78,r13=0x0,r14=0xffffffff8183a9e0,r15=0x0
=> 0xffffffff8103f5d1 <desc_read+159>:	mov    %rcx,(%rdx)
Regs: rax=0xffffffff818929e0,rbx=0xffffc9000000bc28,rcx=0x80000000fffff000,rdx=0xffffc9000000bc28,rsi=0x0,rdi=0xffffffff,rbp=0x77,rsp=0xffffc9000000bbc8,r8=0x0,r9=0xffffffff8183a980,r10=0xffffc9000000bbd0,r11=0xfffff000,r12=0xffffc9000000bc78,r13=0x0,r14=0xffffffff8183a9e0,r15=0x0
=> 0xffffffff8103f5d4 <desc_read+162>:	mov    %edi,%eax
Regs: rax=0xffffffff,rbx=0xffffc9000000bc28,rcx=0x80000000fffff000,rdx=0xffffc9000000bc28,rsi=0x0,rdi=0xffffffff,rbp=0x77,rsp=0xffffc9000000bbc8,r8=0x0,r9=0xffffffff8183a980,r10=0xffffc9000000bbd0,r11=0xfffff000,r12=0xffffc9000000bc78,r13=0x0,r14=0xffffffff8183a9e0,r15=0x0
=> 0xffffffff8103f5d6 <desc_read+164>:	ret    
Regs: rax=0xffffffff,rbx=0xffffc9000000bc28,rcx=0x80000000fffff000,rdx=0xffffc9000000bc28,rsi=0x0,rdi=0xffffffff,rbp=0x77,rsp=0xffffc9000000bbd0,r8=0x0,r9=0xffffffff8183a980,r10=0xffffc9000000bbd0,r11=0xfffff000,r12=0xffffc9000000bc78,r13=0x0,r14=0xffffffff8183a9e0,r15=0x0
=> 0xffffffff8103f5f6 <desc_read_finalized_seq+31>:	mov    %eax,%ecx
Regs: rax=0xffffffff,rbx=0xffffc9000000bc28,rcx=0xffffffff,rdx=0xffffc9000000bc28,rsi=0x0,rdi=0xffffffff,rbp=0x77,rsp=0xffffc9000000bbd0,r8=0x0,r9=0xffffffff8183a980,r10=0xffffc9000000bbd0,r11=0xfffff000,r12=0xffffc9000000bc78,r13=0x0,r14=0xffffffff8183a9e0,r15=0x0
=> 0xffffffff8103f5f8 <desc_read_finalized_seq+33>:	inc    %eax
Regs: rax=0x0,rbx=0xffffc9000000bc28,rcx=0xffffffff,rdx=0xffffc9000000bc28,rsi=0x0,rdi=0xffffffff,rbp=0x77,rsp=0xffffc9000000bbd0,r8=0x0,r9=0xffffffff8183a980,r10=0xffffc9000000bbd0,r11=0xfffff000,r12=0xffffc9000000bc78,r13=0x0,r14=0xffffffff8183a9e0,r15=0x0
=> 0xffffffff8103f5fa <desc_read_finalized_seq+35>:	cmp    $0x1,%eax
Regs: rax=0x0,rbx=0xffffc9000000bc28,rcx=0xffffffff,rdx=0xffffc9000000bc28,rsi=0x0,rdi=0xffffffff,rbp=0x77,rsp=0xffffc9000000bbd0,r8=0x0,r9=0xffffffff8183a980,r10=0xffffc9000000bbd0,r11=0xfffff000,r12=0xffffc9000000bc78,r13=0x0,r14=0xffffffff8183a9e0,r15=0x0
=> 0xffffffff8103f5fd <desc_read_finalized_seq+38>:	mov    $0xffffffea,%eax
Regs: rax=0xffffffea,rbx=0xffffc9000000bc28,rcx=0xffffffff,rdx=0xffffc9000000bc28,rsi=0x0,rdi=0xffffffff,rbp=0x77,rsp=0xffffc9000000bbd0,r8=0x0,r9=0xffffffff8183a980,r10=0xffffc9000000bbd0,r11=0xfffff000,r12=0xffffc9000000bc78,r13=0x0,r14=0xffffffff8183a9e0,r15=0x0
=> 0xffffffff8103f602 <desc_read_finalized_seq+43>:	jbe    0xffffffff8103f630 <desc_read_finalized_seq+89>
Regs: rax=0xffffffea,rbx=0xffffc9000000bc28,rcx=0xffffffff,rdx=0xffffc9000000bc28,rsi=0x0,rdi=0xffffffff,rbp=0x77,rsp=0xffffc9000000bbd0,r8=0x0,r9=0xffffffff8183a980,r10=0xffffc9000000bbd0,r11=0xfffff000,r12=0xffffc9000000bc78,r13=0x0,r14=0xffffffff8183a9e0,r15=0x0
=> 0xffffffff8103f630 <desc_read_finalized_seq+89>:	pop    %rdx
Regs: rax=0xffffffea,rbx=0xffffc9000000bc28,rcx=0xffffffff,rdx=0x0,rsi=0x0,rdi=0xffffffff,rbp=0x77,rsp=0xffffc9000000bbd8,r8=0x0,r9=0xffffffff8183a980,r10=0xffffc9000000bbd0,r11=0xfffff000,r12=0xffffc9000000bc78,r13=0x0,r14=0xffffffff8183a9e0,r15=0x0
=> 0xffffffff8103f631 <desc_read_finalized_seq+90>:	pop    %rbx
Regs: rax=0xffffffea,rbx=0xffffffff8183a980,rcx=0xffffffff,rdx=0x0,rsi=0x0,rdi=0xffffffff,rbp=0x77,rsp=0xffffc9000000bbe0,r8=0x0,r9=0xffffffff8183a980,r10=0xffffc9000000bbd0,r11=0xfffff000,r12=0xffffc9000000bc78,r13=0x0,r14=0xffffffff8183a9e0,r15=0x0
=> 0xffffffff8103f632 <desc_read_finalized_seq+91>:	pop    %rbp
Regs: rax=0xffffffea,rbx=0xffffffff8183a980,rcx=0xffffffff,rdx=0x0,rsi=0x0,rdi=0xffffffff,rbp=0xffffc9000000bc90,rsp=0xffffc9000000bbe8,r8=0x0,r9=0xffffffff8183a980,r10=0xffffc9000000bbd0,r11=0xfffff000,r12=0xffffc9000000bc78,r13=0x0,r14=0xffffffff8183a9e0,r15=0x0
=> 0xffffffff8103f633 <desc_read_finalized_seq+92>:	ret    
Regs: rax=0xffffffea,rbx=0xffffffff8183a980,rcx=0xffffffff,rdx=0x0,rsi=0x0,rdi=0xffffffff,rbp=0xffffc9000000bc90,rsp=0xffffc9000000bbf0,r8=0x0,r9=0xffffffff8183a980,r10=0xffffc9000000bbd0,r11=0xfffff000,r12=0xffffc9000000bc78,r13=0x0,r14=0xffffffff8183a9e0,r15=0x0
=> 0xffffffff8103f97c <_prb_read_valid+111>:	mov    %eax,%r15d
Regs: rax=0xffffffea,rbx=0xffffffff8183a980,rcx=0xffffffff,rdx=0x0,rsi=0x0,rdi=0xffffffff,rbp=0xffffc9000000bc90,rsp=0xffffc9000000bbf0,r8=0x0,r9=0xffffffff8183a980,r10=0xffffc9000000bbd0,r11=0xfffff000,r12=0xffffc9000000bc78,r13=0x0,r14=0xffffffff8183a9e0,r15=0xffffffea
=> 0xffffffff8103f97f <_prb_read_valid+114>:	test   %eax,%eax
Regs: rax=0xffffffea,rbx=0xffffffff8183a980,rcx=0xffffffff,rdx=0x0,rsi=0x0,rdi=0xffffffff,rbp=0xffffc9000000bc90,rsp=0xffffc9000000bbf0,r8=0x0,r9=0xffffffff8183a980,r10=0xffffc9000000bbd0,r11=0xfffff000,r12=0xffffc9000000bc78,r13=0x0,r14=0xffffffff8183a9e0,r15=0xffffffea
=> 0xffffffff8103f981 <_prb_read_valid+116>:	je     0xffffffff8103f9e3 <_prb_read_valid+214>
Regs: rax=0xffffffea,rbx=0xffffffff8183a980,rcx=0xffffffff,rdx=0x0,rsi=0x0,rdi=0xffffffff,rbp=0xffffc9000000bc90,rsp=0xffffc9000000bbf0,r8=0x0,r9=0xffffffff8183a980,r10=0xffffc9000000bbd0,r11=0xfffff000,r12=0xffffc9000000bc78,r13=0x0,r14=0xffffffff8183a9e0,r15=0xffffffea
=> 0xffffffff8103f983 <_prb_read_valid+118>:	lea    0x38(%rsp),%rdx
Regs: rax=0xffffffea,rbx=0xffffffff8183a980,rcx=0xffffffff,rdx=0xffffc9000000bc28,rsi=0x0,rdi=0xffffffff,rbp=0xffffc9000000bc90,rsp=0xffffc9000000bbf0,r8=0x0,r9=0xffffffff8183a980,r10=0xffffc9000000bbd0,r11=0xfffff000,r12=0xffffc9000000bc78,r13=0x0,r14=0xffffffff8183a9e0,r15=0xffffffea
=> 0xffffffff8103f988 <_prb_read_valid+123>:	mov    $0x6,%ecx
Regs: rax=0xffffffea,rbx=0xffffffff8183a980,rcx=0x6,rdx=0xffffc9000000bc28,rsi=0x0,rdi=0xffffffff,rbp=0xffffc9000000bc90,rsp=0xffffc9000000bbf0,r8=0x0,r9=0xffffffff8183a980,r10=0xffffc9000000bbd0,r11=0xfffff000,r12=0xffffc9000000bc78,r13=0x0,r14=0xffffffff8183a9e0,r15=0xffffffea
=> 0xffffffff8103f98d <_prb_read_valid+128>:	xor    %eax,%eax
Regs: rax=0x0,rbx=0xffffffff8183a980,rcx=0x6,rdx=0xffffc9000000bc28,rsi=0x0,rdi=0xffffffff,rbp=0xffffc9000000bc90,rsp=0xffffc9000000bbf0,r8=0x0,r9=0xffffffff8183a980,r10=0xffffc9000000bbd0,r11=0xfffff000,r12=0xffffc9000000bc78,r13=0x0,r14=0xffffffff8183a9e0,r15=0xffffffea
=> 0xffffffff8103f98f <_prb_read_valid+130>:	mov    %rdx,%rdi
Regs: rax=0x0,rbx=0xffffffff8183a980,rcx=0x6,rdx=0xffffc9000000bc28,rsi=0x0,rdi=0xffffc9000000bc28,rbp=0xffffc9000000bc90,rsp=0xffffc9000000bbf0,r8=0x0,r9=0xffffffff8183a980,r10=0xffffc9000000bbd0,r11=0xfffff000,r12=0xffffc9000000bc78,r13=0x0,r14=0xffffffff8183a9e0,r15=0xffffffea
=> 0xffffffff8103f992 <_prb_read_valid+133>:	xor    %edx,%edx
Regs: rax=0x0,rbx=0xffffffff8183a980,rcx=0x6,rdx=0x0,rsi=0x0,rdi=0xffffc9000000bc28,rbp=0xffffc9000000bc90,rsp=0xffffc9000000bbf0,r8=0x0,r9=0xffffffff8183a980,r10=0xffffc9000000bbd0,r11=0xfffff000,r12=0xffffc9000000bc78,r13=0x0,r14=0xffffffff8183a9e0,r15=0xffffffea
=> 0xffffffff8103f994 <_prb_read_valid+135>:	rep stos %eax,%es:(%rdi)
Regs: rax=0x0,rbx=0xffffffff8183a980,rcx=0x5,rdx=0x0,rsi=0x0,rdi=0xffffc9000000bc2c,rbp=0xffffc9000000bc90,rsp=0xffffc9000000bbf0,r8=0x0,r9=0xffffffff8183a980,r10=0xffffc9000000bbd0,r11=0xfffff000,r12=0xffffc9000000bc78,r13=0x0,r14=0xffffffff8183a9e0,r15=0xffffffea
=> 0xffffffff8103f994 <_prb_read_valid+135>:	rep stos %eax,%es:(%rdi)
Regs: rax=0x0,rbx=0xffffffff8183a980,rcx=0x4,rdx=0x0,rsi=0x0,rdi=0xffffc9000000bc30,rbp=0xffffc9000000bc90,rsp=0xffffc9000000bbf0,r8=0x0,r9=0xffffffff8183a980,r10=0xffffc9000000bbd0,r11=0xfffff000,r12=0xffffc9000000bc78,r13=0x0,r14=0xffffffff8183a9e0,r15=0xffffffea
=> 0xffffffff8103f994 <_prb_read_valid+135>:	rep stos %eax,%es:(%rdi)
Regs: rax=0x0,rbx=0xffffffff8183a980,rcx=0x3,rdx=0x0,rsi=0x0,rdi=0xffffc9000000bc34,rbp=0xffffc9000000bc90,rsp=0xffffc9000000bbf0,r8=0x0,r9=0xffffffff8183a980,r10=0xffffc9000000bbd0,r11=0xfffff000,r12=0xffffc9000000bc78,r13=0x0,r14=0xffffffff8183a9e0,r15=0xffffffea
=> 0xffffffff8103f994 <_prb_read_valid+135>:	rep stos %eax,%es:(%rdi)
Regs: rax=0x0,rbx=0xffffffff8183a980,rcx=0x2,rdx=0x0,rsi=0x0,rdi=0xffffc9000000bc38,rbp=0xffffc9000000bc90,rsp=0xffffc9000000bbf0,r8=0x0,r9=0xffffffff8183a980,r10=0xffffc9000000bbd0,r11=0xfffff000,r12=0xffffc9000000bc78,r13=0x0,r14=0xffffffff8183a9e0,r15=0xffffffea
=> 0xffffffff8103f994 <_prb_read_valid+135>:	rep stos %eax,%es:(%rdi)
Regs: rax=0x0,rbx=0xffffffff8183a980,rcx=0x1,rdx=0x0,rsi=0x0,rdi=0xffffc9000000bc3c,rbp=0xffffc9000000bc90,rsp=0xffffc9000000bbf0,r8=0x0,r9=0xffffffff8183a980,r10=0xffffc9000000bbd0,r11=0xfffff000,r12=0xffffc9000000bc78,r13=0x0,r14=0xffffffff8183a9e0,r15=0xffffffea
=> 0xffffffff8103f994 <_prb_read_valid+135>:	rep stos %eax,%es:(%rdi)
Regs: rax=0x0,rbx=0xffffffff8183a980,rcx=0x0,rdx=0x0,rsi=0x0,rdi=0xffffc9000000bc40,rbp=0xffffc9000000bc90,rsp=0xffffc9000000bbf0,r8=0x0,r9=0xffffffff8183a980,r10=0xffffc9000000bbd0,r11=0xfffff000,r12=0xffffc9000000bc78,r13=0x0,r14=0xffffffff8183a9e0,r15=0xffffffea
=> 0xffffffff8103f996 <_prb_read_valid+137>:	mov    %rdx,0x30(%rsp)
Regs: rax=0x0,rbx=0xffffffff8183a980,rcx=0x0,rdx=0x0,rsi=0x0,rdi=0xffffc9000000bc40,rbp=0xffffc9000000bc90,rsp=0xffffc9000000bbf0,r8=0x0,r9=0xffffffff8183a980,r10=0xffffc9000000bbd0,r11=0xfffff000,r12=0xffffc9000000bc78,r13=0x0,r14=0xffffffff8183a9e0,r15=0xffffffea
=> 0xffffffff8103f99b <_prb_read_valid+142>:	mov    0x20(%rbx),%rsi
Regs: rax=0x0,rbx=0xffffffff8183a980,rcx=0x0,rdx=0x0,rsi=0xffffefff,rdi=0xffffc9000000bc40,rbp=0xffffc9000000bc90,rsp=0xffffc9000000bbf0,r8=0x0,r9=0xffffffff8183a980,r10=0xffffc9000000bbd0,r11=0xfffff000,r12=0xffffc9000000bc78,r13=0x0,r14=0xffffffff8183a9e0,r15=0xffffffea
=> 0xffffffff8103f99f <_prb_read_valid+146>:	xor    %r8d,%r8d
Regs: rax=0x0,rbx=0xffffffff8183a980,rcx=0x0,rdx=0x0,rsi=0xffffefff,rdi=0xffffc9000000bc40,rbp=0xffffc9000000bc90,rsp=0xffffc9000000bbf0,r8=0x0,r9=0xffffffff8183a980,r10=0xffffc9000000bbd0,r11=0xfffff000,r12=0xffffc9000000bc78,r13=0x0,r14=0xffffffff8183a9e0,r15=0xffffffea
=> 0xffffffff8103f9a2 <_prb_read_valid+149>:	lea    0x30(%rsp),%rcx
Regs: rax=0x0,rbx=0xffffffff8183a980,rcx=0xffffc9000000bc20,rdx=0x0,rsi=0xffffefff,rdi=0xffffc9000000bc40,rbp=0xffffc9000000bc90,rsp=0xffffc9000000bbf0,r8=0x0,r9=0xffffffff8183a980,r10=0xffffc9000000bbd0,r11=0xfffff000,r12=0xffffc9000000bc78,r13=0x0,r14=0xffffffff8183a9e0,r15=0xffffffea
=> 0xffffffff8103f9a7 <_prb_read_valid+154>:	mov    %rbx,%rdi
Regs: rax=0x0,rbx=0xffffffff8183a980,rcx=0xffffc9000000bc20,rdx=0x0,rsi=0xffffefff,rdi=0xffffffff8183a980,rbp=0xffffc9000000bc90,rsp=0xffffc9000000bbf0,r8=0x0,r9=0xffffffff8183a980,r10=0xffffc9000000bbd0,r11=0xfffff000,r12=0xffffc9000000bc78,r13=0x0,r14=0xffffffff8183a9e0,r15=0xffffffea
=> 0xffffffff8103f9aa <_prb_read_valid+157>:	lea    0x38(%rsp),%rdx
Regs: rax=0x0,rbx=0xffffffff8183a980,rcx=0xffffc9000000bc20,rdx=0xffffc9000000bc28,rsi=0xffffefff,rdi=0xffffffff8183a980,rbp=0xffffc9000000bc90,rsp=0xffffc9000000bbf0,r8=0x0,r9=0xffffffff8183a980,r10=0xffffc9000000bbd0,r11=0xfffff000,r12=0xffffc9000000bc78,r13=0x0,r14=0xffffffff8183a9e0,r15=0xffffffea
=> 0xffffffff8103f9af <_prb_read_valid+162>:	call   0xffffffff8103f532 <desc_read>
Regs: rax=0x0,rbx=0xffffffff8183a980,rcx=0xffffc9000000bc20,rdx=0xffffc9000000bc28,rsi=0xffffefff,rdi=0xffffffff8183a980,rbp=0xffffc9000000bc90,rsp=0xffffc9000000bbe8,r8=0x0,r9=0xffffffff8183a980,r10=0xffffc9000000bbd0,r11=0xfffff000,r12=0xffffc9000000bc78,r13=0x0,r14=0xffffffff8183a9e0,r15=0xffffffea
=> 0xffffffff8103f532 <desc_read>:	movabs $0x3fffffffffffffff,%r11
Regs: rax=0x0,rbx=0xffffffff8183a980,rcx=0xffffc9000000bc20,rdx=0xffffc9000000bc28,rsi=0xffffefff,rdi=0xffffffff8183a980,rbp=0xffffc9000000bc90,rsp=0xffffc9000000bbe8,r8=0x0,r9=0xffffffff8183a980,r10=0xffffc9000000bbd0,r11=0x3fffffffffffffff,r12=0xffffc9000000bc78,r13=0x0,r14=0xffffffff8183a9e0,r15=0xffffffea
=> 0xffffffff8103f53c <desc_read+10>:	mov    %rcx,%r10
Regs: rax=0x0,rbx=0xffffffff8183a980,rcx=0xffffc9000000bc20,rdx=0xffffc9000000bc28,rsi=0xffffefff,rdi=0xffffffff8183a980,rbp=0xffffc9000000bc90,rsp=0xffffc9000000bbe8,r8=0x0,r9=0xffffffff8183a980,r10=0xffffc9000000bc20,r11=0x3fffffffffffffff,r12=0xffffc9000000bc78,r13=0x0,r14=0xffffffff8183a9e0,r15=0xffffffea
=> 0xffffffff8103f53f <desc_read+13>:	mov    %rdi,%r9
Regs: rax=0x0,rbx=0xffffffff8183a980,rcx=0xffffc9000000bc20,rdx=0xffffc9000000bc28,rsi=0xffffefff,rdi=0xffffffff8183a980,rbp=0xffffc9000000bc90,rsp=0xffffc9000000bbe8,r8=0x0,r9=0xffffffff8183a980,r10=0xffffc9000000bc20,r11=0x3fffffffffffffff,r12=0xffffc9000000bc78,r13=0x0,r14=0xffffffff8183a9e0,r15=0xffffffea
=> 0xffffffff8103f542 <desc_read+16>:	call   0xffffffff8103f4aa <to_desc>
Regs: rax=0x0,rbx=0xffffffff8183a980,rcx=0xffffc9000000bc20,rdx=0xffffc9000000bc28,rsi=0xffffefff,rdi=0xffffffff8183a980,rbp=0xffffc9000000bc90,rsp=0xffffc9000000bbe0,r8=0x0,r9=0xffffffff8183a980,r10=0xffffc9000000bc20,r11=0x3fffffffffffffff,r12=0xffffc9000000bc78,r13=0x0,r14=0xffffffff8183a9e0,r15=0xffffffea
=> 0xffffffff8103f4aa <to_desc>:	mov    (%rdi),%ecx
Regs: rax=0x0,rbx=0xffffffff8183a980,rcx=0xc,rdx=0xffffc9000000bc28,rsi=0xffffefff,rdi=0xffffffff8183a980,rbp=0xffffc9000000bc90,rsp=0xffffc9000000bbe0,r8=0x0,r9=0xffffffff8183a980,r10=0xffffc9000000bc20,r11=0x3fffffffffffffff,r12=0xffffc9000000bc78,r13=0x0,r14=0xffffffff8183a9e0,r15=0xffffffea
=> 0xffffffff8103f4ac <to_desc+2>:	mov    $0x1,%eax
Regs: rax=0x1,rbx=0xffffffff8183a980,rcx=0xc,rdx=0xffffc9000000bc28,rsi=0xffffefff,rdi=0xffffffff8183a980,rbp=0xffffc9000000bc90,rsp=0xffffc9000000bbe0,r8=0x0,r9=0xffffffff8183a980,r10=0xffffc9000000bc20,r11=0x3fffffffffffffff,r12=0xffffc9000000bc78,r13=0x0,r14=0xffffffff8183a9e0,r15=0xffffffea
=> 0xffffffff8103f4b1 <to_desc+7>:	shl    %cl,%eax
Regs: rax=0x1000,rbx=0xffffffff8183a980,rcx=0xc,rdx=0xffffc9000000bc28,rsi=0xffffefff,rdi=0xffffffff8183a980,rbp=0xffffc9000000bc90,rsp=0xffffc9000000bbe0,r8=0x0,r9=0xffffffff8183a980,r10=0xffffc9000000bc20,r11=0x3fffffffffffffff,r12=0xffffc9000000bc78,r13=0x0,r14=0xffffffff8183a9e0,r15=0xffffffea
=> 0xffffffff8103f4b3 <to_desc+9>:	dec    %eax
Regs: rax=0xfff,rbx=0xffffffff8183a980,rcx=0xc,rdx=0xffffc9000000bc28,rsi=0xffffefff,rdi=0xffffffff8183a980,rbp=0xffffc9000000bc90,rsp=0xffffc9000000bbe0,r8=0x0,r9=0xffffffff8183a980,r10=0xffffc9000000bc20,r11=0x3fffffffffffffff,r12=0xffffc9000000bc78,r13=0x0,r14=0xffffffff8183a9e0,r15=0xffffffea
=> 0xffffffff8103f4b5 <to_desc+11>:	and    %rsi,%rax
Regs: rax=0xfff,rbx=0xffffffff8183a980,rcx=0xc,rdx=0xffffc9000000bc28,rsi=0xffffefff,rdi=0xffffffff8183a980,rbp=0xffffc9000000bc90,rsp=0xffffc9000000bbe0,r8=0x0,r9=0xffffffff8183a980,r10=0xffffc9000000bc20,r11=0x3fffffffffffffff,r12=0xffffc9000000bc78,r13=0x0,r14=0xffffffff8183a9e0,r15=0xffffffea
=> 0xffffffff8103f4b8 <to_desc+14>:	imul   $0x18,%rax,%rax
Regs: rax=0x17fe8,rbx=0xffffffff8183a980,rcx=0xc,rdx=0xffffc9000000bc28,rsi=0xffffefff,rdi=0xffffffff8183a980,rbp=0xffffc9000000bc90,rsp=0xffffc9000000bbe0,r8=0x0,r9=0xffffffff8183a980,r10=0xffffc9000000bc20,r11=0x3fffffffffffffff,r12=0xffffc9000000bc78,r13=0x0,r14=0xffffffff8183a9e0,r15=0xffffffea
=> 0xffffffff8103f4bc <to_desc+18>:	add    0x8(%rdi),%rax
Regs: rax=0xffffffff818aa9c8,rbx=0xffffffff8183a980,rcx=0xc,rdx=0xffffc9000000bc28,rsi=0xffffefff,rdi=0xffffffff8183a980,rbp=0xffffc9000000bc90,rsp=0xffffc9000000bbe0,r8=0x0,r9=0xffffffff8183a980,r10=0xffffc9000000bc20,r11=0x3fffffffffffffff,r12=0xffffc9000000bc78,r13=0x0,r14=0xffffffff8183a9e0,r15=0xffffffea
=> 0xffffffff8103f4c0 <to_desc+22>:	ret    
Regs: rax=0xffffffff818aa9c8,rbx=0xffffffff8183a980,rcx=0xc,rdx=0xffffc9000000bc28,rsi=0xffffefff,rdi=0xffffffff8183a980,rbp=0xffffc9000000bc90,rsp=0xffffc9000000bbe8,r8=0x0,r9=0xffffffff8183a980,r10=0xffffc9000000bc20,r11=0x3fffffffffffffff,r12=0xffffc9000000bc78,r13=0x0,r14=0xffffffff8183a9e0,r15=0xffffffea
=> 0xffffffff8103f547 <desc_read+21>:	or     $0xffffffff,%edi
Regs: rax=0xffffffff818aa9c8,rbx=0xffffffff8183a980,rcx=0xc,rdx=0xffffc9000000bc28,rsi=0xffffefff,rdi=0xffffffff,rbp=0xffffc9000000bc90,rsp=0xffffc9000000bbe8,r8=0x0,r9=0xffffffff8183a980,r10=0xffffc9000000bc20,r11=0x3fffffffffffffff,r12=0xffffc9000000bc78,r13=0x0,r14=0xffffffff8183a9e0,r15=0xffffffea
=> 0xffffffff8103f54a <desc_read+24>:	mov    (%rax),%rcx
Regs: rax=0xffffffff818aa9c8,rbx=0xffffffff8183a980,rcx=0xc0000000ffffefff,rdx=0xffffc9000000bc28,rsi=0xffffefff,rdi=0xffffffff,rbp=0xffffc9000000bc90,rsp=0xffffc9000000bbe8,r8=0x0,r9=0xffffffff8183a980,r10=0xffffc9000000bc20,r11=0x3fffffffffffffff,r12=0xffffc9000000bc78,r13=0x0,r14=0xffffffff8183a9e0,r15=0xffffffea
=> 0xffffffff8103f54d <desc_read+27>:	and    %rcx,%r11
Regs: rax=0xffffffff818aa9c8,rbx=0xffffffff8183a980,rcx=0xc0000000ffffefff,rdx=0xffffc9000000bc28,rsi=0xffffefff,rdi=0xffffffff,rbp=0xffffc9000000bc90,rsp=0xffffc9000000bbe8,r8=0x0,r9=0xffffffff8183a980,r10=0xffffc9000000bc20,r11=0xffffefff,r12=0xffffc9000000bc78,r13=0x0,r14=0xffffffff8183a9e0,r15=0xffffffea
=> 0xffffffff8103f550 <desc_read+30>:	cmp    %r11,%rsi
Regs: rax=0xffffffff818aa9c8,rbx=0xffffffff8183a980,rcx=0xc0000000ffffefff,rdx=0xffffc9000000bc28,rsi=0xffffefff,rdi=0xffffffff,rbp=0xffffc9000000bc90,rsp=0xffffc9000000bbe8,r8=0x0,r9=0xffffffff8183a980,r10=0xffffc9000000bc20,r11=0xffffefff,r12=0xffffc9000000bc78,r13=0x0,r14=0xffffffff8183a9e0,r15=0xffffffea
=> 0xffffffff8103f553 <desc_read+33>:	jne    0xffffffff8103f5cc <desc_read+154>
Regs: rax=0xffffffff818aa9c8,rbx=0xffffffff8183a980,rcx=0xc0000000ffffefff,rdx=0xffffc9000000bc28,rsi=0xffffefff,rdi=0xffffffff,rbp=0xffffc9000000bc90,rsp=0xffffc9000000bbe8,r8=0x0,r9=0xffffffff8183a980,r10=0xffffc9000000bc20,r11=0xffffefff,r12=0xffffc9000000bc78,r13=0x0,r14=0xffffffff8183a9e0,r15=0xffffffea
=> 0xffffffff8103f555 <desc_read+35>:	mov    %rcx,%r11
Regs: rax=0xffffffff818aa9c8,rbx=0xffffffff8183a980,rcx=0xc0000000ffffefff,rdx=0xffffc9000000bc28,rsi=0xffffefff,rdi=0xffffffff,rbp=0xffffc9000000bc90,rsp=0xffffc9000000bbe8,r8=0x0,r9=0xffffffff8183a980,r10=0xffffc9000000bc20,r11=0xc0000000ffffefff,r12=0xffffc9000000bc78,r13=0x0,r14=0xffffffff8183a9e0,r15=0xffffffea
=> 0xffffffff8103f558 <desc_read+38>:	xor    %edi,%edi
Regs: rax=0xffffffff818aa9c8,rbx=0xffffffff8183a980,rcx=0xc0000000ffffefff,rdx=0xffffc9000000bc28,rsi=0xffffefff,rdi=0x0,rbp=0xffffc9000000bc90,rsp=0xffffc9000000bbe8,r8=0x0,r9=0xffffffff8183a980,r10=0xffffc9000000bc20,r11=0xc0000000ffffefff,r12=0xffffc9000000bc78,r13=0x0,r14=0xffffffff8183a9e0,r15=0xffffffea
=> 0xffffffff8103f55a <desc_read+40>:	shr    $0x3e,%r11
Regs: rax=0xffffffff818aa9c8,rbx=0xffffffff8183a980,rcx=0xc0000000ffffefff,rdx=0xffffc9000000bc28,rsi=0xffffefff,rdi=0x0,rbp=0xffffc9000000bc90,rsp=0xffffc9000000bbe8,r8=0x0,r9=0xffffffff8183a980,r10=0xffffc9000000bc20,r11=0x3,r12=0xffffc9000000bc78,r13=0x0,r14=0xffffffff8183a9e0,r15=0xffffffea
=> 0xffffffff8103f55e <desc_read+44>:	je     0xffffffff8103f5cc <desc_read+154>
Regs: rax=0xffffffff818aa9c8,rbx=0xffffffff8183a980,rcx=0xc0000000ffffefff,rdx=0xffffc9000000bc28,rsi=0xffffefff,rdi=0x0,rbp=0xffffc9000000bc90,rsp=0xffffc9000000bbe8,r8=0x0,r9=0xffffffff8183a980,r10=0xffffc9000000bc20,r11=0x3,r12=0xffffc9000000bc78,r13=0x0,r14=0xffffffff8183a9e0,r15=0xffffffea
=> 0xffffffff8103f560 <desc_read+46>:	mov    0x10(%r9),%rdi
Regs: rax=0xffffffff818aa9c8,rbx=0xffffffff8183a980,rcx=0xc0000000ffffefff,rdx=0xffffc9000000bc28,rsi=0xffffefff,rdi=0xffffffff8183a9e0,rbp=0xffffc9000000bc90,rsp=0xffffc9000000bbe8,r8=0x0,r9=0xffffffff8183a980,r10=0xffffc9000000bc20,r11=0x3,r12=0xffffc9000000bc78,r13=0x0,r14=0xffffffff8183a9e0,r15=0xffffffea
=> 0xffffffff8103f564 <desc_read+50>:	mov    (%r9),%ecx
Regs: rax=0xffffffff818aa9c8,rbx=0xffffffff8183a980,rcx=0xc,rdx=0xffffc9000000bc28,rsi=0xffffefff,rdi=0xffffffff8183a9e0,rbp=0xffffc9000000bc90,rsp=0xffffc9000000bbe8,r8=0x0,r9=0xffffffff8183a980,r10=0xffffc9000000bc20,r11=0x3,r12=0xffffc9000000bc78,r13=0x0,r14=0xffffffff8183a9e0,r15=0xffffffea
=> 0xffffffff8103f567 <desc_read+53>:	test   %rdx,%rdx
Regs: rax=0xffffffff818aa9c8,rbx=0xffffffff8183a980,rcx=0xc,rdx=0xffffc9000000bc28,rsi=0xffffefff,rdi=0xffffffff8183a9e0,rbp=0xffffc9000000bc90,rsp=0xffffc9000000bbe8,r8=0x0,r9=0xffffffff8183a980,r10=0xffffc9000000bc20,r11=0x3,r12=0xffffc9000000bc78,r13=0x0,r14=0xffffffff8183a9e0,r15=0xffffffea
=> 0xffffffff8103f56a <desc_read+56>:	je     0xffffffff8103f57c <desc_read+74>
Regs: rax=0xffffffff818aa9c8,rbx=0xffffffff8183a980,rcx=0xc,rdx=0xffffc9000000bc28,rsi=0xffffefff,rdi=0xffffffff8183a9e0,rbp=0xffffc9000000bc90,rsp=0xffffc9000000bbe8,r8=0x0,r9=0xffffffff8183a980,r10=0xffffc9000000bc20,r11=0x3,r12=0xffffc9000000bc78,r13=0x0,r14=0xffffffff8183a9e0,r15=0xffffffea
=> 0xffffffff8103f56c <desc_read+58>:	mov    0x8(%rax),%r9
Regs: rax=0xffffffff818aa9c8,rbx=0xffffffff8183a980,rcx=0xc,rdx=0xffffc9000000bc28,rsi=0xffffefff,rdi=0xffffffff8183a9e0,rbp=0xffffc9000000bc90,rsp=0xffffc9000000bbe8,r8=0x0,r9=0x1,r10=0xffffc9000000bc20,r11=0x3,r12=0xffffc9000000bc78,r13=0x0,r14=0xffffffff8183a9e0,r15=0xffffffea
=> 0xffffffff8103f570 <desc_read+62>:	mov    %r9,0x8(%rdx)
Regs: rax=0xffffffff818aa9c8,rbx=0xffffffff8183a980,rcx=0xc,rdx=0xffffc9000000bc28,rsi=0xffffefff,rdi=0xffffffff8183a9e0,rbp=0xffffc9000000bc90,rsp=0xffffc9000000bbe8,r8=0x0,r9=0x1,r10=0xffffc9000000bc20,r11=0x3,r12=0xffffc9000000bc78,r13=0x0,r14=0xffffffff8183a9e0,r15=0xffffffea
=> 0xffffffff8103f574 <desc_read+66>:	mov    0x10(%rax),%r9
Regs: rax=0xffffffff818aa9c8,rbx=0xffffffff8183a980,rcx=0xc,rdx=0xffffc9000000bc28,rsi=0xffffefff,rdi=0xffffffff8183a9e0,rbp=0xffffc9000000bc90,rsp=0xffffc9000000bbe8,r8=0x0,r9=0x1,r10=0xffffc9000000bc20,r11=0x3,r12=0xffffc9000000bc78,r13=0x0,r14=0xffffffff8183a9e0,r15=0xffffffea
=> 0xffffffff8103f578 <desc_read+70>:	mov    %r9,0x10(%rdx)
Regs: rax=0xffffffff818aa9c8,rbx=0xffffffff8183a980,rcx=0xc,rdx=0xffffc9000000bc28,rsi=0xffffefff,rdi=0xffffffff8183a9e0,rbp=0xffffc9000000bc90,rsp=0xffffc9000000bbe8,r8=0x0,r9=0x1,r10=0xffffc9000000bc20,r11=0x3,r12=0xffffc9000000bc78,r13=0x0,r14=0xffffffff8183a9e0,r15=0xffffffea
=> 0xffffffff8103f57c <desc_read+74>:	mov    $0x1,%r9d
Regs: rax=0xffffffff818aa9c8,rbx=0xffffffff8183a980,rcx=0xc,rdx=0xffffc9000000bc28,rsi=0xffffefff,rdi=0xffffffff8183a9e0,rbp=0xffffc9000000bc90,rsp=0xffffc9000000bbe8,r8=0x0,r9=0x1,r10=0xffffc9000000bc20,r11=0x3,r12=0xffffc9000000bc78,r13=0x0,r14=0xffffffff8183a9e0,r15=0xffffffea
=> 0xffffffff8103f582 <desc_read+80>:	shl    %cl,%r9d
Regs: rax=0xffffffff818aa9c8,rbx=0xffffffff8183a980,rcx=0xc,rdx=0xffffc9000000bc28,rsi=0xffffefff,rdi=0xffffffff8183a9e0,rbp=0xffffc9000000bc90,rsp=0xffffc9000000bbe8,r8=0x0,r9=0x1000,r10=0xffffc9000000bc20,r11=0x3,r12=0xffffc9000000bc78,r13=0x0,r14=0xffffffff8183a9e0,r15=0xffffffea
=> 0xffffffff8103f585 <desc_read+83>:	lea    -0x1(%r9),%ecx
Regs: rax=0xffffffff818aa9c8,rbx=0xffffffff8183a980,rcx=0xfff,rdx=0xffffc9000000bc28,rsi=0xffffefff,rdi=0xffffffff8183a9e0,rbp=0xffffc9000000bc90,rsp=0xffffc9000000bbe8,r8=0x0,r9=0x1000,r10=0xffffc9000000bc20,r11=0x3,r12=0xffffc9000000bc78,r13=0x0,r14=0xffffffff8183a9e0,r15=0xffffffea
=> 0xffffffff8103f589 <desc_read+87>:	and    %rsi,%rcx
Regs: rax=0xffffffff818aa9c8,rbx=0xffffffff8183a980,rcx=0xfff,rdx=0xffffc9000000bc28,rsi=0xffffefff,rdi=0xffffffff8183a9e0,rbp=0xffffc9000000bc90,rsp=0xffffc9000000bbe8,r8=0x0,r9=0x1000,r10=0xffffc9000000bc20,r11=0x3,r12=0xffffc9000000bc78,r13=0x0,r14=0xffffffff8183a9e0,r15=0xffffffea
=> 0xffffffff8103f58c <desc_read+90>:	imul   $0x58,%rcx,%rcx
Regs: rax=0xffffffff818aa9c8,rbx=0xffffffff8183a980,rcx=0x57fa8,rdx=0xffffc9000000bc28,rsi=0xffffefff,rdi=0xffffffff8183a9e0,rbp=0xffffc9000000bc90,rsp=0xffffc9000000bbe8,r8=0x0,r9=0x1000,r10=0xffffc9000000bc20,r11=0x3,r12=0xffffc9000000bc78,r13=0x0,r14=0xffffffff8183a9e0,r15=0xffffffea
=> 0xffffffff8103f590 <desc_read+94>:	add    %rdi,%rcx
Regs: rax=0xffffffff818aa9c8,rbx=0xffffffff8183a980,rcx=0xffffffff81892988,rdx=0xffffc9000000bc28,rsi=0xffffefff,rdi=0xffffffff8183a9e0,rbp=0xffffc9000000bc90,rsp=0xffffc9000000bbe8,r8=0x0,r9=0x1000,r10=0xffffc9000000bc20,r11=0x3,r12=0xffffc9000000bc78,r13=0x0,r14=0xffffffff8183a9e0,r15=0xffffffea
=> 0xffffffff8103f593 <desc_read+97>:	test   %r10,%r10
Regs: rax=0xffffffff818aa9c8,rbx=0xffffffff8183a980,rcx=0xffffffff81892988,rdx=0xffffc9000000bc28,rsi=0xffffefff,rdi=0xffffffff8183a9e0,rbp=0xffffc9000000bc90,rsp=0xffffc9000000bbe8,r8=0x0,r9=0x1000,r10=0xffffc9000000bc20,r11=0x3,r12=0xffffc9000000bc78,r13=0x0,r14=0xffffffff8183a9e0,r15=0xffffffea
=> 0xffffffff8103f596 <desc_read+100>:	je     0xffffffff8103f59e <desc_read+108>
Regs: rax=0xffffffff818aa9c8,rbx=0xffffffff8183a980,rcx=0xffffffff81892988,rdx=0xffffc9000000bc28,rsi=0xffffefff,rdi=0xffffffff8183a9e0,rbp=0xffffc9000000bc90,rsp=0xffffc9000000bbe8,r8=0x0,r9=0x1000,r10=0xffffc9000000bc20,r11=0x3,r12=0xffffc9000000bc78,r13=0x0,r14=0xffffffff8183a9e0,r15=0xffffffea
=> 0xffffffff8103f598 <desc_read+102>:	mov    (%rcx),%rdi
Regs: rax=0xffffffff818aa9c8,rbx=0xffffffff8183a980,rcx=0xffffffff81892988,rdx=0xffffc9000000bc28,rsi=0xffffefff,rdi=0x0,rbp=0xffffc9000000bc90,rsp=0xffffc9000000bbe8,r8=0x0,r9=0x1000,r10=0xffffc9000000bc20,r11=0x3,r12=0xffffc9000000bc78,r13=0x0,r14=0xffffffff8183a9e0,r15=0xffffffea
=> 0xffffffff8103f59b <desc_read+105>:	mov    %rdi,(%r10)
Regs: rax=0xffffffff818aa9c8,rbx=0xffffffff8183a980,rcx=0xffffffff81892988,rdx=0xffffc9000000bc28,rsi=0xffffefff,rdi=0x0,rbp=0xffffc9000000bc90,rsp=0xffffc9000000bbe8,r8=0x0,r9=0x1000,r10=0xffffc9000000bc20,r11=0x3,r12=0xffffc9000000bc78,r13=0x0,r14=0xffffffff8183a9e0,r15=0xffffffea
=> 0xffffffff8103f59e <desc_read+108>:	test   %r8,%r8
Regs: rax=0xffffffff818aa9c8,rbx=0xffffffff8183a980,rcx=0xffffffff81892988,rdx=0xffffc9000000bc28,rsi=0xffffefff,rdi=0x0,rbp=0xffffc9000000bc90,rsp=0xffffc9000000bbe8,r8=0x0,r9=0x1000,r10=0xffffc9000000bc20,r11=0x3,r12=0xffffc9000000bc78,r13=0x0,r14=0xffffffff8183a9e0,r15=0xffffffea
=> 0xffffffff8103f5a1 <desc_read+111>:	je     0xffffffff8103f5a9 <desc_read+119>
Regs: rax=0xffffffff818aa9c8,rbx=0xffffffff8183a980,rcx=0xffffffff81892988,rdx=0xffffc9000000bc28,rsi=0xffffefff,rdi=0x0,rbp=0xffffc9000000bc90,rsp=0xffffc9000000bbe8,r8=0x0,r9=0x1000,r10=0xffffc9000000bc20,r11=0x3,r12=0xffffc9000000bc78,r13=0x0,r14=0xffffffff8183a9e0,r15=0xffffffea
=> 0xffffffff8103f5a9 <desc_read+119>:	mov    (%rax),%rcx
Regs: rax=0xffffffff818aa9c8,rbx=0xffffffff8183a980,rcx=0xc0000000ffffefff,rdx=0xffffc9000000bc28,rsi=0xffffefff,rdi=0x0,rbp=0xffffc9000000bc90,rsp=0xffffc9000000bbe8,r8=0x0,r9=0x1000,r10=0xffffc9000000bc20,r11=0x3,r12=0xffffc9000000bc78,r13=0x0,r14=0xffffffff8183a9e0,r15=0xffffffea
=> 0xffffffff8103f5ac <desc_read+122>:	mov    $0xffffffff,%edi
Regs: rax=0xffffffff818aa9c8,rbx=0xffffffff8183a980,rcx=0xc0000000ffffefff,rdx=0xffffc9000000bc28,rsi=0xffffefff,rdi=0xffffffff,rbp=0xffffc9000000bc90,rsp=0xffffc9000000bbe8,r8=0x0,r9=0x1000,r10=0xffffc9000000bc20,r11=0x3,r12=0xffffc9000000bc78,r13=0x0,r14=0xffffffff8183a9e0,r15=0xffffffea
=> 0xffffffff8103f5b1 <desc_read+127>:	movabs $0x3fffffffffffffff,%rax
Regs: rax=0x3fffffffffffffff,rbx=0xffffffff8183a980,rcx=0xc0000000ffffefff,rdx=0xffffc9000000bc28,rsi=0xffffefff,rdi=0xffffffff,rbp=0xffffc9000000bc90,rsp=0xffffc9000000bbe8,r8=0x0,r9=0x1000,r10=0xffffc9000000bc20,r11=0x3,r12=0xffffc9000000bc78,r13=0x0,r14=0xffffffff8183a9e0,r15=0xffffffea
=> 0xffffffff8103f5bb <desc_read+137>:	and    %rcx,%rax
Regs: rax=0xffffefff,rbx=0xffffffff8183a980,rcx=0xc0000000ffffefff,rdx=0xffffc9000000bc28,rsi=0xffffefff,rdi=0xffffffff,rbp=0xffffc9000000bc90,rsp=0xffffc9000000bbe8,r8=0x0,r9=0x1000,r10=0xffffc9000000bc20,r11=0x3,r12=0xffffc9000000bc78,r13=0x0,r14=0xffffffff8183a9e0,r15=0xffffffea
=> 0xffffffff8103f5be <desc_read+140>:	mov    %rcx,%r8
Regs: rax=0xffffefff,rbx=0xffffffff8183a980,rcx=0xc0000000ffffefff,rdx=0xffffc9000000bc28,rsi=0xffffefff,rdi=0xffffffff,rbp=0xffffc9000000bc90,rsp=0xffffc9000000bbe8,r8=0xc0000000ffffefff,r9=0x1000,r10=0xffffc9000000bc20,r11=0x3,r12=0xffffc9000000bc78,r13=0x0,r14=0xffffffff8183a9e0,r15=0xffffffea
=> 0xffffffff8103f5c1 <desc_read+143>:	shr    $0x3e,%r8
Regs: rax=0xffffefff,rbx=0xffffffff8183a980,rcx=0xc0000000ffffefff,rdx=0xffffc9000000bc28,rsi=0xffffefff,rdi=0xffffffff,rbp=0xffffc9000000bc90,rsp=0xffffc9000000bbe8,r8=0x3,r9=0x1000,r10=0xffffc9000000bc20,r11=0x3,r12=0xffffc9000000bc78,r13=0x0,r14=0xffffffff8183a9e0,r15=0xffffffea
=> 0xffffffff8103f5c5 <desc_read+147>:	cmp    %rax,%rsi
Regs: rax=0xffffefff,rbx=0xffffffff8183a980,rcx=0xc0000000ffffefff,rdx=0xffffc9000000bc28,rsi=0xffffefff,rdi=0xffffffff,rbp=0xffffc9000000bc90,rsp=0xffffc9000000bbe8,r8=0x3,r9=0x1000,r10=0xffffc9000000bc20,r11=0x3,r12=0xffffc9000000bc78,r13=0x0,r14=0xffffffff8183a9e0,r15=0xffffffea
=> 0xffffffff8103f5c8 <desc_read+150>:	cmove  %r8d,%edi
Regs: rax=0xffffefff,rbx=0xffffffff8183a980,rcx=0xc0000000ffffefff,rdx=0xffffc9000000bc28,rsi=0xffffefff,rdi=0x3,rbp=0xffffc9000000bc90,rsp=0xffffc9000000bbe8,r8=0x3,r9=0x1000,r10=0xffffc9000000bc20,r11=0x3,r12=0xffffc9000000bc78,r13=0x0,r14=0xffffffff8183a9e0,r15=0xffffffea
=> 0xffffffff8103f5cc <desc_read+154>:	test   %rdx,%rdx
Regs: rax=0xffffefff,rbx=0xffffffff8183a980,rcx=0xc0000000ffffefff,rdx=0xffffc9000000bc28,rsi=0xffffefff,rdi=0x3,rbp=0xffffc9000000bc90,rsp=0xffffc9000000bbe8,r8=0x3,r9=0x1000,r10=0xffffc9000000bc20,r11=0x3,r12=0xffffc9000000bc78,r13=0x0,r14=0xffffffff8183a9e0,r15=0xffffffea
=> 0xffffffff8103f5cf <desc_read+157>:	je     0xffffffff8103f5d4 <desc_read+162>
Regs: rax=0xffffefff,rbx=0xffffffff8183a980,rcx=0xc0000000ffffefff,rdx=0xffffc9000000bc28,rsi=0xffffefff,rdi=0x3,rbp=0xffffc9000000bc90,rsp=0xffffc9000000bbe8,r8=0x3,r9=0x1000,r10=0xffffc9000000bc20,r11=0x3,r12=0xffffc9000000bc78,r13=0x0,r14=0xffffffff8183a9e0,r15=0xffffffea
=> 0xffffffff8103f5d1 <desc_read+159>:	mov    %rcx,(%rdx)
Regs: rax=0xffffefff,rbx=0xffffffff8183a980,rcx=0xc0000000ffffefff,rdx=0xffffc9000000bc28,rsi=0xffffefff,rdi=0x3,rbp=0xffffc9000000bc90,rsp=0xffffc9000000bbe8,r8=0x3,r9=0x1000,r10=0xffffc9000000bc20,r11=0x3,r12=0xffffc9000000bc78,r13=0x0,r14=0xffffffff8183a9e0,r15=0xffffffea
=> 0xffffffff8103f5d4 <desc_read+162>:	mov    %edi,%eax
Regs: rax=0x3,rbx=0xffffffff8183a980,rcx=0xc0000000ffffefff,rdx=0xffffc9000000bc28,rsi=0xffffefff,rdi=0x3,rbp=0xffffc9000000bc90,rsp=0xffffc9000000bbe8,r8=0x3,r9=0x1000,r10=0xffffc9000000bc20,r11=0x3,r12=0xffffc9000000bc78,r13=0x0,r14=0xffffffff8183a9e0,r15=0xffffffea
=> 0xffffffff8103f5d6 <desc_read+164>:	ret    
Regs: rax=0x3,rbx=0xffffffff8183a980,rcx=0xc0000000ffffefff,rdx=0xffffc9000000bc28,rsi=0xffffefff,rdi=0x3,rbp=0xffffc9000000bc90,rsp=0xffffc9000000bbf0,r8=0x3,r9=0x1000,r10=0xffffc9000000bc20,r11=0x3,r12=0xffffc9000000bc78,r13=0x0,r14=0xffffffff8183a9e0,r15=0xffffffea
=> 0xffffffff8103f9b4 <_prb_read_valid+167>:	sub    $0x2,%eax
Regs: rax=0x1,rbx=0xffffffff8183a980,rcx=0xc0000000ffffefff,rdx=0xffffc9000000bc28,rsi=0xffffefff,rdi=0x3,rbp=0xffffc9000000bc90,rsp=0xffffc9000000bbf0,r8=0x3,r9=0x1000,r10=0xffffc9000000bc20,r11=0x3,r12=0xffffc9000000bc78,r13=0x0,r14=0xffffffff8183a9e0,r15=0xffffffea
=> 0xffffffff8103f9b7 <_prb_read_valid+170>:	cmp    $0x1,%eax
Regs: rax=0x1,rbx=0xffffffff8183a980,rcx=0xc0000000ffffefff,rdx=0xffffc9000000bc28,rsi=0xffffefff,rdi=0x3,rbp=0xffffc9000000bc90,rsp=0xffffc9000000bbf0,r8=0x3,r9=0x1000,r10=0xffffc9000000bc20,r11=0x3,r12=0xffffc9000000bc78,r13=0x0,r14=0xffffffff8183a9e0,r15=0xffffffea
=> 0xffffffff8103f9ba <_prb_read_valid+173>:	jbe    0xffffffff8103f9be <_prb_read_valid+177>
Regs: rax=0x1,rbx=0xffffffff8183a980,rcx=0xc0000000ffffefff,rdx=0xffffc9000000bc28,rsi=0xffffefff,rdi=0x3,rbp=0xffffc9000000bc90,rsp=0xffffc9000000bbf0,r8=0x3,r9=0x1000,r10=0xffffc9000000bc20,r11=0x3,r12=0xffffc9000000bc78,r13=0x0,r14=0xffffffff8183a9e0,r15=0xffffffea
=> 0xffffffff8103f9be <_prb_read_valid+177>:	mov    0x30(%rsp),%rax
Regs: rax=0x0,rbx=0xffffffff8183a980,rcx=0xc0000000ffffefff,rdx=0xffffc9000000bc28,rsi=0xffffefff,rdi=0x3,rbp=0xffffc9000000bc90,rsp=0xffffc9000000bbf0,r8=0x3,r9=0x1000,r10=0xffffc9000000bc20,r11=0x3,r12=0xffffc9000000bc78,r13=0x0,r14=0xffffffff8183a9e0,r15=0xffffffea
=> 0xffffffff8103f9c3 <_prb_read_valid+182>:	mov    (%r12),%rdx
Regs: rax=0x0,rbx=0xffffffff8183a980,rcx=0xc0000000ffffefff,rdx=0x77,rsi=0xffffefff,rdi=0x3,rbp=0xffffc9000000bc90,rsp=0xffffc9000000bbf0,r8=0x3,r9=0x1000,r10=0xffffc9000000bc20,r11=0x3,r12=0xffffc9000000bc78,r13=0x0,r14=0xffffffff8183a9e0,r15=0xffffffea
=> 0xffffffff8103f9c7 <_prb_read_valid+186>:	cmp    %rax,%rdx
Regs: rax=0x0,rbx=0xffffffff8183a980,rcx=0xc0000000ffffefff,rdx=0x77,rsi=0xffffefff,rdi=0x3,rbp=0xffffc9000000bc90,rsp=0xffffc9000000bbf0,r8=0x3,r9=0x1000,r10=0xffffc9000000bc20,r11=0x3,r12=0xffffc9000000bc78,r13=0x0,r14=0xffffffff8183a9e0,r15=0xffffffea
=> 0xffffffff8103f9ca <_prb_read_valid+189>:	jb     0xffffffff8103f9da <_prb_read_valid+205>
Regs: rax=0x0,rbx=0xffffffff8183a980,rcx=0xc0000000ffffefff,rdx=0x77,rsi=0xffffefff,rdi=0x3,rbp=0xffffc9000000bc90,rsp=0xffffc9000000bbf0,r8=0x3,r9=0x1000,r10=0xffffc9000000bc20,r11=0x3,r12=0xffffc9000000bc78,r13=0x0,r14=0xffffffff8183a9e0,r15=0xffffffea
=> 0xffffffff8103f9cc <_prb_read_valid+191>:	cmp    $0xfffffffe,%r15d
Regs: rax=0x0,rbx=0xffffffff8183a980,rcx=0xc0000000ffffefff,rdx=0x77,rsi=0xffffefff,rdi=0x3,rbp=0xffffc9000000bc90,rsp=0xffffc9000000bbf0,r8=0x3,r9=0x1000,r10=0xffffc9000000bc20,r11=0x3,r12=0xffffc9000000bc78,r13=0x0,r14=0xffffffff8183a9e0,r15=0xffffffea
=> 0xffffffff8103f9d0 <_prb_read_valid+195>:	jne    0xffffffff8103fb1a <_prb_read_valid+525>
Regs: rax=0x0,rbx=0xffffffff8183a980,rcx=0xc0000000ffffefff,rdx=0x77,rsi=0xffffefff,rdi=0x3,rbp=0xffffc9000000bc90,rsp=0xffffc9000000bbf0,r8=0x3,r9=0x1000,r10=0xffffc9000000bc20,r11=0x3,r12=0xffffc9000000bc78,r13=0x0,r14=0xffffffff8183a9e0,r15=0xffffffea
=> 0xffffffff8103fb1a <_prb_read_valid+525>:	xor    %eax,%eax
Regs: rax=0x0,rbx=0xffffffff8183a980,rcx=0xc0000000ffffefff,rdx=0x77,rsi=0xffffefff,rdi=0x3,rbp=0xffffc9000000bc90,rsp=0xffffc9000000bbf0,r8=0x3,r9=0x1000,r10=0xffffc9000000bc20,r11=0x3,r12=0xffffc9000000bc78,r13=0x0,r14=0xffffffff8183a9e0,r15=0xffffffea
=> 0xffffffff8103fb1c <_prb_read_valid+527>:	add    $0x50,%rsp
Regs: rax=0x0,rbx=0xffffffff8183a980,rcx=0xc0000000ffffefff,rdx=0x77,rsi=0xffffefff,rdi=0x3,rbp=0xffffc9000000bc90,rsp=0xffffc9000000bc40,r8=0x3,r9=0x1000,r10=0xffffc9000000bc20,r11=0x3,r12=0xffffc9000000bc78,r13=0x0,r14=0xffffffff8183a9e0,r15=0xffffffea
=> 0xffffffff8103fb20 <_prb_read_valid+531>:	pop    %rbx
Regs: rax=0x0,rbx=0xffffffff818afda0,rcx=0xc0000000ffffefff,rdx=0x77,rsi=0xffffefff,rdi=0x3,rbp=0xffffc9000000bc90,rsp=0xffffc9000000bc48,r8=0x3,r9=0x1000,r10=0xffffc9000000bc20,r11=0x3,r12=0xffffc9000000bc78,r13=0x0,r14=0xffffffff8183a9e0,r15=0xffffffea
=> 0xffffffff8103fb21 <_prb_read_valid+532>:	pop    %rbp
Regs: rax=0x0,rbx=0xffffffff818afda0,rcx=0xc0000000ffffefff,rdx=0x77,rsi=0xffffefff,rdi=0x3,rbp=0xffffc9000000bc90,rsp=0xffffc9000000bc50,r8=0x3,r9=0x1000,r10=0xffffc9000000bc20,r11=0x3,r12=0xffffc9000000bc78,r13=0x0,r14=0xffffffff8183a9e0,r15=0xffffffea
=> 0xffffffff8103fb22 <_prb_read_valid+533>:	pop    %r12
Regs: rax=0x0,rbx=0xffffffff818afda0,rcx=0xc0000000ffffefff,rdx=0x77,rsi=0xffffefff,rdi=0x3,rbp=0xffffc9000000bc90,rsp=0xffffc9000000bc58,r8=0x3,r9=0x1000,r10=0xffffc9000000bc20,r11=0x3,r12=0x0,r13=0x0,r14=0xffffffff8183a9e0,r15=0xffffffea
=> 0xffffffff8103fb24 <_prb_read_valid+535>:	pop    %r13
Regs: rax=0x0,rbx=0xffffffff818afda0,rcx=0xc0000000ffffefff,rdx=0x77,rsi=0xffffefff,rdi=0x3,rbp=0xffffc9000000bc90,rsp=0xffffc9000000bc60,r8=0x3,r9=0x1000,r10=0xffffc9000000bc20,r11=0x3,r12=0x0,r13=0xffffc9000000bd47,r14=0xffffffff8183a9e0,r15=0xffffffea
=> 0xffffffff8103fb26 <_prb_read_valid+537>:	pop    %r14
Regs: rax=0x0,rbx=0xffffffff818afda0,rcx=0xc0000000ffffefff,rdx=0x77,rsi=0xffffefff,rdi=0x3,rbp=0xffffc9000000bc90,rsp=0xffffc9000000bc68,r8=0x3,r9=0x1000,r10=0xffffc9000000bc20,r11=0x3,r12=0x0,r13=0xffffc9000000bd47,r14=0xffffffff819423e0,r15=0xffffffea
=> 0xffffffff8103fb28 <_prb_read_valid+539>:	pop    %r15
Regs: rax=0x0,rbx=0xffffffff818afda0,rcx=0xc0000000ffffefff,rdx=0x77,rsi=0xffffefff,rdi=0x3,rbp=0xffffc9000000bc90,rsp=0xffffc9000000bc70,r8=0x3,r9=0x1000,r10=0xffffc9000000bc20,r11=0x3,r12=0x0,r13=0xffffc9000000bd47,r14=0xffffffff819423e0,r15=0x0
=> 0xffffffff8103fb2a <_prb_read_valid+541>:	ret    
Regs: rax=0x0,rbx=0xffffffff818afda0,rcx=0xc0000000ffffefff,rdx=0x77,rsi=0xffffefff,rdi=0x3,rbp=0xffffc9000000bc90,rsp=0xffffc9000000bc78,r8=0x3,r9=0x1000,r10=0xffffc9000000bc20,r11=0x3,r12=0x0,r13=0xffffc9000000bd47,r14=0xffffffff819423e0,r15=0x0
=> 0xffffffff8104017f <prb_read_valid+15>:	pop    %rdx
Regs: rax=0x0,rbx=0xffffffff818afda0,rcx=0xc0000000ffffefff,rdx=0x77,rsi=0xffffefff,rdi=0x3,rbp=0xffffc9000000bc90,rsp=0xffffc9000000bc80,r8=0x3,r9=0x1000,r10=0xffffc9000000bc20,r11=0x3,r12=0x0,r13=0xffffc9000000bd47,r14=0xffffffff819423e0,r15=0x0
=> 0xffffffff81040180 <prb_read_valid+16>:	ret    
Regs: rax=0x0,rbx=0xffffffff818afda0,rcx=0xc0000000ffffefff,rdx=0x77,rsi=0xffffefff,rdi=0x3,rbp=0xffffc9000000bc90,rsp=0xffffc9000000bc88,r8=0x3,r9=0x1000,r10=0xffffc9000000bc20,r11=0x3,r12=0x0,r13=0xffffc9000000bd47,r14=0xffffffff819423e0,r15=0x0
=> 0xffffffff8103e5d2 <console_emit_next_record+104>:	mov    %eax,%r15d
Regs: rax=0x0,rbx=0xffffffff818afda0,rcx=0xc0000000ffffefff,rdx=0x77,rsi=0xffffefff,rdi=0x3,rbp=0xffffc9000000bc90,rsp=0xffffc9000000bc88,r8=0x3,r9=0x1000,r10=0xffffc9000000bc20,r11=0x3,r12=0x0,r13=0xffffc9000000bd47,r14=0xffffffff819423e0,r15=0x0
=> 0xffffffff8103e5d5 <console_emit_next_record+107>:	test   %al,%al
Regs: rax=0x0,rbx=0xffffffff818afda0,rcx=0xc0000000ffffefff,rdx=0x77,rsi=0xffffefff,rdi=0x3,rbp=0xffffc9000000bc90,rsp=0xffffc9000000bc88,r8=0x3,r9=0x1000,r10=0xffffc9000000bc20,r11=0x3,r12=0x0,r13=0xffffc9000000bd47,r14=0xffffffff819423e0,r15=0x0
=> 0xffffffff8103e5d7 <console_emit_next_record+109>:	je     0xffffffff8103e754 <console_emit_next_record+490>
Regs: rax=0x0,rbx=0xffffffff818afda0,rcx=0xc0000000ffffefff,rdx=0x77,rsi=0xffffefff,rdi=0x3,rbp=0xffffc9000000bc90,rsp=0xffffc9000000bc88,r8=0x3,r9=0x1000,r10=0xffffc9000000bc20,r11=0x3,r12=0x0,r13=0xffffc9000000bd47,r14=0xffffffff819423e0,r15=0x0
=> 0xffffffff8103e754 <console_emit_next_record+490>:	add    $0x78,%rsp
Regs: rax=0x0,rbx=0xffffffff818afda0,rcx=0xc0000000ffffefff,rdx=0x77,rsi=0xffffefff,rdi=0x3,rbp=0xffffc9000000bc90,rsp=0xffffc9000000bd00,r8=0x3,r9=0x1000,r10=0xffffc9000000bc20,r11=0x3,r12=0x0,r13=0xffffc9000000bd47,r14=0xffffffff819423e0,r15=0x0
=> 0xffffffff8103e758 <console_emit_next_record+494>:	mov    %r15d,%eax
Regs: rax=0x0,rbx=0xffffffff818afda0,rcx=0xc0000000ffffefff,rdx=0x77,rsi=0xffffefff,rdi=0x3,rbp=0xffffc9000000bc90,rsp=0xffffc9000000bd00,r8=0x3,r9=0x1000,r10=0xffffc9000000bc20,r11=0x3,r12=0x0,r13=0xffffc9000000bd47,r14=0xffffffff819423e0,r15=0x0
=> 0xffffffff8103e75b <console_emit_next_record+497>:	pop    %rbx
Regs: rax=0x0,rbx=0xffffffff818afda0,rcx=0xc0000000ffffefff,rdx=0x77,rsi=0xffffefff,rdi=0x3,rbp=0xffffc9000000bc90,rsp=0xffffc9000000bd08,r8=0x3,r9=0x1000,r10=0xffffc9000000bc20,r11=0x3,r12=0x0,r13=0xffffc9000000bd47,r14=0xffffffff819423e0,r15=0x0
=> 0xffffffff8103e75c <console_emit_next_record+498>:	pop    %rbp
Regs: rax=0x0,rbx=0xffffffff818afda0,rcx=0xc0000000ffffefff,rdx=0x77,rsi=0xffffefff,rdi=0x3,rbp=0xffff888007b1d668,rsp=0xffffc9000000bd10,r8=0x3,r9=0x1000,r10=0xffffc9000000bc20,r11=0x3,r12=0x0,r13=0xffffc9000000bd47,r14=0xffffffff819423e0,r15=0x0
=> 0xffffffff8103e75d <console_emit_next_record+499>:	pop    %r12
Regs: rax=0x0,rbx=0xffffffff818afda0,rcx=0xc0000000ffffefff,rdx=0x77,rsi=0xffffefff,rdi=0x3,rbp=0xffff888007b1d668,rsp=0xffffc9000000bd18,r8=0x3,r9=0x1000,r10=0xffffc9000000bc20,r11=0x3,r12=0x0,r13=0xffffc9000000bd47,r14=0xffffffff819423e0,r15=0x0
=> 0xffffffff8103e75f <console_emit_next_record+501>:	pop    %r13
Regs: rax=0x0,rbx=0xffffffff818afda0,rcx=0xc0000000ffffefff,rdx=0x77,rsi=0xffffefff,rdi=0x3,rbp=0xffff888007b1d668,rsp=0xffffc9000000bd20,r8=0x3,r9=0x1000,r10=0xffffc9000000bc20,r11=0x3,r12=0x0,r13=0x0,r14=0xffffffff819423e0,r15=0x0
=> 0xffffffff8103e761 <console_emit_next_record+503>:	pop    %r14
Regs: rax=0x0,rbx=0xffffffff818afda0,rcx=0xc0000000ffffefff,rdx=0x77,rsi=0xffffefff,rdi=0x3,rbp=0xffff888007b1d668,rsp=0xffffc9000000bd28,r8=0x3,r9=0x1000,r10=0xffffc9000000bc20,r11=0x3,r12=0x0,r13=0x0,r14=0x0,r15=0x0
=> 0xffffffff8103e763 <console_emit_next_record+505>:	pop    %r15
Regs: rax=0x0,rbx=0xffffffff818afda0,rcx=0xc0000000ffffefff,rdx=0x77,rsi=0xffffefff,rdi=0x3,rbp=0xffff888007b1d668,rsp=0xffffc9000000bd30,r8=0x3,r9=0x1000,r10=0xffffc9000000bc20,r11=0x3,r12=0x0,r13=0x0,r14=0x0,r15=0x0
=> 0xffffffff8103e765 <console_emit_next_record+507>:	ret    
Regs: rax=0x0,rbx=0xffffffff818afda0,rcx=0xc0000000ffffefff,rdx=0x77,rsi=0xffffefff,rdi=0x3,rbp=0xffff888007b1d668,rsp=0xffffc9000000bd38,r8=0x3,r9=0x1000,r10=0xffffc9000000bc20,r11=0x3,r12=0x0,r13=0x0,r14=0x0,r15=0x0
=> 0xffffffff8103e875 <console_unlock+136>:	mov    0xf(%rsp),%r15b
Regs: rax=0x0,rbx=0xffffffff818afda0,rcx=0xc0000000ffffefff,rdx=0x77,rsi=0xffffefff,rdi=0x3,rbp=0xffff888007b1d668,rsp=0xffffc9000000bd38,r8=0x3,r9=0x1000,r10=0xffffc9000000bc20,r11=0x3,r12=0x0,r13=0x0,r14=0x0,r15=0x0
=> 0xffffffff8103e87a <console_unlock+141>:	mov    %eax,%ebp
Regs: rax=0x0,rbx=0xffffffff818afda0,rcx=0xc0000000ffffefff,rdx=0x77,rsi=0xffffefff,rdi=0x3,rbp=0x0,rsp=0xffffc9000000bd38,r8=0x3,r9=0x1000,r10=0xffffc9000000bc20,r11=0x3,r12=0x0,r13=0x0,r14=0x0,r15=0x0
=> 0xffffffff8103e87c <console_unlock+143>:	test   %r15b,%r15b
Regs: rax=0x0,rbx=0xffffffff818afda0,rcx=0xc0000000ffffefff,rdx=0x77,rsi=0xffffefff,rdi=0x3,rbp=0x0,rsp=0xffffc9000000bd38,r8=0x3,r9=0x1000,r10=0xffffc9000000bc20,r11=0x3,r12=0x0,r13=0x0,r14=0x0,r15=0x0
=> 0xffffffff8103e87f <console_unlock+146>:	jne    0xffffffff8103e92a <console_unlock+317>
Regs: rax=0x0,rbx=0xffffffff818afda0,rcx=0xc0000000ffffefff,rdx=0x77,rsi=0xffffefff,rdi=0x3,rbp=0x0,rsp=0xffffc9000000bd38,r8=0x3,r9=0x1000,r10=0xffffc9000000bc20,r11=0x3,r12=0x0,r13=0x0,r14=0x0,r15=0x0
=> 0xffffffff8103e885 <console_unlock+152>:	mov    0x58(%rbx),%rax
Regs: rax=0x77,rbx=0xffffffff818afda0,rcx=0xc0000000ffffefff,rdx=0x77,rsi=0xffffefff,rdi=0x3,rbp=0x0,rsp=0xffffc9000000bd38,r8=0x3,r9=0x1000,r10=0xffffc9000000bc20,r11=0x3,r12=0x0,r13=0x0,r14=0x0,r15=0x0
=> 0xffffffff8103e889 <console_unlock+156>:	cmp    %rax,%r12
Regs: rax=0x77,rbx=0xffffffff818afda0,rcx=0xc0000000ffffefff,rdx=0x77,rsi=0xffffefff,rdi=0x3,rbp=0x0,rsp=0xffffc9000000bd38,r8=0x3,r9=0x1000,r10=0xffffc9000000bc20,r11=0x3,r12=0x0,r13=0x0,r14=0x0,r15=0x0
=> 0xffffffff8103e88c <console_unlock+159>:	cmovb  %rax,%r12
Regs: rax=0x77,rbx=0xffffffff818afda0,rcx=0xc0000000ffffefff,rdx=0x77,rsi=0xffffefff,rdi=0x3,rbp=0x0,rsp=0xffffc9000000bd38,r8=0x3,r9=0x1000,r10=0xffffc9000000bc20,r11=0x3,r12=0x77,r13=0x0,r14=0x0,r15=0x0
=> 0xffffffff8103e890 <console_unlock+163>:	test   %bpl,%bpl
Regs: rax=0x77,rbx=0xffffffff818afda0,rcx=0xc0000000ffffefff,rdx=0x77,rsi=0xffffefff,rdi=0x3,rbp=0x0,rsp=0xffffc9000000bd38,r8=0x3,r9=0x1000,r10=0xffffc9000000bc20,r11=0x3,r12=0x77,r13=0x0,r14=0x0,r15=0x0
=> 0xffffffff8103e893 <console_unlock+166>:	je     0xffffffff8103e91e <console_unlock+305>
Regs: rax=0x77,rbx=0xffffffff818afda0,rcx=0xc0000000ffffefff,rdx=0x77,rsi=0xffffefff,rdi=0x3,rbp=0x0,rsp=0xffffc9000000bd38,r8=0x3,r9=0x1000,r10=0xffffc9000000bc20,r11=0x3,r12=0x77,r13=0x0,r14=0x0,r15=0x0
=> 0xffffffff8103e91e <console_unlock+305>:	mov    $0x1,%r15b
Regs: rax=0x77,rbx=0xffffffff818afda0,rcx=0xc0000000ffffefff,rdx=0x77,rsi=0xffffefff,rdi=0x3,rbp=0x0,rsp=0xffffc9000000bd38,r8=0x3,r9=0x1000,r10=0xffffc9000000bc20,r11=0x3,r12=0x77,r13=0x0,r14=0x0,r15=0x1
=> 0xffffffff8103e921 <console_unlock+308>:	mov    0x70(%rbx),%rbx
Regs: rax=0x77,rbx=0x0,rcx=0xc0000000ffffefff,rdx=0x77,rsi=0xffffefff,rdi=0x3,rbp=0x0,rsp=0xffffc9000000bd38,r8=0x3,r9=0x1000,r10=0xffffc9000000bc20,r11=0x3,r12=0x77,r13=0x0,r14=0x0,r15=0x1
=> 0xffffffff8103e925 <console_unlock+312>:	jmp    0xffffffff8103e83c <console_unlock+79>
Regs: rax=0x77,rbx=0x0,rcx=0xc0000000ffffefff,rdx=0x77,rsi=0xffffefff,rdi=0x3,rbp=0x0,rsp=0xffffc9000000bd38,r8=0x3,r9=0x1000,r10=0xffffc9000000bc20,r11=0x3,r12=0x77,r13=0x0,r14=0x0,r15=0x1
=> 0xffffffff8103e83c <console_unlock+79>:	test   %rbx,%rbx
Regs: rax=0x77,rbx=0x0,rcx=0xc0000000ffffefff,rdx=0x77,rsi=0xffffefff,rdi=0x3,rbp=0x0,rsp=0xffffc9000000bd38,r8=0x3,r9=0x1000,r10=0xffffc9000000bc20,r11=0x3,r12=0x77,r13=0x0,r14=0x0,r15=0x1
=> 0xffffffff8103e83f <console_unlock+82>:	je     0xffffffff8103e82d <console_unlock+64>
Regs: rax=0x77,rbx=0x0,rcx=0xc0000000ffffefff,rdx=0x77,rsi=0xffffefff,rdi=0x3,rbp=0x0,rsp=0xffffc9000000bd38,r8=0x3,r9=0x1000,r10=0xffffc9000000bc20,r11=0x3,r12=0x77,r13=0x0,r14=0x0,r15=0x1
=> 0xffffffff8103e82d <console_unlock+64>:	test   %r13b,%r13b
Regs: rax=0x77,rbx=0x0,rcx=0xc0000000ffffefff,rdx=0x77,rsi=0xffffefff,rdi=0x3,rbp=0x0,rsp=0xffffc9000000bd38,r8=0x3,r9=0x1000,r10=0xffffc9000000bc20,r11=0x3,r12=0x77,r13=0x0,r14=0x0,r15=0x1
=> 0xffffffff8103e830 <console_unlock+67>:	je     0xffffffff8103e8ad <console_unlock+192>
Regs: rax=0x77,rbx=0x0,rcx=0xc0000000ffffefff,rdx=0x77,rsi=0xffffefff,rdi=0x3,rbp=0x0,rsp=0xffffc9000000bd38,r8=0x3,r9=0x1000,r10=0xffffc9000000bc20,r11=0x3,r12=0x77,r13=0x0,r14=0x0,r15=0x1
=> 0xffffffff8103e8ad <console_unlock+192>:	cmpb   $0x0,0xf(%rsp)
Regs: rax=0x77,rbx=0x0,rcx=0xc0000000ffffefff,rdx=0x77,rsi=0xffffefff,rdi=0x3,rbp=0x0,rsp=0xffffc9000000bd38,r8=0x3,r9=0x1000,r10=0xffffc9000000bc20,r11=0x3,r12=0x77,r13=0x0,r14=0x0,r15=0x1
=> 0xffffffff8103e8b2 <console_unlock+197>:	jne    0xffffffff8103e8c1 <console_unlock+212>
Regs: rax=0x77,rbx=0x0,rcx=0xc0000000ffffefff,rdx=0x77,rsi=0xffffefff,rdi=0x3,rbp=0x0,rsp=0xffffc9000000bd38,r8=0x3,r9=0x1000,r10=0xffffc9000000bc20,r11=0x3,r12=0x77,r13=0x0,r14=0x0,r15=0x1
=> 0xffffffff8103e8b4 <console_unlock+199>:	xor    %ecx,%ecx
Regs: rax=0x77,rbx=0x0,rcx=0x0,rdx=0x77,rsi=0xffffefff,rdi=0x3,rbp=0x0,rsp=0xffffc9000000bd38,r8=0x3,r9=0x1000,r10=0xffffc9000000bc20,r11=0x3,r12=0x77,r13=0x0,r14=0x0,r15=0x1
=> 0xffffffff8103e8b6 <console_unlock+201>:	mov    %ecx,0x926128(%rip)        # 0xffffffff819649e4 <console_locked>
Regs: rax=0x77,rbx=0x0,rcx=0x0,rdx=0x77,rsi=0xffffefff,rdi=0x3,rbp=0x0,rsp=0xffffc9000000bd38,r8=0x3,r9=0x1000,r10=0xffffc9000000bc20,r11=0x3,r12=0x77,r13=0x0,r14=0x0,r15=0x1
=> 0xffffffff8103e8bc <console_unlock+207>:	call   0xffffffff8103d7bc <__up_console_sem>
Regs: rax=0x77,rbx=0x0,rcx=0x0,rdx=0x77,rsi=0xffffefff,rdi=0x3,rbp=0x0,rsp=0xffffc9000000bd30,r8=0x3,r9=0x1000,r10=0xffffc9000000bc20,r11=0x3,r12=0x77,r13=0x0,r14=0x0,r15=0x1
=> 0xffffffff8103d7bc <__up_console_sem>:	push   %rbx
Regs: rax=0x77,rbx=0x0,rcx=0x0,rdx=0x77,rsi=0xffffefff,rdi=0x3,rbp=0x0,rsp=0xffffc9000000bd28,r8=0x3,r9=0x1000,r10=0xffffc9000000bc20,r11=0x3,r12=0x77,r13=0x0,r14=0x0,r15=0x1
=> 0xffffffff8103d7bd <__up_console_sem+1>:	pushf  
Regs: rax=0x77,rbx=0x0,rcx=0x0,rdx=0x77,rsi=0xffffefff,rdi=0x3,rbp=0x0,rsp=0xffffc9000000bd20,r8=0x3,r9=0x1000,r10=0xffffc9000000bc20,r11=0x3,r12=0x77,r13=0x0,r14=0x0,r15=0x1
=> 0xffffffff8103d7be <__up_console_sem+2>:	pop    %rbx
Regs: rax=0x77,rbx=0x346,rcx=0x0,rdx=0x77,rsi=0xffffefff,rdi=0x3,rbp=0x0,rsp=0xffffc9000000bd28,r8=0x3,r9=0x1000,r10=0xffffc9000000bc20,r11=0x3,r12=0x77,r13=0x0,r14=0x0,r15=0x1
=> 0xffffffff8103d7bf <__up_console_sem+3>:	cli    
Regs: rax=0x77,rbx=0x346,rcx=0x0,rdx=0x77,rsi=0xffffefff,rdi=0x3,rbp=0x0,rsp=0xffffc9000000bd28,r8=0x3,r9=0x1000,r10=0xffffc9000000bc20,r11=0x3,r12=0x77,r13=0x0,r14=0x0,r15=0x1
=> 0xffffffff8103d7c0 <__up_console_sem+4>:	call   0xffffffff8103f45e <__printk_safe_enter>
Regs: rax=0x77,rbx=0x346,rcx=0x0,rdx=0x77,rsi=0xffffefff,rdi=0x3,rbp=0x0,rsp=0xffffc9000000bd20,r8=0x3,r9=0x1000,r10=0xffffc9000000bc20,r11=0x3,r12=0x77,r13=0x0,r14=0x0,r15=0x1
=> 0xffffffff8103f45e <__printk_safe_enter>:	incl   0x86b5fc(%rip)        # 0xffffffff818aaa60 <printk_context>
Regs: rax=0x77,rbx=0x346,rcx=0x0,rdx=0x77,rsi=0xffffefff,rdi=0x3,rbp=0x0,rsp=0xffffc9000000bd20,r8=0x3,r9=0x1000,r10=0xffffc9000000bc20,r11=0x3,r12=0x77,r13=0x0,r14=0x0,r15=0x1
=> 0xffffffff8103f464 <__printk_safe_enter+6>:	ret    
Regs: rax=0x77,rbx=0x346,rcx=0x0,rdx=0x77,rsi=0xffffefff,rdi=0x3,rbp=0x0,rsp=0xffffc9000000bd28,r8=0x3,r9=0x1000,r10=0xffffc9000000bc20,r11=0x3,r12=0x77,r13=0x0,r14=0x0,r15=0x1
=> 0xffffffff8103d7c5 <__up_console_sem+9>:	mov    $0xffffffff818aaa30,%rdi
Regs: rax=0x77,rbx=0x346,rcx=0x0,rdx=0x77,rsi=0xffffefff,rdi=0xffffffff818aaa30,rbp=0x0,rsp=0xffffc9000000bd28,r8=0x3,r9=0x1000,r10=0xffffc9000000bc20,r11=0x3,r12=0x77,r13=0x0,r14=0x0,r15=0x1
=> 0xffffffff8103d7cc <__up_console_sem+16>:	call   0xffffffff811205ba <up>
Regs: rax=0x77,rbx=0x346,rcx=0x0,rdx=0x77,rsi=0xffffefff,rdi=0xffffffff818aaa30,rbp=0x0,rsp=0xffffc9000000bd20,r8=0x3,r9=0x1000,r10=0xffffc9000000bc20,r11=0x3,r12=0x77,r13=0x0,r14=0x0,r15=0x1
=> 0xffffffff811205ba <up>:	push   %rbx
Regs: rax=0x77,rbx=0x346,rcx=0x0,rdx=0x77,rsi=0xffffefff,rdi=0xffffffff818aaa30,rbp=0x0,rsp=0xffffc9000000bd18,r8=0x3,r9=0x1000,r10=0xffffc9000000bc20,r11=0x3,r12=0x77,r13=0x0,r14=0x0,r15=0x1
=> 0xffffffff811205bb <up+1>:	pushf  
Regs: rax=0x77,rbx=0x346,rcx=0x0,rdx=0x77,rsi=0xffffefff,rdi=0xffffffff818aaa30,rbp=0x0,rsp=0xffffc9000000bd10,r8=0x3,r9=0x1000,r10=0xffffc9000000bc20,r11=0x3,r12=0x77,r13=0x0,r14=0x0,r15=0x1
=> 0xffffffff811205bc <up+2>:	pop    %rbx
Regs: rax=0x77,rbx=0x102,rcx=0x0,rdx=0x77,rsi=0xffffefff,rdi=0xffffffff818aaa30,rbp=0x0,rsp=0xffffc9000000bd18,r8=0x3,r9=0x1000,r10=0xffffc9000000bc20,r11=0x3,r12=0x77,r13=0x0,r14=0x0,r15=0x1
=> 0xffffffff811205bd <up+3>:	cli    
Regs: rax=0x77,rbx=0x102,rcx=0x0,rdx=0x77,rsi=0xffffefff,rdi=0xffffffff818aaa30,rbp=0x0,rsp=0xffffc9000000bd18,r8=0x3,r9=0x1000,r10=0xffffc9000000bc20,r11=0x3,r12=0x77,r13=0x0,r14=0x0,r15=0x1
=> 0xffffffff811205be <up+4>:	mov    0x8(%rdi),%rdx
Regs: rax=0x77,rbx=0x102,rcx=0x0,rdx=0xffffffff818aaa38,rsi=0xffffefff,rdi=0xffffffff818aaa30,rbp=0x0,rsp=0xffffc9000000bd18,r8=0x3,r9=0x1000,r10=0xffffc9000000bc20,r11=0x3,r12=0x77,r13=0x0,r14=0x0,r15=0x1
=> 0xffffffff811205c2 <up+8>:	lea    0x8(%rdi),%rax
Regs: rax=0xffffffff818aaa38,rbx=0x102,rcx=0x0,rdx=0xffffffff818aaa38,rsi=0xffffefff,rdi=0xffffffff818aaa30,rbp=0x0,rsp=0xffffc9000000bd18,r8=0x3,r9=0x1000,r10=0xffffc9000000bc20,r11=0x3,r12=0x77,r13=0x0,r14=0x0,r15=0x1
=> 0xffffffff811205c6 <up+12>:	cmp    %rax,%rdx
Regs: rax=0xffffffff818aaa38,rbx=0x102,rcx=0x0,rdx=0xffffffff818aaa38,rsi=0xffffefff,rdi=0xffffffff818aaa30,rbp=0x0,rsp=0xffffc9000000bd18,r8=0x3,r9=0x1000,r10=0xffffc9000000bc20,r11=0x3,r12=0x77,r13=0x0,r14=0x0,r15=0x1
=> 0xffffffff811205c9 <up+15>:	jne    0xffffffff811205cf <up+21>
Regs: rax=0xffffffff818aaa38,rbx=0x102,rcx=0x0,rdx=0xffffffff818aaa38,rsi=0xffffefff,rdi=0xffffffff818aaa30,rbp=0x0,rsp=0xffffc9000000bd18,r8=0x3,r9=0x1000,r10=0xffffc9000000bc20,r11=0x3,r12=0x77,r13=0x0,r14=0x0,r15=0x1
=> 0xffffffff811205cb <up+17>:	incl   (%rdi)
Regs: rax=0xffffffff818aaa38,rbx=0x102,rcx=0x0,rdx=0xffffffff818aaa38,rsi=0xffffefff,rdi=0xffffffff818aaa30,rbp=0x0,rsp=0xffffc9000000bd18,r8=0x3,r9=0x1000,r10=0xffffc9000000bc20,r11=0x3,r12=0x77,r13=0x0,r14=0x0,r15=0x1
=> 0xffffffff811205cd <up+19>:	jmp    0xffffffff811205d8 <up+30>
Regs: rax=0xffffffff818aaa38,rbx=0x102,rcx=0x0,rdx=0xffffffff818aaa38,rsi=0xffffefff,rdi=0xffffffff818aaa30,rbp=0x0,rsp=0xffffc9000000bd18,r8=0x3,r9=0x1000,r10=0xffffc9000000bc20,r11=0x3,r12=0x77,r13=0x0,r14=0x0,r15=0x1
=> 0xffffffff811205d8 <up+30>:	bt     $0x9,%ebx
Regs: rax=0xffffffff818aaa38,rbx=0x102,rcx=0x0,rdx=0xffffffff818aaa38,rsi=0xffffefff,rdi=0xffffffff818aaa30,rbp=0x0,rsp=0xffffc9000000bd18,r8=0x3,r9=0x1000,r10=0xffffc9000000bc20,r11=0x3,r12=0x77,r13=0x0,r14=0x0,r15=0x1
=> 0xffffffff811205dc <up+34>:	jae    0xffffffff811205df <up+37>
Regs: rax=0xffffffff818aaa38,rbx=0x102,rcx=0x0,rdx=0xffffffff818aaa38,rsi=0xffffefff,rdi=0xffffffff818aaa30,rbp=0x0,rsp=0xffffc9000000bd18,r8=0x3,r9=0x1000,r10=0xffffc9000000bc20,r11=0x3,r12=0x77,r13=0x0,r14=0x0,r15=0x1
=> 0xffffffff811205df <up+37>:	pop    %rbx
Regs: rax=0xffffffff818aaa38,rbx=0x346,rcx=0x0,rdx=0xffffffff818aaa38,rsi=0xffffefff,rdi=0xffffffff818aaa30,rbp=0x0,rsp=0xffffc9000000bd20,r8=0x3,r9=0x1000,r10=0xffffc9000000bc20,r11=0x3,r12=0x77,r13=0x0,r14=0x0,r15=0x1
=> 0xffffffff811205e0 <up+38>:	ret    
Regs: rax=0xffffffff818aaa38,rbx=0x346,rcx=0x0,rdx=0xffffffff818aaa38,rsi=0xffffefff,rdi=0xffffffff818aaa30,rbp=0x0,rsp=0xffffc9000000bd28,r8=0x3,r9=0x1000,r10=0xffffc9000000bc20,r11=0x3,r12=0x77,r13=0x0,r14=0x0,r15=0x1
=> 0xffffffff8103d7d1 <__up_console_sem+21>:	call   0xffffffff8103f465 <__printk_safe_exit>
Regs: rax=0xffffffff818aaa38,rbx=0x346,rcx=0x0,rdx=0xffffffff818aaa38,rsi=0xffffefff,rdi=0xffffffff818aaa30,rbp=0x0,rsp=0xffffc9000000bd20,r8=0x3,r9=0x1000,r10=0xffffc9000000bc20,r11=0x3,r12=0x77,r13=0x0,r14=0x0,r15=0x1
=> 0xffffffff8103f465 <__printk_safe_exit>:	decl   0x86b5f5(%rip)        # 0xffffffff818aaa60 <printk_context>
Regs: rax=0xffffffff818aaa38,rbx=0x346,rcx=0x0,rdx=0xffffffff818aaa38,rsi=0xffffefff,rdi=0xffffffff818aaa30,rbp=0x0,rsp=0xffffc9000000bd20,r8=0x3,r9=0x1000,r10=0xffffc9000000bc20,r11=0x3,r12=0x77,r13=0x0,r14=0x0,r15=0x1
=> 0xffffffff8103f46b <__printk_safe_exit+6>:	ret    
Regs: rax=0xffffffff818aaa38,rbx=0x346,rcx=0x0,rdx=0xffffffff818aaa38,rsi=0xffffefff,rdi=0xffffffff818aaa30,rbp=0x0,rsp=0xffffc9000000bd28,r8=0x3,r9=0x1000,r10=0xffffc9000000bc20,r11=0x3,r12=0x77,r13=0x0,r14=0x0,r15=0x1
=> 0xffffffff8103d7d6 <__up_console_sem+26>:	bt     $0x9,%ebx
Regs: rax=0xffffffff818aaa38,rbx=0x346,rcx=0x0,rdx=0xffffffff818aaa38,rsi=0xffffefff,rdi=0xffffffff818aaa30,rbp=0x0,rsp=0xffffc9000000bd28,r8=0x3,r9=0x1000,r10=0xffffc9000000bc20,r11=0x3,r12=0x77,r13=0x0,r14=0x0,r15=0x1
=> 0xffffffff8103d7da <__up_console_sem+30>:	jae    0xffffffff8103d7dd <__up_console_sem+33>
Regs: rax=0xffffffff818aaa38,rbx=0x346,rcx=0x0,rdx=0xffffffff818aaa38,rsi=0xffffefff,rdi=0xffffffff818aaa30,rbp=0x0,rsp=0xffffc9000000bd28,r8=0x3,r9=0x1000,r10=0xffffc9000000bc20,r11=0x3,r12=0x77,r13=0x0,r14=0x0,r15=0x1
=> 0xffffffff8103d7dc <__up_console_sem+32>:	sti    
Regs: rax=0xffffffff818aaa38,rbx=0x346,rcx=0x0,rdx=0xffffffff818aaa38,rsi=0xffffefff,rdi=0xffffffff818aaa30,rbp=0x0,rsp=0xffffc9000000bd28,r8=0x3,r9=0x1000,r10=0xffffc9000000bc20,r11=0x3,r12=0x77,r13=0x0,r14=0x0,r15=0x1
=> 0xffffffff8103d7dd <__up_console_sem+33>:	pop    %rbx
Regs: rax=0xffffffff818aaa38,rbx=0x0,rcx=0x0,rdx=0xffffffff818aaa38,rsi=0xffffefff,rdi=0xffffffff818aaa30,rbp=0x0,rsp=0xffffc9000000bd30,r8=0x3,r9=0x1000,r10=0xffffc9000000bc20,r11=0x3,r12=0x77,r13=0x0,r14=0x0,r15=0x1
=> 0xffffffff8103d7de <__up_console_sem+34>:	ret    
Regs: rax=0xffffffff818aaa38,rbx=0x0,rcx=0x0,rdx=0xffffffff818aaa38,rsi=0xffffefff,rdi=0xffffffff818aaa30,rbp=0x0,rsp=0xffffc9000000bd38,r8=0x3,r9=0x1000,r10=0xffffc9000000bc20,r11=0x3,r12=0x77,r13=0x0,r14=0x0,r15=0x1
=> 0xffffffff8103e8c1 <console_unlock+212>:	test   %r15b,%r15b
Regs: rax=0xffffffff818aaa38,rbx=0x0,rcx=0x0,rdx=0xffffffff818aaa38,rsi=0xffffefff,rdi=0xffffffff818aaa30,rbp=0x0,rsp=0xffffc9000000bd38,r8=0x3,r9=0x1000,r10=0xffffc9000000bc20,r11=0x3,r12=0x77,r13=0x0,r14=0x0,r15=0x1
=> 0xffffffff8103e8c4 <console_unlock+215>:	je     0xffffffff8103e932 <console_unlock+325>
Regs: rax=0xffffffff818aaa38,rbx=0x0,rcx=0x0,rdx=0xffffffff818aaa38,rsi=0xffffefff,rdi=0xffffffff818aaa30,rbp=0x0,rsp=0xffffc9000000bd38,r8=0x3,r9=0x1000,r10=0xffffc9000000bc20,r11=0x3,r12=0x77,r13=0x0,r14=0x0,r15=0x1
=> 0xffffffff8103e8c6 <console_unlock+217>:	mov    0x7fc09b(%rip),%rdi        # 0xffffffff8183a968 <prb>
Regs: rax=0xffffffff818aaa38,rbx=0x0,rcx=0x0,rdx=0xffffffff818aaa38,rsi=0xffffefff,rdi=0xffffffff8183a980,rbp=0x0,rsp=0xffffc9000000bd38,r8=0x3,r9=0x1000,r10=0xffffc9000000bc20,r11=0x3,r12=0x77,r13=0x0,r14=0x0,r15=0x1
=> 0xffffffff8103e8cd <console_unlock+224>:	xor    %edx,%edx
Regs: rax=0xffffffff818aaa38,rbx=0x0,rcx=0x0,rdx=0x0,rsi=0xffffefff,rdi=0xffffffff8183a980,rbp=0x0,rsp=0xffffc9000000bd38,r8=0x3,r9=0x1000,r10=0xffffc9000000bc20,r11=0x3,r12=0x77,r13=0x0,r14=0x0,r15=0x1
=> 0xffffffff8103e8cf <console_unlock+226>:	mov    %r12,%rsi
Regs: rax=0xffffffff818aaa38,rbx=0x0,rcx=0x0,rdx=0x0,rsi=0x77,rdi=0xffffffff8183a980,rbp=0x0,rsp=0xffffc9000000bd38,r8=0x3,r9=0x1000,r10=0xffffc9000000bc20,r11=0x3,r12=0x77,r13=0x0,r14=0x0,r15=0x1
=> 0xffffffff8103e8d2 <console_unlock+229>:	call   0xffffffff81040170 <prb_read_valid>
Regs: rax=0xffffffff818aaa38,rbx=0x0,rcx=0x0,rdx=0x0,rsi=0x77,rdi=0xffffffff8183a980,rbp=0x0,rsp=0xffffc9000000bd30,r8=0x3,r9=0x1000,r10=0xffffc9000000bc20,r11=0x3,r12=0x77,r13=0x0,r14=0x0,r15=0x1
=> 0xffffffff81040170 <prb_read_valid>:	push   %rax
Regs: rax=0xffffffff818aaa38,rbx=0x0,rcx=0x0,rdx=0x0,rsi=0x77,rdi=0xffffffff8183a980,rbp=0x0,rsp=0xffffc9000000bd28,r8=0x3,r9=0x1000,r10=0xffffc9000000bc20,r11=0x3,r12=0x77,r13=0x0,r14=0x0,r15=0x1
=> 0xffffffff81040171 <prb_read_valid+1>:	xor    %ecx,%ecx
Regs: rax=0xffffffff818aaa38,rbx=0x0,rcx=0x0,rdx=0x0,rsi=0x77,rdi=0xffffffff8183a980,rbp=0x0,rsp=0xffffc9000000bd28,r8=0x3,r9=0x1000,r10=0xffffc9000000bc20,r11=0x3,r12=0x77,r13=0x0,r14=0x0,r15=0x1
=> 0xffffffff81040173 <prb_read_valid+3>:	mov    %rsi,(%rsp)
Regs: rax=0xffffffff818aaa38,rbx=0x0,rcx=0x0,rdx=0x0,rsi=0x77,rdi=0xffffffff8183a980,rbp=0x0,rsp=0xffffc9000000bd28,r8=0x3,r9=0x1000,r10=0xffffc9000000bc20,r11=0x3,r12=0x77,r13=0x0,r14=0x0,r15=0x1
=> 0xffffffff81040177 <prb_read_valid+7>:	mov    %rsp,%rsi
Regs: rax=0xffffffff818aaa38,rbx=0x0,rcx=0x0,rdx=0x0,rsi=0xffffc9000000bd28,rdi=0xffffffff8183a980,rbp=0x0,rsp=0xffffc9000000bd28,r8=0x3,r9=0x1000,r10=0xffffc9000000bc20,r11=0x3,r12=0x77,r13=0x0,r14=0x0,r15=0x1
=> 0xffffffff8104017a <prb_read_valid+10>:	call   0xffffffff8103f90d <_prb_read_valid>
Regs: rax=0xffffffff818aaa38,rbx=0x0,rcx=0x0,rdx=0x0,rsi=0xffffc9000000bd28,rdi=0xffffffff8183a980,rbp=0x0,rsp=0xffffc9000000bd20,r8=0x3,r9=0x1000,r10=0xffffc9000000bc20,r11=0x3,r12=0x77,r13=0x0,r14=0x0,r15=0x1
=> 0xffffffff8103f90d <_prb_read_valid>:	push   %r15
Regs: rax=0xffffffff818aaa38,rbx=0x0,rcx=0x0,rdx=0x0,rsi=0xffffc9000000bd28,rdi=0xffffffff8183a980,rbp=0x0,rsp=0xffffc9000000bd18,r8=0x3,r9=0x1000,r10=0xffffc9000000bc20,r11=0x3,r12=0x77,r13=0x0,r14=0x0,r15=0x1
=> 0xffffffff8103f90f <_prb_read_valid+2>:	push   %r14
Regs: rax=0xffffffff818aaa38,rbx=0x0,rcx=0x0,rdx=0x0,rsi=0xffffc9000000bd28,rdi=0xffffffff8183a980,rbp=0x0,rsp=0xffffc9000000bd10,r8=0x3,r9=0x1000,r10=0xffffc9000000bc20,r11=0x3,r12=0x77,r13=0x0,r14=0x0,r15=0x1
=> 0xffffffff8103f911 <_prb_read_valid+4>:	push   %r13
Regs: rax=0xffffffff818aaa38,rbx=0x0,rcx=0x0,rdx=0x0,rsi=0xffffc9000000bd28,rdi=0xffffffff8183a980,rbp=0x0,rsp=0xffffc9000000bd08,r8=0x3,r9=0x1000,r10=0xffffc9000000bc20,r11=0x3,r12=0x77,r13=0x0,r14=0x0,r15=0x1
=> 0xffffffff8103f913 <_prb_read_valid+6>:	mov    %rcx,%r13
Regs: rax=0xffffffff818aaa38,rbx=0x0,rcx=0x0,rdx=0x0,rsi=0xffffc9000000bd28,rdi=0xffffffff8183a980,rbp=0x0,rsp=0xffffc9000000bd08,r8=0x3,r9=0x1000,r10=0xffffc9000000bc20,r11=0x3,r12=0x77,r13=0x0,r14=0x0,r15=0x1
=> 0xffffffff8103f916 <_prb_read_valid+9>:	push   %r12
Regs: rax=0xffffffff818aaa38,rbx=0x0,rcx=0x0,rdx=0x0,rsi=0xffffc9000000bd28,rdi=0xffffffff8183a980,rbp=0x0,rsp=0xffffc9000000bd00,r8=0x3,r9=0x1000,r10=0xffffc9000000bc20,r11=0x3,r12=0x77,r13=0x0,r14=0x0,r15=0x1
=> 0xffffffff8103f918 <_prb_read_valid+11>:	mov    %rsi,%r12
Regs: rax=0xffffffff818aaa38,rbx=0x0,rcx=0x0,rdx=0x0,rsi=0xffffc9000000bd28,rdi=0xffffffff8183a980,rbp=0x0,rsp=0xffffc9000000bd00,r8=0x3,r9=0x1000,r10=0xffffc9000000bc20,r11=0x3,r12=0xffffc9000000bd28,r13=0x0,r14=0x0,r15=0x1
=> 0xffffffff8103f91b <_prb_read_valid+14>:	push   %rbp
Regs: rax=0xffffffff818aaa38,rbx=0x0,rcx=0x0,rdx=0x0,rsi=0xffffc9000000bd28,rdi=0xffffffff8183a980,rbp=0x0,rsp=0xffffc9000000bcf8,r8=0x3,r9=0x1000,r10=0xffffc9000000bc20,r11=0x3,r12=0xffffc9000000bd28,r13=0x0,r14=0x0,r15=0x1
=> 0xffffffff8103f91c <_prb_read_valid+15>:	mov    %rdx,%rbp
Regs: rax=0xffffffff818aaa38,rbx=0x0,rcx=0x0,rdx=0x0,rsi=0xffffc9000000bd28,rdi=0xffffffff8183a980,rbp=0x0,rsp=0xffffc9000000bcf8,r8=0x3,r9=0x1000,r10=0xffffc9000000bc20,r11=0x3,r12=0xffffc9000000bd28,r13=0x0,r14=0x0,r15=0x1
=> 0xffffffff8103f91f <_prb_read_valid+18>:	push   %rbx
Regs: rax=0xffffffff818aaa38,rbx=0x0,rcx=0x0,rdx=0x0,rsi=0xffffc9000000bd28,rdi=0xffffffff8183a980,rbp=0x0,rsp=0xffffc9000000bcf0,r8=0x3,r9=0x1000,r10=0xffffc9000000bc20,r11=0x3,r12=0xffffc9000000bd28,r13=0x0,r14=0x0,r15=0x1
=> 0xffffffff8103f920 <_prb_read_valid+19>:	mov    %rdi,%rbx
Regs: rax=0xffffffff818aaa38,rbx=0xffffffff8183a980,rcx=0x0,rdx=0x0,rsi=0xffffc9000000bd28,rdi=0xffffffff8183a980,rbp=0x0,rsp=0xffffc9000000bcf0,r8=0x3,r9=0x1000,r10=0xffffc9000000bc20,r11=0x3,r12=0xffffc9000000bd28,r13=0x0,r14=0x0,r15=0x1
=> 0xffffffff8103f923 <_prb_read_valid+22>:	sub    $0x50,%rsp
Regs: rax=0xffffffff818aaa38,rbx=0xffffffff8183a980,rcx=0x0,rdx=0x0,rsi=0xffffc9000000bd28,rdi=0xffffffff8183a980,rbp=0x0,rsp=0xffffc9000000bca0,r8=0x3,r9=0x1000,r10=0xffffc9000000bc20,r11=0x3,r12=0xffffc9000000bd28,r13=0x0,r14=0x0,r15=0x1
=> 0xffffffff8103f927 <_prb_read_valid+26>:	mov    (%r12),%rax
Regs: rax=0x77,rbx=0xffffffff8183a980,rcx=0x0,rdx=0x0,rsi=0xffffc9000000bd28,rdi=0xffffffff8183a980,rbp=0x0,rsp=0xffffc9000000bca0,r8=0x3,r9=0x1000,r10=0xffffc9000000bc20,r11=0x3,r12=0xffffc9000000bd28,r13=0x0,r14=0x0,r15=0x1
=> 0xffffffff8103f92b <_prb_read_valid+30>:	mov    %rbx,%rdi
Regs: rax=0x77,rbx=0xffffffff8183a980,rcx=0x0,rdx=0x0,rsi=0xffffc9000000bd28,rdi=0xffffffff8183a980,rbp=0x0,rsp=0xffffc9000000bca0,r8=0x3,r9=0x1000,r10=0xffffc9000000bc20,r11=0x3,r12=0xffffc9000000bd28,r13=0x0,r14=0x0,r15=0x1
=> 0xffffffff8103f92e <_prb_read_valid+33>:	mov    0x10(%rbx),%r14
Regs: rax=0x77,rbx=0xffffffff8183a980,rcx=0x0,rdx=0x0,rsi=0xffffc9000000bd28,rdi=0xffffffff8183a980,rbp=0x0,rsp=0xffffc9000000bca0,r8=0x3,r9=0x1000,r10=0xffffc9000000bc20,r11=0x3,r12=0xffffc9000000bd28,r13=0x0,r14=0xffffffff8183a9e0,r15=0x1
=> 0xffffffff8103f932 <_prb_read_valid+37>:	mov    %rax,(%rsp)
Regs: rax=0x77,rbx=0xffffffff8183a980,rcx=0x0,rdx=0x0,rsi=0xffffc9000000bd28,rdi=0xffffffff8183a980,rbp=0x0,rsp=0xffffc9000000bca0,r8=0x3,r9=0x1000,r10=0xffffc9000000bc20,r11=0x3,r12=0xffffc9000000bd28,r13=0x0,r14=0xffffffff8183a9e0,r15=0x1
=> 0xffffffff8103f936 <_prb_read_valid+41>:	mov    (%rbx),%eax
Regs: rax=0xc,rbx=0xffffffff8183a980,rcx=0x0,rdx=0x0,rsi=0xffffc9000000bd28,rdi=0xffffffff8183a980,rbp=0x0,rsp=0xffffc9000000bca0,r8=0x3,r9=0x1000,r10=0xffffc9000000bc20,r11=0x3,r12=0xffffc9000000bd28,r13=0x0,r14=0xffffffff8183a9e0,r15=0x1
=> 0xffffffff8103f938 <_prb_read_valid+43>:	mov    (%rsp),%rsi
Regs: rax=0xc,rbx=0xffffffff8183a980,rcx=0x0,rdx=0x0,rsi=0x77,rdi=0xffffffff8183a980,rbp=0x0,rsp=0xffffc9000000bca0,r8=0x3,r9=0x1000,r10=0xffffc9000000bc20,r11=0x3,r12=0xffffc9000000bd28,r13=0x0,r14=0xffffffff8183a9e0,r15=0x1
=> 0xffffffff8103f93c <_prb_read_valid+47>:	mov    %eax,0xc(%rsp)
Regs: rax=0xc,rbx=0xffffffff8183a980,rcx=0x0,rdx=0x0,rsi=0x77,rdi=0xffffffff8183a980,rbp=0x0,rsp=0xffffc9000000bca0,r8=0x3,r9=0x1000,r10=0xffffc9000000bc20,r11=0x3,r12=0xffffc9000000bd28,r13=0x0,r14=0xffffffff8183a9e0,r15=0x1
=> 0xffffffff8103f940 <_prb_read_valid+51>:	call   0xffffffff8103f4aa <to_desc>
Regs: rax=0xc,rbx=0xffffffff8183a980,rcx=0x0,rdx=0x0,rsi=0x77,rdi=0xffffffff8183a980,rbp=0x0,rsp=0xffffc9000000bc98,r8=0x3,r9=0x1000,r10=0xffffc9000000bc20,r11=0x3,r12=0xffffc9000000bd28,r13=0x0,r14=0xffffffff8183a9e0,r15=0x1
=> 0xffffffff8103f4aa <to_desc>:	mov    (%rdi),%ecx
Regs: rax=0xc,rbx=0xffffffff8183a980,rcx=0xc,rdx=0x0,rsi=0x77,rdi=0xffffffff8183a980,rbp=0x0,rsp=0xffffc9000000bc98,r8=0x3,r9=0x1000,r10=0xffffc9000000bc20,r11=0x3,r12=0xffffc9000000bd28,r13=0x0,r14=0xffffffff8183a9e0,r15=0x1
=> 0xffffffff8103f4ac <to_desc+2>:	mov    $0x1,%eax
Regs: rax=0x1,rbx=0xffffffff8183a980,rcx=0xc,rdx=0x0,rsi=0x77,rdi=0xffffffff8183a980,rbp=0x0,rsp=0xffffc9000000bc98,r8=0x3,r9=0x1000,r10=0xffffc9000000bc20,r11=0x3,r12=0xffffc9000000bd28,r13=0x0,r14=0xffffffff8183a9e0,r15=0x1
=> 0xffffffff8103f4b1 <to_desc+7>:	shl    %cl,%eax
Regs: rax=0x1000,rbx=0xffffffff8183a980,rcx=0xc,rdx=0x0,rsi=0x77,rdi=0xffffffff8183a980,rbp=0x0,rsp=0xffffc9000000bc98,r8=0x3,r9=0x1000,r10=0xffffc9000000bc20,r11=0x3,r12=0xffffc9000000bd28,r13=0x0,r14=0xffffffff8183a9e0,r15=0x1
=> 0xffffffff8103f4b3 <to_desc+9>:	dec    %eax
Regs: rax=0xfff,rbx=0xffffffff8183a980,rcx=0xc,rdx=0x0,rsi=0x77,rdi=0xffffffff8183a980,rbp=0x0,rsp=0xffffc9000000bc98,r8=0x3,r9=0x1000,r10=0xffffc9000000bc20,r11=0x3,r12=0xffffc9000000bd28,r13=0x0,r14=0xffffffff8183a9e0,r15=0x1
=> 0xffffffff8103f4b5 <to_desc+11>:	and    %rsi,%rax
Regs: rax=0x77,rbx=0xffffffff8183a980,rcx=0xc,rdx=0x0,rsi=0x77,rdi=0xffffffff8183a980,rbp=0x0,rsp=0xffffc9000000bc98,r8=0x3,r9=0x1000,r10=0xffffc9000000bc20,r11=0x3,r12=0xffffc9000000bd28,r13=0x0,r14=0xffffffff8183a9e0,r15=0x1
=> 0xffffffff8103f4b8 <to_desc+14>:	imul   $0x18,%rax,%rax
Regs: rax=0xb28,rbx=0xffffffff8183a980,rcx=0xc,rdx=0x0,rsi=0x77,rdi=0xffffffff8183a980,rbp=0x0,rsp=0xffffc9000000bc98,r8=0x3,r9=0x1000,r10=0xffffc9000000bc20,r11=0x3,r12=0xffffc9000000bd28,r13=0x0,r14=0xffffffff8183a9e0,r15=0x1
=> 0xffffffff8103f4bc <to_desc+18>:	add    0x8(%rdi),%rax
Regs: rax=0xffffffff81893508,rbx=0xffffffff8183a980,rcx=0xc,rdx=0x0,rsi=0x77,rdi=0xffffffff8183a980,rbp=0x0,rsp=0xffffc9000000bc98,r8=0x3,r9=0x1000,r10=0xffffc9000000bc20,r11=0x3,r12=0xffffc9000000bd28,r13=0x0,r14=0xffffffff8183a9e0,r15=0x1
=> 0xffffffff8103f4c0 <to_desc+22>:	ret    
Regs: rax=0xffffffff81893508,rbx=0xffffffff8183a980,rcx=0xc,rdx=0x0,rsi=0x77,rdi=0xffffffff8183a980,rbp=0x0,rsp=0xffffc9000000bca0,r8=0x3,r9=0x1000,r10=0xffffc9000000bc20,r11=0x3,r12=0xffffc9000000bd28,r13=0x0,r14=0xffffffff8183a9e0,r15=0x1
=> 0xffffffff8103f945 <_prb_read_valid+56>:	mov    $0x6,%ecx
Regs: rax=0xffffffff81893508,rbx=0xffffffff8183a980,rcx=0x6,rdx=0x0,rsi=0x77,rdi=0xffffffff8183a980,rbp=0x0,rsp=0xffffc9000000bca0,r8=0x3,r9=0x1000,r10=0xffffc9000000bc20,r11=0x3,r12=0xffffc9000000bd28,r13=0x0,r14=0xffffffff8183a9e0,r15=0x1
=> 0xffffffff8103f94a <_prb_read_valid+61>:	movabs $0x3fffffffffffffff,%rsi
Regs: rax=0xffffffff81893508,rbx=0xffffffff8183a980,rcx=0x6,rdx=0x0,rsi=0x3fffffffffffffff,rdi=0xffffffff8183a980,rbp=0x0,rsp=0xffffc9000000bca0,r8=0x3,r9=0x1000,r10=0xffffc9000000bc20,r11=0x3,r12=0xffffc9000000bd28,r13=0x0,r14=0xffffffff8183a9e0,r15=0x1
=> 0xffffffff8103f954 <_prb_read_valid+71>:	mov    %rax,%rdx
Regs: rax=0xffffffff81893508,rbx=0xffffffff8183a980,rcx=0x6,rdx=0xffffffff81893508,rsi=0x3fffffffffffffff,rdi=0xffffffff8183a980,rbp=0x0,rsp=0xffffc9000000bca0,r8=0x3,r9=0x1000,r10=0xffffc9000000bc20,r11=0x3,r12=0xffffc9000000bd28,r13=0x0,r14=0xffffffff8183a9e0,r15=0x1
=> 0xffffffff8103f957 <_prb_read_valid+74>:	lea    0x38(%rsp),%rdi
Regs: rax=0xffffffff81893508,rbx=0xffffffff8183a980,rcx=0x6,rdx=0xffffffff81893508,rsi=0x3fffffffffffffff,rdi=0xffffc9000000bcd8,rbp=0x0,rsp=0xffffc9000000bca0,r8=0x3,r9=0x1000,r10=0xffffc9000000bc20,r11=0x3,r12=0xffffc9000000bd28,r13=0x0,r14=0xffffffff8183a9e0,r15=0x1
=> 0xffffffff8103f95c <_prb_read_valid+79>:	xor    %eax,%eax
Regs: rax=0x0,rbx=0xffffffff8183a980,rcx=0x6,rdx=0xffffffff81893508,rsi=0x3fffffffffffffff,rdi=0xffffc9000000bcd8,rbp=0x0,rsp=0xffffc9000000bca0,r8=0x3,r9=0x1000,r10=0xffffc9000000bc20,r11=0x3,r12=0xffffc9000000bd28,r13=0x0,r14=0xffffffff8183a9e0,r15=0x1
=> 0xffffffff8103f95e <_prb_read_valid+81>:	rep stos %eax,%es:(%rdi)
Regs: rax=0x0,rbx=0xffffffff8183a980,rcx=0x5,rdx=0xffffffff81893508,rsi=0x3fffffffffffffff,rdi=0xffffc9000000bcdc,rbp=0x0,rsp=0xffffc9000000bca0,r8=0x3,r9=0x1000,r10=0xffffc9000000bc20,r11=0x3,r12=0xffffc9000000bd28,r13=0x0,r14=0xffffffff8183a9e0,r15=0x1
=> 0xffffffff8103f95e <_prb_read_valid+81>:	rep stos %eax,%es:(%rdi)
Regs: rax=0x0,rbx=0xffffffff8183a980,rcx=0x4,rdx=0xffffffff81893508,rsi=0x3fffffffffffffff,rdi=0xffffc9000000bce0,rbp=0x0,rsp=0xffffc9000000bca0,r8=0x3,r9=0x1000,r10=0xffffc9000000bc20,r11=0x3,r12=0xffffc9000000bd28,r13=0x0,r14=0xffffffff8183a9e0,r15=0x1
=> 0xffffffff8103f95e <_prb_read_valid+81>:	rep stos %eax,%es:(%rdi)
Regs: rax=0x0,rbx=0xffffffff8183a980,rcx=0x3,rdx=0xffffffff81893508,rsi=0x3fffffffffffffff,rdi=0xffffc9000000bce4,rbp=0x0,rsp=0xffffc9000000bca0,r8=0x3,r9=0x1000,r10=0xffffc9000000bc20,r11=0x3,r12=0xffffc9000000bd28,r13=0x0,r14=0xffffffff8183a9e0,r15=0x1
=> 0xffffffff8103f95e <_prb_read_valid+81>:	rep stos %eax,%es:(%rdi)
Regs: rax=0x0,rbx=0xffffffff8183a980,rcx=0x2,rdx=0xffffffff81893508,rsi=0x3fffffffffffffff,rdi=0xffffc9000000bce8,rbp=0x0,rsp=0xffffc9000000bca0,r8=0x3,r9=0x1000,r10=0xffffc9000000bc20,r11=0x3,r12=0xffffc9000000bd28,r13=0x0,r14=0xffffffff8183a9e0,r15=0x1
=> 0xffffffff8103f95e <_prb_read_valid+81>:	rep stos %eax,%es:(%rdi)
Regs: rax=0x0,rbx=0xffffffff8183a980,rcx=0x1,rdx=0xffffffff81893508,rsi=0x3fffffffffffffff,rdi=0xffffc9000000bcec,rbp=0x0,rsp=0xffffc9000000bca0,r8=0x3,r9=0x1000,r10=0xffffc9000000bc20,r11=0x3,r12=0xffffc9000000bd28,r13=0x0,r14=0xffffffff8183a9e0,r15=0x1
=> 0xffffffff8103f95e <_prb_read_valid+81>:	rep stos %eax,%es:(%rdi)
Regs: rax=0x0,rbx=0xffffffff8183a980,rcx=0x0,rdx=0xffffffff81893508,rsi=0x3fffffffffffffff,rdi=0xffffc9000000bcf0,rbp=0x0,rsp=0xffffc9000000bca0,r8=0x3,r9=0x1000,r10=0xffffc9000000bc20,r11=0x3,r12=0xffffc9000000bd28,r13=0x0,r14=0xffffffff8183a9e0,r15=0x1
=> 0xffffffff8103f960 <_prb_read_valid+83>:	mov    (%rdx),%rax
Regs: rax=0x0,rbx=0xffffffff8183a980,rcx=0x0,rdx=0xffffffff81893508,rsi=0x3fffffffffffffff,rdi=0xffffc9000000bcf0,rbp=0x0,rsp=0xffffc9000000bca0,r8=0x3,r9=0x1000,r10=0xffffc9000000bc20,r11=0x3,r12=0xffffc9000000bd28,r13=0x0,r14=0xffffffff8183a9e0,r15=0x1
=> 0xffffffff8103f963 <_prb_read_valid+86>:	mov    (%rsp),%rdx
Regs: rax=0x0,rbx=0xffffffff8183a980,rcx=0x0,rdx=0x77,rsi=0x3fffffffffffffff,rdi=0xffffc9000000bcf0,rbp=0x0,rsp=0xffffc9000000bca0,r8=0x3,r9=0x1000,r10=0xffffc9000000bc20,r11=0x3,r12=0xffffc9000000bd28,r13=0x0,r14=0xffffffff8183a9e0,r15=0x1
=> 0xffffffff8103f967 <_prb_read_valid+90>:	lea    0x38(%rsp),%rcx
Regs: rax=0x0,rbx=0xffffffff8183a980,rcx=0xffffc9000000bcd8,rdx=0x77,rsi=0x3fffffffffffffff,rdi=0xffffc9000000bcf0,rbp=0x0,rsp=0xffffc9000000bca0,r8=0x3,r9=0x1000,r10=0xffffc9000000bc20,r11=0x3,r12=0xffffc9000000bd28,r13=0x0,r14=0xffffffff8183a9e0,r15=0x1
=> 0xffffffff8103f96c <_prb_read_valid+95>:	mov    %rbx,%rdi
Regs: rax=0x0,rbx=0xffffffff8183a980,rcx=0xffffc9000000bcd8,rdx=0x77,rsi=0x3fffffffffffffff,rdi=0xffffffff8183a980,rbp=0x0,rsp=0xffffc9000000bca0,r8=0x3,r9=0x1000,r10=0xffffc9000000bc20,r11=0x3,r12=0xffffc9000000bd28,r13=0x0,r14=0xffffffff8183a9e0,r15=0x1
=> 0xffffffff8103f96f <_prb_read_valid+98>:	and    %rax,%rsi
Regs: rax=0x0,rbx=0xffffffff8183a980,rcx=0xffffc9000000bcd8,rdx=0x77,rsi=0x0,rdi=0xffffffff8183a980,rbp=0x0,rsp=0xffffc9000000bca0,r8=0x3,r9=0x1000,r10=0xffffc9000000bc20,r11=0x3,r12=0xffffc9000000bd28,r13=0x0,r14=0xffffffff8183a9e0,r15=0x1
=> 0xffffffff8103f972 <_prb_read_valid+101>:	mov    %rsi,0x10(%rsp)
Regs: rax=0x0,rbx=0xffffffff8183a980,rcx=0xffffc9000000bcd8,rdx=0x77,rsi=0x0,rdi=0xffffffff8183a980,rbp=0x0,rsp=0xffffc9000000bca0,r8=0x3,r9=0x1000,r10=0xffffc9000000bc20,r11=0x3,r12=0xffffc9000000bd28,r13=0x0,r14=0xffffffff8183a9e0,r15=0x1
=> 0xffffffff8103f977 <_prb_read_valid+106>:	call   0xffffffff8103f5d7 <desc_read_finalized_seq>
Regs: rax=0x0,rbx=0xffffffff8183a980,rcx=0xffffc9000000bcd8,rdx=0x77,rsi=0x0,rdi=0xffffffff8183a980,rbp=0x0,rsp=0xffffc9000000bc98,r8=0x3,r9=0x1000,r10=0xffffc9000000bc20,r11=0x3,r12=0xffffc9000000bd28,r13=0x0,r14=0xffffffff8183a9e0,r15=0x1
=> 0xffffffff8103f5d7 <desc_read_finalized_seq>:	push   %rbp
Regs: rax=0x0,rbx=0xffffffff8183a980,rcx=0xffffc9000000bcd8,rdx=0x77,rsi=0x0,rdi=0xffffffff8183a980,rbp=0x0,rsp=0xffffc9000000bc90,r8=0x3,r9=0x1000,r10=0xffffc9000000bc20,r11=0x3,r12=0xffffc9000000bd28,r13=0x0,r14=0xffffffff8183a9e0,r15=0x1
=> 0xffffffff8103f5d8 <desc_read_finalized_seq+1>:	xor    %r9d,%r9d
Regs: rax=0x0,rbx=0xffffffff8183a980,rcx=0xffffc9000000bcd8,rdx=0x77,rsi=0x0,rdi=0xffffffff8183a980,rbp=0x0,rsp=0xffffc9000000bc90,r8=0x3,r9=0x0,r10=0xffffc9000000bc20,r11=0x3,r12=0xffffc9000000bd28,r13=0x0,r14=0xffffffff8183a9e0,r15=0x1
=> 0xffffffff8103f5db <desc_read_finalized_seq+4>:	mov    %rdx,%rbp
Regs: rax=0x0,rbx=0xffffffff8183a980,rcx=0xffffc9000000bcd8,rdx=0x77,rsi=0x0,rdi=0xffffffff8183a980,rbp=0x77,rsp=0xffffc9000000bc90,r8=0x3,r9=0x0,r10=0xffffc9000000bc20,r11=0x3,r12=0xffffc9000000bd28,r13=0x0,r14=0xffffffff8183a9e0,r15=0x1
=> 0xffffffff8103f5de <desc_read_finalized_seq+7>:	push   %rbx
Regs: rax=0x0,rbx=0xffffffff8183a980,rcx=0xffffc9000000bcd8,rdx=0x77,rsi=0x0,rdi=0xffffffff8183a980,rbp=0x77,rsp=0xffffc9000000bc88,r8=0x3,r9=0x0,r10=0xffffc9000000bc20,r11=0x3,r12=0xffffc9000000bd28,r13=0x0,r14=0xffffffff8183a9e0,r15=0x1
=> 0xffffffff8103f5df <desc_read_finalized_seq+8>:	mov    %rcx,%rbx
Regs: rax=0x0,rbx=0xffffc9000000bcd8,rcx=0xffffc9000000bcd8,rdx=0x77,rsi=0x0,rdi=0xffffffff8183a980,rbp=0x77,rsp=0xffffc9000000bc88,r8=0x3,r9=0x0,r10=0xffffc9000000bc20,r11=0x3,r12=0xffffc9000000bd28,r13=0x0,r14=0xffffffff8183a9e0,r15=0x1
=> 0xffffffff8103f5e2 <desc_read_finalized_seq+11>:	push   %r8
Regs: rax=0x0,rbx=0xffffc9000000bcd8,rcx=0xffffc9000000bcd8,rdx=0x77,rsi=0x0,rdi=0xffffffff8183a980,rbp=0x77,rsp=0xffffc9000000bc80,r8=0x3,r9=0x0,r10=0xffffc9000000bc20,r11=0x3,r12=0xffffc9000000bd28,r13=0x0,r14=0xffffffff8183a9e0,r15=0x1
=> 0xffffffff8103f5e4 <desc_read_finalized_seq+13>:	mov    %rbx,%rdx
Regs: rax=0x0,rbx=0xffffc9000000bcd8,rcx=0xffffc9000000bcd8,rdx=0xffffc9000000bcd8,rsi=0x0,rdi=0xffffffff8183a980,rbp=0x77,rsp=0xffffc9000000bc80,r8=0x3,r9=0x0,r10=0xffffc9000000bc20,r11=0x3,r12=0xffffc9000000bd28,r13=0x0,r14=0xffffffff8183a9e0,r15=0x1
=> 0xffffffff8103f5e7 <desc_read_finalized_seq+16>:	xor    %r8d,%r8d
Regs: rax=0x0,rbx=0xffffc9000000bcd8,rcx=0xffffc9000000bcd8,rdx=0xffffc9000000bcd8,rsi=0x0,rdi=0xffffffff8183a980,rbp=0x77,rsp=0xffffc9000000bc80,r8=0x0,r9=0x0,r10=0xffffc9000000bc20,r11=0x3,r12=0xffffc9000000bd28,r13=0x0,r14=0xffffffff8183a9e0,r15=0x1
=> 0xffffffff8103f5ea <desc_read_finalized_seq+19>:	mov    %rsp,%rcx
Regs: rax=0x0,rbx=0xffffc9000000bcd8,rcx=0xffffc9000000bc80,rdx=0xffffc9000000bcd8,rsi=0x0,rdi=0xffffffff8183a980,rbp=0x77,rsp=0xffffc9000000bc80,r8=0x0,r9=0x0,r10=0xffffc9000000bc20,r11=0x3,r12=0xffffc9000000bd28,r13=0x0,r14=0xffffffff8183a9e0,r15=0x1
=> 0xffffffff8103f5ed <desc_read_finalized_seq+22>:	mov    %r9,(%rsp)
Regs: rax=0x0,rbx=0xffffc9000000bcd8,rcx=0xffffc9000000bc80,rdx=0xffffc9000000bcd8,rsi=0x0,rdi=0xffffffff8183a980,rbp=0x77,rsp=0xffffc9000000bc80,r8=0x0,r9=0x0,r10=0xffffc9000000bc20,r11=0x3,r12=0xffffc9000000bd28,r13=0x0,r14=0xffffffff8183a9e0,r15=0x1
=> 0xffffffff8103f5f1 <desc_read_finalized_seq+26>:	call   0xffffffff8103f532 <desc_read>
Regs: rax=0x0,rbx=0xffffc9000000bcd8,rcx=0xffffc9000000bc80,rdx=0xffffc9000000bcd8,rsi=0x0,rdi=0xffffffff8183a980,rbp=0x77,rsp=0xffffc9000000bc78,r8=0x0,r9=0x0,r10=0xffffc9000000bc20,r11=0x3,r12=0xffffc9000000bd28,r13=0x0,r14=0xffffffff8183a9e0,r15=0x1
=> 0xffffffff8103f532 <desc_read>:	movabs $0x3fffffffffffffff,%r11
Regs: rax=0x0,rbx=0xffffc9000000bcd8,rcx=0xffffc9000000bc80,rdx=0xffffc9000000bcd8,rsi=0x0,rdi=0xffffffff8183a980,rbp=0x77,rsp=0xffffc9000000bc78,r8=0x0,r9=0x0,r10=0xffffc9000000bc20,r11=0x3fffffffffffffff,r12=0xffffc9000000bd28,r13=0x0,r14=0xffffffff8183a9e0,r15=0x1
=> 0xffffffff8103f53c <desc_read+10>:	mov    %rcx,%r10
Regs: rax=0x0,rbx=0xffffc9000000bcd8,rcx=0xffffc9000000bc80,rdx=0xffffc9000000bcd8,rsi=0x0,rdi=0xffffffff8183a980,rbp=0x77,rsp=0xffffc9000000bc78,r8=0x0,r9=0x0,r10=0xffffc9000000bc80,r11=0x3fffffffffffffff,r12=0xffffc9000000bd28,r13=0x0,r14=0xffffffff8183a9e0,r15=0x1
=> 0xffffffff8103f53f <desc_read+13>:	mov    %rdi,%r9
Regs: rax=0x0,rbx=0xffffc9000000bcd8,rcx=0xffffc9000000bc80,rdx=0xffffc9000000bcd8,rsi=0x0,rdi=0xffffffff8183a980,rbp=0x77,rsp=0xffffc9000000bc78,r8=0x0,r9=0xffffffff8183a980,r10=0xffffc9000000bc80,r11=0x3fffffffffffffff,r12=0xffffc9000000bd28,r13=0x0,r14=0xffffffff8183a9e0,r15=0x1
=> 0xffffffff8103f542 <desc_read+16>:	call   0xffffffff8103f4aa <to_desc>
Regs: rax=0x0,rbx=0xffffc9000000bcd8,rcx=0xffffc9000000bc80,rdx=0xffffc9000000bcd8,rsi=0x0,rdi=0xffffffff8183a980,rbp=0x77,rsp=0xffffc9000000bc70,r8=0x0,r9=0xffffffff8183a980,r10=0xffffc9000000bc80,r11=0x3fffffffffffffff,r12=0xffffc9000000bd28,r13=0x0,r14=0xffffffff8183a9e0,r15=0x1
=> 0xffffffff8103f4aa <to_desc>:	mov    (%rdi),%ecx
Regs: rax=0x0,rbx=0xffffc9000000bcd8,rcx=0xc,rdx=0xffffc9000000bcd8,rsi=0x0,rdi=0xffffffff8183a980,rbp=0x77,rsp=0xffffc9000000bc70,r8=0x0,r9=0xffffffff8183a980,r10=0xffffc9000000bc80,r11=0x3fffffffffffffff,r12=0xffffc9000000bd28,r13=0x0,r14=0xffffffff8183a9e0,r15=0x1
=> 0xffffffff8103f4ac <to_desc+2>:	mov    $0x1,%eax
Regs: rax=0x1,rbx=0xffffc9000000bcd8,rcx=0xc,rdx=0xffffc9000000bcd8,rsi=0x0,rdi=0xffffffff8183a980,rbp=0x77,rsp=0xffffc9000000bc70,r8=0x0,r9=0xffffffff8183a980,r10=0xffffc9000000bc80,r11=0x3fffffffffffffff,r12=0xffffc9000000bd28,r13=0x0,r14=0xffffffff8183a9e0,r15=0x1
=> 0xffffffff8103f4b1 <to_desc+7>:	shl    %cl,%eax
Regs: rax=0x1000,rbx=0xffffc9000000bcd8,rcx=0xc,rdx=0xffffc9000000bcd8,rsi=0x0,rdi=0xffffffff8183a980,rbp=0x77,rsp=0xffffc9000000bc70,r8=0x0,r9=0xffffffff8183a980,r10=0xffffc9000000bc80,r11=0x3fffffffffffffff,r12=0xffffc9000000bd28,r13=0x0,r14=0xffffffff8183a9e0,r15=0x1
=> 0xffffffff8103f4b3 <to_desc+9>:	dec    %eax
Regs: rax=0xfff,rbx=0xffffc9000000bcd8,rcx=0xc,rdx=0xffffc9000000bcd8,rsi=0x0,rdi=0xffffffff8183a980,rbp=0x77,rsp=0xffffc9000000bc70,r8=0x0,r9=0xffffffff8183a980,r10=0xffffc9000000bc80,r11=0x3fffffffffffffff,r12=0xffffc9000000bd28,r13=0x0,r14=0xffffffff8183a9e0,r15=0x1
=> 0xffffffff8103f4b5 <to_desc+11>:	and    %rsi,%rax
Regs: rax=0x0,rbx=0xffffc9000000bcd8,rcx=0xc,rdx=0xffffc9000000bcd8,rsi=0x0,rdi=0xffffffff8183a980,rbp=0x77,rsp=0xffffc9000000bc70,r8=0x0,r9=0xffffffff8183a980,r10=0xffffc9000000bc80,r11=0x3fffffffffffffff,r12=0xffffc9000000bd28,r13=0x0,r14=0xffffffff8183a9e0,r15=0x1
=> 0xffffffff8103f4b8 <to_desc+14>:	imul   $0x18,%rax,%rax
Regs: rax=0x0,rbx=0xffffc9000000bcd8,rcx=0xc,rdx=0xffffc9000000bcd8,rsi=0x0,rdi=0xffffffff8183a980,rbp=0x77,rsp=0xffffc9000000bc70,r8=0x0,r9=0xffffffff8183a980,r10=0xffffc9000000bc80,r11=0x3fffffffffffffff,r12=0xffffc9000000bd28,r13=0x0,r14=0xffffffff8183a9e0,r15=0x1
=> 0xffffffff8103f4bc <to_desc+18>:	add    0x8(%rdi),%rax
Regs: rax=0xffffffff818929e0,rbx=0xffffc9000000bcd8,rcx=0xc,rdx=0xffffc9000000bcd8,rsi=0x0,rdi=0xffffffff8183a980,rbp=0x77,rsp=0xffffc9000000bc70,r8=0x0,r9=0xffffffff8183a980,r10=0xffffc9000000bc80,r11=0x3fffffffffffffff,r12=0xffffc9000000bd28,r13=0x0,r14=0xffffffff8183a9e0,r15=0x1
=> 0xffffffff8103f4c0 <to_desc+22>:	ret    
Regs: rax=0xffffffff818929e0,rbx=0xffffc9000000bcd8,rcx=0xc,rdx=0xffffc9000000bcd8,rsi=0x0,rdi=0xffffffff8183a980,rbp=0x77,rsp=0xffffc9000000bc78,r8=0x0,r9=0xffffffff8183a980,r10=0xffffc9000000bc80,r11=0x3fffffffffffffff,r12=0xffffc9000000bd28,r13=0x0,r14=0xffffffff8183a9e0,r15=0x1
=> 0xffffffff8103f547 <desc_read+21>:	or     $0xffffffff,%edi
Regs: rax=0xffffffff818929e0,rbx=0xffffc9000000bcd8,rcx=0xc,rdx=0xffffc9000000bcd8,rsi=0x0,rdi=0xffffffff,rbp=0x77,rsp=0xffffc9000000bc78,r8=0x0,r9=0xffffffff8183a980,r10=0xffffc9000000bc80,r11=0x3fffffffffffffff,r12=0xffffc9000000bd28,r13=0x0,r14=0xffffffff8183a9e0,r15=0x1
=> 0xffffffff8103f54a <desc_read+24>:	mov    (%rax),%rcx
Regs: rax=0xffffffff818929e0,rbx=0xffffc9000000bcd8,rcx=0x80000000fffff000,rdx=0xffffc9000000bcd8,rsi=0x0,rdi=0xffffffff,rbp=0x77,rsp=0xffffc9000000bc78,r8=0x0,r9=0xffffffff8183a980,r10=0xffffc9000000bc80,r11=0x3fffffffffffffff,r12=0xffffc9000000bd28,r13=0x0,r14=0xffffffff8183a9e0,r15=0x1
=> 0xffffffff8103f54d <desc_read+27>:	and    %rcx,%r11
Regs: rax=0xffffffff818929e0,rbx=0xffffc9000000bcd8,rcx=0x80000000fffff000,rdx=0xffffc9000000bcd8,rsi=0x0,rdi=0xffffffff,rbp=0x77,rsp=0xffffc9000000bc78,r8=0x0,r9=0xffffffff8183a980,r10=0xffffc9000000bc80,r11=0xfffff000,r12=0xffffc9000000bd28,r13=0x0,r14=0xffffffff8183a9e0,r15=0x1
=> 0xffffffff8103f550 <desc_read+30>:	cmp    %r11,%rsi
Regs: rax=0xffffffff818929e0,rbx=0xffffc9000000bcd8,rcx=0x80000000fffff000,rdx=0xffffc9000000bcd8,rsi=0x0,rdi=0xffffffff,rbp=0x77,rsp=0xffffc9000000bc78,r8=0x0,r9=0xffffffff8183a980,r10=0xffffc9000000bc80,r11=0xfffff000,r12=0xffffc9000000bd28,r13=0x0,r14=0xffffffff8183a9e0,r15=0x1
=> 0xffffffff8103f553 <desc_read+33>:	jne    0xffffffff8103f5cc <desc_read+154>
Regs: rax=0xffffffff818929e0,rbx=0xffffc9000000bcd8,rcx=0x80000000fffff000,rdx=0xffffc9000000bcd8,rsi=0x0,rdi=0xffffffff,rbp=0x77,rsp=0xffffc9000000bc78,r8=0x0,r9=0xffffffff8183a980,r10=0xffffc9000000bc80,r11=0xfffff000,r12=0xffffc9000000bd28,r13=0x0,r14=0xffffffff8183a9e0,r15=0x1
=> 0xffffffff8103f5cc <desc_read+154>:	test   %rdx,%rdx
Regs: rax=0xffffffff818929e0,rbx=0xffffc9000000bcd8,rcx=0x80000000fffff000,rdx=0xffffc9000000bcd8,rsi=0x0,rdi=0xffffffff,rbp=0x77,rsp=0xffffc9000000bc78,r8=0x0,r9=0xffffffff8183a980,r10=0xffffc9000000bc80,r11=0xfffff000,r12=0xffffc9000000bd28,r13=0x0,r14=0xffffffff8183a9e0,r15=0x1
=> 0xffffffff8103f5cf <desc_read+157>:	je     0xffffffff8103f5d4 <desc_read+162>
Regs: rax=0xffffffff818929e0,rbx=0xffffc9000000bcd8,rcx=0x80000000fffff000,rdx=0xffffc9000000bcd8,rsi=0x0,rdi=0xffffffff,rbp=0x77,rsp=0xffffc9000000bc78,r8=0x0,r9=0xffffffff8183a980,r10=0xffffc9000000bc80,r11=0xfffff000,r12=0xffffc9000000bd28,r13=0x0,r14=0xffffffff8183a9e0,r15=0x1
=> 0xffffffff8103f5d1 <desc_read+159>:	mov    %rcx,(%rdx)
Regs: rax=0xffffffff818929e0,rbx=0xffffc9000000bcd8,rcx=0x80000000fffff000,rdx=0xffffc9000000bcd8,rsi=0x0,rdi=0xffffffff,rbp=0x77,rsp=0xffffc9000000bc78,r8=0x0,r9=0xffffffff8183a980,r10=0xffffc9000000bc80,r11=0xfffff000,r12=0xffffc9000000bd28,r13=0x0,r14=0xffffffff8183a9e0,r15=0x1
=> 0xffffffff8103f5d4 <desc_read+162>:	mov    %edi,%eax
Regs: rax=0xffffffff,rbx=0xffffc9000000bcd8,rcx=0x80000000fffff000,rdx=0xffffc9000000bcd8,rsi=0x0,rdi=0xffffffff,rbp=0x77,rsp=0xffffc9000000bc78,r8=0x0,r9=0xffffffff8183a980,r10=0xffffc9000000bc80,r11=0xfffff000,r12=0xffffc9000000bd28,r13=0x0,r14=0xffffffff8183a9e0,r15=0x1
=> 0xffffffff8103f5d6 <desc_read+164>:	ret    
Regs: rax=0xffffffff,rbx=0xffffc9000000bcd8,rcx=0x80000000fffff000,rdx=0xffffc9000000bcd8,rsi=0x0,rdi=0xffffffff,rbp=0x77,rsp=0xffffc9000000bc80,r8=0x0,r9=0xffffffff8183a980,r10=0xffffc9000000bc80,r11=0xfffff000,r12=0xffffc9000000bd28,r13=0x0,r14=0xffffffff8183a9e0,r15=0x1
=> 0xffffffff8103f5f6 <desc_read_finalized_seq+31>:	mov    %eax,%ecx
Regs: rax=0xffffffff,rbx=0xffffc9000000bcd8,rcx=0xffffffff,rdx=0xffffc9000000bcd8,rsi=0x0,rdi=0xffffffff,rbp=0x77,rsp=0xffffc9000000bc80,r8=0x0,r9=0xffffffff8183a980,r10=0xffffc9000000bc80,r11=0xfffff000,r12=0xffffc9000000bd28,r13=0x0,r14=0xffffffff8183a9e0,r15=0x1
=> 0xffffffff8103f5f8 <desc_read_finalized_seq+33>:	inc    %eax
Regs: rax=0x0,rbx=0xffffc9000000bcd8,rcx=0xffffffff,rdx=0xffffc9000000bcd8,rsi=0x0,rdi=0xffffffff,rbp=0x77,rsp=0xffffc9000000bc80,r8=0x0,r9=0xffffffff8183a980,r10=0xffffc9000000bc80,r11=0xfffff000,r12=0xffffc9000000bd28,r13=0x0,r14=0xffffffff8183a9e0,r15=0x1
=> 0xffffffff8103f5fa <desc_read_finalized_seq+35>:	cmp    $0x1,%eax
Regs: rax=0x0,rbx=0xffffc9000000bcd8,rcx=0xffffffff,rdx=0xffffc9000000bcd8,rsi=0x0,rdi=0xffffffff,rbp=0x77,rsp=0xffffc9000000bc80,r8=0x0,r9=0xffffffff8183a980,r10=0xffffc9000000bc80,r11=0xfffff000,r12=0xffffc9000000bd28,r13=0x0,r14=0xffffffff8183a9e0,r15=0x1
=> 0xffffffff8103f5fd <desc_read_finalized_seq+38>:	mov    $0xffffffea,%eax
Regs: rax=0xffffffea,rbx=0xffffc9000000bcd8,rcx=0xffffffff,rdx=0xffffc9000000bcd8,rsi=0x0,rdi=0xffffffff,rbp=0x77,rsp=0xffffc9000000bc80,r8=0x0,r9=0xffffffff8183a980,r10=0xffffc9000000bc80,r11=0xfffff000,r12=0xffffc9000000bd28,r13=0x0,r14=0xffffffff8183a9e0,r15=0x1
=> 0xffffffff8103f602 <desc_read_finalized_seq+43>:	jbe    0xffffffff8103f630 <desc_read_finalized_seq+89>
Regs: rax=0xffffffea,rbx=0xffffc9000000bcd8,rcx=0xffffffff,rdx=0xffffc9000000bcd8,rsi=0x0,rdi=0xffffffff,rbp=0x77,rsp=0xffffc9000000bc80,r8=0x0,r9=0xffffffff8183a980,r10=0xffffc9000000bc80,r11=0xfffff000,r12=0xffffc9000000bd28,r13=0x0,r14=0xffffffff8183a9e0,r15=0x1
=> 0xffffffff8103f630 <desc_read_finalized_seq+89>:	pop    %rdx
Regs: rax=0xffffffea,rbx=0xffffc9000000bcd8,rcx=0xffffffff,rdx=0x0,rsi=0x0,rdi=0xffffffff,rbp=0x77,rsp=0xffffc9000000bc88,r8=0x0,r9=0xffffffff8183a980,r10=0xffffc9000000bc80,r11=0xfffff000,r12=0xffffc9000000bd28,r13=0x0,r14=0xffffffff8183a9e0,r15=0x1
=> 0xffffffff8103f631 <desc_read_finalized_seq+90>:	pop    %rbx
Regs: rax=0xffffffea,rbx=0xffffffff8183a980,rcx=0xffffffff,rdx=0x0,rsi=0x0,rdi=0xffffffff,rbp=0x77,rsp=0xffffc9000000bc90,r8=0x0,r9=0xffffffff8183a980,r10=0xffffc9000000bc80,r11=0xfffff000,r12=0xffffc9000000bd28,r13=0x0,r14=0xffffffff8183a9e0,r15=0x1
=> 0xffffffff8103f632 <desc_read_finalized_seq+91>:	pop    %rbp
Regs: rax=0xffffffea,rbx=0xffffffff8183a980,rcx=0xffffffff,rdx=0x0,rsi=0x0,rdi=0xffffffff,rbp=0x0,rsp=0xffffc9000000bc98,r8=0x0,r9=0xffffffff8183a980,r10=0xffffc9000000bc80,r11=0xfffff000,r12=0xffffc9000000bd28,r13=0x0,r14=0xffffffff8183a9e0,r15=0x1
=> 0xffffffff8103f633 <desc_read_finalized_seq+92>:	ret    
Regs: rax=0xffffffea,rbx=0xffffffff8183a980,rcx=0xffffffff,rdx=0x0,rsi=0x0,rdi=0xffffffff,rbp=0x0,rsp=0xffffc9000000bca0,r8=0x0,r9=0xffffffff8183a980,r10=0xffffc9000000bc80,r11=0xfffff000,r12=0xffffc9000000bd28,r13=0x0,r14=0xffffffff8183a9e0,r15=0x1
=> 0xffffffff8103f97c <_prb_read_valid+111>:	mov    %eax,%r15d
Regs: rax=0xffffffea,rbx=0xffffffff8183a980,rcx=0xffffffff,rdx=0x0,rsi=0x0,rdi=0xffffffff,rbp=0x0,rsp=0xffffc9000000bca0,r8=0x0,r9=0xffffffff8183a980,r10=0xffffc9000000bc80,r11=0xfffff000,r12=0xffffc9000000bd28,r13=0x0,r14=0xffffffff8183a9e0,r15=0xffffffea
=> 0xffffffff8103f97f <_prb_read_valid+114>:	test   %eax,%eax
Regs: rax=0xffffffea,rbx=0xffffffff8183a980,rcx=0xffffffff,rdx=0x0,rsi=0x0,rdi=0xffffffff,rbp=0x0,rsp=0xffffc9000000bca0,r8=0x0,r9=0xffffffff8183a980,r10=0xffffc9000000bc80,r11=0xfffff000,r12=0xffffc9000000bd28,r13=0x0,r14=0xffffffff8183a9e0,r15=0xffffffea
=> 0xffffffff8103f981 <_prb_read_valid+116>:	je     0xffffffff8103f9e3 <_prb_read_valid+214>
Regs: rax=0xffffffea,rbx=0xffffffff8183a980,rcx=0xffffffff,rdx=0x0,rsi=0x0,rdi=0xffffffff,rbp=0x0,rsp=0xffffc9000000bca0,r8=0x0,r9=0xffffffff8183a980,r10=0xffffc9000000bc80,r11=0xfffff000,r12=0xffffc9000000bd28,r13=0x0,r14=0xffffffff8183a9e0,r15=0xffffffea
=> 0xffffffff8103f983 <_prb_read_valid+118>:	lea    0x38(%rsp),%rdx
Regs: rax=0xffffffea,rbx=0xffffffff8183a980,rcx=0xffffffff,rdx=0xffffc9000000bcd8,rsi=0x0,rdi=0xffffffff,rbp=0x0,rsp=0xffffc9000000bca0,r8=0x0,r9=0xffffffff8183a980,r10=0xffffc9000000bc80,r11=0xfffff000,r12=0xffffc9000000bd28,r13=0x0,r14=0xffffffff8183a9e0,r15=0xffffffea
=> 0xffffffff8103f988 <_prb_read_valid+123>:	mov    $0x6,%ecx
Regs: rax=0xffffffea,rbx=0xffffffff8183a980,rcx=0x6,rdx=0xffffc9000000bcd8,rsi=0x0,rdi=0xffffffff,rbp=0x0,rsp=0xffffc9000000bca0,r8=0x0,r9=0xffffffff8183a980,r10=0xffffc9000000bc80,r11=0xfffff000,r12=0xffffc9000000bd28,r13=0x0,r14=0xffffffff8183a9e0,r15=0xffffffea
=> 0xffffffff8103f98d <_prb_read_valid+128>:	xor    %eax,%eax
Regs: rax=0x0,rbx=0xffffffff8183a980,rcx=0x6,rdx=0xffffc9000000bcd8,rsi=0x0,rdi=0xffffffff,rbp=0x0,rsp=0xffffc9000000bca0,r8=0x0,r9=0xffffffff8183a980,r10=0xffffc9000000bc80,r11=0xfffff000,r12=0xffffc9000000bd28,r13=0x0,r14=0xffffffff8183a9e0,r15=0xffffffea
=> 0xffffffff8103f98f <_prb_read_valid+130>:	mov    %rdx,%rdi
Regs: rax=0x0,rbx=0xffffffff8183a980,rcx=0x6,rdx=0xffffc9000000bcd8,rsi=0x0,rdi=0xffffc9000000bcd8,rbp=0x0,rsp=0xffffc9000000bca0,r8=0x0,r9=0xffffffff8183a980,r10=0xffffc9000000bc80,r11=0xfffff000,r12=0xffffc9000000bd28,r13=0x0,r14=0xffffffff8183a9e0,r15=0xffffffea
=> 0xffffffff8103f992 <_prb_read_valid+133>:	xor    %edx,%edx
Regs: rax=0x0,rbx=0xffffffff8183a980,rcx=0x6,rdx=0x0,rsi=0x0,rdi=0xffffc9000000bcd8,rbp=0x0,rsp=0xffffc9000000bca0,r8=0x0,r9=0xffffffff8183a980,r10=0xffffc9000000bc80,r11=0xfffff000,r12=0xffffc9000000bd28,r13=0x0,r14=0xffffffff8183a9e0,r15=0xffffffea
=> 0xffffffff8103f994 <_prb_read_valid+135>:	rep stos %eax,%es:(%rdi)
Regs: rax=0x0,rbx=0xffffffff8183a980,rcx=0x5,rdx=0x0,rsi=0x0,rdi=0xffffc9000000bcdc,rbp=0x0,rsp=0xffffc9000000bca0,r8=0x0,r9=0xffffffff8183a980,r10=0xffffc9000000bc80,r11=0xfffff000,r12=0xffffc9000000bd28,r13=0x0,r14=0xffffffff8183a9e0,r15=0xffffffea
=> 0xffffffff8103f994 <_prb_read_valid+135>:	rep stos %eax,%es:(%rdi)
Regs: rax=0x0,rbx=0xffffffff8183a980,rcx=0x4,rdx=0x0,rsi=0x0,rdi=0xffffc9000000bce0,rbp=0x0,rsp=0xffffc9000000bca0,r8=0x0,r9=0xffffffff8183a980,r10=0xffffc9000000bc80,r11=0xfffff000,r12=0xffffc9000000bd28,r13=0x0,r14=0xffffffff8183a9e0,r15=0xffffffea
=> 0xffffffff8103f994 <_prb_read_valid+135>:	rep stos %eax,%es:(%rdi)
Regs: rax=0x0,rbx=0xffffffff8183a980,rcx=0x3,rdx=0x0,rsi=0x0,rdi=0xffffc9000000bce4,rbp=0x0,rsp=0xffffc9000000bca0,r8=0x0,r9=0xffffffff8183a980,r10=0xffffc9000000bc80,r11=0xfffff000,r12=0xffffc9000000bd28,r13=0x0,r14=0xffffffff8183a9e0,r15=0xffffffea
=> 0xffffffff8103f994 <_prb_read_valid+135>:	rep stos %eax,%es:(%rdi)
Regs: rax=0x0,rbx=0xffffffff8183a980,rcx=0x2,rdx=0x0,rsi=0x0,rdi=0xffffc9000000bce8,rbp=0x0,rsp=0xffffc9000000bca0,r8=0x0,r9=0xffffffff8183a980,r10=0xffffc9000000bc80,r11=0xfffff000,r12=0xffffc9000000bd28,r13=0x0,r14=0xffffffff8183a9e0,r15=0xffffffea
=> 0xffffffff8103f994 <_prb_read_valid+135>:	rep stos %eax,%es:(%rdi)
Regs: rax=0x0,rbx=0xffffffff8183a980,rcx=0x1,rdx=0x0,rsi=0x0,rdi=0xffffc9000000bcec,rbp=0x0,rsp=0xffffc9000000bca0,r8=0x0,r9=0xffffffff8183a980,r10=0xffffc9000000bc80,r11=0xfffff000,r12=0xffffc9000000bd28,r13=0x0,r14=0xffffffff8183a9e0,r15=0xffffffea
=> 0xffffffff8103f994 <_prb_read_valid+135>:	rep stos %eax,%es:(%rdi)
Regs: rax=0x0,rbx=0xffffffff8183a980,rcx=0x0,rdx=0x0,rsi=0x0,rdi=0xffffc9000000bcf0,rbp=0x0,rsp=0xffffc9000000bca0,r8=0x0,r9=0xffffffff8183a980,r10=0xffffc9000000bc80,r11=0xfffff000,r12=0xffffc9000000bd28,r13=0x0,r14=0xffffffff8183a9e0,r15=0xffffffea
=> 0xffffffff8103f996 <_prb_read_valid+137>:	mov    %rdx,0x30(%rsp)
Regs: rax=0x0,rbx=0xffffffff8183a980,rcx=0x0,rdx=0x0,rsi=0x0,rdi=0xffffc9000000bcf0,rbp=0x0,rsp=0xffffc9000000bca0,r8=0x0,r9=0xffffffff8183a980,r10=0xffffc9000000bc80,r11=0xfffff000,r12=0xffffc9000000bd28,r13=0x0,r14=0xffffffff8183a9e0,r15=0xffffffea
=> 0xffffffff8103f99b <_prb_read_valid+142>:	mov    0x20(%rbx),%rsi
Regs: rax=0x0,rbx=0xffffffff8183a980,rcx=0x0,rdx=0x0,rsi=0xffffefff,rdi=0xffffc9000000bcf0,rbp=0x0,rsp=0xffffc9000000bca0,r8=0x0,r9=0xffffffff8183a980,r10=0xffffc9000000bc80,r11=0xfffff000,r12=0xffffc9000000bd28,r13=0x0,r14=0xffffffff8183a9e0,r15=0xffffffea
=> 0xffffffff8103f99f <_prb_read_valid+146>:	xor    %r8d,%r8d
Regs: rax=0x0,rbx=0xffffffff8183a980,rcx=0x0,rdx=0x0,rsi=0xffffefff,rdi=0xffffc9000000bcf0,rbp=0x0,rsp=0xffffc9000000bca0,r8=0x0,r9=0xffffffff8183a980,r10=0xffffc9000000bc80,r11=0xfffff000,r12=0xffffc9000000bd28,r13=0x0,r14=0xffffffff8183a9e0,r15=0xffffffea
=> 0xffffffff8103f9a2 <_prb_read_valid+149>:	lea    0x30(%rsp),%rcx
Regs: rax=0x0,rbx=0xffffffff8183a980,rcx=0xffffc9000000bcd0,rdx=0x0,rsi=0xffffefff,rdi=0xffffc9000000bcf0,rbp=0x0,rsp=0xffffc9000000bca0,r8=0x0,r9=0xffffffff8183a980,r10=0xffffc9000000bc80,r11=0xfffff000,r12=0xffffc9000000bd28,r13=0x0,r14=0xffffffff8183a9e0,r15=0xffffffea
=> 0xffffffff8103f9a7 <_prb_read_valid+154>:	mov    %rbx,%rdi
Regs: rax=0x0,rbx=0xffffffff8183a980,rcx=0xffffc9000000bcd0,rdx=0x0,rsi=0xffffefff,rdi=0xffffffff8183a980,rbp=0x0,rsp=0xffffc9000000bca0,r8=0x0,r9=0xffffffff8183a980,r10=0xffffc9000000bc80,r11=0xfffff000,r12=0xffffc9000000bd28,r13=0x0,r14=0xffffffff8183a9e0,r15=0xffffffea
=> 0xffffffff8103f9aa <_prb_read_valid+157>:	lea    0x38(%rsp),%rdx
Regs: rax=0x0,rbx=0xffffffff8183a980,rcx=0xffffc9000000bcd0,rdx=0xffffc9000000bcd8,rsi=0xffffefff,rdi=0xffffffff8183a980,rbp=0x0,rsp=0xffffc9000000bca0,r8=0x0,r9=0xffffffff8183a980,r10=0xffffc9000000bc80,r11=0xfffff000,r12=0xffffc9000000bd28,r13=0x0,r14=0xffffffff8183a9e0,r15=0xffffffea
=> 0xffffffff8103f9af <_prb_read_valid+162>:	call   0xffffffff8103f532 <desc_read>
Regs: rax=0x0,rbx=0xffffffff8183a980,rcx=0xffffc9000000bcd0,rdx=0xffffc9000000bcd8,rsi=0xffffefff,rdi=0xffffffff8183a980,rbp=0x0,rsp=0xffffc9000000bc98,r8=0x0,r9=0xffffffff8183a980,r10=0xffffc9000000bc80,r11=0xfffff000,r12=0xffffc9000000bd28,r13=0x0,r14=0xffffffff8183a9e0,r15=0xffffffea
=> 0xffffffff8103f532 <desc_read>:	movabs $0x3fffffffffffffff,%r11
Regs: rax=0x0,rbx=0xffffffff8183a980,rcx=0xffffc9000000bcd0,rdx=0xffffc9000000bcd8,rsi=0xffffefff,rdi=0xffffffff8183a980,rbp=0x0,rsp=0xffffc9000000bc98,r8=0x0,r9=0xffffffff8183a980,r10=0xffffc9000000bc80,r11=0x3fffffffffffffff,r12=0xffffc9000000bd28,r13=0x0,r14=0xffffffff8183a9e0,r15=0xffffffea
=> 0xffffffff8103f53c <desc_read+10>:	mov    %rcx,%r10
Regs: rax=0x0,rbx=0xffffffff8183a980,rcx=0xffffc9000000bcd0,rdx=0xffffc9000000bcd8,rsi=0xffffefff,rdi=0xffffffff8183a980,rbp=0x0,rsp=0xffffc9000000bc98,r8=0x0,r9=0xffffffff8183a980,r10=0xffffc9000000bcd0,r11=0x3fffffffffffffff,r12=0xffffc9000000bd28,r13=0x0,r14=0xffffffff8183a9e0,r15=0xffffffea
=> 0xffffffff8103f53f <desc_read+13>:	mov    %rdi,%r9
Regs: rax=0x0,rbx=0xffffffff8183a980,rcx=0xffffc9000000bcd0,rdx=0xffffc9000000bcd8,rsi=0xffffefff,rdi=0xffffffff8183a980,rbp=0x0,rsp=0xffffc9000000bc98,r8=0x0,r9=0xffffffff8183a980,r10=0xffffc9000000bcd0,r11=0x3fffffffffffffff,r12=0xffffc9000000bd28,r13=0x0,r14=0xffffffff8183a9e0,r15=0xffffffea
=> 0xffffffff8103f542 <desc_read+16>:	call   0xffffffff8103f4aa <to_desc>
Regs: rax=0x0,rbx=0xffffffff8183a980,rcx=0xffffc9000000bcd0,rdx=0xffffc9000000bcd8,rsi=0xffffefff,rdi=0xffffffff8183a980,rbp=0x0,rsp=0xffffc9000000bc90,r8=0x0,r9=0xffffffff8183a980,r10=0xffffc9000000bcd0,r11=0x3fffffffffffffff,r12=0xffffc9000000bd28,r13=0x0,r14=0xffffffff8183a9e0,r15=0xffffffea
=> 0xffffffff8103f4aa <to_desc>:	mov    (%rdi),%ecx
Regs: rax=0x0,rbx=0xffffffff8183a980,rcx=0xc,rdx=0xffffc9000000bcd8,rsi=0xffffefff,rdi=0xffffffff8183a980,rbp=0x0,rsp=0xffffc9000000bc90,r8=0x0,r9=0xffffffff8183a980,r10=0xffffc9000000bcd0,r11=0x3fffffffffffffff,r12=0xffffc9000000bd28,r13=0x0,r14=0xffffffff8183a9e0,r15=0xffffffea
=> 0xffffffff8103f4ac <to_desc+2>:	mov    $0x1,%eax
Regs: rax=0x1,rbx=0xffffffff8183a980,rcx=0xc,rdx=0xffffc9000000bcd8,rsi=0xffffefff,rdi=0xffffffff8183a980,rbp=0x0,rsp=0xffffc9000000bc90,r8=0x0,r9=0xffffffff8183a980,r10=0xffffc9000000bcd0,r11=0x3fffffffffffffff,r12=0xffffc9000000bd28,r13=0x0,r14=0xffffffff8183a9e0,r15=0xffffffea
=> 0xffffffff8103f4b1 <to_desc+7>:	shl    %cl,%eax
Regs: rax=0x1000,rbx=0xffffffff8183a980,rcx=0xc,rdx=0xffffc9000000bcd8,rsi=0xffffefff,rdi=0xffffffff8183a980,rbp=0x0,rsp=0xffffc9000000bc90,r8=0x0,r9=0xffffffff8183a980,r10=0xffffc9000000bcd0,r11=0x3fffffffffffffff,r12=0xffffc9000000bd28,r13=0x0,r14=0xffffffff8183a9e0,r15=0xffffffea
=> 0xffffffff8103f4b3 <to_desc+9>:	dec    %eax
Regs: rax=0xfff,rbx=0xffffffff8183a980,rcx=0xc,rdx=0xffffc9000000bcd8,rsi=0xffffefff,rdi=0xffffffff8183a980,rbp=0x0,rsp=0xffffc9000000bc90,r8=0x0,r9=0xffffffff8183a980,r10=0xffffc9000000bcd0,r11=0x3fffffffffffffff,r12=0xffffc9000000bd28,r13=0x0,r14=0xffffffff8183a9e0,r15=0xffffffea
=> 0xffffffff8103f4b5 <to_desc+11>:	and    %rsi,%rax
Regs: rax=0xfff,rbx=0xffffffff8183a980,rcx=0xc,rdx=0xffffc9000000bcd8,rsi=0xffffefff,rdi=0xffffffff8183a980,rbp=0x0,rsp=0xffffc9000000bc90,r8=0x0,r9=0xffffffff8183a980,r10=0xffffc9000000bcd0,r11=0x3fffffffffffffff,r12=0xffffc9000000bd28,r13=0x0,r14=0xffffffff8183a9e0,r15=0xffffffea
=> 0xffffffff8103f4b8 <to_desc+14>:	imul   $0x18,%rax,%rax
Regs: rax=0x17fe8,rbx=0xffffffff8183a980,rcx=0xc,rdx=0xffffc9000000bcd8,rsi=0xffffefff,rdi=0xffffffff8183a980,rbp=0x0,rsp=0xffffc9000000bc90,r8=0x0,r9=0xffffffff8183a980,r10=0xffffc9000000bcd0,r11=0x3fffffffffffffff,r12=0xffffc9000000bd28,r13=0x0,r14=0xffffffff8183a9e0,r15=0xffffffea
=> 0xffffffff8103f4bc <to_desc+18>:	add    0x8(%rdi),%rax
Regs: rax=0xffffffff818aa9c8,rbx=0xffffffff8183a980,rcx=0xc,rdx=0xffffc9000000bcd8,rsi=0xffffefff,rdi=0xffffffff8183a980,rbp=0x0,rsp=0xffffc9000000bc90,r8=0x0,r9=0xffffffff8183a980,r10=0xffffc9000000bcd0,r11=0x3fffffffffffffff,r12=0xffffc9000000bd28,r13=0x0,r14=0xffffffff8183a9e0,r15=0xffffffea
=> 0xffffffff8103f4c0 <to_desc+22>:	ret    
Regs: rax=0xffffffff818aa9c8,rbx=0xffffffff8183a980,rcx=0xc,rdx=0xffffc9000000bcd8,rsi=0xffffefff,rdi=0xffffffff8183a980,rbp=0x0,rsp=0xffffc9000000bc98,r8=0x0,r9=0xffffffff8183a980,r10=0xffffc9000000bcd0,r11=0x3fffffffffffffff,r12=0xffffc9000000bd28,r13=0x0,r14=0xffffffff8183a9e0,r15=0xffffffea
=> 0xffffffff8103f547 <desc_read+21>:	or     $0xffffffff,%edi
Regs: rax=0xffffffff818aa9c8,rbx=0xffffffff8183a980,rcx=0xc,rdx=0xffffc9000000bcd8,rsi=0xffffefff,rdi=0xffffffff,rbp=0x0,rsp=0xffffc9000000bc98,r8=0x0,r9=0xffffffff8183a980,r10=0xffffc9000000bcd0,r11=0x3fffffffffffffff,r12=0xffffc9000000bd28,r13=0x0,r14=0xffffffff8183a9e0,r15=0xffffffea
=> 0xffffffff8103f54a <desc_read+24>:	mov    (%rax),%rcx
Regs: rax=0xffffffff818aa9c8,rbx=0xffffffff8183a980,rcx=0xc0000000ffffefff,rdx=0xffffc9000000bcd8,rsi=0xffffefff,rdi=0xffffffff,rbp=0x0,rsp=0xffffc9000000bc98,r8=0x0,r9=0xffffffff8183a980,r10=0xffffc9000000bcd0,r11=0x3fffffffffffffff,r12=0xffffc9000000bd28,r13=0x0,r14=0xffffffff8183a9e0,r15=0xffffffea
=> 0xffffffff8103f54d <desc_read+27>:	and    %rcx,%r11
Regs: rax=0xffffffff818aa9c8,rbx=0xffffffff8183a980,rcx=0xc0000000ffffefff,rdx=0xffffc9000000bcd8,rsi=0xffffefff,rdi=0xffffffff,rbp=0x0,rsp=0xffffc9000000bc98,r8=0x0,r9=0xffffffff8183a980,r10=0xffffc9000000bcd0,r11=0xffffefff,r12=0xffffc9000000bd28,r13=0x0,r14=0xffffffff8183a9e0,r15=0xffffffea
=> 0xffffffff8103f550 <desc_read+30>:	cmp    %r11,%rsi
Regs: rax=0xffffffff818aa9c8,rbx=0xffffffff8183a980,rcx=0xc0000000ffffefff,rdx=0xffffc9000000bcd8,rsi=0xffffefff,rdi=0xffffffff,rbp=0x0,rsp=0xffffc9000000bc98,r8=0x0,r9=0xffffffff8183a980,r10=0xffffc9000000bcd0,r11=0xffffefff,r12=0xffffc9000000bd28,r13=0x0,r14=0xffffffff8183a9e0,r15=0xffffffea
=> 0xffffffff8103f553 <desc_read+33>:	jne    0xffffffff8103f5cc <desc_read+154>
Regs: rax=0xffffffff818aa9c8,rbx=0xffffffff8183a980,rcx=0xc0000000ffffefff,rdx=0xffffc9000000bcd8,rsi=0xffffefff,rdi=0xffffffff,rbp=0x0,rsp=0xffffc9000000bc98,r8=0x0,r9=0xffffffff8183a980,r10=0xffffc9000000bcd0,r11=0xffffefff,r12=0xffffc9000000bd28,r13=0x0,r14=0xffffffff8183a9e0,r15=0xffffffea
=> 0xffffffff8103f555 <desc_read+35>:	mov    %rcx,%r11
Regs: rax=0xffffffff818aa9c8,rbx=0xffffffff8183a980,rcx=0xc0000000ffffefff,rdx=0xffffc9000000bcd8,rsi=0xffffefff,rdi=0xffffffff,rbp=0x0,rsp=0xffffc9000000bc98,r8=0x0,r9=0xffffffff8183a980,r10=0xffffc9000000bcd0,r11=0xc0000000ffffefff,r12=0xffffc9000000bd28,r13=0x0,r14=0xffffffff8183a9e0,r15=0xffffffea
=> 0xffffffff8103f558 <desc_read+38>:	xor    %edi,%edi
Regs: rax=0xffffffff818aa9c8,rbx=0xffffffff8183a980,rcx=0xc0000000ffffefff,rdx=0xffffc9000000bcd8,rsi=0xffffefff,rdi=0x0,rbp=0x0,rsp=0xffffc9000000bc98,r8=0x0,r9=0xffffffff8183a980,r10=0xffffc9000000bcd0,r11=0xc0000000ffffefff,r12=0xffffc9000000bd28,r13=0x0,r14=0xffffffff8183a9e0,r15=0xffffffea
=> 0xffffffff8103f55a <desc_read+40>:	shr    $0x3e,%r11
Regs: rax=0xffffffff818aa9c8,rbx=0xffffffff8183a980,rcx=0xc0000000ffffefff,rdx=0xffffc9000000bcd8,rsi=0xffffefff,rdi=0x0,rbp=0x0,rsp=0xffffc9000000bc98,r8=0x0,r9=0xffffffff8183a980,r10=0xffffc9000000bcd0,r11=0x3,r12=0xffffc9000000bd28,r13=0x0,r14=0xffffffff8183a9e0,r15=0xffffffea
=> 0xffffffff8103f55e <desc_read+44>:	je     0xffffffff8103f5cc <desc_read+154>
Regs: rax=0xffffffff818aa9c8,rbx=0xffffffff8183a980,rcx=0xc0000000ffffefff,rdx=0xffffc9000000bcd8,rsi=0xffffefff,rdi=0x0,rbp=0x0,rsp=0xffffc9000000bc98,r8=0x0,r9=0xffffffff8183a980,r10=0xffffc9000000bcd0,r11=0x3,r12=0xffffc9000000bd28,r13=0x0,r14=0xffffffff8183a9e0,r15=0xffffffea
=> 0xffffffff8103f560 <desc_read+46>:	mov    0x10(%r9),%rdi
Regs: rax=0xffffffff818aa9c8,rbx=0xffffffff8183a980,rcx=0xc0000000ffffefff,rdx=0xffffc9000000bcd8,rsi=0xffffefff,rdi=0xffffffff8183a9e0,rbp=0x0,rsp=0xffffc9000000bc98,r8=0x0,r9=0xffffffff8183a980,r10=0xffffc9000000bcd0,r11=0x3,r12=0xffffc9000000bd28,r13=0x0,r14=0xffffffff8183a9e0,r15=0xffffffea
=> 0xffffffff8103f564 <desc_read+50>:	mov    (%r9),%ecx
Regs: rax=0xffffffff818aa9c8,rbx=0xffffffff8183a980,rcx=0xc,rdx=0xffffc9000000bcd8,rsi=0xffffefff,rdi=0xffffffff8183a9e0,rbp=0x0,rsp=0xffffc9000000bc98,r8=0x0,r9=0xffffffff8183a980,r10=0xffffc9000000bcd0,r11=0x3,r12=0xffffc9000000bd28,r13=0x0,r14=0xffffffff8183a9e0,r15=0xffffffea
=> 0xffffffff8103f567 <desc_read+53>:	test   %rdx,%rdx
Regs: rax=0xffffffff818aa9c8,rbx=0xffffffff8183a980,rcx=0xc,rdx=0xffffc9000000bcd8,rsi=0xffffefff,rdi=0xffffffff8183a9e0,rbp=0x0,rsp=0xffffc9000000bc98,r8=0x0,r9=0xffffffff8183a980,r10=0xffffc9000000bcd0,r11=0x3,r12=0xffffc9000000bd28,r13=0x0,r14=0xffffffff8183a9e0,r15=0xffffffea
=> 0xffffffff8103f56a <desc_read+56>:	je     0xffffffff8103f57c <desc_read+74>
Regs: rax=0xffffffff818aa9c8,rbx=0xffffffff8183a980,rcx=0xc,rdx=0xffffc9000000bcd8,rsi=0xffffefff,rdi=0xffffffff8183a9e0,rbp=0x0,rsp=0xffffc9000000bc98,r8=0x0,r9=0xffffffff8183a980,r10=0xffffc9000000bcd0,r11=0x3,r12=0xffffc9000000bd28,r13=0x0,r14=0xffffffff8183a9e0,r15=0xffffffea
=> 0xffffffff8103f56c <desc_read+58>:	mov    0x8(%rax),%r9
Regs: rax=0xffffffff818aa9c8,rbx=0xffffffff8183a980,rcx=0xc,rdx=0xffffc9000000bcd8,rsi=0xffffefff,rdi=0xffffffff8183a9e0,rbp=0x0,rsp=0xffffc9000000bc98,r8=0x0,r9=0x1,r10=0xffffc9000000bcd0,r11=0x3,r12=0xffffc9000000bd28,r13=0x0,r14=0xffffffff8183a9e0,r15=0xffffffea
=> 0xffffffff8103f570 <desc_read+62>:	mov    %r9,0x8(%rdx)
Regs: rax=0xffffffff818aa9c8,rbx=0xffffffff8183a980,rcx=0xc,rdx=0xffffc9000000bcd8,rsi=0xffffefff,rdi=0xffffffff8183a9e0,rbp=0x0,rsp=0xffffc9000000bc98,r8=0x0,r9=0x1,r10=0xffffc9000000bcd0,r11=0x3,r12=0xffffc9000000bd28,r13=0x0,r14=0xffffffff8183a9e0,r15=0xffffffea
=> 0xffffffff8103f574 <desc_read+66>:	mov    0x10(%rax),%r9
Regs: rax=0xffffffff818aa9c8,rbx=0xffffffff8183a980,rcx=0xc,rdx=0xffffc9000000bcd8,rsi=0xffffefff,rdi=0xffffffff8183a9e0,rbp=0x0,rsp=0xffffc9000000bc98,r8=0x0,r9=0x1,r10=0xffffc9000000bcd0,r11=0x3,r12=0xffffc9000000bd28,r13=0x0,r14=0xffffffff8183a9e0,r15=0xffffffea
=> 0xffffffff8103f578 <desc_read+70>:	mov    %r9,0x10(%rdx)
Regs: rax=0xffffffff818aa9c8,rbx=0xffffffff8183a980,rcx=0xc,rdx=0xffffc9000000bcd8,rsi=0xffffefff,rdi=0xffffffff8183a9e0,rbp=0x0,rsp=0xffffc9000000bc98,r8=0x0,r9=0x1,r10=0xffffc9000000bcd0,r11=0x3,r12=0xffffc9000000bd28,r13=0x0,r14=0xffffffff8183a9e0,r15=0xffffffea
=> 0xffffffff8103f57c <desc_read+74>:	mov    $0x1,%r9d
Regs: rax=0xffffffff818aa9c8,rbx=0xffffffff8183a980,rcx=0xc,rdx=0xffffc9000000bcd8,rsi=0xffffefff,rdi=0xffffffff8183a9e0,rbp=0x0,rsp=0xffffc9000000bc98,r8=0x0,r9=0x1,r10=0xffffc9000000bcd0,r11=0x3,r12=0xffffc9000000bd28,r13=0x0,r14=0xffffffff8183a9e0,r15=0xffffffea
=> 0xffffffff8103f582 <desc_read+80>:	shl    %cl,%r9d
Regs: rax=0xffffffff818aa9c8,rbx=0xffffffff8183a980,rcx=0xc,rdx=0xffffc9000000bcd8,rsi=0xffffefff,rdi=0xffffffff8183a9e0,rbp=0x0,rsp=0xffffc9000000bc98,r8=0x0,r9=0x1000,r10=0xffffc9000000bcd0,r11=0x3,r12=0xffffc9000000bd28,r13=0x0,r14=0xffffffff8183a9e0,r15=0xffffffea
=> 0xffffffff8103f585 <desc_read+83>:	lea    -0x1(%r9),%ecx
Regs: rax=0xffffffff818aa9c8,rbx=0xffffffff8183a980,rcx=0xfff,rdx=0xffffc9000000bcd8,rsi=0xffffefff,rdi=0xffffffff8183a9e0,rbp=0x0,rsp=0xffffc9000000bc98,r8=0x0,r9=0x1000,r10=0xffffc9000000bcd0,r11=0x3,r12=0xffffc9000000bd28,r13=0x0,r14=0xffffffff8183a9e0,r15=0xffffffea
=> 0xffffffff8103f589 <desc_read+87>:	and    %rsi,%rcx
Regs: rax=0xffffffff818aa9c8,rbx=0xffffffff8183a980,rcx=0xfff,rdx=0xffffc9000000bcd8,rsi=0xffffefff,rdi=0xffffffff8183a9e0,rbp=0x0,rsp=0xffffc9000000bc98,r8=0x0,r9=0x1000,r10=0xffffc9000000bcd0,r11=0x3,r12=0xffffc9000000bd28,r13=0x0,r14=0xffffffff8183a9e0,r15=0xffffffea
=> 0xffffffff8103f58c <desc_read+90>:	imul   $0x58,%rcx,%rcx
Regs: rax=0xffffffff818aa9c8,rbx=0xffffffff8183a980,rcx=0x57fa8,rdx=0xffffc9000000bcd8,rsi=0xffffefff,rdi=0xffffffff8183a9e0,rbp=0x0,rsp=0xffffc9000000bc98,r8=0x0,r9=0x1000,r10=0xffffc9000000bcd0,r11=0x3,r12=0xffffc9000000bd28,r13=0x0,r14=0xffffffff8183a9e0,r15=0xffffffea
=> 0xffffffff8103f590 <desc_read+94>:	add    %rdi,%rcx
Regs: rax=0xffffffff818aa9c8,rbx=0xffffffff8183a980,rcx=0xffffffff81892988,rdx=0xffffc9000000bcd8,rsi=0xffffefff,rdi=0xffffffff8183a9e0,rbp=0x0,rsp=0xffffc9000000bc98,r8=0x0,r9=0x1000,r10=0xffffc9000000bcd0,r11=0x3,r12=0xffffc9000000bd28,r13=0x0,r14=0xffffffff8183a9e0,r15=0xffffffea
=> 0xffffffff8103f593 <desc_read+97>:	test   %r10,%r10
Regs: rax=0xffffffff818aa9c8,rbx=0xffffffff8183a980,rcx=0xffffffff81892988,rdx=0xffffc9000000bcd8,rsi=0xffffefff,rdi=0xffffffff8183a9e0,rbp=0x0,rsp=0xffffc9000000bc98,r8=0x0,r9=0x1000,r10=0xffffc9000000bcd0,r11=0x3,r12=0xffffc9000000bd28,r13=0x0,r14=0xffffffff8183a9e0,r15=0xffffffea
=> 0xffffffff8103f596 <desc_read+100>:	je     0xffffffff8103f59e <desc_read+108>
Regs: rax=0xffffffff818aa9c8,rbx=0xffffffff8183a980,rcx=0xffffffff81892988,rdx=0xffffc9000000bcd8,rsi=0xffffefff,rdi=0xffffffff8183a9e0,rbp=0x0,rsp=0xffffc9000000bc98,r8=0x0,r9=0x1000,r10=0xffffc9000000bcd0,r11=0x3,r12=0xffffc9000000bd28,r13=0x0,r14=0xffffffff8183a9e0,r15=0xffffffea
=> 0xffffffff8103f598 <desc_read+102>:	mov    (%rcx),%rdi
Regs: rax=0xffffffff818aa9c8,rbx=0xffffffff8183a980,rcx=0xffffffff81892988,rdx=0xffffc9000000bcd8,rsi=0xffffefff,rdi=0x0,rbp=0x0,rsp=0xffffc9000000bc98,r8=0x0,r9=0x1000,r10=0xffffc9000000bcd0,r11=0x3,r12=0xffffc9000000bd28,r13=0x0,r14=0xffffffff8183a9e0,r15=0xffffffea
=> 0xffffffff8103f59b <desc_read+105>:	mov    %rdi,(%r10)
Regs: rax=0xffffffff818aa9c8,rbx=0xffffffff8183a980,rcx=0xffffffff81892988,rdx=0xffffc9000000bcd8,rsi=0xffffefff,rdi=0x0,rbp=0x0,rsp=0xffffc9000000bc98,r8=0x0,r9=0x1000,r10=0xffffc9000000bcd0,r11=0x3,r12=0xffffc9000000bd28,r13=0x0,r14=0xffffffff8183a9e0,r15=0xffffffea
=> 0xffffffff8103f59e <desc_read+108>:	test   %r8,%r8
Regs: rax=0xffffffff818aa9c8,rbx=0xffffffff8183a980,rcx=0xffffffff81892988,rdx=0xffffc9000000bcd8,rsi=0xffffefff,rdi=0x0,rbp=0x0,rsp=0xffffc9000000bc98,r8=0x0,r9=0x1000,r10=0xffffc9000000bcd0,r11=0x3,r12=0xffffc9000000bd28,r13=0x0,r14=0xffffffff8183a9e0,r15=0xffffffea
=> 0xffffffff8103f5a1 <desc_read+111>:	je     0xffffffff8103f5a9 <desc_read+119>
Regs: rax=0xffffffff818aa9c8,rbx=0xffffffff8183a980,rcx=0xffffffff81892988,rdx=0xffffc9000000bcd8,rsi=0xffffefff,rdi=0x0,rbp=0x0,rsp=0xffffc9000000bc98,r8=0x0,r9=0x1000,r10=0xffffc9000000bcd0,r11=0x3,r12=0xffffc9000000bd28,r13=0x0,r14=0xffffffff8183a9e0,r15=0xffffffea
=> 0xffffffff8103f5a9 <desc_read+119>:	mov    (%rax),%rcx
Regs: rax=0xffffffff818aa9c8,rbx=0xffffffff8183a980,rcx=0xc0000000ffffefff,rdx=0xffffc9000000bcd8,rsi=0xffffefff,rdi=0x0,rbp=0x0,rsp=0xffffc9000000bc98,r8=0x0,r9=0x1000,r10=0xffffc9000000bcd0,r11=0x3,r12=0xffffc9000000bd28,r13=0x0,r14=0xffffffff8183a9e0,r15=0xffffffea
=> 0xffffffff8103f5ac <desc_read+122>:	mov    $0xffffffff,%edi
Regs: rax=0xffffffff818aa9c8,rbx=0xffffffff8183a980,rcx=0xc0000000ffffefff,rdx=0xffffc9000000bcd8,rsi=0xffffefff,rdi=0xffffffff,rbp=0x0,rsp=0xffffc9000000bc98,r8=0x0,r9=0x1000,r10=0xffffc9000000bcd0,r11=0x3,r12=0xffffc9000000bd28,r13=0x0,r14=0xffffffff8183a9e0,r15=0xffffffea
=> 0xffffffff8103f5b1 <desc_read+127>:	movabs $0x3fffffffffffffff,%rax
Regs: rax=0x3fffffffffffffff,rbx=0xffffffff8183a980,rcx=0xc0000000ffffefff,rdx=0xffffc9000000bcd8,rsi=0xffffefff,rdi=0xffffffff,rbp=0x0,rsp=0xffffc9000000bc98,r8=0x0,r9=0x1000,r10=0xffffc9000000bcd0,r11=0x3,r12=0xffffc9000000bd28,r13=0x0,r14=0xffffffff8183a9e0,r15=0xffffffea
=> 0xffffffff8103f5bb <desc_read+137>:	and    %rcx,%rax
Regs: rax=0xffffefff,rbx=0xffffffff8183a980,rcx=0xc0000000ffffefff,rdx=0xffffc9000000bcd8,rsi=0xffffefff,rdi=0xffffffff,rbp=0x0,rsp=0xffffc9000000bc98,r8=0x0,r9=0x1000,r10=0xffffc9000000bcd0,r11=0x3,r12=0xffffc9000000bd28,r13=0x0,r14=0xffffffff8183a9e0,r15=0xffffffea
=> 0xffffffff8103f5be <desc_read+140>:	mov    %rcx,%r8
Regs: rax=0xffffefff,rbx=0xffffffff8183a980,rcx=0xc0000000ffffefff,rdx=0xffffc9000000bcd8,rsi=0xffffefff,rdi=0xffffffff,rbp=0x0,rsp=0xffffc9000000bc98,r8=0xc0000000ffffefff,r9=0x1000,r10=0xffffc9000000bcd0,r11=0x3,r12=0xffffc9000000bd28,r13=0x0,r14=0xffffffff8183a9e0,r15=0xffffffea
=> 0xffffffff8103f5c1 <desc_read+143>:	shr    $0x3e,%r8
Regs: rax=0xffffefff,rbx=0xffffffff8183a980,rcx=0xc0000000ffffefff,rdx=0xffffc9000000bcd8,rsi=0xffffefff,rdi=0xffffffff,rbp=0x0,rsp=0xffffc9000000bc98,r8=0x3,r9=0x1000,r10=0xffffc9000000bcd0,r11=0x3,r12=0xffffc9000000bd28,r13=0x0,r14=0xffffffff8183a9e0,r15=0xffffffea
=> 0xffffffff8103f5c5 <desc_read+147>:	cmp    %rax,%rsi
Regs: rax=0xffffefff,rbx=0xffffffff8183a980,rcx=0xc0000000ffffefff,rdx=0xffffc9000000bcd8,rsi=0xffffefff,rdi=0xffffffff,rbp=0x0,rsp=0xffffc9000000bc98,r8=0x3,r9=0x1000,r10=0xffffc9000000bcd0,r11=0x3,r12=0xffffc9000000bd28,r13=0x0,r14=0xffffffff8183a9e0,r15=0xffffffea
=> 0xffffffff8103f5c8 <desc_read+150>:	cmove  %r8d,%edi
Regs: rax=0xffffefff,rbx=0xffffffff8183a980,rcx=0xc0000000ffffefff,rdx=0xffffc9000000bcd8,rsi=0xffffefff,rdi=0x3,rbp=0x0,rsp=0xffffc9000000bc98,r8=0x3,r9=0x1000,r10=0xffffc9000000bcd0,r11=0x3,r12=0xffffc9000000bd28,r13=0x0,r14=0xffffffff8183a9e0,r15=0xffffffea
=> 0xffffffff8103f5cc <desc_read+154>:	test   %rdx,%rdx
Regs: rax=0xffffefff,rbx=0xffffffff8183a980,rcx=0xc0000000ffffefff,rdx=0xffffc9000000bcd8,rsi=0xffffefff,rdi=0x3,rbp=0x0,rsp=0xffffc9000000bc98,r8=0x3,r9=0x1000,r10=0xffffc9000000bcd0,r11=0x3,r12=0xffffc9000000bd28,r13=0x0,r14=0xffffffff8183a9e0,r15=0xffffffea
=> 0xffffffff8103f5cf <desc_read+157>:	je     0xffffffff8103f5d4 <desc_read+162>
Regs: rax=0xffffefff,rbx=0xffffffff8183a980,rcx=0xc0000000ffffefff,rdx=0xffffc9000000bcd8,rsi=0xffffefff,rdi=0x3,rbp=0x0,rsp=0xffffc9000000bc98,r8=0x3,r9=0x1000,r10=0xffffc9000000bcd0,r11=0x3,r12=0xffffc9000000bd28,r13=0x0,r14=0xffffffff8183a9e0,r15=0xffffffea
=> 0xffffffff8103f5d1 <desc_read+159>:	mov    %rcx,(%rdx)
Regs: rax=0xffffefff,rbx=0xffffffff8183a980,rcx=0xc0000000ffffefff,rdx=0xffffc9000000bcd8,rsi=0xffffefff,rdi=0x3,rbp=0x0,rsp=0xffffc9000000bc98,r8=0x3,r9=0x1000,r10=0xffffc9000000bcd0,r11=0x3,r12=0xffffc9000000bd28,r13=0x0,r14=0xffffffff8183a9e0,r15=0xffffffea
=> 0xffffffff8103f5d4 <desc_read+162>:	mov    %edi,%eax
Regs: rax=0x3,rbx=0xffffffff8183a980,rcx=0xc0000000ffffefff,rdx=0xffffc9000000bcd8,rsi=0xffffefff,rdi=0x3,rbp=0x0,rsp=0xffffc9000000bc98,r8=0x3,r9=0x1000,r10=0xffffc9000000bcd0,r11=0x3,r12=0xffffc9000000bd28,r13=0x0,r14=0xffffffff8183a9e0,r15=0xffffffea
=> 0xffffffff8103f5d6 <desc_read+164>:	ret    
Regs: rax=0x3,rbx=0xffffffff8183a980,rcx=0xc0000000ffffefff,rdx=0xffffc9000000bcd8,rsi=0xffffefff,rdi=0x3,rbp=0x0,rsp=0xffffc9000000bca0,r8=0x3,r9=0x1000,r10=0xffffc9000000bcd0,r11=0x3,r12=0xffffc9000000bd28,r13=0x0,r14=0xffffffff8183a9e0,r15=0xffffffea
=> 0xffffffff8103f9b4 <_prb_read_valid+167>:	sub    $0x2,%eax
Regs: rax=0x1,rbx=0xffffffff8183a980,rcx=0xc0000000ffffefff,rdx=0xffffc9000000bcd8,rsi=0xffffefff,rdi=0x3,rbp=0x0,rsp=0xffffc9000000bca0,r8=0x3,r9=0x1000,r10=0xffffc9000000bcd0,r11=0x3,r12=0xffffc9000000bd28,r13=0x0,r14=0xffffffff8183a9e0,r15=0xffffffea
=> 0xffffffff8103f9b7 <_prb_read_valid+170>:	cmp    $0x1,%eax
Regs: rax=0x1,rbx=0xffffffff8183a980,rcx=0xc0000000ffffefff,rdx=0xffffc9000000bcd8,rsi=0xffffefff,rdi=0x3,rbp=0x0,rsp=0xffffc9000000bca0,r8=0x3,r9=0x1000,r10=0xffffc9000000bcd0,r11=0x3,r12=0xffffc9000000bd28,r13=0x0,r14=0xffffffff8183a9e0,r15=0xffffffea
=> 0xffffffff8103f9ba <_prb_read_valid+173>:	jbe    0xffffffff8103f9be <_prb_read_valid+177>
Regs: rax=0x1,rbx=0xffffffff8183a980,rcx=0xc0000000ffffefff,rdx=0xffffc9000000bcd8,rsi=0xffffefff,rdi=0x3,rbp=0x0,rsp=0xffffc9000000bca0,r8=0x3,r9=0x1000,r10=0xffffc9000000bcd0,r11=0x3,r12=0xffffc9000000bd28,r13=0x0,r14=0xffffffff8183a9e0,r15=0xffffffea
=> 0xffffffff8103f9be <_prb_read_valid+177>:	mov    0x30(%rsp),%rax
Regs: rax=0x0,rbx=0xffffffff8183a980,rcx=0xc0000000ffffefff,rdx=0xffffc9000000bcd8,rsi=0xffffefff,rdi=0x3,rbp=0x0,rsp=0xffffc9000000bca0,r8=0x3,r9=0x1000,r10=0xffffc9000000bcd0,r11=0x3,r12=0xffffc9000000bd28,r13=0x0,r14=0xffffffff8183a9e0,r15=0xffffffea
=> 0xffffffff8103f9c3 <_prb_read_valid+182>:	mov    (%r12),%rdx
Regs: rax=0x0,rbx=0xffffffff8183a980,rcx=0xc0000000ffffefff,rdx=0x77,rsi=0xffffefff,rdi=0x3,rbp=0x0,rsp=0xffffc9000000bca0,r8=0x3,r9=0x1000,r10=0xffffc9000000bcd0,r11=0x3,r12=0xffffc9000000bd28,r13=0x0,r14=0xffffffff8183a9e0,r15=0xffffffea
=> 0xffffffff8103f9c7 <_prb_read_valid+186>:	cmp    %rax,%rdx
Regs: rax=0x0,rbx=0xffffffff8183a980,rcx=0xc0000000ffffefff,rdx=0x77,rsi=0xffffefff,rdi=0x3,rbp=0x0,rsp=0xffffc9000000bca0,r8=0x3,r9=0x1000,r10=0xffffc9000000bcd0,r11=0x3,r12=0xffffc9000000bd28,r13=0x0,r14=0xffffffff8183a9e0,r15=0xffffffea
=> 0xffffffff8103f9ca <_prb_read_valid+189>:	jb     0xffffffff8103f9da <_prb_read_valid+205>
Regs: rax=0x0,rbx=0xffffffff8183a980,rcx=0xc0000000ffffefff,rdx=0x77,rsi=0xffffefff,rdi=0x3,rbp=0x0,rsp=0xffffc9000000bca0,r8=0x3,r9=0x1000,r10=0xffffc9000000bcd0,r11=0x3,r12=0xffffc9000000bd28,r13=0x0,r14=0xffffffff8183a9e0,r15=0xffffffea
=> 0xffffffff8103f9cc <_prb_read_valid+191>:	cmp    $0xfffffffe,%r15d
Regs: rax=0x0,rbx=0xffffffff8183a980,rcx=0xc0000000ffffefff,rdx=0x77,rsi=0xffffefff,rdi=0x3,rbp=0x0,rsp=0xffffc9000000bca0,r8=0x3,r9=0x1000,r10=0xffffc9000000bcd0,r11=0x3,r12=0xffffc9000000bd28,r13=0x0,r14=0xffffffff8183a9e0,r15=0xffffffea
=> 0xffffffff8103f9d0 <_prb_read_valid+195>:	jne    0xffffffff8103fb1a <_prb_read_valid+525>
Regs: rax=0x0,rbx=0xffffffff8183a980,rcx=0xc0000000ffffefff,rdx=0x77,rsi=0xffffefff,rdi=0x3,rbp=0x0,rsp=0xffffc9000000bca0,r8=0x3,r9=0x1000,r10=0xffffc9000000bcd0,r11=0x3,r12=0xffffc9000000bd28,r13=0x0,r14=0xffffffff8183a9e0,r15=0xffffffea
=> 0xffffffff8103fb1a <_prb_read_valid+525>:	xor    %eax,%eax
Regs: rax=0x0,rbx=0xffffffff8183a980,rcx=0xc0000000ffffefff,rdx=0x77,rsi=0xffffefff,rdi=0x3,rbp=0x0,rsp=0xffffc9000000bca0,r8=0x3,r9=0x1000,r10=0xffffc9000000bcd0,r11=0x3,r12=0xffffc9000000bd28,r13=0x0,r14=0xffffffff8183a9e0,r15=0xffffffea
=> 0xffffffff8103fb1c <_prb_read_valid+527>:	add    $0x50,%rsp
Regs: rax=0x0,rbx=0xffffffff8183a980,rcx=0xc0000000ffffefff,rdx=0x77,rsi=0xffffefff,rdi=0x3,rbp=0x0,rsp=0xffffc9000000bcf0,r8=0x3,r9=0x1000,r10=0xffffc9000000bcd0,r11=0x3,r12=0xffffc9000000bd28,r13=0x0,r14=0xffffffff8183a9e0,r15=0xffffffea
=> 0xffffffff8103fb20 <_prb_read_valid+531>:	pop    %rbx
Regs: rax=0x0,rbx=0x0,rcx=0xc0000000ffffefff,rdx=0x77,rsi=0xffffefff,rdi=0x3,rbp=0x0,rsp=0xffffc9000000bcf8,r8=0x3,r9=0x1000,r10=0xffffc9000000bcd0,r11=0x3,r12=0xffffc9000000bd28,r13=0x0,r14=0xffffffff8183a9e0,r15=0xffffffea
=> 0xffffffff8103fb21 <_prb_read_valid+532>:	pop    %rbp
Regs: rax=0x0,rbx=0x0,rcx=0xc0000000ffffefff,rdx=0x77,rsi=0xffffefff,rdi=0x3,rbp=0x0,rsp=0xffffc9000000bd00,r8=0x3,r9=0x1000,r10=0xffffc9000000bcd0,r11=0x3,r12=0xffffc9000000bd28,r13=0x0,r14=0xffffffff8183a9e0,r15=0xffffffea
=> 0xffffffff8103fb22 <_prb_read_valid+533>:	pop    %r12
Regs: rax=0x0,rbx=0x0,rcx=0xc0000000ffffefff,rdx=0x77,rsi=0xffffefff,rdi=0x3,rbp=0x0,rsp=0xffffc9000000bd08,r8=0x3,r9=0x1000,r10=0xffffc9000000bcd0,r11=0x3,r12=0x77,r13=0x0,r14=0xffffffff8183a9e0,r15=0xffffffea
=> 0xffffffff8103fb24 <_prb_read_valid+535>:	pop    %r13
Regs: rax=0x0,rbx=0x0,rcx=0xc0000000ffffefff,rdx=0x77,rsi=0xffffefff,rdi=0x3,rbp=0x0,rsp=0xffffc9000000bd10,r8=0x3,r9=0x1000,r10=0xffffc9000000bcd0,r11=0x3,r12=0x77,r13=0x0,r14=0xffffffff8183a9e0,r15=0xffffffea
=> 0xffffffff8103fb26 <_prb_read_valid+537>:	pop    %r14
Regs: rax=0x0,rbx=0x0,rcx=0xc0000000ffffefff,rdx=0x77,rsi=0xffffefff,rdi=0x3,rbp=0x0,rsp=0xffffc9000000bd18,r8=0x3,r9=0x1000,r10=0xffffc9000000bcd0,r11=0x3,r12=0x77,r13=0x0,r14=0x0,r15=0xffffffea
=> 0xffffffff8103fb28 <_prb_read_valid+539>:	pop    %r15
Regs: rax=0x0,rbx=0x0,rcx=0xc0000000ffffefff,rdx=0x77,rsi=0xffffefff,rdi=0x3,rbp=0x0,rsp=0xffffc9000000bd20,r8=0x3,r9=0x1000,r10=0xffffc9000000bcd0,r11=0x3,r12=0x77,r13=0x0,r14=0x0,r15=0x1
=> 0xffffffff8103fb2a <_prb_read_valid+541>:	ret    
Regs: rax=0x0,rbx=0x0,rcx=0xc0000000ffffefff,rdx=0x77,rsi=0xffffefff,rdi=0x3,rbp=0x0,rsp=0xffffc9000000bd28,r8=0x3,r9=0x1000,r10=0xffffc9000000bcd0,r11=0x3,r12=0x77,r13=0x0,r14=0x0,r15=0x1
=> 0xffffffff8104017f <prb_read_valid+15>:	pop    %rdx
Regs: rax=0x0,rbx=0x0,rcx=0xc0000000ffffefff,rdx=0x77,rsi=0xffffefff,rdi=0x3,rbp=0x0,rsp=0xffffc9000000bd30,r8=0x3,r9=0x1000,r10=0xffffc9000000bcd0,r11=0x3,r12=0x77,r13=0x0,r14=0x0,r15=0x1
=> 0xffffffff81040180 <prb_read_valid+16>:	ret    
Regs: rax=0x0,rbx=0x0,rcx=0xc0000000ffffefff,rdx=0x77,rsi=0xffffefff,rdi=0x3,rbp=0x0,rsp=0xffffc9000000bd38,r8=0x3,r9=0x1000,r10=0xffffc9000000bcd0,r11=0x3,r12=0x77,r13=0x0,r14=0x0,r15=0x1
=> 0xffffffff8103e8d7 <console_unlock+234>:	test   %al,%al
Regs: rax=0x0,rbx=0x0,rcx=0xc0000000ffffefff,rdx=0x77,rsi=0xffffefff,rdi=0x3,rbp=0x0,rsp=0xffffc9000000bd38,r8=0x3,r9=0x1000,r10=0xffffc9000000bcd0,r11=0x3,r12=0x77,r13=0x0,r14=0x0,r15=0x1
=> 0xffffffff8103e8d9 <console_unlock+236>:	je     0xffffffff8103e932 <console_unlock+325>
Regs: rax=0x0,rbx=0x0,rcx=0xc0000000ffffefff,rdx=0x77,rsi=0xffffefff,rdi=0x3,rbp=0x0,rsp=0xffffc9000000bd38,r8=0x3,r9=0x1000,r10=0xffffc9000000bcd0,r11=0x3,r12=0x77,r13=0x0,r14=0x0,r15=0x1
=> 0xffffffff8103e932 <console_unlock+325>:	add    $0x10,%rsp
Regs: rax=0x0,rbx=0x0,rcx=0xc0000000ffffefff,rdx=0x77,rsi=0xffffefff,rdi=0x3,rbp=0x0,rsp=0xffffc9000000bd48,r8=0x3,r9=0x1000,r10=0xffffc9000000bcd0,r11=0x3,r12=0x77,r13=0x0,r14=0x0,r15=0x1
=> 0xffffffff8103e936 <console_unlock+329>:	pop    %rbx
Regs: rax=0x0,rbx=0x1,rcx=0xc0000000ffffefff,rdx=0x77,rsi=0xffffefff,rdi=0x3,rbp=0x0,rsp=0xffffc9000000bd50,r8=0x3,r9=0x1000,r10=0xffffc9000000bcd0,r11=0x3,r12=0x77,r13=0x0,r14=0x0,r15=0x1
=> 0xffffffff8103e937 <console_unlock+330>:	pop    %rbp
Regs: rax=0x0,rbx=0x1,rcx=0xc0000000ffffefff,rdx=0x77,rsi=0xffffefff,rdi=0x3,rbp=0xffff888007b1d668,rsp=0xffffc9000000bd58,r8=0x3,r9=0x1000,r10=0xffffc9000000bcd0,r11=0x3,r12=0x77,r13=0x0,r14=0x0,r15=0x1
=> 0xffffffff8103e938 <console_unlock+331>:	pop    %r12
Regs: rax=0x0,rbx=0x1,rcx=0xc0000000ffffefff,rdx=0x77,rsi=0xffffefff,rdi=0x3,rbp=0xffff888007b1d668,rsp=0xffffc9000000bd60,r8=0x3,r9=0x1000,r10=0xffffc9000000bcd0,r11=0x3,r12=0x1,r13=0x0,r14=0x0,r15=0x1
=> 0xffffffff8103e93a <console_unlock+333>:	pop    %r13
Regs: rax=0x0,rbx=0x1,rcx=0xc0000000ffffefff,rdx=0x77,rsi=0xffffefff,rdi=0x3,rbp=0xffff888007b1d668,rsp=0xffffc9000000bd68,r8=0x3,r9=0x1000,r10=0xffffc9000000bcd0,r11=0x3,r12=0x1,r13=0xffff88800752fc00,r14=0x0,r15=0x1
=> 0xffffffff8103e93c <console_unlock+335>:	pop    %r14
Regs: rax=0x0,rbx=0x1,rcx=0xc0000000ffffefff,rdx=0x77,rsi=0xffffefff,rdi=0x3,rbp=0xffff888007b1d668,rsp=0xffffc9000000bd70,r8=0x3,r9=0x1000,r10=0xffffc9000000bcd0,r11=0x3,r12=0x1,r13=0xffff88800752fc00,r14=0xffffc90000075000,r15=0x1
=> 0xffffffff8103e93e <console_unlock+337>:	pop    %r15
Regs: rax=0x0,rbx=0x1,rcx=0xc0000000ffffefff,rdx=0x77,rsi=0xffffefff,rdi=0x3,rbp=0xffff888007b1d668,rsp=0xffffc9000000bd78,r8=0x3,r9=0x1000,r10=0xffffc9000000bcd0,r11=0x3,r12=0x1,r13=0xffff88800752fc00,r14=0xffffc90000075000,r15=0xffff888007615d80
=> 0xffffffff8103e940 <console_unlock+339>:	ret    
Regs: rax=0x0,rbx=0x1,rcx=0xc0000000ffffefff,rdx=0x77,rsi=0xffffefff,rdi=0x3,rbp=0xffff888007b1d668,rsp=0xffffc9000000bd80,r8=0x3,r9=0x1000,r10=0xffffc9000000bcd0,r11=0x3,r12=0x1,r13=0xffff88800752fc00,r14=0xffffc90000075000,r15=0xffff888007615d80
=> 0xffffffff810e0bf1 <con_write+28>:	mov    0x4(%rsp),%eax
Regs: rax=0x1,rbx=0x1,rcx=0xc0000000ffffefff,rdx=0x77,rsi=0xffffefff,rdi=0x3,rbp=0xffff888007b1d668,rsp=0xffffc9000000bd80,r8=0x3,r9=0x1000,r10=0xffffc9000000bcd0,r11=0x3,r12=0x1,r13=0xffff88800752fc00,r14=0xffffc90000075000,r15=0xffff888007615d80
=> 0xffffffff810e0bf5 <con_write+32>:	add    $0x10,%rsp
Regs: rax=0x1,rbx=0x1,rcx=0xc0000000ffffefff,rdx=0x77,rsi=0xffffefff,rdi=0x3,rbp=0xffff888007b1d668,rsp=0xffffc9000000bd90,r8=0x3,r9=0x1000,r10=0xffffc9000000bcd0,r11=0x3,r12=0x1,r13=0xffff88800752fc00,r14=0xffffc90000075000,r15=0xffff888007615d80
=> 0xffffffff810e0bf9 <con_write+36>:	ret    
Regs: rax=0x1,rbx=0x1,rcx=0xc0000000ffffefff,rdx=0x77,rsi=0xffffefff,rdi=0x3,rbp=0xffff888007b1d668,rsp=0xffffc9000000bd98,r8=0x3,r9=0x1000,r10=0xffffc9000000bcd0,r11=0x3,r12=0x1,r13=0xffff88800752fc00,r14=0xffffc90000075000,r15=0xffff888007615d80
=> 0xffffffff810d1f12 <n_tty_write+651>:	mov    0x18(%rsp),%rdi
Regs: rax=0x1,rbx=0x1,rcx=0xc0000000ffffefff,rdx=0x77,rsi=0xffffefff,rdi=0xffffc900000772a0,rbp=0xffff888007b1d668,rsp=0xffffc9000000bd98,r8=0x3,r9=0x1000,r10=0xffffc9000000bcd0,r11=0x3,r12=0x1,r13=0xffff88800752fc00,r14=0xffffc90000075000,r15=0xffff888007615d80
=> 0xffffffff810d1f17 <n_tty_write+656>:	movslq %eax,%rbx
Regs: rax=0x1,rbx=0x1,rcx=0xc0000000ffffefff,rdx=0x77,rsi=0xffffefff,rdi=0xffffc900000772a0,rbp=0xffff888007b1d668,rsp=0xffffc9000000bd98,r8=0x3,r9=0x1000,r10=0xffffc9000000bcd0,r11=0x3,r12=0x1,r13=0xffff88800752fc00,r14=0xffffc90000075000,r15=0xffff888007615d80
=> 0xffffffff810d1f1a <n_tty_write+659>:	call   0xffffffff811202ee <mutex_unlock>
Regs: rax=0x1,rbx=0x1,rcx=0xc0000000ffffefff,rdx=0x77,rsi=0xffffefff,rdi=0xffffc900000772a0,rbp=0xffff888007b1d668,rsp=0xffffc9000000bd90,r8=0x3,r9=0x1000,r10=0xffffc9000000bcd0,r11=0x3,r12=0x1,r13=0xffff88800752fc00,r14=0xffffc90000075000,r15=0xffff888007615d80
=> 0xffffffff811202ee <mutex_unlock>:	xor    %edx,%edx
Regs: rax=0x1,rbx=0x1,rcx=0xc0000000ffffefff,rdx=0x0,rsi=0xffffefff,rdi=0xffffc900000772a0,rbp=0xffff888007b1d668,rsp=0xffffc9000000bd90,r8=0x3,r9=0x1000,r10=0xffffc9000000bcd0,r11=0x3,r12=0x1,r13=0xffff88800752fc00,r14=0xffffc90000075000,r15=0xffff888007615d80
=> 0xffffffff811202f0 <mutex_unlock+2>:	mov    0xffffffff81836040,%rax
Regs: rax=0xffff888000152000,rbx=0x1,rcx=0xc0000000ffffefff,rdx=0x0,rsi=0xffffefff,rdi=0xffffc900000772a0,rbp=0xffff888007b1d668,rsp=0xffffc9000000bd90,r8=0x3,r9=0x1000,r10=0xffffc9000000bcd0,r11=0x3,r12=0x1,r13=0xffff88800752fc00,r14=0xffffc90000075000,r15=0xffff888007615d80
=> 0xffffffff811202f8 <mutex_unlock+10>:	cmpxchg %rdx,(%rdi)
Regs: rax=0xffff888000152000,rbx=0x1,rcx=0xc0000000ffffefff,rdx=0x0,rsi=0xffffefff,rdi=0xffffc900000772a0,rbp=0xffff888007b1d668,rsp=0xffffc9000000bd90,r8=0x3,r9=0x1000,r10=0xffffc9000000bcd0,r11=0x3,r12=0x1,r13=0xffff88800752fc00,r14=0xffffc90000075000,r15=0xffff888007615d80
=> 0xffffffff811202fc <mutex_unlock+14>:	je     0xffffffff81120303 <mutex_unlock+21>
Regs: rax=0xffff888000152000,rbx=0x1,rcx=0xc0000000ffffefff,rdx=0x0,rsi=0xffffefff,rdi=0xffffc900000772a0,rbp=0xffff888007b1d668,rsp=0xffffc9000000bd90,r8=0x3,r9=0x1000,r10=0xffffc9000000bcd0,r11=0x3,r12=0x1,r13=0xffff88800752fc00,r14=0xffffc90000075000,r15=0xffff888007615d80
=> 0xffffffff81120303 <mutex_unlock+21>:	ret    
Regs: rax=0xffff888000152000,rbx=0x1,rcx=0xc0000000ffffefff,rdx=0x0,rsi=0xffffefff,rdi=0xffffc900000772a0,rbp=0xffff888007b1d668,rsp=0xffffc9000000bd98,r8=0x3,r9=0x1000,r10=0xffffc9000000bcd0,r11=0x3,r12=0x1,r13=0xffff88800752fc00,r14=0xffffc90000075000,r15=0xffff888007615d80
=> 0xffffffff810d1f1f <n_tty_write+664>:	test   %rbx,%rbx
Regs: rax=0xffff888000152000,rbx=0x1,rcx=0xc0000000ffffefff,rdx=0x0,rsi=0xffffefff,rdi=0xffffc900000772a0,rbp=0xffff888007b1d668,rsp=0xffffc9000000bd98,r8=0x3,r9=0x1000,r10=0xffffc9000000bcd0,r11=0x3,r12=0x1,r13=0xffff88800752fc00,r14=0xffffc90000075000,r15=0xffff888007615d80
=> 0xffffffff810d1f22 <n_tty_write+667>:	js     0xffffffff810d1db9 <n_tty_write+306>
Regs: rax=0xffff888000152000,rbx=0x1,rcx=0xc0000000ffffefff,rdx=0x0,rsi=0xffffefff,rdi=0xffffc900000772a0,rbp=0xffff888007b1d668,rsp=0xffffc9000000bd98,r8=0x3,r9=0x1000,r10=0xffffc9000000bcd0,r11=0x3,r12=0x1,r13=0xffff88800752fc00,r14=0xffffc90000075000,r15=0xffff888007615d80
=> 0xffffffff810d1f28 <n_tty_write+673>:	add    %rbx,%r13
Regs: rax=0xffff888000152000,rbx=0x1,rcx=0xc0000000ffffefff,rdx=0x0,rsi=0xffffefff,rdi=0xffffc900000772a0,rbp=0xffff888007b1d668,rsp=0xffffc9000000bd98,r8=0x3,r9=0x1000,r10=0xffffc9000000bcd0,r11=0x3,r12=0x1,r13=0xffff88800752fc01,r14=0xffffc90000075000,r15=0xffff888007615d80
=> 0xffffffff810d1f2b <n_tty_write+676>:	sub    %rbx,%r12
Regs: rax=0xffff888000152000,rbx=0x1,rcx=0xc0000000ffffefff,rdx=0x0,rsi=0xffffefff,rdi=0xffffc900000772a0,rbp=0xffff888007b1d668,rsp=0xffffc9000000bd98,r8=0x3,r9=0x1000,r10=0xffffc9000000bcd0,r11=0x3,r12=0x0,r13=0xffff88800752fc01,r14=0xffffc90000075000,r15=0xffff888007615d80
=> 0xffffffff810d1f2e <n_tty_write+679>:	je     0xffffffff810d1f7a <n_tty_write+755>
Regs: rax=0xffff888000152000,rbx=0x1,rcx=0xc0000000ffffefff,rdx=0x0,rsi=0xffffefff,rdi=0xffffc900000772a0,rbp=0xffff888007b1d668,rsp=0xffffc9000000bd98,r8=0x3,r9=0x1000,r10=0xffffc9000000bcd0,r11=0x3,r12=0x0,r13=0xffff88800752fc01,r14=0xffffc90000075000,r15=0xffff888007615d80
=> 0xffffffff810d1f7a <n_tty_write+755>:	mov    0x18(%rbp),%rax
Regs: rax=0xffffffff81614560,rbx=0x1,rcx=0xc0000000ffffefff,rdx=0x0,rsi=0xffffefff,rdi=0xffffc900000772a0,rbp=0xffff888007b1d668,rsp=0xffffc9000000bd98,r8=0x3,r9=0x1000,r10=0xffffc9000000bcd0,r11=0x3,r12=0x0,r13=0xffff88800752fc01,r14=0xffffc90000075000,r15=0xffff888007615d80
=> 0xffffffff810d1f7e <n_tty_write+759>:	mov    0x48(%rax),%rax
Regs: rax=0xffffffff810dcfe6,rbx=0x1,rcx=0xc0000000ffffefff,rdx=0x0,rsi=0xffffefff,rdi=0xffffc900000772a0,rbp=0xffff888007b1d668,rsp=0xffffc9000000bd98,r8=0x3,r9=0x1000,r10=0xffffc9000000bcd0,r11=0x3,r12=0x0,r13=0xffff88800752fc01,r14=0xffffc90000075000,r15=0xffff888007615d80
=> 0xffffffff810d1f82 <n_tty_write+763>:	test   %rax,%rax
Regs: rax=0xffffffff810dcfe6,rbx=0x1,rcx=0xc0000000ffffefff,rdx=0x0,rsi=0xffffefff,rdi=0xffffc900000772a0,rbp=0xffff888007b1d668,rsp=0xffffc9000000bd98,r8=0x3,r9=0x1000,r10=0xffffc9000000bcd0,r11=0x3,r12=0x0,r13=0xffff88800752fc01,r14=0xffffc90000075000,r15=0xffff888007615d80
=> 0xffffffff810d1f85 <n_tty_write+766>:	je     0xffffffff810d1ff0 <n_tty_write+873>
Regs: rax=0xffffffff810dcfe6,rbx=0x1,rcx=0xc0000000ffffefff,rdx=0x0,rsi=0xffffefff,rdi=0xffffc900000772a0,rbp=0xffff888007b1d668,rsp=0xffffc9000000bd98,r8=0x3,r9=0x1000,r10=0xffffc9000000bcd0,r11=0x3,r12=0x0,r13=0xffff88800752fc01,r14=0xffffc90000075000,r15=0xffff888007615d80
=> 0xffffffff810d1f87 <n_tty_write+768>:	mov    %rbp,%rdi
Regs: rax=0xffffffff810dcfe6,rbx=0x1,rcx=0xc0000000ffffefff,rdx=0x0,rsi=0xffffefff,rdi=0xffff888007b1d668,rbp=0xffff888007b1d668,rsp=0xffffc9000000bd98,r8=0x3,r9=0x1000,r10=0xffffc9000000bcd0,r11=0x3,r12=0x0,r13=0xffff88800752fc01,r14=0xffffc90000075000,r15=0xffff888007615d80
=> 0xffffffff810d1f8a <n_tty_write+771>:	call   *%rax
Regs: rax=0xffffffff810dcfe6,rbx=0x1,rcx=0xc0000000ffffefff,rdx=0x0,rsi=0xffffefff,rdi=0xffff888007b1d668,rbp=0xffff888007b1d668,rsp=0xffffc9000000bd90,r8=0x3,r9=0x1000,r10=0xffffc9000000bcd0,r11=0x3,r12=0x0,r13=0xffff88800752fc01,r14=0xffffc90000075000,r15=0xffff888007615d80
=> 0xffffffff810dcfe6 <con_flush_chars>:	mov    0x75805c(%rip),%eax        # 0xffffffff81835048 <__preempt_count>
Regs: rax=0x80000000,rbx=0x1,rcx=0xc0000000ffffefff,rdx=0x0,rsi=0xffffefff,rdi=0xffff888007b1d668,rbp=0xffff888007b1d668,rsp=0xffffc9000000bd90,r8=0x3,r9=0x1000,r10=0xffffc9000000bcd0,r11=0x3,r12=0x0,r13=0xffff88800752fc01,r14=0xffffc90000075000,r15=0xffff888007615d80
=> 0xffffffff810dcfec <con_flush_chars+6>:	test   $0xffff00,%eax
Regs: rax=0x80000000,rbx=0x1,rcx=0xc0000000ffffefff,rdx=0x0,rsi=0xffffefff,rdi=0xffff888007b1d668,rbp=0xffff888007b1d668,rsp=0xffffc9000000bd90,r8=0x3,r9=0x1000,r10=0xffffc9000000bcd0,r11=0x3,r12=0x0,r13=0xffff88800752fc01,r14=0xffffc90000075000,r15=0xffff888007615d80
=> 0xffffffff810dcff1 <con_flush_chars+11>:	jne    0xffffffff810dd013 <con_flush_chars+45>
Regs: rax=0x80000000,rbx=0x1,rcx=0xc0000000ffffefff,rdx=0x0,rsi=0xffffefff,rdi=0xffff888007b1d668,rbp=0xffff888007b1d668,rsp=0xffffc9000000bd90,r8=0x3,r9=0x1000,r10=0xffffc9000000bcd0,r11=0x3,r12=0x0,r13=0xffff88800752fc01,r14=0xffffc90000075000,r15=0xffff888007615d80
=> 0xffffffff810dcff3 <con_flush_chars+13>:	push   %rbx
Regs: rax=0x80000000,rbx=0x1,rcx=0xc0000000ffffefff,rdx=0x0,rsi=0xffffefff,rdi=0xffff888007b1d668,rbp=0xffff888007b1d668,rsp=0xffffc9000000bd88,r8=0x3,r9=0x1000,r10=0xffffc9000000bcd0,r11=0x3,r12=0x0,r13=0xffff88800752fc01,r14=0xffffc90000075000,r15=0xffff888007615d80
=> 0xffffffff810dcff4 <con_flush_chars+14>:	mov    %rdi,%rbx
Regs: rax=0x80000000,rbx=0xffff888007b1d668,rcx=0xc0000000ffffefff,rdx=0x0,rsi=0xffffefff,rdi=0xffff888007b1d668,rbp=0xffff888007b1d668,rsp=0xffffc9000000bd88,r8=0x3,r9=0x1000,r10=0xffffc9000000bcd0,r11=0x3,r12=0x0,r13=0xffff88800752fc01,r14=0xffffc90000075000,r15=0xffff888007615d80
=> 0xffffffff810dcff7 <con_flush_chars+17>:	call   0xffffffff8103e78a <console_lock>
Regs: rax=0x80000000,rbx=0xffff888007b1d668,rcx=0xc0000000ffffefff,rdx=0x0,rsi=0xffffefff,rdi=0xffff888007b1d668,rbp=0xffff888007b1d668,rsp=0xffffc9000000bd80,r8=0x3,r9=0x1000,r10=0xffffc9000000bcd0,r11=0x3,r12=0x0,r13=0xffff88800752fc01,r14=0xffffc90000075000,r15=0xffff888007615d80
=> 0xffffffff8103e78a <console_lock>:	mov    $0xffffffff818aaa30,%rdi
Regs: rax=0x80000000,rbx=0xffff888007b1d668,rcx=0xc0000000ffffefff,rdx=0x0,rsi=0xffffefff,rdi=0xffffffff818aaa30,rbp=0xffff888007b1d668,rsp=0xffffc9000000bd80,r8=0x3,r9=0x1000,r10=0xffffc9000000bcd0,r11=0x3,r12=0x0,r13=0xffff88800752fc01,r14=0xffffc90000075000,r15=0xffff888007615d80
=> 0xffffffff8103e791 <console_lock+7>:	call   0xffffffff81120526 <down>
Regs: rax=0x80000000,rbx=0xffff888007b1d668,rcx=0xc0000000ffffefff,rdx=0x0,rsi=0xffffefff,rdi=0xffffffff818aaa30,rbp=0xffff888007b1d668,rsp=0xffffc9000000bd78,r8=0x3,r9=0x1000,r10=0xffffc9000000bcd0,r11=0x3,r12=0x0,r13=0xffff88800752fc01,r14=0xffffc90000075000,r15=0xffff888007615d80
=> 0xffffffff81120526 <down>:	push   %rbx
Regs: rax=0x80000000,rbx=0xffff888007b1d668,rcx=0xc0000000ffffefff,rdx=0x0,rsi=0xffffefff,rdi=0xffffffff818aaa30,rbp=0xffff888007b1d668,rsp=0xffffc9000000bd70,r8=0x3,r9=0x1000,r10=0xffffc9000000bcd0,r11=0x3,r12=0x0,r13=0xffff88800752fc01,r14=0xffffc90000075000,r15=0xffff888007615d80
=> 0xffffffff81120527 <down+1>:	pushf  
Regs: rax=0x80000000,rbx=0xffff888007b1d668,rcx=0xc0000000ffffefff,rdx=0x0,rsi=0xffffefff,rdi=0xffffffff818aaa30,rbp=0xffff888007b1d668,rsp=0xffffc9000000bd68,r8=0x3,r9=0x1000,r10=0xffffc9000000bcd0,r11=0x3,r12=0x0,r13=0xffff88800752fc01,r14=0xffffc90000075000,r15=0xffff888007615d80
=> 0xffffffff81120528 <down+2>:	pop    %rbx
Regs: rax=0x80000000,rbx=0x346,rcx=0xc0000000ffffefff,rdx=0x0,rsi=0xffffefff,rdi=0xffffffff818aaa30,rbp=0xffff888007b1d668,rsp=0xffffc9000000bd70,r8=0x3,r9=0x1000,r10=0xffffc9000000bcd0,r11=0x3,r12=0x0,r13=0xffff88800752fc01,r14=0xffffc90000075000,r15=0xffff888007615d80
=> 0xffffffff81120529 <down+3>:	cli    
Regs: rax=0x80000000,rbx=0x346,rcx=0xc0000000ffffefff,rdx=0x0,rsi=0xffffefff,rdi=0xffffffff818aaa30,rbp=0xffff888007b1d668,rsp=0xffffc9000000bd70,r8=0x3,r9=0x1000,r10=0xffffc9000000bcd0,r11=0x3,r12=0x0,r13=0xffff88800752fc01,r14=0xffffc90000075000,r15=0xffff888007615d80
=> 0xffffffff8112052a <down+4>:	mov    (%rdi),%eax
Regs: rax=0x1,rbx=0x346,rcx=0xc0000000ffffefff,rdx=0x0,rsi=0xffffefff,rdi=0xffffffff818aaa30,rbp=0xffff888007b1d668,rsp=0xffffc9000000bd70,r8=0x3,r9=0x1000,r10=0xffffc9000000bcd0,r11=0x3,r12=0x0,r13=0xffff88800752fc01,r14=0xffffc90000075000,r15=0xffff888007615d80
=> 0xffffffff8112052c <down+6>:	test   %eax,%eax
Regs: rax=0x1,rbx=0x346,rcx=0xc0000000ffffefff,rdx=0x0,rsi=0xffffefff,rdi=0xffffffff818aaa30,rbp=0xffff888007b1d668,rsp=0xffffc9000000bd70,r8=0x3,r9=0x1000,r10=0xffffc9000000bcd0,r11=0x3,r12=0x0,r13=0xffff88800752fc01,r14=0xffffc90000075000,r15=0xffff888007615d80
=> 0xffffffff8112052e <down+8>:	je     0xffffffff81120536 <down+16>
Regs: rax=0x1,rbx=0x346,rcx=0xc0000000ffffefff,rdx=0x0,rsi=0xffffefff,rdi=0xffffffff818aaa30,rbp=0xffff888007b1d668,rsp=0xffffc9000000bd70,r8=0x3,r9=0x1000,r10=0xffffc9000000bcd0,r11=0x3,r12=0x0,r13=0xffff88800752fc01,r14=0xffffc90000075000,r15=0xffff888007615d80
=> 0xffffffff81120530 <down+10>:	dec    %eax
Regs: rax=0x0,rbx=0x346,rcx=0xc0000000ffffefff,rdx=0x0,rsi=0xffffefff,rdi=0xffffffff818aaa30,rbp=0xffff888007b1d668,rsp=0xffffc9000000bd70,r8=0x3,r9=0x1000,r10=0xffffc9000000bcd0,r11=0x3,r12=0x0,r13=0xffff88800752fc01,r14=0xffffc90000075000,r15=0xffff888007615d80
=> 0xffffffff81120532 <down+12>:	mov    %eax,(%rdi)
Regs: rax=0x0,rbx=0x346,rcx=0xc0000000ffffefff,rdx=0x0,rsi=0xffffefff,rdi=0xffffffff818aaa30,rbp=0xffff888007b1d668,rsp=0xffffc9000000bd70,r8=0x3,r9=0x1000,r10=0xffffc9000000bcd0,r11=0x3,r12=0x0,r13=0xffff88800752fc01,r14=0xffffc90000075000,r15=0xffff888007615d80
=> 0xffffffff81120534 <down+14>:	jmp    0xffffffff8112053b <down+21>
Regs: rax=0x0,rbx=0x346,rcx=0xc0000000ffffefff,rdx=0x0,rsi=0xffffefff,rdi=0xffffffff818aaa30,rbp=0xffff888007b1d668,rsp=0xffffc9000000bd70,r8=0x3,r9=0x1000,r10=0xffffc9000000bcd0,r11=0x3,r12=0x0,r13=0xffff88800752fc01,r14=0xffffc90000075000,r15=0xffff888007615d80
=> 0xffffffff8112053b <down+21>:	bt     $0x9,%ebx
Regs: rax=0x0,rbx=0x346,rcx=0xc0000000ffffefff,rdx=0x0,rsi=0xffffefff,rdi=0xffffffff818aaa30,rbp=0xffff888007b1d668,rsp=0xffffc9000000bd70,r8=0x3,r9=0x1000,r10=0xffffc9000000bcd0,r11=0x3,r12=0x0,r13=0xffff88800752fc01,r14=0xffffc90000075000,r15=0xffff888007615d80
=> 0xffffffff8112053f <down+25>:	jae    0xffffffff81120542 <down+28>
Regs: rax=0x0,rbx=0x346,rcx=0xc0000000ffffefff,rdx=0x0,rsi=0xffffefff,rdi=0xffffffff818aaa30,rbp=0xffff888007b1d668,rsp=0xffffc9000000bd70,r8=0x3,r9=0x1000,r10=0xffffc9000000bcd0,r11=0x3,r12=0x0,r13=0xffff88800752fc01,r14=0xffffc90000075000,r15=0xffff888007615d80
=> 0xffffffff81120541 <down+27>:	sti    
Regs: rax=0x0,rbx=0x346,rcx=0xc0000000ffffefff,rdx=0x0,rsi=0xffffefff,rdi=0xffffffff818aaa30,rbp=0xffff888007b1d668,rsp=0xffffc9000000bd70,r8=0x3,r9=0x1000,r10=0xffffc9000000bcd0,r11=0x3,r12=0x0,r13=0xffff88800752fc01,r14=0xffffc90000075000,r15=0xffff888007615d80
=> 0xffffffff81120542 <down+28>:	pop    %rbx
Regs: rax=0x0,rbx=0xffff888007b1d668,rcx=0xc0000000ffffefff,rdx=0x0,rsi=0xffffefff,rdi=0xffffffff818aaa30,rbp=0xffff888007b1d668,rsp=0xffffc9000000bd78,r8=0x3,r9=0x1000,r10=0xffffc9000000bcd0,r11=0x3,r12=0x0,r13=0xffff88800752fc01,r14=0xffffc90000075000,r15=0xffff888007615d80
=> 0xffffffff81120543 <down+29>:	ret    
Regs: rax=0x0,rbx=0xffff888007b1d668,rcx=0xc0000000ffffefff,rdx=0x0,rsi=0xffffefff,rdi=0xffffffff818aaa30,rbp=0xffff888007b1d668,rsp=0xffffc9000000bd80,r8=0x3,r9=0x1000,r10=0xffffc9000000bcd0,r11=0x3,r12=0x0,r13=0xffff88800752fc01,r14=0xffffc90000075000,r15=0xffff888007615d80
=> 0xffffffff8103e796 <console_lock+12>:	cmpl   $0x0,0x926243(%rip)        # 0xffffffff819649e0 <console_suspended>
Regs: rax=0x0,rbx=0xffff888007b1d668,rcx=0xc0000000ffffefff,rdx=0x0,rsi=0xffffefff,rdi=0xffffffff818aaa30,rbp=0xffff888007b1d668,rsp=0xffffc9000000bd80,r8=0x3,r9=0x1000,r10=0xffffc9000000bcd0,r11=0x3,r12=0x0,r13=0xffff88800752fc01,r14=0xffffc90000075000,r15=0xffff888007615d80
=> 0xffffffff8103e79d <console_lock+19>:	jne    0xffffffff8103e7b3 <console_lock+41>
Regs: rax=0x0,rbx=0xffff888007b1d668,rcx=0xc0000000ffffefff,rdx=0x0,rsi=0xffffefff,rdi=0xffffffff818aaa30,rbp=0xffff888007b1d668,rsp=0xffffc9000000bd80,r8=0x3,r9=0x1000,r10=0xffffc9000000bcd0,r11=0x3,r12=0x0,r13=0xffff88800752fc01,r14=0xffffc90000075000,r15=0xffff888007615d80
=> 0xffffffff8103e79f <console_lock+21>:	movl   $0x1,0x92623b(%rip)        # 0xffffffff819649e4 <console_locked>
Regs: rax=0x0,rbx=0xffff888007b1d668,rcx=0xc0000000ffffefff,rdx=0x0,rsi=0xffffefff,rdi=0xffffffff818aaa30,rbp=0xffff888007b1d668,rsp=0xffffc9000000bd80,r8=0x3,r9=0x1000,r10=0xffffc9000000bcd0,r11=0x3,r12=0x0,r13=0xffff88800752fc01,r14=0xffffc90000075000,r15=0xffff888007615d80
=> 0xffffffff8103e7a9 <console_lock+31>:	movl   $0x1,0x926121(%rip)        # 0xffffffff819648d4 <console_may_schedule>
Regs: rax=0x0,rbx=0xffff888007b1d668,rcx=0xc0000000ffffefff,rdx=0x0,rsi=0xffffefff,rdi=0xffffffff818aaa30,rbp=0xffff888007b1d668,rsp=0xffffc9000000bd80,r8=0x3,r9=0x1000,r10=0xffffc9000000bcd0,r11=0x3,r12=0x0,r13=0xffff88800752fc01,r14=0xffffc90000075000,r15=0xffff888007615d80
=> 0xffffffff8103e7b3 <console_lock+41>:	ret    
Regs: rax=0x0,rbx=0xffff888007b1d668,rcx=0xc0000000ffffefff,rdx=0x0,rsi=0xffffefff,rdi=0xffffffff818aaa30,rbp=0xffff888007b1d668,rsp=0xffffc9000000bd88,r8=0x3,r9=0x1000,r10=0xffffc9000000bcd0,r11=0x3,r12=0x0,r13=0xffff88800752fc01,r14=0xffffc90000075000,r15=0xffff888007615d80
=> 0xffffffff810dcffc <con_flush_chars+22>:	mov    0x218(%rbx),%rdi
Regs: rax=0x0,rbx=0xffff888007b1d668,rcx=0xc0000000ffffefff,rdx=0x0,rsi=0xffffefff,rdi=0xffff888000143638,rbp=0xffff888007b1d668,rsp=0xffffc9000000bd88,r8=0x3,r9=0x1000,r10=0xffffc9000000bcd0,r11=0x3,r12=0x0,r13=0xffff88800752fc01,r14=0xffffc90000075000,r15=0xffff888007615d80
=> 0xffffffff810dd003 <con_flush_chars+29>:	test   %rdi,%rdi
Regs: rax=0x0,rbx=0xffff888007b1d668,rcx=0xc0000000ffffefff,rdx=0x0,rsi=0xffffefff,rdi=0xffff888000143638,rbp=0xffff888007b1d668,rsp=0xffffc9000000bd88,r8=0x3,r9=0x1000,r10=0xffffc9000000bcd0,r11=0x3,r12=0x0,r13=0xffff88800752fc01,r14=0xffffc90000075000,r15=0xffff888007615d80
=> 0xffffffff810dd006 <con_flush_chars+32>:	je     0xffffffff810dd00d <con_flush_chars+39>
Regs: rax=0x0,rbx=0xffff888007b1d668,rcx=0xc0000000ffffefff,rdx=0x0,rsi=0xffffefff,rdi=0xffff888000143638,rbp=0xffff888007b1d668,rsp=0xffffc9000000bd88,r8=0x3,r9=0x1000,r10=0xffffc9000000bcd0,r11=0x3,r12=0x0,r13=0xffff88800752fc01,r14=0xffffc90000075000,r15=0xffff888007615d80
=> 0xffffffff810dd008 <con_flush_chars+34>:	call   0xffffffff810dcf76 <set_cursor>
Regs: rax=0x0,rbx=0xffff888007b1d668,rcx=0xc0000000ffffefff,rdx=0x0,rsi=0xffffefff,rdi=0xffff888000143638,rbp=0xffff888007b1d668,rsp=0xffffc9000000bd80,r8=0x3,r9=0x1000,r10=0xffffc9000000bcd0,r11=0x3,r12=0x0,r13=0xffff88800752fc01,r14=0xffffc90000075000,r15=0xffff888007615d80
=> 0xffffffff810dcf76 <set_cursor>:	movzwl 0x170(%rdi),%eax
Regs: rax=0x0,rbx=0xffff888007b1d668,rcx=0xc0000000ffffefff,rdx=0x0,rsi=0xffffefff,rdi=0xffff888000143638,rbp=0xffff888007b1d668,rsp=0xffffc9000000bd80,r8=0x3,r9=0x1000,r10=0xffffc9000000bcd0,r11=0x3,r12=0x0,r13=0xffff88800752fc01,r14=0xffffc90000075000,r15=0xffff888007615d80
=> 0xffffffff810dcf7d <set_cursor+7>:	cmp    0x88c551(%rip),%eax        # 0xffffffff819694d4 <fg_console>
Regs: rax=0x0,rbx=0xffff888007b1d668,rcx=0xc0000000ffffefff,rdx=0x0,rsi=0xffffefff,rdi=0xffff888000143638,rbp=0xffff888007b1d668,rsp=0xffffc9000000bd80,r8=0x3,r9=0x1000,r10=0xffffc9000000bcd0,r11=0x3,r12=0x0,r13=0xffff88800752fc01,r14=0xffffc90000075000,r15=0xffff888007615d80
=> 0xffffffff810dcf83 <set_cursor+13>:	jne    0xffffffff810dcfe5 <set_cursor+111>
Regs: rax=0x0,rbx=0xffff888007b1d668,rcx=0xc0000000ffffefff,rdx=0x0,rsi=0xffffefff,rdi=0xffff888000143638,rbp=0xffff888007b1d668,rsp=0xffffc9000000bd80,r8=0x3,r9=0x1000,r10=0xffffc9000000bcd0,r11=0x3,r12=0x0,r13=0xffff88800752fc01,r14=0xffffc90000075000,r15=0xffff888007615d80
=> 0xffffffff810dcf85 <set_cursor+15>:	cmpl   $0x0,0x88c54c(%rip)        # 0xffffffff819694d8 <console_blanked>
Regs: rax=0x0,rbx=0xffff888007b1d668,rcx=0xc0000000ffffefff,rdx=0x0,rsi=0xffffefff,rdi=0xffff888000143638,rbp=0xffff888007b1d668,rsp=0xffffc9000000bd80,r8=0x3,r9=0x1000,r10=0xffffc9000000bcd0,r11=0x3,r12=0x0,r13=0xffff88800752fc01,r14=0xffffc90000075000,r15=0xffff888007615d80
=> 0xffffffff810dcf8c <set_cursor+22>:	jne    0xffffffff810dcfe5 <set_cursor+111>
Regs: rax=0x0,rbx=0xffff888007b1d668,rcx=0xc0000000ffffefff,rdx=0x0,rsi=0xffffefff,rdi=0xffff888000143638,rbp=0xffff888007b1d668,rsp=0xffffc9000000bd80,r8=0x3,r9=0x1000,r10=0xffffc9000000bcd0,r11=0x3,r12=0x0,r13=0xffff88800752fc01,r14=0xffffc90000075000,r15=0xffff888007615d80
=> 0xffffffff810dcf8e <set_cursor+24>:	push   %rbx
Regs: rax=0x0,rbx=0xffff888007b1d668,rcx=0xc0000000ffffefff,rdx=0x0,rsi=0xffffefff,rdi=0xffff888000143638,rbp=0xffff888007b1d668,rsp=0xffffc9000000bd78,r8=0x3,r9=0x1000,r10=0xffffc9000000bcd0,r11=0x3,r12=0x0,r13=0xffff88800752fc01,r14=0xffffc90000075000,r15=0xffff888007615d80
=> 0xffffffff810dcf8f <set_cursor+25>:	cmpb   $0x1,0x1bc(%rdi)
Regs: rax=0x0,rbx=0xffff888007b1d668,rcx=0xc0000000ffffefff,rdx=0x0,rsi=0xffffefff,rdi=0xffff888000143638,rbp=0xffff888007b1d668,rsp=0xffffc9000000bd78,r8=0x3,r9=0x1000,r10=0xffffc9000000bcd0,r11=0x3,r12=0x0,r13=0xffff88800752fc01,r14=0xffffc90000075000,r15=0xffff888007615d80
=> 0xffffffff810dcf96 <set_cursor+32>:	mov    %rdi,%rbx
Regs: rax=0x0,rbx=0xffff888000143638,rcx=0xc0000000ffffefff,rdx=0x0,rsi=0xffffefff,rdi=0xffff888000143638,rbp=0xffff888007b1d668,rsp=0xffffc9000000bd78,r8=0x3,r9=0x1000,r10=0xffffc9000000bcd0,r11=0x3,r12=0x0,r13=0xffff88800752fc01,r14=0xffffc90000075000,r15=0xffff888007615d80
=> 0xffffffff810dcf99 <set_cursor+35>:	je     0xffffffff810dcfe3 <set_cursor+109>
Regs: rax=0x0,rbx=0xffff888000143638,rcx=0xc0000000ffffefff,rdx=0x0,rsi=0xffffefff,rdi=0xffff888000143638,rbp=0xffff888007b1d668,rsp=0xffffc9000000bd78,r8=0x3,r9=0x1000,r10=0xffffc9000000bcd0,r11=0x3,r12=0x0,r13=0xffff88800752fc01,r14=0xffffc90000075000,r15=0xffff888007615d80
=> 0xffffffff810dcf9b <set_cursor+37>:	testb  $0x20,0x270(%rdi)
Regs: rax=0x0,rbx=0xffff888000143638,rcx=0xc0000000ffffefff,rdx=0x0,rsi=0xffffefff,rdi=0xffff888000143638,rbp=0xffff888007b1d668,rsp=0xffffc9000000bd78,r8=0x3,r9=0x1000,r10=0xffffc9000000bcd0,r11=0x3,r12=0x0,r13=0xffff88800752fc01,r14=0xffffc90000075000,r15=0xffff888007615d80
=> 0xffffffff810dcfa2 <set_cursor+44>:	je     0xffffffff810dcfdd <set_cursor+103>
Regs: rax=0x0,rbx=0xffff888000143638,rcx=0xc0000000ffffefff,rdx=0x0,rsi=0xffffefff,rdi=0xffff888000143638,rbp=0xffff888007b1d668,rsp=0xffffc9000000bd78,r8=0x3,r9=0x1000,r10=0xffffc9000000bcd0,r11=0x3,r12=0x0,r13=0xffff88800752fc01,r14=0xffffc90000075000,r15=0xffff888007615d80
=> 0xffffffff810dcfa4 <set_cursor+46>:	call   0xffffffff810d8cad <vc_is_sel>
Regs: rax=0x0,rbx=0xffff888000143638,rcx=0xc0000000ffffefff,rdx=0x0,rsi=0xffffefff,rdi=0xffff888000143638,rbp=0xffff888007b1d668,rsp=0xffffc9000000bd70,r8=0x3,r9=0x1000,r10=0xffffc9000000bcd0,r11=0x3,r12=0x0,r13=0xffff88800752fc01,r14=0xffffc90000075000,r15=0xffff888007615d80
=> 0xffffffff810d8cad <vc_is_sel>:	cmp    %rdi,0x7d6364(%rip)        # 0xffffffff818af018 <vc_sel+24>
Regs: rax=0x0,rbx=0xffff888000143638,rcx=0xc0000000ffffefff,rdx=0x0,rsi=0xffffefff,rdi=0xffff888000143638,rbp=0xffff888007b1d668,rsp=0xffffc9000000bd70,r8=0x3,r9=0x1000,r10=0xffffc9000000bcd0,r11=0x3,r12=0x0,r13=0xffff88800752fc01,r14=0xffffc90000075000,r15=0xffff888007615d80
=> 0xffffffff810d8cb4 <vc_is_sel+7>:	sete   %al
Regs: rax=0x0,rbx=0xffff888000143638,rcx=0xc0000000ffffefff,rdx=0x0,rsi=0xffffefff,rdi=0xffff888000143638,rbp=0xffff888007b1d668,rsp=0xffffc9000000bd70,r8=0x3,r9=0x1000,r10=0xffffc9000000bcd0,r11=0x3,r12=0x0,r13=0xffff88800752fc01,r14=0xffffc90000075000,r15=0xffff888007615d80
=> 0xffffffff810d8cb7 <vc_is_sel+10>:	ret    
Regs: rax=0x0,rbx=0xffff888000143638,rcx=0xc0000000ffffefff,rdx=0x0,rsi=0xffffefff,rdi=0xffff888000143638,rbp=0xffff888007b1d668,rsp=0xffffc9000000bd78,r8=0x3,r9=0x1000,r10=0xffffc9000000bcd0,r11=0x3,r12=0x0,r13=0xffff88800752fc01,r14=0xffffc90000075000,r15=0xffff888007615d80
=> 0xffffffff810dcfa9 <set_cursor+51>:	test   %al,%al
Regs: rax=0x0,rbx=0xffff888000143638,rcx=0xc0000000ffffefff,rdx=0x0,rsi=0xffffefff,rdi=0xffff888000143638,rbp=0xffff888007b1d668,rsp=0xffffc9000000bd78,r8=0x3,r9=0x1000,r10=0xffffc9000000bcd0,r11=0x3,r12=0x0,r13=0xffff88800752fc01,r14=0xffffc90000075000,r15=0xffff888007615d80
=> 0xffffffff810dcfab <set_cursor+53>:	je     0xffffffff810dcfb2 <set_cursor+60>
Regs: rax=0x0,rbx=0xffff888000143638,rcx=0xc0000000ffffefff,rdx=0x0,rsi=0xffffefff,rdi=0xffff888000143638,rbp=0xffff888007b1d668,rsp=0xffffc9000000bd78,r8=0x3,r9=0x1000,r10=0xffffc9000000bcd0,r11=0x3,r12=0x0,r13=0xffff88800752fc01,r14=0xffffc90000075000,r15=0xffff888007615d80
=> 0xffffffff810dcfb2 <set_cursor+60>:	mov    %rbx,%rdi
Regs: rax=0x0,rbx=0xffff888000143638,rcx=0xc0000000ffffefff,rdx=0x0,rsi=0xffffefff,rdi=0xffff888000143638,rbp=0xffff888007b1d668,rsp=0xffffc9000000bd78,r8=0x3,r9=0x1000,r10=0xffffc9000000bcd0,r11=0x3,r12=0x0,r13=0xffff88800752fc01,r14=0xffffc90000075000,r15=0xffff888007615d80
=> 0xffffffff810dcfb5 <set_cursor+63>:	call   0xffffffff810dcedb <add_softcursor>
Regs: rax=0x0,rbx=0xffff888000143638,rcx=0xc0000000ffffefff,rdx=0x0,rsi=0xffffefff,rdi=0xffff888000143638,rbp=0xffff888007b1d668,rsp=0xffffc9000000bd70,r8=0x3,r9=0x1000,r10=0xffffc9000000bcd0,r11=0x3,r12=0x0,r13=0xffff88800752fc01,r14=0xffffc90000075000,r15=0xffff888007615d80
=> 0xffffffff810dcedb <add_softcursor>:	mov    0x1d0(%rdi),%rcx
Regs: rax=0x0,rbx=0xffff888000143638,rcx=0xffff8880000bcf6a,rdx=0x0,rsi=0xffffefff,rdi=0xffff888000143638,rbp=0xffff888007b1d668,rsp=0xffffc9000000bd70,r8=0x3,r9=0x1000,r10=0xffffc9000000bcd0,r11=0x3,r12=0x0,r13=0xffff88800752fc01,r14=0xffffc90000075000,r15=0xffff888007615d80
=> 0xffffffff810dcee2 <add_softcursor+7>:	mov    0x1c4(%rdi),%edx
Regs: rax=0x0,rbx=0xffff888000143638,rcx=0xffff8880000bcf6a,rdx=0x2,rsi=0xffffefff,rdi=0xffff888000143638,rbp=0xffff888007b1d668,rsp=0xffffc9000000bd70,r8=0x3,r9=0x1000,r10=0xffffc9000000bcd0,r11=0x3,r12=0x0,r13=0xffff88800752fc01,r14=0xffffc90000075000,r15=0xffff888007615d80
=> 0xffffffff810dcee8 <add_softcursor+13>:	movzwl (%rcx),%eax
Regs: rax=0x720,rbx=0xffff888000143638,rcx=0xffff8880000bcf6a,rdx=0x2,rsi=0xffffefff,rdi=0xffff888000143638,rbp=0xffff888007b1d668,rsp=0xffffc9000000bd70,r8=0x3,r9=0x1000,r10=0xffffc9000000bcd0,r11=0x3,r12=0x0,r13=0xffff88800752fc01,r14=0xffffc90000075000,r15=0xffff888007615d80
=> 0xffffffff810dceeb <add_softcursor+16>:	test   $0x10,%dl
Regs: rax=0x720,rbx=0xffff888000143638,rcx=0xffff8880000bcf6a,rdx=0x2,rsi=0xffffefff,rdi=0xffff888000143638,rbp=0xffff888007b1d668,rsp=0xffffc9000000bd70,r8=0x3,r9=0x1000,r10=0xffffc9000000bcd0,r11=0x3,r12=0x0,r13=0xffff88800752fc01,r14=0xffffc90000075000,r15=0xffff888007615d80
=> 0xffffffff810dceee <add_softcursor+19>:	je     0xffffffff810dcf75 <add_softcursor+154>
Regs: rax=0x720,rbx=0xffff888000143638,rcx=0xffff8880000bcf6a,rdx=0x2,rsi=0xffffefff,rdi=0xffff888000143638,rbp=0xffff888007b1d668,rsp=0xffffc9000000bd70,r8=0x3,r9=0x1000,r10=0xffffc9000000bcd0,r11=0x3,r12=0x0,r13=0xffff88800752fc01,r14=0xffffc90000075000,r15=0xffff888007615d80
=> 0xffffffff810dcf75 <add_softcursor+154>:	ret    
Regs: rax=0x720,rbx=0xffff888000143638,rcx=0xffff8880000bcf6a,rdx=0x2,rsi=0xffffefff,rdi=0xffff888000143638,rbp=0xffff888007b1d668,rsp=0xffffc9000000bd78,r8=0x3,r9=0x1000,r10=0xffffc9000000bcd0,r11=0x3,r12=0x0,r13=0xffff88800752fc01,r14=0xffffc90000075000,r15=0xffff888007615d80
=> 0xffffffff810dcfba <set_cursor+68>:	mov    0x1c4(%rbx),%eax
Regs: rax=0x2,rbx=0xffff888000143638,rcx=0xffff8880000bcf6a,rdx=0x2,rsi=0xffffefff,rdi=0xffff888000143638,rbp=0xffff888007b1d668,rsp=0xffffc9000000bd78,r8=0x3,r9=0x1000,r10=0xffffc9000000bcd0,r11=0x3,r12=0x0,r13=0xffff88800752fc01,r14=0xffffc90000075000,r15=0xffff888007615d80
=> 0xffffffff810dcfc0 <set_cursor+74>:	and    $0xf,%eax
Regs: rax=0x2,rbx=0xffff888000143638,rcx=0xffff8880000bcf6a,rdx=0x2,rsi=0xffffefff,rdi=0xffff888000143638,rbp=0xffff888007b1d668,rsp=0xffffc9000000bd78,r8=0x3,r9=0x1000,r10=0xffffc9000000bcd0,r11=0x3,r12=0x0,r13=0xffff88800752fc01,r14=0xffffc90000075000,r15=0xffff888007615d80
=> 0xffffffff810dcfc3 <set_cursor+77>:	dec    %eax
Regs: rax=0x1,rbx=0xffff888000143638,rcx=0xffff8880000bcf6a,rdx=0x2,rsi=0xffffefff,rdi=0xffff888000143638,rbp=0xffff888007b1d668,rsp=0xffffc9000000bd78,r8=0x3,r9=0x1000,r10=0xffffc9000000bcd0,r11=0x3,r12=0x0,r13=0xffff88800752fc01,r14=0xffffc90000075000,r15=0xffff888007615d80
=> 0xffffffff810dcfc5 <set_cursor+79>:	je     0xffffffff810dcfe3 <set_cursor+109>
Regs: rax=0x1,rbx=0xffff888000143638,rcx=0xffff8880000bcf6a,rdx=0x2,rsi=0xffffefff,rdi=0xffff888000143638,rbp=0xffff888007b1d668,rsp=0xffffc9000000bd78,r8=0x3,r9=0x1000,r10=0xffffc9000000bcd0,r11=0x3,r12=0x0,r13=0xffff88800752fc01,r14=0xffffc90000075000,r15=0xffff888007615d80
=> 0xffffffff810dcfc7 <set_cursor+81>:	mov    0x1a8(%rbx),%rax
Regs: rax=0xffffffff81612320,rbx=0xffff888000143638,rcx=0xffff8880000bcf6a,rdx=0x2,rsi=0xffffefff,rdi=0xffff888000143638,rbp=0xffff888007b1d668,rsp=0xffffc9000000bd78,r8=0x3,r9=0x1000,r10=0xffffc9000000bcd0,r11=0x3,r12=0x0,r13=0xffff88800752fc01,r14=0xffffc90000075000,r15=0xffff888007615d80
=> 0xffffffff810dcfce <set_cursor+88>:	mov    %rbx,%rdi
Regs: rax=0xffffffff81612320,rbx=0xffff888000143638,rcx=0xffff8880000bcf6a,rdx=0x2,rsi=0xffffefff,rdi=0xffff888000143638,rbp=0xffff888007b1d668,rsp=0xffffc9000000bd78,r8=0x3,r9=0x1000,r10=0xffffc9000000bcd0,r11=0x3,r12=0x0,r13=0xffff88800752fc01,r14=0xffffc90000075000,r15=0xffff888007615d80
=> 0xffffffff810dcfd1 <set_cursor+91>:	mov    $0x1,%esi
Regs: rax=0xffffffff81612320,rbx=0xffff888000143638,rcx=0xffff8880000bcf6a,rdx=0x2,rsi=0x1,rdi=0xffff888000143638,rbp=0xffff888007b1d668,rsp=0xffffc9000000bd78,r8=0x3,r9=0x1000,r10=0xffffc9000000bcd0,r11=0x3,r12=0x0,r13=0xffff88800752fc01,r14=0xffffc90000075000,r15=0xffff888007615d80
=> 0xffffffff810dcfd6 <set_cursor+96>:	pop    %rbx
Regs: rax=0xffffffff81612320,rbx=0xffff888007b1d668,rcx=0xffff8880000bcf6a,rdx=0x2,rsi=0x1,rdi=0xffff888000143638,rbp=0xffff888007b1d668,rsp=0xffffc9000000bd80,r8=0x3,r9=0x1000,r10=0xffffc9000000bcd0,r11=0x3,r12=0x0,r13=0xffff88800752fc01,r14=0xffffc90000075000,r15=0xffff888007615d80
=> 0xffffffff810dcfd7 <set_cursor+97>:	mov    0x38(%rax),%rax
Regs: rax=0xffffffff810cc9c7,rbx=0xffff888007b1d668,rcx=0xffff8880000bcf6a,rdx=0x2,rsi=0x1,rdi=0xffff888000143638,rbp=0xffff888007b1d668,rsp=0xffffc9000000bd80,r8=0x3,r9=0x1000,r10=0xffffc9000000bcd0,r11=0x3,r12=0x0,r13=0xffff88800752fc01,r14=0xffffc90000075000,r15=0xffff888007615d80
=> 0xffffffff810dcfdb <set_cursor+101>:	jmp    *%rax
Regs: rax=0xffffffff810cc9c7,rbx=0xffff888007b1d668,rcx=0xffff8880000bcf6a,rdx=0x2,rsi=0x1,rdi=0xffff888000143638,rbp=0xffff888007b1d668,rsp=0xffffc9000000bd80,r8=0x3,r9=0x1000,r10=0xffffc9000000bcd0,r11=0x3,r12=0x0,r13=0xffff88800752fc01,r14=0xffffc90000075000,r15=0xffff888007615d80
=> 0xffffffff810cc9c7 <vgacon_cursor>:	cmpb   $0x0,0x1bc(%rdi)
Regs: rax=0xffffffff810cc9c7,rbx=0xffff888007b1d668,rcx=0xffff8880000bcf6a,rdx=0x2,rsi=0x1,rdi=0xffff888000143638,rbp=0xffff888007b1d668,rsp=0xffffc9000000bd80,r8=0x3,r9=0x1000,r10=0xffffc9000000bcd0,r11=0x3,r12=0x0,r13=0xffff88800752fc01,r14=0xffffc90000075000,r15=0xffff888007615d80
=> 0xffffffff810cc9ce <vgacon_cursor+7>:	jne    0xffffffff810ccae9 <vgacon_cursor+290>
Regs: rax=0xffffffff810cc9c7,rbx=0xffff888007b1d668,rcx=0xffff8880000bcf6a,rdx=0x2,rsi=0x1,rdi=0xffff888000143638,rbp=0xffff888007b1d668,rsp=0xffffc9000000bd80,r8=0x3,r9=0x1000,r10=0xffffc9000000bcd0,r11=0x3,r12=0x0,r13=0xffff88800752fc01,r14=0xffffc90000075000,r15=0xffff888007615d80
=> 0xffffffff810cc9d4 <vgacon_cursor+13>:	push   %rbp
Regs: rax=0xffffffff810cc9c7,rbx=0xffff888007b1d668,rcx=0xffff8880000bcf6a,rdx=0x2,rsi=0x1,rdi=0xffff888000143638,rbp=0xffff888007b1d668,rsp=0xffffc9000000bd78,r8=0x3,r9=0x1000,r10=0xffffc9000000bcd0,r11=0x3,r12=0x0,r13=0xffff88800752fc01,r14=0xffffc90000075000,r15=0xffff888007615d80
=> 0xffffffff810cc9d5 <vgacon_cursor+14>:	mov    %esi,%ebp
Regs: rax=0xffffffff810cc9c7,rbx=0xffff888007b1d668,rcx=0xffff8880000bcf6a,rdx=0x2,rsi=0x1,rdi=0xffff888000143638,rbp=0x1,rsp=0xffffc9000000bd78,r8=0x3,r9=0x1000,r10=0xffffc9000000bcd0,r11=0x3,r12=0x0,r13=0xffff88800752fc01,r14=0xffffc90000075000,r15=0xffff888007615d80
=> 0xffffffff810cc9d7 <vgacon_cursor+16>:	push   %rbx
Regs: rax=0xffffffff810cc9c7,rbx=0xffff888007b1d668,rcx=0xffff8880000bcf6a,rdx=0x2,rsi=0x1,rdi=0xffff888000143638,rbp=0x1,rsp=0xffffc9000000bd70,r8=0x3,r9=0x1000,r10=0xffffc9000000bcd0,r11=0x3,r12=0x0,r13=0xffff88800752fc01,r14=0xffffc90000075000,r15=0xffff888007615d80
=> 0xffffffff810cc9d8 <vgacon_cursor+17>:	mov    %rdi,%rbx
Regs: rax=0xffffffff810cc9c7,rbx=0xffff888000143638,rcx=0xffff8880000bcf6a,rdx=0x2,rsi=0x1,rdi=0xffff888000143638,rbp=0x1,rsp=0xffffc9000000bd70,r8=0x3,r9=0x1000,r10=0xffffc9000000bcd0,r11=0x3,r12=0x0,r13=0xffff88800752fc01,r14=0xffffc90000075000,r15=0xffff888007615d80
=> 0xffffffff810cc9db <vgacon_cursor+20>:	mov    0x198(%rdi),%rax
Regs: rax=0xffff8880000bc060,rbx=0xffff888000143638,rcx=0xffff8880000bcf6a,rdx=0x2,rsi=0x1,rdi=0xffff888000143638,rbp=0x1,rsp=0xffffc9000000bd70,r8=0x3,r9=0x1000,r10=0xffffc9000000bcd0,r11=0x3,r12=0x0,r13=0xffff88800752fc01,r14=0xffffc90000075000,r15=0xffff888007615d80
=> 0xffffffff810cc9e2 <vgacon_cursor+27>:	cmp    %rax,0x188(%rdi)
Regs: rax=0xffff8880000bc060,rbx=0xffff888000143638,rcx=0xffff8880000bcf6a,rdx=0x2,rsi=0x1,rdi=0xffff888000143638,rbp=0x1,rsp=0xffffc9000000bd70,r8=0x3,r9=0x1000,r10=0xffffc9000000bcd0,r11=0x3,r12=0x0,r13=0xffff88800752fc01,r14=0xffffc90000075000,r15=0xffff888007615d80
=> 0xffffffff810cc9e9 <vgacon_cursor+34>:	je     0xffffffff810cc9f2 <vgacon_cursor+43>
Regs: rax=0xffff8880000bc060,rbx=0xffff888000143638,rcx=0xffff8880000bcf6a,rdx=0x2,rsi=0x1,rdi=0xffff888000143638,rbp=0x1,rsp=0xffffc9000000bd70,r8=0x3,r9=0x1000,r10=0xffffc9000000bcd0,r11=0x3,r12=0x0,r13=0xffff88800752fc01,r14=0xffffc90000075000,r15=0xffff888007615d80
=> 0xffffffff810cc9f2 <vgacon_cursor+43>:	cmp    $0x2,%ebp
Regs: rax=0xffff8880000bc060,rbx=0xffff888000143638,rcx=0xffff8880000bcf6a,rdx=0x2,rsi=0x1,rdi=0xffff888000143638,rbp=0x1,rsp=0xffffc9000000bd70,r8=0x3,r9=0x1000,r10=0xffffc9000000bcd0,r11=0x3,r12=0x0,r13=0xffff88800752fc01,r14=0xffffc90000075000,r15=0xffff888007615d80
=> 0xffffffff810cc9f5 <vgacon_cursor+46>:	je     0xffffffff810cca04 <vgacon_cursor+61>
Regs: rax=0xffff8880000bc060,rbx=0xffff888000143638,rcx=0xffff8880000bcf6a,rdx=0x2,rsi=0x1,rdi=0xffff888000143638,rbp=0x1,rsp=0xffffc9000000bd70,r8=0x3,r9=0x1000,r10=0xffffc9000000bcd0,r11=0x3,r12=0x0,r13=0xffff88800752fc01,r14=0xffffc90000075000,r15=0xffff888007615d80
=> 0xffffffff810cc9f7 <vgacon_cursor+48>:	and    $0xfffffffd,%ebp
Regs: rax=0xffff8880000bc060,rbx=0xffff888000143638,rcx=0xffff8880000bcf6a,rdx=0x2,rsi=0x1,rdi=0xffff888000143638,rbp=0x1,rsp=0xffffc9000000bd70,r8=0x3,r9=0x1000,r10=0xffffc9000000bcd0,r11=0x3,r12=0x0,r13=0xffff88800752fc01,r14=0xffffc90000075000,r15=0xffff888007615d80
=> 0xffffffff810cc9fa <vgacon_cursor+51>:	dec    %ebp
Regs: rax=0xffff8880000bc060,rbx=0xffff888000143638,rcx=0xffff8880000bcf6a,rdx=0x2,rsi=0x1,rdi=0xffff888000143638,rbp=0x0,rsp=0xffffc9000000bd70,r8=0x3,r9=0x1000,r10=0xffffc9000000bcd0,r11=0x3,r12=0x0,r13=0xffff88800752fc01,r14=0xffffc90000075000,r15=0xffff888007615d80
=> 0xffffffff810cc9fc <vgacon_cursor+53>:	jne    0xffffffff810ccae6 <vgacon_cursor+287>
Regs: rax=0xffff8880000bc060,rbx=0xffff888000143638,rcx=0xffff8880000bcf6a,rdx=0x2,rsi=0x1,rdi=0xffff888000143638,rbp=0x0,rsp=0xffffc9000000bd70,r8=0x3,r9=0x1000,r10=0xffffc9000000bcd0,r11=0x3,r12=0x0,r13=0xffff88800752fc01,r14=0xffffc90000075000,r15=0xffff888007615d80
=> 0xffffffff810cca02 <vgacon_cursor+59>:	jmp    0xffffffff810cca3c <vgacon_cursor+117>
Regs: rax=0xffff8880000bc060,rbx=0xffff888000143638,rcx=0xffff8880000bcf6a,rdx=0x2,rsi=0x1,rdi=0xffff888000143638,rbp=0x0,rsp=0xffffc9000000bd70,r8=0x3,r9=0x1000,r10=0xffffc9000000bcd0,r11=0x3,r12=0x0,r13=0xffff88800752fc01,r14=0xffffc90000075000,r15=0xffff888007615d80
=> 0xffffffff810cca3c <vgacon_cursor+117>:	mov    0x1d0(%rbx),%rsi
Regs: rax=0xffff8880000bc060,rbx=0xffff888000143638,rcx=0xffff8880000bcf6a,rdx=0x2,rsi=0xffff8880000bcf6a,rdi=0xffff888000143638,rbp=0x0,rsp=0xffffc9000000bd70,r8=0x3,r9=0x1000,r10=0xffffc9000000bcd0,r11=0x3,r12=0x0,r13=0xffff88800752fc01,r14=0xffffc90000075000,r15=0xffff888007615d80
=> 0xffffffff810cca43 <vgacon_cursor+124>:	sub    0x7ec84e(%rip),%rsi        # 0xffffffff818b9298 <vga_vram_base>
Regs: rax=0xffff8880000bc060,rbx=0xffff888000143638,rcx=0xffff8880000bcf6a,rdx=0x2,rsi=0x4f6a,rdi=0xffff888000143638,rbp=0x0,rsp=0xffffc9000000bd70,r8=0x3,r9=0x1000,r10=0xffffc9000000bcd0,r11=0x3,r12=0x0,r13=0xffff88800752fc01,r14=0xffffc90000075000,r15=0xffff888007615d80
=> 0xffffffff810cca4a <vgacon_cursor+131>:	mov    $0xe,%edi
Regs: rax=0xffff8880000bc060,rbx=0xffff888000143638,rcx=0xffff8880000bcf6a,rdx=0x2,rsi=0x4f6a,rdi=0xe,rbp=0x0,rsp=0xffffc9000000bd70,r8=0x3,r9=0x1000,r10=0xffffc9000000bcd0,r11=0x3,r12=0x0,r13=0xffff88800752fc01,r14=0xffffc90000075000,r15=0xffff888007615d80
=> 0xffffffff810cca4f <vgacon_cursor+136>:	shr    %rsi
Regs: rax=0xffff8880000bc060,rbx=0xffff888000143638,rcx=0xffff8880000bcf6a,rdx=0x2,rsi=0x27b5,rdi=0xe,rbp=0x0,rsp=0xffffc9000000bd70,r8=0x3,r9=0x1000,r10=0xffffc9000000bcd0,r11=0x3,r12=0x0,r13=0xffff88800752fc01,r14=0xffffc90000075000,r15=0xffff888007615d80
=> 0xffffffff810cca52 <vgacon_cursor+139>:	call   0xffffffff810cc138 <write_vga>
Regs: rax=0xffff8880000bc060,rbx=0xffff888000143638,rcx=0xffff8880000bcf6a,rdx=0x2,rsi=0x27b5,rdi=0xe,rbp=0x0,rsp=0xffffc9000000bd68,r8=0x3,r9=0x1000,r10=0xffffc9000000bcd0,r11=0x3,r12=0x0,r13=0xffff88800752fc01,r14=0xffffc90000075000,r15=0xffff888007615d80
=> 0xffffffff810cc138 <write_vga>:	pushf  
Regs: rax=0xffff8880000bc060,rbx=0xffff888000143638,rcx=0xffff8880000bcf6a,rdx=0x2,rsi=0x27b5,rdi=0xe,rbp=0x0,rsp=0xffffc9000000bd60,r8=0x3,r9=0x1000,r10=0xffffc9000000bcd0,r11=0x3,r12=0x0,r13=0xffff88800752fc01,r14=0xffffc90000075000,r15=0xffff888007615d80
=> 0xffffffff810cc139 <write_vga+1>:	pop    %rcx
Regs: rax=0xffff8880000bc060,rbx=0xffff888000143638,rcx=0x302,rdx=0x2,rsi=0x27b5,rdi=0xe,rbp=0x0,rsp=0xffffc9000000bd68,r8=0x3,r9=0x1000,r10=0xffffc9000000bcd0,r11=0x3,r12=0x0,r13=0xffff88800752fc01,r14=0xffffc90000075000,r15=0xffff888007615d80
=> 0xffffffff810cc13a <write_vga+2>:	cli    
Regs: rax=0xffff8880000bc060,rbx=0xffff888000143638,rcx=0x302,rdx=0x2,rsi=0x27b5,rdi=0xe,rbp=0x0,rsp=0xffffc9000000bd68,r8=0x3,r9=0x1000,r10=0xffffc9000000bcd0,r11=0x3,r12=0x0,r13=0xffff88800752fc01,r14=0xffffc90000075000,r15=0xffff888007615d80
=> 0xffffffff810cc13b <write_vga+3>:	mov    %esi,%eax
Regs: rax=0x27b5,rbx=0xffff888000143638,rcx=0x302,rdx=0x2,rsi=0x27b5,rdi=0xe,rbp=0x0,rsp=0xffffc9000000bd68,r8=0x3,r9=0x1000,r10=0xffffc9000000bcd0,r11=0x3,r12=0x0,r13=0xffff88800752fc01,r14=0xffffc90000075000,r15=0xffff888007615d80
=> 0xffffffff810cc13d <write_vga+5>:	movzbl %dil,%edi
Regs: rax=0x27b5,rbx=0xffff888000143638,rcx=0x302,rdx=0x2,rsi=0x27b5,rdi=0xe,rbp=0x0,rsp=0xffffc9000000bd68,r8=0x3,r9=0x1000,r10=0xffffc9000000bcd0,r11=0x3,r12=0x0,r13=0xffff88800752fc01,r14=0xffffc90000075000,r15=0xffff888007615d80
=> 0xffffffff810cc141 <write_vga+9>:	mov    0x7ed13e(%rip),%dx        # 0xffffffff818b9286 <vga_video_port_reg>
Regs: rax=0x27b5,rbx=0xffff888000143638,rcx=0x302,rdx=0x3d4,rsi=0x27b5,rdi=0xe,rbp=0x0,rsp=0xffffc9000000bd68,r8=0x3,r9=0x1000,r10=0xffffc9000000bcd0,r11=0x3,r12=0x0,r13=0xffff88800752fc01,r14=0xffffc90000075000,r15=0xffff888007615d80
=> 0xffffffff810cc148 <write_vga+16>:	and    $0xff00,%eax
Regs: rax=0x2700,rbx=0xffff888000143638,rcx=0x302,rdx=0x3d4,rsi=0x27b5,rdi=0xe,rbp=0x0,rsp=0xffffc9000000bd68,r8=0x3,r9=0x1000,r10=0xffffc9000000bcd0,r11=0x3,r12=0x0,r13=0xffff88800752fc01,r14=0xffffc90000075000,r15=0xffff888007615d80
=> 0xffffffff810cc14d <write_vga+21>:	add    %edi,%eax
Regs: rax=0x270e,rbx=0xffff888000143638,rcx=0x302,rdx=0x3d4,rsi=0x27b5,rdi=0xe,rbp=0x0,rsp=0xffffc9000000bd68,r8=0x3,r9=0x1000,r10=0xffffc9000000bcd0,r11=0x3,r12=0x0,r13=0xffff88800752fc01,r14=0xffffc90000075000,r15=0xffff888007615d80
=> 0xffffffff810cc14f <write_vga+23>:	out    %ax,(%dx)
Regs: rax=0x270e,rbx=0xffff888000143638,rcx=0x302,rdx=0x3d4,rsi=0x27b5,rdi=0xe,rbp=0x0,rsp=0xffffc9000000bd68,r8=0x3,r9=0x1000,r10=0xffffc9000000bcd0,r11=0x3,r12=0x0,r13=0xffff88800752fc01,r14=0xffffc90000075000,r15=0xffff888007615d80
=> 0xffffffff810cc151 <write_vga+25>:	shl    $0x8,%esi
Regs: rax=0x270e,rbx=0xffff888000143638,rcx=0x302,rdx=0x3d4,rsi=0x27b500,rdi=0xe,rbp=0x0,rsp=0xffffc9000000bd68,r8=0x3,r9=0x1000,r10=0xffffc9000000bcd0,r11=0x3,r12=0x0,r13=0xffff88800752fc01,r14=0xffffc90000075000,r15=0xffff888007615d80
=> 0xffffffff810cc154 <write_vga+28>:	movzwl %si,%esi
Regs: rax=0x270e,rbx=0xffff888000143638,rcx=0x302,rdx=0x3d4,rsi=0xb500,rdi=0xe,rbp=0x0,rsp=0xffffc9000000bd68,r8=0x3,r9=0x1000,r10=0xffffc9000000bcd0,r11=0x3,r12=0x0,r13=0xffff88800752fc01,r14=0xffffc90000075000,r15=0xffff888007615d80
=> 0xffffffff810cc157 <write_vga+31>:	lea    0x1(%rdi,%rsi,1),%eax
Regs: rax=0xb50f,rbx=0xffff888000143638,rcx=0x302,rdx=0x3d4,rsi=0xb500,rdi=0xe,rbp=0x0,rsp=0xffffc9000000bd68,r8=0x3,r9=0x1000,r10=0xffffc9000000bcd0,r11=0x3,r12=0x0,r13=0xffff88800752fc01,r14=0xffffc90000075000,r15=0xffff888007615d80
=> 0xffffffff810cc15b <write_vga+35>:	out    %ax,(%dx)
Regs: rax=0xb50f,rbx=0xffff888000143638,rcx=0x302,rdx=0x3d4,rsi=0xb500,rdi=0xe,rbp=0x0,rsp=0xffffc9000000bd68,r8=0x3,r9=0x1000,r10=0xffffc9000000bcd0,r11=0x3,r12=0x0,r13=0xffff88800752fc01,r14=0xffffc90000075000,r15=0xffff888007615d80
=> 0xffffffff810cc15d <write_vga+37>:	bt     $0x9,%ecx
Regs: rax=0xb50f,rbx=0xffff888000143638,rcx=0x302,rdx=0x3d4,rsi=0xb500,rdi=0xe,rbp=0x0,rsp=0xffffc9000000bd68,r8=0x3,r9=0x1000,r10=0xffffc9000000bcd0,r11=0x3,r12=0x0,r13=0xffff88800752fc01,r14=0xffffc90000075000,r15=0xffff888007615d80
=> 0xffffffff810cc161 <write_vga+41>:	jae    0xffffffff810cc164 <write_vga+44>
Regs: rax=0xb50f,rbx=0xffff888000143638,rcx=0x302,rdx=0x3d4,rsi=0xb500,rdi=0xe,rbp=0x0,rsp=0xffffc9000000bd68,r8=0x3,r9=0x1000,r10=0xffffc9000000bcd0,r11=0x3,r12=0x0,r13=0xffff88800752fc01,r14=0xffffc90000075000,r15=0xffff888007615d80
=> 0xffffffff810cc163 <write_vga+43>:	sti    
Regs: rax=0xb50f,rbx=0xffff888000143638,rcx=0x302,rdx=0x3d4,rsi=0xb500,rdi=0xe,rbp=0x0,rsp=0xffffc9000000bd68,r8=0x3,r9=0x1000,r10=0xffffc9000000bcd0,r11=0x3,r12=0x0,r13=0xffff88800752fc01,r14=0xffffc90000075000,r15=0xffff888007615d80
=> 0xffffffff810cc164 <write_vga+44>:	ret    
Regs: rax=0xb50f,rbx=0xffff888000143638,rcx=0x302,rdx=0x3d4,rsi=0xb500,rdi=0xe,rbp=0x0,rsp=0xffffc9000000bd70,r8=0x3,r9=0x1000,r10=0xffffc9000000bcd0,r11=0x3,r12=0x0,r13=0xffff88800752fc01,r14=0xffffc90000075000,r15=0xffff888007615d80
=> 0xffffffff810cca57 <vgacon_cursor+144>:	mov    0x1c4(%rbx),%eax
Regs: rax=0x2,rbx=0xffff888000143638,rcx=0x302,rdx=0x3d4,rsi=0xb500,rdi=0xe,rbp=0x0,rsp=0xffffc9000000bd70,r8=0x3,r9=0x1000,r10=0xffffc9000000bcd0,r11=0x3,r12=0x0,r13=0xffff88800752fc01,r14=0xffffc90000075000,r15=0xffff888007615d80
=> 0xffffffff810cca5d <vgacon_cursor+150>:	and    $0xf,%eax
Regs: rax=0x2,rbx=0xffff888000143638,rcx=0x302,rdx=0x3d4,rsi=0xb500,rdi=0xe,rbp=0x0,rsp=0xffffc9000000bd70,r8=0x3,r9=0x1000,r10=0xffffc9000000bcd0,r11=0x3,r12=0x0,r13=0xffff88800752fc01,r14=0xffffc90000075000,r15=0xffff888007615d80
=> 0xffffffff810cca60 <vgacon_cursor+153>:	lea    -0x1(%rax),%edx
Regs: rax=0x2,rbx=0xffff888000143638,rcx=0x302,rdx=0x1,rsi=0xb500,rdi=0xe,rbp=0x0,rsp=0xffffc9000000bd70,r8=0x3,r9=0x1000,r10=0xffffc9000000bcd0,r11=0x3,r12=0x0,r13=0xffff88800752fc01,r14=0xffffc90000075000,r15=0xffff888007615d80
=> 0xffffffff810cca63 <vgacon_cursor+156>:	cmp    $0x4,%edx
Regs: rax=0x2,rbx=0xffff888000143638,rcx=0x302,rdx=0x1,rsi=0xb500,rdi=0xe,rbp=0x0,rsp=0xffffc9000000bd70,r8=0x3,r9=0x1000,r10=0xffffc9000000bcd0,r11=0x3,r12=0x0,r13=0xffff88800752fc01,r14=0xffffc90000075000,r15=0xffff888007615d80
=> 0xffffffff810cca66 <vgacon_cursor+159>:	ja     0xffffffff810ccad4 <vgacon_cursor+269>
Regs: rax=0x2,rbx=0xffff888000143638,rcx=0x302,rdx=0x1,rsi=0xb500,rdi=0xe,rbp=0x0,rsp=0xffffc9000000bd70,r8=0x3,r9=0x1000,r10=0xffffc9000000bcd0,r11=0x3,r12=0x0,r13=0xffff88800752fc01,r14=0xffffc90000075000,r15=0xffff888007615d80
=> 0xffffffff810cca68 <vgacon_cursor+161>:	jmp    *-0x7e9edd20(,%rdx,8)
Regs: rax=0x2,rbx=0xffff888000143638,rcx=0x302,rdx=0x1,rsi=0xb500,rdi=0xe,rbp=0x0,rsp=0xffffc9000000bd70,r8=0x3,r9=0x1000,r10=0xffffc9000000bcd0,r11=0x3,r12=0x0,r13=0xffff88800752fc01,r14=0xffffc90000075000,r15=0xffff888007615d80
=> 0xffffffff810cca6f <vgacon_cursor+168>:	mov    0x184(%rbx),%edi
Regs: rax=0x2,rbx=0xffff888000143638,rcx=0x302,rdx=0x1,rsi=0xb500,rdi=0x10,rbp=0x0,rsp=0xffffc9000000bd70,r8=0x3,r9=0x1000,r10=0xffffc9000000bcd0,r11=0x3,r12=0x0,r13=0xffff88800752fc01,r14=0xffffc90000075000,r15=0xffff888007615d80
=> 0xffffffff810cca75 <vgacon_cursor+174>:	lea    -0x1(%rdi),%esi
Regs: rax=0x2,rbx=0xffff888000143638,rcx=0x302,rdx=0x1,rsi=0xf,rdi=0x10,rbp=0x0,rsp=0xffffc9000000bd70,r8=0x3,r9=0x1000,r10=0xffffc9000000bcd0,r11=0x3,r12=0x0,r13=0xffff88800752fc01,r14=0xffffc90000075000,r15=0xffff888007615d80
=> 0xffffffff810cca78 <vgacon_cursor+177>:	cmp    $0x9,%edi
Regs: rax=0x2,rbx=0xffff888000143638,rcx=0x302,rdx=0x1,rsi=0xf,rdi=0x10,rbp=0x0,rsp=0xffffc9000000bd70,r8=0x3,r9=0x1000,r10=0xffffc9000000bcd0,r11=0x3,r12=0x0,r13=0xffff88800752fc01,r14=0xffffc90000075000,r15=0xffff888007615d80
=> 0xffffffff810cca7b <vgacon_cursor+180>:	jbe    0xffffffff810cca85 <vgacon_cursor+190>
Regs: rax=0x2,rbx=0xffff888000143638,rcx=0x302,rdx=0x1,rsi=0xf,rdi=0x10,rbp=0x0,rsp=0xffffc9000000bd70,r8=0x3,r9=0x1000,r10=0xffffc9000000bcd0,r11=0x3,r12=0x0,r13=0xffff88800752fc01,r14=0xffffc90000075000,r15=0xffff888007615d80
=> 0xffffffff810cca7d <vgacon_cursor+182>:	lea    -0x2(%rdi),%esi
Regs: rax=0x2,rbx=0xffff888000143638,rcx=0x302,rdx=0x1,rsi=0xe,rdi=0x10,rbp=0x0,rsp=0xffffc9000000bd70,r8=0x3,r9=0x1000,r10=0xffffc9000000bcd0,r11=0x3,r12=0x0,r13=0xffff88800752fc01,r14=0xffffc90000075000,r15=0xffff888007615d80
=> 0xffffffff810cca80 <vgacon_cursor+185>:	mov    $0x3,%eax
Regs: rax=0x3,rbx=0xffff888000143638,rcx=0x302,rdx=0x1,rsi=0xe,rdi=0x10,rbp=0x0,rsp=0xffffc9000000bd70,r8=0x3,r9=0x1000,r10=0xffffc9000000bcd0,r11=0x3,r12=0x0,r13=0xffff88800752fc01,r14=0xffffc90000075000,r15=0xffff888007615d80
=> 0xffffffff810cca85 <vgacon_cursor+190>:	sub    %eax,%edi
Regs: rax=0x3,rbx=0xffff888000143638,rcx=0x302,rdx=0x1,rsi=0xe,rdi=0xd,rbp=0x0,rsp=0xffffc9000000bd70,r8=0x3,r9=0x1000,r10=0xffffc9000000bcd0,r11=0x3,r12=0x0,r13=0xffff88800752fc01,r14=0xffffc90000075000,r15=0xffff888007615d80
=> 0xffffffff810cca87 <vgacon_cursor+192>:	jmp    0xffffffff810ccadf <vgacon_cursor+280>
Regs: rax=0x3,rbx=0xffff888000143638,rcx=0x302,rdx=0x1,rsi=0xe,rdi=0xd,rbp=0x0,rsp=0xffffc9000000bd70,r8=0x3,r9=0x1000,r10=0xffffc9000000bcd0,r11=0x3,r12=0x0,r13=0xffff88800752fc01,r14=0xffffc90000075000,r15=0xffff888007615d80
=> 0xffffffff810ccadf <vgacon_cursor+280>:	pop    %rbx
Regs: rax=0x3,rbx=0xffff888007b1d668,rcx=0x302,rdx=0x1,rsi=0xe,rdi=0xd,rbp=0x0,rsp=0xffffc9000000bd78,r8=0x3,r9=0x1000,r10=0xffffc9000000bcd0,r11=0x3,r12=0x0,r13=0xffff88800752fc01,r14=0xffffc90000075000,r15=0xffff888007615d80
=> 0xffffffff810ccae0 <vgacon_cursor+281>:	pop    %rbp
Regs: rax=0x3,rbx=0xffff888007b1d668,rcx=0x302,rdx=0x1,rsi=0xe,rdi=0xd,rbp=0xffff888007b1d668,rsp=0xffffc9000000bd80,r8=0x3,r9=0x1000,r10=0xffffc9000000bcd0,r11=0x3,r12=0x0,r13=0xffff88800752fc01,r14=0xffffc90000075000,r15=0xffff888007615d80
=> 0xffffffff810ccae1 <vgacon_cursor+282>:	jmp    0xffffffff810cc8e3 <vgacon_set_cursor_size>
Regs: rax=0x3,rbx=0xffff888007b1d668,rcx=0x302,rdx=0x1,rsi=0xe,rdi=0xd,rbp=0xffff888007b1d668,rsp=0xffffc9000000bd80,r8=0x3,r9=0x1000,r10=0xffffc9000000bcd0,r11=0x3,r12=0x0,r13=0xffff88800752fc01,r14=0xffffc90000075000,r15=0xffff888007615d80
=> 0xffffffff810cc8e3 <vgacon_set_cursor_size>:	cmp    %edi,0x89c59b(%rip)        # 0xffffffff81968e84 <cursor_size_lastfrom>
Regs: rax=0x3,rbx=0xffff888007b1d668,rcx=0x302,rdx=0x1,rsi=0xe,rdi=0xd,rbp=0xffff888007b1d668,rsp=0xffffc9000000bd80,r8=0x3,r9=0x1000,r10=0xffffc9000000bcd0,r11=0x3,r12=0x0,r13=0xffff88800752fc01,r14=0xffffc90000075000,r15=0xffff888007615d80
=> 0xffffffff810cc8e9 <vgacon_set_cursor_size+6>:	push   %r14
Regs: rax=0x3,rbx=0xffff888007b1d668,rcx=0x302,rdx=0x1,rsi=0xe,rdi=0xd,rbp=0xffff888007b1d668,rsp=0xffffc9000000bd78,r8=0x3,r9=0x1000,r10=0xffffc9000000bcd0,r11=0x3,r12=0x0,r13=0xffff88800752fc01,r14=0xffffc90000075000,r15=0xffff888007615d80
=> 0xffffffff810cc8eb <vgacon_set_cursor_size+8>:	mov    %edi,%r14d
Regs: rax=0x3,rbx=0xffff888007b1d668,rcx=0x302,rdx=0x1,rsi=0xe,rdi=0xd,rbp=0xffff888007b1d668,rsp=0xffffc9000000bd78,r8=0x3,r9=0x1000,r10=0xffffc9000000bcd0,r11=0x3,r12=0x0,r13=0xffff88800752fc01,r14=0xd,r15=0xffff888007615d80
=> 0xffffffff810cc8ee <vgacon_set_cursor_size+11>:	push   %r13
Regs: rax=0x3,rbx=0xffff888007b1d668,rcx=0x302,rdx=0x1,rsi=0xe,rdi=0xd,rbp=0xffff888007b1d668,rsp=0xffffc9000000bd70,r8=0x3,r9=0x1000,r10=0xffffc9000000bcd0,r11=0x3,r12=0x0,r13=0xffff88800752fc01,r14=0xd,r15=0xffff888007615d80
=> 0xffffffff810cc8f0 <vgacon_set_cursor_size+13>:	push   %r12
Regs: rax=0x3,rbx=0xffff888007b1d668,rcx=0x302,rdx=0x1,rsi=0xe,rdi=0xd,rbp=0xffff888007b1d668,rsp=0xffffc9000000bd68,r8=0x3,r9=0x1000,r10=0xffffc9000000bcd0,r11=0x3,r12=0x0,r13=0xffff88800752fc01,r14=0xd,r15=0xffff888007615d80
=> 0xffffffff810cc8f2 <vgacon_set_cursor_size+15>:	push   %rbp
Regs: rax=0x3,rbx=0xffff888007b1d668,rcx=0x302,rdx=0x1,rsi=0xe,rdi=0xd,rbp=0xffff888007b1d668,rsp=0xffffc9000000bd60,r8=0x3,r9=0x1000,r10=0xffffc9000000bcd0,r11=0x3,r12=0x0,r13=0xffff88800752fc01,r14=0xd,r15=0xffff888007615d80
=> 0xffffffff810cc8f3 <vgacon_set_cursor_size+16>:	push   %rbx
Regs: rax=0x3,rbx=0xffff888007b1d668,rcx=0x302,rdx=0x1,rsi=0xe,rdi=0xd,rbp=0xffff888007b1d668,rsp=0xffffc9000000bd58,r8=0x3,r9=0x1000,r10=0xffffc9000000bcd0,r11=0x3,r12=0x0,r13=0xffff88800752fc01,r14=0xd,r15=0xffff888007615d80
=> 0xffffffff810cc8f4 <vgacon_set_cursor_size+17>:	mov    %esi,%ebx
Regs: rax=0x3,rbx=0xe,rcx=0x302,rdx=0x1,rsi=0xe,rdi=0xd,rbp=0xffff888007b1d668,rsp=0xffffc9000000bd58,r8=0x3,r9=0x1000,r10=0xffffc9000000bcd0,r11=0x3,r12=0x0,r13=0xffff88800752fc01,r14=0xd,r15=0xffff888007615d80
=> 0xffffffff810cc8f6 <vgacon_set_cursor_size+19>:	jne    0xffffffff810cc904 <vgacon_set_cursor_size+33>
Regs: rax=0x3,rbx=0xe,rcx=0x302,rdx=0x1,rsi=0xe,rdi=0xd,rbp=0xffff888007b1d668,rsp=0xffffc9000000bd58,r8=0x3,r9=0x1000,r10=0xffffc9000000bcd0,r11=0x3,r12=0x0,r13=0xffff88800752fc01,r14=0xd,r15=0xffff888007615d80
=> 0xffffffff810cc8f8 <vgacon_set_cursor_size+21>:	cmp    %esi,0x89c582(%rip)        # 0xffffffff81968e80 <cursor_size_lastto>
Regs: rax=0x3,rbx=0xe,rcx=0x302,rdx=0x1,rsi=0xe,rdi=0xd,rbp=0xffff888007b1d668,rsp=0xffffc9000000bd58,r8=0x3,r9=0x1000,r10=0xffffc9000000bcd0,r11=0x3,r12=0x0,r13=0xffff88800752fc01,r14=0xd,r15=0xffff888007615d80
=> 0xffffffff810cc8fe <vgacon_set_cursor_size+27>:	je     0xffffffff810cc9be <vgacon_set_cursor_size+219>
Regs: rax=0x3,rbx=0xe,rcx=0x302,rdx=0x1,rsi=0xe,rdi=0xd,rbp=0xffff888007b1d668,rsp=0xffffc9000000bd58,r8=0x3,r9=0x1000,r10=0xffffc9000000bcd0,r11=0x3,r12=0x0,r13=0xffff88800752fc01,r14=0xd,r15=0xffff888007615d80
=> 0xffffffff810cc9be <vgacon_set_cursor_size+219>:	pop    %rbx
Regs: rax=0x3,rbx=0xffff888007b1d668,rcx=0x302,rdx=0x1,rsi=0xe,rdi=0xd,rbp=0xffff888007b1d668,rsp=0xffffc9000000bd60,r8=0x3,r9=0x1000,r10=0xffffc9000000bcd0,r11=0x3,r12=0x0,r13=0xffff88800752fc01,r14=0xd,r15=0xffff888007615d80
=> 0xffffffff810cc9bf <vgacon_set_cursor_size+220>:	pop    %rbp
Regs: rax=0x3,rbx=0xffff888007b1d668,rcx=0x302,rdx=0x1,rsi=0xe,rdi=0xd,rbp=0xffff888007b1d668,rsp=0xffffc9000000bd68,r8=0x3,r9=0x1000,r10=0xffffc9000000bcd0,r11=0x3,r12=0x0,r13=0xffff88800752fc01,r14=0xd,r15=0xffff888007615d80
=> 0xffffffff810cc9c0 <vgacon_set_cursor_size+221>:	pop    %r12
Regs: rax=0x3,rbx=0xffff888007b1d668,rcx=0x302,rdx=0x1,rsi=0xe,rdi=0xd,rbp=0xffff888007b1d668,rsp=0xffffc9000000bd70,r8=0x3,r9=0x1000,r10=0xffffc9000000bcd0,r11=0x3,r12=0x0,r13=0xffff88800752fc01,r14=0xd,r15=0xffff888007615d80
=> 0xffffffff810cc9c2 <vgacon_set_cursor_size+223>:	pop    %r13
Regs: rax=0x3,rbx=0xffff888007b1d668,rcx=0x302,rdx=0x1,rsi=0xe,rdi=0xd,rbp=0xffff888007b1d668,rsp=0xffffc9000000bd78,r8=0x3,r9=0x1000,r10=0xffffc9000000bcd0,r11=0x3,r12=0x0,r13=0xffff88800752fc01,r14=0xd,r15=0xffff888007615d80
=> 0xffffffff810cc9c4 <vgacon_set_cursor_size+225>:	pop    %r14
Regs: rax=0x3,rbx=0xffff888007b1d668,rcx=0x302,rdx=0x1,rsi=0xe,rdi=0xd,rbp=0xffff888007b1d668,rsp=0xffffc9000000bd80,r8=0x3,r9=0x1000,r10=0xffffc9000000bcd0,r11=0x3,r12=0x0,r13=0xffff88800752fc01,r14=0xffffc90000075000,r15=0xffff888007615d80
=> 0xffffffff810cc9c6 <vgacon_set_cursor_size+227>:	ret    
Regs: rax=0x3,rbx=0xffff888007b1d668,rcx=0x302,rdx=0x1,rsi=0xe,rdi=0xd,rbp=0xffff888007b1d668,rsp=0xffffc9000000bd88,r8=0x3,r9=0x1000,r10=0xffffc9000000bcd0,r11=0x3,r12=0x0,r13=0xffff88800752fc01,r14=0xffffc90000075000,r15=0xffff888007615d80
=> 0xffffffff810dd00d <con_flush_chars+39>:	pop    %rbx
Regs: rax=0x3,rbx=0x1,rcx=0x302,rdx=0x1,rsi=0xe,rdi=0xd,rbp=0xffff888007b1d668,rsp=0xffffc9000000bd90,r8=0x3,r9=0x1000,r10=0xffffc9000000bcd0,r11=0x3,r12=0x0,r13=0xffff88800752fc01,r14=0xffffc90000075000,r15=0xffff888007615d80
=> 0xffffffff810dd00e <con_flush_chars+40>:	jmp    0xffffffff8103e7ed <console_unlock>
Regs: rax=0x3,rbx=0x1,rcx=0x302,rdx=0x1,rsi=0xe,rdi=0xd,rbp=0xffff888007b1d668,rsp=0xffffc9000000bd90,r8=0x3,r9=0x1000,r10=0xffffc9000000bcd0,r11=0x3,r12=0x0,r13=0xffff88800752fc01,r14=0xffffc90000075000,r15=0xffff888007615d80
=> 0xffffffff8103e7ed <console_unlock>:	push   %r15
Regs: rax=0x3,rbx=0x1,rcx=0x302,rdx=0x1,rsi=0xe,rdi=0xd,rbp=0xffff888007b1d668,rsp=0xffffc9000000bd88,r8=0x3,r9=0x1000,r10=0xffffc9000000bcd0,r11=0x3,r12=0x0,r13=0xffff88800752fc01,r14=0xffffc90000075000,r15=0xffff888007615d80
=> 0xffffffff8103e7ef <console_unlock+2>:	push   %r14
Regs: rax=0x3,rbx=0x1,rcx=0x302,rdx=0x1,rsi=0xe,rdi=0xd,rbp=0xffff888007b1d668,rsp=0xffffc9000000bd80,r8=0x3,r9=0x1000,r10=0xffffc9000000bcd0,r11=0x3,r12=0x0,r13=0xffff88800752fc01,r14=0xffffc90000075000,r15=0xffff888007615d80
=> 0xffffffff8103e7f1 <console_unlock+4>:	xor    %r14d,%r14d
Regs: rax=0x3,rbx=0x1,rcx=0x302,rdx=0x1,rsi=0xe,rdi=0xd,rbp=0xffff888007b1d668,rsp=0xffffc9000000bd80,r8=0x3,r9=0x1000,r10=0xffffc9000000bcd0,r11=0x3,r12=0x0,r13=0xffff88800752fc01,r14=0x0,r15=0xffff888007615d80
=> 0xffffffff8103e7f4 <console_unlock+7>:	push   %r13
Regs: rax=0x3,rbx=0x1,rcx=0x302,rdx=0x1,rsi=0xe,rdi=0xd,rbp=0xffff888007b1d668,rsp=0xffffc9000000bd78,r8=0x3,r9=0x1000,r10=0xffffc9000000bcd0,r11=0x3,r12=0x0,r13=0xffff88800752fc01,r14=0x0,r15=0xffff888007615d80
=> 0xffffffff8103e7f6 <console_unlock+9>:	push   %r12
Regs: rax=0x3,rbx=0x1,rcx=0x302,rdx=0x1,rsi=0xe,rdi=0xd,rbp=0xffff888007b1d668,rsp=0xffffc9000000bd70,r8=0x3,r9=0x1000,r10=0xffffc9000000bcd0,r11=0x3,r12=0x0,r13=0xffff88800752fc01,r14=0x0,r15=0xffff888007615d80
=> 0xffffffff8103e7f8 <console_unlock+11>:	push   %rbp
Regs: rax=0x3,rbx=0x1,rcx=0x302,rdx=0x1,rsi=0xe,rdi=0xd,rbp=0xffff888007b1d668,rsp=0xffffc9000000bd68,r8=0x3,r9=0x1000,r10=0xffffc9000000bcd0,r11=0x3,r12=0x0,r13=0xffff88800752fc01,r14=0x0,r15=0xffff888007615d80
=> 0xffffffff8103e7f9 <console_unlock+12>:	push   %rbx
Regs: rax=0x3,rbx=0x1,rcx=0x302,rdx=0x1,rsi=0xe,rdi=0xd,rbp=0xffff888007b1d668,rsp=0xffffc9000000bd60,r8=0x3,r9=0x1000,r10=0xffffc9000000bcd0,r11=0x3,r12=0x0,r13=0xffff88800752fc01,r14=0x0,r15=0xffff888007615d80
=> 0xffffffff8103e7fa <console_unlock+13>:	sub    $0x10,%rsp
Regs: rax=0x3,rbx=0x1,rcx=0x302,rdx=0x1,rsi=0xe,rdi=0xd,rbp=0xffff888007b1d668,rsp=0xffffc9000000bd50,r8=0x3,r9=0x1000,r10=0xffffc9000000bcd0,r11=0x3,r12=0x0,r13=0xffff88800752fc01,r14=0x0,r15=0xffff888007615d80
=> 0xffffffff8103e7fe <console_unlock+17>:	mov    0x9260d0(%rip),%eax        # 0xffffffff819648d4 <console_may_schedule>
Regs: rax=0x1,rbx=0x1,rcx=0x302,rdx=0x1,rsi=0xe,rdi=0xd,rbp=0xffff888007b1d668,rsp=0xffffc9000000bd50,r8=0x3,r9=0x1000,r10=0xffffc9000000bcd0,r11=0x3,r12=0x0,r13=0xffff88800752fc01,r14=0x0,r15=0xffff888007615d80
=> 0xffffffff8103e804 <console_unlock+23>:	cmpl   $0x0,0x9261d5(%rip)        # 0xffffffff819649e0 <console_suspended>
Regs: rax=0x1,rbx=0x1,rcx=0x302,rdx=0x1,rsi=0xe,rdi=0xd,rbp=0xffff888007b1d668,rsp=0xffffc9000000bd50,r8=0x3,r9=0x1000,r10=0xffffc9000000bcd0,r11=0x3,r12=0x0,r13=0xffff88800752fc01,r14=0x0,r15=0xffff888007615d80
=> 0xffffffff8103e80b <console_unlock+30>:	movb   $0x0,0xf(%rsp)
Regs: rax=0x1,rbx=0x1,rcx=0x302,rdx=0x1,rsi=0xe,rdi=0xd,rbp=0xffff888007b1d668,rsp=0xffffc9000000bd50,r8=0x3,r9=0x1000,r10=0xffffc9000000bcd0,r11=0x3,r12=0x0,r13=0xffff88800752fc01,r14=0x0,r15=0xffff888007615d80
=> 0xffffffff8103e810 <console_unlock+35>:	mov    %eax,0x4(%rsp)
Regs: rax=0x1,rbx=0x1,rcx=0x302,rdx=0x1,rsi=0xe,rdi=0xd,rbp=0xffff888007b1d668,rsp=0xffffc9000000bd50,r8=0x3,r9=0x1000,r10=0xffffc9000000bcd0,r11=0x3,r12=0x0,r13=0xffff88800752fc01,r14=0x0,r15=0xffff888007615d80
=> 0xffffffff8103e814 <console_unlock+39>:	je     0xffffffff8103e8e4 <console_unlock+247>
Regs: rax=0x1,rbx=0x1,rcx=0x302,rdx=0x1,rsi=0xe,rdi=0xd,rbp=0xffff888007b1d668,rsp=0xffffc9000000bd50,r8=0x3,r9=0x1000,r10=0xffffc9000000bcd0,r11=0x3,r12=0x0,r13=0xffff88800752fc01,r14=0x0,r15=0xffff888007615d80
=> 0xffffffff8103e8e4 <console_unlock+247>:	xor    %esi,%esi
Regs: rax=0x1,rbx=0x1,rcx=0x302,rdx=0x1,rsi=0x0,rdi=0xd,rbp=0xffff888007b1d668,rsp=0xffffc9000000bd50,r8=0x3,r9=0x1000,r10=0xffffc9000000bcd0,r11=0x3,r12=0x0,r13=0xffff88800752fc01,r14=0x0,r15=0xffff888007615d80
=> 0xffffffff8103e8e6 <console_unlock+249>:	mov    %r14b,0xf(%rsp)
Regs: rax=0x1,rbx=0x1,rcx=0x302,rdx=0x1,rsi=0x0,rdi=0xd,rbp=0xffff888007b1d668,rsp=0xffffc9000000bd50,r8=0x3,r9=0x1000,r10=0xffffc9000000bcd0,r11=0x3,r12=0x0,r13=0xffff88800752fc01,r14=0x0,r15=0xffff888007615d80
=> 0xffffffff8103e8eb <console_unlock+254>:	xor    %r12d,%r12d
Regs: rax=0x1,rbx=0x1,rcx=0x302,rdx=0x1,rsi=0x0,rdi=0xd,rbp=0xffff888007b1d668,rsp=0xffffc9000000bd50,r8=0x3,r9=0x1000,r10=0xffffc9000000bcd0,r11=0x3,r12=0x0,r13=0xffff88800752fc01,r14=0x0,r15=0xffff888007615d80
=> 0xffffffff8103e8ee <console_unlock+257>:	xor    %r15d,%r15d
Regs: rax=0x1,rbx=0x1,rcx=0x302,rdx=0x1,rsi=0x0,rdi=0xd,rbp=0xffff888007b1d668,rsp=0xffffc9000000bd50,r8=0x3,r9=0x1000,r10=0xffffc9000000bcd0,r11=0x3,r12=0x0,r13=0xffff88800752fc01,r14=0x0,r15=0x0
=> 0xffffffff8103e8f1 <console_unlock+260>:	mov    %esi,0x925fdd(%rip)        # 0xffffffff819648d4 <console_may_schedule>
Regs: rax=0x1,rbx=0x1,rcx=0x302,rdx=0x1,rsi=0x0,rdi=0xd,rbp=0xffff888007b1d668,rsp=0xffffc9000000bd50,r8=0x3,r9=0x1000,r10=0xffffc9000000bcd0,r11=0x3,r12=0x0,r13=0xffff88800752fc01,r14=0x0,r15=0x0
=> 0xffffffff8103e8f7 <console_unlock+266>:	jmp    0xffffffff8103e832 <console_unlock+69>
Regs: rax=0x1,rbx=0x1,rcx=0x302,rdx=0x1,rsi=0x0,rdi=0xd,rbp=0xffff888007b1d668,rsp=0xffffc9000000bd50,r8=0x3,r9=0x1000,r10=0xffffc9000000bcd0,r11=0x3,r12=0x0,r13=0xffff88800752fc01,r14=0x0,r15=0x0
=> 0xffffffff8103e832 <console_unlock+69>:	mov    0x903b8f(%rip),%rbx        # 0xffffffff819423c8 <console_drivers>
Regs: rax=0x1,rbx=0xffffffff818afda0,rcx=0x302,rdx=0x1,rsi=0x0,rdi=0xd,rbp=0xffff888007b1d668,rsp=0xffffc9000000bd50,r8=0x3,r9=0x1000,r10=0xffffc9000000bcd0,r11=0x3,r12=0x0,r13=0xffff88800752fc01,r14=0x0,r15=0x0
=> 0xffffffff8103e839 <console_unlock+76>:	xor    %r13d,%r13d
Regs: rax=0x1,rbx=0xffffffff818afda0,rcx=0x302,rdx=0x1,rsi=0x0,rdi=0xd,rbp=0xffff888007b1d668,rsp=0xffffc9000000bd50,r8=0x3,r9=0x1000,r10=0xffffc9000000bcd0,r11=0x3,r12=0x0,r13=0x0,r14=0x0,r15=0x0
=> 0xffffffff8103e83c <console_unlock+79>:	test   %rbx,%rbx
Regs: rax=0x1,rbx=0xffffffff818afda0,rcx=0x302,rdx=0x1,rsi=0x0,rdi=0xd,rbp=0xffff888007b1d668,rsp=0xffffc9000000bd50,r8=0x3,r9=0x1000,r10=0xffffc9000000bcd0,r11=0x3,r12=0x0,r13=0x0,r14=0x0,r15=0x0
=> 0xffffffff8103e83f <console_unlock+82>:	je     0xffffffff8103e82d <console_unlock+64>
Regs: rax=0x1,rbx=0xffffffff818afda0,rcx=0x302,rdx=0x1,rsi=0x0,rdi=0xd,rbp=0xffff888007b1d668,rsp=0xffffc9000000bd50,r8=0x3,r9=0x1000,r10=0xffffc9000000bcd0,r11=0x3,r12=0x0,r13=0x0,r14=0x0,r15=0x0
=> 0xffffffff8103e841 <console_unlock+84>:	mov    0x48(%rbx),%eax
Regs: rax=0x7,rbx=0xffffffff818afda0,rcx=0x302,rdx=0x1,rsi=0x0,rdi=0xd,rbp=0xffff888007b1d668,rsp=0xffffc9000000bd50,r8=0x3,r9=0x1000,r10=0xffffc9000000bcd0,r11=0x3,r12=0x0,r13=0x0,r14=0x0,r15=0x0
=> 0xffffffff8103e844 <console_unlock+87>:	test   $0x4,%al
Regs: rax=0x7,rbx=0xffffffff818afda0,rcx=0x302,rdx=0x1,rsi=0x0,rdi=0xd,rbp=0xffff888007b1d668,rsp=0xffffc9000000bd50,r8=0x3,r9=0x1000,r10=0xffffc9000000bcd0,r11=0x3,r12=0x0,r13=0x0,r14=0x0,r15=0x0
=> 0xffffffff8103e846 <console_unlock+89>:	je     0xffffffff8103e921 <console_unlock+308>
Regs: rax=0x7,rbx=0xffffffff818afda0,rcx=0x302,rdx=0x1,rsi=0x0,rdi=0xd,rbp=0xffff888007b1d668,rsp=0xffffc9000000bd50,r8=0x3,r9=0x1000,r10=0xffffc9000000bcd0,r11=0x3,r12=0x0,r13=0x0,r14=0x0,r15=0x0
=> 0xffffffff8103e84c <console_unlock+95>:	cmpq   $0x0,0x10(%rbx)
Regs: rax=0x7,rbx=0xffffffff818afda0,rcx=0x302,rdx=0x1,rsi=0x0,rdi=0xd,rbp=0xffff888007b1d668,rsp=0xffffc9000000bd50,r8=0x3,r9=0x1000,r10=0xffffc9000000bcd0,r11=0x3,r12=0x0,r13=0x0,r14=0x0,r15=0x0
=> 0xffffffff8103e851 <console_unlock+100>:	je     0xffffffff8103e921 <console_unlock+308>
Regs: rax=0x7,rbx=0xffffffff818afda0,rcx=0x302,rdx=0x1,rsi=0x0,rdi=0xd,rbp=0xffff888007b1d668,rsp=0xffffc9000000bd50,r8=0x3,r9=0x1000,r10=0xffffc9000000bcd0,r11=0x3,r12=0x0,r13=0x0,r14=0x0,r15=0x0
=> 0xffffffff8103e857 <console_unlock+106>:	lea    0xf(%rsp),%rcx
Regs: rax=0x7,rbx=0xffffffff818afda0,rcx=0xffffc9000000bd5f,rdx=0x1,rsi=0x0,rdi=0xd,rbp=0xffff888007b1d668,rsp=0xffffc9000000bd50,r8=0x3,r9=0x1000,r10=0xffffc9000000bcd0,r11=0x3,r12=0x0,r13=0x0,r14=0x0,r15=0x0
=> 0xffffffff8103e85c <console_unlock+111>:	test   $0x40,%al
Regs: rax=0x7,rbx=0xffffffff818afda0,rcx=0xffffc9000000bd5f,rdx=0x1,rsi=0x0,rdi=0xd,rbp=0xffff888007b1d668,rsp=0xffffc9000000bd50,r8=0x3,r9=0x1000,r10=0xffffc9000000bcd0,r11=0x3,r12=0x0,r13=0x0,r14=0x0,r15=0x0
=> 0xffffffff8103e85e <console_unlock+113>:	je     0xffffffff8103e8fc <console_unlock+271>
Regs: rax=0x7,rbx=0xffffffff818afda0,rcx=0xffffc9000000bd5f,rdx=0x1,rsi=0x0,rdi=0xd,rbp=0xffff888007b1d668,rsp=0xffffc9000000bd50,r8=0x3,r9=0x1000,r10=0xffffc9000000bcd0,r11=0x3,r12=0x0,r13=0x0,r14=0x0,r15=0x0
=> 0xffffffff8103e8fc <console_unlock+271>:	mov    $0xffffffff819423e0,%rdx
Regs: rax=0x7,rbx=0xffffffff818afda0,rcx=0xffffc9000000bd5f,rdx=0xffffffff819423e0,rsi=0x0,rdi=0xd,rbp=0xffff888007b1d668,rsp=0xffffc9000000bd50,r8=0x3,r9=0x1000,r10=0xffffc9000000bcd0,r11=0x3,r12=0x0,r13=0x0,r14=0x0,r15=0x0
=> 0xffffffff8103e903 <console_unlock+278>:	xor    %esi,%esi
Regs: rax=0x7,rbx=0xffffffff818afda0,rcx=0xffffc9000000bd5f,rdx=0xffffffff819423e0,rsi=0x0,rdi=0xd,rbp=0xffff888007b1d668,rsp=0xffffc9000000bd50,r8=0x3,r9=0x1000,r10=0xffffc9000000bcd0,r11=0x3,r12=0x0,r13=0x0,r14=0x0,r15=0x0
=> 0xffffffff8103e905 <console_unlock+280>:	jmp    0xffffffff8103e86d <console_unlock+128>
Regs: rax=0x7,rbx=0xffffffff818afda0,rcx=0xffffc9000000bd5f,rdx=0xffffffff819423e0,rsi=0x0,rdi=0xd,rbp=0xffff888007b1d668,rsp=0xffffc9000000bd50,r8=0x3,r9=0x1000,r10=0xffffc9000000bcd0,r11=0x3,r12=0x0,r13=0x0,r14=0x0,r15=0x0
=> 0xffffffff8103e86d <console_unlock+128>:	mov    %rbx,%rdi
Regs: rax=0x7,rbx=0xffffffff818afda0,rcx=0xffffc9000000bd5f,rdx=0xffffffff819423e0,rsi=0x0,rdi=0xffffffff818afda0,rbp=0xffff888007b1d668,rsp=0xffffc9000000bd50,r8=0x3,r9=0x1000,r10=0xffffc9000000bcd0,r11=0x3,r12=0x0,r13=0x0,r14=0x0,r15=0x0
=> 0xffffffff8103e870 <console_unlock+131>:	call   0xffffffff8103e56a <console_emit_next_record>
Regs: rax=0x7,rbx=0xffffffff818afda0,rcx=0xffffc9000000bd5f,rdx=0xffffffff819423e0,rsi=0x0,rdi=0xffffffff818afda0,rbp=0xffff888007b1d668,rsp=0xffffc9000000bd48,r8=0x3,r9=0x1000,r10=0xffffc9000000bcd0,r11=0x3,r12=0x0,r13=0x0,r14=0x0,r15=0x0
=> 0xffffffff8103e56a <console_emit_next_record>:	push   %r15
Regs: rax=0x7,rbx=0xffffffff818afda0,rcx=0xffffc9000000bd5f,rdx=0xffffffff819423e0,rsi=0x0,rdi=0xffffffff818afda0,rbp=0xffff888007b1d668,rsp=0xffffc9000000bd40,r8=0x3,r9=0x1000,r10=0xffffc9000000bcd0,r11=0x3,r12=0x0,r13=0x0,r14=0x0,r15=0x0
=> 0xffffffff8103e56c <console_emit_next_record+2>:	xor    %eax,%eax
Regs: rax=0x0,rbx=0xffffffff818afda0,rcx=0xffffc9000000bd5f,rdx=0xffffffff819423e0,rsi=0x0,rdi=0xffffffff818afda0,rbp=0xffff888007b1d668,rsp=0xffffc9000000bd40,r8=0x3,r9=0x1000,r10=0xffffc9000000bcd0,r11=0x3,r12=0x0,r13=0x0,r14=0x0,r15=0x0
=> 0xffffffff8103e56e <console_emit_next_record+4>:	push   %r14
Regs: rax=0x0,rbx=0xffffffff818afda0,rcx=0xffffc9000000bd5f,rdx=0xffffffff819423e0,rsi=0x0,rdi=0xffffffff818afda0,rbp=0xffff888007b1d668,rsp=0xffffc9000000bd38,r8=0x3,r9=0x1000,r10=0xffffc9000000bcd0,r11=0x3,r12=0x0,r13=0x0,r14=0x0,r15=0x0
=> 0xffffffff8103e570 <console_emit_next_record+6>:	mov    %rdx,%r14
Regs: rax=0x0,rbx=0xffffffff818afda0,rcx=0xffffc9000000bd5f,rdx=0xffffffff819423e0,rsi=0x0,rdi=0xffffffff818afda0,rbp=0xffff888007b1d668,rsp=0xffffc9000000bd38,r8=0x3,r9=0x1000,r10=0xffffc9000000bcd0,r11=0x3,r12=0x0,r13=0x0,r14=0xffffffff819423e0,r15=0x0
=> 0xffffffff8103e573 <console_emit_next_record+9>:	push   %r13
Regs: rax=0x0,rbx=0xffffffff818afda0,rcx=0xffffc9000000bd5f,rdx=0xffffffff819423e0,rsi=0x0,rdi=0xffffffff818afda0,rbp=0xffff888007b1d668,rsp=0xffffc9000000bd30,r8=0x3,r9=0x1000,r10=0xffffc9000000bcd0,r11=0x3,r12=0x0,r13=0x0,r14=0xffffffff819423e0,r15=0x0
=> 0xffffffff8103e575 <console_emit_next_record+11>:	mov    %rcx,%r13
Regs: rax=0x0,rbx=0xffffffff818afda0,rcx=0xffffc9000000bd5f,rdx=0xffffffff819423e0,rsi=0x0,rdi=0xffffffff818afda0,rbp=0xffff888007b1d668,rsp=0xffffc9000000bd30,r8=0x3,r9=0x1000,r10=0xffffc9000000bcd0,r11=0x3,r12=0x0,r13=0xffffc9000000bd5f,r14=0xffffffff819423e0,r15=0x0
=> 0xffffffff8103e578 <console_emit_next_record+14>:	mov    $0x16,%ecx
Regs: rax=0x0,rbx=0xffffffff818afda0,rcx=0x16,rdx=0xffffffff819423e0,rsi=0x0,rdi=0xffffffff818afda0,rbp=0xffff888007b1d668,rsp=0xffffc9000000bd30,r8=0x3,r9=0x1000,r10=0xffffc9000000bcd0,r11=0x3,r12=0x0,r13=0xffffc9000000bd5f,r14=0xffffffff819423e0,r15=0x0
=> 0xffffffff8103e57d <console_emit_next_record+19>:	push   %r12
Regs: rax=0x0,rbx=0xffffffff818afda0,rcx=0x16,rdx=0xffffffff819423e0,rsi=0x0,rdi=0xffffffff818afda0,rbp=0xffff888007b1d668,rsp=0xffffc9000000bd28,r8=0x3,r9=0x1000,r10=0xffffc9000000bcd0,r11=0x3,r12=0x0,r13=0xffffc9000000bd5f,r14=0xffffffff819423e0,r15=0x0
=> 0xffffffff8103e57f <console_emit_next_record+21>:	mov    %rsi,%r12
Regs: rax=0x0,rbx=0xffffffff818afda0,rcx=0x16,rdx=0xffffffff819423e0,rsi=0x0,rdi=0xffffffff818afda0,rbp=0xffff888007b1d668,rsp=0xffffc9000000bd28,r8=0x3,r9=0x1000,r10=0xffffc9000000bcd0,r11=0x3,r12=0x0,r13=0xffffc9000000bd5f,r14=0xffffffff819423e0,r15=0x0
=> 0xffffffff8103e582 <console_emit_next_record+24>:	push   %rbp
Regs: rax=0x0,rbx=0xffffffff818afda0,rcx=0x16,rdx=0xffffffff819423e0,rsi=0x0,rdi=0xffffffff818afda0,rbp=0xffff888007b1d668,rsp=0xffffc9000000bd20,r8=0x3,r9=0x1000,r10=0xffffc9000000bcd0,r11=0x3,r12=0x0,r13=0xffffc9000000bd5f,r14=0xffffffff819423e0,r15=0x0
=> 0xffffffff8103e583 <console_emit_next_record+25>:	push   %rbx
Regs: rax=0x0,rbx=0xffffffff818afda0,rcx=0x16,rdx=0xffffffff819423e0,rsi=0x0,rdi=0xffffffff818afda0,rbp=0xffff888007b1d668,rsp=0xffffc9000000bd18,r8=0x3,r9=0x1000,r10=0xffffc9000000bcd0,r11=0x3,r12=0x0,r13=0xffffc9000000bd5f,r14=0xffffffff819423e0,r15=0x0
=> 0xffffffff8103e584 <console_emit_next_record+26>:	mov    %rdi,%rbx
Regs: rax=0x0,rbx=0xffffffff818afda0,rcx=0x16,rdx=0xffffffff819423e0,rsi=0x0,rdi=0xffffffff818afda0,rbp=0xffff888007b1d668,rsp=0xffffc9000000bd18,r8=0x3,r9=0x1000,r10=0xffffc9000000bcd0,r11=0x3,r12=0x0,r13=0xffffc9000000bd5f,r14=0xffffffff819423e0,r15=0x0
=> 0xffffffff8103e587 <console_emit_next_record+29>:	sub    $0x78,%rsp
Regs: rax=0x0,rbx=0xffffffff818afda0,rcx=0x16,rdx=0xffffffff819423e0,rsi=0x0,rdi=0xffffffff818afda0,rbp=0xffff888007b1d668,rsp=0xffffc9000000bca0,r8=0x3,r9=0x1000,r10=0xffffc9000000bcd0,r11=0x3,r12=0x0,r13=0xffffc9000000bd5f,r14=0xffffffff819423e0,r15=0x0
=> 0xffffffff8103e58b <console_emit_next_record+33>:	movb   $0x0,0x0(%r13)
Regs: rax=0x0,rbx=0xffffffff818afda0,rcx=0x16,rdx=0xffffffff819423e0,rsi=0x0,rdi=0xffffffff818afda0,rbp=0xffff888007b1d668,rsp=0xffffc9000000bca0,r8=0x3,r9=0x1000,r10=0xffffc9000000bcd0,r11=0x3,r12=0x0,r13=0xffffc9000000bd5f,r14=0xffffffff819423e0,r15=0x0
=> 0xffffffff8103e590 <console_emit_next_record+38>:	mov    0x58(%rbx),%rsi
Regs: rax=0x0,rbx=0xffffffff818afda0,rcx=0x16,rdx=0xffffffff819423e0,rsi=0x77,rdi=0xffffffff818afda0,rbp=0xffff888007b1d668,rsp=0xffffc9000000bca0,r8=0x3,r9=0x1000,r10=0xffffc9000000bcd0,r11=0x3,r12=0x0,r13=0xffffc9000000bd5f,r14=0xffffffff819423e0,r15=0x0
=> 0xffffffff8103e594 <console_emit_next_record+42>:	lea    0x20(%rsp),%rdx
Regs: rax=0x0,rbx=0xffffffff818afda0,rcx=0x16,rdx=0xffffc9000000bcc0,rsi=0x77,rdi=0xffffffff818afda0,rbp=0xffff888007b1d668,rsp=0xffffc9000000bca0,r8=0x3,r9=0x1000,r10=0xffffc9000000bcd0,r11=0x3,r12=0x0,r13=0xffffc9000000bd5f,r14=0xffffffff819423e0,r15=0x0
=> 0xffffffff8103e599 <console_emit_next_record+47>:	lea    0x8(%rsp),%rbp
Regs: rax=0x0,rbx=0xffffffff818afda0,rcx=0x16,rdx=0xffffc9000000bcc0,rsi=0x77,rdi=0xffffffff818afda0,rbp=0xffffc9000000bca8,rsp=0xffffc9000000bca0,r8=0x3,r9=0x1000,r10=0xffffc9000000bcd0,r11=0x3,r12=0x0,r13=0xffffc9000000bd5f,r14=0xffffffff819423e0,r15=0x0
=> 0xffffffff8103e59e <console_emit_next_record+52>:	mov    %rdx,%rdi
Regs: rax=0x0,rbx=0xffffffff818afda0,rcx=0x16,rdx=0xffffc9000000bcc0,rsi=0x77,rdi=0xffffc9000000bcc0,rbp=0xffffc9000000bca8,rsp=0xffffc9000000bca0,r8=0x3,r9=0x1000,r10=0xffffc9000000bcd0,r11=0x3,r12=0x0,r13=0xffffc9000000bd5f,r14=0xffffffff819423e0,r15=0x0
=> 0xffffffff8103e5a1 <console_emit_next_record+55>:	rep stos %eax,%es:(%rdi)
Regs: rax=0x0,rbx=0xffffffff818afda0,rcx=0x15,rdx=0xffffc9000000bcc0,rsi=0x77,rdi=0xffffc9000000bcc4,rbp=0xffffc9000000bca8,rsp=0xffffc9000000bca0,r8=0x3,r9=0x1000,r10=0xffffc9000000bcd0,r11=0x3,r12=0x0,r13=0xffffc9000000bd5f,r14=0xffffffff819423e0,r15=0x0
=> 0xffffffff8103e5a1 <console_emit_next_record+55>:	rep stos %eax,%es:(%rdi)
Regs: rax=0x0,rbx=0xffffffff818afda0,rcx=0x14,rdx=0xffffc9000000bcc0,rsi=0x77,rdi=0xffffc9000000bcc8,rbp=0xffffc9000000bca8,rsp=0xffffc9000000bca0,r8=0x3,r9=0x1000,r10=0xffffc9000000bcd0,r11=0x3,r12=0x0,r13=0xffffc9000000bd5f,r14=0xffffffff819423e0,r15=0x0
=> 0xffffffff8103e5a1 <console_emit_next_record+55>:	rep stos %eax,%es:(%rdi)
Regs: rax=0x0,rbx=0xffffffff818afda0,rcx=0x13,rdx=0xffffc9000000bcc0,rsi=0x77,rdi=0xffffc9000000bccc,rbp=0xffffc9000000bca8,rsp=0xffffc9000000bca0,r8=0x3,r9=0x1000,r10=0xffffc9000000bcd0,r11=0x3,r12=0x0,r13=0xffffc9000000bd5f,r14=0xffffffff819423e0,r15=0x0
=> 0xffffffff8103e5a1 <console_emit_next_record+55>:	rep stos %eax,%es:(%rdi)
Regs: rax=0x0,rbx=0xffffffff818afda0,rcx=0x12,rdx=0xffffc9000000bcc0,rsi=0x77,rdi=0xffffc9000000bcd0,rbp=0xffffc9000000bca8,rsp=0xffffc9000000bca0,r8=0x3,r9=0x1000,r10=0xffffc9000000bcd0,r11=0x3,r12=0x0,r13=0xffffc9000000bd5f,r14=0xffffffff819423e0,r15=0x0
=> 0xffffffff8103e5a1 <console_emit_next_record+55>:	rep stos %eax,%es:(%rdi)
Regs: rax=0x0,rbx=0xffffffff818afda0,rcx=0x11,rdx=0xffffc9000000bcc0,rsi=0x77,rdi=0xffffc9000000bcd4,rbp=0xffffc9000000bca8,rsp=0xffffc9000000bca0,r8=0x3,r9=0x1000,r10=0xffffc9000000bcd0,r11=0x3,r12=0x0,r13=0xffffc9000000bd5f,r14=0xffffffff819423e0,r15=0x0
=> 0xffffffff8103e5a1 <console_emit_next_record+55>:	rep stos %eax,%es:(%rdi)
Regs: rax=0x0,rbx=0xffffffff818afda0,rcx=0x10,rdx=0xffffc9000000bcc0,rsi=0x77,rdi=0xffffc9000000bcd8,rbp=0xffffc9000000bca8,rsp=0xffffc9000000bca0,r8=0x3,r9=0x1000,r10=0xffffc9000000bcd0,r11=0x3,r12=0x0,r13=0xffffc9000000bd5f,r14=0xffffffff819423e0,r15=0x0
=> 0xffffffff8103e5a1 <console_emit_next_record+55>:	rep stos %eax,%es:(%rdi)
Regs: rax=0x0,rbx=0xffffffff818afda0,rcx=0xf,rdx=0xffffc9000000bcc0,rsi=0x77,rdi=0xffffc9000000bcdc,rbp=0xffffc9000000bca8,rsp=0xffffc9000000bca0,r8=0x3,r9=0x1000,r10=0xffffc9000000bcd0,r11=0x3,r12=0x0,r13=0xffffc9000000bd5f,r14=0xffffffff819423e0,r15=0x0
=> 0xffffffff8103e5a1 <console_emit_next_record+55>:	rep stos %eax,%es:(%rdi)
Regs: rax=0x0,rbx=0xffffffff818afda0,rcx=0xe,rdx=0xffffc9000000bcc0,rsi=0x77,rdi=0xffffc9000000bce0,rbp=0xffffc9000000bca8,rsp=0xffffc9000000bca0,r8=0x3,r9=0x1000,r10=0xffffc9000000bcd0,r11=0x3,r12=0x0,r13=0xffffc9000000bd5f,r14=0xffffffff819423e0,r15=0x0
=> 0xffffffff8103e5a1 <console_emit_next_record+55>:	rep stos %eax,%es:(%rdi)
Regs: rax=0x0,rbx=0xffffffff818afda0,rcx=0xd,rdx=0xffffc9000000bcc0,rsi=0x77,rdi=0xffffc9000000bce4,rbp=0xffffc9000000bca8,rsp=0xffffc9000000bca0,r8=0x3,r9=0x1000,r10=0xffffc9000000bcd0,r11=0x3,r12=0x0,r13=0xffffc9000000bd5f,r14=0xffffffff819423e0,r15=0x0
=> 0xffffffff8103e5a1 <console_emit_next_record+55>:	rep stos %eax,%es:(%rdi)
Regs: rax=0x0,rbx=0xffffffff818afda0,rcx=0xc,rdx=0xffffc9000000bcc0,rsi=0x77,rdi=0xffffc9000000bce8,rbp=0xffffc9000000bca8,rsp=0xffffc9000000bca0,r8=0x3,r9=0x1000,r10=0xffffc9000000bcd0,r11=0x3,r12=0x0,r13=0xffffc9000000bd5f,r14=0xffffffff819423e0,r15=0x0
=> 0xffffffff8103e5a1 <console_emit_next_record+55>:	rep stos %eax,%es:(%rdi)
Regs: rax=0x0,rbx=0xffffffff818afda0,rcx=0xb,rdx=0xffffc9000000bcc0,rsi=0x77,rdi=0xffffc9000000bcec,rbp=0xffffc9000000bca8,rsp=0xffffc9000000bca0,r8=0x3,r9=0x1000,r10=0xffffc9000000bcd0,r11=0x3,r12=0x0,r13=0xffffc9000000bd5f,r14=0xffffffff819423e0,r15=0x0
=> 0xffffffff8103e5a1 <console_emit_next_record+55>:	rep stos %eax,%es:(%rdi)
Regs: rax=0x0,rbx=0xffffffff818afda0,rcx=0xa,rdx=0xffffc9000000bcc0,rsi=0x77,rdi=0xffffc9000000bcf0,rbp=0xffffc9000000bca8,rsp=0xffffc9000000bca0,r8=0x3,r9=0x1000,r10=0xffffc9000000bcd0,r11=0x3,r12=0x0,r13=0xffffc9000000bd5f,r14=0xffffffff819423e0,r15=0x0
=> 0xffffffff8103e5a1 <console_emit_next_record+55>:	rep stos %eax,%es:(%rdi)
Regs: rax=0x0,rbx=0xffffffff818afda0,rcx=0x9,rdx=0xffffc9000000bcc0,rsi=0x77,rdi=0xffffc9000000bcf4,rbp=0xffffc9000000bca8,rsp=0xffffc9000000bca0,r8=0x3,r9=0x1000,r10=0xffffc9000000bcd0,r11=0x3,r12=0x0,r13=0xffffc9000000bd5f,r14=0xffffffff819423e0,r15=0x0
=> 0xffffffff8103e5a1 <console_emit_next_record+55>:	rep stos %eax,%es:(%rdi)
Regs: rax=0x0,rbx=0xffffffff818afda0,rcx=0x8,rdx=0xffffc9000000bcc0,rsi=0x77,rdi=0xffffc9000000bcf8,rbp=0xffffc9000000bca8,rsp=0xffffc9000000bca0,r8=0x3,r9=0x1000,r10=0xffffc9000000bcd0,r11=0x3,r12=0x0,r13=0xffffc9000000bd5f,r14=0xffffffff819423e0,r15=0x0
=> 0xffffffff8103e5a1 <console_emit_next_record+55>:	rep stos %eax,%es:(%rdi)
Regs: rax=0x0,rbx=0xffffffff818afda0,rcx=0x7,rdx=0xffffc9000000bcc0,rsi=0x77,rdi=0xffffc9000000bcfc,rbp=0xffffc9000000bca8,rsp=0xffffc9000000bca0,r8=0x3,r9=0x1000,r10=0xffffc9000000bcd0,r11=0x3,r12=0x0,r13=0xffffc9000000bd5f,r14=0xffffffff819423e0,r15=0x0
=> 0xffffffff8103e5a1 <console_emit_next_record+55>:	rep stos %eax,%es:(%rdi)
Regs: rax=0x0,rbx=0xffffffff818afda0,rcx=0x6,rdx=0xffffc9000000bcc0,rsi=0x77,rdi=0xffffc9000000bd00,rbp=0xffffc9000000bca8,rsp=0xffffc9000000bca0,r8=0x3,r9=0x1000,r10=0xffffc9000000bcd0,r11=0x3,r12=0x0,r13=0xffffc9000000bd5f,r14=0xffffffff819423e0,r15=0x0
=> 0xffffffff8103e5a1 <console_emit_next_record+55>:	rep stos %eax,%es:(%rdi)
Regs: rax=0x0,rbx=0xffffffff818afda0,rcx=0x5,rdx=0xffffc9000000bcc0,rsi=0x77,rdi=0xffffc9000000bd04,rbp=0xffffc9000000bca8,rsp=0xffffc9000000bca0,r8=0x3,r9=0x1000,r10=0xffffc9000000bcd0,r11=0x3,r12=0x0,r13=0xffffc9000000bd5f,r14=0xffffffff819423e0,r15=0x0
=> 0xffffffff8103e5a1 <console_emit_next_record+55>:	rep stos %eax,%es:(%rdi)
Regs: rax=0x0,rbx=0xffffffff818afda0,rcx=0x4,rdx=0xffffc9000000bcc0,rsi=0x77,rdi=0xffffc9000000bd08,rbp=0xffffc9000000bca8,rsp=0xffffc9000000bca0,r8=0x3,r9=0x1000,r10=0xffffc9000000bcd0,r11=0x3,r12=0x0,r13=0xffffc9000000bd5f,r14=0xffffffff819423e0,r15=0x0
=> 0xffffffff8103e5a1 <console_emit_next_record+55>:	rep stos %eax,%es:(%rdi)
Regs: rax=0x0,rbx=0xffffffff818afda0,rcx=0x3,rdx=0xffffc9000000bcc0,rsi=0x77,rdi=0xffffc9000000bd0c,rbp=0xffffc9000000bca8,rsp=0xffffc9000000bca0,r8=0x3,r9=0x1000,r10=0xffffc9000000bcd0,r11=0x3,r12=0x0,r13=0xffffc9000000bd5f,r14=0xffffffff819423e0,r15=0x0
=> 0xffffffff8103e5a1 <console_emit_next_record+55>:	rep stos %eax,%es:(%rdi)
Regs: rax=0x0,rbx=0xffffffff818afda0,rcx=0x2,rdx=0xffffc9000000bcc0,rsi=0x77,rdi=0xffffc9000000bd10,rbp=0xffffc9000000bca8,rsp=0xffffc9000000bca0,r8=0x3,r9=0x1000,r10=0xffffc9000000bcd0,r11=0x3,r12=0x0,r13=0xffffc9000000bd5f,r14=0xffffffff819423e0,r15=0x0
=> 0xffffffff8103e5a1 <console_emit_next_record+55>:	rep stos %eax,%es:(%rdi)
Regs: rax=0x0,rbx=0xffffffff818afda0,rcx=0x1,rdx=0xffffc9000000bcc0,rsi=0x77,rdi=0xffffc9000000bd14,rbp=0xffffc9000000bca8,rsp=0xffffc9000000bca0,r8=0x3,r9=0x1000,r10=0xffffc9000000bcd0,r11=0x3,r12=0x0,r13=0xffffc9000000bd5f,r14=0xffffffff819423e0,r15=0x0
=> 0xffffffff8103e5a1 <console_emit_next_record+55>:	rep stos %eax,%es:(%rdi)
Regs: rax=0x0,rbx=0xffffffff818afda0,rcx=0x0,rdx=0xffffc9000000bcc0,rsi=0x77,rdi=0xffffc9000000bd18,rbp=0xffffc9000000bca8,rsp=0xffffc9000000bca0,r8=0x3,r9=0x1000,r10=0xffffc9000000bcd0,r11=0x3,r12=0x0,r13=0xffffc9000000bd5f,r14=0xffffffff819423e0,r15=0x0
=> 0xffffffff8103e5a3 <console_emit_next_record+57>:	mov    $0x6,%ecx
Regs: rax=0x0,rbx=0xffffffff818afda0,rcx=0x6,rdx=0xffffc9000000bcc0,rsi=0x77,rdi=0xffffc9000000bd18,rbp=0xffffc9000000bca8,rsp=0xffffc9000000bca0,r8=0x3,r9=0x1000,r10=0xffffc9000000bcd0,r11=0x3,r12=0x0,r13=0xffffc9000000bd5f,r14=0xffffffff819423e0,r15=0x0
=> 0xffffffff8103e5a8 <console_emit_next_record+62>:	mov    %rbp,%rdi
Regs: rax=0x0,rbx=0xffffffff818afda0,rcx=0x6,rdx=0xffffc9000000bcc0,rsi=0x77,rdi=0xffffc9000000bca8,rbp=0xffffc9000000bca8,rsp=0xffffc9000000bca0,r8=0x3,r9=0x1000,r10=0xffffc9000000bcd0,r11=0x3,r12=0x0,r13=0xffffc9000000bd5f,r14=0xffffffff819423e0,r15=0x0
=> 0xffffffff8103e5ab <console_emit_next_record+65>:	rep stos %eax,%es:(%rdi)
Regs: rax=0x0,rbx=0xffffffff818afda0,rcx=0x5,rdx=0xffffc9000000bcc0,rsi=0x77,rdi=0xffffc9000000bcac,rbp=0xffffc9000000bca8,rsp=0xffffc9000000bca0,r8=0x3,r9=0x1000,r10=0xffffc9000000bcd0,r11=0x3,r12=0x0,r13=0xffffc9000000bd5f,r14=0xffffffff819423e0,r15=0x0
=> 0xffffffff8103e5ab <console_emit_next_record+65>:	rep stos %eax,%es:(%rdi)
Regs: rax=0x0,rbx=0xffffffff818afda0,rcx=0x4,rdx=0xffffc9000000bcc0,rsi=0x77,rdi=0xffffc9000000bcb0,rbp=0xffffc9000000bca8,rsp=0xffffc9000000bca0,r8=0x3,r9=0x1000,r10=0xffffc9000000bcd0,r11=0x3,r12=0x0,r13=0xffffc9000000bd5f,r14=0xffffffff819423e0,r15=0x0
=> 0xffffffff8103e5ab <console_emit_next_record+65>:	rep stos %eax,%es:(%rdi)
Regs: rax=0x0,rbx=0xffffffff818afda0,rcx=0x3,rdx=0xffffc9000000bcc0,rsi=0x77,rdi=0xffffc9000000bcb4,rbp=0xffffc9000000bca8,rsp=0xffffc9000000bca0,r8=0x3,r9=0x1000,r10=0xffffc9000000bcd0,r11=0x3,r12=0x0,r13=0xffffc9000000bd5f,r14=0xffffffff819423e0,r15=0x0
=> 0xffffffff8103e5ab <console_emit_next_record+65>:	rep stos %eax,%es:(%rdi)
Regs: rax=0x0,rbx=0xffffffff818afda0,rcx=0x2,rdx=0xffffc9000000bcc0,rsi=0x77,rdi=0xffffc9000000bcb8,rbp=0xffffc9000000bca8,rsp=0xffffc9000000bca0,r8=0x3,r9=0x1000,r10=0xffffc9000000bcd0,r11=0x3,r12=0x0,r13=0xffffc9000000bd5f,r14=0xffffffff819423e0,r15=0x0
=> 0xffffffff8103e5ab <console_emit_next_record+65>:	rep stos %eax,%es:(%rdi)
Regs: rax=0x0,rbx=0xffffffff818afda0,rcx=0x1,rdx=0xffffc9000000bcc0,rsi=0x77,rdi=0xffffc9000000bcbc,rbp=0xffffc9000000bca8,rsp=0xffffc9000000bca0,r8=0x3,r9=0x1000,r10=0xffffc9000000bcd0,r11=0x3,r12=0x0,r13=0xffffc9000000bd5f,r14=0xffffffff819423e0,r15=0x0
=> 0xffffffff8103e5ab <console_emit_next_record+65>:	rep stos %eax,%es:(%rdi)
Regs: rax=0x0,rbx=0xffffffff818afda0,rcx=0x0,rdx=0xffffc9000000bcc0,rsi=0x77,rdi=0xffffc9000000bcc0,rbp=0xffffc9000000bca8,rsp=0xffffc9000000bca0,r8=0x3,r9=0x1000,r10=0xffffc9000000bcd0,r11=0x3,r12=0x0,r13=0xffffc9000000bd5f,r14=0xffffffff819423e0,r15=0x0
=> 0xffffffff8103e5ad <console_emit_next_record+67>:	mov    0x7fc3b4(%rip),%rdi        # 0xffffffff8183a968 <prb>
Regs: rax=0x0,rbx=0xffffffff818afda0,rcx=0x0,rdx=0xffffc9000000bcc0,rsi=0x77,rdi=0xffffffff8183a980,rbp=0xffffc9000000bca8,rsp=0xffffc9000000bca0,r8=0x3,r9=0x1000,r10=0xffffc9000000bcd0,r11=0x3,r12=0x0,r13=0xffffc9000000bd5f,r14=0xffffffff819423e0,r15=0x0
=> 0xffffffff8103e5b4 <console_emit_next_record+74>:	mov    %rdx,0x8(%rsp)
Regs: rax=0x0,rbx=0xffffffff818afda0,rcx=0x0,rdx=0xffffc9000000bcc0,rsi=0x77,rdi=0xffffffff8183a980,rbp=0xffffc9000000bca8,rsp=0xffffc9000000bca0,r8=0x3,r9=0x1000,r10=0xffffc9000000bcd0,r11=0x3,r12=0x0,r13=0xffffc9000000bd5f,r14=0xffffffff819423e0,r15=0x0
=> 0xffffffff8103e5b9 <console_emit_next_record+79>:	mov    %rbp,%rdx
Regs: rax=0x0,rbx=0xffffffff818afda0,rcx=0x0,rdx=0xffffc9000000bca8,rsi=0x77,rdi=0xffffffff8183a980,rbp=0xffffc9000000bca8,rsp=0xffffc9000000bca0,r8=0x3,r9=0x1000,r10=0xffffc9000000bcd0,r11=0x3,r12=0x0,r13=0xffffc9000000bd5f,r14=0xffffffff819423e0,r15=0x0
=> 0xffffffff8103e5bc <console_emit_next_record+82>:	movq   $0xffffffff81944420,0x10(%rsp)
Regs: rax=0x0,rbx=0xffffffff818afda0,rcx=0x0,rdx=0xffffc9000000bca8,rsi=0x77,rdi=0xffffffff8183a980,rbp=0xffffc9000000bca8,rsp=0xffffc9000000bca0,r8=0x3,r9=0x1000,r10=0xffffc9000000bcd0,r11=0x3,r12=0x0,r13=0xffffc9000000bd5f,r14=0xffffffff819423e0,r15=0x0
=> 0xffffffff8103e5c5 <console_emit_next_record+91>:	movl   $0x400,0x18(%rsp)
Regs: rax=0x0,rbx=0xffffffff818afda0,rcx=0x0,rdx=0xffffc9000000bca8,rsi=0x77,rdi=0xffffffff8183a980,rbp=0xffffc9000000bca8,rsp=0xffffc9000000bca0,r8=0x3,r9=0x1000,r10=0xffffc9000000bcd0,r11=0x3,r12=0x0,r13=0xffffc9000000bd5f,r14=0xffffffff819423e0,r15=0x0
=> 0xffffffff8103e5cd <console_emit_next_record+99>:	call   0xffffffff81040170 <prb_read_valid>
Regs: rax=0x0,rbx=0xffffffff818afda0,rcx=0x0,rdx=0xffffc9000000bca8,rsi=0x77,rdi=0xffffffff8183a980,rbp=0xffffc9000000bca8,rsp=0xffffc9000000bc98,r8=0x3,r9=0x1000,r10=0xffffc9000000bcd0,r11=0x3,r12=0x0,r13=0xffffc9000000bd5f,r14=0xffffffff819423e0,r15=0x0
=> 0xffffffff81040170 <prb_read_valid>:	push   %rax
Regs: rax=0x0,rbx=0xffffffff818afda0,rcx=0x0,rdx=0xffffc9000000bca8,rsi=0x77,rdi=0xffffffff8183a980,rbp=0xffffc9000000bca8,rsp=0xffffc9000000bc90,r8=0x3,r9=0x1000,r10=0xffffc9000000bcd0,r11=0x3,r12=0x0,r13=0xffffc9000000bd5f,r14=0xffffffff819423e0,r15=0x0
=> 0xffffffff81040171 <prb_read_valid+1>:	xor    %ecx,%ecx
Regs: rax=0x0,rbx=0xffffffff818afda0,rcx=0x0,rdx=0xffffc9000000bca8,rsi=0x77,rdi=0xffffffff8183a980,rbp=0xffffc9000000bca8,rsp=0xffffc9000000bc90,r8=0x3,r9=0x1000,r10=0xffffc9000000bcd0,r11=0x3,r12=0x0,r13=0xffffc9000000bd5f,r14=0xffffffff819423e0,r15=0x0
=> 0xffffffff81040173 <prb_read_valid+3>:	mov    %rsi,(%rsp)
Regs: rax=0x0,rbx=0xffffffff818afda0,rcx=0x0,rdx=0xffffc9000000bca8,rsi=0x77,rdi=0xffffffff8183a980,rbp=0xffffc9000000bca8,rsp=0xffffc9000000bc90,r8=0x3,r9=0x1000,r10=0xffffc9000000bcd0,r11=0x3,r12=0x0,r13=0xffffc9000000bd5f,r14=0xffffffff819423e0,r15=0x0
=> 0xffffffff81040177 <prb_read_valid+7>:	mov    %rsp,%rsi
Regs: rax=0x0,rbx=0xffffffff818afda0,rcx=0x0,rdx=0xffffc9000000bca8,rsi=0xffffc9000000bc90,rdi=0xffffffff8183a980,rbp=0xffffc9000000bca8,rsp=0xffffc9000000bc90,r8=0x3,r9=0x1000,r10=0xffffc9000000bcd0,r11=0x3,r12=0x0,r13=0xffffc9000000bd5f,r14=0xffffffff819423e0,r15=0x0
=> 0xffffffff8104017a <prb_read_valid+10>:	call   0xffffffff8103f90d <_prb_read_valid>
Regs: rax=0x0,rbx=0xffffffff818afda0,rcx=0x0,rdx=0xffffc9000000bca8,rsi=0xffffc9000000bc90,rdi=0xffffffff8183a980,rbp=0xffffc9000000bca8,rsp=0xffffc9000000bc88,r8=0x3,r9=0x1000,r10=0xffffc9000000bcd0,r11=0x3,r12=0x0,r13=0xffffc9000000bd5f,r14=0xffffffff819423e0,r15=0x0
=> 0xffffffff8103f90d <_prb_read_valid>:	push   %r15
Regs: rax=0x0,rbx=0xffffffff818afda0,rcx=0x0,rdx=0xffffc9000000bca8,rsi=0xffffc9000000bc90,rdi=0xffffffff8183a980,rbp=0xffffc9000000bca8,rsp=0xffffc9000000bc80,r8=0x3,r9=0x1000,r10=0xffffc9000000bcd0,r11=0x3,r12=0x0,r13=0xffffc9000000bd5f,r14=0xffffffff819423e0,r15=0x0
=> 0xffffffff8103f90f <_prb_read_valid+2>:	push   %r14
Regs: rax=0x0,rbx=0xffffffff818afda0,rcx=0x0,rdx=0xffffc9000000bca8,rsi=0xffffc9000000bc90,rdi=0xffffffff8183a980,rbp=0xffffc9000000bca8,rsp=0xffffc9000000bc78,r8=0x3,r9=0x1000,r10=0xffffc9000000bcd0,r11=0x3,r12=0x0,r13=0xffffc9000000bd5f,r14=0xffffffff819423e0,r15=0x0
=> 0xffffffff8103f911 <_prb_read_valid+4>:	push   %r13
Regs: rax=0x0,rbx=0xffffffff818afda0,rcx=0x0,rdx=0xffffc9000000bca8,rsi=0xffffc9000000bc90,rdi=0xffffffff8183a980,rbp=0xffffc9000000bca8,rsp=0xffffc9000000bc70,r8=0x3,r9=0x1000,r10=0xffffc9000000bcd0,r11=0x3,r12=0x0,r13=0xffffc9000000bd5f,r14=0xffffffff819423e0,r15=0x0
=> 0xffffffff8103f913 <_prb_read_valid+6>:	mov    %rcx,%r13
Regs: rax=0x0,rbx=0xffffffff818afda0,rcx=0x0,rdx=0xffffc9000000bca8,rsi=0xffffc9000000bc90,rdi=0xffffffff8183a980,rbp=0xffffc9000000bca8,rsp=0xffffc9000000bc70,r8=0x3,r9=0x1000,r10=0xffffc9000000bcd0,r11=0x3,r12=0x0,r13=0x0,r14=0xffffffff819423e0,r15=0x0
=> 0xffffffff8103f916 <_prb_read_valid+9>:	push   %r12
Regs: rax=0x0,rbx=0xffffffff818afda0,rcx=0x0,rdx=0xffffc9000000bca8,rsi=0xffffc9000000bc90,rdi=0xffffffff8183a980,rbp=0xffffc9000000bca8,rsp=0xffffc9000000bc68,r8=0x3,r9=0x1000,r10=0xffffc9000000bcd0,r11=0x3,r12=0x0,r13=0x0,r14=0xffffffff819423e0,r15=0x0
=> 0xffffffff8103f918 <_prb_read_valid+11>:	mov    %rsi,%r12
Regs: rax=0x0,rbx=0xffffffff818afda0,rcx=0x0,rdx=0xffffc9000000bca8,rsi=0xffffc9000000bc90,rdi=0xffffffff8183a980,rbp=0xffffc9000000bca8,rsp=0xffffc9000000bc68,r8=0x3,r9=0x1000,r10=0xffffc9000000bcd0,r11=0x3,r12=0xffffc9000000bc90,r13=0x0,r14=0xffffffff819423e0,r15=0x0
=> 0xffffffff8103f91b <_prb_read_valid+14>:	push   %rbp
Regs: rax=0x0,rbx=0xffffffff818afda0,rcx=0x0,rdx=0xffffc9000000bca8,rsi=0xffffc9000000bc90,rdi=0xffffffff8183a980,rbp=0xffffc9000000bca8,rsp=0xffffc9000000bc60,r8=0x3,r9=0x1000,r10=0xffffc9000000bcd0,r11=0x3,r12=0xffffc9000000bc90,r13=0x0,r14=0xffffffff819423e0,r15=0x0
=> 0xffffffff8103f91c <_prb_read_valid+15>:	mov    %rdx,%rbp
Regs: rax=0x0,rbx=0xffffffff818afda0,rcx=0x0,rdx=0xffffc9000000bca8,rsi=0xffffc9000000bc90,rdi=0xffffffff8183a980,rbp=0xffffc9000000bca8,rsp=0xffffc9000000bc60,r8=0x3,r9=0x1000,r10=0xffffc9000000bcd0,r11=0x3,r12=0xffffc9000000bc90,r13=0x0,r14=0xffffffff819423e0,r15=0x0
=> 0xffffffff8103f91f <_prb_read_valid+18>:	push   %rbx
Regs: rax=0x0,rbx=0xffffffff818afda0,rcx=0x0,rdx=0xffffc9000000bca8,rsi=0xffffc9000000bc90,rdi=0xffffffff8183a980,rbp=0xffffc9000000bca8,rsp=0xffffc9000000bc58,r8=0x3,r9=0x1000,r10=0xffffc9000000bcd0,r11=0x3,r12=0xffffc9000000bc90,r13=0x0,r14=0xffffffff819423e0,r15=0x0
=> 0xffffffff8103f920 <_prb_read_valid+19>:	mov    %rdi,%rbx
Regs: rax=0x0,rbx=0xffffffff8183a980,rcx=0x0,rdx=0xffffc9000000bca8,rsi=0xffffc9000000bc90,rdi=0xffffffff8183a980,rbp=0xffffc9000000bca8,rsp=0xffffc9000000bc58,r8=0x3,r9=0x1000,r10=0xffffc9000000bcd0,r11=0x3,r12=0xffffc9000000bc90,r13=0x0,r14=0xffffffff819423e0,r15=0x0
=> 0xffffffff8103f923 <_prb_read_valid+22>:	sub    $0x50,%rsp
Regs: rax=0x0,rbx=0xffffffff8183a980,rcx=0x0,rdx=0xffffc9000000bca8,rsi=0xffffc9000000bc90,rdi=0xffffffff8183a980,rbp=0xffffc9000000bca8,rsp=0xffffc9000000bc08,r8=0x3,r9=0x1000,r10=0xffffc9000000bcd0,r11=0x3,r12=0xffffc9000000bc90,r13=0x0,r14=0xffffffff819423e0,r15=0x0
=> 0xffffffff8103f927 <_prb_read_valid+26>:	mov    (%r12),%rax
Regs: rax=0x77,rbx=0xffffffff8183a980,rcx=0x0,rdx=0xffffc9000000bca8,rsi=0xffffc9000000bc90,rdi=0xffffffff8183a980,rbp=0xffffc9000000bca8,rsp=0xffffc9000000bc08,r8=0x3,r9=0x1000,r10=0xffffc9000000bcd0,r11=0x3,r12=0xffffc9000000bc90,r13=0x0,r14=0xffffffff819423e0,r15=0x0
=> 0xffffffff8103f92b <_prb_read_valid+30>:	mov    %rbx,%rdi
Regs: rax=0x77,rbx=0xffffffff8183a980,rcx=0x0,rdx=0xffffc9000000bca8,rsi=0xffffc9000000bc90,rdi=0xffffffff8183a980,rbp=0xffffc9000000bca8,rsp=0xffffc9000000bc08,r8=0x3,r9=0x1000,r10=0xffffc9000000bcd0,r11=0x3,r12=0xffffc9000000bc90,r13=0x0,r14=0xffffffff819423e0,r15=0x0
=> 0xffffffff8103f92e <_prb_read_valid+33>:	mov    0x10(%rbx),%r14
Regs: rax=0x77,rbx=0xffffffff8183a980,rcx=0x0,rdx=0xffffc9000000bca8,rsi=0xffffc9000000bc90,rdi=0xffffffff8183a980,rbp=0xffffc9000000bca8,rsp=0xffffc9000000bc08,r8=0x3,r9=0x1000,r10=0xffffc9000000bcd0,r11=0x3,r12=0xffffc9000000bc90,r13=0x0,r14=0xffffffff8183a9e0,r15=0x0
=> 0xffffffff8103f932 <_prb_read_valid+37>:	mov    %rax,(%rsp)
Regs: rax=0x77,rbx=0xffffffff8183a980,rcx=0x0,rdx=0xffffc9000000bca8,rsi=0xffffc9000000bc90,rdi=0xffffffff8183a980,rbp=0xffffc9000000bca8,rsp=0xffffc9000000bc08,r8=0x3,r9=0x1000,r10=0xffffc9000000bcd0,r11=0x3,r12=0xffffc9000000bc90,r13=0x0,r14=0xffffffff8183a9e0,r15=0x0
=> 0xffffffff8103f936 <_prb_read_valid+41>:	mov    (%rbx),%eax
Regs: rax=0xc,rbx=0xffffffff8183a980,rcx=0x0,rdx=0xffffc9000000bca8,rsi=0xffffc9000000bc90,rdi=0xffffffff8183a980,rbp=0xffffc9000000bca8,rsp=0xffffc9000000bc08,r8=0x3,r9=0x1000,r10=0xffffc9000000bcd0,r11=0x3,r12=0xffffc9000000bc90,r13=0x0,r14=0xffffffff8183a9e0,r15=0x0
=> 0xffffffff8103f938 <_prb_read_valid+43>:	mov    (%rsp),%rsi
Regs: rax=0xc,rbx=0xffffffff8183a980,rcx=0x0,rdx=0xffffc9000000bca8,rsi=0x77,rdi=0xffffffff8183a980,rbp=0xffffc9000000bca8,rsp=0xffffc9000000bc08,r8=0x3,r9=0x1000,r10=0xffffc9000000bcd0,r11=0x3,r12=0xffffc9000000bc90,r13=0x0,r14=0xffffffff8183a9e0,r15=0x0
=> 0xffffffff8103f93c <_prb_read_valid+47>:	mov    %eax,0xc(%rsp)
Regs: rax=0xc,rbx=0xffffffff8183a980,rcx=0x0,rdx=0xffffc9000000bca8,rsi=0x77,rdi=0xffffffff8183a980,rbp=0xffffc9000000bca8,rsp=0xffffc9000000bc08,r8=0x3,r9=0x1000,r10=0xffffc9000000bcd0,r11=0x3,r12=0xffffc9000000bc90,r13=0x0,r14=0xffffffff8183a9e0,r15=0x0
=> 0xffffffff8103f940 <_prb_read_valid+51>:	call   0xffffffff8103f4aa <to_desc>
Regs: rax=0xc,rbx=0xffffffff8183a980,rcx=0x0,rdx=0xffffc9000000bca8,rsi=0x77,rdi=0xffffffff8183a980,rbp=0xffffc9000000bca8,rsp=0xffffc9000000bc00,r8=0x3,r9=0x1000,r10=0xffffc9000000bcd0,r11=0x3,r12=0xffffc9000000bc90,r13=0x0,r14=0xffffffff8183a9e0,r15=0x0
=> 0xffffffff8103f4aa <to_desc>:	mov    (%rdi),%ecx
Regs: rax=0xc,rbx=0xffffffff8183a980,rcx=0xc,rdx=0xffffc9000000bca8,rsi=0x77,rdi=0xffffffff8183a980,rbp=0xffffc9000000bca8,rsp=0xffffc9000000bc00,r8=0x3,r9=0x1000,r10=0xffffc9000000bcd0,r11=0x3,r12=0xffffc9000000bc90,r13=0x0,r14=0xffffffff8183a9e0,r15=0x0
=> 0xffffffff8103f4ac <to_desc+2>:	mov    $0x1,%eax
Regs: rax=0x1,rbx=0xffffffff8183a980,rcx=0xc,rdx=0xffffc9000000bca8,rsi=0x77,rdi=0xffffffff8183a980,rbp=0xffffc9000000bca8,rsp=0xffffc9000000bc00,r8=0x3,r9=0x1000,r10=0xffffc9000000bcd0,r11=0x3,r12=0xffffc9000000bc90,r13=0x0,r14=0xffffffff8183a9e0,r15=0x0
=> 0xffffffff8103f4b1 <to_desc+7>:	shl    %cl,%eax
Regs: rax=0x1000,rbx=0xffffffff8183a980,rcx=0xc,rdx=0xffffc9000000bca8,rsi=0x77,rdi=0xffffffff8183a980,rbp=0xffffc9000000bca8,rsp=0xffffc9000000bc00,r8=0x3,r9=0x1000,r10=0xffffc9000000bcd0,r11=0x3,r12=0xffffc9000000bc90,r13=0x0,r14=0xffffffff8183a9e0,r15=0x0
=> 0xffffffff8103f4b3 <to_desc+9>:	dec    %eax
Regs: rax=0xfff,rbx=0xffffffff8183a980,rcx=0xc,rdx=0xffffc9000000bca8,rsi=0x77,rdi=0xffffffff8183a980,rbp=0xffffc9000000bca8,rsp=0xffffc9000000bc00,r8=0x3,r9=0x1000,r10=0xffffc9000000bcd0,r11=0x3,r12=0xffffc9000000bc90,r13=0x0,r14=0xffffffff8183a9e0,r15=0x0
=> 0xffffffff8103f4b5 <to_desc+11>:	and    %rsi,%rax
Regs: rax=0x77,rbx=0xffffffff8183a980,rcx=0xc,rdx=0xffffc9000000bca8,rsi=0x77,rdi=0xffffffff8183a980,rbp=0xffffc9000000bca8,rsp=0xffffc9000000bc00,r8=0x3,r9=0x1000,r10=0xffffc9000000bcd0,r11=0x3,r12=0xffffc9000000bc90,r13=0x0,r14=0xffffffff8183a9e0,r15=0x0
=> 0xffffffff8103f4b8 <to_desc+14>:	imul   $0x18,%rax,%rax
Regs: rax=0xb28,rbx=0xffffffff8183a980,rcx=0xc,rdx=0xffffc9000000bca8,rsi=0x77,rdi=0xffffffff8183a980,rbp=0xffffc9000000bca8,rsp=0xffffc9000000bc00,r8=0x3,r9=0x1000,r10=0xffffc9000000bcd0,r11=0x3,r12=0xffffc9000000bc90,r13=0x0,r14=0xffffffff8183a9e0,r15=0x0
=> 0xffffffff8103f4bc <to_desc+18>:	add    0x8(%rdi),%rax
Regs: rax=0xffffffff81893508,rbx=0xffffffff8183a980,rcx=0xc,rdx=0xffffc9000000bca8,rsi=0x77,rdi=0xffffffff8183a980,rbp=0xffffc9000000bca8,rsp=0xffffc9000000bc00,r8=0x3,r9=0x1000,r10=0xffffc9000000bcd0,r11=0x3,r12=0xffffc9000000bc90,r13=0x0,r14=0xffffffff8183a9e0,r15=0x0
=> 0xffffffff8103f4c0 <to_desc+22>:	ret    
Regs: rax=0xffffffff81893508,rbx=0xffffffff8183a980,rcx=0xc,rdx=0xffffc9000000bca8,rsi=0x77,rdi=0xffffffff8183a980,rbp=0xffffc9000000bca8,rsp=0xffffc9000000bc08,r8=0x3,r9=0x1000,r10=0xffffc9000000bcd0,r11=0x3,r12=0xffffc9000000bc90,r13=0x0,r14=0xffffffff8183a9e0,r15=0x0
=> 0xffffffff8103f945 <_prb_read_valid+56>:	mov    $0x6,%ecx
Regs: rax=0xffffffff81893508,rbx=0xffffffff8183a980,rcx=0x6,rdx=0xffffc9000000bca8,rsi=0x77,rdi=0xffffffff8183a980,rbp=0xffffc9000000bca8,rsp=0xffffc9000000bc08,r8=0x3,r9=0x1000,r10=0xffffc9000000bcd0,r11=0x3,r12=0xffffc9000000bc90,r13=0x0,r14=0xffffffff8183a9e0,r15=0x0
=> 0xffffffff8103f94a <_prb_read_valid+61>:	movabs $0x3fffffffffffffff,%rsi
Regs: rax=0xffffffff81893508,rbx=0xffffffff8183a980,rcx=0x6,rdx=0xffffc9000000bca8,rsi=0x3fffffffffffffff,rdi=0xffffffff8183a980,rbp=0xffffc9000000bca8,rsp=0xffffc9000000bc08,r8=0x3,r9=0x1000,r10=0xffffc9000000bcd0,r11=0x3,r12=0xffffc9000000bc90,r13=0x0,r14=0xffffffff8183a9e0,r15=0x0
=> 0xffffffff8103f954 <_prb_read_valid+71>:	mov    %rax,%rdx
Regs: rax=0xffffffff81893508,rbx=0xffffffff8183a980,rcx=0x6,rdx=0xffffffff81893508,rsi=0x3fffffffffffffff,rdi=0xffffffff8183a980,rbp=0xffffc9000000bca8,rsp=0xffffc9000000bc08,r8=0x3,r9=0x1000,r10=0xffffc9000000bcd0,r11=0x3,r12=0xffffc9000000bc90,r13=0x0,r14=0xffffffff8183a9e0,r15=0x0
=> 0xffffffff8103f957 <_prb_read_valid+74>:	lea    0x38(%rsp),%rdi
Regs: rax=0xffffffff81893508,rbx=0xffffffff8183a980,rcx=0x6,rdx=0xffffffff81893508,rsi=0x3fffffffffffffff,rdi=0xffffc9000000bc40,rbp=0xffffc9000000bca8,rsp=0xffffc9000000bc08,r8=0x3,r9=0x1000,r10=0xffffc9000000bcd0,r11=0x3,r12=0xffffc9000000bc90,r13=0x0,r14=0xffffffff8183a9e0,r15=0x0
=> 0xffffffff8103f95c <_prb_read_valid+79>:	xor    %eax,%eax
Regs: rax=0x0,rbx=0xffffffff8183a980,rcx=0x6,rdx=0xffffffff81893508,rsi=0x3fffffffffffffff,rdi=0xffffc9000000bc40,rbp=0xffffc9000000bca8,rsp=0xffffc9000000bc08,r8=0x3,r9=0x1000,r10=0xffffc9000000bcd0,r11=0x3,r12=0xffffc9000000bc90,r13=0x0,r14=0xffffffff8183a9e0,r15=0x0
=> 0xffffffff8103f95e <_prb_read_valid+81>:	rep stos %eax,%es:(%rdi)
Regs: rax=0x0,rbx=0xffffffff8183a980,rcx=0x5,rdx=0xffffffff81893508,rsi=0x3fffffffffffffff,rdi=0xffffc9000000bc44,rbp=0xffffc9000000bca8,rsp=0xffffc9000000bc08,r8=0x3,r9=0x1000,r10=0xffffc9000000bcd0,r11=0x3,r12=0xffffc9000000bc90,r13=0x0,r14=0xffffffff8183a9e0,r15=0x0
=> 0xffffffff8103f95e <_prb_read_valid+81>:	rep stos %eax,%es:(%rdi)
Regs: rax=0x0,rbx=0xffffffff8183a980,rcx=0x4,rdx=0xffffffff81893508,rsi=0x3fffffffffffffff,rdi=0xffffc9000000bc48,rbp=0xffffc9000000bca8,rsp=0xffffc9000000bc08,r8=0x3,r9=0x1000,r10=0xffffc9000000bcd0,r11=0x3,r12=0xffffc9000000bc90,r13=0x0,r14=0xffffffff8183a9e0,r15=0x0
=> 0xffffffff8103f95e <_prb_read_valid+81>:	rep stos %eax,%es:(%rdi)
Regs: rax=0x0,rbx=0xffffffff8183a980,rcx=0x3,rdx=0xffffffff81893508,rsi=0x3fffffffffffffff,rdi=0xffffc9000000bc4c,rbp=0xffffc9000000bca8,rsp=0xffffc9000000bc08,r8=0x3,r9=0x1000,r10=0xffffc9000000bcd0,r11=0x3,r12=0xffffc9000000bc90,r13=0x0,r14=0xffffffff8183a9e0,r15=0x0
=> 0xffffffff8103f95e <_prb_read_valid+81>:	rep stos %eax,%es:(%rdi)
Regs: rax=0x0,rbx=0xffffffff8183a980,rcx=0x2,rdx=0xffffffff81893508,rsi=0x3fffffffffffffff,rdi=0xffffc9000000bc50,rbp=0xffffc9000000bca8,rsp=0xffffc9000000bc08,r8=0x3,r9=0x1000,r10=0xffffc9000000bcd0,r11=0x3,r12=0xffffc9000000bc90,r13=0x0,r14=0xffffffff8183a9e0,r15=0x0
=> 0xffffffff8103f95e <_prb_read_valid+81>:	rep stos %eax,%es:(%rdi)
Regs: rax=0x0,rbx=0xffffffff8183a980,rcx=0x1,rdx=0xffffffff81893508,rsi=0x3fffffffffffffff,rdi=0xffffc9000000bc54,rbp=0xffffc9000000bca8,rsp=0xffffc9000000bc08,r8=0x3,r9=0x1000,r10=0xffffc9000000bcd0,r11=0x3,r12=0xffffc9000000bc90,r13=0x0,r14=0xffffffff8183a9e0,r15=0x0
=> 0xffffffff8103f95e <_prb_read_valid+81>:	rep stos %eax,%es:(%rdi)
Regs: rax=0x0,rbx=0xffffffff8183a980,rcx=0x0,rdx=0xffffffff81893508,rsi=0x3fffffffffffffff,rdi=0xffffc9000000bc58,rbp=0xffffc9000000bca8,rsp=0xffffc9000000bc08,r8=0x3,r9=0x1000,r10=0xffffc9000000bcd0,r11=0x3,r12=0xffffc9000000bc90,r13=0x0,r14=0xffffffff8183a9e0,r15=0x0
=> 0xffffffff8103f960 <_prb_read_valid+83>:	mov    (%rdx),%rax
Regs: rax=0x0,rbx=0xffffffff8183a980,rcx=0x0,rdx=0xffffffff81893508,rsi=0x3fffffffffffffff,rdi=0xffffc9000000bc58,rbp=0xffffc9000000bca8,rsp=0xffffc9000000bc08,r8=0x3,r9=0x1000,r10=0xffffc9000000bcd0,r11=0x3,r12=0xffffc9000000bc90,r13=0x0,r14=0xffffffff8183a9e0,r15=0x0
=> 0xffffffff8103f963 <_prb_read_valid+86>:	mov    (%rsp),%rdx
Regs: rax=0x0,rbx=0xffffffff8183a980,rcx=0x0,rdx=0x77,rsi=0x3fffffffffffffff,rdi=0xffffc9000000bc58,rbp=0xffffc9000000bca8,rsp=0xffffc9000000bc08,r8=0x3,r9=0x1000,r10=0xffffc9000000bcd0,r11=0x3,r12=0xffffc9000000bc90,r13=0x0,r14=0xffffffff8183a9e0,r15=0x0
=> 0xffffffff8103f967 <_prb_read_valid+90>:	lea    0x38(%rsp),%rcx
Regs: rax=0x0,rbx=0xffffffff8183a980,rcx=0xffffc9000000bc40,rdx=0x77,rsi=0x3fffffffffffffff,rdi=0xffffc9000000bc58,rbp=0xffffc9000000bca8,rsp=0xffffc9000000bc08,r8=0x3,r9=0x1000,r10=0xffffc9000000bcd0,r11=0x3,r12=0xffffc9000000bc90,r13=0x0,r14=0xffffffff8183a9e0,r15=0x0
=> 0xffffffff8103f96c <_prb_read_valid+95>:	mov    %rbx,%rdi
Regs: rax=0x0,rbx=0xffffffff8183a980,rcx=0xffffc9000000bc40,rdx=0x77,rsi=0x3fffffffffffffff,rdi=0xffffffff8183a980,rbp=0xffffc9000000bca8,rsp=0xffffc9000000bc08,r8=0x3,r9=0x1000,r10=0xffffc9000000bcd0,r11=0x3,r12=0xffffc9000000bc90,r13=0x0,r14=0xffffffff8183a9e0,r15=0x0
=> 0xffffffff8103f96f <_prb_read_valid+98>:	and    %rax,%rsi
Regs: rax=0x0,rbx=0xffffffff8183a980,rcx=0xffffc9000000bc40,rdx=0x77,rsi=0x0,rdi=0xffffffff8183a980,rbp=0xffffc9000000bca8,rsp=0xffffc9000000bc08,r8=0x3,r9=0x1000,r10=0xffffc9000000bcd0,r11=0x3,r12=0xffffc9000000bc90,r13=0x0,r14=0xffffffff8183a9e0,r15=0x0
=> 0xffffffff8103f972 <_prb_read_valid+101>:	mov    %rsi,0x10(%rsp)
Regs: rax=0x0,rbx=0xffffffff8183a980,rcx=0xffffc9000000bc40,rdx=0x77,rsi=0x0,rdi=0xffffffff8183a980,rbp=0xffffc9000000bca8,rsp=0xffffc9000000bc08,r8=0x3,r9=0x1000,r10=0xffffc9000000bcd0,r11=0x3,r12=0xffffc9000000bc90,r13=0x0,r14=0xffffffff8183a9e0,r15=0x0
=> 0xffffffff8103f977 <_prb_read_valid+106>:	call   0xffffffff8103f5d7 <desc_read_finalized_seq>
Regs: rax=0x0,rbx=0xffffffff8183a980,rcx=0xffffc9000000bc40,rdx=0x77,rsi=0x0,rdi=0xffffffff8183a980,rbp=0xffffc9000000bca8,rsp=0xffffc9000000bc00,r8=0x3,r9=0x1000,r10=0xffffc9000000bcd0,r11=0x3,r12=0xffffc9000000bc90,r13=0x0,r14=0xffffffff8183a9e0,r15=0x0
=> 0xffffffff8103f5d7 <desc_read_finalized_seq>:	push   %rbp
Regs: rax=0x0,rbx=0xffffffff8183a980,rcx=0xffffc9000000bc40,rdx=0x77,rsi=0x0,rdi=0xffffffff8183a980,rbp=0xffffc9000000bca8,rsp=0xffffc9000000bbf8,r8=0x3,r9=0x1000,r10=0xffffc9000000bcd0,r11=0x3,r12=0xffffc9000000bc90,r13=0x0,r14=0xffffffff8183a9e0,r15=0x0
=> 0xffffffff8103f5d8 <desc_read_finalized_seq+1>:	xor    %r9d,%r9d
Regs: rax=0x0,rbx=0xffffffff8183a980,rcx=0xffffc9000000bc40,rdx=0x77,rsi=0x0,rdi=0xffffffff8183a980,rbp=0xffffc9000000bca8,rsp=0xffffc9000000bbf8,r8=0x3,r9=0x0,r10=0xffffc9000000bcd0,r11=0x3,r12=0xffffc9000000bc90,r13=0x0,r14=0xffffffff8183a9e0,r15=0x0
=> 0xffffffff8103f5db <desc_read_finalized_seq+4>:	mov    %rdx,%rbp
Regs: rax=0x0,rbx=0xffffffff8183a980,rcx=0xffffc9000000bc40,rdx=0x77,rsi=0x0,rdi=0xffffffff8183a980,rbp=0x77,rsp=0xffffc9000000bbf8,r8=0x3,r9=0x0,r10=0xffffc9000000bcd0,r11=0x3,r12=0xffffc9000000bc90,r13=0x0,r14=0xffffffff8183a9e0,r15=0x0
=> 0xffffffff8103f5de <desc_read_finalized_seq+7>:	push   %rbx
Regs: rax=0x0,rbx=0xffffffff8183a980,rcx=0xffffc9000000bc40,rdx=0x77,rsi=0x0,rdi=0xffffffff8183a980,rbp=0x77,rsp=0xffffc9000000bbf0,r8=0x3,r9=0x0,r10=0xffffc9000000bcd0,r11=0x3,r12=0xffffc9000000bc90,r13=0x0,r14=0xffffffff8183a9e0,r15=0x0
=> 0xffffffff8103f5df <desc_read_finalized_seq+8>:	mov    %rcx,%rbx
Regs: rax=0x0,rbx=0xffffc9000000bc40,rcx=0xffffc9000000bc40,rdx=0x77,rsi=0x0,rdi=0xffffffff8183a980,rbp=0x77,rsp=0xffffc9000000bbf0,r8=0x3,r9=0x0,r10=0xffffc9000000bcd0,r11=0x3,r12=0xffffc9000000bc90,r13=0x0,r14=0xffffffff8183a9e0,r15=0x0
=> 0xffffffff8103f5e2 <desc_read_finalized_seq+11>:	push   %r8
Regs: rax=0x0,rbx=0xffffc9000000bc40,rcx=0xffffc9000000bc40,rdx=0x77,rsi=0x0,rdi=0xffffffff8183a980,rbp=0x77,rsp=0xffffc9000000bbe8,r8=0x3,r9=0x0,r10=0xffffc9000000bcd0,r11=0x3,r12=0xffffc9000000bc90,r13=0x0,r14=0xffffffff8183a9e0,r15=0x0
=> 0xffffffff8103f5e4 <desc_read_finalized_seq+13>:	mov    %rbx,%rdx
Regs: rax=0x0,rbx=0xffffc9000000bc40,rcx=0xffffc9000000bc40,rdx=0xffffc9000000bc40,rsi=0x0,rdi=0xffffffff8183a980,rbp=0x77,rsp=0xffffc9000000bbe8,r8=0x3,r9=0x0,r10=0xffffc9000000bcd0,r11=0x3,r12=0xffffc9000000bc90,r13=0x0,r14=0xffffffff8183a9e0,r15=0x0
=> 0xffffffff8103f5e7 <desc_read_finalized_seq+16>:	xor    %r8d,%r8d
Regs: rax=0x0,rbx=0xffffc9000000bc40,rcx=0xffffc9000000bc40,rdx=0xffffc9000000bc40,rsi=0x0,rdi=0xffffffff8183a980,rbp=0x77,rsp=0xffffc9000000bbe8,r8=0x0,r9=0x0,r10=0xffffc9000000bcd0,r11=0x3,r12=0xffffc9000000bc90,r13=0x0,r14=0xffffffff8183a9e0,r15=0x0
=> 0xffffffff8103f5ea <desc_read_finalized_seq+19>:	mov    %rsp,%rcx
Regs: rax=0x0,rbx=0xffffc9000000bc40,rcx=0xffffc9000000bbe8,rdx=0xffffc9000000bc40,rsi=0x0,rdi=0xffffffff8183a980,rbp=0x77,rsp=0xffffc9000000bbe8,r8=0x0,r9=0x0,r10=0xffffc9000000bcd0,r11=0x3,r12=0xffffc9000000bc90,r13=0x0,r14=0xffffffff8183a9e0,r15=0x0
=> 0xffffffff8103f5ed <desc_read_finalized_seq+22>:	mov    %r9,(%rsp)
Regs: rax=0x0,rbx=0xffffc9000000bc40,rcx=0xffffc9000000bbe8,rdx=0xffffc9000000bc40,rsi=0x0,rdi=0xffffffff8183a980,rbp=0x77,rsp=0xffffc9000000bbe8,r8=0x0,r9=0x0,r10=0xffffc9000000bcd0,r11=0x3,r12=0xffffc9000000bc90,r13=0x0,r14=0xffffffff8183a9e0,r15=0x0
=> 0xffffffff8103f5f1 <desc_read_finalized_seq+26>:	call   0xffffffff8103f532 <desc_read>
Regs: rax=0x0,rbx=0xffffc9000000bc40,rcx=0xffffc9000000bbe8,rdx=0xffffc9000000bc40,rsi=0x0,rdi=0xffffffff8183a980,rbp=0x77,rsp=0xffffc9000000bbe0,r8=0x0,r9=0x0,r10=0xffffc9000000bcd0,r11=0x3,r12=0xffffc9000000bc90,r13=0x0,r14=0xffffffff8183a9e0,r15=0x0
=> 0xffffffff8103f532 <desc_read>:	movabs $0x3fffffffffffffff,%r11
Regs: rax=0x0,rbx=0xffffc9000000bc40,rcx=0xffffc9000000bbe8,rdx=0xffffc9000000bc40,rsi=0x0,rdi=0xffffffff8183a980,rbp=0x77,rsp=0xffffc9000000bbe0,r8=0x0,r9=0x0,r10=0xffffc9000000bcd0,r11=0x3fffffffffffffff,r12=0xffffc9000000bc90,r13=0x0,r14=0xffffffff8183a9e0,r15=0x0
=> 0xffffffff8103f53c <desc_read+10>:	mov    %rcx,%r10
Regs: rax=0x0,rbx=0xffffc9000000bc40,rcx=0xffffc9000000bbe8,rdx=0xffffc9000000bc40,rsi=0x0,rdi=0xffffffff8183a980,rbp=0x77,rsp=0xffffc9000000bbe0,r8=0x0,r9=0x0,r10=0xffffc9000000bbe8,r11=0x3fffffffffffffff,r12=0xffffc9000000bc90,r13=0x0,r14=0xffffffff8183a9e0,r15=0x0
=> 0xffffffff8103f53f <desc_read+13>:	mov    %rdi,%r9
Regs: rax=0x0,rbx=0xffffc9000000bc40,rcx=0xffffc9000000bbe8,rdx=0xffffc9000000bc40,rsi=0x0,rdi=0xffffffff8183a980,rbp=0x77,rsp=0xffffc9000000bbe0,r8=0x0,r9=0xffffffff8183a980,r10=0xffffc9000000bbe8,r11=0x3fffffffffffffff,r12=0xffffc9000000bc90,r13=0x0,r14=0xffffffff8183a9e0,r15=0x0
=> 0xffffffff8103f542 <desc_read+16>:	call   0xffffffff8103f4aa <to_desc>
Regs: rax=0x0,rbx=0xffffc9000000bc40,rcx=0xffffc9000000bbe8,rdx=0xffffc9000000bc40,rsi=0x0,rdi=0xffffffff8183a980,rbp=0x77,rsp=0xffffc9000000bbd8,r8=0x0,r9=0xffffffff8183a980,r10=0xffffc9000000bbe8,r11=0x3fffffffffffffff,r12=0xffffc9000000bc90,r13=0x0,r14=0xffffffff8183a9e0,r15=0x0
=> 0xffffffff8103f4aa <to_desc>:	mov    (%rdi),%ecx
Regs: rax=0x0,rbx=0xffffc9000000bc40,rcx=0xc,rdx=0xffffc9000000bc40,rsi=0x0,rdi=0xffffffff8183a980,rbp=0x77,rsp=0xffffc9000000bbd8,r8=0x0,r9=0xffffffff8183a980,r10=0xffffc9000000bbe8,r11=0x3fffffffffffffff,r12=0xffffc9000000bc90,r13=0x0,r14=0xffffffff8183a9e0,r15=0x0
=> 0xffffffff8103f4ac <to_desc+2>:	mov    $0x1,%eax
Regs: rax=0x1,rbx=0xffffc9000000bc40,rcx=0xc,rdx=0xffffc9000000bc40,rsi=0x0,rdi=0xffffffff8183a980,rbp=0x77,rsp=0xffffc9000000bbd8,r8=0x0,r9=0xffffffff8183a980,r10=0xffffc9000000bbe8,r11=0x3fffffffffffffff,r12=0xffffc9000000bc90,r13=0x0,r14=0xffffffff8183a9e0,r15=0x0
=> 0xffffffff8103f4b1 <to_desc+7>:	shl    %cl,%eax
Regs: rax=0x1000,rbx=0xffffc9000000bc40,rcx=0xc,rdx=0xffffc9000000bc40,rsi=0x0,rdi=0xffffffff8183a980,rbp=0x77,rsp=0xffffc9000000bbd8,r8=0x0,r9=0xffffffff8183a980,r10=0xffffc9000000bbe8,r11=0x3fffffffffffffff,r12=0xffffc9000000bc90,r13=0x0,r14=0xffffffff8183a9e0,r15=0x0
=> 0xffffffff8103f4b3 <to_desc+9>:	dec    %eax
Regs: rax=0xfff,rbx=0xffffc9000000bc40,rcx=0xc,rdx=0xffffc9000000bc40,rsi=0x0,rdi=0xffffffff8183a980,rbp=0x77,rsp=0xffffc9000000bbd8,r8=0x0,r9=0xffffffff8183a980,r10=0xffffc9000000bbe8,r11=0x3fffffffffffffff,r12=0xffffc9000000bc90,r13=0x0,r14=0xffffffff8183a9e0,r15=0x0
=> 0xffffffff8103f4b5 <to_desc+11>:	and    %rsi,%rax
Regs: rax=0x0,rbx=0xffffc9000000bc40,rcx=0xc,rdx=0xffffc9000000bc40,rsi=0x0,rdi=0xffffffff8183a980,rbp=0x77,rsp=0xffffc9000000bbd8,r8=0x0,r9=0xffffffff8183a980,r10=0xffffc9000000bbe8,r11=0x3fffffffffffffff,r12=0xffffc9000000bc90,r13=0x0,r14=0xffffffff8183a9e0,r15=0x0
=> 0xffffffff8103f4b8 <to_desc+14>:	imul   $0x18,%rax,%rax
Regs: rax=0x0,rbx=0xffffc9000000bc40,rcx=0xc,rdx=0xffffc9000000bc40,rsi=0x0,rdi=0xffffffff8183a980,rbp=0x77,rsp=0xffffc9000000bbd8,r8=0x0,r9=0xffffffff8183a980,r10=0xffffc9000000bbe8,r11=0x3fffffffffffffff,r12=0xffffc9000000bc90,r13=0x0,r14=0xffffffff8183a9e0,r15=0x0
=> 0xffffffff8103f4bc <to_desc+18>:	add    0x8(%rdi),%rax
Regs: rax=0xffffffff818929e0,rbx=0xffffc9000000bc40,rcx=0xc,rdx=0xffffc9000000bc40,rsi=0x0,rdi=0xffffffff8183a980,rbp=0x77,rsp=0xffffc9000000bbd8,r8=0x0,r9=0xffffffff8183a980,r10=0xffffc9000000bbe8,r11=0x3fffffffffffffff,r12=0xffffc9000000bc90,r13=0x0,r14=0xffffffff8183a9e0,r15=0x0
=> 0xffffffff8103f4c0 <to_desc+22>:	ret    
Regs: rax=0xffffffff818929e0,rbx=0xffffc9000000bc40,rcx=0xc,rdx=0xffffc9000000bc40,rsi=0x0,rdi=0xffffffff8183a980,rbp=0x77,rsp=0xffffc9000000bbe0,r8=0x0,r9=0xffffffff8183a980,r10=0xffffc9000000bbe8,r11=0x3fffffffffffffff,r12=0xffffc9000000bc90,r13=0x0,r14=0xffffffff8183a9e0,r15=0x0
=> 0xffffffff8103f547 <desc_read+21>:	or     $0xffffffff,%edi
Regs: rax=0xffffffff818929e0,rbx=0xffffc9000000bc40,rcx=0xc,rdx=0xffffc9000000bc40,rsi=0x0,rdi=0xffffffff,rbp=0x77,rsp=0xffffc9000000bbe0,r8=0x0,r9=0xffffffff8183a980,r10=0xffffc9000000bbe8,r11=0x3fffffffffffffff,r12=0xffffc9000000bc90,r13=0x0,r14=0xffffffff8183a9e0,r15=0x0
=> 0xffffffff8103f54a <desc_read+24>:	mov    (%rax),%rcx
Regs: rax=0xffffffff818929e0,rbx=0xffffc9000000bc40,rcx=0x80000000fffff000,rdx=0xffffc9000000bc40,rsi=0x0,rdi=0xffffffff,rbp=0x77,rsp=0xffffc9000000bbe0,r8=0x0,r9=0xffffffff8183a980,r10=0xffffc9000000bbe8,r11=0x3fffffffffffffff,r12=0xffffc9000000bc90,r13=0x0,r14=0xffffffff8183a9e0,r15=0x0
=> 0xffffffff8103f54d <desc_read+27>:	and    %rcx,%r11
Regs: rax=0xffffffff818929e0,rbx=0xffffc9000000bc40,rcx=0x80000000fffff000,rdx=0xffffc9000000bc40,rsi=0x0,rdi=0xffffffff,rbp=0x77,rsp=0xffffc9000000bbe0,r8=0x0,r9=0xffffffff8183a980,r10=0xffffc9000000bbe8,r11=0xfffff000,r12=0xffffc9000000bc90,r13=0x0,r14=0xffffffff8183a9e0,r15=0x0
=> 0xffffffff8103f550 <desc_read+30>:	cmp    %r11,%rsi
Regs: rax=0xffffffff818929e0,rbx=0xffffc9000000bc40,rcx=0x80000000fffff000,rdx=0xffffc9000000bc40,rsi=0x0,rdi=0xffffffff,rbp=0x77,rsp=0xffffc9000000bbe0,r8=0x0,r9=0xffffffff8183a980,r10=0xffffc9000000bbe8,r11=0xfffff000,r12=0xffffc9000000bc90,r13=0x0,r14=0xffffffff8183a9e0,r15=0x0
=> 0xffffffff8103f553 <desc_read+33>:	jne    0xffffffff8103f5cc <desc_read+154>
Regs: rax=0xffffffff818929e0,rbx=0xffffc9000000bc40,rcx=0x80000000fffff000,rdx=0xffffc9000000bc40,rsi=0x0,rdi=0xffffffff,rbp=0x77,rsp=0xffffc9000000bbe0,r8=0x0,r9=0xffffffff8183a980,r10=0xffffc9000000bbe8,r11=0xfffff000,r12=0xffffc9000000bc90,r13=0x0,r14=0xffffffff8183a9e0,r15=0x0
=> 0xffffffff8103f5cc <desc_read+154>:	test   %rdx,%rdx
Regs: rax=0xffffffff818929e0,rbx=0xffffc9000000bc40,rcx=0x80000000fffff000,rdx=0xffffc9000000bc40,rsi=0x0,rdi=0xffffffff,rbp=0x77,rsp=0xffffc9000000bbe0,r8=0x0,r9=0xffffffff8183a980,r10=0xffffc9000000bbe8,r11=0xfffff000,r12=0xffffc9000000bc90,r13=0x0,r14=0xffffffff8183a9e0,r15=0x0
=> 0xffffffff8103f5cf <desc_read+157>:	je     0xffffffff8103f5d4 <desc_read+162>
Regs: rax=0xffffffff818929e0,rbx=0xffffc9000000bc40,rcx=0x80000000fffff000,rdx=0xffffc9000000bc40,rsi=0x0,rdi=0xffffffff,rbp=0x77,rsp=0xffffc9000000bbe0,r8=0x0,r9=0xffffffff8183a980,r10=0xffffc9000000bbe8,r11=0xfffff000,r12=0xffffc9000000bc90,r13=0x0,r14=0xffffffff8183a9e0,r15=0x0
=> 0xffffffff8103f5d1 <desc_read+159>:	mov    %rcx,(%rdx)
Regs: rax=0xffffffff818929e0,rbx=0xffffc9000000bc40,rcx=0x80000000fffff000,rdx=0xffffc9000000bc40,rsi=0x0,rdi=0xffffffff,rbp=0x77,rsp=0xffffc9000000bbe0,r8=0x0,r9=0xffffffff8183a980,r10=0xffffc9000000bbe8,r11=0xfffff000,r12=0xffffc9000000bc90,r13=0x0,r14=0xffffffff8183a9e0,r15=0x0
=> 0xffffffff8103f5d4 <desc_read+162>:	mov    %edi,%eax
Regs: rax=0xffffffff,rbx=0xffffc9000000bc40,rcx=0x80000000fffff000,rdx=0xffffc9000000bc40,rsi=0x0,rdi=0xffffffff,rbp=0x77,rsp=0xffffc9000000bbe0,r8=0x0,r9=0xffffffff8183a980,r10=0xffffc9000000bbe8,r11=0xfffff000,r12=0xffffc9000000bc90,r13=0x0,r14=0xffffffff8183a9e0,r15=0x0
=> 0xffffffff8103f5d6 <desc_read+164>:	ret    
Regs: rax=0xffffffff,rbx=0xffffc9000000bc40,rcx=0x80000000fffff000,rdx=0xffffc9000000bc40,rsi=0x0,rdi=0xffffffff,rbp=0x77,rsp=0xffffc9000000bbe8,r8=0x0,r9=0xffffffff8183a980,r10=0xffffc9000000bbe8,r11=0xfffff000,r12=0xffffc9000000bc90,r13=0x0,r14=0xffffffff8183a9e0,r15=0x0
=> 0xffffffff8103f5f6 <desc_read_finalized_seq+31>:	mov    %eax,%ecx
Regs: rax=0xffffffff,rbx=0xffffc9000000bc40,rcx=0xffffffff,rdx=0xffffc9000000bc40,rsi=0x0,rdi=0xffffffff,rbp=0x77,rsp=0xffffc9000000bbe8,r8=0x0,r9=0xffffffff8183a980,r10=0xffffc9000000bbe8,r11=0xfffff000,r12=0xffffc9000000bc90,r13=0x0,r14=0xffffffff8183a9e0,r15=0x0
=> 0xffffffff8103f5f8 <desc_read_finalized_seq+33>:	inc    %eax
Regs: rax=0x0,rbx=0xffffc9000000bc40,rcx=0xffffffff,rdx=0xffffc9000000bc40,rsi=0x0,rdi=0xffffffff,rbp=0x77,rsp=0xffffc9000000bbe8,r8=0x0,r9=0xffffffff8183a980,r10=0xffffc9000000bbe8,r11=0xfffff000,r12=0xffffc9000000bc90,r13=0x0,r14=0xffffffff8183a9e0,r15=0x0
=> 0xffffffff8103f5fa <desc_read_finalized_seq+35>:	cmp    $0x1,%eax
Regs: rax=0x0,rbx=0xffffc9000000bc40,rcx=0xffffffff,rdx=0xffffc9000000bc40,rsi=0x0,rdi=0xffffffff,rbp=0x77,rsp=0xffffc9000000bbe8,r8=0x0,r9=0xffffffff8183a980,r10=0xffffc9000000bbe8,r11=0xfffff000,r12=0xffffc9000000bc90,r13=0x0,r14=0xffffffff8183a9e0,r15=0x0
=> 0xffffffff8103f5fd <desc_read_finalized_seq+38>:	mov    $0xffffffea,%eax
Regs: rax=0xffffffea,rbx=0xffffc9000000bc40,rcx=0xffffffff,rdx=0xffffc9000000bc40,rsi=0x0,rdi=0xffffffff,rbp=0x77,rsp=0xffffc9000000bbe8,r8=0x0,r9=0xffffffff8183a980,r10=0xffffc9000000bbe8,r11=0xfffff000,r12=0xffffc9000000bc90,r13=0x0,r14=0xffffffff8183a9e0,r15=0x0
=> 0xffffffff8103f602 <desc_read_finalized_seq+43>:	jbe    0xffffffff8103f630 <desc_read_finalized_seq+89>
Regs: rax=0xffffffea,rbx=0xffffc9000000bc40,rcx=0xffffffff,rdx=0xffffc9000000bc40,rsi=0x0,rdi=0xffffffff,rbp=0x77,rsp=0xffffc9000000bbe8,r8=0x0,r9=0xffffffff8183a980,r10=0xffffc9000000bbe8,r11=0xfffff000,r12=0xffffc9000000bc90,r13=0x0,r14=0xffffffff8183a9e0,r15=0x0
=> 0xffffffff8103f630 <desc_read_finalized_seq+89>:	pop    %rdx
Regs: rax=0xffffffea,rbx=0xffffc9000000bc40,rcx=0xffffffff,rdx=0x0,rsi=0x0,rdi=0xffffffff,rbp=0x77,rsp=0xffffc9000000bbf0,r8=0x0,r9=0xffffffff8183a980,r10=0xffffc9000000bbe8,r11=0xfffff000,r12=0xffffc9000000bc90,r13=0x0,r14=0xffffffff8183a9e0,r15=0x0
=> 0xffffffff8103f631 <desc_read_finalized_seq+90>:	pop    %rbx
Regs: rax=0xffffffea,rbx=0xffffffff8183a980,rcx=0xffffffff,rdx=0x0,rsi=0x0,rdi=0xffffffff,rbp=0x77,rsp=0xffffc9000000bbf8,r8=0x0,r9=0xffffffff8183a980,r10=0xffffc9000000bbe8,r11=0xfffff000,r12=0xffffc9000000bc90,r13=0x0,r14=0xffffffff8183a9e0,r15=0x0
=> 0xffffffff8103f632 <desc_read_finalized_seq+91>:	pop    %rbp
Regs: rax=0xffffffea,rbx=0xffffffff8183a980,rcx=0xffffffff,rdx=0x0,rsi=0x0,rdi=0xffffffff,rbp=0xffffc9000000bca8,rsp=0xffffc9000000bc00,r8=0x0,r9=0xffffffff8183a980,r10=0xffffc9000000bbe8,r11=0xfffff000,r12=0xffffc9000000bc90,r13=0x0,r14=0xffffffff8183a9e0,r15=0x0
=> 0xffffffff8103f633 <desc_read_finalized_seq+92>:	ret    
Regs: rax=0xffffffea,rbx=0xffffffff8183a980,rcx=0xffffffff,rdx=0x0,rsi=0x0,rdi=0xffffffff,rbp=0xffffc9000000bca8,rsp=0xffffc9000000bc08,r8=0x0,r9=0xffffffff8183a980,r10=0xffffc9000000bbe8,r11=0xfffff000,r12=0xffffc9000000bc90,r13=0x0,r14=0xffffffff8183a9e0,r15=0x0
=> 0xffffffff8103f97c <_prb_read_valid+111>:	mov    %eax,%r15d
Regs: rax=0xffffffea,rbx=0xffffffff8183a980,rcx=0xffffffff,rdx=0x0,rsi=0x0,rdi=0xffffffff,rbp=0xffffc9000000bca8,rsp=0xffffc9000000bc08,r8=0x0,r9=0xffffffff8183a980,r10=0xffffc9000000bbe8,r11=0xfffff000,r12=0xffffc9000000bc90,r13=0x0,r14=0xffffffff8183a9e0,r15=0xffffffea
=> 0xffffffff8103f97f <_prb_read_valid+114>:	test   %eax,%eax
Regs: rax=0xffffffea,rbx=0xffffffff8183a980,rcx=0xffffffff,rdx=0x0,rsi=0x0,rdi=0xffffffff,rbp=0xffffc9000000bca8,rsp=0xffffc9000000bc08,r8=0x0,r9=0xffffffff8183a980,r10=0xffffc9000000bbe8,r11=0xfffff000,r12=0xffffc9000000bc90,r13=0x0,r14=0xffffffff8183a9e0,r15=0xffffffea
=> 0xffffffff8103f981 <_prb_read_valid+116>:	je     0xffffffff8103f9e3 <_prb_read_valid+214>
Regs: rax=0xffffffea,rbx=0xffffffff8183a980,rcx=0xffffffff,rdx=0x0,rsi=0x0,rdi=0xffffffff,rbp=0xffffc9000000bca8,rsp=0xffffc9000000bc08,r8=0x0,r9=0xffffffff8183a980,r10=0xffffc9000000bbe8,r11=0xfffff000,r12=0xffffc9000000bc90,r13=0x0,r14=0xffffffff8183a9e0,r15=0xffffffea
=> 0xffffffff8103f983 <_prb_read_valid+118>:	lea    0x38(%rsp),%rdx
Regs: rax=0xffffffea,rbx=0xffffffff8183a980,rcx=0xffffffff,rdx=0xffffc9000000bc40,rsi=0x0,rdi=0xffffffff,rbp=0xffffc9000000bca8,rsp=0xffffc9000000bc08,r8=0x0,r9=0xffffffff8183a980,r10=0xffffc9000000bbe8,r11=0xfffff000,r12=0xffffc9000000bc90,r13=0x0,r14=0xffffffff8183a9e0,r15=0xffffffea
=> 0xffffffff8103f988 <_prb_read_valid+123>:	mov    $0x6,%ecx
Regs: rax=0xffffffea,rbx=0xffffffff8183a980,rcx=0x6,rdx=0xffffc9000000bc40,rsi=0x0,rdi=0xffffffff,rbp=0xffffc9000000bca8,rsp=0xffffc9000000bc08,r8=0x0,r9=0xffffffff8183a980,r10=0xffffc9000000bbe8,r11=0xfffff000,r12=0xffffc9000000bc90,r13=0x0,r14=0xffffffff8183a9e0,r15=0xffffffea
=> 0xffffffff8103f98d <_prb_read_valid+128>:	xor    %eax,%eax
Regs: rax=0x0,rbx=0xffffffff8183a980,rcx=0x6,rdx=0xffffc9000000bc40,rsi=0x0,rdi=0xffffffff,rbp=0xffffc9000000bca8,rsp=0xffffc9000000bc08,r8=0x0,r9=0xffffffff8183a980,r10=0xffffc9000000bbe8,r11=0xfffff000,r12=0xffffc9000000bc90,r13=0x0,r14=0xffffffff8183a9e0,r15=0xffffffea
=> 0xffffffff8103f98f <_prb_read_valid+130>:	mov    %rdx,%rdi
Regs: rax=0x0,rbx=0xffffffff8183a980,rcx=0x6,rdx=0xffffc9000000bc40,rsi=0x0,rdi=0xffffc9000000bc40,rbp=0xffffc9000000bca8,rsp=0xffffc9000000bc08,r8=0x0,r9=0xffffffff8183a980,r10=0xffffc9000000bbe8,r11=0xfffff000,r12=0xffffc9000000bc90,r13=0x0,r14=0xffffffff8183a9e0,r15=0xffffffea
=> 0xffffffff8103f992 <_prb_read_valid+133>:	xor    %edx,%edx
Regs: rax=0x0,rbx=0xffffffff8183a980,rcx=0x6,rdx=0x0,rsi=0x0,rdi=0xffffc9000000bc40,rbp=0xffffc9000000bca8,rsp=0xffffc9000000bc08,r8=0x0,r9=0xffffffff8183a980,r10=0xffffc9000000bbe8,r11=0xfffff000,r12=0xffffc9000000bc90,r13=0x0,r14=0xffffffff8183a9e0,r15=0xffffffea
=> 0xffffffff8103f994 <_prb_read_valid+135>:	rep stos %eax,%es:(%rdi)
Regs: rax=0x0,rbx=0xffffffff8183a980,rcx=0x5,rdx=0x0,rsi=0x0,rdi=0xffffc9000000bc44,rbp=0xffffc9000000bca8,rsp=0xffffc9000000bc08,r8=0x0,r9=0xffffffff8183a980,r10=0xffffc9000000bbe8,r11=0xfffff000,r12=0xffffc9000000bc90,r13=0x0,r14=0xffffffff8183a9e0,r15=0xffffffea
=> 0xffffffff8103f994 <_prb_read_valid+135>:	rep stos %eax,%es:(%rdi)
Regs: rax=0x0,rbx=0xffffffff8183a980,rcx=0x4,rdx=0x0,rsi=0x0,rdi=0xffffc9000000bc48,rbp=0xffffc9000000bca8,rsp=0xffffc9000000bc08,r8=0x0,r9=0xffffffff8183a980,r10=0xffffc9000000bbe8,r11=0xfffff000,r12=0xffffc9000000bc90,r13=0x0,r14=0xffffffff8183a9e0,r15=0xffffffea
=> 0xffffffff8103f994 <_prb_read_valid+135>:	rep stos %eax,%es:(%rdi)
Regs: rax=0x0,rbx=0xffffffff8183a980,rcx=0x3,rdx=0x0,rsi=0x0,rdi=0xffffc9000000bc4c,rbp=0xffffc9000000bca8,rsp=0xffffc9000000bc08,r8=0x0,r9=0xffffffff8183a980,r10=0xffffc9000000bbe8,r11=0xfffff000,r12=0xffffc9000000bc90,r13=0x0,r14=0xffffffff8183a9e0,r15=0xffffffea
=> 0xffffffff8103f994 <_prb_read_valid+135>:	rep stos %eax,%es:(%rdi)
Regs: rax=0x0,rbx=0xffffffff8183a980,rcx=0x2,rdx=0x0,rsi=0x0,rdi=0xffffc9000000bc50,rbp=0xffffc9000000bca8,rsp=0xffffc9000000bc08,r8=0x0,r9=0xffffffff8183a980,r10=0xffffc9000000bbe8,r11=0xfffff000,r12=0xffffc9000000bc90,r13=0x0,r14=0xffffffff8183a9e0,r15=0xffffffea
=> 0xffffffff8103f994 <_prb_read_valid+135>:	rep stos %eax,%es:(%rdi)
Regs: rax=0x0,rbx=0xffffffff8183a980,rcx=0x1,rdx=0x0,rsi=0x0,rdi=0xffffc9000000bc54,rbp=0xffffc9000000bca8,rsp=0xffffc9000000bc08,r8=0x0,r9=0xffffffff8183a980,r10=0xffffc9000000bbe8,r11=0xfffff000,r12=0xffffc9000000bc90,r13=0x0,r14=0xffffffff8183a9e0,r15=0xffffffea
=> 0xffffffff8103f994 <_prb_read_valid+135>:	rep stos %eax,%es:(%rdi)
Regs: rax=0x0,rbx=0xffffffff8183a980,rcx=0x0,rdx=0x0,rsi=0x0,rdi=0xffffc9000000bc58,rbp=0xffffc9000000bca8,rsp=0xffffc9000000bc08,r8=0x0,r9=0xffffffff8183a980,r10=0xffffc9000000bbe8,r11=0xfffff000,r12=0xffffc9000000bc90,r13=0x0,r14=0xffffffff8183a9e0,r15=0xffffffea
=> 0xffffffff8103f996 <_prb_read_valid+137>:	mov    %rdx,0x30(%rsp)
Regs: rax=0x0,rbx=0xffffffff8183a980,rcx=0x0,rdx=0x0,rsi=0x0,rdi=0xffffc9000000bc58,rbp=0xffffc9000000bca8,rsp=0xffffc9000000bc08,r8=0x0,r9=0xffffffff8183a980,r10=0xffffc9000000bbe8,r11=0xfffff000,r12=0xffffc9000000bc90,r13=0x0,r14=0xffffffff8183a9e0,r15=0xffffffea
=> 0xffffffff8103f99b <_prb_read_valid+142>:	mov    0x20(%rbx),%rsi
Regs: rax=0x0,rbx=0xffffffff8183a980,rcx=0x0,rdx=0x0,rsi=0xffffefff,rdi=0xffffc9000000bc58,rbp=0xffffc9000000bca8,rsp=0xffffc9000000bc08,r8=0x0,r9=0xffffffff8183a980,r10=0xffffc9000000bbe8,r11=0xfffff000,r12=0xffffc9000000bc90,r13=0x0,r14=0xffffffff8183a9e0,r15=0xffffffea
=> 0xffffffff8103f99f <_prb_read_valid+146>:	xor    %r8d,%r8d
Regs: rax=0x0,rbx=0xffffffff8183a980,rcx=0x0,rdx=0x0,rsi=0xffffefff,rdi=0xffffc9000000bc58,rbp=0xffffc9000000bca8,rsp=0xffffc9000000bc08,r8=0x0,r9=0xffffffff8183a980,r10=0xffffc9000000bbe8,r11=0xfffff000,r12=0xffffc9000000bc90,r13=0x0,r14=0xffffffff8183a9e0,r15=0xffffffea
=> 0xffffffff8103f9a2 <_prb_read_valid+149>:	lea    0x30(%rsp),%rcx
Regs: rax=0x0,rbx=0xffffffff8183a980,rcx=0xffffc9000000bc38,rdx=0x0,rsi=0xffffefff,rdi=0xffffc9000000bc58,rbp=0xffffc9000000bca8,rsp=0xffffc9000000bc08,r8=0x0,r9=0xffffffff8183a980,r10=0xffffc9000000bbe8,r11=0xfffff000,r12=0xffffc9000000bc90,r13=0x0,r14=0xffffffff8183a9e0,r15=0xffffffea
=> 0xffffffff8103f9a7 <_prb_read_valid+154>:	mov    %rbx,%rdi
Regs: rax=0x0,rbx=0xffffffff8183a980,rcx=0xffffc9000000bc38,rdx=0x0,rsi=0xffffefff,rdi=0xffffffff8183a980,rbp=0xffffc9000000bca8,rsp=0xffffc9000000bc08,r8=0x0,r9=0xffffffff8183a980,r10=0xffffc9000000bbe8,r11=0xfffff000,r12=0xffffc9000000bc90,r13=0x0,r14=0xffffffff8183a9e0,r15=0xffffffea
=> 0xffffffff8103f9aa <_prb_read_valid+157>:	lea    0x38(%rsp),%rdx
Regs: rax=0x0,rbx=0xffffffff8183a980,rcx=0xffffc9000000bc38,rdx=0xffffc9000000bc40,rsi=0xffffefff,rdi=0xffffffff8183a980,rbp=0xffffc9000000bca8,rsp=0xffffc9000000bc08,r8=0x0,r9=0xffffffff8183a980,r10=0xffffc9000000bbe8,r11=0xfffff000,r12=0xffffc9000000bc90,r13=0x0,r14=0xffffffff8183a9e0,r15=0xffffffea
=> 0xffffffff8103f9af <_prb_read_valid+162>:	call   0xffffffff8103f532 <desc_read>
Regs: rax=0x0,rbx=0xffffffff8183a980,rcx=0xffffc9000000bc38,rdx=0xffffc9000000bc40,rsi=0xffffefff,rdi=0xffffffff8183a980,rbp=0xffffc9000000bca8,rsp=0xffffc9000000bc00,r8=0x0,r9=0xffffffff8183a980,r10=0xffffc9000000bbe8,r11=0xfffff000,r12=0xffffc9000000bc90,r13=0x0,r14=0xffffffff8183a9e0,r15=0xffffffea
=> 0xffffffff8103f532 <desc_read>:	movabs $0x3fffffffffffffff,%r11
Regs: rax=0x0,rbx=0xffffffff8183a980,rcx=0xffffc9000000bc38,rdx=0xffffc9000000bc40,rsi=0xffffefff,rdi=0xffffffff8183a980,rbp=0xffffc9000000bca8,rsp=0xffffc9000000bc00,r8=0x0,r9=0xffffffff8183a980,r10=0xffffc9000000bbe8,r11=0x3fffffffffffffff,r12=0xffffc9000000bc90,r13=0x0,r14=0xffffffff8183a9e0,r15=0xffffffea
=> 0xffffffff8103f53c <desc_read+10>:	mov    %rcx,%r10
Regs: rax=0x0,rbx=0xffffffff8183a980,rcx=0xffffc9000000bc38,rdx=0xffffc9000000bc40,rsi=0xffffefff,rdi=0xffffffff8183a980,rbp=0xffffc9000000bca8,rsp=0xffffc9000000bc00,r8=0x0,r9=0xffffffff8183a980,r10=0xffffc9000000bc38,r11=0x3fffffffffffffff,r12=0xffffc9000000bc90,r13=0x0,r14=0xffffffff8183a9e0,r15=0xffffffea
=> 0xffffffff8103f53f <desc_read+13>:	mov    %rdi,%r9
Regs: rax=0x0,rbx=0xffffffff8183a980,rcx=0xffffc9000000bc38,rdx=0xffffc9000000bc40,rsi=0xffffefff,rdi=0xffffffff8183a980,rbp=0xffffc9000000bca8,rsp=0xffffc9000000bc00,r8=0x0,r9=0xffffffff8183a980,r10=0xffffc9000000bc38,r11=0x3fffffffffffffff,r12=0xffffc9000000bc90,r13=0x0,r14=0xffffffff8183a9e0,r15=0xffffffea
=> 0xffffffff8103f542 <desc_read+16>:	call   0xffffffff8103f4aa <to_desc>
Regs: rax=0x0,rbx=0xffffffff8183a980,rcx=0xffffc9000000bc38,rdx=0xffffc9000000bc40,rsi=0xffffefff,rdi=0xffffffff8183a980,rbp=0xffffc9000000bca8,rsp=0xffffc9000000bbf8,r8=0x0,r9=0xffffffff8183a980,r10=0xffffc9000000bc38,r11=0x3fffffffffffffff,r12=0xffffc9000000bc90,r13=0x0,r14=0xffffffff8183a9e0,r15=0xffffffea
=> 0xffffffff8103f4aa <to_desc>:	mov    (%rdi),%ecx
Regs: rax=0x0,rbx=0xffffffff8183a980,rcx=0xc,rdx=0xffffc9000000bc40,rsi=0xffffefff,rdi=0xffffffff8183a980,rbp=0xffffc9000000bca8,rsp=0xffffc9000000bbf8,r8=0x0,r9=0xffffffff8183a980,r10=0xffffc9000000bc38,r11=0x3fffffffffffffff,r12=0xffffc9000000bc90,r13=0x0,r14=0xffffffff8183a9e0,r15=0xffffffea
=> 0xffffffff8103f4ac <to_desc+2>:	mov    $0x1,%eax
Regs: rax=0x1,rbx=0xffffffff8183a980,rcx=0xc,rdx=0xffffc9000000bc40,rsi=0xffffefff,rdi=0xffffffff8183a980,rbp=0xffffc9000000bca8,rsp=0xffffc9000000bbf8,r8=0x0,r9=0xffffffff8183a980,r10=0xffffc9000000bc38,r11=0x3fffffffffffffff,r12=0xffffc9000000bc90,r13=0x0,r14=0xffffffff8183a9e0,r15=0xffffffea
=> 0xffffffff8103f4b1 <to_desc+7>:	shl    %cl,%eax
Regs: rax=0x1000,rbx=0xffffffff8183a980,rcx=0xc,rdx=0xffffc9000000bc40,rsi=0xffffefff,rdi=0xffffffff8183a980,rbp=0xffffc9000000bca8,rsp=0xffffc9000000bbf8,r8=0x0,r9=0xffffffff8183a980,r10=0xffffc9000000bc38,r11=0x3fffffffffffffff,r12=0xffffc9000000bc90,r13=0x0,r14=0xffffffff8183a9e0,r15=0xffffffea
=> 0xffffffff8103f4b3 <to_desc+9>:	dec    %eax
Regs: rax=0xfff,rbx=0xffffffff8183a980,rcx=0xc,rdx=0xffffc9000000bc40,rsi=0xffffefff,rdi=0xffffffff8183a980,rbp=0xffffc9000000bca8,rsp=0xffffc9000000bbf8,r8=0x0,r9=0xffffffff8183a980,r10=0xffffc9000000bc38,r11=0x3fffffffffffffff,r12=0xffffc9000000bc90,r13=0x0,r14=0xffffffff8183a9e0,r15=0xffffffea
=> 0xffffffff8103f4b5 <to_desc+11>:	and    %rsi,%rax
Regs: rax=0xfff,rbx=0xffffffff8183a980,rcx=0xc,rdx=0xffffc9000000bc40,rsi=0xffffefff,rdi=0xffffffff8183a980,rbp=0xffffc9000000bca8,rsp=0xffffc9000000bbf8,r8=0x0,r9=0xffffffff8183a980,r10=0xffffc9000000bc38,r11=0x3fffffffffffffff,r12=0xffffc9000000bc90,r13=0x0,r14=0xffffffff8183a9e0,r15=0xffffffea
=> 0xffffffff8103f4b8 <to_desc+14>:	imul   $0x18,%rax,%rax
Regs: rax=0x17fe8,rbx=0xffffffff8183a980,rcx=0xc,rdx=0xffffc9000000bc40,rsi=0xffffefff,rdi=0xffffffff8183a980,rbp=0xffffc9000000bca8,rsp=0xffffc9000000bbf8,r8=0x0,r9=0xffffffff8183a980,r10=0xffffc9000000bc38,r11=0x3fffffffffffffff,r12=0xffffc9000000bc90,r13=0x0,r14=0xffffffff8183a9e0,r15=0xffffffea
=> 0xffffffff8103f4bc <to_desc+18>:	add    0x8(%rdi),%rax
Regs: rax=0xffffffff818aa9c8,rbx=0xffffffff8183a980,rcx=0xc,rdx=0xffffc9000000bc40,rsi=0xffffefff,rdi=0xffffffff8183a980,rbp=0xffffc9000000bca8,rsp=0xffffc9000000bbf8,r8=0x0,r9=0xffffffff8183a980,r10=0xffffc9000000bc38,r11=0x3fffffffffffffff,r12=0xffffc9000000bc90,r13=0x0,r14=0xffffffff8183a9e0,r15=0xffffffea
=> 0xffffffff8103f4c0 <to_desc+22>:	ret    
Regs: rax=0xffffffff818aa9c8,rbx=0xffffffff8183a980,rcx=0xc,rdx=0xffffc9000000bc40,rsi=0xffffefff,rdi=0xffffffff8183a980,rbp=0xffffc9000000bca8,rsp=0xffffc9000000bc00,r8=0x0,r9=0xffffffff8183a980,r10=0xffffc9000000bc38,r11=0x3fffffffffffffff,r12=0xffffc9000000bc90,r13=0x0,r14=0xffffffff8183a9e0,r15=0xffffffea
=> 0xffffffff8103f547 <desc_read+21>:	or     $0xffffffff,%edi
Regs: rax=0xffffffff818aa9c8,rbx=0xffffffff8183a980,rcx=0xc,rdx=0xffffc9000000bc40,rsi=0xffffefff,rdi=0xffffffff,rbp=0xffffc9000000bca8,rsp=0xffffc9000000bc00,r8=0x0,r9=0xffffffff8183a980,r10=0xffffc9000000bc38,r11=0x3fffffffffffffff,r12=0xffffc9000000bc90,r13=0x0,r14=0xffffffff8183a9e0,r15=0xffffffea
=> 0xffffffff8103f54a <desc_read+24>:	mov    (%rax),%rcx
Regs: rax=0xffffffff818aa9c8,rbx=0xffffffff8183a980,rcx=0xc0000000ffffefff,rdx=0xffffc9000000bc40,rsi=0xffffefff,rdi=0xffffffff,rbp=0xffffc9000000bca8,rsp=0xffffc9000000bc00,r8=0x0,r9=0xffffffff8183a980,r10=0xffffc9000000bc38,r11=0x3fffffffffffffff,r12=0xffffc9000000bc90,r13=0x0,r14=0xffffffff8183a9e0,r15=0xffffffea
=> 0xffffffff8103f54d <desc_read+27>:	and    %rcx,%r11
Regs: rax=0xffffffff818aa9c8,rbx=0xffffffff8183a980,rcx=0xc0000000ffffefff,rdx=0xffffc9000000bc40,rsi=0xffffefff,rdi=0xffffffff,rbp=0xffffc9000000bca8,rsp=0xffffc9000000bc00,r8=0x0,r9=0xffffffff8183a980,r10=0xffffc9000000bc38,r11=0xffffefff,r12=0xffffc9000000bc90,r13=0x0,r14=0xffffffff8183a9e0,r15=0xffffffea
=> 0xffffffff8103f550 <desc_read+30>:	cmp    %r11,%rsi
Regs: rax=0xffffffff818aa9c8,rbx=0xffffffff8183a980,rcx=0xc0000000ffffefff,rdx=0xffffc9000000bc40,rsi=0xffffefff,rdi=0xffffffff,rbp=0xffffc9000000bca8,rsp=0xffffc9000000bc00,r8=0x0,r9=0xffffffff8183a980,r10=0xffffc9000000bc38,r11=0xffffefff,r12=0xffffc9000000bc90,r13=0x0,r14=0xffffffff8183a9e0,r15=0xffffffea
=> 0xffffffff8103f553 <desc_read+33>:	jne    0xffffffff8103f5cc <desc_read+154>
Regs: rax=0xffffffff818aa9c8,rbx=0xffffffff8183a980,rcx=0xc0000000ffffefff,rdx=0xffffc9000000bc40,rsi=0xffffefff,rdi=0xffffffff,rbp=0xffffc9000000bca8,rsp=0xffffc9000000bc00,r8=0x0,r9=0xffffffff8183a980,r10=0xffffc9000000bc38,r11=0xffffefff,r12=0xffffc9000000bc90,r13=0x0,r14=0xffffffff8183a9e0,r15=0xffffffea
=> 0xffffffff8103f555 <desc_read+35>:	mov    %rcx,%r11
Regs: rax=0xffffffff818aa9c8,rbx=0xffffffff8183a980,rcx=0xc0000000ffffefff,rdx=0xffffc9000000bc40,rsi=0xffffefff,rdi=0xffffffff,rbp=0xffffc9000000bca8,rsp=0xffffc9000000bc00,r8=0x0,r9=0xffffffff8183a980,r10=0xffffc9000000bc38,r11=0xc0000000ffffefff,r12=0xffffc9000000bc90,r13=0x0,r14=0xffffffff8183a9e0,r15=0xffffffea
=> 0xffffffff8103f558 <desc_read+38>:	xor    %edi,%edi
Regs: rax=0xffffffff818aa9c8,rbx=0xffffffff8183a980,rcx=0xc0000000ffffefff,rdx=0xffffc9000000bc40,rsi=0xffffefff,rdi=0x0,rbp=0xffffc9000000bca8,rsp=0xffffc9000000bc00,r8=0x0,r9=0xffffffff8183a980,r10=0xffffc9000000bc38,r11=0xc0000000ffffefff,r12=0xffffc9000000bc90,r13=0x0,r14=0xffffffff8183a9e0,r15=0xffffffea
=> 0xffffffff8103f55a <desc_read+40>:	shr    $0x3e,%r11
Regs: rax=0xffffffff818aa9c8,rbx=0xffffffff8183a980,rcx=0xc0000000ffffefff,rdx=0xffffc9000000bc40,rsi=0xffffefff,rdi=0x0,rbp=0xffffc9000000bca8,rsp=0xffffc9000000bc00,r8=0x0,r9=0xffffffff8183a980,r10=0xffffc9000000bc38,r11=0x3,r12=0xffffc9000000bc90,r13=0x0,r14=0xffffffff8183a9e0,r15=0xffffffea
=> 0xffffffff8103f55e <desc_read+44>:	je     0xffffffff8103f5cc <desc_read+154>
Regs: rax=0xffffffff818aa9c8,rbx=0xffffffff8183a980,rcx=0xc0000000ffffefff,rdx=0xffffc9000000bc40,rsi=0xffffefff,rdi=0x0,rbp=0xffffc9000000bca8,rsp=0xffffc9000000bc00,r8=0x0,r9=0xffffffff8183a980,r10=0xffffc9000000bc38,r11=0x3,r12=0xffffc9000000bc90,r13=0x0,r14=0xffffffff8183a9e0,r15=0xffffffea
=> 0xffffffff8103f560 <desc_read+46>:	mov    0x10(%r9),%rdi
Regs: rax=0xffffffff818aa9c8,rbx=0xffffffff8183a980,rcx=0xc0000000ffffefff,rdx=0xffffc9000000bc40,rsi=0xffffefff,rdi=0xffffffff8183a9e0,rbp=0xffffc9000000bca8,rsp=0xffffc9000000bc00,r8=0x0,r9=0xffffffff8183a980,r10=0xffffc9000000bc38,r11=0x3,r12=0xffffc9000000bc90,r13=0x0,r14=0xffffffff8183a9e0,r15=0xffffffea
=> 0xffffffff8103f564 <desc_read+50>:	mov    (%r9),%ecx
Regs: rax=0xffffffff818aa9c8,rbx=0xffffffff8183a980,rcx=0xc,rdx=0xffffc9000000bc40,rsi=0xffffefff,rdi=0xffffffff8183a9e0,rbp=0xffffc9000000bca8,rsp=0xffffc9000000bc00,r8=0x0,r9=0xffffffff8183a980,r10=0xffffc9000000bc38,r11=0x3,r12=0xffffc9000000bc90,r13=0x0,r14=0xffffffff8183a9e0,r15=0xffffffea
=> 0xffffffff8103f567 <desc_read+53>:	test   %rdx,%rdx
Regs: rax=0xffffffff818aa9c8,rbx=0xffffffff8183a980,rcx=0xc,rdx=0xffffc9000000bc40,rsi=0xffffefff,rdi=0xffffffff8183a9e0,rbp=0xffffc9000000bca8,rsp=0xffffc9000000bc00,r8=0x0,r9=0xffffffff8183a980,r10=0xffffc9000000bc38,r11=0x3,r12=0xffffc9000000bc90,r13=0x0,r14=0xffffffff8183a9e0,r15=0xffffffea
=> 0xffffffff8103f56a <desc_read+56>:	je     0xffffffff8103f57c <desc_read+74>
Regs: rax=0xffffffff818aa9c8,rbx=0xffffffff8183a980,rcx=0xc,rdx=0xffffc9000000bc40,rsi=0xffffefff,rdi=0xffffffff8183a9e0,rbp=0xffffc9000000bca8,rsp=0xffffc9000000bc00,r8=0x0,r9=0xffffffff8183a980,r10=0xffffc9000000bc38,r11=0x3,r12=0xffffc9000000bc90,r13=0x0,r14=0xffffffff8183a9e0,r15=0xffffffea
=> 0xffffffff8103f56c <desc_read+58>:	mov    0x8(%rax),%r9
Regs: rax=0xffffffff818aa9c8,rbx=0xffffffff8183a980,rcx=0xc,rdx=0xffffc9000000bc40,rsi=0xffffefff,rdi=0xffffffff8183a9e0,rbp=0xffffc9000000bca8,rsp=0xffffc9000000bc00,r8=0x0,r9=0x1,r10=0xffffc9000000bc38,r11=0x3,r12=0xffffc9000000bc90,r13=0x0,r14=0xffffffff8183a9e0,r15=0xffffffea
=> 0xffffffff8103f570 <desc_read+62>:	mov    %r9,0x8(%rdx)
Regs: rax=0xffffffff818aa9c8,rbx=0xffffffff8183a980,rcx=0xc,rdx=0xffffc9000000bc40,rsi=0xffffefff,rdi=0xffffffff8183a9e0,rbp=0xffffc9000000bca8,rsp=0xffffc9000000bc00,r8=0x0,r9=0x1,r10=0xffffc9000000bc38,r11=0x3,r12=0xffffc9000000bc90,r13=0x0,r14=0xffffffff8183a9e0,r15=0xffffffea
=> 0xffffffff8103f574 <desc_read+66>:	mov    0x10(%rax),%r9
Regs: rax=0xffffffff818aa9c8,rbx=0xffffffff8183a980,rcx=0xc,rdx=0xffffc9000000bc40,rsi=0xffffefff,rdi=0xffffffff8183a9e0,rbp=0xffffc9000000bca8,rsp=0xffffc9000000bc00,r8=0x0,r9=0x1,r10=0xffffc9000000bc38,r11=0x3,r12=0xffffc9000000bc90,r13=0x0,r14=0xffffffff8183a9e0,r15=0xffffffea
=> 0xffffffff8103f578 <desc_read+70>:	mov    %r9,0x10(%rdx)
Regs: rax=0xffffffff818aa9c8,rbx=0xffffffff8183a980,rcx=0xc,rdx=0xffffc9000000bc40,rsi=0xffffefff,rdi=0xffffffff8183a9e0,rbp=0xffffc9000000bca8,rsp=0xffffc9000000bc00,r8=0x0,r9=0x1,r10=0xffffc9000000bc38,r11=0x3,r12=0xffffc9000000bc90,r13=0x0,r14=0xffffffff8183a9e0,r15=0xffffffea
=> 0xffffffff8103f57c <desc_read+74>:	mov    $0x1,%r9d
Regs: rax=0xffffffff818aa9c8,rbx=0xffffffff8183a980,rcx=0xc,rdx=0xffffc9000000bc40,rsi=0xffffefff,rdi=0xffffffff8183a9e0,rbp=0xffffc9000000bca8,rsp=0xffffc9000000bc00,r8=0x0,r9=0x1,r10=0xffffc9000000bc38,r11=0x3,r12=0xffffc9000000bc90,r13=0x0,r14=0xffffffff8183a9e0,r15=0xffffffea
=> 0xffffffff8103f582 <desc_read+80>:	shl    %cl,%r9d
Regs: rax=0xffffffff818aa9c8,rbx=0xffffffff8183a980,rcx=0xc,rdx=0xffffc9000000bc40,rsi=0xffffefff,rdi=0xffffffff8183a9e0,rbp=0xffffc9000000bca8,rsp=0xffffc9000000bc00,r8=0x0,r9=0x1000,r10=0xffffc9000000bc38,r11=0x3,r12=0xffffc9000000bc90,r13=0x0,r14=0xffffffff8183a9e0,r15=0xffffffea
=> 0xffffffff8103f585 <desc_read+83>:	lea    -0x1(%r9),%ecx
Regs: rax=0xffffffff818aa9c8,rbx=0xffffffff8183a980,rcx=0xfff,rdx=0xffffc9000000bc40,rsi=0xffffefff,rdi=0xffffffff8183a9e0,rbp=0xffffc9000000bca8,rsp=0xffffc9000000bc00,r8=0x0,r9=0x1000,r10=0xffffc9000000bc38,r11=0x3,r12=0xffffc9000000bc90,r13=0x0,r14=0xffffffff8183a9e0,r15=0xffffffea
=> 0xffffffff8103f589 <desc_read+87>:	and    %rsi,%rcx
Regs: rax=0xffffffff818aa9c8,rbx=0xffffffff8183a980,rcx=0xfff,rdx=0xffffc9000000bc40,rsi=0xffffefff,rdi=0xffffffff8183a9e0,rbp=0xffffc9000000bca8,rsp=0xffffc9000000bc00,r8=0x0,r9=0x1000,r10=0xffffc9000000bc38,r11=0x3,r12=0xffffc9000000bc90,r13=0x0,r14=0xffffffff8183a9e0,r15=0xffffffea
=> 0xffffffff8103f58c <desc_read+90>:	imul   $0x58,%rcx,%rcx
Regs: rax=0xffffffff818aa9c8,rbx=0xffffffff8183a980,rcx=0x57fa8,rdx=0xffffc9000000bc40,rsi=0xffffefff,rdi=0xffffffff8183a9e0,rbp=0xffffc9000000bca8,rsp=0xffffc9000000bc00,r8=0x0,r9=0x1000,r10=0xffffc9000000bc38,r11=0x3,r12=0xffffc9000000bc90,r13=0x0,r14=0xffffffff8183a9e0,r15=0xffffffea
=> 0xffffffff8103f590 <desc_read+94>:	add    %rdi,%rcx
Regs: rax=0xffffffff818aa9c8,rbx=0xffffffff8183a980,rcx=0xffffffff81892988,rdx=0xffffc9000000bc40,rsi=0xffffefff,rdi=0xffffffff8183a9e0,rbp=0xffffc9000000bca8,rsp=0xffffc9000000bc00,r8=0x0,r9=0x1000,r10=0xffffc9000000bc38,r11=0x3,r12=0xffffc9000000bc90,r13=0x0,r14=0xffffffff8183a9e0,r15=0xffffffea
=> 0xffffffff8103f593 <desc_read+97>:	test   %r10,%r10
Regs: rax=0xffffffff818aa9c8,rbx=0xffffffff8183a980,rcx=0xffffffff81892988,rdx=0xffffc9000000bc40,rsi=0xffffefff,rdi=0xffffffff8183a9e0,rbp=0xffffc9000000bca8,rsp=0xffffc9000000bc00,r8=0x0,r9=0x1000,r10=0xffffc9000000bc38,r11=0x3,r12=0xffffc9000000bc90,r13=0x0,r14=0xffffffff8183a9e0,r15=0xffffffea
=> 0xffffffff8103f596 <desc_read+100>:	je     0xffffffff8103f59e <desc_read+108>
Regs: rax=0xffffffff818aa9c8,rbx=0xffffffff8183a980,rcx=0xffffffff81892988,rdx=0xffffc9000000bc40,rsi=0xffffefff,rdi=0xffffffff8183a9e0,rbp=0xffffc9000000bca8,rsp=0xffffc9000000bc00,r8=0x0,r9=0x1000,r10=0xffffc9000000bc38,r11=0x3,r12=0xffffc9000000bc90,r13=0x0,r14=0xffffffff8183a9e0,r15=0xffffffea
=> 0xffffffff8103f598 <desc_read+102>:	mov    (%rcx),%rdi
Regs: rax=0xffffffff818aa9c8,rbx=0xffffffff8183a980,rcx=0xffffffff81892988,rdx=0xffffc9000000bc40,rsi=0xffffefff,rdi=0x0,rbp=0xffffc9000000bca8,rsp=0xffffc9000000bc00,r8=0x0,r9=0x1000,r10=0xffffc9000000bc38,r11=0x3,r12=0xffffc9000000bc90,r13=0x0,r14=0xffffffff8183a9e0,r15=0xffffffea
=> 0xffffffff8103f59b <desc_read+105>:	mov    %rdi,(%r10)
Regs: rax=0xffffffff818aa9c8,rbx=0xffffffff8183a980,rcx=0xffffffff81892988,rdx=0xffffc9000000bc40,rsi=0xffffefff,rdi=0x0,rbp=0xffffc9000000bca8,rsp=0xffffc9000000bc00,r8=0x0,r9=0x1000,r10=0xffffc9000000bc38,r11=0x3,r12=0xffffc9000000bc90,r13=0x0,r14=0xffffffff8183a9e0,r15=0xffffffea
=> 0xffffffff8103f59e <desc_read+108>:	test   %r8,%r8
Regs: rax=0xffffffff818aa9c8,rbx=0xffffffff8183a980,rcx=0xffffffff81892988,rdx=0xffffc9000000bc40,rsi=0xffffefff,rdi=0x0,rbp=0xffffc9000000bca8,rsp=0xffffc9000000bc00,r8=0x0,r9=0x1000,r10=0xffffc9000000bc38,r11=0x3,r12=0xffffc9000000bc90,r13=0x0,r14=0xffffffff8183a9e0,r15=0xffffffea
=> 0xffffffff8103f5a1 <desc_read+111>:	je     0xffffffff8103f5a9 <desc_read+119>
Regs: rax=0xffffffff818aa9c8,rbx=0xffffffff8183a980,rcx=0xffffffff81892988,rdx=0xffffc9000000bc40,rsi=0xffffefff,rdi=0x0,rbp=0xffffc9000000bca8,rsp=0xffffc9000000bc00,r8=0x0,r9=0x1000,r10=0xffffc9000000bc38,r11=0x3,r12=0xffffc9000000bc90,r13=0x0,r14=0xffffffff8183a9e0,r15=0xffffffea
=> 0xffffffff8103f5a9 <desc_read+119>:	mov    (%rax),%rcx
Regs: rax=0xffffffff818aa9c8,rbx=0xffffffff8183a980,rcx=0xc0000000ffffefff,rdx=0xffffc9000000bc40,rsi=0xffffefff,rdi=0x0,rbp=0xffffc9000000bca8,rsp=0xffffc9000000bc00,r8=0x0,r9=0x1000,r10=0xffffc9000000bc38,r11=0x3,r12=0xffffc9000000bc90,r13=0x0,r14=0xffffffff8183a9e0,r15=0xffffffea
=> 0xffffffff8103f5ac <desc_read+122>:	mov    $0xffffffff,%edi
Regs: rax=0xffffffff818aa9c8,rbx=0xffffffff8183a980,rcx=0xc0000000ffffefff,rdx=0xffffc9000000bc40,rsi=0xffffefff,rdi=0xffffffff,rbp=0xffffc9000000bca8,rsp=0xffffc9000000bc00,r8=0x0,r9=0x1000,r10=0xffffc9000000bc38,r11=0x3,r12=0xffffc9000000bc90,r13=0x0,r14=0xffffffff8183a9e0,r15=0xffffffea
=> 0xffffffff8103f5b1 <desc_read+127>:	movabs $0x3fffffffffffffff,%rax
Regs: rax=0x3fffffffffffffff,rbx=0xffffffff8183a980,rcx=0xc0000000ffffefff,rdx=0xffffc9000000bc40,rsi=0xffffefff,rdi=0xffffffff,rbp=0xffffc9000000bca8,rsp=0xffffc9000000bc00,r8=0x0,r9=0x1000,r10=0xffffc9000000bc38,r11=0x3,r12=0xffffc9000000bc90,r13=0x0,r14=0xffffffff8183a9e0,r15=0xffffffea
=> 0xffffffff8103f5bb <desc_read+137>:	and    %rcx,%rax
Regs: rax=0xffffefff,rbx=0xffffffff8183a980,rcx=0xc0000000ffffefff,rdx=0xffffc9000000bc40,rsi=0xffffefff,rdi=0xffffffff,rbp=0xffffc9000000bca8,rsp=0xffffc9000000bc00,r8=0x0,r9=0x1000,r10=0xffffc9000000bc38,r11=0x3,r12=0xffffc9000000bc90,r13=0x0,r14=0xffffffff8183a9e0,r15=0xffffffea
=> 0xffffffff8103f5be <desc_read+140>:	mov    %rcx,%r8
Regs: rax=0xffffefff,rbx=0xffffffff8183a980,rcx=0xc0000000ffffefff,rdx=0xffffc9000000bc40,rsi=0xffffefff,rdi=0xffffffff,rbp=0xffffc9000000bca8,rsp=0xffffc9000000bc00,r8=0xc0000000ffffefff,r9=0x1000,r10=0xffffc9000000bc38,r11=0x3,r12=0xffffc9000000bc90,r13=0x0,r14=0xffffffff8183a9e0,r15=0xffffffea
=> 0xffffffff8103f5c1 <desc_read+143>:	shr    $0x3e,%r8
Regs: rax=0xffffefff,rbx=0xffffffff8183a980,rcx=0xc0000000ffffefff,rdx=0xffffc9000000bc40,rsi=0xffffefff,rdi=0xffffffff,rbp=0xffffc9000000bca8,rsp=0xffffc9000000bc00,r8=0x3,r9=0x1000,r10=0xffffc9000000bc38,r11=0x3,r12=0xffffc9000000bc90,r13=0x0,r14=0xffffffff8183a9e0,r15=0xffffffea
=> 0xffffffff8103f5c5 <desc_read+147>:	cmp    %rax,%rsi
Regs: rax=0xffffefff,rbx=0xffffffff8183a980,rcx=0xc0000000ffffefff,rdx=0xffffc9000000bc40,rsi=0xffffefff,rdi=0xffffffff,rbp=0xffffc9000000bca8,rsp=0xffffc9000000bc00,r8=0x3,r9=0x1000,r10=0xffffc9000000bc38,r11=0x3,r12=0xffffc9000000bc90,r13=0x0,r14=0xffffffff8183a9e0,r15=0xffffffea
=> 0xffffffff8103f5c8 <desc_read+150>:	cmove  %r8d,%edi
Regs: rax=0xffffefff,rbx=0xffffffff8183a980,rcx=0xc0000000ffffefff,rdx=0xffffc9000000bc40,rsi=0xffffefff,rdi=0x3,rbp=0xffffc9000000bca8,rsp=0xffffc9000000bc00,r8=0x3,r9=0x1000,r10=0xffffc9000000bc38,r11=0x3,r12=0xffffc9000000bc90,r13=0x0,r14=0xffffffff8183a9e0,r15=0xffffffea
=> 0xffffffff8103f5cc <desc_read+154>:	test   %rdx,%rdx
Regs: rax=0xffffefff,rbx=0xffffffff8183a980,rcx=0xc0000000ffffefff,rdx=0xffffc9000000bc40,rsi=0xffffefff,rdi=0x3,rbp=0xffffc9000000bca8,rsp=0xffffc9000000bc00,r8=0x3,r9=0x1000,r10=0xffffc9000000bc38,r11=0x3,r12=0xffffc9000000bc90,r13=0x0,r14=0xffffffff8183a9e0,r15=0xffffffea
=> 0xffffffff8103f5cf <desc_read+157>:	je     0xffffffff8103f5d4 <desc_read+162>
Regs: rax=0xffffefff,rbx=0xffffffff8183a980,rcx=0xc0000000ffffefff,rdx=0xffffc9000000bc40,rsi=0xffffefff,rdi=0x3,rbp=0xffffc9000000bca8,rsp=0xffffc9000000bc00,r8=0x3,r9=0x1000,r10=0xffffc9000000bc38,r11=0x3,r12=0xffffc9000000bc90,r13=0x0,r14=0xffffffff8183a9e0,r15=0xffffffea
=> 0xffffffff8103f5d1 <desc_read+159>:	mov    %rcx,(%rdx)
Regs: rax=0xffffefff,rbx=0xffffffff8183a980,rcx=0xc0000000ffffefff,rdx=0xffffc9000000bc40,rsi=0xffffefff,rdi=0x3,rbp=0xffffc9000000bca8,rsp=0xffffc9000000bc00,r8=0x3,r9=0x1000,r10=0xffffc9000000bc38,r11=0x3,r12=0xffffc9000000bc90,r13=0x0,r14=0xffffffff8183a9e0,r15=0xffffffea
=> 0xffffffff8103f5d4 <desc_read+162>:	mov    %edi,%eax
Regs: rax=0x3,rbx=0xffffffff8183a980,rcx=0xc0000000ffffefff,rdx=0xffffc9000000bc40,rsi=0xffffefff,rdi=0x3,rbp=0xffffc9000000bca8,rsp=0xffffc9000000bc00,r8=0x3,r9=0x1000,r10=0xffffc9000000bc38,r11=0x3,r12=0xffffc9000000bc90,r13=0x0,r14=0xffffffff8183a9e0,r15=0xffffffea
=> 0xffffffff8103f5d6 <desc_read+164>:	ret    
Regs: rax=0x3,rbx=0xffffffff8183a980,rcx=0xc0000000ffffefff,rdx=0xffffc9000000bc40,rsi=0xffffefff,rdi=0x3,rbp=0xffffc9000000bca8,rsp=0xffffc9000000bc08,r8=0x3,r9=0x1000,r10=0xffffc9000000bc38,r11=0x3,r12=0xffffc9000000bc90,r13=0x0,r14=0xffffffff8183a9e0,r15=0xffffffea
=> 0xffffffff8103f9b4 <_prb_read_valid+167>:	sub    $0x2,%eax
Regs: rax=0x1,rbx=0xffffffff8183a980,rcx=0xc0000000ffffefff,rdx=0xffffc9000000bc40,rsi=0xffffefff,rdi=0x3,rbp=0xffffc9000000bca8,rsp=0xffffc9000000bc08,r8=0x3,r9=0x1000,r10=0xffffc9000000bc38,r11=0x3,r12=0xffffc9000000bc90,r13=0x0,r14=0xffffffff8183a9e0,r15=0xffffffea
=> 0xffffffff8103f9b7 <_prb_read_valid+170>:	cmp    $0x1,%eax
Regs: rax=0x1,rbx=0xffffffff8183a980,rcx=0xc0000000ffffefff,rdx=0xffffc9000000bc40,rsi=0xffffefff,rdi=0x3,rbp=0xffffc9000000bca8,rsp=0xffffc9000000bc08,r8=0x3,r9=0x1000,r10=0xffffc9000000bc38,r11=0x3,r12=0xffffc9000000bc90,r13=0x0,r14=0xffffffff8183a9e0,r15=0xffffffea
=> 0xffffffff8103f9ba <_prb_read_valid+173>:	jbe    0xffffffff8103f9be <_prb_read_valid+177>
Regs: rax=0x1,rbx=0xffffffff8183a980,rcx=0xc0000000ffffefff,rdx=0xffffc9000000bc40,rsi=0xffffefff,rdi=0x3,rbp=0xffffc9000000bca8,rsp=0xffffc9000000bc08,r8=0x3,r9=0x1000,r10=0xffffc9000000bc38,r11=0x3,r12=0xffffc9000000bc90,r13=0x0,r14=0xffffffff8183a9e0,r15=0xffffffea
=> 0xffffffff8103f9be <_prb_read_valid+177>:	mov    0x30(%rsp),%rax
Regs: rax=0x0,rbx=0xffffffff8183a980,rcx=0xc0000000ffffefff,rdx=0xffffc9000000bc40,rsi=0xffffefff,rdi=0x3,rbp=0xffffc9000000bca8,rsp=0xffffc9000000bc08,r8=0x3,r9=0x1000,r10=0xffffc9000000bc38,r11=0x3,r12=0xffffc9000000bc90,r13=0x0,r14=0xffffffff8183a9e0,r15=0xffffffea
=> 0xffffffff8103f9c3 <_prb_read_valid+182>:	mov    (%r12),%rdx
Regs: rax=0x0,rbx=0xffffffff8183a980,rcx=0xc0000000ffffefff,rdx=0x77,rsi=0xffffefff,rdi=0x3,rbp=0xffffc9000000bca8,rsp=0xffffc9000000bc08,r8=0x3,r9=0x1000,r10=0xffffc9000000bc38,r11=0x3,r12=0xffffc9000000bc90,r13=0x0,r14=0xffffffff8183a9e0,r15=0xffffffea
=> 0xffffffff8103f9c7 <_prb_read_valid+186>:	cmp    %rax,%rdx
Regs: rax=0x0,rbx=0xffffffff8183a980,rcx=0xc0000000ffffefff,rdx=0x77,rsi=0xffffefff,rdi=0x3,rbp=0xffffc9000000bca8,rsp=0xffffc9000000bc08,r8=0x3,r9=0x1000,r10=0xffffc9000000bc38,r11=0x3,r12=0xffffc9000000bc90,r13=0x0,r14=0xffffffff8183a9e0,r15=0xffffffea
=> 0xffffffff8103f9ca <_prb_read_valid+189>:	jb     0xffffffff8103f9da <_prb_read_valid+205>
Regs: rax=0x0,rbx=0xffffffff8183a980,rcx=0xc0000000ffffefff,rdx=0x77,rsi=0xffffefff,rdi=0x3,rbp=0xffffc9000000bca8,rsp=0xffffc9000000bc08,r8=0x3,r9=0x1000,r10=0xffffc9000000bc38,r11=0x3,r12=0xffffc9000000bc90,r13=0x0,r14=0xffffffff8183a9e0,r15=0xffffffea
=> 0xffffffff8103f9cc <_prb_read_valid+191>:	cmp    $0xfffffffe,%r15d
Regs: rax=0x0,rbx=0xffffffff8183a980,rcx=0xc0000000ffffefff,rdx=0x77,rsi=0xffffefff,rdi=0x3,rbp=0xffffc9000000bca8,rsp=0xffffc9000000bc08,r8=0x3,r9=0x1000,r10=0xffffc9000000bc38,r11=0x3,r12=0xffffc9000000bc90,r13=0x0,r14=0xffffffff8183a9e0,r15=0xffffffea
=> 0xffffffff8103f9d0 <_prb_read_valid+195>:	jne    0xffffffff8103fb1a <_prb_read_valid+525>
Regs: rax=0x0,rbx=0xffffffff8183a980,rcx=0xc0000000ffffefff,rdx=0x77,rsi=0xffffefff,rdi=0x3,rbp=0xffffc9000000bca8,rsp=0xffffc9000000bc08,r8=0x3,r9=0x1000,r10=0xffffc9000000bc38,r11=0x3,r12=0xffffc9000000bc90,r13=0x0,r14=0xffffffff8183a9e0,r15=0xffffffea
=> 0xffffffff8103fb1a <_prb_read_valid+525>:	xor    %eax,%eax
Regs: rax=0x0,rbx=0xffffffff8183a980,rcx=0xc0000000ffffefff,rdx=0x77,rsi=0xffffefff,rdi=0x3,rbp=0xffffc9000000bca8,rsp=0xffffc9000000bc08,r8=0x3,r9=0x1000,r10=0xffffc9000000bc38,r11=0x3,r12=0xffffc9000000bc90,r13=0x0,r14=0xffffffff8183a9e0,r15=0xffffffea
=> 0xffffffff8103fb1c <_prb_read_valid+527>:	add    $0x50,%rsp
Regs: rax=0x0,rbx=0xffffffff8183a980,rcx=0xc0000000ffffefff,rdx=0x77,rsi=0xffffefff,rdi=0x3,rbp=0xffffc9000000bca8,rsp=0xffffc9000000bc58,r8=0x3,r9=0x1000,r10=0xffffc9000000bc38,r11=0x3,r12=0xffffc9000000bc90,r13=0x0,r14=0xffffffff8183a9e0,r15=0xffffffea
=> 0xffffffff8103fb20 <_prb_read_valid+531>:	pop    %rbx
Regs: rax=0x0,rbx=0xffffffff818afda0,rcx=0xc0000000ffffefff,rdx=0x77,rsi=0xffffefff,rdi=0x3,rbp=0xffffc9000000bca8,rsp=0xffffc9000000bc60,r8=0x3,r9=0x1000,r10=0xffffc9000000bc38,r11=0x3,r12=0xffffc9000000bc90,r13=0x0,r14=0xffffffff8183a9e0,r15=0xffffffea
=> 0xffffffff8103fb21 <_prb_read_valid+532>:	pop    %rbp
Regs: rax=0x0,rbx=0xffffffff818afda0,rcx=0xc0000000ffffefff,rdx=0x77,rsi=0xffffefff,rdi=0x3,rbp=0xffffc9000000bca8,rsp=0xffffc9000000bc68,r8=0x3,r9=0x1000,r10=0xffffc9000000bc38,r11=0x3,r12=0xffffc9000000bc90,r13=0x0,r14=0xffffffff8183a9e0,r15=0xffffffea
=> 0xffffffff8103fb22 <_prb_read_valid+533>:	pop    %r12
Regs: rax=0x0,rbx=0xffffffff818afda0,rcx=0xc0000000ffffefff,rdx=0x77,rsi=0xffffefff,rdi=0x3,rbp=0xffffc9000000bca8,rsp=0xffffc9000000bc70,r8=0x3,r9=0x1000,r10=0xffffc9000000bc38,r11=0x3,r12=0x0,r13=0x0,r14=0xffffffff8183a9e0,r15=0xffffffea
=> 0xffffffff8103fb24 <_prb_read_valid+535>:	pop    %r13
Regs: rax=0x0,rbx=0xffffffff818afda0,rcx=0xc0000000ffffefff,rdx=0x77,rsi=0xffffefff,rdi=0x3,rbp=0xffffc9000000bca8,rsp=0xffffc9000000bc78,r8=0x3,r9=0x1000,r10=0xffffc9000000bc38,r11=0x3,r12=0x0,r13=0xffffc9000000bd5f,r14=0xffffffff8183a9e0,r15=0xffffffea
=> 0xffffffff8103fb26 <_prb_read_valid+537>:	pop    %r14
Regs: rax=0x0,rbx=0xffffffff818afda0,rcx=0xc0000000ffffefff,rdx=0x77,rsi=0xffffefff,rdi=0x3,rbp=0xffffc9000000bca8,rsp=0xffffc9000000bc80,r8=0x3,r9=0x1000,r10=0xffffc9000000bc38,r11=0x3,r12=0x0,r13=0xffffc9000000bd5f,r14=0xffffffff819423e0,r15=0xffffffea
=> 0xffffffff8103fb28 <_prb_read_valid+539>:	pop    %r15
Regs: rax=0x0,rbx=0xffffffff818afda0,rcx=0xc0000000ffffefff,rdx=0x77,rsi=0xffffefff,rdi=0x3,rbp=0xffffc9000000bca8,rsp=0xffffc9000000bc88,r8=0x3,r9=0x1000,r10=0xffffc9000000bc38,r11=0x3,r12=0x0,r13=0xffffc9000000bd5f,r14=0xffffffff819423e0,r15=0x0
=> 0xffffffff8103fb2a <_prb_read_valid+541>:	ret    
Regs: rax=0x0,rbx=0xffffffff818afda0,rcx=0xc0000000ffffefff,rdx=0x77,rsi=0xffffefff,rdi=0x3,rbp=0xffffc9000000bca8,rsp=0xffffc9000000bc90,r8=0x3,r9=0x1000,r10=0xffffc9000000bc38,r11=0x3,r12=0x0,r13=0xffffc9000000bd5f,r14=0xffffffff819423e0,r15=0x0
=> 0xffffffff8104017f <prb_read_valid+15>:	pop    %rdx
Regs: rax=0x0,rbx=0xffffffff818afda0,rcx=0xc0000000ffffefff,rdx=0x77,rsi=0xffffefff,rdi=0x3,rbp=0xffffc9000000bca8,rsp=0xffffc9000000bc98,r8=0x3,r9=0x1000,r10=0xffffc9000000bc38,r11=0x3,r12=0x0,r13=0xffffc9000000bd5f,r14=0xffffffff819423e0,r15=0x0
=> 0xffffffff81040180 <prb_read_valid+16>:	ret    
Regs: rax=0x0,rbx=0xffffffff818afda0,rcx=0xc0000000ffffefff,rdx=0x77,rsi=0xffffefff,rdi=0x3,rbp=0xffffc9000000bca8,rsp=0xffffc9000000bca0,r8=0x3,r9=0x1000,r10=0xffffc9000000bc38,r11=0x3,r12=0x0,r13=0xffffc9000000bd5f,r14=0xffffffff819423e0,r15=0x0
=> 0xffffffff8103e5d2 <console_emit_next_record+104>:	mov    %eax,%r15d
Regs: rax=0x0,rbx=0xffffffff818afda0,rcx=0xc0000000ffffefff,rdx=0x77,rsi=0xffffefff,rdi=0x3,rbp=0xffffc9000000bca8,rsp=0xffffc9000000bca0,r8=0x3,r9=0x1000,r10=0xffffc9000000bc38,r11=0x3,r12=0x0,r13=0xffffc9000000bd5f,r14=0xffffffff819423e0,r15=0x0
=> 0xffffffff8103e5d5 <console_emit_next_record+107>:	test   %al,%al
Regs: rax=0x0,rbx=0xffffffff818afda0,rcx=0xc0000000ffffefff,rdx=0x77,rsi=0xffffefff,rdi=0x3,rbp=0xffffc9000000bca8,rsp=0xffffc9000000bca0,r8=0x3,r9=0x1000,r10=0xffffc9000000bc38,r11=0x3,r12=0x0,r13=0xffffc9000000bd5f,r14=0xffffffff819423e0,r15=0x0
=> 0xffffffff8103e5d7 <console_emit_next_record+109>:	je     0xffffffff8103e754 <console_emit_next_record+490>
Regs: rax=0x0,rbx=0xffffffff818afda0,rcx=0xc0000000ffffefff,rdx=0x77,rsi=0xffffefff,rdi=0x3,rbp=0xffffc9000000bca8,rsp=0xffffc9000000bca0,r8=0x3,r9=0x1000,r10=0xffffc9000000bc38,r11=0x3,r12=0x0,r13=0xffffc9000000bd5f,r14=0xffffffff819423e0,r15=0x0
=> 0xffffffff8103e754 <console_emit_next_record+490>:	add    $0x78,%rsp
Regs: rax=0x0,rbx=0xffffffff818afda0,rcx=0xc0000000ffffefff,rdx=0x77,rsi=0xffffefff,rdi=0x3,rbp=0xffffc9000000bca8,rsp=0xffffc9000000bd18,r8=0x3,r9=0x1000,r10=0xffffc9000000bc38,r11=0x3,r12=0x0,r13=0xffffc9000000bd5f,r14=0xffffffff819423e0,r15=0x0
=> 0xffffffff8103e758 <console_emit_next_record+494>:	mov    %r15d,%eax
Regs: rax=0x0,rbx=0xffffffff818afda0,rcx=0xc0000000ffffefff,rdx=0x77,rsi=0xffffefff,rdi=0x3,rbp=0xffffc9000000bca8,rsp=0xffffc9000000bd18,r8=0x3,r9=0x1000,r10=0xffffc9000000bc38,r11=0x3,r12=0x0,r13=0xffffc9000000bd5f,r14=0xffffffff819423e0,r15=0x0
=> 0xffffffff8103e75b <console_emit_next_record+497>:	pop    %rbx
Regs: rax=0x0,rbx=0xffffffff818afda0,rcx=0xc0000000ffffefff,rdx=0x77,rsi=0xffffefff,rdi=0x3,rbp=0xffffc9000000bca8,rsp=0xffffc9000000bd20,r8=0x3,r9=0x1000,r10=0xffffc9000000bc38,r11=0x3,r12=0x0,r13=0xffffc9000000bd5f,r14=0xffffffff819423e0,r15=0x0
=> 0xffffffff8103e75c <console_emit_next_record+498>:	pop    %rbp
Regs: rax=0x0,rbx=0xffffffff818afda0,rcx=0xc0000000ffffefff,rdx=0x77,rsi=0xffffefff,rdi=0x3,rbp=0xffff888007b1d668,rsp=0xffffc9000000bd28,r8=0x3,r9=0x1000,r10=0xffffc9000000bc38,r11=0x3,r12=0x0,r13=0xffffc9000000bd5f,r14=0xffffffff819423e0,r15=0x0
=> 0xffffffff8103e75d <console_emit_next_record+499>:	pop    %r12
Regs: rax=0x0,rbx=0xffffffff818afda0,rcx=0xc0000000ffffefff,rdx=0x77,rsi=0xffffefff,rdi=0x3,rbp=0xffff888007b1d668,rsp=0xffffc9000000bd30,r8=0x3,r9=0x1000,r10=0xffffc9000000bc38,r11=0x3,r12=0x0,r13=0xffffc9000000bd5f,r14=0xffffffff819423e0,r15=0x0
=> 0xffffffff8103e75f <console_emit_next_record+501>:	pop    %r13
Regs: rax=0x0,rbx=0xffffffff818afda0,rcx=0xc0000000ffffefff,rdx=0x77,rsi=0xffffefff,rdi=0x3,rbp=0xffff888007b1d668,rsp=0xffffc9000000bd38,r8=0x3,r9=0x1000,r10=0xffffc9000000bc38,r11=0x3,r12=0x0,r13=0x0,r14=0xffffffff819423e0,r15=0x0
=> 0xffffffff8103e761 <console_emit_next_record+503>:	pop    %r14
Regs: rax=0x0,rbx=0xffffffff818afda0,rcx=0xc0000000ffffefff,rdx=0x77,rsi=0xffffefff,rdi=0x3,rbp=0xffff888007b1d668,rsp=0xffffc9000000bd40,r8=0x3,r9=0x1000,r10=0xffffc9000000bc38,r11=0x3,r12=0x0,r13=0x0,r14=0x0,r15=0x0
=> 0xffffffff8103e763 <console_emit_next_record+505>:	pop    %r15
Regs: rax=0x0,rbx=0xffffffff818afda0,rcx=0xc0000000ffffefff,rdx=0x77,rsi=0xffffefff,rdi=0x3,rbp=0xffff888007b1d668,rsp=0xffffc9000000bd48,r8=0x3,r9=0x1000,r10=0xffffc9000000bc38,r11=0x3,r12=0x0,r13=0x0,r14=0x0,r15=0x0
=> 0xffffffff8103e765 <console_emit_next_record+507>:	ret    
Regs: rax=0x0,rbx=0xffffffff818afda0,rcx=0xc0000000ffffefff,rdx=0x77,rsi=0xffffefff,rdi=0x3,rbp=0xffff888007b1d668,rsp=0xffffc9000000bd50,r8=0x3,r9=0x1000,r10=0xffffc9000000bc38,r11=0x3,r12=0x0,r13=0x0,r14=0x0,r15=0x0
=> 0xffffffff8103e875 <console_unlock+136>:	mov    0xf(%rsp),%r15b
Regs: rax=0x0,rbx=0xffffffff818afda0,rcx=0xc0000000ffffefff,rdx=0x77,rsi=0xffffefff,rdi=0x3,rbp=0xffff888007b1d668,rsp=0xffffc9000000bd50,r8=0x3,r9=0x1000,r10=0xffffc9000000bc38,r11=0x3,r12=0x0,r13=0x0,r14=0x0,r15=0x0
=> 0xffffffff8103e87a <console_unlock+141>:	mov    %eax,%ebp
Regs: rax=0x0,rbx=0xffffffff818afda0,rcx=0xc0000000ffffefff,rdx=0x77,rsi=0xffffefff,rdi=0x3,rbp=0x0,rsp=0xffffc9000000bd50,r8=0x3,r9=0x1000,r10=0xffffc9000000bc38,r11=0x3,r12=0x0,r13=0x0,r14=0x0,r15=0x0
=> 0xffffffff8103e87c <console_unlock+143>:	test   %r15b,%r15b
Regs: rax=0x0,rbx=0xffffffff818afda0,rcx=0xc0000000ffffefff,rdx=0x77,rsi=0xffffefff,rdi=0x3,rbp=0x0,rsp=0xffffc9000000bd50,r8=0x3,r9=0x1000,r10=0xffffc9000000bc38,r11=0x3,r12=0x0,r13=0x0,r14=0x0,r15=0x0
=> 0xffffffff8103e87f <console_unlock+146>:	jne    0xffffffff8103e92a <console_unlock+317>
Regs: rax=0x0,rbx=0xffffffff818afda0,rcx=0xc0000000ffffefff,rdx=0x77,rsi=0xffffefff,rdi=0x3,rbp=0x0,rsp=0xffffc9000000bd50,r8=0x3,r9=0x1000,r10=0xffffc9000000bc38,r11=0x3,r12=0x0,r13=0x0,r14=0x0,r15=0x0
=> 0xffffffff8103e885 <console_unlock+152>:	mov    0x58(%rbx),%rax
Regs: rax=0x77,rbx=0xffffffff818afda0,rcx=0xc0000000ffffefff,rdx=0x77,rsi=0xffffefff,rdi=0x3,rbp=0x0,rsp=0xffffc9000000bd50,r8=0x3,r9=0x1000,r10=0xffffc9000000bc38,r11=0x3,r12=0x0,r13=0x0,r14=0x0,r15=0x0
=> 0xffffffff8103e889 <console_unlock+156>:	cmp    %rax,%r12
Regs: rax=0x77,rbx=0xffffffff818afda0,rcx=0xc0000000ffffefff,rdx=0x77,rsi=0xffffefff,rdi=0x3,rbp=0x0,rsp=0xffffc9000000bd50,r8=0x3,r9=0x1000,r10=0xffffc9000000bc38,r11=0x3,r12=0x0,r13=0x0,r14=0x0,r15=0x0
=> 0xffffffff8103e88c <console_unlock+159>:	cmovb  %rax,%r12
Regs: rax=0x77,rbx=0xffffffff818afda0,rcx=0xc0000000ffffefff,rdx=0x77,rsi=0xffffefff,rdi=0x3,rbp=0x0,rsp=0xffffc9000000bd50,r8=0x3,r9=0x1000,r10=0xffffc9000000bc38,r11=0x3,r12=0x77,r13=0x0,r14=0x0,r15=0x0
=> 0xffffffff8103e890 <console_unlock+163>:	test   %bpl,%bpl
Regs: rax=0x77,rbx=0xffffffff818afda0,rcx=0xc0000000ffffefff,rdx=0x77,rsi=0xffffefff,rdi=0x3,rbp=0x0,rsp=0xffffc9000000bd50,r8=0x3,r9=0x1000,r10=0xffffc9000000bc38,r11=0x3,r12=0x77,r13=0x0,r14=0x0,r15=0x0
=> 0xffffffff8103e893 <console_unlock+166>:	je     0xffffffff8103e91e <console_unlock+305>
Regs: rax=0x77,rbx=0xffffffff818afda0,rcx=0xc0000000ffffefff,rdx=0x77,rsi=0xffffefff,rdi=0x3,rbp=0x0,rsp=0xffffc9000000bd50,r8=0x3,r9=0x1000,r10=0xffffc9000000bc38,r11=0x3,r12=0x77,r13=0x0,r14=0x0,r15=0x0
=> 0xffffffff8103e91e <console_unlock+305>:	mov    $0x1,%r15b
Regs: rax=0x77,rbx=0xffffffff818afda0,rcx=0xc0000000ffffefff,rdx=0x77,rsi=0xffffefff,rdi=0x3,rbp=0x0,rsp=0xffffc9000000bd50,r8=0x3,r9=0x1000,r10=0xffffc9000000bc38,r11=0x3,r12=0x77,r13=0x0,r14=0x0,r15=0x1
=> 0xffffffff8103e921 <console_unlock+308>:	mov    0x70(%rbx),%rbx
Regs: rax=0x77,rbx=0x0,rcx=0xc0000000ffffefff,rdx=0x77,rsi=0xffffefff,rdi=0x3,rbp=0x0,rsp=0xffffc9000000bd50,r8=0x3,r9=0x1000,r10=0xffffc9000000bc38,r11=0x3,r12=0x77,r13=0x0,r14=0x0,r15=0x1
=> 0xffffffff8103e925 <console_unlock+312>:	jmp    0xffffffff8103e83c <console_unlock+79>
Regs: rax=0x77,rbx=0x0,rcx=0xc0000000ffffefff,rdx=0x77,rsi=0xffffefff,rdi=0x3,rbp=0x0,rsp=0xffffc9000000bd50,r8=0x3,r9=0x1000,r10=0xffffc9000000bc38,r11=0x3,r12=0x77,r13=0x0,r14=0x0,r15=0x1
=> 0xffffffff8103e83c <console_unlock+79>:	test   %rbx,%rbx
Regs: rax=0x77,rbx=0x0,rcx=0xc0000000ffffefff,rdx=0x77,rsi=0xffffefff,rdi=0x3,rbp=0x0,rsp=0xffffc9000000bd50,r8=0x3,r9=0x1000,r10=0xffffc9000000bc38,r11=0x3,r12=0x77,r13=0x0,r14=0x0,r15=0x1
=> 0xffffffff8103e83f <console_unlock+82>:	je     0xffffffff8103e82d <console_unlock+64>
Regs: rax=0x77,rbx=0x0,rcx=0xc0000000ffffefff,rdx=0x77,rsi=0xffffefff,rdi=0x3,rbp=0x0,rsp=0xffffc9000000bd50,r8=0x3,r9=0x1000,r10=0xffffc9000000bc38,r11=0x3,r12=0x77,r13=0x0,r14=0x0,r15=0x1
=> 0xffffffff8103e82d <console_unlock+64>:	test   %r13b,%r13b
Regs: rax=0x77,rbx=0x0,rcx=0xc0000000ffffefff,rdx=0x77,rsi=0xffffefff,rdi=0x3,rbp=0x0,rsp=0xffffc9000000bd50,r8=0x3,r9=0x1000,r10=0xffffc9000000bc38,r11=0x3,r12=0x77,r13=0x0,r14=0x0,r15=0x1
=> 0xffffffff8103e830 <console_unlock+67>:	je     0xffffffff8103e8ad <console_unlock+192>
Regs: rax=0x77,rbx=0x0,rcx=0xc0000000ffffefff,rdx=0x77,rsi=0xffffefff,rdi=0x3,rbp=0x0,rsp=0xffffc9000000bd50,r8=0x3,r9=0x1000,r10=0xffffc9000000bc38,r11=0x3,r12=0x77,r13=0x0,r14=0x0,r15=0x1
=> 0xffffffff8103e8ad <console_unlock+192>:	cmpb   $0x0,0xf(%rsp)
Regs: rax=0x77,rbx=0x0,rcx=0xc0000000ffffefff,rdx=0x77,rsi=0xffffefff,rdi=0x3,rbp=0x0,rsp=0xffffc9000000bd50,r8=0x3,r9=0x1000,r10=0xffffc9000000bc38,r11=0x3,r12=0x77,r13=0x0,r14=0x0,r15=0x1
=> 0xffffffff8103e8b2 <console_unlock+197>:	jne    0xffffffff8103e8c1 <console_unlock+212>
Regs: rax=0x77,rbx=0x0,rcx=0xc0000000ffffefff,rdx=0x77,rsi=0xffffefff,rdi=0x3,rbp=0x0,rsp=0xffffc9000000bd50,r8=0x3,r9=0x1000,r10=0xffffc9000000bc38,r11=0x3,r12=0x77,r13=0x0,r14=0x0,r15=0x1
=> 0xffffffff8103e8b4 <console_unlock+199>:	xor    %ecx,%ecx
Regs: rax=0x77,rbx=0x0,rcx=0x0,rdx=0x77,rsi=0xffffefff,rdi=0x3,rbp=0x0,rsp=0xffffc9000000bd50,r8=0x3,r9=0x1000,r10=0xffffc9000000bc38,r11=0x3,r12=0x77,r13=0x0,r14=0x0,r15=0x1
=> 0xffffffff8103e8b6 <console_unlock+201>:	mov    %ecx,0x926128(%rip)        # 0xffffffff819649e4 <console_locked>
Regs: rax=0x77,rbx=0x0,rcx=0x0,rdx=0x77,rsi=0xffffefff,rdi=0x3,rbp=0x0,rsp=0xffffc9000000bd50,r8=0x3,r9=0x1000,r10=0xffffc9000000bc38,r11=0x3,r12=0x77,r13=0x0,r14=0x0,r15=0x1
=> 0xffffffff8103e8bc <console_unlock+207>:	call   0xffffffff8103d7bc <__up_console_sem>
Regs: rax=0x77,rbx=0x0,rcx=0x0,rdx=0x77,rsi=0xffffefff,rdi=0x3,rbp=0x0,rsp=0xffffc9000000bd48,r8=0x3,r9=0x1000,r10=0xffffc9000000bc38,r11=0x3,r12=0x77,r13=0x0,r14=0x0,r15=0x1
=> 0xffffffff8103d7bc <__up_console_sem>:	push   %rbx
Regs: rax=0x77,rbx=0x0,rcx=0x0,rdx=0x77,rsi=0xffffefff,rdi=0x3,rbp=0x0,rsp=0xffffc9000000bd40,r8=0x3,r9=0x1000,r10=0xffffc9000000bc38,r11=0x3,r12=0x77,r13=0x0,r14=0x0,r15=0x1
=> 0xffffffff8103d7bd <__up_console_sem+1>:	pushf  
Regs: rax=0x77,rbx=0x0,rcx=0x0,rdx=0x77,rsi=0xffffefff,rdi=0x3,rbp=0x0,rsp=0xffffc9000000bd38,r8=0x3,r9=0x1000,r10=0xffffc9000000bc38,r11=0x3,r12=0x77,r13=0x0,r14=0x0,r15=0x1
=> 0xffffffff8103d7be <__up_console_sem+2>:	pop    %rbx
Regs: rax=0x77,rbx=0x346,rcx=0x0,rdx=0x77,rsi=0xffffefff,rdi=0x3,rbp=0x0,rsp=0xffffc9000000bd40,r8=0x3,r9=0x1000,r10=0xffffc9000000bc38,r11=0x3,r12=0x77,r13=0x0,r14=0x0,r15=0x1
=> 0xffffffff8103d7bf <__up_console_sem+3>:	cli    
Regs: rax=0x77,rbx=0x346,rcx=0x0,rdx=0x77,rsi=0xffffefff,rdi=0x3,rbp=0x0,rsp=0xffffc9000000bd40,r8=0x3,r9=0x1000,r10=0xffffc9000000bc38,r11=0x3,r12=0x77,r13=0x0,r14=0x0,r15=0x1
=> 0xffffffff8103d7c0 <__up_console_sem+4>:	call   0xffffffff8103f45e <__printk_safe_enter>
Regs: rax=0x77,rbx=0x346,rcx=0x0,rdx=0x77,rsi=0xffffefff,rdi=0x3,rbp=0x0,rsp=0xffffc9000000bd38,r8=0x3,r9=0x1000,r10=0xffffc9000000bc38,r11=0x3,r12=0x77,r13=0x0,r14=0x0,r15=0x1
=> 0xffffffff8103f45e <__printk_safe_enter>:	incl   0x86b5fc(%rip)        # 0xffffffff818aaa60 <printk_context>
Regs: rax=0x77,rbx=0x346,rcx=0x0,rdx=0x77,rsi=0xffffefff,rdi=0x3,rbp=0x0,rsp=0xffffc9000000bd38,r8=0x3,r9=0x1000,r10=0xffffc9000000bc38,r11=0x3,r12=0x77,r13=0x0,r14=0x0,r15=0x1
=> 0xffffffff8103f464 <__printk_safe_enter+6>:	ret    
Regs: rax=0x77,rbx=0x346,rcx=0x0,rdx=0x77,rsi=0xffffefff,rdi=0x3,rbp=0x0,rsp=0xffffc9000000bd40,r8=0x3,r9=0x1000,r10=0xffffc9000000bc38,r11=0x3,r12=0x77,r13=0x0,r14=0x0,r15=0x1
=> 0xffffffff8103d7c5 <__up_console_sem+9>:	mov    $0xffffffff818aaa30,%rdi
Regs: rax=0x77,rbx=0x346,rcx=0x0,rdx=0x77,rsi=0xffffefff,rdi=0xffffffff818aaa30,rbp=0x0,rsp=0xffffc9000000bd40,r8=0x3,r9=0x1000,r10=0xffffc9000000bc38,r11=0x3,r12=0x77,r13=0x0,r14=0x0,r15=0x1
=> 0xffffffff8103d7cc <__up_console_sem+16>:	call   0xffffffff811205ba <up>
Regs: rax=0x77,rbx=0x346,rcx=0x0,rdx=0x77,rsi=0xffffefff,rdi=0xffffffff818aaa30,rbp=0x0,rsp=0xffffc9000000bd38,r8=0x3,r9=0x1000,r10=0xffffc9000000bc38,r11=0x3,r12=0x77,r13=0x0,r14=0x0,r15=0x1
=> 0xffffffff811205ba <up>:	push   %rbx
Regs: rax=0x77,rbx=0x346,rcx=0x0,rdx=0x77,rsi=0xffffefff,rdi=0xffffffff818aaa30,rbp=0x0,rsp=0xffffc9000000bd30,r8=0x3,r9=0x1000,r10=0xffffc9000000bc38,r11=0x3,r12=0x77,r13=0x0,r14=0x0,r15=0x1
=> 0xffffffff811205bb <up+1>:	pushf  
Regs: rax=0x77,rbx=0x346,rcx=0x0,rdx=0x77,rsi=0xffffefff,rdi=0xffffffff818aaa30,rbp=0x0,rsp=0xffffc9000000bd28,r8=0x3,r9=0x1000,r10=0xffffc9000000bc38,r11=0x3,r12=0x77,r13=0x0,r14=0x0,r15=0x1
=> 0xffffffff811205bc <up+2>:	pop    %rbx
Regs: rax=0x77,rbx=0x102,rcx=0x0,rdx=0x77,rsi=0xffffefff,rdi=0xffffffff818aaa30,rbp=0x0,rsp=0xffffc9000000bd30,r8=0x3,r9=0x1000,r10=0xffffc9000000bc38,r11=0x3,r12=0x77,r13=0x0,r14=0x0,r15=0x1
=> 0xffffffff811205bd <up+3>:	cli    
Regs: rax=0x77,rbx=0x102,rcx=0x0,rdx=0x77,rsi=0xffffefff,rdi=0xffffffff818aaa30,rbp=0x0,rsp=0xffffc9000000bd30,r8=0x3,r9=0x1000,r10=0xffffc9000000bc38,r11=0x3,r12=0x77,r13=0x0,r14=0x0,r15=0x1
=> 0xffffffff811205be <up+4>:	mov    0x8(%rdi),%rdx
Regs: rax=0x77,rbx=0x102,rcx=0x0,rdx=0xffffffff818aaa38,rsi=0xffffefff,rdi=0xffffffff818aaa30,rbp=0x0,rsp=0xffffc9000000bd30,r8=0x3,r9=0x1000,r10=0xffffc9000000bc38,r11=0x3,r12=0x77,r13=0x0,r14=0x0,r15=0x1
=> 0xffffffff811205c2 <up+8>:	lea    0x8(%rdi),%rax
Regs: rax=0xffffffff818aaa38,rbx=0x102,rcx=0x0,rdx=0xffffffff818aaa38,rsi=0xffffefff,rdi=0xffffffff818aaa30,rbp=0x0,rsp=0xffffc9000000bd30,r8=0x3,r9=0x1000,r10=0xffffc9000000bc38,r11=0x3,r12=0x77,r13=0x0,r14=0x0,r15=0x1
=> 0xffffffff811205c6 <up+12>:	cmp    %rax,%rdx
Regs: rax=0xffffffff818aaa38,rbx=0x102,rcx=0x0,rdx=0xffffffff818aaa38,rsi=0xffffefff,rdi=0xffffffff818aaa30,rbp=0x0,rsp=0xffffc9000000bd30,r8=0x3,r9=0x1000,r10=0xffffc9000000bc38,r11=0x3,r12=0x77,r13=0x0,r14=0x0,r15=0x1
=> 0xffffffff811205c9 <up+15>:	jne    0xffffffff811205cf <up+21>
Regs: rax=0xffffffff818aaa38,rbx=0x102,rcx=0x0,rdx=0xffffffff818aaa38,rsi=0xffffefff,rdi=0xffffffff818aaa30,rbp=0x0,rsp=0xffffc9000000bd30,r8=0x3,r9=0x1000,r10=0xffffc9000000bc38,r11=0x3,r12=0x77,r13=0x0,r14=0x0,r15=0x1
=> 0xffffffff811205cb <up+17>:	incl   (%rdi)
Regs: rax=0xffffffff818aaa38,rbx=0x102,rcx=0x0,rdx=0xffffffff818aaa38,rsi=0xffffefff,rdi=0xffffffff818aaa30,rbp=0x0,rsp=0xffffc9000000bd30,r8=0x3,r9=0x1000,r10=0xffffc9000000bc38,r11=0x3,r12=0x77,r13=0x0,r14=0x0,r15=0x1
=> 0xffffffff811205cd <up+19>:	jmp    0xffffffff811205d8 <up+30>
Regs: rax=0xffffffff818aaa38,rbx=0x102,rcx=0x0,rdx=0xffffffff818aaa38,rsi=0xffffefff,rdi=0xffffffff818aaa30,rbp=0x0,rsp=0xffffc9000000bd30,r8=0x3,r9=0x1000,r10=0xffffc9000000bc38,r11=0x3,r12=0x77,r13=0x0,r14=0x0,r15=0x1
=> 0xffffffff811205d8 <up+30>:	bt     $0x9,%ebx
Regs: rax=0xffffffff818aaa38,rbx=0x102,rcx=0x0,rdx=0xffffffff818aaa38,rsi=0xffffefff,rdi=0xffffffff818aaa30,rbp=0x0,rsp=0xffffc9000000bd30,r8=0x3,r9=0x1000,r10=0xffffc9000000bc38,r11=0x3,r12=0x77,r13=0x0,r14=0x0,r15=0x1
=> 0xffffffff811205dc <up+34>:	jae    0xffffffff811205df <up+37>
Regs: rax=0xffffffff818aaa38,rbx=0x102,rcx=0x0,rdx=0xffffffff818aaa38,rsi=0xffffefff,rdi=0xffffffff818aaa30,rbp=0x0,rsp=0xffffc9000000bd30,r8=0x3,r9=0x1000,r10=0xffffc9000000bc38,r11=0x3,r12=0x77,r13=0x0,r14=0x0,r15=0x1
=> 0xffffffff811205df <up+37>:	pop    %rbx
Regs: rax=0xffffffff818aaa38,rbx=0x346,rcx=0x0,rdx=0xffffffff818aaa38,rsi=0xffffefff,rdi=0xffffffff818aaa30,rbp=0x0,rsp=0xffffc9000000bd38,r8=0x3,r9=0x1000,r10=0xffffc9000000bc38,r11=0x3,r12=0x77,r13=0x0,r14=0x0,r15=0x1
=> 0xffffffff811205e0 <up+38>:	ret    
Regs: rax=0xffffffff818aaa38,rbx=0x346,rcx=0x0,rdx=0xffffffff818aaa38,rsi=0xffffefff,rdi=0xffffffff818aaa30,rbp=0x0,rsp=0xffffc9000000bd40,r8=0x3,r9=0x1000,r10=0xffffc9000000bc38,r11=0x3,r12=0x77,r13=0x0,r14=0x0,r15=0x1
=> 0xffffffff8103d7d1 <__up_console_sem+21>:	call   0xffffffff8103f465 <__printk_safe_exit>
Regs: rax=0xffffffff818aaa38,rbx=0x346,rcx=0x0,rdx=0xffffffff818aaa38,rsi=0xffffefff,rdi=0xffffffff818aaa30,rbp=0x0,rsp=0xffffc9000000bd38,r8=0x3,r9=0x1000,r10=0xffffc9000000bc38,r11=0x3,r12=0x77,r13=0x0,r14=0x0,r15=0x1
=> 0xffffffff8103f465 <__printk_safe_exit>:	decl   0x86b5f5(%rip)        # 0xffffffff818aaa60 <printk_context>
Regs: rax=0xffffffff818aaa38,rbx=0x346,rcx=0x0,rdx=0xffffffff818aaa38,rsi=0xffffefff,rdi=0xffffffff818aaa30,rbp=0x0,rsp=0xffffc9000000bd38,r8=0x3,r9=0x1000,r10=0xffffc9000000bc38,r11=0x3,r12=0x77,r13=0x0,r14=0x0,r15=0x1
=> 0xffffffff8103f46b <__printk_safe_exit+6>:	ret    
Regs: rax=0xffffffff818aaa38,rbx=0x346,rcx=0x0,rdx=0xffffffff818aaa38,rsi=0xffffefff,rdi=0xffffffff818aaa30,rbp=0x0,rsp=0xffffc9000000bd40,r8=0x3,r9=0x1000,r10=0xffffc9000000bc38,r11=0x3,r12=0x77,r13=0x0,r14=0x0,r15=0x1
=> 0xffffffff8103d7d6 <__up_console_sem+26>:	bt     $0x9,%ebx
Regs: rax=0xffffffff818aaa38,rbx=0x346,rcx=0x0,rdx=0xffffffff818aaa38,rsi=0xffffefff,rdi=0xffffffff818aaa30,rbp=0x0,rsp=0xffffc9000000bd40,r8=0x3,r9=0x1000,r10=0xffffc9000000bc38,r11=0x3,r12=0x77,r13=0x0,r14=0x0,r15=0x1
=> 0xffffffff8103d7da <__up_console_sem+30>:	jae    0xffffffff8103d7dd <__up_console_sem+33>
Regs: rax=0xffffffff818aaa38,rbx=0x346,rcx=0x0,rdx=0xffffffff818aaa38,rsi=0xffffefff,rdi=0xffffffff818aaa30,rbp=0x0,rsp=0xffffc9000000bd40,r8=0x3,r9=0x1000,r10=0xffffc9000000bc38,r11=0x3,r12=0x77,r13=0x0,r14=0x0,r15=0x1
=> 0xffffffff8103d7dc <__up_console_sem+32>:	sti    
Regs: rax=0xffffffff818aaa38,rbx=0x346,rcx=0x0,rdx=0xffffffff818aaa38,rsi=0xffffefff,rdi=0xffffffff818aaa30,rbp=0x0,rsp=0xffffc9000000bd40,r8=0x3,r9=0x1000,r10=0xffffc9000000bc38,r11=0x3,r12=0x77,r13=0x0,r14=0x0,r15=0x1
=> 0xffffffff8103d7dd <__up_console_sem+33>:	pop    %rbx
Regs: rax=0xffffffff818aaa38,rbx=0x0,rcx=0x0,rdx=0xffffffff818aaa38,rsi=0xffffefff,rdi=0xffffffff818aaa30,rbp=0x0,rsp=0xffffc9000000bd48,r8=0x3,r9=0x1000,r10=0xffffc9000000bc38,r11=0x3,r12=0x77,r13=0x0,r14=0x0,r15=0x1
=> 0xffffffff8103d7de <__up_console_sem+34>:	ret    
Regs: rax=0xffffffff818aaa38,rbx=0x0,rcx=0x0,rdx=0xffffffff818aaa38,rsi=0xffffefff,rdi=0xffffffff818aaa30,rbp=0x0,rsp=0xffffc9000000bd50,r8=0x3,r9=0x1000,r10=0xffffc9000000bc38,r11=0x3,r12=0x77,r13=0x0,r14=0x0,r15=0x1
=> 0xffffffff8103e8c1 <console_unlock+212>:	test   %r15b,%r15b
Regs: rax=0xffffffff818aaa38,rbx=0x0,rcx=0x0,rdx=0xffffffff818aaa38,rsi=0xffffefff,rdi=0xffffffff818aaa30,rbp=0x0,rsp=0xffffc9000000bd50,r8=0x3,r9=0x1000,r10=0xffffc9000000bc38,r11=0x3,r12=0x77,r13=0x0,r14=0x0,r15=0x1
=> 0xffffffff8103e8c4 <console_unlock+215>:	je     0xffffffff8103e932 <console_unlock+325>
Regs: rax=0xffffffff818aaa38,rbx=0x0,rcx=0x0,rdx=0xffffffff818aaa38,rsi=0xffffefff,rdi=0xffffffff818aaa30,rbp=0x0,rsp=0xffffc9000000bd50,r8=0x3,r9=0x1000,r10=0xffffc9000000bc38,r11=0x3,r12=0x77,r13=0x0,r14=0x0,r15=0x1
=> 0xffffffff8103e8c6 <console_unlock+217>:	mov    0x7fc09b(%rip),%rdi        # 0xffffffff8183a968 <prb>
Regs: rax=0xffffffff818aaa38,rbx=0x0,rcx=0x0,rdx=0xffffffff818aaa38,rsi=0xffffefff,rdi=0xffffffff8183a980,rbp=0x0,rsp=0xffffc9000000bd50,r8=0x3,r9=0x1000,r10=0xffffc9000000bc38,r11=0x3,r12=0x77,r13=0x0,r14=0x0,r15=0x1
=> 0xffffffff8103e8cd <console_unlock+224>:	xor    %edx,%edx
Regs: rax=0xffffffff818aaa38,rbx=0x0,rcx=0x0,rdx=0x0,rsi=0xffffefff,rdi=0xffffffff8183a980,rbp=0x0,rsp=0xffffc9000000bd50,r8=0x3,r9=0x1000,r10=0xffffc9000000bc38,r11=0x3,r12=0x77,r13=0x0,r14=0x0,r15=0x1
=> 0xffffffff8103e8cf <console_unlock+226>:	mov    %r12,%rsi
Regs: rax=0xffffffff818aaa38,rbx=0x0,rcx=0x0,rdx=0x0,rsi=0x77,rdi=0xffffffff8183a980,rbp=0x0,rsp=0xffffc9000000bd50,r8=0x3,r9=0x1000,r10=0xffffc9000000bc38,r11=0x3,r12=0x77,r13=0x0,r14=0x0,r15=0x1
=> 0xffffffff8103e8d2 <console_unlock+229>:	call   0xffffffff81040170 <prb_read_valid>
Regs: rax=0xffffffff818aaa38,rbx=0x0,rcx=0x0,rdx=0x0,rsi=0x77,rdi=0xffffffff8183a980,rbp=0x0,rsp=0xffffc9000000bd48,r8=0x3,r9=0x1000,r10=0xffffc9000000bc38,r11=0x3,r12=0x77,r13=0x0,r14=0x0,r15=0x1
=> 0xffffffff81040170 <prb_read_valid>:	push   %rax
Regs: rax=0xffffffff818aaa38,rbx=0x0,rcx=0x0,rdx=0x0,rsi=0x77,rdi=0xffffffff8183a980,rbp=0x0,rsp=0xffffc9000000bd40,r8=0x3,r9=0x1000,r10=0xffffc9000000bc38,r11=0x3,r12=0x77,r13=0x0,r14=0x0,r15=0x1
=> 0xffffffff81040171 <prb_read_valid+1>:	xor    %ecx,%ecx
Regs: rax=0xffffffff818aaa38,rbx=0x0,rcx=0x0,rdx=0x0,rsi=0x77,rdi=0xffffffff8183a980,rbp=0x0,rsp=0xffffc9000000bd40,r8=0x3,r9=0x1000,r10=0xffffc9000000bc38,r11=0x3,r12=0x77,r13=0x0,r14=0x0,r15=0x1
=> 0xffffffff81040173 <prb_read_valid+3>:	mov    %rsi,(%rsp)
Regs: rax=0xffffffff818aaa38,rbx=0x0,rcx=0x0,rdx=0x0,rsi=0x77,rdi=0xffffffff8183a980,rbp=0x0,rsp=0xffffc9000000bd40,r8=0x3,r9=0x1000,r10=0xffffc9000000bc38,r11=0x3,r12=0x77,r13=0x0,r14=0x0,r15=0x1
=> 0xffffffff81040177 <prb_read_valid+7>:	mov    %rsp,%rsi
Regs: rax=0xffffffff818aaa38,rbx=0x0,rcx=0x0,rdx=0x0,rsi=0xffffc9000000bd40,rdi=0xffffffff8183a980,rbp=0x0,rsp=0xffffc9000000bd40,r8=0x3,r9=0x1000,r10=0xffffc9000000bc38,r11=0x3,r12=0x77,r13=0x0,r14=0x0,r15=0x1
=> 0xffffffff8104017a <prb_read_valid+10>:	call   0xffffffff8103f90d <_prb_read_valid>
Regs: rax=0xffffffff818aaa38,rbx=0x0,rcx=0x0,rdx=0x0,rsi=0xffffc9000000bd40,rdi=0xffffffff8183a980,rbp=0x0,rsp=0xffffc9000000bd38,r8=0x3,r9=0x1000,r10=0xffffc9000000bc38,r11=0x3,r12=0x77,r13=0x0,r14=0x0,r15=0x1
=> 0xffffffff8103f90d <_prb_read_valid>:	push   %r15
Regs: rax=0xffffffff818aaa38,rbx=0x0,rcx=0x0,rdx=0x0,rsi=0xffffc9000000bd40,rdi=0xffffffff8183a980,rbp=0x0,rsp=0xffffc9000000bd30,r8=0x3,r9=0x1000,r10=0xffffc9000000bc38,r11=0x3,r12=0x77,r13=0x0,r14=0x0,r15=0x1
=> 0xffffffff8103f90f <_prb_read_valid+2>:	push   %r14
Regs: rax=0xffffffff818aaa38,rbx=0x0,rcx=0x0,rdx=0x0,rsi=0xffffc9000000bd40,rdi=0xffffffff8183a980,rbp=0x0,rsp=0xffffc9000000bd28,r8=0x3,r9=0x1000,r10=0xffffc9000000bc38,r11=0x3,r12=0x77,r13=0x0,r14=0x0,r15=0x1
=> 0xffffffff8103f911 <_prb_read_valid+4>:	push   %r13
Regs: rax=0xffffffff818aaa38,rbx=0x0,rcx=0x0,rdx=0x0,rsi=0xffffc9000000bd40,rdi=0xffffffff8183a980,rbp=0x0,rsp=0xffffc9000000bd20,r8=0x3,r9=0x1000,r10=0xffffc9000000bc38,r11=0x3,r12=0x77,r13=0x0,r14=0x0,r15=0x1
=> 0xffffffff8103f913 <_prb_read_valid+6>:	mov    %rcx,%r13
Regs: rax=0xffffffff818aaa38,rbx=0x0,rcx=0x0,rdx=0x0,rsi=0xffffc9000000bd40,rdi=0xffffffff8183a980,rbp=0x0,rsp=0xffffc9000000bd20,r8=0x3,r9=0x1000,r10=0xffffc9000000bc38,r11=0x3,r12=0x77,r13=0x0,r14=0x0,r15=0x1
=> 0xffffffff8103f916 <_prb_read_valid+9>:	push   %r12
Regs: rax=0xffffffff818aaa38,rbx=0x0,rcx=0x0,rdx=0x0,rsi=0xffffc9000000bd40,rdi=0xffffffff8183a980,rbp=0x0,rsp=0xffffc9000000bd18,r8=0x3,r9=0x1000,r10=0xffffc9000000bc38,r11=0x3,r12=0x77,r13=0x0,r14=0x0,r15=0x1
=> 0xffffffff8103f918 <_prb_read_valid+11>:	mov    %rsi,%r12
Regs: rax=0xffffffff818aaa38,rbx=0x0,rcx=0x0,rdx=0x0,rsi=0xffffc9000000bd40,rdi=0xffffffff8183a980,rbp=0x0,rsp=0xffffc9000000bd18,r8=0x3,r9=0x1000,r10=0xffffc9000000bc38,r11=0x3,r12=0xffffc9000000bd40,r13=0x0,r14=0x0,r15=0x1
=> 0xffffffff8103f91b <_prb_read_valid+14>:	push   %rbp
Regs: rax=0xffffffff818aaa38,rbx=0x0,rcx=0x0,rdx=0x0,rsi=0xffffc9000000bd40,rdi=0xffffffff8183a980,rbp=0x0,rsp=0xffffc9000000bd10,r8=0x3,r9=0x1000,r10=0xffffc9000000bc38,r11=0x3,r12=0xffffc9000000bd40,r13=0x0,r14=0x0,r15=0x1
=> 0xffffffff8103f91c <_prb_read_valid+15>:	mov    %rdx,%rbp
Regs: rax=0xffffffff818aaa38,rbx=0x0,rcx=0x0,rdx=0x0,rsi=0xffffc9000000bd40,rdi=0xffffffff8183a980,rbp=0x0,rsp=0xffffc9000000bd10,r8=0x3,r9=0x1000,r10=0xffffc9000000bc38,r11=0x3,r12=0xffffc9000000bd40,r13=0x0,r14=0x0,r15=0x1
=> 0xffffffff8103f91f <_prb_read_valid+18>:	push   %rbx
Regs: rax=0xffffffff818aaa38,rbx=0x0,rcx=0x0,rdx=0x0,rsi=0xffffc9000000bd40,rdi=0xffffffff8183a980,rbp=0x0,rsp=0xffffc9000000bd08,r8=0x3,r9=0x1000,r10=0xffffc9000000bc38,r11=0x3,r12=0xffffc9000000bd40,r13=0x0,r14=0x0,r15=0x1
=> 0xffffffff8103f920 <_prb_read_valid+19>:	mov    %rdi,%rbx
Regs: rax=0xffffffff818aaa38,rbx=0xffffffff8183a980,rcx=0x0,rdx=0x0,rsi=0xffffc9000000bd40,rdi=0xffffffff8183a980,rbp=0x0,rsp=0xffffc9000000bd08,r8=0x3,r9=0x1000,r10=0xffffc9000000bc38,r11=0x3,r12=0xffffc9000000bd40,r13=0x0,r14=0x0,r15=0x1
=> 0xffffffff8103f923 <_prb_read_valid+22>:	sub    $0x50,%rsp
Regs: rax=0xffffffff818aaa38,rbx=0xffffffff8183a980,rcx=0x0,rdx=0x0,rsi=0xffffc9000000bd40,rdi=0xffffffff8183a980,rbp=0x0,rsp=0xffffc9000000bcb8,r8=0x3,r9=0x1000,r10=0xffffc9000000bc38,r11=0x3,r12=0xffffc9000000bd40,r13=0x0,r14=0x0,r15=0x1
=> 0xffffffff8103f927 <_prb_read_valid+26>:	mov    (%r12),%rax
Regs: rax=0x77,rbx=0xffffffff8183a980,rcx=0x0,rdx=0x0,rsi=0xffffc9000000bd40,rdi=0xffffffff8183a980,rbp=0x0,rsp=0xffffc9000000bcb8,r8=0x3,r9=0x1000,r10=0xffffc9000000bc38,r11=0x3,r12=0xffffc9000000bd40,r13=0x0,r14=0x0,r15=0x1
=> 0xffffffff8103f92b <_prb_read_valid+30>:	mov    %rbx,%rdi
Regs: rax=0x77,rbx=0xffffffff8183a980,rcx=0x0,rdx=0x0,rsi=0xffffc9000000bd40,rdi=0xffffffff8183a980,rbp=0x0,rsp=0xffffc9000000bcb8,r8=0x3,r9=0x1000,r10=0xffffc9000000bc38,r11=0x3,r12=0xffffc9000000bd40,r13=0x0,r14=0x0,r15=0x1
=> 0xffffffff8103f92e <_prb_read_valid+33>:	mov    0x10(%rbx),%r14
Regs: rax=0x77,rbx=0xffffffff8183a980,rcx=0x0,rdx=0x0,rsi=0xffffc9000000bd40,rdi=0xffffffff8183a980,rbp=0x0,rsp=0xffffc9000000bcb8,r8=0x3,r9=0x1000,r10=0xffffc9000000bc38,r11=0x3,r12=0xffffc9000000bd40,r13=0x0,r14=0xffffffff8183a9e0,r15=0x1
=> 0xffffffff8103f932 <_prb_read_valid+37>:	mov    %rax,(%rsp)
Regs: rax=0x77,rbx=0xffffffff8183a980,rcx=0x0,rdx=0x0,rsi=0xffffc9000000bd40,rdi=0xffffffff8183a980,rbp=0x0,rsp=0xffffc9000000bcb8,r8=0x3,r9=0x1000,r10=0xffffc9000000bc38,r11=0x3,r12=0xffffc9000000bd40,r13=0x0,r14=0xffffffff8183a9e0,r15=0x1
=> 0xffffffff8103f936 <_prb_read_valid+41>:	mov    (%rbx),%eax
Regs: rax=0xc,rbx=0xffffffff8183a980,rcx=0x0,rdx=0x0,rsi=0xffffc9000000bd40,rdi=0xffffffff8183a980,rbp=0x0,rsp=0xffffc9000000bcb8,r8=0x3,r9=0x1000,r10=0xffffc9000000bc38,r11=0x3,r12=0xffffc9000000bd40,r13=0x0,r14=0xffffffff8183a9e0,r15=0x1
=> 0xffffffff8103f938 <_prb_read_valid+43>:	mov    (%rsp),%rsi
Regs: rax=0xc,rbx=0xffffffff8183a980,rcx=0x0,rdx=0x0,rsi=0x77,rdi=0xffffffff8183a980,rbp=0x0,rsp=0xffffc9000000bcb8,r8=0x3,r9=0x1000,r10=0xffffc9000000bc38,r11=0x3,r12=0xffffc9000000bd40,r13=0x0,r14=0xffffffff8183a9e0,r15=0x1
=> 0xffffffff8103f93c <_prb_read_valid+47>:	mov    %eax,0xc(%rsp)
Regs: rax=0xc,rbx=0xffffffff8183a980,rcx=0x0,rdx=0x0,rsi=0x77,rdi=0xffffffff8183a980,rbp=0x0,rsp=0xffffc9000000bcb8,r8=0x3,r9=0x1000,r10=0xffffc9000000bc38,r11=0x3,r12=0xffffc9000000bd40,r13=0x0,r14=0xffffffff8183a9e0,r15=0x1
=> 0xffffffff8103f940 <_prb_read_valid+51>:	call   0xffffffff8103f4aa <to_desc>
Regs: rax=0xc,rbx=0xffffffff8183a980,rcx=0x0,rdx=0x0,rsi=0x77,rdi=0xffffffff8183a980,rbp=0x0,rsp=0xffffc9000000bcb0,r8=0x3,r9=0x1000,r10=0xffffc9000000bc38,r11=0x3,r12=0xffffc9000000bd40,r13=0x0,r14=0xffffffff8183a9e0,r15=0x1
=> 0xffffffff8103f4aa <to_desc>:	mov    (%rdi),%ecx
Regs: rax=0xc,rbx=0xffffffff8183a980,rcx=0xc,rdx=0x0,rsi=0x77,rdi=0xffffffff8183a980,rbp=0x0,rsp=0xffffc9000000bcb0,r8=0x3,r9=0x1000,r10=0xffffc9000000bc38,r11=0x3,r12=0xffffc9000000bd40,r13=0x0,r14=0xffffffff8183a9e0,r15=0x1
=> 0xffffffff8103f4ac <to_desc+2>:	mov    $0x1,%eax
Regs: rax=0x1,rbx=0xffffffff8183a980,rcx=0xc,rdx=0x0,rsi=0x77,rdi=0xffffffff8183a980,rbp=0x0,rsp=0xffffc9000000bcb0,r8=0x3,r9=0x1000,r10=0xffffc9000000bc38,r11=0x3,r12=0xffffc9000000bd40,r13=0x0,r14=0xffffffff8183a9e0,r15=0x1
=> 0xffffffff8103f4b1 <to_desc+7>:	shl    %cl,%eax
Regs: rax=0x1000,rbx=0xffffffff8183a980,rcx=0xc,rdx=0x0,rsi=0x77,rdi=0xffffffff8183a980,rbp=0x0,rsp=0xffffc9000000bcb0,r8=0x3,r9=0x1000,r10=0xffffc9000000bc38,r11=0x3,r12=0xffffc9000000bd40,r13=0x0,r14=0xffffffff8183a9e0,r15=0x1
=> 0xffffffff8103f4b3 <to_desc+9>:	dec    %eax
Regs: rax=0xfff,rbx=0xffffffff8183a980,rcx=0xc,rdx=0x0,rsi=0x77,rdi=0xffffffff8183a980,rbp=0x0,rsp=0xffffc9000000bcb0,r8=0x3,r9=0x1000,r10=0xffffc9000000bc38,r11=0x3,r12=0xffffc9000000bd40,r13=0x0,r14=0xffffffff8183a9e0,r15=0x1
=> 0xffffffff8103f4b5 <to_desc+11>:	and    %rsi,%rax
Regs: rax=0x77,rbx=0xffffffff8183a980,rcx=0xc,rdx=0x0,rsi=0x77,rdi=0xffffffff8183a980,rbp=0x0,rsp=0xffffc9000000bcb0,r8=0x3,r9=0x1000,r10=0xffffc9000000bc38,r11=0x3,r12=0xffffc9000000bd40,r13=0x0,r14=0xffffffff8183a9e0,r15=0x1
=> 0xffffffff8103f4b8 <to_desc+14>:	imul   $0x18,%rax,%rax
Regs: rax=0xb28,rbx=0xffffffff8183a980,rcx=0xc,rdx=0x0,rsi=0x77,rdi=0xffffffff8183a980,rbp=0x0,rsp=0xffffc9000000bcb0,r8=0x3,r9=0x1000,r10=0xffffc9000000bc38,r11=0x3,r12=0xffffc9000000bd40,r13=0x0,r14=0xffffffff8183a9e0,r15=0x1
=> 0xffffffff8103f4bc <to_desc+18>:	add    0x8(%rdi),%rax
Regs: rax=0xffffffff81893508,rbx=0xffffffff8183a980,rcx=0xc,rdx=0x0,rsi=0x77,rdi=0xffffffff8183a980,rbp=0x0,rsp=0xffffc9000000bcb0,r8=0x3,r9=0x1000,r10=0xffffc9000000bc38,r11=0x3,r12=0xffffc9000000bd40,r13=0x0,r14=0xffffffff8183a9e0,r15=0x1
=> 0xffffffff8103f4c0 <to_desc+22>:	ret    
Regs: rax=0xffffffff81893508,rbx=0xffffffff8183a980,rcx=0xc,rdx=0x0,rsi=0x77,rdi=0xffffffff8183a980,rbp=0x0,rsp=0xffffc9000000bcb8,r8=0x3,r9=0x1000,r10=0xffffc9000000bc38,r11=0x3,r12=0xffffc9000000bd40,r13=0x0,r14=0xffffffff8183a9e0,r15=0x1
=> 0xffffffff8103f945 <_prb_read_valid+56>:	mov    $0x6,%ecx
Regs: rax=0xffffffff81893508,rbx=0xffffffff8183a980,rcx=0x6,rdx=0x0,rsi=0x77,rdi=0xffffffff8183a980,rbp=0x0,rsp=0xffffc9000000bcb8,r8=0x3,r9=0x1000,r10=0xffffc9000000bc38,r11=0x3,r12=0xffffc9000000bd40,r13=0x0,r14=0xffffffff8183a9e0,r15=0x1
=> 0xffffffff8103f94a <_prb_read_valid+61>:	movabs $0x3fffffffffffffff,%rsi
Regs: rax=0xffffffff81893508,rbx=0xffffffff8183a980,rcx=0x6,rdx=0x0,rsi=0x3fffffffffffffff,rdi=0xffffffff8183a980,rbp=0x0,rsp=0xffffc9000000bcb8,r8=0x3,r9=0x1000,r10=0xffffc9000000bc38,r11=0x3,r12=0xffffc9000000bd40,r13=0x0,r14=0xffffffff8183a9e0,r15=0x1
=> 0xffffffff8103f954 <_prb_read_valid+71>:	mov    %rax,%rdx
Regs: rax=0xffffffff81893508,rbx=0xffffffff8183a980,rcx=0x6,rdx=0xffffffff81893508,rsi=0x3fffffffffffffff,rdi=0xffffffff8183a980,rbp=0x0,rsp=0xffffc9000000bcb8,r8=0x3,r9=0x1000,r10=0xffffc9000000bc38,r11=0x3,r12=0xffffc9000000bd40,r13=0x0,r14=0xffffffff8183a9e0,r15=0x1
=> 0xffffffff8103f957 <_prb_read_valid+74>:	lea    0x38(%rsp),%rdi
Regs: rax=0xffffffff81893508,rbx=0xffffffff8183a980,rcx=0x6,rdx=0xffffffff81893508,rsi=0x3fffffffffffffff,rdi=0xffffc9000000bcf0,rbp=0x0,rsp=0xffffc9000000bcb8,r8=0x3,r9=0x1000,r10=0xffffc9000000bc38,r11=0x3,r12=0xffffc9000000bd40,r13=0x0,r14=0xffffffff8183a9e0,r15=0x1
=> 0xffffffff8103f95c <_prb_read_valid+79>:	xor    %eax,%eax
Regs: rax=0x0,rbx=0xffffffff8183a980,rcx=0x6,rdx=0xffffffff81893508,rsi=0x3fffffffffffffff,rdi=0xffffc9000000bcf0,rbp=0x0,rsp=0xffffc9000000bcb8,r8=0x3,r9=0x1000,r10=0xffffc9000000bc38,r11=0x3,r12=0xffffc9000000bd40,r13=0x0,r14=0xffffffff8183a9e0,r15=0x1
=> 0xffffffff8103f95e <_prb_read_valid+81>:	rep stos %eax,%es:(%rdi)
Regs: rax=0x0,rbx=0xffffffff8183a980,rcx=0x5,rdx=0xffffffff81893508,rsi=0x3fffffffffffffff,rdi=0xffffc9000000bcf4,rbp=0x0,rsp=0xffffc9000000bcb8,r8=0x3,r9=0x1000,r10=0xffffc9000000bc38,r11=0x3,r12=0xffffc9000000bd40,r13=0x0,r14=0xffffffff8183a9e0,r15=0x1
=> 0xffffffff8103f95e <_prb_read_valid+81>:	rep stos %eax,%es:(%rdi)
Regs: rax=0x0,rbx=0xffffffff8183a980,rcx=0x4,rdx=0xffffffff81893508,rsi=0x3fffffffffffffff,rdi=0xffffc9000000bcf8,rbp=0x0,rsp=0xffffc9000000bcb8,r8=0x3,r9=0x1000,r10=0xffffc9000000bc38,r11=0x3,r12=0xffffc9000000bd40,r13=0x0,r14=0xffffffff8183a9e0,r15=0x1
=> 0xffffffff8103f95e <_prb_read_valid+81>:	rep stos %eax,%es:(%rdi)
Regs: rax=0x0,rbx=0xffffffff8183a980,rcx=0x3,rdx=0xffffffff81893508,rsi=0x3fffffffffffffff,rdi=0xffffc9000000bcfc,rbp=0x0,rsp=0xffffc9000000bcb8,r8=0x3,r9=0x1000,r10=0xffffc9000000bc38,r11=0x3,r12=0xffffc9000000bd40,r13=0x0,r14=0xffffffff8183a9e0,r15=0x1
=> 0xffffffff8103f95e <_prb_read_valid+81>:	rep stos %eax,%es:(%rdi)
Regs: rax=0x0,rbx=0xffffffff8183a980,rcx=0x2,rdx=0xffffffff81893508,rsi=0x3fffffffffffffff,rdi=0xffffc9000000bd00,rbp=0x0,rsp=0xffffc9000000bcb8,r8=0x3,r9=0x1000,r10=0xffffc9000000bc38,r11=0x3,r12=0xffffc9000000bd40,r13=0x0,r14=0xffffffff8183a9e0,r15=0x1
=> 0xffffffff8103f95e <_prb_read_valid+81>:	rep stos %eax,%es:(%rdi)
Regs: rax=0x0,rbx=0xffffffff8183a980,rcx=0x1,rdx=0xffffffff81893508,rsi=0x3fffffffffffffff,rdi=0xffffc9000000bd04,rbp=0x0,rsp=0xffffc9000000bcb8,r8=0x3,r9=0x1000,r10=0xffffc9000000bc38,r11=0x3,r12=0xffffc9000000bd40,r13=0x0,r14=0xffffffff8183a9e0,r15=0x1
=> 0xffffffff8103f95e <_prb_read_valid+81>:	rep stos %eax,%es:(%rdi)
Regs: rax=0x0,rbx=0xffffffff8183a980,rcx=0x0,rdx=0xffffffff81893508,rsi=0x3fffffffffffffff,rdi=0xffffc9000000bd08,rbp=0x0,rsp=0xffffc9000000bcb8,r8=0x3,r9=0x1000,r10=0xffffc9000000bc38,r11=0x3,r12=0xffffc9000000bd40,r13=0x0,r14=0xffffffff8183a9e0,r15=0x1
=> 0xffffffff8103f960 <_prb_read_valid+83>:	mov    (%rdx),%rax
Regs: rax=0x0,rbx=0xffffffff8183a980,rcx=0x0,rdx=0xffffffff81893508,rsi=0x3fffffffffffffff,rdi=0xffffc9000000bd08,rbp=0x0,rsp=0xffffc9000000bcb8,r8=0x3,r9=0x1000,r10=0xffffc9000000bc38,r11=0x3,r12=0xffffc9000000bd40,r13=0x0,r14=0xffffffff8183a9e0,r15=0x1
=> 0xffffffff8103f963 <_prb_read_valid+86>:	mov    (%rsp),%rdx
Regs: rax=0x0,rbx=0xffffffff8183a980,rcx=0x0,rdx=0x77,rsi=0x3fffffffffffffff,rdi=0xffffc9000000bd08,rbp=0x0,rsp=0xffffc9000000bcb8,r8=0x3,r9=0x1000,r10=0xffffc9000000bc38,r11=0x3,r12=0xffffc9000000bd40,r13=0x0,r14=0xffffffff8183a9e0,r15=0x1
=> 0xffffffff8103f967 <_prb_read_valid+90>:	lea    0x38(%rsp),%rcx
Regs: rax=0x0,rbx=0xffffffff8183a980,rcx=0xffffc9000000bcf0,rdx=0x77,rsi=0x3fffffffffffffff,rdi=0xffffc9000000bd08,rbp=0x0,rsp=0xffffc9000000bcb8,r8=0x3,r9=0x1000,r10=0xffffc9000000bc38,r11=0x3,r12=0xffffc9000000bd40,r13=0x0,r14=0xffffffff8183a9e0,r15=0x1
=> 0xffffffff8103f96c <_prb_read_valid+95>:	mov    %rbx,%rdi
Regs: rax=0x0,rbx=0xffffffff8183a980,rcx=0xffffc9000000bcf0,rdx=0x77,rsi=0x3fffffffffffffff,rdi=0xffffffff8183a980,rbp=0x0,rsp=0xffffc9000000bcb8,r8=0x3,r9=0x1000,r10=0xffffc9000000bc38,r11=0x3,r12=0xffffc9000000bd40,r13=0x0,r14=0xffffffff8183a9e0,r15=0x1
=> 0xffffffff8103f96f <_prb_read_valid+98>:	and    %rax,%rsi
Regs: rax=0x0,rbx=0xffffffff8183a980,rcx=0xffffc9000000bcf0,rdx=0x77,rsi=0x0,rdi=0xffffffff8183a980,rbp=0x0,rsp=0xffffc9000000bcb8,r8=0x3,r9=0x1000,r10=0xffffc9000000bc38,r11=0x3,r12=0xffffc9000000bd40,r13=0x0,r14=0xffffffff8183a9e0,r15=0x1
=> 0xffffffff8103f972 <_prb_read_valid+101>:	mov    %rsi,0x10(%rsp)
Regs: rax=0x0,rbx=0xffffffff8183a980,rcx=0xffffc9000000bcf0,rdx=0x77,rsi=0x0,rdi=0xffffffff8183a980,rbp=0x0,rsp=0xffffc9000000bcb8,r8=0x3,r9=0x1000,r10=0xffffc9000000bc38,r11=0x3,r12=0xffffc9000000bd40,r13=0x0,r14=0xffffffff8183a9e0,r15=0x1
=> 0xffffffff8103f977 <_prb_read_valid+106>:	call   0xffffffff8103f5d7 <desc_read_finalized_seq>
Regs: rax=0x0,rbx=0xffffffff8183a980,rcx=0xffffc9000000bcf0,rdx=0x77,rsi=0x0,rdi=0xffffffff8183a980,rbp=0x0,rsp=0xffffc9000000bcb0,r8=0x3,r9=0x1000,r10=0xffffc9000000bc38,r11=0x3,r12=0xffffc9000000bd40,r13=0x0,r14=0xffffffff8183a9e0,r15=0x1
=> 0xffffffff8103f5d7 <desc_read_finalized_seq>:	push   %rbp
Regs: rax=0x0,rbx=0xffffffff8183a980,rcx=0xffffc9000000bcf0,rdx=0x77,rsi=0x0,rdi=0xffffffff8183a980,rbp=0x0,rsp=0xffffc9000000bca8,r8=0x3,r9=0x1000,r10=0xffffc9000000bc38,r11=0x3,r12=0xffffc9000000bd40,r13=0x0,r14=0xffffffff8183a9e0,r15=0x1
=> 0xffffffff8103f5d8 <desc_read_finalized_seq+1>:	xor    %r9d,%r9d
Regs: rax=0x0,rbx=0xffffffff8183a980,rcx=0xffffc9000000bcf0,rdx=0x77,rsi=0x0,rdi=0xffffffff8183a980,rbp=0x0,rsp=0xffffc9000000bca8,r8=0x3,r9=0x0,r10=0xffffc9000000bc38,r11=0x3,r12=0xffffc9000000bd40,r13=0x0,r14=0xffffffff8183a9e0,r15=0x1
=> 0xffffffff8103f5db <desc_read_finalized_seq+4>:	mov    %rdx,%rbp
Regs: rax=0x0,rbx=0xffffffff8183a980,rcx=0xffffc9000000bcf0,rdx=0x77,rsi=0x0,rdi=0xffffffff8183a980,rbp=0x77,rsp=0xffffc9000000bca8,r8=0x3,r9=0x0,r10=0xffffc9000000bc38,r11=0x3,r12=0xffffc9000000bd40,r13=0x0,r14=0xffffffff8183a9e0,r15=0x1
=> 0xffffffff8103f5de <desc_read_finalized_seq+7>:	push   %rbx
Regs: rax=0x0,rbx=0xffffffff8183a980,rcx=0xffffc9000000bcf0,rdx=0x77,rsi=0x0,rdi=0xffffffff8183a980,rbp=0x77,rsp=0xffffc9000000bca0,r8=0x3,r9=0x0,r10=0xffffc9000000bc38,r11=0x3,r12=0xffffc9000000bd40,r13=0x0,r14=0xffffffff8183a9e0,r15=0x1
=> 0xffffffff8103f5df <desc_read_finalized_seq+8>:	mov    %rcx,%rbx
Regs: rax=0x0,rbx=0xffffc9000000bcf0,rcx=0xffffc9000000bcf0,rdx=0x77,rsi=0x0,rdi=0xffffffff8183a980,rbp=0x77,rsp=0xffffc9000000bca0,r8=0x3,r9=0x0,r10=0xffffc9000000bc38,r11=0x3,r12=0xffffc9000000bd40,r13=0x0,r14=0xffffffff8183a9e0,r15=0x1
=> 0xffffffff8103f5e2 <desc_read_finalized_seq+11>:	push   %r8
Regs: rax=0x0,rbx=0xffffc9000000bcf0,rcx=0xffffc9000000bcf0,rdx=0x77,rsi=0x0,rdi=0xffffffff8183a980,rbp=0x77,rsp=0xffffc9000000bc98,r8=0x3,r9=0x0,r10=0xffffc9000000bc38,r11=0x3,r12=0xffffc9000000bd40,r13=0x0,r14=0xffffffff8183a9e0,r15=0x1
=> 0xffffffff8103f5e4 <desc_read_finalized_seq+13>:	mov    %rbx,%rdx
Regs: rax=0x0,rbx=0xffffc9000000bcf0,rcx=0xffffc9000000bcf0,rdx=0xffffc9000000bcf0,rsi=0x0,rdi=0xffffffff8183a980,rbp=0x77,rsp=0xffffc9000000bc98,r8=0x3,r9=0x0,r10=0xffffc9000000bc38,r11=0x3,r12=0xffffc9000000bd40,r13=0x0,r14=0xffffffff8183a9e0,r15=0x1
=> 0xffffffff8103f5e7 <desc_read_finalized_seq+16>:	xor    %r8d,%r8d
Regs: rax=0x0,rbx=0xffffc9000000bcf0,rcx=0xffffc9000000bcf0,rdx=0xffffc9000000bcf0,rsi=0x0,rdi=0xffffffff8183a980,rbp=0x77,rsp=0xffffc9000000bc98,r8=0x0,r9=0x0,r10=0xffffc9000000bc38,r11=0x3,r12=0xffffc9000000bd40,r13=0x0,r14=0xffffffff8183a9e0,r15=0x1
=> 0xffffffff8103f5ea <desc_read_finalized_seq+19>:	mov    %rsp,%rcx
Regs: rax=0x0,rbx=0xffffc9000000bcf0,rcx=0xffffc9000000bc98,rdx=0xffffc9000000bcf0,rsi=0x0,rdi=0xffffffff8183a980,rbp=0x77,rsp=0xffffc9000000bc98,r8=0x0,r9=0x0,r10=0xffffc9000000bc38,r11=0x3,r12=0xffffc9000000bd40,r13=0x0,r14=0xffffffff8183a9e0,r15=0x1
=> 0xffffffff8103f5ed <desc_read_finalized_seq+22>:	mov    %r9,(%rsp)
Regs: rax=0x0,rbx=0xffffc9000000bcf0,rcx=0xffffc9000000bc98,rdx=0xffffc9000000bcf0,rsi=0x0,rdi=0xffffffff8183a980,rbp=0x77,rsp=0xffffc9000000bc98,r8=0x0,r9=0x0,r10=0xffffc9000000bc38,r11=0x3,r12=0xffffc9000000bd40,r13=0x0,r14=0xffffffff8183a9e0,r15=0x1
=> 0xffffffff8103f5f1 <desc_read_finalized_seq+26>:	call   0xffffffff8103f532 <desc_read>
Regs: rax=0x0,rbx=0xffffc9000000bcf0,rcx=0xffffc9000000bc98,rdx=0xffffc9000000bcf0,rsi=0x0,rdi=0xffffffff8183a980,rbp=0x77,rsp=0xffffc9000000bc90,r8=0x0,r9=0x0,r10=0xffffc9000000bc38,r11=0x3,r12=0xffffc9000000bd40,r13=0x0,r14=0xffffffff8183a9e0,r15=0x1
=> 0xffffffff8103f532 <desc_read>:	movabs $0x3fffffffffffffff,%r11
Regs: rax=0x0,rbx=0xffffc9000000bcf0,rcx=0xffffc9000000bc98,rdx=0xffffc9000000bcf0,rsi=0x0,rdi=0xffffffff8183a980,rbp=0x77,rsp=0xffffc9000000bc90,r8=0x0,r9=0x0,r10=0xffffc9000000bc38,r11=0x3fffffffffffffff,r12=0xffffc9000000bd40,r13=0x0,r14=0xffffffff8183a9e0,r15=0x1
=> 0xffffffff8103f53c <desc_read+10>:	mov    %rcx,%r10
Regs: rax=0x0,rbx=0xffffc9000000bcf0,rcx=0xffffc9000000bc98,rdx=0xffffc9000000bcf0,rsi=0x0,rdi=0xffffffff8183a980,rbp=0x77,rsp=0xffffc9000000bc90,r8=0x0,r9=0x0,r10=0xffffc9000000bc98,r11=0x3fffffffffffffff,r12=0xffffc9000000bd40,r13=0x0,r14=0xffffffff8183a9e0,r15=0x1
=> 0xffffffff8103f53f <desc_read+13>:	mov    %rdi,%r9
Regs: rax=0x0,rbx=0xffffc9000000bcf0,rcx=0xffffc9000000bc98,rdx=0xffffc9000000bcf0,rsi=0x0,rdi=0xffffffff8183a980,rbp=0x77,rsp=0xffffc9000000bc90,r8=0x0,r9=0xffffffff8183a980,r10=0xffffc9000000bc98,r11=0x3fffffffffffffff,r12=0xffffc9000000bd40,r13=0x0,r14=0xffffffff8183a9e0,r15=0x1
=> 0xffffffff8103f542 <desc_read+16>:	call   0xffffffff8103f4aa <to_desc>
Regs: rax=0x0,rbx=0xffffc9000000bcf0,rcx=0xffffc9000000bc98,rdx=0xffffc9000000bcf0,rsi=0x0,rdi=0xffffffff8183a980,rbp=0x77,rsp=0xffffc9000000bc88,r8=0x0,r9=0xffffffff8183a980,r10=0xffffc9000000bc98,r11=0x3fffffffffffffff,r12=0xffffc9000000bd40,r13=0x0,r14=0xffffffff8183a9e0,r15=0x1
=> 0xffffffff8103f4aa <to_desc>:	mov    (%rdi),%ecx
Regs: rax=0x0,rbx=0xffffc9000000bcf0,rcx=0xc,rdx=0xffffc9000000bcf0,rsi=0x0,rdi=0xffffffff8183a980,rbp=0x77,rsp=0xffffc9000000bc88,r8=0x0,r9=0xffffffff8183a980,r10=0xffffc9000000bc98,r11=0x3fffffffffffffff,r12=0xffffc9000000bd40,r13=0x0,r14=0xffffffff8183a9e0,r15=0x1
=> 0xffffffff8103f4ac <to_desc+2>:	mov    $0x1,%eax
Regs: rax=0x1,rbx=0xffffc9000000bcf0,rcx=0xc,rdx=0xffffc9000000bcf0,rsi=0x0,rdi=0xffffffff8183a980,rbp=0x77,rsp=0xffffc9000000bc88,r8=0x0,r9=0xffffffff8183a980,r10=0xffffc9000000bc98,r11=0x3fffffffffffffff,r12=0xffffc9000000bd40,r13=0x0,r14=0xffffffff8183a9e0,r15=0x1
=> 0xffffffff8103f4b1 <to_desc+7>:	shl    %cl,%eax
Regs: rax=0x1000,rbx=0xffffc9000000bcf0,rcx=0xc,rdx=0xffffc9000000bcf0,rsi=0x0,rdi=0xffffffff8183a980,rbp=0x77,rsp=0xffffc9000000bc88,r8=0x0,r9=0xffffffff8183a980,r10=0xffffc9000000bc98,r11=0x3fffffffffffffff,r12=0xffffc9000000bd40,r13=0x0,r14=0xffffffff8183a9e0,r15=0x1
=> 0xffffffff8103f4b3 <to_desc+9>:	dec    %eax
Regs: rax=0xfff,rbx=0xffffc9000000bcf0,rcx=0xc,rdx=0xffffc9000000bcf0,rsi=0x0,rdi=0xffffffff8183a980,rbp=0x77,rsp=0xffffc9000000bc88,r8=0x0,r9=0xffffffff8183a980,r10=0xffffc9000000bc98,r11=0x3fffffffffffffff,r12=0xffffc9000000bd40,r13=0x0,r14=0xffffffff8183a9e0,r15=0x1
=> 0xffffffff8103f4b5 <to_desc+11>:	and    %rsi,%rax
Regs: rax=0x0,rbx=0xffffc9000000bcf0,rcx=0xc,rdx=0xffffc9000000bcf0,rsi=0x0,rdi=0xffffffff8183a980,rbp=0x77,rsp=0xffffc9000000bc88,r8=0x0,r9=0xffffffff8183a980,r10=0xffffc9000000bc98,r11=0x3fffffffffffffff,r12=0xffffc9000000bd40,r13=0x0,r14=0xffffffff8183a9e0,r15=0x1
=> 0xffffffff8103f4b8 <to_desc+14>:	imul   $0x18,%rax,%rax
Regs: rax=0x0,rbx=0xffffc9000000bcf0,rcx=0xc,rdx=0xffffc9000000bcf0,rsi=0x0,rdi=0xffffffff8183a980,rbp=0x77,rsp=0xffffc9000000bc88,r8=0x0,r9=0xffffffff8183a980,r10=0xffffc9000000bc98,r11=0x3fffffffffffffff,r12=0xffffc9000000bd40,r13=0x0,r14=0xffffffff8183a9e0,r15=0x1
=> 0xffffffff8103f4bc <to_desc+18>:	add    0x8(%rdi),%rax
Regs: rax=0xffffffff818929e0,rbx=0xffffc9000000bcf0,rcx=0xc,rdx=0xffffc9000000bcf0,rsi=0x0,rdi=0xffffffff8183a980,rbp=0x77,rsp=0xffffc9000000bc88,r8=0x0,r9=0xffffffff8183a980,r10=0xffffc9000000bc98,r11=0x3fffffffffffffff,r12=0xffffc9000000bd40,r13=0x0,r14=0xffffffff8183a9e0,r15=0x1
=> 0xffffffff8103f4c0 <to_desc+22>:	ret    
Regs: rax=0xffffffff818929e0,rbx=0xffffc9000000bcf0,rcx=0xc,rdx=0xffffc9000000bcf0,rsi=0x0,rdi=0xffffffff8183a980,rbp=0x77,rsp=0xffffc9000000bc90,r8=0x0,r9=0xffffffff8183a980,r10=0xffffc9000000bc98,r11=0x3fffffffffffffff,r12=0xffffc9000000bd40,r13=0x0,r14=0xffffffff8183a9e0,r15=0x1
=> 0xffffffff8103f547 <desc_read+21>:	or     $0xffffffff,%edi
Regs: rax=0xffffffff818929e0,rbx=0xffffc9000000bcf0,rcx=0xc,rdx=0xffffc9000000bcf0,rsi=0x0,rdi=0xffffffff,rbp=0x77,rsp=0xffffc9000000bc90,r8=0x0,r9=0xffffffff8183a980,r10=0xffffc9000000bc98,r11=0x3fffffffffffffff,r12=0xffffc9000000bd40,r13=0x0,r14=0xffffffff8183a9e0,r15=0x1
=> 0xffffffff8103f54a <desc_read+24>:	mov    (%rax),%rcx
Regs: rax=0xffffffff818929e0,rbx=0xffffc9000000bcf0,rcx=0x80000000fffff000,rdx=0xffffc9000000bcf0,rsi=0x0,rdi=0xffffffff,rbp=0x77,rsp=0xffffc9000000bc90,r8=0x0,r9=0xffffffff8183a980,r10=0xffffc9000000bc98,r11=0x3fffffffffffffff,r12=0xffffc9000000bd40,r13=0x0,r14=0xffffffff8183a9e0,r15=0x1
=> 0xffffffff8103f54d <desc_read+27>:	and    %rcx,%r11
Regs: rax=0xffffffff818929e0,rbx=0xffffc9000000bcf0,rcx=0x80000000fffff000,rdx=0xffffc9000000bcf0,rsi=0x0,rdi=0xffffffff,rbp=0x77,rsp=0xffffc9000000bc90,r8=0x0,r9=0xffffffff8183a980,r10=0xffffc9000000bc98,r11=0xfffff000,r12=0xffffc9000000bd40,r13=0x0,r14=0xffffffff8183a9e0,r15=0x1
=> 0xffffffff8103f550 <desc_read+30>:	cmp    %r11,%rsi
Regs: rax=0xffffffff818929e0,rbx=0xffffc9000000bcf0,rcx=0x80000000fffff000,rdx=0xffffc9000000bcf0,rsi=0x0,rdi=0xffffffff,rbp=0x77,rsp=0xffffc9000000bc90,r8=0x0,r9=0xffffffff8183a980,r10=0xffffc9000000bc98,r11=0xfffff000,r12=0xffffc9000000bd40,r13=0x0,r14=0xffffffff8183a9e0,r15=0x1
=> 0xffffffff8103f553 <desc_read+33>:	jne    0xffffffff8103f5cc <desc_read+154>
Regs: rax=0xffffffff818929e0,rbx=0xffffc9000000bcf0,rcx=0x80000000fffff000,rdx=0xffffc9000000bcf0,rsi=0x0,rdi=0xffffffff,rbp=0x77,rsp=0xffffc9000000bc90,r8=0x0,r9=0xffffffff8183a980,r10=0xffffc9000000bc98,r11=0xfffff000,r12=0xffffc9000000bd40,r13=0x0,r14=0xffffffff8183a9e0,r15=0x1
=> 0xffffffff8103f5cc <desc_read+154>:	test   %rdx,%rdx
Regs: rax=0xffffffff818929e0,rbx=0xffffc9000000bcf0,rcx=0x80000000fffff000,rdx=0xffffc9000000bcf0,rsi=0x0,rdi=0xffffffff,rbp=0x77,rsp=0xffffc9000000bc90,r8=0x0,r9=0xffffffff8183a980,r10=0xffffc9000000bc98,r11=0xfffff000,r12=0xffffc9000000bd40,r13=0x0,r14=0xffffffff8183a9e0,r15=0x1
=> 0xffffffff8103f5cf <desc_read+157>:	je     0xffffffff8103f5d4 <desc_read+162>
Regs: rax=0xffffffff818929e0,rbx=0xffffc9000000bcf0,rcx=0x80000000fffff000,rdx=0xffffc9000000bcf0,rsi=0x0,rdi=0xffffffff,rbp=0x77,rsp=0xffffc9000000bc90,r8=0x0,r9=0xffffffff8183a980,r10=0xffffc9000000bc98,r11=0xfffff000,r12=0xffffc9000000bd40,r13=0x0,r14=0xffffffff8183a9e0,r15=0x1
=> 0xffffffff8103f5d1 <desc_read+159>:	mov    %rcx,(%rdx)
Regs: rax=0xffffffff818929e0,rbx=0xffffc9000000bcf0,rcx=0x80000000fffff000,rdx=0xffffc9000000bcf0,rsi=0x0,rdi=0xffffffff,rbp=0x77,rsp=0xffffc9000000bc90,r8=0x0,r9=0xffffffff8183a980,r10=0xffffc9000000bc98,r11=0xfffff000,r12=0xffffc9000000bd40,r13=0x0,r14=0xffffffff8183a9e0,r15=0x1
=> 0xffffffff8103f5d4 <desc_read+162>:	mov    %edi,%eax
Regs: rax=0xffffffff,rbx=0xffffc9000000bcf0,rcx=0x80000000fffff000,rdx=0xffffc9000000bcf0,rsi=0x0,rdi=0xffffffff,rbp=0x77,rsp=0xffffc9000000bc90,r8=0x0,r9=0xffffffff8183a980,r10=0xffffc9000000bc98,r11=0xfffff000,r12=0xffffc9000000bd40,r13=0x0,r14=0xffffffff8183a9e0,r15=0x1
=> 0xffffffff8103f5d6 <desc_read+164>:	ret    
Regs: rax=0xffffffff,rbx=0xffffc9000000bcf0,rcx=0x80000000fffff000,rdx=0xffffc9000000bcf0,rsi=0x0,rdi=0xffffffff,rbp=0x77,rsp=0xffffc9000000bc98,r8=0x0,r9=0xffffffff8183a980,r10=0xffffc9000000bc98,r11=0xfffff000,r12=0xffffc9000000bd40,r13=0x0,r14=0xffffffff8183a9e0,r15=0x1
=> 0xffffffff8103f5f6 <desc_read_finalized_seq+31>:	mov    %eax,%ecx
Regs: rax=0xffffffff,rbx=0xffffc9000000bcf0,rcx=0xffffffff,rdx=0xffffc9000000bcf0,rsi=0x0,rdi=0xffffffff,rbp=0x77,rsp=0xffffc9000000bc98,r8=0x0,r9=0xffffffff8183a980,r10=0xffffc9000000bc98,r11=0xfffff000,r12=0xffffc9000000bd40,r13=0x0,r14=0xffffffff8183a9e0,r15=0x1
=> 0xffffffff8103f5f8 <desc_read_finalized_seq+33>:	inc    %eax
Regs: rax=0x0,rbx=0xffffc9000000bcf0,rcx=0xffffffff,rdx=0xffffc9000000bcf0,rsi=0x0,rdi=0xffffffff,rbp=0x77,rsp=0xffffc9000000bc98,r8=0x0,r9=0xffffffff8183a980,r10=0xffffc9000000bc98,r11=0xfffff000,r12=0xffffc9000000bd40,r13=0x0,r14=0xffffffff8183a9e0,r15=0x1
=> 0xffffffff8103f5fa <desc_read_finalized_seq+35>:	cmp    $0x1,%eax
Regs: rax=0x0,rbx=0xffffc9000000bcf0,rcx=0xffffffff,rdx=0xffffc9000000bcf0,rsi=0x0,rdi=0xffffffff,rbp=0x77,rsp=0xffffc9000000bc98,r8=0x0,r9=0xffffffff8183a980,r10=0xffffc9000000bc98,r11=0xfffff000,r12=0xffffc9000000bd40,r13=0x0,r14=0xffffffff8183a9e0,r15=0x1
=> 0xffffffff8103f5fd <desc_read_finalized_seq+38>:	mov    $0xffffffea,%eax
Regs: rax=0xffffffea,rbx=0xffffc9000000bcf0,rcx=0xffffffff,rdx=0xffffc9000000bcf0,rsi=0x0,rdi=0xffffffff,rbp=0x77,rsp=0xffffc9000000bc98,r8=0x0,r9=0xffffffff8183a980,r10=0xffffc9000000bc98,r11=0xfffff000,r12=0xffffc9000000bd40,r13=0x0,r14=0xffffffff8183a9e0,r15=0x1
=> 0xffffffff8103f602 <desc_read_finalized_seq+43>:	jbe    0xffffffff8103f630 <desc_read_finalized_seq+89>
Regs: rax=0xffffffea,rbx=0xffffc9000000bcf0,rcx=0xffffffff,rdx=0xffffc9000000bcf0,rsi=0x0,rdi=0xffffffff,rbp=0x77,rsp=0xffffc9000000bc98,r8=0x0,r9=0xffffffff8183a980,r10=0xffffc9000000bc98,r11=0xfffff000,r12=0xffffc9000000bd40,r13=0x0,r14=0xffffffff8183a9e0,r15=0x1
=> 0xffffffff8103f630 <desc_read_finalized_seq+89>:	pop    %rdx
Regs: rax=0xffffffea,rbx=0xffffc9000000bcf0,rcx=0xffffffff,rdx=0x0,rsi=0x0,rdi=0xffffffff,rbp=0x77,rsp=0xffffc9000000bca0,r8=0x0,r9=0xffffffff8183a980,r10=0xffffc9000000bc98,r11=0xfffff000,r12=0xffffc9000000bd40,r13=0x0,r14=0xffffffff8183a9e0,r15=0x1
=> 0xffffffff8103f631 <desc_read_finalized_seq+90>:	pop    %rbx
Regs: rax=0xffffffea,rbx=0xffffffff8183a980,rcx=0xffffffff,rdx=0x0,rsi=0x0,rdi=0xffffffff,rbp=0x77,rsp=0xffffc9000000bca8,r8=0x0,r9=0xffffffff8183a980,r10=0xffffc9000000bc98,r11=0xfffff000,r12=0xffffc9000000bd40,r13=0x0,r14=0xffffffff8183a9e0,r15=0x1
=> 0xffffffff8103f632 <desc_read_finalized_seq+91>:	pop    %rbp
Regs: rax=0xffffffea,rbx=0xffffffff8183a980,rcx=0xffffffff,rdx=0x0,rsi=0x0,rdi=0xffffffff,rbp=0x0,rsp=0xffffc9000000bcb0,r8=0x0,r9=0xffffffff8183a980,r10=0xffffc9000000bc98,r11=0xfffff000,r12=0xffffc9000000bd40,r13=0x0,r14=0xffffffff8183a9e0,r15=0x1
=> 0xffffffff8103f633 <desc_read_finalized_seq+92>:	ret    
Regs: rax=0xffffffea,rbx=0xffffffff8183a980,rcx=0xffffffff,rdx=0x0,rsi=0x0,rdi=0xffffffff,rbp=0x0,rsp=0xffffc9000000bcb8,r8=0x0,r9=0xffffffff8183a980,r10=0xffffc9000000bc98,r11=0xfffff000,r12=0xffffc9000000bd40,r13=0x0,r14=0xffffffff8183a9e0,r15=0x1
=> 0xffffffff8103f97c <_prb_read_valid+111>:	mov    %eax,%r15d
Regs: rax=0xffffffea,rbx=0xffffffff8183a980,rcx=0xffffffff,rdx=0x0,rsi=0x0,rdi=0xffffffff,rbp=0x0,rsp=0xffffc9000000bcb8,r8=0x0,r9=0xffffffff8183a980,r10=0xffffc9000000bc98,r11=0xfffff000,r12=0xffffc9000000bd40,r13=0x0,r14=0xffffffff8183a9e0,r15=0xffffffea
=> 0xffffffff8103f97f <_prb_read_valid+114>:	test   %eax,%eax
Regs: rax=0xffffffea,rbx=0xffffffff8183a980,rcx=0xffffffff,rdx=0x0,rsi=0x0,rdi=0xffffffff,rbp=0x0,rsp=0xffffc9000000bcb8,r8=0x0,r9=0xffffffff8183a980,r10=0xffffc9000000bc98,r11=0xfffff000,r12=0xffffc9000000bd40,r13=0x0,r14=0xffffffff8183a9e0,r15=0xffffffea
=> 0xffffffff8103f981 <_prb_read_valid+116>:	je     0xffffffff8103f9e3 <_prb_read_valid+214>
Regs: rax=0xffffffea,rbx=0xffffffff8183a980,rcx=0xffffffff,rdx=0x0,rsi=0x0,rdi=0xffffffff,rbp=0x0,rsp=0xffffc9000000bcb8,r8=0x0,r9=0xffffffff8183a980,r10=0xffffc9000000bc98,r11=0xfffff000,r12=0xffffc9000000bd40,r13=0x0,r14=0xffffffff8183a9e0,r15=0xffffffea
=> 0xffffffff8103f983 <_prb_read_valid+118>:	lea    0x38(%rsp),%rdx
Regs: rax=0xffffffea,rbx=0xffffffff8183a980,rcx=0xffffffff,rdx=0xffffc9000000bcf0,rsi=0x0,rdi=0xffffffff,rbp=0x0,rsp=0xffffc9000000bcb8,r8=0x0,r9=0xffffffff8183a980,r10=0xffffc9000000bc98,r11=0xfffff000,r12=0xffffc9000000bd40,r13=0x0,r14=0xffffffff8183a9e0,r15=0xffffffea
=> 0xffffffff8103f988 <_prb_read_valid+123>:	mov    $0x6,%ecx
Regs: rax=0xffffffea,rbx=0xffffffff8183a980,rcx=0x6,rdx=0xffffc9000000bcf0,rsi=0x0,rdi=0xffffffff,rbp=0x0,rsp=0xffffc9000000bcb8,r8=0x0,r9=0xffffffff8183a980,r10=0xffffc9000000bc98,r11=0xfffff000,r12=0xffffc9000000bd40,r13=0x0,r14=0xffffffff8183a9e0,r15=0xffffffea
=> 0xffffffff8103f98d <_prb_read_valid+128>:	xor    %eax,%eax
Regs: rax=0x0,rbx=0xffffffff8183a980,rcx=0x6,rdx=0xffffc9000000bcf0,rsi=0x0,rdi=0xffffffff,rbp=0x0,rsp=0xffffc9000000bcb8,r8=0x0,r9=0xffffffff8183a980,r10=0xffffc9000000bc98,r11=0xfffff000,r12=0xffffc9000000bd40,r13=0x0,r14=0xffffffff8183a9e0,r15=0xffffffea
=> 0xffffffff8103f98f <_prb_read_valid+130>:	mov    %rdx,%rdi
Regs: rax=0x0,rbx=0xffffffff8183a980,rcx=0x6,rdx=0xffffc9000000bcf0,rsi=0x0,rdi=0xffffc9000000bcf0,rbp=0x0,rsp=0xffffc9000000bcb8,r8=0x0,r9=0xffffffff8183a980,r10=0xffffc9000000bc98,r11=0xfffff000,r12=0xffffc9000000bd40,r13=0x0,r14=0xffffffff8183a9e0,r15=0xffffffea
=> 0xffffffff8103f992 <_prb_read_valid+133>:	xor    %edx,%edx
Regs: rax=0x0,rbx=0xffffffff8183a980,rcx=0x6,rdx=0x0,rsi=0x0,rdi=0xffffc9000000bcf0,rbp=0x0,rsp=0xffffc9000000bcb8,r8=0x0,r9=0xffffffff8183a980,r10=0xffffc9000000bc98,r11=0xfffff000,r12=0xffffc9000000bd40,r13=0x0,r14=0xffffffff8183a9e0,r15=0xffffffea
=> 0xffffffff8103f994 <_prb_read_valid+135>:	rep stos %eax,%es:(%rdi)
Regs: rax=0x0,rbx=0xffffffff8183a980,rcx=0x5,rdx=0x0,rsi=0x0,rdi=0xffffc9000000bcf4,rbp=0x0,rsp=0xffffc9000000bcb8,r8=0x0,r9=0xffffffff8183a980,r10=0xffffc9000000bc98,r11=0xfffff000,r12=0xffffc9000000bd40,r13=0x0,r14=0xffffffff8183a9e0,r15=0xffffffea
=> 0xffffffff8103f994 <_prb_read_valid+135>:	rep stos %eax,%es:(%rdi)
Regs: rax=0x0,rbx=0xffffffff8183a980,rcx=0x4,rdx=0x0,rsi=0x0,rdi=0xffffc9000000bcf8,rbp=0x0,rsp=0xffffc9000000bcb8,r8=0x0,r9=0xffffffff8183a980,r10=0xffffc9000000bc98,r11=0xfffff000,r12=0xffffc9000000bd40,r13=0x0,r14=0xffffffff8183a9e0,r15=0xffffffea
=> 0xffffffff8103f994 <_prb_read_valid+135>:	rep stos %eax,%es:(%rdi)
Regs: rax=0x0,rbx=0xffffffff8183a980,rcx=0x3,rdx=0x0,rsi=0x0,rdi=0xffffc9000000bcfc,rbp=0x0,rsp=0xffffc9000000bcb8,r8=0x0,r9=0xffffffff8183a980,r10=0xffffc9000000bc98,r11=0xfffff000,r12=0xffffc9000000bd40,r13=0x0,r14=0xffffffff8183a9e0,r15=0xffffffea
=> 0xffffffff8103f994 <_prb_read_valid+135>:	rep stos %eax,%es:(%rdi)
Regs: rax=0x0,rbx=0xffffffff8183a980,rcx=0x2,rdx=0x0,rsi=0x0,rdi=0xffffc9000000bd00,rbp=0x0,rsp=0xffffc9000000bcb8,r8=0x0,r9=0xffffffff8183a980,r10=0xffffc9000000bc98,r11=0xfffff000,r12=0xffffc9000000bd40,r13=0x0,r14=0xffffffff8183a9e0,r15=0xffffffea
=> 0xffffffff8103f994 <_prb_read_valid+135>:	rep stos %eax,%es:(%rdi)
Regs: rax=0x0,rbx=0xffffffff8183a980,rcx=0x1,rdx=0x0,rsi=0x0,rdi=0xffffc9000000bd04,rbp=0x0,rsp=0xffffc9000000bcb8,r8=0x0,r9=0xffffffff8183a980,r10=0xffffc9000000bc98,r11=0xfffff000,r12=0xffffc9000000bd40,r13=0x0,r14=0xffffffff8183a9e0,r15=0xffffffea
=> 0xffffffff8103f994 <_prb_read_valid+135>:	rep stos %eax,%es:(%rdi)
Regs: rax=0x0,rbx=0xffffffff8183a980,rcx=0x0,rdx=0x0,rsi=0x0,rdi=0xffffc9000000bd08,rbp=0x0,rsp=0xffffc9000000bcb8,r8=0x0,r9=0xffffffff8183a980,r10=0xffffc9000000bc98,r11=0xfffff000,r12=0xffffc9000000bd40,r13=0x0,r14=0xffffffff8183a9e0,r15=0xffffffea
=> 0xffffffff8103f996 <_prb_read_valid+137>:	mov    %rdx,0x30(%rsp)
Regs: rax=0x0,rbx=0xffffffff8183a980,rcx=0x0,rdx=0x0,rsi=0x0,rdi=0xffffc9000000bd08,rbp=0x0,rsp=0xffffc9000000bcb8,r8=0x0,r9=0xffffffff8183a980,r10=0xffffc9000000bc98,r11=0xfffff000,r12=0xffffc9000000bd40,r13=0x0,r14=0xffffffff8183a9e0,r15=0xffffffea
=> 0xffffffff8103f99b <_prb_read_valid+142>:	mov    0x20(%rbx),%rsi
Regs: rax=0x0,rbx=0xffffffff8183a980,rcx=0x0,rdx=0x0,rsi=0xffffefff,rdi=0xffffc9000000bd08,rbp=0x0,rsp=0xffffc9000000bcb8,r8=0x0,r9=0xffffffff8183a980,r10=0xffffc9000000bc98,r11=0xfffff000,r12=0xffffc9000000bd40,r13=0x0,r14=0xffffffff8183a9e0,r15=0xffffffea
=> 0xffffffff8103f99f <_prb_read_valid+146>:	xor    %r8d,%r8d
Regs: rax=0x0,rbx=0xffffffff8183a980,rcx=0x0,rdx=0x0,rsi=0xffffefff,rdi=0xffffc9000000bd08,rbp=0x0,rsp=0xffffc9000000bcb8,r8=0x0,r9=0xffffffff8183a980,r10=0xffffc9000000bc98,r11=0xfffff000,r12=0xffffc9000000bd40,r13=0x0,r14=0xffffffff8183a9e0,r15=0xffffffea
=> 0xffffffff8103f9a2 <_prb_read_valid+149>:	lea    0x30(%rsp),%rcx
Regs: rax=0x0,rbx=0xffffffff8183a980,rcx=0xffffc9000000bce8,rdx=0x0,rsi=0xffffefff,rdi=0xffffc9000000bd08,rbp=0x0,rsp=0xffffc9000000bcb8,r8=0x0,r9=0xffffffff8183a980,r10=0xffffc9000000bc98,r11=0xfffff000,r12=0xffffc9000000bd40,r13=0x0,r14=0xffffffff8183a9e0,r15=0xffffffea
=> 0xffffffff8103f9a7 <_prb_read_valid+154>:	mov    %rbx,%rdi
Regs: rax=0x0,rbx=0xffffffff8183a980,rcx=0xffffc9000000bce8,rdx=0x0,rsi=0xffffefff,rdi=0xffffffff8183a980,rbp=0x0,rsp=0xffffc9000000bcb8,r8=0x0,r9=0xffffffff8183a980,r10=0xffffc9000000bc98,r11=0xfffff000,r12=0xffffc9000000bd40,r13=0x0,r14=0xffffffff8183a9e0,r15=0xffffffea
=> 0xffffffff8103f9aa <_prb_read_valid+157>:	lea    0x38(%rsp),%rdx
Regs: rax=0x0,rbx=0xffffffff8183a980,rcx=0xffffc9000000bce8,rdx=0xffffc9000000bcf0,rsi=0xffffefff,rdi=0xffffffff8183a980,rbp=0x0,rsp=0xffffc9000000bcb8,r8=0x0,r9=0xffffffff8183a980,r10=0xffffc9000000bc98,r11=0xfffff000,r12=0xffffc9000000bd40,r13=0x0,r14=0xffffffff8183a9e0,r15=0xffffffea
=> 0xffffffff8103f9af <_prb_read_valid+162>:	call   0xffffffff8103f532 <desc_read>
Regs: rax=0x0,rbx=0xffffffff8183a980,rcx=0xffffc9000000bce8,rdx=0xffffc9000000bcf0,rsi=0xffffefff,rdi=0xffffffff8183a980,rbp=0x0,rsp=0xffffc9000000bcb0,r8=0x0,r9=0xffffffff8183a980,r10=0xffffc9000000bc98,r11=0xfffff000,r12=0xffffc9000000bd40,r13=0x0,r14=0xffffffff8183a9e0,r15=0xffffffea
=> 0xffffffff8103f532 <desc_read>:	movabs $0x3fffffffffffffff,%r11
Regs: rax=0x0,rbx=0xffffffff8183a980,rcx=0xffffc9000000bce8,rdx=0xffffc9000000bcf0,rsi=0xffffefff,rdi=0xffffffff8183a980,rbp=0x0,rsp=0xffffc9000000bcb0,r8=0x0,r9=0xffffffff8183a980,r10=0xffffc9000000bc98,r11=0x3fffffffffffffff,r12=0xffffc9000000bd40,r13=0x0,r14=0xffffffff8183a9e0,r15=0xffffffea
=> 0xffffffff8103f53c <desc_read+10>:	mov    %rcx,%r10
Regs: rax=0x0,rbx=0xffffffff8183a980,rcx=0xffffc9000000bce8,rdx=0xffffc9000000bcf0,rsi=0xffffefff,rdi=0xffffffff8183a980,rbp=0x0,rsp=0xffffc9000000bcb0,r8=0x0,r9=0xffffffff8183a980,r10=0xffffc9000000bce8,r11=0x3fffffffffffffff,r12=0xffffc9000000bd40,r13=0x0,r14=0xffffffff8183a9e0,r15=0xffffffea
=> 0xffffffff8103f53f <desc_read+13>:	mov    %rdi,%r9
Regs: rax=0x0,rbx=0xffffffff8183a980,rcx=0xffffc9000000bce8,rdx=0xffffc9000000bcf0,rsi=0xffffefff,rdi=0xffffffff8183a980,rbp=0x0,rsp=0xffffc9000000bcb0,r8=0x0,r9=0xffffffff8183a980,r10=0xffffc9000000bce8,r11=0x3fffffffffffffff,r12=0xffffc9000000bd40,r13=0x0,r14=0xffffffff8183a9e0,r15=0xffffffea
=> 0xffffffff8103f542 <desc_read+16>:	call   0xffffffff8103f4aa <to_desc>
Regs: rax=0x0,rbx=0xffffffff8183a980,rcx=0xffffc9000000bce8,rdx=0xffffc9000000bcf0,rsi=0xffffefff,rdi=0xffffffff8183a980,rbp=0x0,rsp=0xffffc9000000bca8,r8=0x0,r9=0xffffffff8183a980,r10=0xffffc9000000bce8,r11=0x3fffffffffffffff,r12=0xffffc9000000bd40,r13=0x0,r14=0xffffffff8183a9e0,r15=0xffffffea
=> 0xffffffff8103f4aa <to_desc>:	mov    (%rdi),%ecx
Regs: rax=0x0,rbx=0xffffffff8183a980,rcx=0xc,rdx=0xffffc9000000bcf0,rsi=0xffffefff,rdi=0xffffffff8183a980,rbp=0x0,rsp=0xffffc9000000bca8,r8=0x0,r9=0xffffffff8183a980,r10=0xffffc9000000bce8,r11=0x3fffffffffffffff,r12=0xffffc9000000bd40,r13=0x0,r14=0xffffffff8183a9e0,r15=0xffffffea
=> 0xffffffff8103f4ac <to_desc+2>:	mov    $0x1,%eax
Regs: rax=0x1,rbx=0xffffffff8183a980,rcx=0xc,rdx=0xffffc9000000bcf0,rsi=0xffffefff,rdi=0xffffffff8183a980,rbp=0x0,rsp=0xffffc9000000bca8,r8=0x0,r9=0xffffffff8183a980,r10=0xffffc9000000bce8,r11=0x3fffffffffffffff,r12=0xffffc9000000bd40,r13=0x0,r14=0xffffffff8183a9e0,r15=0xffffffea
=> 0xffffffff8103f4b1 <to_desc+7>:	shl    %cl,%eax
Regs: rax=0x1000,rbx=0xffffffff8183a980,rcx=0xc,rdx=0xffffc9000000bcf0,rsi=0xffffefff,rdi=0xffffffff8183a980,rbp=0x0,rsp=0xffffc9000000bca8,r8=0x0,r9=0xffffffff8183a980,r10=0xffffc9000000bce8,r11=0x3fffffffffffffff,r12=0xffffc9000000bd40,r13=0x0,r14=0xffffffff8183a9e0,r15=0xffffffea
=> 0xffffffff8103f4b3 <to_desc+9>:	dec    %eax
Regs: rax=0xfff,rbx=0xffffffff8183a980,rcx=0xc,rdx=0xffffc9000000bcf0,rsi=0xffffefff,rdi=0xffffffff8183a980,rbp=0x0,rsp=0xffffc9000000bca8,r8=0x0,r9=0xffffffff8183a980,r10=0xffffc9000000bce8,r11=0x3fffffffffffffff,r12=0xffffc9000000bd40,r13=0x0,r14=0xffffffff8183a9e0,r15=0xffffffea
=> 0xffffffff8103f4b5 <to_desc+11>:	and    %rsi,%rax
Regs: rax=0xfff,rbx=0xffffffff8183a980,rcx=0xc,rdx=0xffffc9000000bcf0,rsi=0xffffefff,rdi=0xffffffff8183a980,rbp=0x0,rsp=0xffffc9000000bca8,r8=0x0,r9=0xffffffff8183a980,r10=0xffffc9000000bce8,r11=0x3fffffffffffffff,r12=0xffffc9000000bd40,r13=0x0,r14=0xffffffff8183a9e0,r15=0xffffffea
=> 0xffffffff8103f4b8 <to_desc+14>:	imul   $0x18,%rax,%rax
Regs: rax=0x17fe8,rbx=0xffffffff8183a980,rcx=0xc,rdx=0xffffc9000000bcf0,rsi=0xffffefff,rdi=0xffffffff8183a980,rbp=0x0,rsp=0xffffc9000000bca8,r8=0x0,r9=0xffffffff8183a980,r10=0xffffc9000000bce8,r11=0x3fffffffffffffff,r12=0xffffc9000000bd40,r13=0x0,r14=0xffffffff8183a9e0,r15=0xffffffea
=> 0xffffffff8103f4bc <to_desc+18>:	add    0x8(%rdi),%rax
Regs: rax=0xffffffff818aa9c8,rbx=0xffffffff8183a980,rcx=0xc,rdx=0xffffc9000000bcf0,rsi=0xffffefff,rdi=0xffffffff8183a980,rbp=0x0,rsp=0xffffc9000000bca8,r8=0x0,r9=0xffffffff8183a980,r10=0xffffc9000000bce8,r11=0x3fffffffffffffff,r12=0xffffc9000000bd40,r13=0x0,r14=0xffffffff8183a9e0,r15=0xffffffea
=> 0xffffffff8103f4c0 <to_desc+22>:	ret    
Regs: rax=0xffffffff818aa9c8,rbx=0xffffffff8183a980,rcx=0xc,rdx=0xffffc9000000bcf0,rsi=0xffffefff,rdi=0xffffffff8183a980,rbp=0x0,rsp=0xffffc9000000bcb0,r8=0x0,r9=0xffffffff8183a980,r10=0xffffc9000000bce8,r11=0x3fffffffffffffff,r12=0xffffc9000000bd40,r13=0x0,r14=0xffffffff8183a9e0,r15=0xffffffea
=> 0xffffffff8103f547 <desc_read+21>:	or     $0xffffffff,%edi
Regs: rax=0xffffffff818aa9c8,rbx=0xffffffff8183a980,rcx=0xc,rdx=0xffffc9000000bcf0,rsi=0xffffefff,rdi=0xffffffff,rbp=0x0,rsp=0xffffc9000000bcb0,r8=0x0,r9=0xffffffff8183a980,r10=0xffffc9000000bce8,r11=0x3fffffffffffffff,r12=0xffffc9000000bd40,r13=0x0,r14=0xffffffff8183a9e0,r15=0xffffffea
=> 0xffffffff8103f54a <desc_read+24>:	mov    (%rax),%rcx
Regs: rax=0xffffffff818aa9c8,rbx=0xffffffff8183a980,rcx=0xc0000000ffffefff,rdx=0xffffc9000000bcf0,rsi=0xffffefff,rdi=0xffffffff,rbp=0x0,rsp=0xffffc9000000bcb0,r8=0x0,r9=0xffffffff8183a980,r10=0xffffc9000000bce8,r11=0x3fffffffffffffff,r12=0xffffc9000000bd40,r13=0x0,r14=0xffffffff8183a9e0,r15=0xffffffea
=> 0xffffffff8103f54d <desc_read+27>:	and    %rcx,%r11
Regs: rax=0xffffffff818aa9c8,rbx=0xffffffff8183a980,rcx=0xc0000000ffffefff,rdx=0xffffc9000000bcf0,rsi=0xffffefff,rdi=0xffffffff,rbp=0x0,rsp=0xffffc9000000bcb0,r8=0x0,r9=0xffffffff8183a980,r10=0xffffc9000000bce8,r11=0xffffefff,r12=0xffffc9000000bd40,r13=0x0,r14=0xffffffff8183a9e0,r15=0xffffffea
=> 0xffffffff8103f550 <desc_read+30>:	cmp    %r11,%rsi
Regs: rax=0xffffffff818aa9c8,rbx=0xffffffff8183a980,rcx=0xc0000000ffffefff,rdx=0xffffc9000000bcf0,rsi=0xffffefff,rdi=0xffffffff,rbp=0x0,rsp=0xffffc9000000bcb0,r8=0x0,r9=0xffffffff8183a980,r10=0xffffc9000000bce8,r11=0xffffefff,r12=0xffffc9000000bd40,r13=0x0,r14=0xffffffff8183a9e0,r15=0xffffffea
=> 0xffffffff8103f553 <desc_read+33>:	jne    0xffffffff8103f5cc <desc_read+154>
Regs: rax=0xffffffff818aa9c8,rbx=0xffffffff8183a980,rcx=0xc0000000ffffefff,rdx=0xffffc9000000bcf0,rsi=0xffffefff,rdi=0xffffffff,rbp=0x0,rsp=0xffffc9000000bcb0,r8=0x0,r9=0xffffffff8183a980,r10=0xffffc9000000bce8,r11=0xffffefff,r12=0xffffc9000000bd40,r13=0x0,r14=0xffffffff8183a9e0,r15=0xffffffea
=> 0xffffffff8103f555 <desc_read+35>:	mov    %rcx,%r11
Regs: rax=0xffffffff818aa9c8,rbx=0xffffffff8183a980,rcx=0xc0000000ffffefff,rdx=0xffffc9000000bcf0,rsi=0xffffefff,rdi=0xffffffff,rbp=0x0,rsp=0xffffc9000000bcb0,r8=0x0,r9=0xffffffff8183a980,r10=0xffffc9000000bce8,r11=0xc0000000ffffefff,r12=0xffffc9000000bd40,r13=0x0,r14=0xffffffff8183a9e0,r15=0xffffffea
=> 0xffffffff8103f558 <desc_read+38>:	xor    %edi,%edi
Regs: rax=0xffffffff818aa9c8,rbx=0xffffffff8183a980,rcx=0xc0000000ffffefff,rdx=0xffffc9000000bcf0,rsi=0xffffefff,rdi=0x0,rbp=0x0,rsp=0xffffc9000000bcb0,r8=0x0,r9=0xffffffff8183a980,r10=0xffffc9000000bce8,r11=0xc0000000ffffefff,r12=0xffffc9000000bd40,r13=0x0,r14=0xffffffff8183a9e0,r15=0xffffffea
=> 0xffffffff8103f55a <desc_read+40>:	shr    $0x3e,%r11
Regs: rax=0xffffffff818aa9c8,rbx=0xffffffff8183a980,rcx=0xc0000000ffffefff,rdx=0xffffc9000000bcf0,rsi=0xffffefff,rdi=0x0,rbp=0x0,rsp=0xffffc9000000bcb0,r8=0x0,r9=0xffffffff8183a980,r10=0xffffc9000000bce8,r11=0x3,r12=0xffffc9000000bd40,r13=0x0,r14=0xffffffff8183a9e0,r15=0xffffffea
=> 0xffffffff8103f55e <desc_read+44>:	je     0xffffffff8103f5cc <desc_read+154>
Regs: rax=0xffffffff818aa9c8,rbx=0xffffffff8183a980,rcx=0xc0000000ffffefff,rdx=0xffffc9000000bcf0,rsi=0xffffefff,rdi=0x0,rbp=0x0,rsp=0xffffc9000000bcb0,r8=0x0,r9=0xffffffff8183a980,r10=0xffffc9000000bce8,r11=0x3,r12=0xffffc9000000bd40,r13=0x0,r14=0xffffffff8183a9e0,r15=0xffffffea
=> 0xffffffff8103f560 <desc_read+46>:	mov    0x10(%r9),%rdi
Regs: rax=0xffffffff818aa9c8,rbx=0xffffffff8183a980,rcx=0xc0000000ffffefff,rdx=0xffffc9000000bcf0,rsi=0xffffefff,rdi=0xffffffff8183a9e0,rbp=0x0,rsp=0xffffc9000000bcb0,r8=0x0,r9=0xffffffff8183a980,r10=0xffffc9000000bce8,r11=0x3,r12=0xffffc9000000bd40,r13=0x0,r14=0xffffffff8183a9e0,r15=0xffffffea
=> 0xffffffff8103f564 <desc_read+50>:	mov    (%r9),%ecx
Regs: rax=0xffffffff818aa9c8,rbx=0xffffffff8183a980,rcx=0xc,rdx=0xffffc9000000bcf0,rsi=0xffffefff,rdi=0xffffffff8183a9e0,rbp=0x0,rsp=0xffffc9000000bcb0,r8=0x0,r9=0xffffffff8183a980,r10=0xffffc9000000bce8,r11=0x3,r12=0xffffc9000000bd40,r13=0x0,r14=0xffffffff8183a9e0,r15=0xffffffea
=> 0xffffffff8103f567 <desc_read+53>:	test   %rdx,%rdx
Regs: rax=0xffffffff818aa9c8,rbx=0xffffffff8183a980,rcx=0xc,rdx=0xffffc9000000bcf0,rsi=0xffffefff,rdi=0xffffffff8183a9e0,rbp=0x0,rsp=0xffffc9000000bcb0,r8=0x0,r9=0xffffffff8183a980,r10=0xffffc9000000bce8,r11=0x3,r12=0xffffc9000000bd40,r13=0x0,r14=0xffffffff8183a9e0,r15=0xffffffea
=> 0xffffffff8103f56a <desc_read+56>:	je     0xffffffff8103f57c <desc_read+74>
Regs: rax=0xffffffff818aa9c8,rbx=0xffffffff8183a980,rcx=0xc,rdx=0xffffc9000000bcf0,rsi=0xffffefff,rdi=0xffffffff8183a9e0,rbp=0x0,rsp=0xffffc9000000bcb0,r8=0x0,r9=0xffffffff8183a980,r10=0xffffc9000000bce8,r11=0x3,r12=0xffffc9000000bd40,r13=0x0,r14=0xffffffff8183a9e0,r15=0xffffffea
=> 0xffffffff8103f56c <desc_read+58>:	mov    0x8(%rax),%r9
Regs: rax=0xffffffff818aa9c8,rbx=0xffffffff8183a980,rcx=0xc,rdx=0xffffc9000000bcf0,rsi=0xffffefff,rdi=0xffffffff8183a9e0,rbp=0x0,rsp=0xffffc9000000bcb0,r8=0x0,r9=0x1,r10=0xffffc9000000bce8,r11=0x3,r12=0xffffc9000000bd40,r13=0x0,r14=0xffffffff8183a9e0,r15=0xffffffea
=> 0xffffffff8103f570 <desc_read+62>:	mov    %r9,0x8(%rdx)
Regs: rax=0xffffffff818aa9c8,rbx=0xffffffff8183a980,rcx=0xc,rdx=0xffffc9000000bcf0,rsi=0xffffefff,rdi=0xffffffff8183a9e0,rbp=0x0,rsp=0xffffc9000000bcb0,r8=0x0,r9=0x1,r10=0xffffc9000000bce8,r11=0x3,r12=0xffffc9000000bd40,r13=0x0,r14=0xffffffff8183a9e0,r15=0xffffffea
=> 0xffffffff8103f574 <desc_read+66>:	mov    0x10(%rax),%r9
Regs: rax=0xffffffff818aa9c8,rbx=0xffffffff8183a980,rcx=0xc,rdx=0xffffc9000000bcf0,rsi=0xffffefff,rdi=0xffffffff8183a9e0,rbp=0x0,rsp=0xffffc9000000bcb0,r8=0x0,r9=0x1,r10=0xffffc9000000bce8,r11=0x3,r12=0xffffc9000000bd40,r13=0x0,r14=0xffffffff8183a9e0,r15=0xffffffea
=> 0xffffffff8103f578 <desc_read+70>:	mov    %r9,0x10(%rdx)
Regs: rax=0xffffffff818aa9c8,rbx=0xffffffff8183a980,rcx=0xc,rdx=0xffffc9000000bcf0,rsi=0xffffefff,rdi=0xffffffff8183a9e0,rbp=0x0,rsp=0xffffc9000000bcb0,r8=0x0,r9=0x1,r10=0xffffc9000000bce8,r11=0x3,r12=0xffffc9000000bd40,r13=0x0,r14=0xffffffff8183a9e0,r15=0xffffffea
=> 0xffffffff8103f57c <desc_read+74>:	mov    $0x1,%r9d
Regs: rax=0xffffffff818aa9c8,rbx=0xffffffff8183a980,rcx=0xc,rdx=0xffffc9000000bcf0,rsi=0xffffefff,rdi=0xffffffff8183a9e0,rbp=0x0,rsp=0xffffc9000000bcb0,r8=0x0,r9=0x1,r10=0xffffc9000000bce8,r11=0x3,r12=0xffffc9000000bd40,r13=0x0,r14=0xffffffff8183a9e0,r15=0xffffffea
=> 0xffffffff8103f582 <desc_read+80>:	shl    %cl,%r9d
Regs: rax=0xffffffff818aa9c8,rbx=0xffffffff8183a980,rcx=0xc,rdx=0xffffc9000000bcf0,rsi=0xffffefff,rdi=0xffffffff8183a9e0,rbp=0x0,rsp=0xffffc9000000bcb0,r8=0x0,r9=0x1000,r10=0xffffc9000000bce8,r11=0x3,r12=0xffffc9000000bd40,r13=0x0,r14=0xffffffff8183a9e0,r15=0xffffffea
=> 0xffffffff8103f585 <desc_read+83>:	lea    -0x1(%r9),%ecx
Regs: rax=0xffffffff818aa9c8,rbx=0xffffffff8183a980,rcx=0xfff,rdx=0xffffc9000000bcf0,rsi=0xffffefff,rdi=0xffffffff8183a9e0,rbp=0x0,rsp=0xffffc9000000bcb0,r8=0x0,r9=0x1000,r10=0xffffc9000000bce8,r11=0x3,r12=0xffffc9000000bd40,r13=0x0,r14=0xffffffff8183a9e0,r15=0xffffffea
=> 0xffffffff8103f589 <desc_read+87>:	and    %rsi,%rcx
Regs: rax=0xffffffff818aa9c8,rbx=0xffffffff8183a980,rcx=0xfff,rdx=0xffffc9000000bcf0,rsi=0xffffefff,rdi=0xffffffff8183a9e0,rbp=0x0,rsp=0xffffc9000000bcb0,r8=0x0,r9=0x1000,r10=0xffffc9000000bce8,r11=0x3,r12=0xffffc9000000bd40,r13=0x0,r14=0xffffffff8183a9e0,r15=0xffffffea
=> 0xffffffff8103f58c <desc_read+90>:	imul   $0x58,%rcx,%rcx
Regs: rax=0xffffffff818aa9c8,rbx=0xffffffff8183a980,rcx=0x57fa8,rdx=0xffffc9000000bcf0,rsi=0xffffefff,rdi=0xffffffff8183a9e0,rbp=0x0,rsp=0xffffc9000000bcb0,r8=0x0,r9=0x1000,r10=0xffffc9000000bce8,r11=0x3,r12=0xffffc9000000bd40,r13=0x0,r14=0xffffffff8183a9e0,r15=0xffffffea
=> 0xffffffff8103f590 <desc_read+94>:	add    %rdi,%rcx
Regs: rax=0xffffffff818aa9c8,rbx=0xffffffff8183a980,rcx=0xffffffff81892988,rdx=0xffffc9000000bcf0,rsi=0xffffefff,rdi=0xffffffff8183a9e0,rbp=0x0,rsp=0xffffc9000000bcb0,r8=0x0,r9=0x1000,r10=0xffffc9000000bce8,r11=0x3,r12=0xffffc9000000bd40,r13=0x0,r14=0xffffffff8183a9e0,r15=0xffffffea
=> 0xffffffff8103f593 <desc_read+97>:	test   %r10,%r10
Regs: rax=0xffffffff818aa9c8,rbx=0xffffffff8183a980,rcx=0xffffffff81892988,rdx=0xffffc9000000bcf0,rsi=0xffffefff,rdi=0xffffffff8183a9e0,rbp=0x0,rsp=0xffffc9000000bcb0,r8=0x0,r9=0x1000,r10=0xffffc9000000bce8,r11=0x3,r12=0xffffc9000000bd40,r13=0x0,r14=0xffffffff8183a9e0,r15=0xffffffea
=> 0xffffffff8103f596 <desc_read+100>:	je     0xffffffff8103f59e <desc_read+108>
Regs: rax=0xffffffff818aa9c8,rbx=0xffffffff8183a980,rcx=0xffffffff81892988,rdx=0xffffc9000000bcf0,rsi=0xffffefff,rdi=0xffffffff8183a9e0,rbp=0x0,rsp=0xffffc9000000bcb0,r8=0x0,r9=0x1000,r10=0xffffc9000000bce8,r11=0x3,r12=0xffffc9000000bd40,r13=0x0,r14=0xffffffff8183a9e0,r15=0xffffffea
=> 0xffffffff8103f598 <desc_read+102>:	mov    (%rcx),%rdi
Regs: rax=0xffffffff818aa9c8,rbx=0xffffffff8183a980,rcx=0xffffffff81892988,rdx=0xffffc9000000bcf0,rsi=0xffffefff,rdi=0x0,rbp=0x0,rsp=0xffffc9000000bcb0,r8=0x0,r9=0x1000,r10=0xffffc9000000bce8,r11=0x3,r12=0xffffc9000000bd40,r13=0x0,r14=0xffffffff8183a9e0,r15=0xffffffea
=> 0xffffffff8103f59b <desc_read+105>:	mov    %rdi,(%r10)
Regs: rax=0xffffffff818aa9c8,rbx=0xffffffff8183a980,rcx=0xffffffff81892988,rdx=0xffffc9000000bcf0,rsi=0xffffefff,rdi=0x0,rbp=0x0,rsp=0xffffc9000000bcb0,r8=0x0,r9=0x1000,r10=0xffffc9000000bce8,r11=0x3,r12=0xffffc9000000bd40,r13=0x0,r14=0xffffffff8183a9e0,r15=0xffffffea
=> 0xffffffff8103f59e <desc_read+108>:	test   %r8,%r8
Regs: rax=0xffffffff818aa9c8,rbx=0xffffffff8183a980,rcx=0xffffffff81892988,rdx=0xffffc9000000bcf0,rsi=0xffffefff,rdi=0x0,rbp=0x0,rsp=0xffffc9000000bcb0,r8=0x0,r9=0x1000,r10=0xffffc9000000bce8,r11=0x3,r12=0xffffc9000000bd40,r13=0x0,r14=0xffffffff8183a9e0,r15=0xffffffea
=> 0xffffffff8103f5a1 <desc_read+111>:	je     0xffffffff8103f5a9 <desc_read+119>
Regs: rax=0xffffffff818aa9c8,rbx=0xffffffff8183a980,rcx=0xffffffff81892988,rdx=0xffffc9000000bcf0,rsi=0xffffefff,rdi=0x0,rbp=0x0,rsp=0xffffc9000000bcb0,r8=0x0,r9=0x1000,r10=0xffffc9000000bce8,r11=0x3,r12=0xffffc9000000bd40,r13=0x0,r14=0xffffffff8183a9e0,r15=0xffffffea
=> 0xffffffff8103f5a9 <desc_read+119>:	mov    (%rax),%rcx
Regs: rax=0xffffffff818aa9c8,rbx=0xffffffff8183a980,rcx=0xc0000000ffffefff,rdx=0xffffc9000000bcf0,rsi=0xffffefff,rdi=0x0,rbp=0x0,rsp=0xffffc9000000bcb0,r8=0x0,r9=0x1000,r10=0xffffc9000000bce8,r11=0x3,r12=0xffffc9000000bd40,r13=0x0,r14=0xffffffff8183a9e0,r15=0xffffffea
=> 0xffffffff8103f5ac <desc_read+122>:	mov    $0xffffffff,%edi
Regs: rax=0xffffffff818aa9c8,rbx=0xffffffff8183a980,rcx=0xc0000000ffffefff,rdx=0xffffc9000000bcf0,rsi=0xffffefff,rdi=0xffffffff,rbp=0x0,rsp=0xffffc9000000bcb0,r8=0x0,r9=0x1000,r10=0xffffc9000000bce8,r11=0x3,r12=0xffffc9000000bd40,r13=0x0,r14=0xffffffff8183a9e0,r15=0xffffffea
=> 0xffffffff8103f5b1 <desc_read+127>:	movabs $0x3fffffffffffffff,%rax
Regs: rax=0x3fffffffffffffff,rbx=0xffffffff8183a980,rcx=0xc0000000ffffefff,rdx=0xffffc9000000bcf0,rsi=0xffffefff,rdi=0xffffffff,rbp=0x0,rsp=0xffffc9000000bcb0,r8=0x0,r9=0x1000,r10=0xffffc9000000bce8,r11=0x3,r12=0xffffc9000000bd40,r13=0x0,r14=0xffffffff8183a9e0,r15=0xffffffea
=> 0xffffffff8103f5bb <desc_read+137>:	and    %rcx,%rax
Regs: rax=0xffffefff,rbx=0xffffffff8183a980,rcx=0xc0000000ffffefff,rdx=0xffffc9000000bcf0,rsi=0xffffefff,rdi=0xffffffff,rbp=0x0,rsp=0xffffc9000000bcb0,r8=0x0,r9=0x1000,r10=0xffffc9000000bce8,r11=0x3,r12=0xffffc9000000bd40,r13=0x0,r14=0xffffffff8183a9e0,r15=0xffffffea
=> 0xffffffff8103f5be <desc_read+140>:	mov    %rcx,%r8
Regs: rax=0xffffefff,rbx=0xffffffff8183a980,rcx=0xc0000000ffffefff,rdx=0xffffc9000000bcf0,rsi=0xffffefff,rdi=0xffffffff,rbp=0x0,rsp=0xffffc9000000bcb0,r8=0xc0000000ffffefff,r9=0x1000,r10=0xffffc9000000bce8,r11=0x3,r12=0xffffc9000000bd40,r13=0x0,r14=0xffffffff8183a9e0,r15=0xffffffea
=> 0xffffffff8103f5c1 <desc_read+143>:	shr    $0x3e,%r8
Regs: rax=0xffffefff,rbx=0xffffffff8183a980,rcx=0xc0000000ffffefff,rdx=0xffffc9000000bcf0,rsi=0xffffefff,rdi=0xffffffff,rbp=0x0,rsp=0xffffc9000000bcb0,r8=0x3,r9=0x1000,r10=0xffffc9000000bce8,r11=0x3,r12=0xffffc9000000bd40,r13=0x0,r14=0xffffffff8183a9e0,r15=0xffffffea
=> 0xffffffff8103f5c5 <desc_read+147>:	cmp    %rax,%rsi
Regs: rax=0xffffefff,rbx=0xffffffff8183a980,rcx=0xc0000000ffffefff,rdx=0xffffc9000000bcf0,rsi=0xffffefff,rdi=0xffffffff,rbp=0x0,rsp=0xffffc9000000bcb0,r8=0x3,r9=0x1000,r10=0xffffc9000000bce8,r11=0x3,r12=0xffffc9000000bd40,r13=0x0,r14=0xffffffff8183a9e0,r15=0xffffffea
=> 0xffffffff8103f5c8 <desc_read+150>:	cmove  %r8d,%edi
Regs: rax=0xffffefff,rbx=0xffffffff8183a980,rcx=0xc0000000ffffefff,rdx=0xffffc9000000bcf0,rsi=0xffffefff,rdi=0x3,rbp=0x0,rsp=0xffffc9000000bcb0,r8=0x3,r9=0x1000,r10=0xffffc9000000bce8,r11=0x3,r12=0xffffc9000000bd40,r13=0x0,r14=0xffffffff8183a9e0,r15=0xffffffea
=> 0xffffffff8103f5cc <desc_read+154>:	test   %rdx,%rdx
Regs: rax=0xffffefff,rbx=0xffffffff8183a980,rcx=0xc0000000ffffefff,rdx=0xffffc9000000bcf0,rsi=0xffffefff,rdi=0x3,rbp=0x0,rsp=0xffffc9000000bcb0,r8=0x3,r9=0x1000,r10=0xffffc9000000bce8,r11=0x3,r12=0xffffc9000000bd40,r13=0x0,r14=0xffffffff8183a9e0,r15=0xffffffea
=> 0xffffffff8103f5cf <desc_read+157>:	je     0xffffffff8103f5d4 <desc_read+162>
Regs: rax=0xffffefff,rbx=0xffffffff8183a980,rcx=0xc0000000ffffefff,rdx=0xffffc9000000bcf0,rsi=0xffffefff,rdi=0x3,rbp=0x0,rsp=0xffffc9000000bcb0,r8=0x3,r9=0x1000,r10=0xffffc9000000bce8,r11=0x3,r12=0xffffc9000000bd40,r13=0x0,r14=0xffffffff8183a9e0,r15=0xffffffea
=> 0xffffffff8103f5d1 <desc_read+159>:	mov    %rcx,(%rdx)
Regs: rax=0xffffefff,rbx=0xffffffff8183a980,rcx=0xc0000000ffffefff,rdx=0xffffc9000000bcf0,rsi=0xffffefff,rdi=0x3,rbp=0x0,rsp=0xffffc9000000bcb0,r8=0x3,r9=0x1000,r10=0xffffc9000000bce8,r11=0x3,r12=0xffffc9000000bd40,r13=0x0,r14=0xffffffff8183a9e0,r15=0xffffffea
=> 0xffffffff8103f5d4 <desc_read+162>:	mov    %edi,%eax
Regs: rax=0x3,rbx=0xffffffff8183a980,rcx=0xc0000000ffffefff,rdx=0xffffc9000000bcf0,rsi=0xffffefff,rdi=0x3,rbp=0x0,rsp=0xffffc9000000bcb0,r8=0x3,r9=0x1000,r10=0xffffc9000000bce8,r11=0x3,r12=0xffffc9000000bd40,r13=0x0,r14=0xffffffff8183a9e0,r15=0xffffffea
=> 0xffffffff8103f5d6 <desc_read+164>:	ret    
Regs: rax=0x3,rbx=0xffffffff8183a980,rcx=0xc0000000ffffefff,rdx=0xffffc9000000bcf0,rsi=0xffffefff,rdi=0x3,rbp=0x0,rsp=0xffffc9000000bcb8,r8=0x3,r9=0x1000,r10=0xffffc9000000bce8,r11=0x3,r12=0xffffc9000000bd40,r13=0x0,r14=0xffffffff8183a9e0,r15=0xffffffea
=> 0xffffffff8103f9b4 <_prb_read_valid+167>:	sub    $0x2,%eax
Regs: rax=0x1,rbx=0xffffffff8183a980,rcx=0xc0000000ffffefff,rdx=0xffffc9000000bcf0,rsi=0xffffefff,rdi=0x3,rbp=0x0,rsp=0xffffc9000000bcb8,r8=0x3,r9=0x1000,r10=0xffffc9000000bce8,r11=0x3,r12=0xffffc9000000bd40,r13=0x0,r14=0xffffffff8183a9e0,r15=0xffffffea
=> 0xffffffff8103f9b7 <_prb_read_valid+170>:	cmp    $0x1,%eax
Regs: rax=0x1,rbx=0xffffffff8183a980,rcx=0xc0000000ffffefff,rdx=0xffffc9000000bcf0,rsi=0xffffefff,rdi=0x3,rbp=0x0,rsp=0xffffc9000000bcb8,r8=0x3,r9=0x1000,r10=0xffffc9000000bce8,r11=0x3,r12=0xffffc9000000bd40,r13=0x0,r14=0xffffffff8183a9e0,r15=0xffffffea
=> 0xffffffff8103f9ba <_prb_read_valid+173>:	jbe    0xffffffff8103f9be <_prb_read_valid+177>
Regs: rax=0x1,rbx=0xffffffff8183a980,rcx=0xc0000000ffffefff,rdx=0xffffc9000000bcf0,rsi=0xffffefff,rdi=0x3,rbp=0x0,rsp=0xffffc9000000bcb8,r8=0x3,r9=0x1000,r10=0xffffc9000000bce8,r11=0x3,r12=0xffffc9000000bd40,r13=0x0,r14=0xffffffff8183a9e0,r15=0xffffffea
=> 0xffffffff8103f9be <_prb_read_valid+177>:	mov    0x30(%rsp),%rax
Regs: rax=0x0,rbx=0xffffffff8183a980,rcx=0xc0000000ffffefff,rdx=0xffffc9000000bcf0,rsi=0xffffefff,rdi=0x3,rbp=0x0,rsp=0xffffc9000000bcb8,r8=0x3,r9=0x1000,r10=0xffffc9000000bce8,r11=0x3,r12=0xffffc9000000bd40,r13=0x0,r14=0xffffffff8183a9e0,r15=0xffffffea
=> 0xffffffff8103f9c3 <_prb_read_valid+182>:	mov    (%r12),%rdx
Regs: rax=0x0,rbx=0xffffffff8183a980,rcx=0xc0000000ffffefff,rdx=0x77,rsi=0xffffefff,rdi=0x3,rbp=0x0,rsp=0xffffc9000000bcb8,r8=0x3,r9=0x1000,r10=0xffffc9000000bce8,r11=0x3,r12=0xffffc9000000bd40,r13=0x0,r14=0xffffffff8183a9e0,r15=0xffffffea
=> 0xffffffff8103f9c7 <_prb_read_valid+186>:	cmp    %rax,%rdx
Regs: rax=0x0,rbx=0xffffffff8183a980,rcx=0xc0000000ffffefff,rdx=0x77,rsi=0xffffefff,rdi=0x3,rbp=0x0,rsp=0xffffc9000000bcb8,r8=0x3,r9=0x1000,r10=0xffffc9000000bce8,r11=0x3,r12=0xffffc9000000bd40,r13=0x0,r14=0xffffffff8183a9e0,r15=0xffffffea
=> 0xffffffff8103f9ca <_prb_read_valid+189>:	jb     0xffffffff8103f9da <_prb_read_valid+205>
Regs: rax=0x0,rbx=0xffffffff8183a980,rcx=0xc0000000ffffefff,rdx=0x77,rsi=0xffffefff,rdi=0x3,rbp=0x0,rsp=0xffffc9000000bcb8,r8=0x3,r9=0x1000,r10=0xffffc9000000bce8,r11=0x3,r12=0xffffc9000000bd40,r13=0x0,r14=0xffffffff8183a9e0,r15=0xffffffea
=> 0xffffffff8103f9cc <_prb_read_valid+191>:	cmp    $0xfffffffe,%r15d
Regs: rax=0x0,rbx=0xffffffff8183a980,rcx=0xc0000000ffffefff,rdx=0x77,rsi=0xffffefff,rdi=0x3,rbp=0x0,rsp=0xffffc9000000bcb8,r8=0x3,r9=0x1000,r10=0xffffc9000000bce8,r11=0x3,r12=0xffffc9000000bd40,r13=0x0,r14=0xffffffff8183a9e0,r15=0xffffffea
=> 0xffffffff8103f9d0 <_prb_read_valid+195>:	jne    0xffffffff8103fb1a <_prb_read_valid+525>
Regs: rax=0x0,rbx=0xffffffff8183a980,rcx=0xc0000000ffffefff,rdx=0x77,rsi=0xffffefff,rdi=0x3,rbp=0x0,rsp=0xffffc9000000bcb8,r8=0x3,r9=0x1000,r10=0xffffc9000000bce8,r11=0x3,r12=0xffffc9000000bd40,r13=0x0,r14=0xffffffff8183a9e0,r15=0xffffffea
=> 0xffffffff8103fb1a <_prb_read_valid+525>:	xor    %eax,%eax
Regs: rax=0x0,rbx=0xffffffff8183a980,rcx=0xc0000000ffffefff,rdx=0x77,rsi=0xffffefff,rdi=0x3,rbp=0x0,rsp=0xffffc9000000bcb8,r8=0x3,r9=0x1000,r10=0xffffc9000000bce8,r11=0x3,r12=0xffffc9000000bd40,r13=0x0,r14=0xffffffff8183a9e0,r15=0xffffffea
=> 0xffffffff8103fb1c <_prb_read_valid+527>:	add    $0x50,%rsp
Regs: rax=0x0,rbx=0xffffffff8183a980,rcx=0xc0000000ffffefff,rdx=0x77,rsi=0xffffefff,rdi=0x3,rbp=0x0,rsp=0xffffc9000000bd08,r8=0x3,r9=0x1000,r10=0xffffc9000000bce8,r11=0x3,r12=0xffffc9000000bd40,r13=0x0,r14=0xffffffff8183a9e0,r15=0xffffffea
=> 0xffffffff8103fb20 <_prb_read_valid+531>:	pop    %rbx
Regs: rax=0x0,rbx=0x0,rcx=0xc0000000ffffefff,rdx=0x77,rsi=0xffffefff,rdi=0x3,rbp=0x0,rsp=0xffffc9000000bd10,r8=0x3,r9=0x1000,r10=0xffffc9000000bce8,r11=0x3,r12=0xffffc9000000bd40,r13=0x0,r14=0xffffffff8183a9e0,r15=0xffffffea
=> 0xffffffff8103fb21 <_prb_read_valid+532>:	pop    %rbp
Regs: rax=0x0,rbx=0x0,rcx=0xc0000000ffffefff,rdx=0x77,rsi=0xffffefff,rdi=0x3,rbp=0x0,rsp=0xffffc9000000bd18,r8=0x3,r9=0x1000,r10=0xffffc9000000bce8,r11=0x3,r12=0xffffc9000000bd40,r13=0x0,r14=0xffffffff8183a9e0,r15=0xffffffea
=> 0xffffffff8103fb22 <_prb_read_valid+533>:	pop    %r12
Regs: rax=0x0,rbx=0x0,rcx=0xc0000000ffffefff,rdx=0x77,rsi=0xffffefff,rdi=0x3,rbp=0x0,rsp=0xffffc9000000bd20,r8=0x3,r9=0x1000,r10=0xffffc9000000bce8,r11=0x3,r12=0x77,r13=0x0,r14=0xffffffff8183a9e0,r15=0xffffffea
=> 0xffffffff8103fb24 <_prb_read_valid+535>:	pop    %r13
Regs: rax=0x0,rbx=0x0,rcx=0xc0000000ffffefff,rdx=0x77,rsi=0xffffefff,rdi=0x3,rbp=0x0,rsp=0xffffc9000000bd28,r8=0x3,r9=0x1000,r10=0xffffc9000000bce8,r11=0x3,r12=0x77,r13=0x0,r14=0xffffffff8183a9e0,r15=0xffffffea
=> 0xffffffff8103fb26 <_prb_read_valid+537>:	pop    %r14
Regs: rax=0x0,rbx=0x0,rcx=0xc0000000ffffefff,rdx=0x77,rsi=0xffffefff,rdi=0x3,rbp=0x0,rsp=0xffffc9000000bd30,r8=0x3,r9=0x1000,r10=0xffffc9000000bce8,r11=0x3,r12=0x77,r13=0x0,r14=0x0,r15=0xffffffea
=> 0xffffffff8103fb28 <_prb_read_valid+539>:	pop    %r15
Regs: rax=0x0,rbx=0x0,rcx=0xc0000000ffffefff,rdx=0x77,rsi=0xffffefff,rdi=0x3,rbp=0x0,rsp=0xffffc9000000bd38,r8=0x3,r9=0x1000,r10=0xffffc9000000bce8,r11=0x3,r12=0x77,r13=0x0,r14=0x0,r15=0x1
=> 0xffffffff8103fb2a <_prb_read_valid+541>:	ret    
Regs: rax=0x0,rbx=0x0,rcx=0xc0000000ffffefff,rdx=0x77,rsi=0xffffefff,rdi=0x3,rbp=0x0,rsp=0xffffc9000000bd40,r8=0x3,r9=0x1000,r10=0xffffc9000000bce8,r11=0x3,r12=0x77,r13=0x0,r14=0x0,r15=0x1
=> 0xffffffff8104017f <prb_read_valid+15>:	pop    %rdx
Regs: rax=0x0,rbx=0x0,rcx=0xc0000000ffffefff,rdx=0x77,rsi=0xffffefff,rdi=0x3,rbp=0x0,rsp=0xffffc9000000bd48,r8=0x3,r9=0x1000,r10=0xffffc9000000bce8,r11=0x3,r12=0x77,r13=0x0,r14=0x0,r15=0x1
=> 0xffffffff81040180 <prb_read_valid+16>:	ret    
Regs: rax=0x0,rbx=0x0,rcx=0xc0000000ffffefff,rdx=0x77,rsi=0xffffefff,rdi=0x3,rbp=0x0,rsp=0xffffc9000000bd50,r8=0x3,r9=0x1000,r10=0xffffc9000000bce8,r11=0x3,r12=0x77,r13=0x0,r14=0x0,r15=0x1
=> 0xffffffff8103e8d7 <console_unlock+234>:	test   %al,%al
Regs: rax=0x0,rbx=0x0,rcx=0xc0000000ffffefff,rdx=0x77,rsi=0xffffefff,rdi=0x3,rbp=0x0,rsp=0xffffc9000000bd50,r8=0x3,r9=0x1000,r10=0xffffc9000000bce8,r11=0x3,r12=0x77,r13=0x0,r14=0x0,r15=0x1
=> 0xffffffff8103e8d9 <console_unlock+236>:	je     0xffffffff8103e932 <console_unlock+325>
Regs: rax=0x0,rbx=0x0,rcx=0xc0000000ffffefff,rdx=0x77,rsi=0xffffefff,rdi=0x3,rbp=0x0,rsp=0xffffc9000000bd50,r8=0x3,r9=0x1000,r10=0xffffc9000000bce8,r11=0x3,r12=0x77,r13=0x0,r14=0x0,r15=0x1
=> 0xffffffff8103e932 <console_unlock+325>:	add    $0x10,%rsp
Regs: rax=0x0,rbx=0x0,rcx=0xc0000000ffffefff,rdx=0x77,rsi=0xffffefff,rdi=0x3,rbp=0x0,rsp=0xffffc9000000bd60,r8=0x3,r9=0x1000,r10=0xffffc9000000bce8,r11=0x3,r12=0x77,r13=0x0,r14=0x0,r15=0x1
=> 0xffffffff8103e936 <console_unlock+329>:	pop    %rbx
Regs: rax=0x0,rbx=0x1,rcx=0xc0000000ffffefff,rdx=0x77,rsi=0xffffefff,rdi=0x3,rbp=0x0,rsp=0xffffc9000000bd68,r8=0x3,r9=0x1000,r10=0xffffc9000000bce8,r11=0x3,r12=0x77,r13=0x0,r14=0x0,r15=0x1
=> 0xffffffff8103e937 <console_unlock+330>:	pop    %rbp
Regs: rax=0x0,rbx=0x1,rcx=0xc0000000ffffefff,rdx=0x77,rsi=0xffffefff,rdi=0x3,rbp=0xffff888007b1d668,rsp=0xffffc9000000bd70,r8=0x3,r9=0x1000,r10=0xffffc9000000bce8,r11=0x3,r12=0x77,r13=0x0,r14=0x0,r15=0x1
=> 0xffffffff8103e938 <console_unlock+331>:	pop    %r12
Regs: rax=0x0,rbx=0x1,rcx=0xc0000000ffffefff,rdx=0x77,rsi=0xffffefff,rdi=0x3,rbp=0xffff888007b1d668,rsp=0xffffc9000000bd78,r8=0x3,r9=0x1000,r10=0xffffc9000000bce8,r11=0x3,r12=0x0,r13=0x0,r14=0x0,r15=0x1
=> 0xffffffff8103e93a <console_unlock+333>:	pop    %r13
Regs: rax=0x0,rbx=0x1,rcx=0xc0000000ffffefff,rdx=0x77,rsi=0xffffefff,rdi=0x3,rbp=0xffff888007b1d668,rsp=0xffffc9000000bd80,r8=0x3,r9=0x1000,r10=0xffffc9000000bce8,r11=0x3,r12=0x0,r13=0xffff88800752fc01,r14=0x0,r15=0x1
=> 0xffffffff8103e93c <console_unlock+335>:	pop    %r14
Regs: rax=0x0,rbx=0x1,rcx=0xc0000000ffffefff,rdx=0x77,rsi=0xffffefff,rdi=0x3,rbp=0xffff888007b1d668,rsp=0xffffc9000000bd88,r8=0x3,r9=0x1000,r10=0xffffc9000000bce8,r11=0x3,r12=0x0,r13=0xffff88800752fc01,r14=0xffffc90000075000,r15=0x1
=> 0xffffffff8103e93e <console_unlock+337>:	pop    %r15
Regs: rax=0x0,rbx=0x1,rcx=0xc0000000ffffefff,rdx=0x77,rsi=0xffffefff,rdi=0x3,rbp=0xffff888007b1d668,rsp=0xffffc9000000bd90,r8=0x3,r9=0x1000,r10=0xffffc9000000bce8,r11=0x3,r12=0x0,r13=0xffff88800752fc01,r14=0xffffc90000075000,r15=0xffff888007615d80
=> 0xffffffff8103e940 <console_unlock+339>:	ret    
Regs: rax=0x0,rbx=0x1,rcx=0xc0000000ffffefff,rdx=0x77,rsi=0xffffefff,rdi=0x3,rbp=0xffff888007b1d668,rsp=0xffffc9000000bd98,r8=0x3,r9=0x1000,r10=0xffffc9000000bce8,r11=0x3,r12=0x0,r13=0xffff88800752fc01,r14=0xffffc90000075000,r15=0xffff888007615d80
=> 0xffffffff810d1f8c <n_tty_write+773>:	jmp    0xffffffff810d1ff0 <n_tty_write+873>
Regs: rax=0x0,rbx=0x1,rcx=0xc0000000ffffefff,rdx=0x77,rsi=0xffffefff,rdi=0x3,rbp=0xffff888007b1d668,rsp=0xffffc9000000bd98,r8=0x3,r9=0x1000,r10=0xffffc9000000bce8,r11=0x3,r12=0x0,r13=0xffff88800752fc01,r14=0xffffc90000075000,r15=0xffff888007615d80
=> 0xffffffff810d1ff0 <n_tty_write+873>:	test   %r12,%r12
Regs: rax=0x0,rbx=0x1,rcx=0xc0000000ffffefff,rdx=0x77,rsi=0xffffefff,rdi=0x3,rbp=0xffff888007b1d668,rsp=0xffffc9000000bd98,r8=0x3,r9=0x1000,r10=0xffffc9000000bce8,r11=0x3,r12=0x0,r13=0xffff88800752fc01,r14=0xffffc90000075000,r15=0xffff888007615d80
=> 0xffffffff810d1ff3 <n_tty_write+876>:	jne    0xffffffff810d1dd5 <n_tty_write+334>
Regs: rax=0x0,rbx=0x1,rcx=0xc0000000ffffefff,rdx=0x77,rsi=0xffffefff,rdi=0x3,rbp=0xffff888007b1d668,rsp=0xffffc9000000bd98,r8=0x3,r9=0x1000,r10=0xffffc9000000bce8,r11=0x3,r12=0x0,r13=0xffff88800752fc01,r14=0xffffc90000075000,r15=0xffff888007615d80
=> 0xffffffff810d1ff9 <n_tty_write+882>:	jmp    0xffffffff810d200d <n_tty_write+902>
Regs: rax=0x0,rbx=0x1,rcx=0xc0000000ffffefff,rdx=0x77,rsi=0xffffefff,rdi=0x3,rbp=0xffff888007b1d668,rsp=0xffffc9000000bd98,r8=0x3,r9=0x1000,r10=0xffffc9000000bce8,r11=0x3,r12=0x0,r13=0xffff88800752fc01,r14=0xffffc90000075000,r15=0xffff888007615d80
=> 0xffffffff810d200d <n_tty_write+902>:	xor    %ebx,%ebx
Regs: rax=0x0,rbx=0x0,rcx=0xc0000000ffffefff,rdx=0x77,rsi=0xffffefff,rdi=0x3,rbp=0xffff888007b1d668,rsp=0xffffc9000000bd98,r8=0x3,r9=0x1000,r10=0xffffc9000000bce8,r11=0x3,r12=0x0,r13=0xffff88800752fc01,r14=0xffffc90000075000,r15=0xffff888007615d80
=> 0xffffffff810d200f <n_tty_write+904>:	jmp    0xffffffff810d2018 <n_tty_write+913>
Regs: rax=0x0,rbx=0x0,rcx=0xc0000000ffffefff,rdx=0x77,rsi=0xffffefff,rdi=0x3,rbp=0xffff888007b1d668,rsp=0xffffc9000000bd98,r8=0x3,r9=0x1000,r10=0xffffc9000000bce8,r11=0x3,r12=0x0,r13=0xffff88800752fc01,r14=0xffffc90000075000,r15=0xffff888007615d80
=> 0xffffffff810d2018 <n_tty_write+913>:	mov    0x10(%rsp),%rdi
Regs: rax=0x0,rbx=0x0,rcx=0xc0000000ffffefff,rdx=0x77,rsi=0xffffefff,rdi=0xffff888007b1d838,rbp=0xffff888007b1d668,rsp=0xffffc9000000bd98,r8=0x3,r9=0x1000,r10=0xffffc9000000bce8,r11=0x3,r12=0x0,r13=0xffff88800752fc01,r14=0xffffc90000075000,r15=0xffff888007615d80
=> 0xffffffff810d201d <n_tty_write+918>:	lea    0x28(%rsp),%rsi
Regs: rax=0x0,rbx=0x0,rcx=0xc0000000ffffefff,rdx=0x77,rsi=0xffffc9000000bdc0,rdi=0xffff888007b1d838,rbp=0xffff888007b1d668,rsp=0xffffc9000000bd98,r8=0x3,r9=0x1000,r10=0xffffc9000000bce8,r11=0x3,r12=0x0,r13=0xffff88800752fc01,r14=0xffffc90000075000,r15=0xffff888007615d80
=> 0xffffffff810d2022 <n_tty_write+923>:	call   0xffffffff8103bce1 <remove_wait_queue>
Regs: rax=0x0,rbx=0x0,rcx=0xc0000000ffffefff,rdx=0x77,rsi=0xffffc9000000bdc0,rdi=0xffff888007b1d838,rbp=0xffff888007b1d668,rsp=0xffffc9000000bd90,r8=0x3,r9=0x1000,r10=0xffffc9000000bce8,r11=0x3,r12=0x0,r13=0xffff88800752fc01,r14=0xffffc90000075000,r15=0xffff888007615d80
=> 0xffffffff8103bce1 <remove_wait_queue>:	pushf  
Regs: rax=0x0,rbx=0x0,rcx=0xc0000000ffffefff,rdx=0x77,rsi=0xffffc9000000bdc0,rdi=0xffff888007b1d838,rbp=0xffff888007b1d668,rsp=0xffffc9000000bd88,r8=0x3,r9=0x1000,r10=0xffffc9000000bce8,r11=0x3,r12=0x0,r13=0xffff88800752fc01,r14=0xffffc90000075000,r15=0xffff888007615d80
=> 0xffffffff8103bce2 <remove_wait_queue+1>:	pop    %rcx
Regs: rax=0x0,rbx=0x0,rcx=0x346,rdx=0x77,rsi=0xffffc9000000bdc0,rdi=0xffff888007b1d838,rbp=0xffff888007b1d668,rsp=0xffffc9000000bd90,r8=0x3,r9=0x1000,r10=0xffffc9000000bce8,r11=0x3,r12=0x0,r13=0xffff88800752fc01,r14=0xffffc90000075000,r15=0xffff888007615d80
=> 0xffffffff8103bce3 <remove_wait_queue+2>:	cli    
Regs: rax=0x0,rbx=0x0,rcx=0x346,rdx=0x77,rsi=0xffffc9000000bdc0,rdi=0xffff888007b1d838,rbp=0xffff888007b1d668,rsp=0xffffc9000000bd90,r8=0x3,r9=0x1000,r10=0xffffc9000000bce8,r11=0x3,r12=0x0,r13=0xffff88800752fc01,r14=0xffffc90000075000,r15=0xffff888007615d80
=> 0xffffffff8103bce4 <remove_wait_queue+3>:	mov    0x20(%rsi),%rax
Regs: rax=0xffff888007b1d838,rbx=0x0,rcx=0x346,rdx=0x77,rsi=0xffffc9000000bdc0,rdi=0xffff888007b1d838,rbp=0xffff888007b1d668,rsp=0xffffc9000000bd90,r8=0x3,r9=0x1000,r10=0xffffc9000000bce8,r11=0x3,r12=0x0,r13=0xffff88800752fc01,r14=0xffffc90000075000,r15=0xffff888007615d80
=> 0xffffffff8103bce8 <remove_wait_queue+7>:	mov    0x18(%rsi),%rdx
Regs: rax=0xffff888007b1d838,rbx=0x0,rcx=0x346,rdx=0xffff888007b1d838,rsi=0xffffc9000000bdc0,rdi=0xffff888007b1d838,rbp=0xffff888007b1d668,rsp=0xffffc9000000bd90,r8=0x3,r9=0x1000,r10=0xffffc9000000bce8,r11=0x3,r12=0x0,r13=0xffff88800752fc01,r14=0xffffc90000075000,r15=0xffff888007615d80
=> 0xffffffff8103bcec <remove_wait_queue+11>:	mov    %rax,0x8(%rdx)
Regs: rax=0xffff888007b1d838,rbx=0x0,rcx=0x346,rdx=0xffff888007b1d838,rsi=0xffffc9000000bdc0,rdi=0xffff888007b1d838,rbp=0xffff888007b1d668,rsp=0xffffc9000000bd90,r8=0x3,r9=0x1000,r10=0xffffc9000000bce8,r11=0x3,r12=0x0,r13=0xffff88800752fc01,r14=0xffffc90000075000,r15=0xffff888007615d80
=> 0xffffffff8103bcf0 <remove_wait_queue+15>:	mov    %rdx,(%rax)
Regs: rax=0xffff888007b1d838,rbx=0x0,rcx=0x346,rdx=0xffff888007b1d838,rsi=0xffffc9000000bdc0,rdi=0xffff888007b1d838,rbp=0xffff888007b1d668,rsp=0xffffc9000000bd90,r8=0x3,r9=0x1000,r10=0xffffc9000000bce8,r11=0x3,r12=0x0,r13=0xffff88800752fc01,r14=0xffffc90000075000,r15=0xffff888007615d80
=> 0xffffffff8103bcf3 <remove_wait_queue+18>:	movabs $0xdead000000000100,%rax
Regs: rax=0xdead000000000100,rbx=0x0,rcx=0x346,rdx=0xffff888007b1d838,rsi=0xffffc9000000bdc0,rdi=0xffff888007b1d838,rbp=0xffff888007b1d668,rsp=0xffffc9000000bd90,r8=0x3,r9=0x1000,r10=0xffffc9000000bce8,r11=0x3,r12=0x0,r13=0xffff88800752fc01,r14=0xffffc90000075000,r15=0xffff888007615d80
=> 0xffffffff8103bcfd <remove_wait_queue+28>:	mov    %rax,0x18(%rsi)
Regs: rax=0xdead000000000100,rbx=0x0,rcx=0x346,rdx=0xffff888007b1d838,rsi=0xffffc9000000bdc0,rdi=0xffff888007b1d838,rbp=0xffff888007b1d668,rsp=0xffffc9000000bd90,r8=0x3,r9=0x1000,r10=0xffffc9000000bce8,r11=0x3,r12=0x0,r13=0xffff88800752fc01,r14=0xffffc90000075000,r15=0xffff888007615d80
=> 0xffffffff8103bd01 <remove_wait_queue+32>:	add    $0x22,%rax
Regs: rax=0xdead000000000122,rbx=0x0,rcx=0x346,rdx=0xffff888007b1d838,rsi=0xffffc9000000bdc0,rdi=0xffff888007b1d838,rbp=0xffff888007b1d668,rsp=0xffffc9000000bd90,r8=0x3,r9=0x1000,r10=0xffffc9000000bce8,r11=0x3,r12=0x0,r13=0xffff88800752fc01,r14=0xffffc90000075000,r15=0xffff888007615d80
=> 0xffffffff8103bd05 <remove_wait_queue+36>:	bt     $0x9,%ecx
Regs: rax=0xdead000000000122,rbx=0x0,rcx=0x346,rdx=0xffff888007b1d838,rsi=0xffffc9000000bdc0,rdi=0xffff888007b1d838,rbp=0xffff888007b1d668,rsp=0xffffc9000000bd90,r8=0x3,r9=0x1000,r10=0xffffc9000000bce8,r11=0x3,r12=0x0,r13=0xffff88800752fc01,r14=0xffffc90000075000,r15=0xffff888007615d80
=> 0xffffffff8103bd09 <remove_wait_queue+40>:	mov    %rax,0x20(%rsi)
Regs: rax=0xdead000000000122,rbx=0x0,rcx=0x346,rdx=0xffff888007b1d838,rsi=0xffffc9000000bdc0,rdi=0xffff888007b1d838,rbp=0xffff888007b1d668,rsp=0xffffc9000000bd90,r8=0x3,r9=0x1000,r10=0xffffc9000000bce8,r11=0x3,r12=0x0,r13=0xffff88800752fc01,r14=0xffffc90000075000,r15=0xffff888007615d80
=> 0xffffffff8103bd0d <remove_wait_queue+44>:	jae    0xffffffff8103bd10 <remove_wait_queue+47>
Regs: rax=0xdead000000000122,rbx=0x0,rcx=0x346,rdx=0xffff888007b1d838,rsi=0xffffc9000000bdc0,rdi=0xffff888007b1d838,rbp=0xffff888007b1d668,rsp=0xffffc9000000bd90,r8=0x3,r9=0x1000,r10=0xffffc9000000bce8,r11=0x3,r12=0x0,r13=0xffff88800752fc01,r14=0xffffc90000075000,r15=0xffff888007615d80
=> 0xffffffff8103bd0f <remove_wait_queue+46>:	sti    
Regs: rax=0xdead000000000122,rbx=0x0,rcx=0x346,rdx=0xffff888007b1d838,rsi=0xffffc9000000bdc0,rdi=0xffff888007b1d838,rbp=0xffff888007b1d668,rsp=0xffffc9000000bd90,r8=0x3,r9=0x1000,r10=0xffffc9000000bce8,r11=0x3,r12=0x0,r13=0xffff88800752fc01,r14=0xffffc90000075000,r15=0xffff888007615d80
=> 0xffffffff8103bd10 <remove_wait_queue+47>:	ret    
Regs: rax=0xdead000000000122,rbx=0x0,rcx=0x346,rdx=0xffff888007b1d838,rsi=0xffffc9000000bdc0,rdi=0xffff888007b1d838,rbp=0xffff888007b1d668,rsp=0xffffc9000000bd98,r8=0x3,r9=0x1000,r10=0xffffc9000000bce8,r11=0x3,r12=0x0,r13=0xffff88800752fc01,r14=0xffffc90000075000,r15=0xffff888007615d80
=> 0xffffffff810d2027 <n_tty_write+928>:	test   %r12,%r12
Regs: rax=0xdead000000000122,rbx=0x0,rcx=0x346,rdx=0xffff888007b1d838,rsi=0xffffc9000000bdc0,rdi=0xffff888007b1d838,rbp=0xffff888007b1d668,rsp=0xffffc9000000bd98,r8=0x3,r9=0x1000,r10=0xffffc9000000bce8,r11=0x3,r12=0x0,r13=0xffff88800752fc01,r14=0xffffc90000075000,r15=0xffff888007615d80
=> 0xffffffff810d202a <n_tty_write+931>:	je     0xffffffff810d203d <n_tty_write+950>
Regs: rax=0xdead000000000122,rbx=0x0,rcx=0x346,rdx=0xffff888007b1d838,rsi=0xffffc9000000bdc0,rdi=0xffff888007b1d838,rbp=0xffff888007b1d668,rsp=0xffffc9000000bd98,r8=0x3,r9=0x1000,r10=0xffffc9000000bce8,r11=0x3,r12=0x0,r13=0xffff88800752fc01,r14=0xffffc90000075000,r15=0xffff888007615d80
=> 0xffffffff810d203d <n_tty_write+950>:	mov    (%rsp),%rdi
Regs: rax=0xdead000000000122,rbx=0x0,rcx=0x346,rdx=0xffff888007b1d838,rsi=0xffffc9000000bdc0,rdi=0xffff888007b1d710,rbp=0xffff888007b1d668,rsp=0xffffc9000000bd98,r8=0x3,r9=0x1000,r10=0xffffc9000000bce8,r11=0x3,r12=0x0,r13=0xffff88800752fc01,r14=0xffffc90000075000,r15=0xffff888007615d80
=> 0xffffffff810d2041 <n_tty_write+954>:	call   0xffffffff8103c9d0 <up_read>
Regs: rax=0xdead000000000122,rbx=0x0,rcx=0x346,rdx=0xffff888007b1d838,rsi=0xffffc9000000bdc0,rdi=0xffff888007b1d710,rbp=0xffff888007b1d668,rsp=0xffffc9000000bd90,r8=0x3,r9=0x1000,r10=0xffffc9000000bce8,r11=0x3,r12=0x0,r13=0xffff88800752fc01,r14=0xffffc90000075000,r15=0xffff888007615d80
=> 0xffffffff8103c9d0 <up_read>:	mov    $0xffffffffffffff00,%rax
Regs: rax=0xffffffffffffff00,rbx=0x0,rcx=0x346,rdx=0xffff888007b1d838,rsi=0xffffc9000000bdc0,rdi=0xffff888007b1d710,rbp=0xffff888007b1d668,rsp=0xffffc9000000bd90,r8=0x3,r9=0x1000,r10=0xffffc9000000bce8,r11=0x3,r12=0x0,r13=0xffff88800752fc01,r14=0xffffc90000075000,r15=0xffff888007615d80
=> 0xffffffff8103c9d7 <up_read+7>:	xadd   %rax,(%rdi)
Regs: rax=0x100,rbx=0x0,rcx=0x346,rdx=0xffff888007b1d838,rsi=0xffffc9000000bdc0,rdi=0xffff888007b1d710,rbp=0xffff888007b1d668,rsp=0xffffc9000000bd90,r8=0x3,r9=0x1000,r10=0xffffc9000000bce8,r11=0x3,r12=0x0,r13=0xffff88800752fc01,r14=0xffffc90000075000,r15=0xffff888007615d80
=> 0xffffffff8103c9db <up_read+11>:	sub    $0x100,%rax
Regs: rax=0x0,rbx=0x0,rcx=0x346,rdx=0xffff888007b1d838,rsi=0xffffc9000000bdc0,rdi=0xffff888007b1d710,rbp=0xffff888007b1d668,rsp=0xffffc9000000bd90,r8=0x3,r9=0x1000,r10=0xffffc9000000bce8,r11=0x3,r12=0x0,r13=0xffff88800752fc01,r14=0xffffc90000075000,r15=0xffff888007615d80
=> 0xffffffff8103c9e1 <up_read+17>:	and    $0x3,%al
Regs: rax=0x0,rbx=0x0,rcx=0x346,rdx=0xffff888007b1d838,rsi=0xffffc9000000bdc0,rdi=0xffff888007b1d710,rbp=0xffff888007b1d668,rsp=0xffffc9000000bd90,r8=0x3,r9=0x1000,r10=0xffffc9000000bce8,r11=0x3,r12=0x0,r13=0xffff88800752fc01,r14=0xffffc90000075000,r15=0xffff888007615d80
=> 0xffffffff8103c9e3 <up_read+19>:	cmp    $0x2,%rax
Regs: rax=0x0,rbx=0x0,rcx=0x346,rdx=0xffff888007b1d838,rsi=0xffffc9000000bdc0,rdi=0xffff888007b1d710,rbp=0xffff888007b1d668,rsp=0xffffc9000000bd90,r8=0x3,r9=0x1000,r10=0xffffc9000000bce8,r11=0x3,r12=0x0,r13=0xffff88800752fc01,r14=0xffffc90000075000,r15=0xffff888007615d80
=> 0xffffffff8103c9e7 <up_read+23>:	jne    0xffffffff8103c9ee <up_read+30>
Regs: rax=0x0,rbx=0x0,rcx=0x346,rdx=0xffff888007b1d838,rsi=0xffffc9000000bdc0,rdi=0xffff888007b1d710,rbp=0xffff888007b1d668,rsp=0xffffc9000000bd90,r8=0x3,r9=0x1000,r10=0xffffc9000000bce8,r11=0x3,r12=0x0,r13=0xffff88800752fc01,r14=0xffffc90000075000,r15=0xffff888007615d80
=> 0xffffffff8103c9ee <up_read+30>:	ret    
Regs: rax=0x0,rbx=0x0,rcx=0x346,rdx=0xffff888007b1d838,rsi=0xffffc9000000bdc0,rdi=0xffff888007b1d710,rbp=0xffff888007b1d668,rsp=0xffffc9000000bd98,r8=0x3,r9=0x1000,r10=0xffffc9000000bce8,r11=0x3,r12=0x0,r13=0xffff88800752fc01,r14=0xffffc90000075000,r15=0xffff888007615d80
=> 0xffffffff810d2046 <n_tty_write+959>:	cmp    %r13,0x8(%rsp)
Regs: rax=0x0,rbx=0x0,rcx=0x346,rdx=0xffff888007b1d838,rsi=0xffffc9000000bdc0,rdi=0xffff888007b1d710,rbp=0xffff888007b1d668,rsp=0xffffc9000000bd98,r8=0x3,r9=0x1000,r10=0xffffc9000000bce8,r11=0x3,r12=0x0,r13=0xffff88800752fc01,r14=0xffffc90000075000,r15=0xffff888007615d80
=> 0xffffffff810d204b <n_tty_write+964>:	je     0xffffffff810d2058 <n_tty_write+977>
Regs: rax=0x0,rbx=0x0,rcx=0x346,rdx=0xffff888007b1d838,rsi=0xffffc9000000bdc0,rdi=0xffff888007b1d710,rbp=0xffff888007b1d668,rsp=0xffffc9000000bd98,r8=0x3,r9=0x1000,r10=0xffffc9000000bce8,r11=0x3,r12=0x0,r13=0xffff88800752fc01,r14=0xffffc90000075000,r15=0xffff888007615d80
=> 0xffffffff810d204d <n_tty_write+966>:	mov    0x8(%rsp),%rax
Regs: rax=0xffff88800752fc00,rbx=0x0,rcx=0x346,rdx=0xffff888007b1d838,rsi=0xffffc9000000bdc0,rdi=0xffff888007b1d710,rbp=0xffff888007b1d668,rsp=0xffffc9000000bd98,r8=0x3,r9=0x1000,r10=0xffffc9000000bce8,r11=0x3,r12=0x0,r13=0xffff88800752fc01,r14=0xffffc90000075000,r15=0xffff888007615d80
=> 0xffffffff810d2052 <n_tty_write+971>:	mov    %r13,%rbx
Regs: rax=0xffff88800752fc00,rbx=0xffff88800752fc01,rcx=0x346,rdx=0xffff888007b1d838,rsi=0xffffc9000000bdc0,rdi=0xffff888007b1d710,rbp=0xffff888007b1d668,rsp=0xffffc9000000bd98,r8=0x3,r9=0x1000,r10=0xffffc9000000bce8,r11=0x3,r12=0x0,r13=0xffff88800752fc01,r14=0xffffc90000075000,r15=0xffff888007615d80
=> 0xffffffff810d2055 <n_tty_write+974>:	sub    %rax,%rbx
Regs: rax=0xffff88800752fc00,rbx=0x1,rcx=0x346,rdx=0xffff888007b1d838,rsi=0xffffc9000000bdc0,rdi=0xffff888007b1d710,rbp=0xffff888007b1d668,rsp=0xffffc9000000bd98,r8=0x3,r9=0x1000,r10=0xffffc9000000bce8,r11=0x3,r12=0x0,r13=0xffff88800752fc01,r14=0xffffc90000075000,r15=0xffff888007615d80
=> 0xffffffff810d2058 <n_tty_write+977>:	add    $0x50,%rsp
Regs: rax=0xffff88800752fc00,rbx=0x1,rcx=0x346,rdx=0xffff888007b1d838,rsi=0xffffc9000000bdc0,rdi=0xffff888007b1d710,rbp=0xffff888007b1d668,rsp=0xffffc9000000bde8,r8=0x3,r9=0x1000,r10=0xffffc9000000bce8,r11=0x3,r12=0x0,r13=0xffff88800752fc01,r14=0xffffc90000075000,r15=0xffff888007615d80
=> 0xffffffff810d205c <n_tty_write+981>:	mov    %rbx,%rax
Regs: rax=0x1,rbx=0x1,rcx=0x346,rdx=0xffff888007b1d838,rsi=0xffffc9000000bdc0,rdi=0xffff888007b1d710,rbp=0xffff888007b1d668,rsp=0xffffc9000000bde8,r8=0x3,r9=0x1000,r10=0xffffc9000000bce8,r11=0x3,r12=0x0,r13=0xffff88800752fc01,r14=0xffffc90000075000,r15=0xffff888007615d80
=> 0xffffffff810d205f <n_tty_write+984>:	pop    %rbx
Regs: rax=0x1,rbx=0xffff888007b1d668,rcx=0x346,rdx=0xffff888007b1d838,rsi=0xffffc9000000bdc0,rdi=0xffff888007b1d710,rbp=0xffff888007b1d668,rsp=0xffffc9000000bdf0,r8=0x3,r9=0x1000,r10=0xffffc9000000bce8,r11=0x3,r12=0x0,r13=0xffff88800752fc01,r14=0xffffc90000075000,r15=0xffff888007615d80
=> 0xffffffff810d2060 <n_tty_write+985>:	pop    %rbp
Regs: rax=0x1,rbx=0xffff888007b1d668,rcx=0x346,rdx=0xffff888007b1d838,rsi=0xffffc9000000bdc0,rdi=0xffff888007b1d710,rbp=0x1,rsp=0xffffc9000000bdf8,r8=0x3,r9=0x1000,r10=0xffffc9000000bce8,r11=0x3,r12=0x0,r13=0xffff88800752fc01,r14=0xffffc90000075000,r15=0xffff888007615d80
=> 0xffffffff810d2061 <n_tty_write+986>:	pop    %r12
Regs: rax=0x1,rbx=0xffff888007b1d668,rcx=0x346,rdx=0xffff888007b1d838,rsi=0xffffc9000000bdc0,rdi=0xffff888007b1d710,rbp=0x1,rsp=0xffffc9000000be00,r8=0x3,r9=0x1000,r10=0xffffc9000000bce8,r11=0x3,r12=0x1,r13=0xffff88800752fc01,r14=0xffffc90000075000,r15=0xffff888007615d80
=> 0xffffffff810d2063 <n_tty_write+988>:	pop    %r13
Regs: rax=0x1,rbx=0xffff888007b1d668,rcx=0x346,rdx=0xffff888007b1d838,rsi=0xffffc9000000bdc0,rdi=0xffff888007b1d710,rbp=0x1,rsp=0xffffc9000000be08,r8=0x3,r9=0x1000,r10=0xffffc9000000bce8,r11=0x3,r12=0x1,r13=0xffff888007615d80,r14=0xffffc90000075000,r15=0xffff888007615d80
=> 0xffffffff810d2065 <n_tty_write+990>:	pop    %r14
Regs: rax=0x1,rbx=0xffff888007b1d668,rcx=0x346,rdx=0xffff888007b1d838,rsi=0xffffc9000000bdc0,rdi=0xffff888007b1d710,rbp=0x1,rsp=0xffffc9000000be10,r8=0x3,r9=0x1000,r10=0xffffc9000000bce8,r11=0x3,r12=0x1,r13=0xffff888007615d80,r14=0x1,r15=0xffff888007615d80
=> 0xffffffff810d2067 <n_tty_write+992>:	pop    %r15
Regs: rax=0x1,rbx=0xffff888007b1d668,rcx=0x346,rdx=0xffff888007b1d838,rsi=0xffffc9000000bdc0,rdi=0xffff888007b1d710,rbp=0x1,rsp=0xffffc9000000be18,r8=0x3,r9=0x1000,r10=0xffffc9000000bce8,r11=0x3,r12=0x1,r13=0xffff888007615d80,r14=0x1,r15=0xffff888007615f50
=> 0xffffffff810d2069 <n_tty_write+994>:	ret    
Regs: rax=0x1,rbx=0xffff888007b1d668,rcx=0x346,rdx=0xffff888007b1d838,rsi=0xffffc9000000bdc0,rdi=0xffff888007b1d710,rbp=0x1,rsp=0xffffc9000000be20,r8=0x3,r9=0x1000,r10=0xffffc9000000bce8,r11=0x3,r12=0x1,r13=0xffff888007615d80,r14=0x1,r15=0xffff888007615f50
=> 0xffffffff810ce54a <file_tty_write+411>:	test   %rax,%rax
Regs: rax=0x1,rbx=0xffff888007b1d668,rcx=0x346,rdx=0xffff888007b1d838,rsi=0xffffc9000000bdc0,rdi=0xffff888007b1d710,rbp=0x1,rsp=0xffffc9000000be20,r8=0x3,r9=0x1000,r10=0xffffc9000000bce8,r11=0x3,r12=0x1,r13=0xffff888007615d80,r14=0x1,r15=0xffff888007615f50
=> 0xffffffff810ce54d <file_tty_write+414>:	jle    0xffffffff810ce5a4 <file_tty_write+501>
Regs: rax=0x1,rbx=0xffff888007b1d668,rcx=0x346,rdx=0xffff888007b1d838,rsi=0xffffc9000000bdc0,rdi=0xffff888007b1d710,rbp=0x1,rsp=0xffffc9000000be20,r8=0x3,r9=0x1000,r10=0xffffc9000000bce8,r11=0x3,r12=0x1,r13=0xffff888007615d80,r14=0x1,r15=0xffff888007615f50
=> 0xffffffff810ce54f <file_tty_write+416>:	add    %rax,(%rsp)
Regs: rax=0x1,rbx=0xffff888007b1d668,rcx=0x346,rdx=0xffff888007b1d838,rsi=0xffffc9000000bdc0,rdi=0xffff888007b1d710,rbp=0x1,rsp=0xffffc9000000be20,r8=0x3,r9=0x1000,r10=0xffffc9000000bce8,r11=0x3,r12=0x1,r13=0xffff888007615d80,r14=0x1,r15=0xffff888007615f50
=> 0xffffffff810ce553 <file_tty_write+420>:	cmp    %rax,%r12
Regs: rax=0x1,rbx=0xffff888007b1d668,rcx=0x346,rdx=0xffff888007b1d838,rsi=0xffffc9000000bdc0,rdi=0xffff888007b1d710,rbp=0x1,rsp=0xffffc9000000be20,r8=0x3,r9=0x1000,r10=0xffffc9000000bce8,r11=0x3,r12=0x1,r13=0xffff888007615d80,r14=0x1,r15=0xffff888007615f50
=> 0xffffffff810ce556 <file_tty_write+423>:	jb     0xffffffff810ce5a4 <file_tty_write+501>
Regs: rax=0x1,rbx=0xffff888007b1d668,rcx=0x346,rdx=0xffff888007b1d838,rsi=0xffffc9000000bdc0,rdi=0xffff888007b1d710,rbp=0x1,rsp=0xffffc9000000be20,r8=0x3,r9=0x1000,r10=0xffffc9000000bce8,r11=0x3,r12=0x1,r13=0xffff888007615d80,r14=0x1,r15=0xffff888007615f50
=> 0xffffffff810ce558 <file_tty_write+425>:	cmp    %r12,%rax
Regs: rax=0x1,rbx=0xffff888007b1d668,rcx=0x346,rdx=0xffff888007b1d838,rsi=0xffffc9000000bdc0,rdi=0xffff888007b1d710,rbp=0x1,rsp=0xffffc9000000be20,r8=0x3,r9=0x1000,r10=0xffffc9000000bce8,r11=0x3,r12=0x1,r13=0xffff888007615d80,r14=0x1,r15=0xffff888007615f50
=> 0xffffffff810ce55b <file_tty_write+428>:	je     0xffffffff810ce577 <file_tty_write+456>
Regs: rax=0x1,rbx=0xffff888007b1d668,rcx=0x346,rdx=0xffff888007b1d838,rsi=0xffffc9000000bdc0,rdi=0xffff888007b1d710,rbp=0x1,rsp=0xffffc9000000be20,r8=0x3,r9=0x1000,r10=0xffffc9000000bce8,r11=0x3,r12=0x1,r13=0xffff888007615d80,r14=0x1,r15=0xffff888007615f50
=> 0xffffffff810ce577 <file_tty_write+456>:	sub    %rax,%r14
Regs: rax=0x1,rbx=0xffff888007b1d668,rcx=0x346,rdx=0xffff888007b1d838,rsi=0xffffc9000000bdc0,rdi=0xffff888007b1d710,rbp=0x1,rsp=0xffffc9000000be20,r8=0x3,r9=0x1000,r10=0xffffc9000000bce8,r11=0x3,r12=0x1,r13=0xffff888007615d80,r14=0x0,r15=0xffff888007615f50
=> 0xffffffff810ce57a <file_tty_write+459>:	je     0xffffffff810ce5a4 <file_tty_write+501>
Regs: rax=0x1,rbx=0xffff888007b1d668,rcx=0x346,rdx=0xffff888007b1d838,rsi=0xffffc9000000bdc0,rdi=0xffff888007b1d710,rbp=0x1,rsp=0xffffc9000000be20,r8=0x3,r9=0x1000,r10=0xffffc9000000bce8,r11=0x3,r12=0x1,r13=0xffff888007615d80,r14=0x0,r15=0xffff888007615f50
=> 0xffffffff810ce5a4 <file_tty_write+501>:	cmpq   $0x0,(%rsp)
Regs: rax=0x1,rbx=0xffff888007b1d668,rcx=0x346,rdx=0xffff888007b1d838,rsi=0xffffc9000000bdc0,rdi=0xffff888007b1d710,rbp=0x1,rsp=0xffffc9000000be20,r8=0x3,r9=0x1000,r10=0xffffc9000000bce8,r11=0x3,r12=0x1,r13=0xffff888007615d80,r14=0x0,r15=0xffff888007615f50
=> 0xffffffff810ce5a9 <file_tty_write+506>:	je     0xffffffff810ce5c9 <file_tty_write+538>
Regs: rax=0x1,rbx=0xffff888007b1d668,rcx=0x346,rdx=0xffff888007b1d838,rsi=0xffffc9000000bdc0,rdi=0xffff888007b1d710,rbp=0x1,rsp=0xffffc9000000be20,r8=0x3,r9=0x1000,r10=0xffffc9000000bce8,r11=0x3,r12=0x1,r13=0xffff888007615d80,r14=0x0,r15=0xffff888007615f50
=> 0xffffffff810ce5ab <file_tty_write+508>:	mov    0x20(%r13),%rbp
Regs: rax=0x1,rbx=0xffff888007b1d668,rcx=0x346,rdx=0xffff888007b1d838,rsi=0xffffc9000000bdc0,rdi=0xffff888007b1d710,rbp=0xffff8880001e27a0,rsp=0xffffc9000000be20,r8=0x3,r9=0x1000,r10=0xffffc9000000bce8,r11=0x3,r12=0x1,r13=0xffff888007615d80,r14=0x0,r15=0xffff888007615f50
=> 0xffffffff810ce5af <file_tty_write+512>:	call   0xffffffff8104a22d <ktime_get_real_seconds>
Regs: rax=0x1,rbx=0xffff888007b1d668,rcx=0x346,rdx=0xffff888007b1d838,rsi=0xffffc9000000bdc0,rdi=0xffff888007b1d710,rbp=0xffff8880001e27a0,rsp=0xffffc9000000be18,r8=0x3,r9=0x1000,r10=0xffffc9000000bce8,r11=0x3,r12=0x1,r13=0xffff888007615d80,r14=0x0,r15=0xffff888007615f50
=> 0xffffffff8104a22d <ktime_get_real_seconds>:	mov    0x91b744(%rip),%rax        # 0xffffffff81965978 <tk_core+120>
Regs: rax=0x645e5c47,rbx=0xffff888007b1d668,rcx=0x346,rdx=0xffff888007b1d838,rsi=0xffffc9000000bdc0,rdi=0xffff888007b1d710,rbp=0xffff8880001e27a0,rsp=0xffffc9000000be18,r8=0x3,r9=0x1000,r10=0xffffc9000000bce8,r11=0x3,r12=0x1,r13=0xffff888007615d80,r14=0x0,r15=0xffff888007615f50
=> 0xffffffff8104a234 <ktime_get_real_seconds+7>:	ret    
Regs: rax=0x645e5c47,rbx=0xffff888007b1d668,rcx=0x346,rdx=0xffff888007b1d838,rsi=0xffffc9000000bdc0,rdi=0xffff888007b1d710,rbp=0xffff8880001e27a0,rsp=0xffffc9000000be20,r8=0x3,r9=0x1000,r10=0xffffc9000000bce8,r11=0x3,r12=0x1,r13=0xffff888007615d80,r14=0x0,r15=0xffff888007615f50
=> 0xffffffff810ce5b4 <file_tty_write+517>:	mov    0x50(%rbp),%rdx
Regs: rax=0x645e5c47,rbx=0xffff888007b1d668,rcx=0x346,rdx=0x645e5c41,rsi=0xffffc9000000bdc0,rdi=0xffff888007b1d710,rbp=0xffff8880001e27a0,rsp=0xffffc9000000be20,r8=0x3,r9=0x1000,r10=0xffffc9000000bce8,r11=0x3,r12=0x1,r13=0xffff888007615d80,r14=0x0,r15=0xffff888007615f50
=> 0xffffffff810ce5b8 <file_tty_write+521>:	xor    %rax,%rdx
Regs: rax=0x645e5c47,rbx=0xffff888007b1d668,rcx=0x346,rdx=0x6,rsi=0xffffc9000000bdc0,rdi=0xffff888007b1d710,rbp=0xffff8880001e27a0,rsp=0xffffc9000000be20,r8=0x3,r9=0x1000,r10=0xffffc9000000bce8,r11=0x3,r12=0x1,r13=0xffff888007615d80,r14=0x0,r15=0xffff888007615f50
=> 0xffffffff810ce5bb <file_tty_write+524>:	cmp    $0x7,%rdx
Regs: rax=0x645e5c47,rbx=0xffff888007b1d668,rcx=0x346,rdx=0x6,rsi=0xffffc9000000bdc0,rdi=0xffff888007b1d710,rbp=0xffff8880001e27a0,rsp=0xffffc9000000be20,r8=0x3,r9=0x1000,r10=0xffffc9000000bce8,r11=0x3,r12=0x1,r13=0xffff888007615d80,r14=0x0,r15=0xffff888007615f50
=> 0xffffffff810ce5bf <file_tty_write+528>:	jbe    0xffffffff810ce5c5 <file_tty_write+534>
Regs: rax=0x645e5c47,rbx=0xffff888007b1d668,rcx=0x346,rdx=0x6,rsi=0xffffc9000000bdc0,rdi=0xffff888007b1d710,rbp=0xffff8880001e27a0,rsp=0xffffc9000000be20,r8=0x3,r9=0x1000,r10=0xffffc9000000bce8,r11=0x3,r12=0x1,r13=0xffff888007615d80,r14=0x0,r15=0xffff888007615f50
=> 0xffffffff810ce5c5 <file_tty_write+534>:	mov    (%rsp),%rax
Regs: rax=0x1,rbx=0xffff888007b1d668,rcx=0x346,rdx=0x6,rsi=0xffffc9000000bdc0,rdi=0xffff888007b1d710,rbp=0xffff8880001e27a0,rsp=0xffffc9000000be20,r8=0x3,r9=0x1000,r10=0xffffc9000000bce8,r11=0x3,r12=0x1,r13=0xffff888007615d80,r14=0x0,r15=0xffff888007615f50
=> 0xffffffff810ce5c9 <file_tty_write+538>:	mov    %rbx,%rdi
Regs: rax=0x1,rbx=0xffff888007b1d668,rcx=0x346,rdx=0x6,rsi=0xffffc9000000bdc0,rdi=0xffff888007b1d668,rbp=0xffff8880001e27a0,rsp=0xffffc9000000be20,r8=0x3,r9=0x1000,r10=0xffffc9000000bce8,r11=0x3,r12=0x1,r13=0xffff888007615d80,r14=0x0,r15=0xffff888007615f50
=> 0xffffffff810ce5cc <file_tty_write+541>:	mov    %rax,(%rsp)
Regs: rax=0x1,rbx=0xffff888007b1d668,rcx=0x346,rdx=0x6,rsi=0xffffc9000000bdc0,rdi=0xffff888007b1d668,rbp=0xffff8880001e27a0,rsp=0xffffc9000000be20,r8=0x3,r9=0x1000,r10=0xffffc9000000bce8,r11=0x3,r12=0x1,r13=0xffff888007615d80,r14=0x0,r15=0xffff888007615f50
=> 0xffffffff810ce5d0 <file_tty_write+545>:	call   0xffffffff810cdc12 <tty_write_unlock>
Regs: rax=0x1,rbx=0xffff888007b1d668,rcx=0x346,rdx=0x6,rsi=0xffffc9000000bdc0,rdi=0xffff888007b1d668,rbp=0xffff8880001e27a0,rsp=0xffffc9000000be18,r8=0x3,r9=0x1000,r10=0xffffc9000000bce8,r11=0x3,r12=0x1,r13=0xffff888007615d80,r14=0x0,r15=0xffff888007615f50
=> 0xffffffff810cdc12 <tty_write_unlock>:	push   %rbx
Regs: rax=0x1,rbx=0xffff888007b1d668,rcx=0x346,rdx=0x6,rsi=0xffffc9000000bdc0,rdi=0xffff888007b1d668,rbp=0xffff8880001e27a0,rsp=0xffffc9000000be10,r8=0x3,r9=0x1000,r10=0xffffc9000000bce8,r11=0x3,r12=0x1,r13=0xffff888007615d80,r14=0x0,r15=0xffff888007615f50
=> 0xffffffff810cdc13 <tty_write_unlock+1>:	mov    %rdi,%rbx
Regs: rax=0x1,rbx=0xffff888007b1d668,rcx=0x346,rdx=0x6,rsi=0xffffc9000000bdc0,rdi=0xffff888007b1d668,rbp=0xffff8880001e27a0,rsp=0xffffc9000000be10,r8=0x3,r9=0x1000,r10=0xffffc9000000bce8,r11=0x3,r12=0x1,r13=0xffff888007615d80,r14=0x0,r15=0xffff888007615f50
=> 0xffffffff810cdc16 <tty_write_unlock+4>:	lea    0x60(%rdi),%rdi
Regs: rax=0x1,rbx=0xffff888007b1d668,rcx=0x346,rdx=0x6,rsi=0xffffc9000000bdc0,rdi=0xffff888007b1d6c8,rbp=0xffff8880001e27a0,rsp=0xffffc9000000be10,r8=0x3,r9=0x1000,r10=0xffffc9000000bce8,r11=0x3,r12=0x1,r13=0xffff888007615d80,r14=0x0,r15=0xffff888007615f50
=> 0xffffffff810cdc1a <tty_write_unlock+8>:	call   0xffffffff811202ee <mutex_unlock>
Regs: rax=0x1,rbx=0xffff888007b1d668,rcx=0x346,rdx=0x6,rsi=0xffffc9000000bdc0,rdi=0xffff888007b1d6c8,rbp=0xffff8880001e27a0,rsp=0xffffc9000000be08,r8=0x3,r9=0x1000,r10=0xffffc9000000bce8,r11=0x3,r12=0x1,r13=0xffff888007615d80,r14=0x0,r15=0xffff888007615f50
=> 0xffffffff811202ee <mutex_unlock>:	xor    %edx,%edx
Regs: rax=0x1,rbx=0xffff888007b1d668,rcx=0x346,rdx=0x0,rsi=0xffffc9000000bdc0,rdi=0xffff888007b1d6c8,rbp=0xffff8880001e27a0,rsp=0xffffc9000000be08,r8=0x3,r9=0x1000,r10=0xffffc9000000bce8,r11=0x3,r12=0x1,r13=0xffff888007615d80,r14=0x0,r15=0xffff888007615f50
=> 0xffffffff811202f0 <mutex_unlock+2>:	mov    0xffffffff81836040,%rax
Regs: rax=0xffff888000152000,rbx=0xffff888007b1d668,rcx=0x346,rdx=0x0,rsi=0xffffc9000000bdc0,rdi=0xffff888007b1d6c8,rbp=0xffff8880001e27a0,rsp=0xffffc9000000be08,r8=0x3,r9=0x1000,r10=0xffffc9000000bce8,r11=0x3,r12=0x1,r13=0xffff888007615d80,r14=0x0,r15=0xffff888007615f50
=> 0xffffffff811202f8 <mutex_unlock+10>:	cmpxchg %rdx,(%rdi)
Regs: rax=0xffff888000152000,rbx=0xffff888007b1d668,rcx=0x346,rdx=0x0,rsi=0xffffc9000000bdc0,rdi=0xffff888007b1d6c8,rbp=0xffff8880001e27a0,rsp=0xffffc9000000be08,r8=0x3,r9=0x1000,r10=0xffffc9000000bce8,r11=0x3,r12=0x1,r13=0xffff888007615d80,r14=0x0,r15=0xffff888007615f50
=> 0xffffffff811202fc <mutex_unlock+14>:	je     0xffffffff81120303 <mutex_unlock+21>
Regs: rax=0xffff888000152000,rbx=0xffff888007b1d668,rcx=0x346,rdx=0x0,rsi=0xffffc9000000bdc0,rdi=0xffff888007b1d6c8,rbp=0xffff8880001e27a0,rsp=0xffffc9000000be08,r8=0x3,r9=0x1000,r10=0xffffc9000000bce8,r11=0x3,r12=0x1,r13=0xffff888007615d80,r14=0x0,r15=0xffff888007615f50
=> 0xffffffff81120303 <mutex_unlock+21>:	ret    
Regs: rax=0xffff888000152000,rbx=0xffff888007b1d668,rcx=0x346,rdx=0x0,rsi=0xffffc9000000bdc0,rdi=0xffff888007b1d6c8,rbp=0xffff8880001e27a0,rsp=0xffffc9000000be10,r8=0x3,r9=0x1000,r10=0xffffc9000000bce8,r11=0x3,r12=0x1,r13=0xffff888007615d80,r14=0x0,r15=0xffff888007615f50
=> 0xffffffff810cdc1f <tty_write_unlock+13>:	mov    $0x4,%ecx
Regs: rax=0xffff888000152000,rbx=0xffff888007b1d668,rcx=0x4,rdx=0x0,rsi=0xffffc9000000bdc0,rdi=0xffff888007b1d6c8,rbp=0xffff8880001e27a0,rsp=0xffffc9000000be10,r8=0x3,r9=0x1000,r10=0xffffc9000000bce8,r11=0x3,r12=0x1,r13=0xffff888007615d80,r14=0x0,r15=0xffff888007615f50
=> 0xffffffff810cdc24 <tty_write_unlock+18>:	mov    $0x1,%edx
Regs: rax=0xffff888000152000,rbx=0xffff888007b1d668,rcx=0x4,rdx=0x1,rsi=0xffffc9000000bdc0,rdi=0xffff888007b1d6c8,rbp=0xffff8880001e27a0,rsp=0xffffc9000000be10,r8=0x3,r9=0x1000,r10=0xffffc9000000bce8,r11=0x3,r12=0x1,r13=0xffff888007615d80,r14=0x0,r15=0xffff888007615f50
=> 0xffffffff810cdc29 <tty_write_unlock+23>:	lea    0x1d0(%rbx),%rdi
Regs: rax=0xffff888000152000,rbx=0xffff888007b1d668,rcx=0x4,rdx=0x1,rsi=0xffffc9000000bdc0,rdi=0xffff888007b1d838,rbp=0xffff8880001e27a0,rsp=0xffffc9000000be10,r8=0x3,r9=0x1000,r10=0xffffc9000000bce8,r11=0x3,r12=0x1,r13=0xffff888007615d80,r14=0x0,r15=0xffff888007615f50
=> 0xffffffff810cdc30 <tty_write_unlock+30>:	mov    $0x1,%esi
Regs: rax=0xffff888000152000,rbx=0xffff888007b1d668,rcx=0x4,rdx=0x1,rsi=0x1,rdi=0xffff888007b1d838,rbp=0xffff8880001e27a0,rsp=0xffffc9000000be10,r8=0x3,r9=0x1000,r10=0xffffc9000000bce8,r11=0x3,r12=0x1,r13=0xffff888007615d80,r14=0x0,r15=0xffff888007615f50
=> 0xffffffff810cdc35 <tty_write_unlock+35>:	pop    %rbx
Regs: rax=0xffff888000152000,rbx=0xffff888007b1d668,rcx=0x4,rdx=0x1,rsi=0x1,rdi=0xffff888007b1d838,rbp=0xffff8880001e27a0,rsp=0xffffc9000000be18,r8=0x3,r9=0x1000,r10=0xffffc9000000bce8,r11=0x3,r12=0x1,r13=0xffff888007615d80,r14=0x0,r15=0xffff888007615f50
=> 0xffffffff810cdc36 <tty_write_unlock+36>:	jmp    0xffffffff8103bd11 <__wake_up>
Regs: rax=0xffff888000152000,rbx=0xffff888007b1d668,rcx=0x4,rdx=0x1,rsi=0x1,rdi=0xffff888007b1d838,rbp=0xffff8880001e27a0,rsp=0xffffc9000000be18,r8=0x3,r9=0x1000,r10=0xffffc9000000bce8,r11=0x3,r12=0x1,r13=0xffff888007615d80,r14=0x0,r15=0xffff888007615f50
=> 0xffffffff8103bd11 <__wake_up>:	mov    %rcx,%r8
Regs: rax=0xffff888000152000,rbx=0xffff888007b1d668,rcx=0x4,rdx=0x1,rsi=0x1,rdi=0xffff888007b1d838,rbp=0xffff8880001e27a0,rsp=0xffffc9000000be18,r8=0x4,r9=0x1000,r10=0xffffc9000000bce8,r11=0x3,r12=0x1,r13=0xffff888007615d80,r14=0x0,r15=0xffff888007615f50
=> 0xffffffff8103bd14 <__wake_up+3>:	xor    %ecx,%ecx
Regs: rax=0xffff888000152000,rbx=0xffff888007b1d668,rcx=0x0,rdx=0x1,rsi=0x1,rdi=0xffff888007b1d838,rbp=0xffff8880001e27a0,rsp=0xffffc9000000be18,r8=0x4,r9=0x1000,r10=0xffffc9000000bce8,r11=0x3,r12=0x1,r13=0xffff888007615d80,r14=0x0,r15=0xffff888007615f50
=> 0xffffffff8103bd16 <__wake_up+5>:	jmp    0xffffffff8103b4ff <__wake_up_common_lock>
Regs: rax=0xffff888000152000,rbx=0xffff888007b1d668,rcx=0x0,rdx=0x1,rsi=0x1,rdi=0xffff888007b1d838,rbp=0xffff8880001e27a0,rsp=0xffffc9000000be18,r8=0x4,r9=0x1000,r10=0xffffc9000000bce8,r11=0x3,r12=0x1,r13=0xffff888007615d80,r14=0x0,r15=0xffff888007615f50
=> 0xffffffff8103b4ff <__wake_up_common_lock>:	push   %r15
Regs: rax=0xffff888000152000,rbx=0xffff888007b1d668,rcx=0x0,rdx=0x1,rsi=0x1,rdi=0xffff888007b1d838,rbp=0xffff8880001e27a0,rsp=0xffffc9000000be10,r8=0x4,r9=0x1000,r10=0xffffc9000000bce8,r11=0x3,r12=0x1,r13=0xffff888007615d80,r14=0x0,r15=0xffff888007615f50
=> 0xffffffff8103b501 <__wake_up_common_lock+2>:	xor    %eax,%eax
Regs: rax=0x0,rbx=0xffff888007b1d668,rcx=0x0,rdx=0x1,rsi=0x1,rdi=0xffff888007b1d838,rbp=0xffff8880001e27a0,rsp=0xffffc9000000be10,r8=0x4,r9=0x1000,r10=0xffffc9000000bce8,r11=0x3,r12=0x1,r13=0xffff888007615d80,r14=0x0,r15=0xffff888007615f50
=> 0xffffffff8103b503 <__wake_up_common_lock+4>:	push   %r14
Regs: rax=0x0,rbx=0xffff888007b1d668,rcx=0x0,rdx=0x1,rsi=0x1,rdi=0xffff888007b1d838,rbp=0xffff8880001e27a0,rsp=0xffffc9000000be08,r8=0x4,r9=0x1000,r10=0xffffc9000000bce8,r11=0x3,r12=0x1,r13=0xffff888007615d80,r14=0x0,r15=0xffff888007615f50
=> 0xffffffff8103b505 <__wake_up_common_lock+6>:	push   %r13
Regs: rax=0x0,rbx=0xffff888007b1d668,rcx=0x0,rdx=0x1,rsi=0x1,rdi=0xffff888007b1d838,rbp=0xffff8880001e27a0,rsp=0xffffc9000000be00,r8=0x4,r9=0x1000,r10=0xffffc9000000bce8,r11=0x3,r12=0x1,r13=0xffff888007615d80,r14=0x0,r15=0xffff888007615f50
=> 0xffffffff8103b507 <__wake_up_common_lock+8>:	mov    %r8,%r13
Regs: rax=0x0,rbx=0xffff888007b1d668,rcx=0x0,rdx=0x1,rsi=0x1,rdi=0xffff888007b1d838,rbp=0xffff8880001e27a0,rsp=0xffffc9000000be00,r8=0x4,r9=0x1000,r10=0xffffc9000000bce8,r11=0x3,r12=0x1,r13=0x4,r14=0x0,r15=0xffff888007615f50
=> 0xffffffff8103b50a <__wake_up_common_lock+11>:	push   %r12
Regs: rax=0x0,rbx=0xffff888007b1d668,rcx=0x0,rdx=0x1,rsi=0x1,rdi=0xffff888007b1d838,rbp=0xffff8880001e27a0,rsp=0xffffc9000000bdf8,r8=0x4,r9=0x1000,r10=0xffffc9000000bce8,r11=0x3,r12=0x1,r13=0x4,r14=0x0,r15=0xffff888007615f50
=> 0xffffffff8103b50c <__wake_up_common_lock+13>:	mov    %ecx,%r12d
Regs: rax=0x0,rbx=0xffff888007b1d668,rcx=0x0,rdx=0x1,rsi=0x1,rdi=0xffff888007b1d838,rbp=0xffff8880001e27a0,rsp=0xffffc9000000bdf8,r8=0x4,r9=0x1000,r10=0xffffc9000000bce8,r11=0x3,r12=0x0,r13=0x4,r14=0x0,r15=0xffff888007615f50
=> 0xffffffff8103b50f <__wake_up_common_lock+16>:	mov    $0xa,%ecx
Regs: rax=0x0,rbx=0xffff888007b1d668,rcx=0xa,rdx=0x1,rsi=0x1,rdi=0xffff888007b1d838,rbp=0xffff8880001e27a0,rsp=0xffffc9000000bdf8,r8=0x4,r9=0x1000,r10=0xffffc9000000bce8,r11=0x3,r12=0x0,r13=0x4,r14=0x0,r15=0xffff888007615f50
=> 0xffffffff8103b514 <__wake_up_common_lock+21>:	push   %rbp
Regs: rax=0x0,rbx=0xffff888007b1d668,rcx=0xa,rdx=0x1,rsi=0x1,rdi=0xffff888007b1d838,rbp=0xffff8880001e27a0,rsp=0xffffc9000000bdf0,r8=0x4,r9=0x1000,r10=0xffffc9000000bce8,r11=0x3,r12=0x0,r13=0x4,r14=0x0,r15=0xffff888007615f50
=> 0xffffffff8103b515 <__wake_up_common_lock+22>:	mov    %esi,%ebp
Regs: rax=0x0,rbx=0xffff888007b1d668,rcx=0xa,rdx=0x1,rsi=0x1,rdi=0xffff888007b1d838,rbp=0x1,rsp=0xffffc9000000bdf0,r8=0x4,r9=0x1000,r10=0xffffc9000000bce8,r11=0x3,r12=0x0,r13=0x4,r14=0x0,r15=0xffff888007615f50
=> 0xffffffff8103b517 <__wake_up_common_lock+24>:	push   %rbx
Regs: rax=0x0,rbx=0xffff888007b1d668,rcx=0xa,rdx=0x1,rsi=0x1,rdi=0xffff888007b1d838,rbp=0x1,rsp=0xffffc9000000bde8,r8=0x4,r9=0x1000,r10=0xffffc9000000bce8,r11=0x3,r12=0x0,r13=0x4,r14=0x0,r15=0xffff888007615f50
=> 0xffffffff8103b518 <__wake_up_common_lock+25>:	mov    %rdi,%rbx
Regs: rax=0x0,rbx=0xffff888007b1d838,rcx=0xa,rdx=0x1,rsi=0x1,rdi=0xffff888007b1d838,rbp=0x1,rsp=0xffffc9000000bde8,r8=0x4,r9=0x1000,r10=0xffffc9000000bce8,r11=0x3,r12=0x0,r13=0x4,r14=0x0,r15=0xffff888007615f50
=> 0xffffffff8103b51b <__wake_up_common_lock+28>:	sub    $0x28,%rsp
Regs: rax=0x0,rbx=0xffff888007b1d838,rcx=0xa,rdx=0x1,rsi=0x1,rdi=0xffff888007b1d838,rbp=0x1,rsp=0xffffc9000000bdc0,r8=0x4,r9=0x1000,r10=0xffffc9000000bce8,r11=0x3,r12=0x0,r13=0x4,r14=0x0,r15=0xffff888007615f50
=> 0xffffffff8103b51f <__wake_up_common_lock+32>:	mov    %rsp,%r15
Regs: rax=0x0,rbx=0xffff888007b1d838,rcx=0xa,rdx=0x1,rsi=0x1,rdi=0xffff888007b1d838,rbp=0x1,rsp=0xffffc9000000bdc0,r8=0x4,r9=0x1000,r10=0xffffc9000000bce8,r11=0x3,r12=0x0,r13=0x4,r14=0x0,r15=0xffffc9000000bdc0
=> 0xffffffff8103b522 <__wake_up_common_lock+35>:	mov    %r15,%rdi
Regs: rax=0x0,rbx=0xffff888007b1d838,rcx=0xa,rdx=0x1,rsi=0x1,rdi=0xffffc9000000bdc0,rbp=0x1,rsp=0xffffc9000000bdc0,r8=0x4,r9=0x1000,r10=0xffffc9000000bce8,r11=0x3,r12=0x0,r13=0x4,r14=0x0,r15=0xffffc9000000bdc0
=> 0xffffffff8103b525 <__wake_up_common_lock+38>:	rep stos %eax,%es:(%rdi)
Regs: rax=0x0,rbx=0xffff888007b1d838,rcx=0x9,rdx=0x1,rsi=0x1,rdi=0xffffc9000000bdc4,rbp=0x1,rsp=0xffffc9000000bdc0,r8=0x4,r9=0x1000,r10=0xffffc9000000bce8,r11=0x3,r12=0x0,r13=0x4,r14=0x0,r15=0xffffc9000000bdc0
=> 0xffffffff8103b525 <__wake_up_common_lock+38>:	rep stos %eax,%es:(%rdi)
Regs: rax=0x0,rbx=0xffff888007b1d838,rcx=0x8,rdx=0x1,rsi=0x1,rdi=0xffffc9000000bdc8,rbp=0x1,rsp=0xffffc9000000bdc0,r8=0x4,r9=0x1000,r10=0xffffc9000000bce8,r11=0x3,r12=0x0,r13=0x4,r14=0x0,r15=0xffffc9000000bdc0
=> 0xffffffff8103b525 <__wake_up_common_lock+38>:	rep stos %eax,%es:(%rdi)
Regs: rax=0x0,rbx=0xffff888007b1d838,rcx=0x7,rdx=0x1,rsi=0x1,rdi=0xffffc9000000bdcc,rbp=0x1,rsp=0xffffc9000000bdc0,r8=0x4,r9=0x1000,r10=0xffffc9000000bce8,r11=0x3,r12=0x0,r13=0x4,r14=0x0,r15=0xffffc9000000bdc0
=> 0xffffffff8103b525 <__wake_up_common_lock+38>:	rep stos %eax,%es:(%rdi)
Regs: rax=0x0,rbx=0xffff888007b1d838,rcx=0x6,rdx=0x1,rsi=0x1,rdi=0xffffc9000000bdd0,rbp=0x1,rsp=0xffffc9000000bdc0,r8=0x4,r9=0x1000,r10=0xffffc9000000bce8,r11=0x3,r12=0x0,r13=0x4,r14=0x0,r15=0xffffc9000000bdc0
=> 0xffffffff8103b525 <__wake_up_common_lock+38>:	rep stos %eax,%es:(%rdi)
Regs: rax=0x0,rbx=0xffff888007b1d838,rcx=0x5,rdx=0x1,rsi=0x1,rdi=0xffffc9000000bdd4,rbp=0x1,rsp=0xffffc9000000bdc0,r8=0x4,r9=0x1000,r10=0xffffc9000000bce8,r11=0x3,r12=0x0,r13=0x4,r14=0x0,r15=0xffffc9000000bdc0
=> 0xffffffff8103b525 <__wake_up_common_lock+38>:	rep stos %eax,%es:(%rdi)
Regs: rax=0x0,rbx=0xffff888007b1d838,rcx=0x4,rdx=0x1,rsi=0x1,rdi=0xffffc9000000bdd8,rbp=0x1,rsp=0xffffc9000000bdc0,r8=0x4,r9=0x1000,r10=0xffffc9000000bce8,r11=0x3,r12=0x0,r13=0x4,r14=0x0,r15=0xffffc9000000bdc0
=> 0xffffffff8103b525 <__wake_up_common_lock+38>:	rep stos %eax,%es:(%rdi)
Regs: rax=0x0,rbx=0xffff888007b1d838,rcx=0x3,rdx=0x1,rsi=0x1,rdi=0xffffc9000000bddc,rbp=0x1,rsp=0xffffc9000000bdc0,r8=0x4,r9=0x1000,r10=0xffffc9000000bce8,r11=0x3,r12=0x0,r13=0x4,r14=0x0,r15=0xffffc9000000bdc0
=> 0xffffffff8103b525 <__wake_up_common_lock+38>:	rep stos %eax,%es:(%rdi)
Regs: rax=0x0,rbx=0xffff888007b1d838,rcx=0x2,rdx=0x1,rsi=0x1,rdi=0xffffc9000000bde0,rbp=0x1,rsp=0xffffc9000000bdc0,r8=0x4,r9=0x1000,r10=0xffffc9000000bce8,r11=0x3,r12=0x0,r13=0x4,r14=0x0,r15=0xffffc9000000bdc0
=> 0xffffffff8103b525 <__wake_up_common_lock+38>:	rep stos %eax,%es:(%rdi)
Regs: rax=0x0,rbx=0xffff888007b1d838,rcx=0x1,rdx=0x1,rsi=0x1,rdi=0xffffc9000000bde4,rbp=0x1,rsp=0xffffc9000000bdc0,r8=0x4,r9=0x1000,r10=0xffffc9000000bce8,r11=0x3,r12=0x0,r13=0x4,r14=0x0,r15=0xffffc9000000bdc0
=> 0xffffffff8103b525 <__wake_up_common_lock+38>:	rep stos %eax,%es:(%rdi)
Regs: rax=0x0,rbx=0xffff888007b1d838,rcx=0x0,rdx=0x1,rsi=0x1,rdi=0xffffc9000000bde8,rbp=0x1,rsp=0xffffc9000000bdc0,r8=0x4,r9=0x1000,r10=0xffffc9000000bce8,r11=0x3,r12=0x0,r13=0x4,r14=0x0,r15=0xffffc9000000bdc0
=> 0xffffffff8103b527 <__wake_up_common_lock+40>:	lea    0x18(%rsp),%rax
Regs: rax=0xffffc9000000bdd8,rbx=0xffff888007b1d838,rcx=0x0,rdx=0x1,rsi=0x1,rdi=0xffffc9000000bde8,rbp=0x1,rsp=0xffffc9000000bdc0,r8=0x4,r9=0x1000,r10=0xffffc9000000bce8,r11=0x3,r12=0x0,r13=0x4,r14=0x0,r15=0xffffc9000000bdc0
=> 0xffffffff8103b52c <__wake_up_common_lock+45>:	mov    %rax,0x18(%rsp)
Regs: rax=0xffffc9000000bdd8,rbx=0xffff888007b1d838,rcx=0x0,rdx=0x1,rsi=0x1,rdi=0xffffc9000000bde8,rbp=0x1,rsp=0xffffc9000000bdc0,r8=0x4,r9=0x1000,r10=0xffffc9000000bce8,r11=0x3,r12=0x0,r13=0x4,r14=0x0,r15=0xffffc9000000bdc0
=> 0xffffffff8103b531 <__wake_up_common_lock+50>:	mov    %rax,0x20(%rsp)
Regs: rax=0xffffc9000000bdd8,rbx=0xffff888007b1d838,rcx=0x0,rdx=0x1,rsi=0x1,rdi=0xffffc9000000bde8,rbp=0x1,rsp=0xffffc9000000bdc0,r8=0x4,r9=0x1000,r10=0xffffc9000000bce8,r11=0x3,r12=0x0,r13=0x4,r14=0x0,r15=0xffffc9000000bdc0
=> 0xffffffff8103b536 <__wake_up_common_lock+55>:	pushf  
Regs: rax=0xffffc9000000bdd8,rbx=0xffff888007b1d838,rcx=0x0,rdx=0x1,rsi=0x1,rdi=0xffffc9000000bde8,rbp=0x1,rsp=0xffffc9000000bdb8,r8=0x4,r9=0x1000,r10=0xffffc9000000bce8,r11=0x3,r12=0x0,r13=0x4,r14=0x0,r15=0xffffc9000000bdc0
=> 0xffffffff8103b537 <__wake_up_common_lock+56>:	pop    %r14
Regs: rax=0xffffc9000000bdd8,rbx=0xffff888007b1d838,rcx=0x0,rdx=0x1,rsi=0x1,rdi=0xffffc9000000bde8,rbp=0x1,rsp=0xffffc9000000bdc0,r8=0x4,r9=0x1000,r10=0xffffc9000000bce8,r11=0x3,r12=0x0,r13=0x4,r14=0x386,r15=0xffffc9000000bdc0
=> 0xffffffff8103b539 <__wake_up_common_lock+58>:	cli    
Regs: rax=0xffffc9000000bdd8,rbx=0xffff888007b1d838,rcx=0x0,rdx=0x1,rsi=0x1,rdi=0xffffc9000000bde8,rbp=0x1,rsp=0xffffc9000000bdc0,r8=0x4,r9=0x1000,r10=0xffffc9000000bce8,r11=0x3,r12=0x0,r13=0x4,r14=0x386,r15=0xffffc9000000bdc0
=> 0xffffffff8103b53a <__wake_up_common_lock+59>:	mov    %r15,%r9
Regs: rax=0xffffc9000000bdd8,rbx=0xffff888007b1d838,rcx=0x0,rdx=0x1,rsi=0x1,rdi=0xffffc9000000bde8,rbp=0x1,rsp=0xffffc9000000bdc0,r8=0x4,r9=0xffffc9000000bdc0,r10=0xffffc9000000bce8,r11=0x3,r12=0x0,r13=0x4,r14=0x386,r15=0xffffc9000000bdc0
=> 0xffffffff8103b53d <__wake_up_common_lock+62>:	mov    %r13,%r8
Regs: rax=0xffffc9000000bdd8,rbx=0xffff888007b1d838,rcx=0x0,rdx=0x1,rsi=0x1,rdi=0xffffc9000000bde8,rbp=0x1,rsp=0xffffc9000000bdc0,r8=0x4,r9=0xffffc9000000bdc0,r10=0xffffc9000000bce8,r11=0x3,r12=0x0,r13=0x4,r14=0x386,r15=0xffffc9000000bdc0
=> 0xffffffff8103b540 <__wake_up_common_lock+65>:	mov    %r12d,%ecx
Regs: rax=0xffffc9000000bdd8,rbx=0xffff888007b1d838,rcx=0x0,rdx=0x1,rsi=0x1,rdi=0xffffc9000000bde8,rbp=0x1,rsp=0xffffc9000000bdc0,r8=0x4,r9=0xffffc9000000bdc0,r10=0xffffc9000000bce8,r11=0x3,r12=0x0,r13=0x4,r14=0x386,r15=0xffffc9000000bdc0
=> 0xffffffff8103b543 <__wake_up_common_lock+68>:	mov    %ebp,%esi
Regs: rax=0xffffc9000000bdd8,rbx=0xffff888007b1d838,rcx=0x0,rdx=0x1,rsi=0x1,rdi=0xffffc9000000bde8,rbp=0x1,rsp=0xffffc9000000bdc0,r8=0x4,r9=0xffffc9000000bdc0,r10=0xffffc9000000bce8,r11=0x3,r12=0x0,r13=0x4,r14=0x386,r15=0xffffc9000000bdc0
=> 0xffffffff8103b545 <__wake_up_common_lock+70>:	mov    %rbx,%rdi
Regs: rax=0xffffc9000000bdd8,rbx=0xffff888007b1d838,rcx=0x0,rdx=0x1,rsi=0x1,rdi=0xffff888007b1d838,rbp=0x1,rsp=0xffffc9000000bdc0,r8=0x4,r9=0xffffc9000000bdc0,r10=0xffffc9000000bce8,r11=0x3,r12=0x0,r13=0x4,r14=0x386,r15=0xffffc9000000bdc0
=> 0xffffffff8103b548 <__wake_up_common_lock+73>:	call   0xffffffff8103b3f1 <__wake_up_common>
Regs: rax=0xffffc9000000bdd8,rbx=0xffff888007b1d838,rcx=0x0,rdx=0x1,rsi=0x1,rdi=0xffff888007b1d838,rbp=0x1,rsp=0xffffc9000000bdb8,r8=0x4,r9=0xffffc9000000bdc0,r10=0xffffc9000000bce8,r11=0x3,r12=0x0,r13=0x4,r14=0x386,r15=0xffffc9000000bdc0
=> 0xffffffff8103b3f1 <__wake_up_common>:	push   %r15
Regs: rax=0xffffc9000000bdd8,rbx=0xffff888007b1d838,rcx=0x0,rdx=0x1,rsi=0x1,rdi=0xffff888007b1d838,rbp=0x1,rsp=0xffffc9000000bdb0,r8=0x4,r9=0xffffc9000000bdc0,r10=0xffffc9000000bce8,r11=0x3,r12=0x0,r13=0x4,r14=0x386,r15=0xffffc9000000bdc0
=> 0xffffffff8103b3f3 <__wake_up_common+2>:	mov    %edx,%r15d
Regs: rax=0xffffc9000000bdd8,rbx=0xffff888007b1d838,rcx=0x0,rdx=0x1,rsi=0x1,rdi=0xffff888007b1d838,rbp=0x1,rsp=0xffffc9000000bdb0,r8=0x4,r9=0xffffc9000000bdc0,r10=0xffffc9000000bce8,r11=0x3,r12=0x0,r13=0x4,r14=0x386,r15=0x1
=> 0xffffffff8103b3f6 <__wake_up_common+5>:	push   %r14
Regs: rax=0xffffc9000000bdd8,rbx=0xffff888007b1d838,rcx=0x0,rdx=0x1,rsi=0x1,rdi=0xffff888007b1d838,rbp=0x1,rsp=0xffffc9000000bda8,r8=0x4,r9=0xffffc9000000bdc0,r10=0xffffc9000000bce8,r11=0x3,r12=0x0,r13=0x4,r14=0x386,r15=0x1
=> 0xffffffff8103b3f8 <__wake_up_common+7>:	push   %r13
Regs: rax=0xffffc9000000bdd8,rbx=0xffff888007b1d838,rcx=0x0,rdx=0x1,rsi=0x1,rdi=0xffff888007b1d838,rbp=0x1,rsp=0xffffc9000000bda0,r8=0x4,r9=0xffffc9000000bdc0,r10=0xffffc9000000bce8,r11=0x3,r12=0x0,r13=0x4,r14=0x386,r15=0x1
=> 0xffffffff8103b3fa <__wake_up_common+9>:	push   %r12
Regs: rax=0xffffc9000000bdd8,rbx=0xffff888007b1d838,rcx=0x0,rdx=0x1,rsi=0x1,rdi=0xffff888007b1d838,rbp=0x1,rsp=0xffffc9000000bd98,r8=0x4,r9=0xffffc9000000bdc0,r10=0xffffc9000000bce8,r11=0x3,r12=0x0,r13=0x4,r14=0x386,r15=0x1
=> 0xffffffff8103b3fc <__wake_up_common+11>:	mov    %rdi,%r12
Regs: rax=0xffffc9000000bdd8,rbx=0xffff888007b1d838,rcx=0x0,rdx=0x1,rsi=0x1,rdi=0xffff888007b1d838,rbp=0x1,rsp=0xffffc9000000bd98,r8=0x4,r9=0xffffc9000000bdc0,r10=0xffffc9000000bce8,r11=0x3,r12=0xffff888007b1d838,r13=0x4,r14=0x386,r15=0x1
=> 0xffffffff8103b3ff <__wake_up_common+14>:	push   %rbp
Regs: rax=0xffffc9000000bdd8,rbx=0xffff888007b1d838,rcx=0x0,rdx=0x1,rsi=0x1,rdi=0xffff888007b1d838,rbp=0x1,rsp=0xffffc9000000bd90,r8=0x4,r9=0xffffc9000000bdc0,r10=0xffffc9000000bce8,r11=0x3,r12=0xffff888007b1d838,r13=0x4,r14=0x386,r15=0x1
=> 0xffffffff8103b400 <__wake_up_common+15>:	push   %rbx
Regs: rax=0xffffc9000000bdd8,rbx=0xffff888007b1d838,rcx=0x0,rdx=0x1,rsi=0x1,rdi=0xffff888007b1d838,rbp=0x1,rsp=0xffffc9000000bd88,r8=0x4,r9=0xffffc9000000bdc0,r10=0xffffc9000000bce8,r11=0x3,r12=0xffff888007b1d838,r13=0x4,r14=0x386,r15=0x1
=> 0xffffffff8103b401 <__wake_up_common+16>:	mov    %r9,%rbx
Regs: rax=0xffffc9000000bdd8,rbx=0xffffc9000000bdc0,rcx=0x0,rdx=0x1,rsi=0x1,rdi=0xffff888007b1d838,rbp=0x1,rsp=0xffffc9000000bd88,r8=0x4,r9=0xffffc9000000bdc0,r10=0xffffc9000000bce8,r11=0x3,r12=0xffff888007b1d838,r13=0x4,r14=0x386,r15=0x1
=> 0xffffffff8103b404 <__wake_up_common+19>:	sub    $0x10,%rsp
Regs: rax=0xffffc9000000bdd8,rbx=0xffffc9000000bdc0,rcx=0x0,rdx=0x1,rsi=0x1,rdi=0xffff888007b1d838,rbp=0x1,rsp=0xffffc9000000bd78,r8=0x4,r9=0xffffc9000000bdc0,r10=0xffffc9000000bce8,r11=0x3,r12=0xffff888007b1d838,r13=0x4,r14=0x386,r15=0x1
=> 0xffffffff8103b408 <__wake_up_common+23>:	mov    %esi,(%rsp)
Regs: rax=0xffffc9000000bdd8,rbx=0xffffc9000000bdc0,rcx=0x0,rdx=0x1,rsi=0x1,rdi=0xffff888007b1d838,rbp=0x1,rsp=0xffffc9000000bd78,r8=0x4,r9=0xffffc9000000bdc0,r10=0xffffc9000000bce8,r11=0x3,r12=0xffff888007b1d838,r13=0x4,r14=0x386,r15=0x1
=> 0xffffffff8103b40b <__wake_up_common+26>:	mov    %ecx,0x4(%rsp)
Regs: rax=0xffffc9000000bdd8,rbx=0xffffc9000000bdc0,rcx=0x0,rdx=0x1,rsi=0x1,rdi=0xffff888007b1d838,rbp=0x1,rsp=0xffffc9000000bd78,r8=0x4,r9=0xffffc9000000bdc0,r10=0xffffc9000000bce8,r11=0x3,r12=0xffff888007b1d838,r13=0x4,r14=0x386,r15=0x1
=> 0xffffffff8103b40f <__wake_up_common+30>:	mov    %r8,0x8(%rsp)
Regs: rax=0xffffc9000000bdd8,rbx=0xffffc9000000bdc0,rcx=0x0,rdx=0x1,rsi=0x1,rdi=0xffff888007b1d838,rbp=0x1,rsp=0xffffc9000000bd78,r8=0x4,r9=0xffffc9000000bdc0,r10=0xffffc9000000bce8,r11=0x3,r12=0xffff888007b1d838,r13=0x4,r14=0x386,r15=0x1
=> 0xffffffff8103b414 <__wake_up_common+35>:	test   %r9,%r9
Regs: rax=0xffffc9000000bdd8,rbx=0xffffc9000000bdc0,rcx=0x0,rdx=0x1,rsi=0x1,rdi=0xffff888007b1d838,rbp=0x1,rsp=0xffffc9000000bd78,r8=0x4,r9=0xffffc9000000bdc0,r10=0xffffc9000000bce8,r11=0x3,r12=0xffff888007b1d838,r13=0x4,r14=0x386,r15=0x1
=> 0xffffffff8103b417 <__wake_up_common+38>:	je     0xffffffff8103b455 <__wake_up_common+100>
Regs: rax=0xffffc9000000bdd8,rbx=0xffffc9000000bdc0,rcx=0x0,rdx=0x1,rsi=0x1,rdi=0xffff888007b1d838,rbp=0x1,rsp=0xffffc9000000bd78,r8=0x4,r9=0xffffc9000000bdc0,r10=0xffffc9000000bce8,r11=0x3,r12=0xffff888007b1d838,r13=0x4,r14=0x386,r15=0x1
=> 0xffffffff8103b419 <__wake_up_common+40>:	testb  $0x4,(%r9)
Regs: rax=0xffffc9000000bdd8,rbx=0xffffc9000000bdc0,rcx=0x0,rdx=0x1,rsi=0x1,rdi=0xffff888007b1d838,rbp=0x1,rsp=0xffffc9000000bd78,r8=0x4,r9=0xffffc9000000bdc0,r10=0xffffc9000000bce8,r11=0x3,r12=0xffff888007b1d838,r13=0x4,r14=0x386,r15=0x1
=> 0xffffffff8103b41d <__wake_up_common+44>:	je     0xffffffff8103b455 <__wake_up_common+100>
Regs: rax=0xffffc9000000bdd8,rbx=0xffffc9000000bdc0,rcx=0x0,rdx=0x1,rsi=0x1,rdi=0xffff888007b1d838,rbp=0x1,rsp=0xffffc9000000bd78,r8=0x4,r9=0xffffc9000000bdc0,r10=0xffffc9000000bce8,r11=0x3,r12=0xffff888007b1d838,r13=0x4,r14=0x386,r15=0x1
=> 0xffffffff8103b455 <__wake_up_common+100>:	mov    (%r12),%rax
Regs: rax=0xffff888007b1d838,rbx=0xffffc9000000bdc0,rcx=0x0,rdx=0x1,rsi=0x1,rdi=0xffff888007b1d838,rbp=0x1,rsp=0xffffc9000000bd78,r8=0x4,r9=0xffffc9000000bdc0,r10=0xffffc9000000bce8,r11=0x3,r12=0xffff888007b1d838,r13=0x4,r14=0x386,r15=0x1
=> 0xffffffff8103b459 <__wake_up_common+104>:	sub    $0x18,%rax
Regs: rax=0xffff888007b1d820,rbx=0xffffc9000000bdc0,rcx=0x0,rdx=0x1,rsi=0x1,rdi=0xffff888007b1d838,rbp=0x1,rsp=0xffffc9000000bd78,r8=0x4,r9=0xffffc9000000bdc0,r10=0xffffc9000000bce8,r11=0x3,r12=0xffff888007b1d838,r13=0x4,r14=0x386,r15=0x1
=> 0xffffffff8103b45d <__wake_up_common+108>:	lea    0x18(%rax),%rdx
Regs: rax=0xffff888007b1d820,rbx=0xffffc9000000bdc0,rcx=0x0,rdx=0xffff888007b1d838,rsi=0x1,rdi=0xffff888007b1d838,rbp=0x1,rsp=0xffffc9000000bd78,r8=0x4,r9=0xffffc9000000bdc0,r10=0xffffc9000000bce8,r11=0x3,r12=0xffff888007b1d838,r13=0x4,r14=0x386,r15=0x1
=> 0xffffffff8103b461 <__wake_up_common+112>:	cmp    %rdx,%r12
Regs: rax=0xffff888007b1d820,rbx=0xffffc9000000bdc0,rcx=0x0,rdx=0xffff888007b1d838,rsi=0x1,rdi=0xffff888007b1d838,rbp=0x1,rsp=0xffffc9000000bd78,r8=0x4,r9=0xffffc9000000bdc0,r10=0xffffc9000000bce8,r11=0x3,r12=0xffff888007b1d838,r13=0x4,r14=0x386,r15=0x1
=> 0xffffffff8103b464 <__wake_up_common+115>:	je     0xffffffff8103b4ed <__wake_up_common+252>
Regs: rax=0xffff888007b1d820,rbx=0xffffc9000000bdc0,rcx=0x0,rdx=0xffff888007b1d838,rsi=0x1,rdi=0xffff888007b1d838,rbp=0x1,rsp=0xffffc9000000bd78,r8=0x4,r9=0xffffc9000000bdc0,r10=0xffffc9000000bce8,r11=0x3,r12=0xffff888007b1d838,r13=0x4,r14=0x386,r15=0x1
=> 0xffffffff8103b4ed <__wake_up_common+252>:	add    $0x10,%rsp
Regs: rax=0xffff888007b1d820,rbx=0xffffc9000000bdc0,rcx=0x0,rdx=0xffff888007b1d838,rsi=0x1,rdi=0xffff888007b1d838,rbp=0x1,rsp=0xffffc9000000bd88,r8=0x4,r9=0xffffc9000000bdc0,r10=0xffffc9000000bce8,r11=0x3,r12=0xffff888007b1d838,r13=0x4,r14=0x386,r15=0x1
=> 0xffffffff8103b4f1 <__wake_up_common+256>:	mov    %r15d,%eax
Regs: rax=0x1,rbx=0xffffc9000000bdc0,rcx=0x0,rdx=0xffff888007b1d838,rsi=0x1,rdi=0xffff888007b1d838,rbp=0x1,rsp=0xffffc9000000bd88,r8=0x4,r9=0xffffc9000000bdc0,r10=0xffffc9000000bce8,r11=0x3,r12=0xffff888007b1d838,r13=0x4,r14=0x386,r15=0x1
=> 0xffffffff8103b4f4 <__wake_up_common+259>:	pop    %rbx
Regs: rax=0x1,rbx=0xffff888007b1d838,rcx=0x0,rdx=0xffff888007b1d838,rsi=0x1,rdi=0xffff888007b1d838,rbp=0x1,rsp=0xffffc9000000bd90,r8=0x4,r9=0xffffc9000000bdc0,r10=0xffffc9000000bce8,r11=0x3,r12=0xffff888007b1d838,r13=0x4,r14=0x386,r15=0x1
=> 0xffffffff8103b4f5 <__wake_up_common+260>:	pop    %rbp
Regs: rax=0x1,rbx=0xffff888007b1d838,rcx=0x0,rdx=0xffff888007b1d838,rsi=0x1,rdi=0xffff888007b1d838,rbp=0x1,rsp=0xffffc9000000bd98,r8=0x4,r9=0xffffc9000000bdc0,r10=0xffffc9000000bce8,r11=0x3,r12=0xffff888007b1d838,r13=0x4,r14=0x386,r15=0x1
=> 0xffffffff8103b4f6 <__wake_up_common+261>:	pop    %r12
Regs: rax=0x1,rbx=0xffff888007b1d838,rcx=0x0,rdx=0xffff888007b1d838,rsi=0x1,rdi=0xffff888007b1d838,rbp=0x1,rsp=0xffffc9000000bda0,r8=0x4,r9=0xffffc9000000bdc0,r10=0xffffc9000000bce8,r11=0x3,r12=0x0,r13=0x4,r14=0x386,r15=0x1
=> 0xffffffff8103b4f8 <__wake_up_common+263>:	pop    %r13
Regs: rax=0x1,rbx=0xffff888007b1d838,rcx=0x0,rdx=0xffff888007b1d838,rsi=0x1,rdi=0xffff888007b1d838,rbp=0x1,rsp=0xffffc9000000bda8,r8=0x4,r9=0xffffc9000000bdc0,r10=0xffffc9000000bce8,r11=0x3,r12=0x0,r13=0x4,r14=0x386,r15=0x1
=> 0xffffffff8103b4fa <__wake_up_common+265>:	pop    %r14
Regs: rax=0x1,rbx=0xffff888007b1d838,rcx=0x0,rdx=0xffff888007b1d838,rsi=0x1,rdi=0xffff888007b1d838,rbp=0x1,rsp=0xffffc9000000bdb0,r8=0x4,r9=0xffffc9000000bdc0,r10=0xffffc9000000bce8,r11=0x3,r12=0x0,r13=0x4,r14=0x386,r15=0x1
=> 0xffffffff8103b4fc <__wake_up_common+267>:	pop    %r15
Regs: rax=0x1,rbx=0xffff888007b1d838,rcx=0x0,rdx=0xffff888007b1d838,rsi=0x1,rdi=0xffff888007b1d838,rbp=0x1,rsp=0xffffc9000000bdb8,r8=0x4,r9=0xffffc9000000bdc0,r10=0xffffc9000000bce8,r11=0x3,r12=0x0,r13=0x4,r14=0x386,r15=0xffffc9000000bdc0
=> 0xffffffff8103b4fe <__wake_up_common+269>:	ret    
Regs: rax=0x1,rbx=0xffff888007b1d838,rcx=0x0,rdx=0xffff888007b1d838,rsi=0x1,rdi=0xffff888007b1d838,rbp=0x1,rsp=0xffffc9000000bdc0,r8=0x4,r9=0xffffc9000000bdc0,r10=0xffffc9000000bce8,r11=0x3,r12=0x0,r13=0x4,r14=0x386,r15=0xffffc9000000bdc0
=> 0xffffffff8103b54d <__wake_up_common_lock+78>:	bt     $0x9,%r14d
Regs: rax=0x1,rbx=0xffff888007b1d838,rcx=0x0,rdx=0xffff888007b1d838,rsi=0x1,rdi=0xffff888007b1d838,rbp=0x1,rsp=0xffffc9000000bdc0,r8=0x4,r9=0xffffc9000000bdc0,r10=0xffffc9000000bce8,r11=0x3,r12=0x0,r13=0x4,r14=0x386,r15=0xffffc9000000bdc0
=> 0xffffffff8103b552 <__wake_up_common_lock+83>:	mov    %eax,%edx
Regs: rax=0x1,rbx=0xffff888007b1d838,rcx=0x0,rdx=0x1,rsi=0x1,rdi=0xffff888007b1d838,rbp=0x1,rsp=0xffffc9000000bdc0,r8=0x4,r9=0xffffc9000000bdc0,r10=0xffffc9000000bce8,r11=0x3,r12=0x0,r13=0x4,r14=0x386,r15=0xffffc9000000bdc0
=> 0xffffffff8103b554 <__wake_up_common_lock+85>:	jae    0xffffffff8103b557 <__wake_up_common_lock+88>
Regs: rax=0x1,rbx=0xffff888007b1d838,rcx=0x0,rdx=0x1,rsi=0x1,rdi=0xffff888007b1d838,rbp=0x1,rsp=0xffffc9000000bdc0,r8=0x4,r9=0xffffc9000000bdc0,r10=0xffffc9000000bce8,r11=0x3,r12=0x0,r13=0x4,r14=0x386,r15=0xffffc9000000bdc0
=> 0xffffffff8103b556 <__wake_up_common_lock+87>:	sti    
Regs: rax=0x1,rbx=0xffff888007b1d838,rcx=0x0,rdx=0x1,rsi=0x1,rdi=0xffff888007b1d838,rbp=0x1,rsp=0xffffc9000000bdc0,r8=0x4,r9=0xffffc9000000bdc0,r10=0xffffc9000000bce8,r11=0x3,r12=0x0,r13=0x4,r14=0x386,r15=0xffffc9000000bdc0
=> 0xffffffff8103b557 <__wake_up_common_lock+88>:	testb  $0x4,(%rsp)
Regs: rax=0x1,rbx=0xffff888007b1d838,rcx=0x0,rdx=0x1,rsi=0x1,rdi=0xffff888007b1d838,rbp=0x1,rsp=0xffffc9000000bdc0,r8=0x4,r9=0xffffc9000000bdc0,r10=0xffffc9000000bce8,r11=0x3,r12=0x0,r13=0x4,r14=0x386,r15=0xffffc9000000bdc0
=> 0xffffffff8103b55b <__wake_up_common_lock+92>:	jne    0xffffffff8103b536 <__wake_up_common_lock+55>
Regs: rax=0x1,rbx=0xffff888007b1d838,rcx=0x0,rdx=0x1,rsi=0x1,rdi=0xffff888007b1d838,rbp=0x1,rsp=0xffffc9000000bdc0,r8=0x4,r9=0xffffc9000000bdc0,r10=0xffffc9000000bce8,r11=0x3,r12=0x0,r13=0x4,r14=0x386,r15=0xffffc9000000bdc0
=> 0xffffffff8103b55d <__wake_up_common_lock+94>:	add    $0x28,%rsp
Regs: rax=0x1,rbx=0xffff888007b1d838,rcx=0x0,rdx=0x1,rsi=0x1,rdi=0xffff888007b1d838,rbp=0x1,rsp=0xffffc9000000bde8,r8=0x4,r9=0xffffc9000000bdc0,r10=0xffffc9000000bce8,r11=0x3,r12=0x0,r13=0x4,r14=0x386,r15=0xffffc9000000bdc0
=> 0xffffffff8103b561 <__wake_up_common_lock+98>:	pop    %rbx
Regs: rax=0x1,rbx=0xffff888007b1d668,rcx=0x0,rdx=0x1,rsi=0x1,rdi=0xffff888007b1d838,rbp=0x1,rsp=0xffffc9000000bdf0,r8=0x4,r9=0xffffc9000000bdc0,r10=0xffffc9000000bce8,r11=0x3,r12=0x0,r13=0x4,r14=0x386,r15=0xffffc9000000bdc0
=> 0xffffffff8103b562 <__wake_up_common_lock+99>:	pop    %rbp
Regs: rax=0x1,rbx=0xffff888007b1d668,rcx=0x0,rdx=0x1,rsi=0x1,rdi=0xffff888007b1d838,rbp=0xffff8880001e27a0,rsp=0xffffc9000000bdf8,r8=0x4,r9=0xffffc9000000bdc0,r10=0xffffc9000000bce8,r11=0x3,r12=0x0,r13=0x4,r14=0x386,r15=0xffffc9000000bdc0
=> 0xffffffff8103b563 <__wake_up_common_lock+100>:	pop    %r12
Regs: rax=0x1,rbx=0xffff888007b1d668,rcx=0x0,rdx=0x1,rsi=0x1,rdi=0xffff888007b1d838,rbp=0xffff8880001e27a0,rsp=0xffffc9000000be00,r8=0x4,r9=0xffffc9000000bdc0,r10=0xffffc9000000bce8,r11=0x3,r12=0x1,r13=0x4,r14=0x386,r15=0xffffc9000000bdc0
=> 0xffffffff8103b565 <__wake_up_common_lock+102>:	pop    %r13
Regs: rax=0x1,rbx=0xffff888007b1d668,rcx=0x0,rdx=0x1,rsi=0x1,rdi=0xffff888007b1d838,rbp=0xffff8880001e27a0,rsp=0xffffc9000000be08,r8=0x4,r9=0xffffc9000000bdc0,r10=0xffffc9000000bce8,r11=0x3,r12=0x1,r13=0xffff888007615d80,r14=0x386,r15=0xffffc9000000bdc0
=> 0xffffffff8103b567 <__wake_up_common_lock+104>:	pop    %r14
Regs: rax=0x1,rbx=0xffff888007b1d668,rcx=0x0,rdx=0x1,rsi=0x1,rdi=0xffff888007b1d838,rbp=0xffff8880001e27a0,rsp=0xffffc9000000be10,r8=0x4,r9=0xffffc9000000bdc0,r10=0xffffc9000000bce8,r11=0x3,r12=0x1,r13=0xffff888007615d80,r14=0x0,r15=0xffffc9000000bdc0
=> 0xffffffff8103b569 <__wake_up_common_lock+106>:	pop    %r15
Regs: rax=0x1,rbx=0xffff888007b1d668,rcx=0x0,rdx=0x1,rsi=0x1,rdi=0xffff888007b1d838,rbp=0xffff8880001e27a0,rsp=0xffffc9000000be18,r8=0x4,r9=0xffffc9000000bdc0,r10=0xffffc9000000bce8,r11=0x3,r12=0x1,r13=0xffff888007615d80,r14=0x0,r15=0xffff888007615f50
=> 0xffffffff8103b56b <__wake_up_common_lock+108>:	ret    
Regs: rax=0x1,rbx=0xffff888007b1d668,rcx=0x0,rdx=0x1,rsi=0x1,rdi=0xffff888007b1d838,rbp=0xffff8880001e27a0,rsp=0xffffc9000000be20,r8=0x4,r9=0xffffc9000000bdc0,r10=0xffffc9000000bce8,r11=0x3,r12=0x1,r13=0xffff888007615d80,r14=0x0,r15=0xffff888007615f50
=> 0xffffffff810ce5d5 <file_tty_write+550>:	mov    (%rsp),%rax
Regs: rax=0x1,rbx=0xffff888007b1d668,rcx=0x0,rdx=0x1,rsi=0x1,rdi=0xffff888007b1d838,rbp=0xffff8880001e27a0,rsp=0xffffc9000000be20,r8=0x4,r9=0xffffc9000000bdc0,r10=0xffffc9000000bce8,r11=0x3,r12=0x1,r13=0xffff888007615d80,r14=0x0,r15=0xffff888007615f50
=> 0xffffffff810ce5d9 <file_tty_write+554>:	mov    %r15,%rdi
Regs: rax=0x1,rbx=0xffff888007b1d668,rcx=0x0,rdx=0x1,rsi=0x1,rdi=0xffff888007615f50,rbp=0xffff8880001e27a0,rsp=0xffffc9000000be20,r8=0x4,r9=0xffffc9000000bdc0,r10=0xffffc9000000bce8,r11=0x3,r12=0x1,r13=0xffff888007615d80,r14=0x0,r15=0xffff888007615f50
=> 0xffffffff810ce5dc <file_tty_write+557>:	mov    %rax,(%rsp)
Regs: rax=0x1,rbx=0xffff888007b1d668,rcx=0x0,rdx=0x1,rsi=0x1,rdi=0xffff888007615f50,rbp=0xffff8880001e27a0,rsp=0xffffc9000000be20,r8=0x4,r9=0xffffc9000000bdc0,r10=0xffffc9000000bce8,r11=0x3,r12=0x1,r13=0xffff888007615d80,r14=0x0,r15=0xffff888007615f50
=> 0xffffffff810ce5e0 <file_tty_write+561>:	call   0xffffffff810d41de <tty_ldisc_deref>
Regs: rax=0x1,rbx=0xffff888007b1d668,rcx=0x0,rdx=0x1,rsi=0x1,rdi=0xffff888007615f50,rbp=0xffff8880001e27a0,rsp=0xffffc9000000be18,r8=0x4,r9=0xffffc9000000bdc0,r10=0xffffc9000000bce8,r11=0x3,r12=0x1,r13=0xffff888007615d80,r14=0x0,r15=0xffff888007615f50
=> 0xffffffff810d41de <tty_ldisc_deref>:	mov    0x8(%rdi),%rdi
Regs: rax=0x1,rbx=0xffff888007b1d668,rcx=0x0,rdx=0x1,rsi=0x1,rdi=0xffff888007b1d668,rbp=0xffff8880001e27a0,rsp=0xffffc9000000be18,r8=0x4,r9=0xffffc9000000bdc0,r10=0xffffc9000000bce8,r11=0x3,r12=0x1,r13=0xffff888007615d80,r14=0x0,r15=0xffff888007615f50
=> 0xffffffff810d41e2 <tty_ldisc_deref+4>:	add    $0x28,%rdi
Regs: rax=0x1,rbx=0xffff888007b1d668,rcx=0x0,rdx=0x1,rsi=0x1,rdi=0xffff888007b1d690,rbp=0xffff8880001e27a0,rsp=0xffffc9000000be18,r8=0x4,r9=0xffffc9000000bdc0,r10=0xffffc9000000bce8,r11=0x3,r12=0x1,r13=0xffff888007615d80,r14=0x0,r15=0xffff888007615f50
=> 0xffffffff810d41e6 <tty_ldisc_deref+8>:	jmp    0xffffffff810d59e2 <ldsem_up_read>
Regs: rax=0x1,rbx=0xffff888007b1d668,rcx=0x0,rdx=0x1,rsi=0x1,rdi=0xffff888007b1d690,rbp=0xffff8880001e27a0,rsp=0xffffc9000000be18,r8=0x4,r9=0xffffc9000000bdc0,r10=0xffffc9000000bce8,r11=0x3,r12=0x1,r13=0xffff888007615d80,r14=0x0,r15=0xffff888007615f50
=> 0xffffffff810d59e2 <ldsem_up_read>:	or     $0xffffffffffffffff,%rax
Regs: rax=0xffffffffffffffff,rbx=0xffff888007b1d668,rcx=0x0,rdx=0x1,rsi=0x1,rdi=0xffff888007b1d690,rbp=0xffff8880001e27a0,rsp=0xffffc9000000be18,r8=0x4,r9=0xffffc9000000bdc0,r10=0xffffc9000000bce8,r11=0x3,r12=0x1,r13=0xffff888007615d80,r14=0x0,r15=0xffff888007615f50
=> 0xffffffff810d59e6 <ldsem_up_read+4>:	xadd   %rax,(%rdi)
Regs: rax=0x1,rbx=0xffff888007b1d668,rcx=0x0,rdx=0x1,rsi=0x1,rdi=0xffff888007b1d690,rbp=0xffff8880001e27a0,rsp=0xffffc9000000be18,r8=0x4,r9=0xffffc9000000bdc0,r10=0xffffc9000000bce8,r11=0x3,r12=0x1,r13=0xffff888007615d80,r14=0x0,r15=0xffff888007615f50
=> 0xffffffff810d59ea <ldsem_up_read+8>:	dec    %rax
Regs: rax=0x0,rbx=0xffff888007b1d668,rcx=0x0,rdx=0x1,rsi=0x1,rdi=0xffff888007b1d690,rbp=0xffff8880001e27a0,rsp=0xffffc9000000be18,r8=0x4,r9=0xffffc9000000bdc0,r10=0xffffc9000000bce8,r11=0x3,r12=0x1,r13=0xffff888007615d80,r14=0x0,r15=0xffff888007615f50
=> 0xffffffff810d59ed <ldsem_up_read+11>:	jns    0xffffffff810d59f8 <ldsem_up_read+22>
Regs: rax=0x0,rbx=0xffff888007b1d668,rcx=0x0,rdx=0x1,rsi=0x1,rdi=0xffff888007b1d690,rbp=0xffff8880001e27a0,rsp=0xffffc9000000be18,r8=0x4,r9=0xffffc9000000bdc0,r10=0xffffc9000000bce8,r11=0x3,r12=0x1,r13=0xffff888007615d80,r14=0x0,r15=0xffff888007615f50
=> 0xffffffff810d59f8 <ldsem_up_read+22>:	ret    
Regs: rax=0x0,rbx=0xffff888007b1d668,rcx=0x0,rdx=0x1,rsi=0x1,rdi=0xffff888007b1d690,rbp=0xffff8880001e27a0,rsp=0xffffc9000000be20,r8=0x4,r9=0xffffc9000000bdc0,r10=0xffffc9000000bce8,r11=0x3,r12=0x1,r13=0xffff888007615d80,r14=0x0,r15=0xffff888007615f50
=> 0xffffffff810ce5e5 <file_tty_write+566>:	mov    (%rsp),%rax
Regs: rax=0x1,rbx=0xffff888007b1d668,rcx=0x0,rdx=0x1,rsi=0x1,rdi=0xffff888007b1d690,rbp=0xffff8880001e27a0,rsp=0xffffc9000000be20,r8=0x4,r9=0xffffc9000000bdc0,r10=0xffffc9000000bce8,r11=0x3,r12=0x1,r13=0xffff888007615d80,r14=0x0,r15=0xffff888007615f50
=> 0xffffffff810ce5e9 <file_tty_write+570>:	add    $0x28,%rsp
Regs: rax=0x1,rbx=0xffff888007b1d668,rcx=0x0,rdx=0x1,rsi=0x1,rdi=0xffff888007b1d690,rbp=0xffff8880001e27a0,rsp=0xffffc9000000be48,r8=0x4,r9=0xffffc9000000bdc0,r10=0xffffc9000000bce8,r11=0x3,r12=0x1,r13=0xffff888007615d80,r14=0x0,r15=0xffff888007615f50
=> 0xffffffff810ce5ed <file_tty_write+574>:	pop    %rbx
Regs: rax=0x1,rbx=0x0,rcx=0x0,rdx=0x1,rsi=0x1,rdi=0xffff888007b1d690,rbp=0xffff8880001e27a0,rsp=0xffffc9000000be50,r8=0x4,r9=0xffffc9000000bdc0,r10=0xffffc9000000bce8,r11=0x3,r12=0x1,r13=0xffff888007615d80,r14=0x0,r15=0xffff888007615f50
=> 0xffffffff810ce5ee <file_tty_write+575>:	pop    %rbp
Regs: rax=0x1,rbx=0x0,rcx=0x0,rdx=0x1,rsi=0x1,rdi=0xffff888007b1d690,rbp=0xffff888007615d80,rsp=0xffffc9000000be58,r8=0x4,r9=0xffffc9000000bdc0,r10=0xffffc9000000bce8,r11=0x3,r12=0x1,r13=0xffff888007615d80,r14=0x0,r15=0xffff888007615f50
=> 0xffffffff810ce5ef <file_tty_write+576>:	pop    %r12
Regs: rax=0x1,rbx=0x0,rcx=0x0,rdx=0x1,rsi=0x1,rdi=0xffff888007b1d690,rbp=0xffff888007615d80,rsp=0xffffc9000000be60,r8=0x4,r9=0xffffc9000000bdc0,r10=0xffffc9000000bce8,r11=0x3,r12=0xffffc9000000bf10,r13=0xffff888007615d80,r14=0x0,r15=0xffff888007615f50
=> 0xffffffff810ce5f1 <file_tty_write+578>:	pop    %r13
Regs: rax=0x1,rbx=0x0,rcx=0x0,rdx=0x1,rsi=0x1,rdi=0xffff888007b1d690,rbp=0xffff888007615d80,rsp=0xffffc9000000be68,r8=0x4,r9=0xffffc9000000bdc0,r10=0xffffc9000000bce8,r11=0x3,r12=0xffffc9000000bf10,r13=0xd64740,r14=0x0,r15=0xffff888007615f50
=> 0xffffffff810ce5f3 <file_tty_write+580>:	pop    %r14
Regs: rax=0x1,rbx=0x0,rcx=0x0,rdx=0x1,rsi=0x1,rdi=0xffff888007b1d690,rbp=0xffff888007615d80,rsp=0xffffc9000000be70,r8=0x4,r9=0xffffc9000000bdc0,r10=0xffffc9000000bce8,r11=0x3,r12=0xffffc9000000bf10,r13=0xd64740,r14=0x1,r15=0xffff888007615f50
=> 0xffffffff810ce5f5 <file_tty_write+582>:	pop    %r15
Regs: rax=0x1,rbx=0x0,rcx=0x0,rdx=0x1,rsi=0x1,rdi=0xffff888007b1d690,rbp=0xffff888007615d80,rsp=0xffffc9000000be78,r8=0x4,r9=0xffffc9000000bdc0,r10=0xffffc9000000bce8,r11=0x3,r12=0xffffc9000000bf10,r13=0xd64740,r14=0x1,r15=0x1
=> 0xffffffff810ce5f7 <file_tty_write+584>:	ret    
Regs: rax=0x1,rbx=0x0,rcx=0x0,rdx=0x1,rsi=0x1,rdi=0xffff888007b1d690,rbp=0xffff888007615d80,rsp=0xffffc9000000be80,r8=0x4,r9=0xffffc9000000bdc0,r10=0xffffc9000000bce8,r11=0x3,r12=0xffffc9000000bf10,r13=0xd64740,r14=0x1,r15=0x1
=> 0xffffffff810864ca <vfs_write+235>:	mov    %rax,%rbx
Regs: rax=0x1,rbx=0x1,rcx=0x0,rdx=0x1,rsi=0x1,rdi=0xffff888007b1d690,rbp=0xffff888007615d80,rsp=0xffffc9000000be80,r8=0x4,r9=0xffffc9000000bdc0,r10=0xffffc9000000bce8,r11=0x3,r12=0xffffc9000000bf10,r13=0xd64740,r14=0x1,r15=0x1
=> 0xffffffff810864cd <vfs_write+238>:	cmp    $0xfffffffffffffdef,%rax
Regs: rax=0x1,rbx=0x1,rcx=0x0,rdx=0x1,rsi=0x1,rdi=0xffff888007b1d690,rbp=0xffff888007615d80,rsp=0xffffc9000000be80,r8=0x4,r9=0xffffc9000000bdc0,r10=0xffffc9000000bce8,r11=0x3,r12=0xffffc9000000bf10,r13=0xd64740,r14=0x1,r15=0x1
=> 0xffffffff810864d3 <vfs_write+244>:	jne    0xffffffff810864d7 <vfs_write+248>
Regs: rax=0x1,rbx=0x1,rcx=0x0,rdx=0x1,rsi=0x1,rdi=0xffff888007b1d690,rbp=0xffff888007615d80,rsp=0xffffc9000000be80,r8=0x4,r9=0xffffc9000000bdc0,r10=0xffffc9000000bce8,r11=0x3,r12=0xffffc9000000bf10,r13=0xd64740,r14=0x1,r15=0x1
=> 0xffffffff810864d7 <vfs_write+248>:	test   %rax,%rax
Regs: rax=0x1,rbx=0x1,rcx=0x0,rdx=0x1,rsi=0x1,rdi=0xffff888007b1d690,rbp=0xffff888007615d80,rsp=0xffffc9000000be80,r8=0x4,r9=0xffffc9000000bdc0,r10=0xffffc9000000bce8,r11=0x3,r12=0xffffc9000000bf10,r13=0xd64740,r14=0x1,r15=0x1
=> 0xffffffff810864da <vfs_write+251>:	jle    0xffffffff81086502 <vfs_write+291>
Regs: rax=0x1,rbx=0x1,rcx=0x0,rdx=0x1,rsi=0x1,rdi=0xffff888007b1d690,rbp=0xffff888007615d80,rsp=0xffffc9000000be80,r8=0x4,r9=0xffffc9000000bdc0,r10=0xffffc9000000bce8,r11=0x3,r12=0xffffc9000000bf10,r13=0xd64740,r14=0x1,r15=0x1
=> 0xffffffff810864dc <vfs_write+253>:	test   %r12,%r12
Regs: rax=0x1,rbx=0x1,rcx=0x0,rdx=0x1,rsi=0x1,rdi=0xffff888007b1d690,rbp=0xffff888007615d80,rsp=0xffffc9000000be80,r8=0x4,r9=0xffffc9000000bdc0,r10=0xffffc9000000bce8,r11=0x3,r12=0xffffc9000000bf10,r13=0xd64740,r14=0x1,r15=0x1
=> 0xffffffff810864df <vfs_write+256>:	je     0xffffffff810864ec <vfs_write+269>
Regs: rax=0x1,rbx=0x1,rcx=0x0,rdx=0x1,rsi=0x1,rdi=0xffff888007b1d690,rbp=0xffff888007615d80,rsp=0xffffc9000000be80,r8=0x4,r9=0xffffc9000000bdc0,r10=0xffffc9000000bce8,r11=0x3,r12=0xffffc9000000bf10,r13=0xd64740,r14=0x1,r15=0x1
=> 0xffffffff810864e1 <vfs_write+258>:	mov    0x30(%rsp),%rax
Regs: rax=0x0,rbx=0x1,rcx=0x0,rdx=0x1,rsi=0x1,rdi=0xffff888007b1d690,rbp=0xffff888007615d80,rsp=0xffffc9000000be80,r8=0x4,r9=0xffffc9000000bdc0,r10=0xffffc9000000bce8,r11=0x3,r12=0xffffc9000000bf10,r13=0xd64740,r14=0x1,r15=0x1
=> 0xffffffff810864e6 <vfs_write+263>:	mov    %rax,(%r12)
Regs: rax=0x0,rbx=0x1,rcx=0x0,rdx=0x1,rsi=0x1,rdi=0xffff888007b1d690,rbp=0xffff888007615d80,rsp=0xffffc9000000be80,r8=0x4,r9=0xffffc9000000bdc0,r10=0xffffc9000000bce8,r11=0x3,r12=0xffffc9000000bf10,r13=0xd64740,r14=0x1,r15=0x1
=> 0xffffffff810864ea <vfs_write+267>:	jmp    0xffffffff810864f1 <vfs_write+274>
Regs: rax=0x0,rbx=0x1,rcx=0x0,rdx=0x1,rsi=0x1,rdi=0xffff888007b1d690,rbp=0xffff888007615d80,rsp=0xffffc9000000be80,r8=0x4,r9=0xffffc9000000bdc0,r10=0xffffc9000000bce8,r11=0x3,r12=0xffffc9000000bf10,r13=0xd64740,r14=0x1,r15=0x1
=> 0xffffffff810864f1 <vfs_write+274>:	mov    %rbp,%rdi
Regs: rax=0x0,rbx=0x1,rcx=0x0,rdx=0x1,rsi=0x1,rdi=0xffff888007615d80,rbp=0xffff888007615d80,rsp=0xffffc9000000be80,r8=0x4,r9=0xffffc9000000bdc0,r10=0xffffc9000000bce8,r11=0x3,r12=0xffffc9000000bf10,r13=0xd64740,r14=0x1,r15=0x1
=> 0xffffffff810864f4 <vfs_write+277>:	call   0xffffffff8108553c <fsnotify_modify>
Regs: rax=0x0,rbx=0x1,rcx=0x0,rdx=0x1,rsi=0x1,rdi=0xffff888007615d80,rbp=0xffff888007615d80,rsp=0xffffc9000000be78,r8=0x4,r9=0xffffc9000000bdc0,r10=0xffffc9000000bce8,r11=0x3,r12=0xffffc9000000bf10,r13=0xd64740,r14=0x1,r15=0x1
=> 0xffffffff8108553c <fsnotify_modify>:	testb  $0x4,0x3f(%rdi)
Regs: rax=0x0,rbx=0x1,rcx=0x0,rdx=0x1,rsi=0x1,rdi=0xffff888007615d80,rbp=0xffff888007615d80,rsp=0xffffc9000000be78,r8=0x4,r9=0xffffc9000000bdc0,r10=0xffffc9000000bce8,r11=0x3,r12=0xffffc9000000bf10,r13=0xd64740,r14=0x1,r15=0x1
=> 0xffffffff81085540 <fsnotify_modify+4>:	jne    0xffffffff81085555 <fsnotify_modify+25>
Regs: rax=0x0,rbx=0x1,rcx=0x0,rdx=0x1,rsi=0x1,rdi=0xffff888007615d80,rbp=0xffff888007615d80,rsp=0xffffc9000000be78,r8=0x4,r9=0xffffc9000000bdc0,r10=0xffffc9000000bce8,r11=0x3,r12=0xffffc9000000bf10,r13=0xd64740,r14=0x1,r15=0x1
=> 0xffffffff81085542 <fsnotify_modify+6>:	mov    0x18(%rdi),%rax
Regs: rax=0xffff8880001db960,rbx=0x1,rcx=0x0,rdx=0x1,rsi=0x1,rdi=0xffff888007615d80,rbp=0xffff888007615d80,rsp=0xffffc9000000be78,r8=0x4,r9=0xffffc9000000bdc0,r10=0xffffc9000000bce8,r11=0x3,r12=0xffffc9000000bf10,r13=0xd64740,r14=0x1,r15=0x1
=> 0xffffffff81085546 <fsnotify_modify+10>:	mov    0x30(%rax),%rax
Regs: rax=0xffff8880001e27a0,rbx=0x1,rcx=0x0,rdx=0x1,rsi=0x1,rdi=0xffff888007615d80,rbp=0xffff888007615d80,rsp=0xffffc9000000be78,r8=0x4,r9=0xffffc9000000bdc0,r10=0xffffc9000000bce8,r11=0x3,r12=0xffffc9000000bf10,r13=0xd64740,r14=0x1,r15=0x1
=> 0xffffffff8108554a <fsnotify_modify+14>:	mov    0x18(%rax),%rax
Regs: rax=0xffff88800014a498,rbx=0x1,rcx=0x0,rdx=0x1,rsi=0x1,rdi=0xffff888007615d80,rbp=0xffff888007615d80,rsp=0xffffc9000000be78,r8=0x4,r9=0xffffc9000000bdc0,r10=0xffffc9000000bce8,r11=0x3,r12=0xffffc9000000bf10,r13=0xd64740,r14=0x1,r15=0x1
=> 0xffffffff8108554e <fsnotify_modify+18>:	mov    0x3e0(%rax),%rax
Regs: rax=0x0,rbx=0x1,rcx=0x0,rdx=0x1,rsi=0x1,rdi=0xffff888007615d80,rbp=0xffff888007615d80,rsp=0xffffc9000000be78,r8=0x4,r9=0xffffc9000000bdc0,r10=0xffffc9000000bce8,r11=0x3,r12=0xffffc9000000bf10,r13=0xd64740,r14=0x1,r15=0x1
=> 0xffffffff81085555 <fsnotify_modify+25>:	ret    
Regs: rax=0x0,rbx=0x1,rcx=0x0,rdx=0x1,rsi=0x1,rdi=0xffff888007615d80,rbp=0xffff888007615d80,rsp=0xffffc9000000be80,r8=0x4,r9=0xffffc9000000bdc0,r10=0xffffc9000000bce8,r11=0x3,r12=0xffffc9000000bf10,r13=0xd64740,r14=0x1,r15=0x1
=> 0xffffffff810864f9 <vfs_write+282>:	jmp    0xffffffff81086502 <vfs_write+291>
Regs: rax=0x0,rbx=0x1,rcx=0x0,rdx=0x1,rsi=0x1,rdi=0xffff888007615d80,rbp=0xffff888007615d80,rsp=0xffffc9000000be80,r8=0x4,r9=0xffffc9000000bdc0,r10=0xffffc9000000bce8,r11=0x3,r12=0xffffc9000000bf10,r13=0xd64740,r14=0x1,r15=0x1
=> 0xffffffff81086502 <vfs_write+291>:	mov    0x20(%rbp),%rdi
Regs: rax=0x0,rbx=0x1,rcx=0x0,rdx=0x1,rsi=0x1,rdi=0xffff8880001e27a0,rbp=0xffff888007615d80,rsp=0xffffc9000000be80,r8=0x4,r9=0xffffc9000000bdc0,r10=0xffffc9000000bce8,r11=0x3,r12=0xffffc9000000bf10,r13=0xd64740,r14=0x1,r15=0x1
=> 0xffffffff81086506 <vfs_write+295>:	call   0xffffffff81085556 <file_end_write>
Regs: rax=0x0,rbx=0x1,rcx=0x0,rdx=0x1,rsi=0x1,rdi=0xffff8880001e27a0,rbp=0xffff888007615d80,rsp=0xffffc9000000be78,r8=0x4,r9=0xffffc9000000bdc0,r10=0xffffc9000000bce8,r11=0x3,r12=0xffffc9000000bf10,r13=0xd64740,r14=0x1,r15=0x1
=> 0xffffffff81085556 <file_end_write>:	mov    (%rdi),%eax
Regs: rax=0x52180,rbx=0x1,rcx=0x0,rdx=0x1,rsi=0x1,rdi=0xffff8880001e27a0,rbp=0xffff888007615d80,rsp=0xffffc9000000be78,r8=0x4,r9=0xffffc9000000bdc0,r10=0xffffc9000000bce8,r11=0x3,r12=0xffffc9000000bf10,r13=0xd64740,r14=0x1,r15=0x1
=> 0xffffffff81085558 <file_end_write+2>:	and    $0xf000,%ax
Regs: rax=0x52000,rbx=0x1,rcx=0x0,rdx=0x1,rsi=0x1,rdi=0xffff8880001e27a0,rbp=0xffff888007615d80,rsp=0xffffc9000000be78,r8=0x4,r9=0xffffc9000000bdc0,r10=0xffffc9000000bce8,r11=0x3,r12=0xffffc9000000bf10,r13=0xd64740,r14=0x1,r15=0x1
=> 0xffffffff8108555c <file_end_write+6>:	cmp    $0x8000,%ax
Regs: rax=0x52000,rbx=0x1,rcx=0x0,rdx=0x1,rsi=0x1,rdi=0xffff8880001e27a0,rbp=0xffff888007615d80,rsp=0xffffc9000000be78,r8=0x4,r9=0xffffc9000000bdc0,r10=0xffffc9000000bce8,r11=0x3,r12=0xffffc9000000bf10,r13=0xd64740,r14=0x1,r15=0x1
=> 0xffffffff81085560 <file_end_write+10>:	jne    0xffffffff81085590 <file_end_write+58>
Regs: rax=0x52000,rbx=0x1,rcx=0x0,rdx=0x1,rsi=0x1,rdi=0xffff8880001e27a0,rbp=0xffff888007615d80,rsp=0xffffc9000000be78,r8=0x4,r9=0xffffc9000000bdc0,r10=0xffffc9000000bce8,r11=0x3,r12=0xffffc9000000bf10,r13=0xd64740,r14=0x1,r15=0x1
=> 0xffffffff81085590 <file_end_write+58>:	ret    
Regs: rax=0x52000,rbx=0x1,rcx=0x0,rdx=0x1,rsi=0x1,rdi=0xffff8880001e27a0,rbp=0xffff888007615d80,rsp=0xffffc9000000be80,r8=0x4,r9=0xffffc9000000bdc0,r10=0xffffc9000000bce8,r11=0x3,r12=0xffffc9000000bf10,r13=0xd64740,r14=0x1,r15=0x1
=> 0xffffffff8108650b <vfs_write+300>:	jmp    0xffffffff81086526 <vfs_write+327>
Regs: rax=0x52000,rbx=0x1,rcx=0x0,rdx=0x1,rsi=0x1,rdi=0xffff8880001e27a0,rbp=0xffff888007615d80,rsp=0xffffc9000000be80,r8=0x4,r9=0xffffc9000000bdc0,r10=0xffffc9000000bce8,r11=0x3,r12=0xffffc9000000bf10,r13=0xd64740,r14=0x1,r15=0x1
=> 0xffffffff81086526 <vfs_write+327>:	add    $0x58,%rsp
Regs: rax=0x52000,rbx=0x1,rcx=0x0,rdx=0x1,rsi=0x1,rdi=0xffff8880001e27a0,rbp=0xffff888007615d80,rsp=0xffffc9000000bed8,r8=0x4,r9=0xffffc9000000bdc0,r10=0xffffc9000000bce8,r11=0x3,r12=0xffffc9000000bf10,r13=0xd64740,r14=0x1,r15=0x1
=> 0xffffffff8108652a <vfs_write+331>:	mov    %rbx,%rax
Regs: rax=0x1,rbx=0x1,rcx=0x0,rdx=0x1,rsi=0x1,rdi=0xffff8880001e27a0,rbp=0xffff888007615d80,rsp=0xffffc9000000bed8,r8=0x4,r9=0xffffc9000000bdc0,r10=0xffffc9000000bce8,r11=0x3,r12=0xffffc9000000bf10,r13=0xd64740,r14=0x1,r15=0x1
=> 0xffffffff8108652d <vfs_write+334>:	pop    %rbx
Regs: rax=0x1,rbx=0xffff888007615d80,rcx=0x0,rdx=0x1,rsi=0x1,rdi=0xffff8880001e27a0,rbp=0xffff888007615d80,rsp=0xffffc9000000bee0,r8=0x4,r9=0xffffc9000000bdc0,r10=0xffffc9000000bce8,r11=0x3,r12=0xffffc9000000bf10,r13=0xd64740,r14=0x1,r15=0x1
=> 0xffffffff8108652e <vfs_write+335>:	pop    %rbp
Regs: rax=0x1,rbx=0xffff888007615d80,rcx=0x0,rdx=0x1,rsi=0x1,rdi=0xffff8880001e27a0,rbp=0xffffc9000000bf38,rsp=0xffffc9000000bee8,r8=0x4,r9=0xffffc9000000bdc0,r10=0xffffc9000000bce8,r11=0x3,r12=0xffffc9000000bf10,r13=0xd64740,r14=0x1,r15=0x1
=> 0xffffffff8108652f <vfs_write+336>:	pop    %r12
Regs: rax=0x1,rbx=0xffff888007615d80,rcx=0x0,rdx=0x1,rsi=0x1,rdi=0xffff8880001e27a0,rbp=0xffffc9000000bf38,rsp=0xffffc9000000bef0,r8=0x4,r9=0xffffc9000000bdc0,r10=0xffffc9000000bce8,r11=0x3,r12=0x0,r13=0xd64740,r14=0x1,r15=0x1
=> 0xffffffff81086531 <vfs_write+338>:	pop    %r13
Regs: rax=0x1,rbx=0xffff888007615d80,rcx=0x0,rdx=0x1,rsi=0x1,rdi=0xffff8880001e27a0,rbp=0xffffc9000000bf38,rsp=0xffffc9000000bef8,r8=0x4,r9=0xffffc9000000bdc0,r10=0xffffc9000000bce8,r11=0x3,r12=0x0,r13=0x0,r14=0x1,r15=0x1
=> 0xffffffff81086533 <vfs_write+340>:	pop    %r14
Regs: rax=0x1,rbx=0xffff888007615d80,rcx=0x0,rdx=0x1,rsi=0x1,rdi=0xffff8880001e27a0,rbp=0xffffc9000000bf38,rsp=0xffffc9000000bf00,r8=0x4,r9=0xffffc9000000bdc0,r10=0xffffc9000000bce8,r11=0x3,r12=0x0,r13=0x0,r14=0xffffc9000000bf10,r15=0x1
=> 0xffffffff81086535 <vfs_write+342>:	ret    
Regs: rax=0x1,rbx=0xffff888007615d80,rcx=0x0,rdx=0x1,rsi=0x1,rdi=0xffff8880001e27a0,rbp=0xffffc9000000bf38,rsp=0xffffc9000000bf08,r8=0x4,r9=0xffffc9000000bdc0,r10=0xffffc9000000bce8,r11=0x3,r12=0x0,r13=0x0,r14=0xffffc9000000bf10,r15=0x1
=> 0xffffffff81086643 <ksys_write+102>:	test   %rax,%rax
Regs: rax=0x1,rbx=0xffff888007615d80,rcx=0x0,rdx=0x1,rsi=0x1,rdi=0xffff8880001e27a0,rbp=0xffffc9000000bf38,rsp=0xffffc9000000bf08,r8=0x4,r9=0xffffc9000000bdc0,r10=0xffffc9000000bce8,r11=0x3,r12=0x0,r13=0x0,r14=0xffffc9000000bf10,r15=0x1
=> 0xffffffff81086646 <ksys_write+105>:	js     0xffffffff81086656 <ksys_write+121>
Regs: rax=0x1,rbx=0xffff888007615d80,rcx=0x0,rdx=0x1,rsi=0x1,rdi=0xffff8880001e27a0,rbp=0xffffc9000000bf38,rsp=0xffffc9000000bf08,r8=0x4,r9=0xffffc9000000bdc0,r10=0xffffc9000000bce8,r11=0x3,r12=0x0,r13=0x0,r14=0xffffc9000000bf10,r15=0x1
=> 0xffffffff81086648 <ksys_write+107>:	test   %r14,%r14
Regs: rax=0x1,rbx=0xffff888007615d80,rcx=0x0,rdx=0x1,rsi=0x1,rdi=0xffff8880001e27a0,rbp=0xffffc9000000bf38,rsp=0xffffc9000000bf08,r8=0x4,r9=0xffffc9000000bdc0,r10=0xffffc9000000bce8,r11=0x3,r12=0x0,r13=0x0,r14=0xffffc9000000bf10,r15=0x1
=> 0xffffffff8108664b <ksys_write+110>:	je     0xffffffff81086656 <ksys_write+121>
Regs: rax=0x1,rbx=0xffff888007615d80,rcx=0x0,rdx=0x1,rsi=0x1,rdi=0xffff8880001e27a0,rbp=0xffffc9000000bf38,rsp=0xffffc9000000bf08,r8=0x4,r9=0xffffc9000000bdc0,r10=0xffffc9000000bce8,r11=0x3,r12=0x0,r13=0x0,r14=0xffffc9000000bf10,r15=0x1
=> 0xffffffff8108664d <ksys_write+112>:	mov    0x8(%rsp),%rdx
Regs: rax=0x1,rbx=0xffff888007615d80,rcx=0x0,rdx=0x0,rsi=0x1,rdi=0xffff8880001e27a0,rbp=0xffffc9000000bf38,rsp=0xffffc9000000bf08,r8=0x4,r9=0xffffc9000000bdc0,r10=0xffffc9000000bce8,r11=0x3,r12=0x0,r13=0x0,r14=0xffffc9000000bf10,r15=0x1
=> 0xffffffff81086652 <ksys_write+117>:	mov    %rdx,0x58(%rbx)
Regs: rax=0x1,rbx=0xffff888007615d80,rcx=0x0,rdx=0x0,rsi=0x1,rdi=0xffff8880001e27a0,rbp=0xffffc9000000bf38,rsp=0xffffc9000000bf08,r8=0x4,r9=0xffffc9000000bdc0,r10=0xffffc9000000bce8,r11=0x3,r12=0x0,r13=0x0,r14=0xffffc9000000bf10,r15=0x1
=> 0xffffffff81086656 <ksys_write+121>:	mov    %r13d,%esi
Regs: rax=0x1,rbx=0xffff888007615d80,rcx=0x0,rdx=0x0,rsi=0x0,rdi=0xffff8880001e27a0,rbp=0xffffc9000000bf38,rsp=0xffffc9000000bf08,r8=0x4,r9=0xffffc9000000bdc0,r10=0xffffc9000000bce8,r11=0x3,r12=0x0,r13=0x0,r14=0xffffc9000000bf10,r15=0x1
=> 0xffffffff81086659 <ksys_write+124>:	mov    %rbx,%rdi
Regs: rax=0x1,rbx=0xffff888007615d80,rcx=0x0,rdx=0x0,rsi=0x0,rdi=0xffff888007615d80,rbp=0xffffc9000000bf38,rsp=0xffffc9000000bf08,r8=0x4,r9=0xffffc9000000bdc0,r10=0xffffc9000000bce8,r11=0x3,r12=0x0,r13=0x0,r14=0xffffc9000000bf10,r15=0x1
=> 0xffffffff8108665c <ksys_write+127>:	mov    %rax,(%rsp)
Regs: rax=0x1,rbx=0xffff888007615d80,rcx=0x0,rdx=0x0,rsi=0x0,rdi=0xffff888007615d80,rbp=0xffffc9000000bf38,rsp=0xffffc9000000bf08,r8=0x4,r9=0xffffc9000000bdc0,r10=0xffffc9000000bce8,r11=0x3,r12=0x0,r13=0x0,r14=0xffffc9000000bf10,r15=0x1
=> 0xffffffff81086660 <ksys_write+131>:	call   0xffffffff810855d1 <fdput_pos>
Regs: rax=0x1,rbx=0xffff888007615d80,rcx=0x0,rdx=0x0,rsi=0x0,rdi=0xffff888007615d80,rbp=0xffffc9000000bf38,rsp=0xffffc9000000bf00,r8=0x4,r9=0xffffc9000000bdc0,r10=0xffffc9000000bce8,r11=0x3,r12=0x0,r13=0x0,r14=0xffffc9000000bf10,r15=0x1
=> 0xffffffff810855d1 <fdput_pos>:	test   $0x2,%sil
Regs: rax=0x1,rbx=0xffff888007615d80,rcx=0x0,rdx=0x0,rsi=0x0,rdi=0xffff888007615d80,rbp=0xffffc9000000bf38,rsp=0xffffc9000000bf00,r8=0x4,r9=0xffffc9000000bdc0,r10=0xffffc9000000bce8,r11=0x3,r12=0x0,r13=0x0,r14=0xffffc9000000bf10,r15=0x1
=> 0xffffffff810855d5 <fdput_pos+4>:	je     0xffffffff810855f4 <fdput_pos+35>
Regs: rax=0x1,rbx=0xffff888007615d80,rcx=0x0,rdx=0x0,rsi=0x0,rdi=0xffff888007615d80,rbp=0xffffc9000000bf38,rsp=0xffffc9000000bf00,r8=0x4,r9=0xffffc9000000bdc0,r10=0xffffc9000000bce8,r11=0x3,r12=0x0,r13=0x0,r14=0xffffc9000000bf10,r15=0x1
=> 0xffffffff810855f4 <fdput_pos+35>:	jmp    0xffffffff810855c5 <fdput>
Regs: rax=0x1,rbx=0xffff888007615d80,rcx=0x0,rdx=0x0,rsi=0x0,rdi=0xffff888007615d80,rbp=0xffffc9000000bf38,rsp=0xffffc9000000bf00,r8=0x4,r9=0xffffc9000000bdc0,r10=0xffffc9000000bce8,r11=0x3,r12=0x0,r13=0x0,r14=0xffffc9000000bf10,r15=0x1
=> 0xffffffff810855c5 <fdput>:	and    $0x1,%sil
Regs: rax=0x1,rbx=0xffff888007615d80,rcx=0x0,rdx=0x0,rsi=0x0,rdi=0xffff888007615d80,rbp=0xffffc9000000bf38,rsp=0xffffc9000000bf00,r8=0x4,r9=0xffffc9000000bdc0,r10=0xffffc9000000bce8,r11=0x3,r12=0x0,r13=0x0,r14=0xffffc9000000bf10,r15=0x1
=> 0xffffffff810855c9 <fdput+4>:	je     0xffffffff810855d0 <fdput+11>
Regs: rax=0x1,rbx=0xffff888007615d80,rcx=0x0,rdx=0x0,rsi=0x0,rdi=0xffff888007615d80,rbp=0xffffc9000000bf38,rsp=0xffffc9000000bf00,r8=0x4,r9=0xffffc9000000bdc0,r10=0xffffc9000000bce8,r11=0x3,r12=0x0,r13=0x0,r14=0xffffc9000000bf10,r15=0x1
=> 0xffffffff810855d0 <fdput+11>:	ret    
Regs: rax=0x1,rbx=0xffff888007615d80,rcx=0x0,rdx=0x0,rsi=0x0,rdi=0xffff888007615d80,rbp=0xffffc9000000bf38,rsp=0xffffc9000000bf08,r8=0x4,r9=0xffffc9000000bdc0,r10=0xffffc9000000bce8,r11=0x3,r12=0x0,r13=0x0,r14=0xffffc9000000bf10,r15=0x1
=> 0xffffffff81086665 <ksys_write+136>:	mov    (%rsp),%rax
Regs: rax=0x1,rbx=0xffff888007615d80,rcx=0x0,rdx=0x0,rsi=0x0,rdi=0xffff888007615d80,rbp=0xffffc9000000bf38,rsp=0xffffc9000000bf08,r8=0x4,r9=0xffffc9000000bdc0,r10=0xffffc9000000bce8,r11=0x3,r12=0x0,r13=0x0,r14=0xffffc9000000bf10,r15=0x1
=> 0xffffffff81086669 <ksys_write+140>:	pop    %rdx
Regs: rax=0x1,rbx=0xffff888007615d80,rcx=0x0,rdx=0x1,rsi=0x0,rdi=0xffff888007615d80,rbp=0xffffc9000000bf38,rsp=0xffffc9000000bf10,r8=0x4,r9=0xffffc9000000bdc0,r10=0xffffc9000000bce8,r11=0x3,r12=0x0,r13=0x0,r14=0xffffc9000000bf10,r15=0x1
=> 0xffffffff8108666a <ksys_write+141>:	pop    %rcx
Regs: rax=0x1,rbx=0xffff888007615d80,rcx=0x0,rdx=0x1,rsi=0x0,rdi=0xffff888007615d80,rbp=0xffffc9000000bf38,rsp=0xffffc9000000bf18,r8=0x4,r9=0xffffc9000000bdc0,r10=0xffffc9000000bce8,r11=0x3,r12=0x0,r13=0x0,r14=0xffffc9000000bf10,r15=0x1
=> 0xffffffff8108666b <ksys_write+142>:	pop    %rbx
Regs: rax=0x1,rbx=0xffffc9000000bf58,rcx=0x0,rdx=0x1,rsi=0x0,rdi=0xffff888007615d80,rbp=0xffffc9000000bf38,rsp=0xffffc9000000bf20,r8=0x4,r9=0xffffc9000000bdc0,r10=0xffffc9000000bce8,r11=0x3,r12=0x0,r13=0x0,r14=0xffffc9000000bf10,r15=0x1
=> 0xffffffff8108666c <ksys_write+143>:	pop    %r13
Regs: rax=0x1,rbx=0xffffc9000000bf58,rcx=0x0,rdx=0x1,rsi=0x0,rdi=0xffff888007615d80,rbp=0xffffc9000000bf38,rsp=0xffffc9000000bf28,r8=0x4,r9=0xffffc9000000bdc0,r10=0xffffc9000000bce8,r11=0x3,r12=0x0,r13=0x0,r14=0xffffc9000000bf10,r15=0x1
=> 0xffffffff8108666e <ksys_write+145>:	pop    %r14
Regs: rax=0x1,rbx=0xffffc9000000bf58,rcx=0x0,rdx=0x1,rsi=0x0,rdi=0xffff888007615d80,rbp=0xffffc9000000bf38,rsp=0xffffc9000000bf30,r8=0x4,r9=0xffffc9000000bdc0,r10=0xffffc9000000bce8,r11=0x3,r12=0x0,r13=0x0,r14=0x0,r15=0x1
=> 0xffffffff81086670 <ksys_write+147>:	pop    %r15
Regs: rax=0x1,rbx=0xffffc9000000bf58,rcx=0x0,rdx=0x1,rsi=0x0,rdi=0xffff888007615d80,rbp=0xffffc9000000bf38,rsp=0xffffc9000000bf38,r8=0x4,r9=0xffffc9000000bdc0,r10=0xffffc9000000bce8,r11=0x3,r12=0x0,r13=0x0,r14=0x0,r15=0x0
=> 0xffffffff81086672 <ksys_write+149>:	pop    %rbp
Regs: rax=0x1,rbx=0xffffc9000000bf58,rcx=0x0,rdx=0x1,rsi=0x0,rdi=0xffff888007615d80,rbp=0x0,rsp=0xffffc9000000bf40,r8=0x4,r9=0xffffc9000000bdc0,r10=0xffffc9000000bce8,r11=0x3,r12=0x0,r13=0x0,r14=0x0,r15=0x0
=> 0xffffffff81086673 <ksys_write+150>:	ret    
Regs: rax=0x1,rbx=0xffffc9000000bf58,rcx=0x0,rdx=0x1,rsi=0x0,rdi=0xffff888007615d80,rbp=0x0,rsp=0xffffc9000000bf48,r8=0x4,r9=0xffffc9000000bdc0,r10=0xffffc9000000bce8,r11=0x3,r12=0x0,r13=0x0,r14=0x0,r15=0x0
=> 0xffffffff8111d048 <do_syscall_64+57>:	mov    %rax,0x50(%rbx)
Regs: rax=0x1,rbx=0xffffc9000000bf58,rcx=0x0,rdx=0x1,rsi=0x0,rdi=0xffff888007615d80,rbp=0x0,rsp=0xffffc9000000bf48,r8=0x4,r9=0xffffc9000000bdc0,r10=0xffffc9000000bce8,r11=0x3,r12=0x0,r13=0x0,r14=0x0,r15=0x0
=> 0xffffffff8111d04c <do_syscall_64+61>:	mov    %rbx,%rdi
Regs: rax=0x1,rbx=0xffffc9000000bf58,rcx=0x0,rdx=0x1,rsi=0x0,rdi=0xffffc9000000bf58,rbp=0x0,rsp=0xffffc9000000bf48,r8=0x4,r9=0xffffc9000000bdc0,r10=0xffffc9000000bce8,r11=0x3,r12=0x0,r13=0x0,r14=0x0,r15=0x0
=> 0xffffffff8111d04f <do_syscall_64+64>:	pop    %rbx
Regs: rax=0x1,rbx=0x0,rcx=0x0,rdx=0x1,rsi=0x0,rdi=0xffffc9000000bf58,rbp=0x0,rsp=0xffffc9000000bf50,r8=0x4,r9=0xffffc9000000bdc0,r10=0xffffc9000000bce8,r11=0x3,r12=0x0,r13=0x0,r14=0x0,r15=0x0
=> 0xffffffff8111d050 <do_syscall_64+65>:	jmp    0xffffffff8111e8b2 <syscall_exit_to_user_mode>
Regs: rax=0x1,rbx=0x0,rcx=0x0,rdx=0x1,rsi=0x0,rdi=0xffffc9000000bf58,rbp=0x0,rsp=0xffffc9000000bf50,r8=0x4,r9=0xffffc9000000bdc0,r10=0xffffc9000000bce8,r11=0x3,r12=0x0,r13=0x0,r14=0x0,r15=0x0
=> 0xffffffff8111e8b2 <syscall_exit_to_user_mode>:	push   %rdx
Regs: rax=0x1,rbx=0x0,rcx=0x0,rdx=0x1,rsi=0x0,rdi=0xffffc9000000bf58,rbp=0x0,rsp=0xffffc9000000bf48,r8=0x4,r9=0xffffc9000000bdc0,r10=0xffffc9000000bce8,r11=0x3,r12=0x0,r13=0x0,r14=0x0,r15=0x0
=> 0xffffffff8111e8b3 <syscall_exit_to_user_mode+1>:	mov    %rdi,(%rsp)
Regs: rax=0x1,rbx=0x0,rcx=0x0,rdx=0x1,rsi=0x0,rdi=0xffffc9000000bf58,rbp=0x0,rsp=0xffffc9000000bf48,r8=0x4,r9=0xffffc9000000bdc0,r10=0xffffc9000000bce8,r11=0x3,r12=0x0,r13=0x0,r14=0x0,r15=0x0
=> 0xffffffff8111e8b7 <syscall_exit_to_user_mode+5>:	call   0xffffffff810477db <syscall_exit_to_user_mode_prepare>
Regs: rax=0x1,rbx=0x0,rcx=0x0,rdx=0x1,rsi=0x0,rdi=0xffffc9000000bf58,rbp=0x0,rsp=0xffffc9000000bf40,r8=0x4,r9=0xffffc9000000bdc0,r10=0xffffc9000000bce8,r11=0x3,r12=0x0,r13=0x0,r14=0x0,r15=0x0
=> 0xffffffff810477db <syscall_exit_to_user_mode_prepare>:	mov    0xffffffff81836040,%rdx
Regs: rax=0x1,rbx=0x0,rcx=0x0,rdx=0xffff888000152000,rsi=0x0,rdi=0xffffc9000000bf58,rbp=0x0,rsp=0xffffc9000000bf40,r8=0x4,r9=0xffffc9000000bdc0,r10=0xffffc9000000bce8,r11=0x3,r12=0x0,r13=0x0,r14=0x0,r15=0x0
=> 0xffffffff810477e3 <syscall_exit_to_user_mode_prepare+8>:	mov    0x8(%rdx),%rax
Regs: rax=0x0,rbx=0x0,rcx=0x0,rdx=0xffff888000152000,rsi=0x0,rdi=0xffffc9000000bf58,rbp=0x0,rsp=0xffffc9000000bf40,r8=0x4,r9=0xffffc9000000bdc0,r10=0xffffc9000000bce8,r11=0x3,r12=0x0,r13=0x0,r14=0x0,r15=0x0
=> 0xffffffff810477e7 <syscall_exit_to_user_mode_prepare+12>:	test   $0x76,%al
Regs: rax=0x0,rbx=0x0,rcx=0x0,rdx=0xffff888000152000,rsi=0x0,rdi=0xffffc9000000bf58,rbp=0x0,rsp=0xffffc9000000bf40,r8=0x4,r9=0xffffc9000000bdc0,r10=0xffffc9000000bce8,r11=0x3,r12=0x0,r13=0x0,r14=0x0,r15=0x0
=> 0xffffffff810477e9 <syscall_exit_to_user_mode_prepare+14>:	je     0xffffffff8104781b <syscall_exit_to_user_mode_prepare+64>
Regs: rax=0x0,rbx=0x0,rcx=0x0,rdx=0xffff888000152000,rsi=0x0,rdi=0xffffc9000000bf58,rbp=0x0,rsp=0xffffc9000000bf40,r8=0x4,r9=0xffffc9000000bdc0,r10=0xffffc9000000bce8,r11=0x3,r12=0x0,r13=0x0,r14=0x0,r15=0x0
=> 0xffffffff8104781b <syscall_exit_to_user_mode_prepare+64>:	ret    
Regs: rax=0x0,rbx=0x0,rcx=0x0,rdx=0xffff888000152000,rsi=0x0,rdi=0xffffc9000000bf58,rbp=0x0,rsp=0xffffc9000000bf48,r8=0x4,r9=0xffffc9000000bdc0,r10=0xffffc9000000bce8,r11=0x3,r12=0x0,r13=0x0,r14=0x0,r15=0x0
=> 0xffffffff8111e8bc <syscall_exit_to_user_mode+10>:	cli    
Regs: rax=0x0,rbx=0x0,rcx=0x0,rdx=0xffff888000152000,rsi=0x0,rdi=0xffffc9000000bf58,rbp=0x0,rsp=0xffffc9000000bf48,r8=0x4,r9=0xffffc9000000bdc0,r10=0xffffc9000000bce8,r11=0x3,r12=0x0,r13=0x0,r14=0x0,r15=0x0
=> 0xffffffff8111e8bd <syscall_exit_to_user_mode+11>:	mov    (%rsp),%rdi
Regs: rax=0x0,rbx=0x0,rcx=0x0,rdx=0xffff888000152000,rsi=0x0,rdi=0xffffc9000000bf58,rbp=0x0,rsp=0xffffc9000000bf48,r8=0x4,r9=0xffffc9000000bdc0,r10=0xffffc9000000bce8,r11=0x3,r12=0x0,r13=0x0,r14=0x0,r15=0x0
=> 0xffffffff8111e8c1 <syscall_exit_to_user_mode+15>:	call   0xffffffff81047873 <exit_to_user_mode_prepare>
Regs: rax=0x0,rbx=0x0,rcx=0x0,rdx=0xffff888000152000,rsi=0x0,rdi=0xffffc9000000bf58,rbp=0x0,rsp=0xffffc9000000bf40,r8=0x4,r9=0xffffc9000000bdc0,r10=0xffffc9000000bce8,r11=0x3,r12=0x0,r13=0x0,r14=0x0,r15=0x0
=> 0xffffffff81047873 <exit_to_user_mode_prepare>:	push   %r12
Regs: rax=0x0,rbx=0x0,rcx=0x0,rdx=0xffff888000152000,rsi=0x0,rdi=0xffffc9000000bf58,rbp=0x0,rsp=0xffffc9000000bf38,r8=0x4,r9=0xffffc9000000bdc0,r10=0xffffc9000000bce8,r11=0x3,r12=0x0,r13=0x0,r14=0x0,r15=0x0
=> 0xffffffff81047875 <exit_to_user_mode_prepare+2>:	push   %rbp
Regs: rax=0x0,rbx=0x0,rcx=0x0,rdx=0xffff888000152000,rsi=0x0,rdi=0xffffc9000000bf58,rbp=0x0,rsp=0xffffc9000000bf30,r8=0x4,r9=0xffffc9000000bdc0,r10=0xffffc9000000bce8,r11=0x3,r12=0x0,r13=0x0,r14=0x0,r15=0x0
=> 0xffffffff81047876 <exit_to_user_mode_prepare+3>:	mov    0xffffffff81836040,%rbp
Regs: rax=0x0,rbx=0x0,rcx=0x0,rdx=0xffff888000152000,rsi=0x0,rdi=0xffffc9000000bf58,rbp=0xffff888000152000,rsp=0xffffc9000000bf30,r8=0x4,r9=0xffffc9000000bdc0,r10=0xffffc9000000bce8,r11=0x3,r12=0x0,r13=0x0,r14=0x0,r15=0x0
=> 0xffffffff8104787e <exit_to_user_mode_prepare+11>:	push   %rbx
Regs: rax=0x0,rbx=0x0,rcx=0x0,rdx=0xffff888000152000,rsi=0x0,rdi=0xffffc9000000bf58,rbp=0xffff888000152000,rsp=0xffffc9000000bf28,r8=0x4,r9=0xffffc9000000bdc0,r10=0xffffc9000000bce8,r11=0x3,r12=0x0,r13=0x0,r14=0x0,r15=0x0
=> 0xffffffff8104787f <exit_to_user_mode_prepare+12>:	mov    0x0(%rbp),%rbx
Regs: rax=0x0,rbx=0x0,rcx=0x0,rdx=0xffff888000152000,rsi=0x0,rdi=0xffffc9000000bf58,rbp=0xffff888000152000,rsp=0xffffc9000000bf28,r8=0x4,r9=0xffffc9000000bdc0,r10=0xffffc9000000bce8,r11=0x3,r12=0x0,r13=0x0,r14=0x0,r15=0x0
=> 0xffffffff81047883 <exit_to_user_mode_prepare+16>:	test   $0x2300e,%ebx
Regs: rax=0x0,rbx=0x0,rcx=0x0,rdx=0xffff888000152000,rsi=0x0,rdi=0xffffc9000000bf58,rbp=0xffff888000152000,rsp=0xffffc9000000bf28,r8=0x4,r9=0xffffc9000000bdc0,r10=0xffffc9000000bce8,r11=0x3,r12=0x0,r13=0x0,r14=0x0,r15=0x0
=> 0xffffffff81047889 <exit_to_user_mode_prepare+22>:	je     0xffffffff810478d7 <exit_to_user_mode_prepare+100>
Regs: rax=0x0,rbx=0x0,rcx=0x0,rdx=0xffff888000152000,rsi=0x0,rdi=0xffffc9000000bf58,rbp=0xffff888000152000,rsp=0xffffc9000000bf28,r8=0x4,r9=0xffffc9000000bdc0,r10=0xffffc9000000bce8,r11=0x3,r12=0x0,r13=0x0,r14=0x0,r15=0x0
=> 0xffffffff810478d7 <exit_to_user_mode_prepare+100>:	bt     $0xe,%ebx
Regs: rax=0x0,rbx=0x0,rcx=0x0,rdx=0xffff888000152000,rsi=0x0,rdi=0xffffc9000000bf58,rbp=0xffff888000152000,rsp=0xffffc9000000bf28,r8=0x4,r9=0xffffc9000000bdc0,r10=0xffffc9000000bce8,r11=0x3,r12=0x0,r13=0x0,r14=0x0,r15=0x0
=> 0xffffffff810478db <exit_to_user_mode_prepare+104>:	jae    0xffffffff810478e6 <exit_to_user_mode_prepare+115>
Regs: rax=0x0,rbx=0x0,rcx=0x0,rdx=0xffff888000152000,rsi=0x0,rdi=0xffffc9000000bf58,rbp=0xffff888000152000,rsp=0xffffc9000000bf28,r8=0x4,r9=0xffffc9000000bdc0,r10=0xffffc9000000bce8,r11=0x3,r12=0x0,r13=0x0,r14=0x0,r15=0x0
=> 0xffffffff810478e6 <exit_to_user_mode_prepare+115>:	pop    %rbx
Regs: rax=0x0,rbx=0x0,rcx=0x0,rdx=0xffff888000152000,rsi=0x0,rdi=0xffffc9000000bf58,rbp=0xffff888000152000,rsp=0xffffc9000000bf30,r8=0x4,r9=0xffffc9000000bdc0,r10=0xffffc9000000bce8,r11=0x3,r12=0x0,r13=0x0,r14=0x0,r15=0x0
=> 0xffffffff810478e7 <exit_to_user_mode_prepare+116>:	pop    %rbp
Regs: rax=0x0,rbx=0x0,rcx=0x0,rdx=0xffff888000152000,rsi=0x0,rdi=0xffffc9000000bf58,rbp=0x0,rsp=0xffffc9000000bf38,r8=0x4,r9=0xffffc9000000bdc0,r10=0xffffc9000000bce8,r11=0x3,r12=0x0,r13=0x0,r14=0x0,r15=0x0
=> 0xffffffff810478e8 <exit_to_user_mode_prepare+117>:	pop    %r12
Regs: rax=0x0,rbx=0x0,rcx=0x0,rdx=0xffff888000152000,rsi=0x0,rdi=0xffffc9000000bf58,rbp=0x0,rsp=0xffffc9000000bf40,r8=0x4,r9=0xffffc9000000bdc0,r10=0xffffc9000000bce8,r11=0x3,r12=0x0,r13=0x0,r14=0x0,r15=0x0
=> 0xffffffff810478ea <exit_to_user_mode_prepare+119>:	ret    
Regs: rax=0x0,rbx=0x0,rcx=0x0,rdx=0xffff888000152000,rsi=0x0,rdi=0xffffc9000000bf58,rbp=0x0,rsp=0xffffc9000000bf48,r8=0x4,r9=0xffffc9000000bdc0,r10=0xffffc9000000bce8,r11=0x3,r12=0x0,r13=0x0,r14=0x0,r15=0x0
=> 0xffffffff8111e8c6 <syscall_exit_to_user_mode+20>:	mov    0x81b130(%rip),%eax        # 0xffffffff819399fc <mds_user_clear>
Regs: rax=0x1,rbx=0x0,rcx=0x0,rdx=0xffff888000152000,rsi=0x0,rdi=0xffffc9000000bf58,rbp=0x0,rsp=0xffffc9000000bf48,r8=0x4,r9=0xffffc9000000bdc0,r10=0xffffc9000000bce8,r11=0x3,r12=0x0,r13=0x0,r14=0x0,r15=0x0
=> 0xffffffff8111e8cc <syscall_exit_to_user_mode+26>:	test   %eax,%eax
Regs: rax=0x1,rbx=0x0,rcx=0x0,rdx=0xffff888000152000,rsi=0x0,rdi=0xffffc9000000bf58,rbp=0x0,rsp=0xffffc9000000bf48,r8=0x4,r9=0xffffc9000000bdc0,r10=0xffffc9000000bce8,r11=0x3,r12=0x0,r13=0x0,r14=0x0,r15=0x0
=> 0xffffffff8111e8ce <syscall_exit_to_user_mode+28>:	jle    0xffffffff8111e8d7 <syscall_exit_to_user_mode+37>
Regs: rax=0x1,rbx=0x0,rcx=0x0,rdx=0xffff888000152000,rsi=0x0,rdi=0xffffc9000000bf58,rbp=0x0,rsp=0xffffc9000000bf48,r8=0x4,r9=0xffffc9000000bdc0,r10=0xffffc9000000bce8,r11=0x3,r12=0x0,r13=0x0,r14=0x0,r15=0x0
=> 0xffffffff8111e8d0 <syscall_exit_to_user_mode+30>:	verw   0x4e7d4d(%rip)        # 0xffffffff81606624 <ds.0>
Regs: rax=0x1,rbx=0x0,rcx=0x0,rdx=0xffff888000152000,rsi=0x0,rdi=0xffffc9000000bf58,rbp=0x0,rsp=0xffffc9000000bf48,r8=0x4,r9=0xffffc9000000bdc0,r10=0xffffc9000000bce8,r11=0x3,r12=0x0,r13=0x0,r14=0x0,r15=0x0
=> 0xffffffff8111e8d7 <syscall_exit_to_user_mode+37>:	pop    %rax
Regs: rax=0xffffc9000000bf58,rbx=0x0,rcx=0x0,rdx=0xffff888000152000,rsi=0x0,rdi=0xffffc9000000bf58,rbp=0x0,rsp=0xffffc9000000bf50,r8=0x4,r9=0xffffc9000000bdc0,r10=0xffffc9000000bce8,r11=0x3,r12=0x0,r13=0x0,r14=0x0,r15=0x0
=> 0xffffffff8111e8d8 <syscall_exit_to_user_mode+38>:	ret    
Regs: rax=0xffffc9000000bf58,rbx=0x0,rcx=0x0,rdx=0xffff888000152000,rsi=0x0,rdi=0xffffc9000000bf58,rbp=0x0,rsp=0xffffc9000000bf58,r8=0x4,r9=0xffffc9000000bdc0,r10=0xffffc9000000bce8,r11=0x3,r12=0x0,r13=0x0,r14=0x0,r15=0x0
=> 0xffffffff81200067 <entry_SYSCALL_64+103>:	nopl   0x0(%rax,%rax,1)
Regs: rax=0xffffc9000000bf58,rbx=0x0,rcx=0x0,rdx=0xffff888000152000,rsi=0x0,rdi=0xffffc9000000bf58,rbp=0x0,rsp=0xffffc9000000bf58,r8=0x4,r9=0xffffc9000000bdc0,r10=0xffffc9000000bce8,r11=0x3,r12=0x0,r13=0x0,r14=0x0,r15=0x0
=> 0xffffffff8120006c <entry_SYSCALL_64+108>:	mov    0x58(%rsp),%rcx
Regs: rax=0xffffc9000000bf58,rbx=0x0,rcx=0x4ac087,rdx=0xffff888000152000,rsi=0x0,rdi=0xffffc9000000bf58,rbp=0x0,rsp=0xffffc9000000bf58,r8=0x4,r9=0xffffc9000000bdc0,r10=0xffffc9000000bce8,r11=0x3,r12=0x0,r13=0x0,r14=0x0,r15=0x0
=> 0xffffffff81200071 <entry_SYSCALL_64+113>:	mov    0x80(%rsp),%r11
Regs: rax=0xffffc9000000bf58,rbx=0x0,rcx=0x4ac087,rdx=0xffff888000152000,rsi=0x0,rdi=0xffffc9000000bf58,rbp=0x0,rsp=0xffffc9000000bf58,r8=0x4,r9=0xffffc9000000bdc0,r10=0xffffc9000000bce8,r11=0x4ac087,r12=0x0,r13=0x0,r14=0x0,r15=0x0
=> 0xffffffff81200079 <entry_SYSCALL_64+121>:	cmp    %rcx,%r11
Regs: rax=0xffffc9000000bf58,rbx=0x0,rcx=0x4ac087,rdx=0xffff888000152000,rsi=0x0,rdi=0xffffc9000000bf58,rbp=0x0,rsp=0xffffc9000000bf58,r8=0x4,r9=0xffffc9000000bdc0,r10=0xffffc9000000bce8,r11=0x4ac087,r12=0x0,r13=0x0,r14=0x0,r15=0x0
=> 0xffffffff8120007c <entry_SYSCALL_64+124>:	jne    0xffffffff81200cb0 <common_interrupt_return>
Regs: rax=0xffffc9000000bf58,rbx=0x0,rcx=0x4ac087,rdx=0xffff888000152000,rsi=0x0,rdi=0xffffc9000000bf58,rbp=0x0,rsp=0xffffc9000000bf58,r8=0x4,r9=0xffffc9000000bdc0,r10=0xffffc9000000bce8,r11=0x4ac087,r12=0x0,r13=0x0,r14=0x0,r15=0x0
=> 0xffffffff81200082 <entry_SYSCALL_64+130>:	shl    $0x10,%rcx
Regs: rax=0xffffc9000000bf58,rbx=0x0,rcx=0x4ac0870000,rdx=0xffff888000152000,rsi=0x0,rdi=0xffffc9000000bf58,rbp=0x0,rsp=0xffffc9000000bf58,r8=0x4,r9=0xffffc9000000bdc0,r10=0xffffc9000000bce8,r11=0x4ac087,r12=0x0,r13=0x0,r14=0x0,r15=0x0
=> 0xffffffff81200086 <entry_SYSCALL_64+134>:	sar    $0x10,%rcx
Regs: rax=0xffffc9000000bf58,rbx=0x0,rcx=0x4ac087,rdx=0xffff888000152000,rsi=0x0,rdi=0xffffc9000000bf58,rbp=0x0,rsp=0xffffc9000000bf58,r8=0x4,r9=0xffffc9000000bdc0,r10=0xffffc9000000bce8,r11=0x4ac087,r12=0x0,r13=0x0,r14=0x0,r15=0x0
=> 0xffffffff8120008a <entry_SYSCALL_64+138>:	cmp    %rcx,%r11
Regs: rax=0xffffc9000000bf58,rbx=0x0,rcx=0x4ac087,rdx=0xffff888000152000,rsi=0x0,rdi=0xffffc9000000bf58,rbp=0x0,rsp=0xffffc9000000bf58,r8=0x4,r9=0xffffc9000000bdc0,r10=0xffffc9000000bce8,r11=0x4ac087,r12=0x0,r13=0x0,r14=0x0,r15=0x0
=> 0xffffffff8120008d <entry_SYSCALL_64+141>:	jne    0xffffffff81200cb0 <common_interrupt_return>
Regs: rax=0xffffc9000000bf58,rbx=0x0,rcx=0x4ac087,rdx=0xffff888000152000,rsi=0x0,rdi=0xffffc9000000bf58,rbp=0x0,rsp=0xffffc9000000bf58,r8=0x4,r9=0xffffc9000000bdc0,r10=0xffffc9000000bce8,r11=0x4ac087,r12=0x0,r13=0x0,r14=0x0,r15=0x0
=> 0xffffffff81200093 <entry_SYSCALL_64+147>:	cmpq   $0x33,0x88(%rsp)
Regs: rax=0xffffc9000000bf58,rbx=0x0,rcx=0x4ac087,rdx=0xffff888000152000,rsi=0x0,rdi=0xffffc9000000bf58,rbp=0x0,rsp=0xffffc9000000bf58,r8=0x4,r9=0xffffc9000000bdc0,r10=0xffffc9000000bce8,r11=0x4ac087,r12=0x0,r13=0x0,r14=0x0,r15=0x0
=> 0xffffffff8120009c <entry_SYSCALL_64+156>:	jne    0xffffffff81200cb0 <common_interrupt_return>
Regs: rax=0xffffc9000000bf58,rbx=0x0,rcx=0x4ac087,rdx=0xffff888000152000,rsi=0x0,rdi=0xffffc9000000bf58,rbp=0x0,rsp=0xffffc9000000bf58,r8=0x4,r9=0xffffc9000000bdc0,r10=0xffffc9000000bce8,r11=0x4ac087,r12=0x0,r13=0x0,r14=0x0,r15=0x0
=> 0xffffffff812000a2 <entry_SYSCALL_64+162>:	mov    0x30(%rsp),%r11
Regs: rax=0xffffc9000000bf58,rbx=0x0,rcx=0x4ac087,rdx=0xffff888000152000,rsi=0x0,rdi=0xffffc9000000bf58,rbp=0x0,rsp=0xffffc9000000bf58,r8=0x4,r9=0xffffc9000000bdc0,r10=0xffffc9000000bce8,r11=0x246,r12=0x0,r13=0x0,r14=0x0,r15=0x0
=> 0xffffffff812000a7 <entry_SYSCALL_64+167>:	cmp    %r11,0x90(%rsp)
Regs: rax=0xffffc9000000bf58,rbx=0x0,rcx=0x4ac087,rdx=0xffff888000152000,rsi=0x0,rdi=0xffffc9000000bf58,rbp=0x0,rsp=0xffffc9000000bf58,r8=0x4,r9=0xffffc9000000bdc0,r10=0xffffc9000000bce8,r11=0x246,r12=0x0,r13=0x0,r14=0x0,r15=0x0
=> 0xffffffff812000af <entry_SYSCALL_64+175>:	jne    0xffffffff81200cb0 <common_interrupt_return>
Regs: rax=0xffffc9000000bf58,rbx=0x0,rcx=0x4ac087,rdx=0xffff888000152000,rsi=0x0,rdi=0xffffc9000000bf58,rbp=0x0,rsp=0xffffc9000000bf58,r8=0x4,r9=0xffffc9000000bdc0,r10=0xffffc9000000bce8,r11=0x246,r12=0x0,r13=0x0,r14=0x0,r15=0x0
=> 0xffffffff812000b5 <entry_SYSCALL_64+181>:	test   $0x10100,%r11
Regs: rax=0xffffc9000000bf58,rbx=0x0,rcx=0x4ac087,rdx=0xffff888000152000,rsi=0x0,rdi=0xffffc9000000bf58,rbp=0x0,rsp=0xffffc9000000bf58,r8=0x4,r9=0xffffc9000000bdc0,r10=0xffffc9000000bce8,r11=0x246,r12=0x0,r13=0x0,r14=0x0,r15=0x0
=> 0xffffffff812000bc <entry_SYSCALL_64+188>:	jne    0xffffffff81200cb0 <common_interrupt_return>
Regs: rax=0xffffc9000000bf58,rbx=0x0,rcx=0x4ac087,rdx=0xffff888000152000,rsi=0x0,rdi=0xffffc9000000bf58,rbp=0x0,rsp=0xffffc9000000bf58,r8=0x4,r9=0xffffc9000000bdc0,r10=0xffffc9000000bce8,r11=0x246,r12=0x0,r13=0x0,r14=0x0,r15=0x0
=> 0xffffffff812000c2 <entry_SYSCALL_64+194>:	cmpq   $0x2b,0xa0(%rsp)
Regs: rax=0xffffc9000000bf58,rbx=0x0,rcx=0x4ac087,rdx=0xffff888000152000,rsi=0x0,rdi=0xffffc9000000bf58,rbp=0x0,rsp=0xffffc9000000bf58,r8=0x4,r9=0xffffc9000000bdc0,r10=0xffffc9000000bce8,r11=0x246,r12=0x0,r13=0x0,r14=0x0,r15=0x0
=> 0xffffffff812000cb <entry_SYSCALL_64+203>:	jne    0xffffffff81200cb0 <common_interrupt_return>
Regs: rax=0xffffc9000000bf58,rbx=0x0,rcx=0x4ac087,rdx=0xffff888000152000,rsi=0x0,rdi=0xffffc9000000bf58,rbp=0x0,rsp=0xffffc9000000bf58,r8=0x4,r9=0xffffc9000000bdc0,r10=0xffffc9000000bce8,r11=0x246,r12=0x0,r13=0x0,r14=0x0,r15=0x0
=> 0xffffffff812000d1 <entry_SYSCALL_64+209>:	pop    %r15
Regs: rax=0xffffc9000000bf58,rbx=0x0,rcx=0x4ac087,rdx=0xffff888000152000,rsi=0x0,rdi=0xffffc9000000bf58,rbp=0x0,rsp=0xffffc9000000bf60,r8=0x4,r9=0xffffc9000000bdc0,r10=0xffffc9000000bce8,r11=0x246,r12=0x0,r13=0x0,r14=0x0,r15=0x64df60
=> 0xffffffff812000d3 <entry_SYSCALL_64+211>:	pop    %r14
Regs: rax=0xffffc9000000bf58,rbx=0x0,rcx=0x4ac087,rdx=0xffff888000152000,rsi=0x0,rdi=0xffffc9000000bf58,rbp=0x0,rsp=0xffffc9000000bf68,r8=0x4,r9=0xffffc9000000bdc0,r10=0xffffc9000000bce8,r11=0x246,r12=0x0,r13=0x0,r14=0x1,r15=0x64df60
=> 0xffffffff812000d5 <entry_SYSCALL_64+213>:	pop    %r13
Regs: rax=0xffffc9000000bf58,rbx=0x0,rcx=0x4ac087,rdx=0xffff888000152000,rsi=0x0,rdi=0xffffc9000000bf58,rbp=0x0,rsp=0xffffc9000000bf70,r8=0x4,r9=0xffffc9000000bdc0,r10=0xffffc9000000bce8,r11=0x246,r12=0x0,r13=0x64c460,r14=0x1,r15=0x64df60
=> 0xffffffff812000d7 <entry_SYSCALL_64+215>:	pop    %r12
Regs: rax=0xffffc9000000bf58,rbx=0x0,rcx=0x4ac087,rdx=0xffff888000152000,rsi=0x0,rdi=0xffffc9000000bf58,rbp=0x0,rsp=0xffffc9000000bf78,r8=0x4,r9=0xffffc9000000bdc0,r10=0xffffc9000000bce8,r11=0x246,r12=0x1,r13=0x64c460,r14=0x1,r15=0x64df60
=> 0xffffffff812000d9 <entry_SYSCALL_64+217>:	pop    %rbp
Regs: rax=0xffffc9000000bf58,rbx=0x0,rcx=0x4ac087,rdx=0xffff888000152000,rsi=0x0,rdi=0xffffc9000000bf58,rbp=0xd64740,rsp=0xffffc9000000bf80,r8=0x4,r9=0xffffc9000000bdc0,r10=0xffffc9000000bce8,r11=0x246,r12=0x1,r13=0x64c460,r14=0x1,r15=0x64df60
=> 0xffffffff812000da <entry_SYSCALL_64+218>:	pop    %rbx
Regs: rax=0xffffc9000000bf58,rbx=0x1,rcx=0x4ac087,rdx=0xffff888000152000,rsi=0x0,rdi=0xffffc9000000bf58,rbp=0xd64740,rsp=0xffffc9000000bf88,r8=0x4,r9=0xffffc9000000bdc0,r10=0xffffc9000000bce8,r11=0x246,r12=0x1,r13=0x64c460,r14=0x1,r15=0x64df60
=> 0xffffffff812000db <entry_SYSCALL_64+219>:	pop    %r11
Regs: rax=0xffffc9000000bf58,rbx=0x1,rcx=0x4ac087,rdx=0xffff888000152000,rsi=0x0,rdi=0xffffc9000000bf58,rbp=0xd64740,rsp=0xffffc9000000bf90,r8=0x4,r9=0xffffc9000000bdc0,r10=0xffffc9000000bce8,r11=0x246,r12=0x1,r13=0x64c460,r14=0x1,r15=0x64df60
=> 0xffffffff812000dd <entry_SYSCALL_64+221>:	pop    %r10
Regs: rax=0xffffc9000000bf58,rbx=0x1,rcx=0x4ac087,rdx=0xffff888000152000,rsi=0x0,rdi=0xffffc9000000bf58,rbp=0xd64740,rsp=0xffffc9000000bf98,r8=0x4,r9=0xffffc9000000bdc0,r10=0x7ffee7505ba8,r11=0x246,r12=0x1,r13=0x64c460,r14=0x1,r15=0x64df60
=> 0xffffffff812000df <entry_SYSCALL_64+223>:	pop    %r9
Regs: rax=0xffffc9000000bf58,rbx=0x1,rcx=0x4ac087,rdx=0xffff888000152000,rsi=0x0,rdi=0xffffc9000000bf58,rbp=0xd64740,rsp=0xffffc9000000bfa0,r8=0x4,r9=0x1,r10=0x7ffee7505ba8,r11=0x246,r12=0x1,r13=0x64c460,r14=0x1,r15=0x64df60
=> 0xffffffff812000e1 <entry_SYSCALL_64+225>:	pop    %r8
Regs: rax=0xffffc9000000bf58,rbx=0x1,rcx=0x4ac087,rdx=0xffff888000152000,rsi=0x0,rdi=0xffffc9000000bf58,rbp=0xd64740,rsp=0xffffc9000000bfa8,r8=0x7ffee7505b94,r9=0x1,r10=0x7ffee7505ba8,r11=0x246,r12=0x1,r13=0x64c460,r14=0x1,r15=0x64df60
=> 0xffffffff812000e3 <entry_SYSCALL_64+227>:	pop    %rax
Regs: rax=0x1,rbx=0x1,rcx=0x4ac087,rdx=0xffff888000152000,rsi=0x0,rdi=0xffffc9000000bf58,rbp=0xd64740,rsp=0xffffc9000000bfb0,r8=0x7ffee7505b94,r9=0x1,r10=0x7ffee7505ba8,r11=0x246,r12=0x1,r13=0x64c460,r14=0x1,r15=0x64df60
=> 0xffffffff812000e4 <entry_SYSCALL_64+228>:	pop    %rcx
Regs: rax=0x1,rbx=0x1,rcx=0x4ac087,rdx=0xffff888000152000,rsi=0x0,rdi=0xffffc9000000bf58,rbp=0xd64740,rsp=0xffffc9000000bfb8,r8=0x7ffee7505b94,r9=0x1,r10=0x7ffee7505ba8,r11=0x246,r12=0x1,r13=0x64c460,r14=0x1,r15=0x64df60
=> 0xffffffff812000e5 <entry_SYSCALL_64+229>:	pop    %rdx
Regs: rax=0x1,rbx=0x1,rcx=0x4ac087,rdx=0x1,rsi=0x0,rdi=0xffffc9000000bf58,rbp=0xd64740,rsp=0xffffc9000000bfc0,r8=0x7ffee7505b94,r9=0x1,r10=0x7ffee7505ba8,r11=0x246,r12=0x1,r13=0x64c460,r14=0x1,r15=0x64df60
=> 0xffffffff812000e6 <entry_SYSCALL_64+230>:	pop    %rsi
Regs: rax=0x1,rbx=0x1,rcx=0x4ac087,rdx=0x1,rsi=0xd64740,rdi=0xffffc9000000bf58,rbp=0xd64740,rsp=0xffffc9000000bfc8,r8=0x7ffee7505b94,r9=0x1,r10=0x7ffee7505ba8,r11=0x246,r12=0x1,r13=0x64c460,r14=0x1,r15=0x64df60
=> 0xffffffff812000e7 <entry_SYSCALL_64+231>:	mov    %rsp,%rdi
Regs: rax=0x1,rbx=0x1,rcx=0x4ac087,rdx=0x1,rsi=0xd64740,rdi=0xffffc9000000bfc8,rbp=0xd64740,rsp=0xffffc9000000bfc8,r8=0x7ffee7505b94,r9=0x1,r10=0x7ffee7505ba8,r11=0x246,r12=0x1,r13=0x64c460,r14=0x1,r15=0x64df60
=> 0xffffffff812000ea <entry_SYSCALL_64+234>:	mov    0xffffffff8180c004,%rsp
Regs: rax=0x1,rbx=0x1,rcx=0x4ac087,rdx=0x1,rsi=0xd64740,rdi=0xffffc9000000bfc8,rbp=0xd64740,rsp=0xfffffe0000003000,r8=0x7ffee7505b94,r9=0x1,r10=0x7ffee7505ba8,r11=0x246,r12=0x1,r13=0x64c460,r14=0x1,r15=0x64df60
=> 0xffffffff812000f2 <entry_SYSCALL_64+242>:	push   0x28(%rdi)
Regs: rax=0x1,rbx=0x1,rcx=0x4ac087,rdx=0x1,rsi=0xd64740,rdi=0xffffc9000000bfc8,rbp=0xd64740,rsp=0xfffffe0000002ff8,r8=0x7ffee7505b94,r9=0x1,r10=0x7ffee7505ba8,r11=0x246,r12=0x1,r13=0x64c460,r14=0x1,r15=0x64df60
=> 0xffffffff812000f5 <entry_SYSCALL_64+245>:	push   (%rdi)
Regs: rax=0x1,rbx=0x1,rcx=0x4ac087,rdx=0x1,rsi=0xd64740,rdi=0xffffc9000000bfc8,rbp=0xd64740,rsp=0xfffffe0000002ff0,r8=0x7ffee7505b94,r9=0x1,r10=0x7ffee7505ba8,r11=0x246,r12=0x1,r13=0x64c460,r14=0x1,r15=0x64df60
=> 0xffffffff812000f7 <entry_SYSCALL_64+247>:	pop    %rdi
Regs: rax=0x1,rbx=0x1,rcx=0x4ac087,rdx=0x1,rsi=0xd64740,rdi=0x1,rbp=0xd64740,rsp=0xfffffe0000002ff8,r8=0x7ffee7505b94,r9=0x1,r10=0x7ffee7505ba8,r11=0x246,r12=0x1,r13=0x64c460,r14=0x1,r15=0x64df60
=> 0xffffffff812000f8 <entry_SYSCALL_64+248>:	pop    %rsp
Regs: rax=0x1,rbx=0x1,rcx=0x4ac087,rdx=0x1,rsi=0xd64740,rdi=0x1,rbp=0xd64740,rsp=0x7ffee7505aa8,r8=0x7ffee7505b94,r9=0x1,r10=0x7ffee7505ba8,r11=0x246,r12=0x1,r13=0x64c460,r14=0x1,r15=0x64df60
=> 0xffffffff812000f9 <entry_SYSCALL_64+249>:	swapgs 
Regs: rax=0x1,rbx=0x1,rcx=0x4ac087,rdx=0x1,rsi=0xd64740,rdi=0x1,rbp=0xd64740,rsp=0x7ffee7505aa8,r8=0x7ffee7505b94,r9=0x1,r10=0x7ffee7505ba8,r11=0x246,r12=0x1,r13=0x64c460,r14=0x1,r15=0x64df60
=> 0xffffffff812000fc <entry_SYSCALL_64+252>:	sysretq 
Regs: rax=0x7,rbx=0xffffffff,rcx=0x4ad5d7,rdx=0xffffffff,rsi=0x1,rdi=0x7ffee7505b58,rbp=0xd603a0,rsp=0x7ffee7505b08,r8=0x7ffee7505b94,r9=0x1,r10=0x7ffee7505ba8,r11=0x246,r12=0x7ffee7505b58,r13=0x1,r14=0xd603a0,r15=0x7ffee7505c39
=> 0xffffffff81200000 <entry_SYSCALL_64>:	swapgs 
Regs: rax=0x7,rbx=0xffffffff,rcx=0x4ad5d7,rdx=0xffffffff,rsi=0x1,rdi=0x7ffee7505b58,rbp=0xd603a0,rsp=0x7ffee7505b08,r8=0x7ffee7505b94,r9=0x1,r10=0x7ffee7505ba8,r11=0x246,r12=0x7ffee7505b58,r13=0x1,r14=0xd603a0,r15=0x7ffee7505c39
=> 0xffffffff81200003 <entry_SYSCALL_64+3>:	mov    %rsp,0xffffffff8180c014
Regs: rax=0x7,rbx=0xffffffff,rcx=0x4ad5d7,rdx=0xffffffff,rsi=0x1,rdi=0x7ffee7505b58,rbp=0xd603a0,rsp=0x7ffee7505b08,r8=0x7ffee7505b94,r9=0x1,r10=0x7ffee7505ba8,r11=0x246,r12=0x7ffee7505b58,r13=0x1,r14=0xd603a0,r15=0x7ffee7505c39
=> 0xffffffff8120000b <entry_SYSCALL_64+11>:	mov    0xffffffff81836030,%rsp
Regs: rax=0x7,rbx=0xffffffff,rcx=0x4ad5d7,rdx=0xffffffff,rsi=0x1,rdi=0x7ffee7505b58,rbp=0xd603a0,rsp=0xffffc9000000c000,r8=0x7ffee7505b94,r9=0x1,r10=0x7ffee7505ba8,r11=0x246,r12=0x7ffee7505b58,r13=0x1,r14=0xd603a0,r15=0x7ffee7505c39
=> 0xffffffff81200013 <entry_SYSCALL_64+19>:	push   $0x2b
Regs: rax=0x7,rbx=0xffffffff,rcx=0x4ad5d7,rdx=0xffffffff,rsi=0x1,rdi=0x7ffee7505b58,rbp=0xd603a0,rsp=0xffffc9000000bff8,r8=0x7ffee7505b94,r9=0x1,r10=0x7ffee7505ba8,r11=0x246,r12=0x7ffee7505b58,r13=0x1,r14=0xd603a0,r15=0x7ffee7505c39
=> 0xffffffff81200015 <entry_SYSCALL_64+21>:	push   0xffffffff8180c014
Regs: rax=0x7,rbx=0xffffffff,rcx=0x4ad5d7,rdx=0xffffffff,rsi=0x1,rdi=0x7ffee7505b58,rbp=0xd603a0,rsp=0xffffc9000000bff0,r8=0x7ffee7505b94,r9=0x1,r10=0x7ffee7505ba8,r11=0x246,r12=0x7ffee7505b58,r13=0x1,r14=0xd603a0,r15=0x7ffee7505c39
=> 0xffffffff8120001c <entry_SYSCALL_64+28>:	push   %r11
Regs: rax=0x7,rbx=0xffffffff,rcx=0x4ad5d7,rdx=0xffffffff,rsi=0x1,rdi=0x7ffee7505b58,rbp=0xd603a0,rsp=0xffffc9000000bfe8,r8=0x7ffee7505b94,r9=0x1,r10=0x7ffee7505ba8,r11=0x246,r12=0x7ffee7505b58,r13=0x1,r14=0xd603a0,r15=0x7ffee7505c39
=> 0xffffffff8120001e <entry_SYSCALL_64+30>:	push   $0x33
Regs: rax=0x7,rbx=0xffffffff,rcx=0x4ad5d7,rdx=0xffffffff,rsi=0x1,rdi=0x7ffee7505b58,rbp=0xd603a0,rsp=0xffffc9000000bfe0,r8=0x7ffee7505b94,r9=0x1,r10=0x7ffee7505ba8,r11=0x246,r12=0x7ffee7505b58,r13=0x1,r14=0xd603a0,r15=0x7ffee7505c39
=> 0xffffffff81200020 <entry_SYSCALL_64+32>:	push   %rcx
Regs: rax=0x7,rbx=0xffffffff,rcx=0x4ad5d7,rdx=0xffffffff,rsi=0x1,rdi=0x7ffee7505b58,rbp=0xd603a0,rsp=0xffffc9000000bfd8,r8=0x7ffee7505b94,r9=0x1,r10=0x7ffee7505ba8,r11=0x246,r12=0x7ffee7505b58,r13=0x1,r14=0xd603a0,r15=0x7ffee7505c39
=> 0xffffffff81200021 <entry_SYSCALL_64+33>:	push   %rax
Regs: rax=0x7,rbx=0xffffffff,rcx=0x4ad5d7,rdx=0xffffffff,rsi=0x1,rdi=0x7ffee7505b58,rbp=0xd603a0,rsp=0xffffc9000000bfd0,r8=0x7ffee7505b94,r9=0x1,r10=0x7ffee7505ba8,r11=0x246,r12=0x7ffee7505b58,r13=0x1,r14=0xd603a0,r15=0x7ffee7505c39
=> 0xffffffff81200022 <entry_SYSCALL_64+34>:	push   %rdi
Regs: rax=0x7,rbx=0xffffffff,rcx=0x4ad5d7,rdx=0xffffffff,rsi=0x1,rdi=0x7ffee7505b58,rbp=0xd603a0,rsp=0xffffc9000000bfc8,r8=0x7ffee7505b94,r9=0x1,r10=0x7ffee7505ba8,r11=0x246,r12=0x7ffee7505b58,r13=0x1,r14=0xd603a0,r15=0x7ffee7505c39
=> 0xffffffff81200023 <entry_SYSCALL_64+35>:	push   %rsi
Regs: rax=0x7,rbx=0xffffffff,rcx=0x4ad5d7,rdx=0xffffffff,rsi=0x1,rdi=0x7ffee7505b58,rbp=0xd603a0,rsp=0xffffc9000000bfc0,r8=0x7ffee7505b94,r9=0x1,r10=0x7ffee7505ba8,r11=0x246,r12=0x7ffee7505b58,r13=0x1,r14=0xd603a0,r15=0x7ffee7505c39
=> 0xffffffff81200024 <entry_SYSCALL_64+36>:	push   %rdx
Regs: rax=0x7,rbx=0xffffffff,rcx=0x4ad5d7,rdx=0xffffffff,rsi=0x1,rdi=0x7ffee7505b58,rbp=0xd603a0,rsp=0xffffc9000000bfb8,r8=0x7ffee7505b94,r9=0x1,r10=0x7ffee7505ba8,r11=0x246,r12=0x7ffee7505b58,r13=0x1,r14=0xd603a0,r15=0x7ffee7505c39
=> 0xffffffff81200025 <entry_SYSCALL_64+37>:	push   %rcx
Regs: rax=0x7,rbx=0xffffffff,rcx=0x4ad5d7,rdx=0xffffffff,rsi=0x1,rdi=0x7ffee7505b58,rbp=0xd603a0,rsp=0xffffc9000000bfb0,r8=0x7ffee7505b94,r9=0x1,r10=0x7ffee7505ba8,r11=0x246,r12=0x7ffee7505b58,r13=0x1,r14=0xd603a0,r15=0x7ffee7505c39
=> 0xffffffff81200026 <entry_SYSCALL_64+38>:	push   $0xffffffffffffffda
Regs: rax=0x7,rbx=0xffffffff,rcx=0x4ad5d7,rdx=0xffffffff,rsi=0x1,rdi=0x7ffee7505b58,rbp=0xd603a0,rsp=0xffffc9000000bfa8,r8=0x7ffee7505b94,r9=0x1,r10=0x7ffee7505ba8,r11=0x246,r12=0x7ffee7505b58,r13=0x1,r14=0xd603a0,r15=0x7ffee7505c39
=> 0xffffffff81200028 <entry_SYSCALL_64+40>:	push   %r8
Regs: rax=0x7,rbx=0xffffffff,rcx=0x4ad5d7,rdx=0xffffffff,rsi=0x1,rdi=0x7ffee7505b58,rbp=0xd603a0,rsp=0xffffc9000000bfa0,r8=0x7ffee7505b94,r9=0x1,r10=0x7ffee7505ba8,r11=0x246,r12=0x7ffee7505b58,r13=0x1,r14=0xd603a0,r15=0x7ffee7505c39
=> 0xffffffff8120002a <entry_SYSCALL_64+42>:	push   %r9
Regs: rax=0x7,rbx=0xffffffff,rcx=0x4ad5d7,rdx=0xffffffff,rsi=0x1,rdi=0x7ffee7505b58,rbp=0xd603a0,rsp=0xffffc9000000bf98,r8=0x7ffee7505b94,r9=0x1,r10=0x7ffee7505ba8,r11=0x246,r12=0x7ffee7505b58,r13=0x1,r14=0xd603a0,r15=0x7ffee7505c39
=> 0xffffffff8120002c <entry_SYSCALL_64+44>:	push   %r10
Regs: rax=0x7,rbx=0xffffffff,rcx=0x4ad5d7,rdx=0xffffffff,rsi=0x1,rdi=0x7ffee7505b58,rbp=0xd603a0,rsp=0xffffc9000000bf90,r8=0x7ffee7505b94,r9=0x1,r10=0x7ffee7505ba8,r11=0x246,r12=0x7ffee7505b58,r13=0x1,r14=0xd603a0,r15=0x7ffee7505c39
=> 0xffffffff8120002e <entry_SYSCALL_64+46>:	push   %r11
Regs: rax=0x7,rbx=0xffffffff,rcx=0x4ad5d7,rdx=0xffffffff,rsi=0x1,rdi=0x7ffee7505b58,rbp=0xd603a0,rsp=0xffffc9000000bf88,r8=0x7ffee7505b94,r9=0x1,r10=0x7ffee7505ba8,r11=0x246,r12=0x7ffee7505b58,r13=0x1,r14=0xd603a0,r15=0x7ffee7505c39
=> 0xffffffff81200030 <entry_SYSCALL_64+48>:	push   %rbx
Regs: rax=0x7,rbx=0xffffffff,rcx=0x4ad5d7,rdx=0xffffffff,rsi=0x1,rdi=0x7ffee7505b58,rbp=0xd603a0,rsp=0xffffc9000000bf80,r8=0x7ffee7505b94,r9=0x1,r10=0x7ffee7505ba8,r11=0x246,r12=0x7ffee7505b58,r13=0x1,r14=0xd603a0,r15=0x7ffee7505c39
=> 0xffffffff81200031 <entry_SYSCALL_64+49>:	push   %rbp
Regs: rax=0x7,rbx=0xffffffff,rcx=0x4ad5d7,rdx=0xffffffff,rsi=0x1,rdi=0x7ffee7505b58,rbp=0xd603a0,rsp=0xffffc9000000bf78,r8=0x7ffee7505b94,r9=0x1,r10=0x7ffee7505ba8,r11=0x246,r12=0x7ffee7505b58,r13=0x1,r14=0xd603a0,r15=0x7ffee7505c39
=> 0xffffffff81200032 <entry_SYSCALL_64+50>:	push   %r12
Regs: rax=0x7,rbx=0xffffffff,rcx=0x4ad5d7,rdx=0xffffffff,rsi=0x1,rdi=0x7ffee7505b58,rbp=0xd603a0,rsp=0xffffc9000000bf70,r8=0x7ffee7505b94,r9=0x1,r10=0x7ffee7505ba8,r11=0x246,r12=0x7ffee7505b58,r13=0x1,r14=0xd603a0,r15=0x7ffee7505c39
=> 0xffffffff81200034 <entry_SYSCALL_64+52>:	push   %r13
Regs: rax=0x7,rbx=0xffffffff,rcx=0x4ad5d7,rdx=0xffffffff,rsi=0x1,rdi=0x7ffee7505b58,rbp=0xd603a0,rsp=0xffffc9000000bf68,r8=0x7ffee7505b94,r9=0x1,r10=0x7ffee7505ba8,r11=0x246,r12=0x7ffee7505b58,r13=0x1,r14=0xd603a0,r15=0x7ffee7505c39
=> 0xffffffff81200036 <entry_SYSCALL_64+54>:	push   %r14
Regs: rax=0x7,rbx=0xffffffff,rcx=0x4ad5d7,rdx=0xffffffff,rsi=0x1,rdi=0x7ffee7505b58,rbp=0xd603a0,rsp=0xffffc9000000bf60,r8=0x7ffee7505b94,r9=0x1,r10=0x7ffee7505ba8,r11=0x246,r12=0x7ffee7505b58,r13=0x1,r14=0xd603a0,r15=0x7ffee7505c39
=> 0xffffffff81200038 <entry_SYSCALL_64+56>:	push   %r15
Regs: rax=0x7,rbx=0xffffffff,rcx=0x4ad5d7,rdx=0xffffffff,rsi=0x1,rdi=0x7ffee7505b58,rbp=0xd603a0,rsp=0xffffc9000000bf58,r8=0x7ffee7505b94,r9=0x1,r10=0x7ffee7505ba8,r11=0x246,r12=0x7ffee7505b58,r13=0x1,r14=0xd603a0,r15=0x7ffee7505c39
=> 0xffffffff8120003a <entry_SYSCALL_64+58>:	xor    %esi,%esi
Regs: rax=0x7,rbx=0xffffffff,rcx=0x4ad5d7,rdx=0xffffffff,rsi=0x0,rdi=0x7ffee7505b58,rbp=0xd603a0,rsp=0xffffc9000000bf58,r8=0x7ffee7505b94,r9=0x1,r10=0x7ffee7505ba8,r11=0x246,r12=0x7ffee7505b58,r13=0x1,r14=0xd603a0,r15=0x7ffee7505c39
=> 0xffffffff8120003c <entry_SYSCALL_64+60>:	xor    %edx,%edx
Regs: rax=0x7,rbx=0xffffffff,rcx=0x4ad5d7,rdx=0x0,rsi=0x0,rdi=0x7ffee7505b58,rbp=0xd603a0,rsp=0xffffc9000000bf58,r8=0x7ffee7505b94,r9=0x1,r10=0x7ffee7505ba8,r11=0x246,r12=0x7ffee7505b58,r13=0x1,r14=0xd603a0,r15=0x7ffee7505c39
=> 0xffffffff8120003e <entry_SYSCALL_64+62>:	xor    %ecx,%ecx
Regs: rax=0x7,rbx=0xffffffff,rcx=0x0,rdx=0x0,rsi=0x0,rdi=0x7ffee7505b58,rbp=0xd603a0,rsp=0xffffc9000000bf58,r8=0x7ffee7505b94,r9=0x1,r10=0x7ffee7505ba8,r11=0x246,r12=0x7ffee7505b58,r13=0x1,r14=0xd603a0,r15=0x7ffee7505c39
=> 0xffffffff81200040 <entry_SYSCALL_64+64>:	xor    %r8d,%r8d
Regs: rax=0x7,rbx=0xffffffff,rcx=0x0,rdx=0x0,rsi=0x0,rdi=0x7ffee7505b58,rbp=0xd603a0,rsp=0xffffc9000000bf58,r8=0x0,r9=0x1,r10=0x7ffee7505ba8,r11=0x246,r12=0x7ffee7505b58,r13=0x1,r14=0xd603a0,r15=0x7ffee7505c39
=> 0xffffffff81200043 <entry_SYSCALL_64+67>:	xor    %r9d,%r9d
Regs: rax=0x7,rbx=0xffffffff,rcx=0x0,rdx=0x0,rsi=0x0,rdi=0x7ffee7505b58,rbp=0xd603a0,rsp=0xffffc9000000bf58,r8=0x0,r9=0x0,r10=0x7ffee7505ba8,r11=0x246,r12=0x7ffee7505b58,r13=0x1,r14=0xd603a0,r15=0x7ffee7505c39
=> 0xffffffff81200046 <entry_SYSCALL_64+70>:	xor    %r10d,%r10d
Regs: rax=0x7,rbx=0xffffffff,rcx=0x0,rdx=0x0,rsi=0x0,rdi=0x7ffee7505b58,rbp=0xd603a0,rsp=0xffffc9000000bf58,r8=0x0,r9=0x0,r10=0x0,r11=0x246,r12=0x7ffee7505b58,r13=0x1,r14=0xd603a0,r15=0x7ffee7505c39
=> 0xffffffff81200049 <entry_SYSCALL_64+73>:	xor    %r11d,%r11d
Regs: rax=0x7,rbx=0xffffffff,rcx=0x0,rdx=0x0,rsi=0x0,rdi=0x7ffee7505b58,rbp=0xd603a0,rsp=0xffffc9000000bf58,r8=0x0,r9=0x0,r10=0x0,r11=0x0,r12=0x7ffee7505b58,r13=0x1,r14=0xd603a0,r15=0x7ffee7505c39
=> 0xffffffff8120004c <entry_SYSCALL_64+76>:	xor    %ebx,%ebx
Regs: rax=0x7,rbx=0x0,rcx=0x0,rdx=0x0,rsi=0x0,rdi=0x7ffee7505b58,rbp=0xd603a0,rsp=0xffffc9000000bf58,r8=0x0,r9=0x0,r10=0x0,r11=0x0,r12=0x7ffee7505b58,r13=0x1,r14=0xd603a0,r15=0x7ffee7505c39
=> 0xffffffff8120004e <entry_SYSCALL_64+78>:	xor    %ebp,%ebp
Regs: rax=0x7,rbx=0x0,rcx=0x0,rdx=0x0,rsi=0x0,rdi=0x7ffee7505b58,rbp=0x0,rsp=0xffffc9000000bf58,r8=0x0,r9=0x0,r10=0x0,r11=0x0,r12=0x7ffee7505b58,r13=0x1,r14=0xd603a0,r15=0x7ffee7505c39
=> 0xffffffff81200050 <entry_SYSCALL_64+80>:	xor    %r12d,%r12d
Regs: rax=0x7,rbx=0x0,rcx=0x0,rdx=0x0,rsi=0x0,rdi=0x7ffee7505b58,rbp=0x0,rsp=0xffffc9000000bf58,r8=0x0,r9=0x0,r10=0x0,r11=0x0,r12=0x0,r13=0x1,r14=0xd603a0,r15=0x7ffee7505c39
=> 0xffffffff81200053 <entry_SYSCALL_64+83>:	xor    %r13d,%r13d
Regs: rax=0x7,rbx=0x0,rcx=0x0,rdx=0x0,rsi=0x0,rdi=0x7ffee7505b58,rbp=0x0,rsp=0xffffc9000000bf58,r8=0x0,r9=0x0,r10=0x0,r11=0x0,r12=0x0,r13=0x0,r14=0xd603a0,r15=0x7ffee7505c39
=> 0xffffffff81200056 <entry_SYSCALL_64+86>:	xor    %r14d,%r14d
Regs: rax=0x7,rbx=0x0,rcx=0x0,rdx=0x0,rsi=0x0,rdi=0x7ffee7505b58,rbp=0x0,rsp=0xffffc9000000bf58,r8=0x0,r9=0x0,r10=0x0,r11=0x0,r12=0x0,r13=0x0,r14=0x0,r15=0x7ffee7505c39
=> 0xffffffff81200059 <entry_SYSCALL_64+89>:	xor    %r15d,%r15d
Regs: rax=0x7,rbx=0x0,rcx=0x0,rdx=0x0,rsi=0x0,rdi=0x7ffee7505b58,rbp=0x0,rsp=0xffffc9000000bf58,r8=0x0,r9=0x0,r10=0x0,r11=0x0,r12=0x0,r13=0x0,r14=0x0,r15=0x0
=> 0xffffffff8120005c <entry_SYSCALL_64+92>:	mov    %rsp,%rdi
Regs: rax=0x7,rbx=0x0,rcx=0x0,rdx=0x0,rsi=0x0,rdi=0xffffc9000000bf58,rbp=0x0,rsp=0xffffc9000000bf58,r8=0x0,r9=0x0,r10=0x0,r11=0x0,r12=0x0,r13=0x0,r14=0x0,r15=0x0
=> 0xffffffff8120005f <entry_SYSCALL_64+95>:	movslq %eax,%rsi
Regs: rax=0x7,rbx=0x0,rcx=0x0,rdx=0x0,rsi=0x7,rdi=0xffffc9000000bf58,rbp=0x0,rsp=0xffffc9000000bf58,r8=0x0,r9=0x0,r10=0x0,r11=0x0,r12=0x0,r13=0x0,r14=0x0,r15=0x0
=> 0xffffffff81200062 <entry_SYSCALL_64+98>:	call   0xffffffff8111d00f <do_syscall_64>
Regs: rax=0x7,rbx=0x0,rcx=0x0,rdx=0x0,rsi=0x7,rdi=0xffffc9000000bf58,rbp=0x0,rsp=0xffffc9000000bf50,r8=0x0,r9=0x0,r10=0x0,r11=0x0,r12=0x0,r13=0x0,r14=0x0,r15=0x0
=> 0xffffffff8111d00f <do_syscall_64>:	push   %rbx
Regs: rax=0x7,rbx=0x0,rcx=0x0,rdx=0x0,rsi=0x7,rdi=0xffffc9000000bf58,rbp=0x0,rsp=0xffffc9000000bf48,r8=0x0,r9=0x0,r10=0x0,r11=0x0,r12=0x0,r13=0x0,r14=0x0,r15=0x0
=> 0xffffffff8111d010 <do_syscall_64+1>:	movslq %esi,%rsi
Regs: rax=0x7,rbx=0x0,rcx=0x0,rdx=0x0,rsi=0x7,rdi=0xffffc9000000bf58,rbp=0x0,rsp=0xffffc9000000bf48,r8=0x0,r9=0x0,r10=0x0,r11=0x0,r12=0x0,r13=0x0,r14=0x0,r15=0x0
=> 0xffffffff8111d013 <do_syscall_64+4>:	mov    %rdi,%rbx
Regs: rax=0x7,rbx=0xffffc9000000bf58,rcx=0x0,rdx=0x0,rsi=0x7,rdi=0xffffc9000000bf58,rbp=0x0,rsp=0xffffc9000000bf48,r8=0x0,r9=0x0,r10=0x0,r11=0x0,r12=0x0,r13=0x0,r14=0x0,r15=0x0
=> 0xffffffff8111d016 <do_syscall_64+7>:	call   0xffffffff8111e882 <syscall_enter_from_user_mode>
Regs: rax=0x7,rbx=0xffffc9000000bf58,rcx=0x0,rdx=0x0,rsi=0x7,rdi=0xffffc9000000bf58,rbp=0x0,rsp=0xffffc9000000bf40,r8=0x0,r9=0x0,r10=0x0,r11=0x0,r12=0x0,r13=0x0,r14=0x0,r15=0x0
=> 0xffffffff8111e882 <syscall_enter_from_user_mode>:	mov    %rsi,%rax
Regs: rax=0x7,rbx=0xffffc9000000bf58,rcx=0x0,rdx=0x0,rsi=0x7,rdi=0xffffc9000000bf58,rbp=0x0,rsp=0xffffc9000000bf40,r8=0x0,r9=0x0,r10=0x0,r11=0x0,r12=0x0,r13=0x0,r14=0x0,r15=0x0
=> 0xffffffff8111e885 <syscall_enter_from_user_mode+3>:	sti    
Regs: rax=0x7,rbx=0xffffc9000000bf58,rcx=0x0,rdx=0x0,rsi=0x7,rdi=0xffffc9000000bf58,rbp=0x0,rsp=0xffffc9000000bf40,r8=0x0,r9=0x0,r10=0x0,r11=0x0,r12=0x0,r13=0x0,r14=0x0,r15=0x0
=> 0xffffffff8111e886 <syscall_enter_from_user_mode+4>:	mov    0xffffffff81836040,%rdx
Regs: rax=0x7,rbx=0xffffc9000000bf58,rcx=0x0,rdx=0xffff888000152000,rsi=0x7,rdi=0xffffc9000000bf58,rbp=0x0,rsp=0xffffc9000000bf40,r8=0x0,r9=0x0,r10=0x0,r11=0x0,r12=0x0,r13=0x0,r14=0x0,r15=0x0
=> 0xffffffff8111e88e <syscall_enter_from_user_mode+12>:	mov    0x8(%rdx),%rsi
Regs: rax=0x7,rbx=0xffffc9000000bf58,rcx=0x0,rdx=0xffff888000152000,rsi=0x0,rdi=0xffffc9000000bf58,rbp=0x0,rsp=0xffffc9000000bf40,r8=0x0,r9=0x0,r10=0x0,r11=0x0,r12=0x0,r13=0x0,r14=0x0,r15=0x0
=> 0xffffffff8111e892 <syscall_enter_from_user_mode+16>:	test   $0x3f,%sil
Regs: rax=0x7,rbx=0xffffc9000000bf58,rcx=0x0,rdx=0xffff888000152000,rsi=0x0,rdi=0xffffc9000000bf58,rbp=0x0,rsp=0xffffc9000000bf40,r8=0x0,r9=0x0,r10=0x0,r11=0x0,r12=0x0,r13=0x0,r14=0x0,r15=0x0
=> 0xffffffff8111e896 <syscall_enter_from_user_mode+20>:	je     0xffffffff8111e89d <syscall_enter_from_user_mode+27>
Regs: rax=0x7,rbx=0xffffc9000000bf58,rcx=0x0,rdx=0xffff888000152000,rsi=0x0,rdi=0xffffc9000000bf58,rbp=0x0,rsp=0xffffc9000000bf40,r8=0x0,r9=0x0,r10=0x0,r11=0x0,r12=0x0,r13=0x0,r14=0x0,r15=0x0
=> 0xffffffff8111e89d <syscall_enter_from_user_mode+27>:	ret    
Regs: rax=0x7,rbx=0xffffc9000000bf58,rcx=0x0,rdx=0xffff888000152000,rsi=0x0,rdi=0xffffc9000000bf58,rbp=0x0,rsp=0xffffc9000000bf48,r8=0x0,r9=0x0,r10=0x0,r11=0x0,r12=0x0,r13=0x0,r14=0x0,r15=0x0
=> 0xffffffff8111d01b <do_syscall_64+12>:	cmp    $0x1c2,%eax
Regs: rax=0x7,rbx=0xffffc9000000bf58,rcx=0x0,rdx=0xffff888000152000,rsi=0x0,rdi=0xffffc9000000bf58,rbp=0x0,rsp=0xffffc9000000bf48,r8=0x0,r9=0x0,r10=0x0,r11=0x0,r12=0x0,r13=0x0,r14=0x0,r15=0x0
=> 0xffffffff8111d020 <do_syscall_64+17>:	jbe    0xffffffff8111d030 <do_syscall_64+33>
Regs: rax=0x7,rbx=0xffffc9000000bf58,rcx=0x0,rdx=0xffff888000152000,rsi=0x0,rdi=0xffffc9000000bf58,rbp=0x0,rsp=0xffffc9000000bf48,r8=0x0,r9=0x0,r10=0x0,r11=0x0,r12=0x0,r13=0x0,r14=0x0,r15=0x0
=> 0xffffffff8111d030 <do_syscall_64+33>:	mov    %eax,%edx
Regs: rax=0x7,rbx=0xffffc9000000bf58,rcx=0x0,rdx=0x7,rsi=0x0,rdi=0xffffc9000000bf58,rbp=0x0,rsp=0xffffc9000000bf48,r8=0x0,r9=0x0,r10=0x0,r11=0x0,r12=0x0,r13=0x0,r14=0x0,r15=0x0
=> 0xffffffff8111d032 <do_syscall_64+35>:	cmp    $0x1c3,%rdx
Regs: rax=0x7,rbx=0xffffc9000000bf58,rcx=0x0,rdx=0x7,rsi=0x0,rdi=0xffffc9000000bf58,rbp=0x0,rsp=0xffffc9000000bf48,r8=0x0,r9=0x0,r10=0x0,r11=0x0,r12=0x0,r13=0x0,r14=0x0,r15=0x0
=> 0xffffffff8111d039 <do_syscall_64+42>:	sbb    %rdx,%rdx
Regs: rax=0x7,rbx=0xffffc9000000bf58,rcx=0x0,rdx=0xffffffffffffffff,rsi=0x0,rdi=0xffffc9000000bf58,rbp=0x0,rsp=0xffffc9000000bf48,r8=0x0,r9=0x0,r10=0x0,r11=0x0,r12=0x0,r13=0x0,r14=0x0,r15=0x0
=> 0xffffffff8111d03c <do_syscall_64+45>:	and    %edx,%eax
Regs: rax=0x7,rbx=0xffffc9000000bf58,rcx=0x0,rdx=0xffffffffffffffff,rsi=0x0,rdi=0xffffc9000000bf58,rbp=0x0,rsp=0xffffc9000000bf48,r8=0x0,r9=0x0,r10=0x0,r11=0x0,r12=0x0,r13=0x0,r14=0x0,r15=0x0
=> 0xffffffff8111d03e <do_syscall_64+47>:	mov    %rbx,%rdi
Regs: rax=0x7,rbx=0xffffc9000000bf58,rcx=0x0,rdx=0xffffffffffffffff,rsi=0x0,rdi=0xffffc9000000bf58,rbp=0x0,rsp=0xffffc9000000bf48,r8=0x0,r9=0x0,r10=0x0,r11=0x0,r12=0x0,r13=0x0,r14=0x0,r15=0x0
=> 0xffffffff8111d041 <do_syscall_64+50>:	call   *-0x7e9ffde0(,%rax,8)
Regs: rax=0x7,rbx=0xffffc9000000bf58,rcx=0x0,rdx=0xffffffffffffffff,rsi=0x0,rdi=0xffffc9000000bf58,rbp=0x0,rsp=0xffffc9000000bf40,r8=0x0,r9=0x0,r10=0x0,r11=0x0,r12=0x0,r13=0x0,r14=0x0,r15=0x0
=> 0xffffffff810950a3 <__x64_sys_poll>:	push   %r14
Regs: rax=0x7,rbx=0xffffc9000000bf58,rcx=0x0,rdx=0xffffffffffffffff,rsi=0x0,rdi=0xffffc9000000bf58,rbp=0x0,rsp=0xffffc9000000bf38,r8=0x0,r9=0x0,r10=0x0,r11=0x0,r12=0x0,r13=0x0,r14=0x0,r15=0x0
=> 0xffffffff810950a5 <__x64_sys_poll+2>:	mov    $0x4,%ecx
Regs: rax=0x7,rbx=0xffffc9000000bf58,rcx=0x4,rdx=0xffffffffffffffff,rsi=0x0,rdi=0xffffc9000000bf58,rbp=0x0,rsp=0xffffc9000000bf38,r8=0x0,r9=0x0,r10=0x0,r11=0x0,r12=0x0,r13=0x0,r14=0x0,r15=0x0
=> 0xffffffff810950aa <__x64_sys_poll+7>:	xor    %eax,%eax
Regs: rax=0x0,rbx=0xffffc9000000bf58,rcx=0x4,rdx=0xffffffffffffffff,rsi=0x0,rdi=0xffffc9000000bf58,rbp=0x0,rsp=0xffffc9000000bf38,r8=0x0,r9=0x0,r10=0x0,r11=0x0,r12=0x0,r13=0x0,r14=0x0,r15=0x0
=> 0xffffffff810950ac <__x64_sys_poll+9>:	xor    %edx,%edx
Regs: rax=0x0,rbx=0xffffc9000000bf58,rcx=0x4,rdx=0x0,rsi=0x0,rdi=0xffffc9000000bf58,rbp=0x0,rsp=0xffffc9000000bf38,r8=0x0,r9=0x0,r10=0x0,r11=0x0,r12=0x0,r13=0x0,r14=0x0,r15=0x0
=> 0xffffffff810950ae <__x64_sys_poll+11>:	push   %r13
Regs: rax=0x0,rbx=0xffffc9000000bf58,rcx=0x4,rdx=0x0,rsi=0x0,rdi=0xffffc9000000bf58,rbp=0x0,rsp=0xffffc9000000bf30,r8=0x0,r9=0x0,r10=0x0,r11=0x0,r12=0x0,r13=0x0,r14=0x0,r15=0x0
=> 0xffffffff810950b0 <__x64_sys_poll+13>:	push   %r12
Regs: rax=0x0,rbx=0xffffc9000000bf58,rcx=0x4,rdx=0x0,rsi=0x0,rdi=0xffffc9000000bf58,rbp=0x0,rsp=0xffffc9000000bf28,r8=0x0,r9=0x0,r10=0x0,r11=0x0,r12=0x0,r13=0x0,r14=0x0,r15=0x0
=> 0xffffffff810950b2 <__x64_sys_poll+15>:	push   %rbp
Regs: rax=0x0,rbx=0xffffc9000000bf58,rcx=0x4,rdx=0x0,rsi=0x0,rdi=0xffffc9000000bf58,rbp=0x0,rsp=0xffffc9000000bf20,r8=0x0,r9=0x0,r10=0x0,r11=0x0,r12=0x0,r13=0x0,r14=0x0,r15=0x0
=> 0xffffffff810950b3 <__x64_sys_poll+16>:	push   %rbx
Regs: rax=0x0,rbx=0xffffc9000000bf58,rcx=0x4,rdx=0x0,rsi=0x0,rdi=0xffffc9000000bf58,rbp=0x0,rsp=0xffffc9000000bf18,r8=0x0,r9=0x0,r10=0x0,r11=0x0,r12=0x0,r13=0x0,r14=0x0,r15=0x0
=> 0xffffffff810950b4 <__x64_sys_poll+17>:	sub    $0x10,%rsp
Regs: rax=0x0,rbx=0xffffc9000000bf58,rcx=0x4,rdx=0x0,rsi=0x0,rdi=0xffffc9000000bf58,rbp=0x0,rsp=0xffffc9000000bf08,r8=0x0,r9=0x0,r10=0x0,r11=0x0,r12=0x0,r13=0x0,r14=0x0,r15=0x0
=> 0xffffffff810950b8 <__x64_sys_poll+21>:	mov    0x68(%rdi),%rbp
Regs: rax=0x0,rbx=0xffffc9000000bf58,rcx=0x4,rdx=0x0,rsi=0x0,rdi=0xffffc9000000bf58,rbp=0x1,rsp=0xffffc9000000bf08,r8=0x0,r9=0x0,r10=0x0,r11=0x0,r12=0x0,r13=0x0,r14=0x0,r15=0x0
=> 0xffffffff810950bc <__x64_sys_poll+25>:	mov    0x60(%rdi),%rbx
Regs: rax=0x0,rbx=0xffffffff,rcx=0x4,rdx=0x0,rsi=0x0,rdi=0xffffc9000000bf58,rbp=0x1,rsp=0xffffc9000000bf08,r8=0x0,r9=0x0,r10=0x0,r11=0x0,r12=0x0,r13=0x0,r14=0x0,r15=0x0
=> 0xffffffff810950c0 <__x64_sys_poll+29>:	mov    %rsp,%r13
Regs: rax=0x0,rbx=0xffffffff,rcx=0x4,rdx=0x0,rsi=0x0,rdi=0xffffc9000000bf58,rbp=0x1,rsp=0xffffc9000000bf08,r8=0x0,r9=0x0,r10=0x0,r11=0x0,r12=0x0,r13=0xffffc9000000bf08,r14=0x0,r15=0x0
=> 0xffffffff810950c3 <__x64_sys_poll+32>:	mov    0x70(%rdi),%r12
Regs: rax=0x0,rbx=0xffffffff,rcx=0x4,rdx=0x0,rsi=0x0,rdi=0xffffc9000000bf58,rbp=0x1,rsp=0xffffc9000000bf08,r8=0x0,r9=0x0,r10=0x0,r11=0x0,r12=0x7ffee7505b58,r13=0xffffc9000000bf08,r14=0x0,r15=0x0
=> 0xffffffff810950c7 <__x64_sys_poll+36>:	mov    %r13,%rdi
Regs: rax=0x0,rbx=0xffffffff,rcx=0x4,rdx=0x0,rsi=0x0,rdi=0xffffc9000000bf08,rbp=0x1,rsp=0xffffc9000000bf08,r8=0x0,r9=0x0,r10=0x0,r11=0x0,r12=0x7ffee7505b58,r13=0xffffc9000000bf08,r14=0x0,r15=0x0
=> 0xffffffff810950ca <__x64_sys_poll+39>:	mov    %ebp,%r14d
Regs: rax=0x0,rbx=0xffffffff,rcx=0x4,rdx=0x0,rsi=0x0,rdi=0xffffc9000000bf08,rbp=0x1,rsp=0xffffc9000000bf08,r8=0x0,r9=0x0,r10=0x0,r11=0x0,r12=0x7ffee7505b58,r13=0xffffc9000000bf08,r14=0x1,r15=0x0
=> 0xffffffff810950cd <__x64_sys_poll+42>:	rep stos %eax,%es:(%rdi)
Regs: rax=0x0,rbx=0xffffffff,rcx=0x3,rdx=0x0,rsi=0x0,rdi=0xffffc9000000bf0c,rbp=0x1,rsp=0xffffc9000000bf08,r8=0x0,r9=0x0,r10=0x0,r11=0x0,r12=0x7ffee7505b58,r13=0xffffc9000000bf08,r14=0x1,r15=0x0
=> 0xffffffff810950cd <__x64_sys_poll+42>:	rep stos %eax,%es:(%rdi)
Regs: rax=0x0,rbx=0xffffffff,rcx=0x2,rdx=0x0,rsi=0x0,rdi=0xffffc9000000bf10,rbp=0x1,rsp=0xffffc9000000bf08,r8=0x0,r9=0x0,r10=0x0,r11=0x0,r12=0x7ffee7505b58,r13=0xffffc9000000bf08,r14=0x1,r15=0x0
=> 0xffffffff810950cd <__x64_sys_poll+42>:	rep stos %eax,%es:(%rdi)
Regs: rax=0x0,rbx=0xffffffff,rcx=0x1,rdx=0x0,rsi=0x0,rdi=0xffffc9000000bf14,rbp=0x1,rsp=0xffffc9000000bf08,r8=0x0,r9=0x0,r10=0x0,r11=0x0,r12=0x7ffee7505b58,r13=0xffffc9000000bf08,r14=0x1,r15=0x0
=> 0xffffffff810950cd <__x64_sys_poll+42>:	rep stos %eax,%es:(%rdi)
Regs: rax=0x0,rbx=0xffffffff,rcx=0x0,rdx=0x0,rsi=0x0,rdi=0xffffc9000000bf18,rbp=0x1,rsp=0xffffc9000000bf08,r8=0x0,r9=0x0,r10=0x0,r11=0x0,r12=0x7ffee7505b58,r13=0xffffc9000000bf08,r14=0x1,r15=0x0
=> 0xffffffff810950cf <__x64_sys_poll+44>:	test   %ebx,%ebx
Regs: rax=0x0,rbx=0xffffffff,rcx=0x0,rdx=0x0,rsi=0x0,rdi=0xffffc9000000bf18,rbp=0x1,rsp=0xffffc9000000bf08,r8=0x0,r9=0x0,r10=0x0,r11=0x0,r12=0x7ffee7505b58,r13=0xffffc9000000bf08,r14=0x1,r15=0x0
=> 0xffffffff810950d1 <__x64_sys_poll+46>:	js     0xffffffff810950f5 <__x64_sys_poll+82>
Regs: rax=0x0,rbx=0xffffffff,rcx=0x0,rdx=0x0,rsi=0x0,rdi=0xffffc9000000bf18,rbp=0x1,rsp=0xffffc9000000bf08,r8=0x0,r9=0x0,r10=0x0,r11=0x0,r12=0x7ffee7505b58,r13=0xffffc9000000bf08,r14=0x1,r15=0x0
=> 0xffffffff810950f5 <__x64_sys_poll+82>:	mov    %r14d,%esi
Regs: rax=0x0,rbx=0xffffffff,rcx=0x0,rdx=0x0,rsi=0x1,rdi=0xffffc9000000bf18,rbp=0x1,rsp=0xffffc9000000bf08,r8=0x0,r9=0x0,r10=0x0,r11=0x0,r12=0x7ffee7505b58,r13=0xffffc9000000bf08,r14=0x1,r15=0x0
=> 0xffffffff810950f8 <__x64_sys_poll+85>:	mov    %r12,%rdi
Regs: rax=0x0,rbx=0xffffffff,rcx=0x0,rdx=0x0,rsi=0x1,rdi=0x7ffee7505b58,rbp=0x1,rsp=0xffffc9000000bf08,r8=0x0,r9=0x0,r10=0x0,r11=0x0,r12=0x7ffee7505b58,r13=0xffffc9000000bf08,r14=0x1,r15=0x0
=> 0xffffffff810950fb <__x64_sys_poll+88>:	call   0xffffffff810947f7 <do_sys_poll>
Regs: rax=0x0,rbx=0xffffffff,rcx=0x0,rdx=0x0,rsi=0x1,rdi=0x7ffee7505b58,rbp=0x1,rsp=0xffffc9000000bf00,r8=0x0,r9=0x0,r10=0x0,r11=0x0,r12=0x7ffee7505b58,r13=0xffffc9000000bf08,r14=0x1,r15=0x0
=> 0xffffffff810947f7 <do_sys_poll>:	push   %rbp
Regs: rax=0x0,rbx=0xffffffff,rcx=0x0,rdx=0x0,rsi=0x1,rdi=0x7ffee7505b58,rbp=0x1,rsp=0xffffc9000000bef8,r8=0x0,r9=0x0,r10=0x0,r11=0x0,r12=0x7ffee7505b58,r13=0xffffc9000000bf08,r14=0x1,r15=0x0
=> 0xffffffff810947f8 <do_sys_poll+1>:	xor    %eax,%eax
Regs: rax=0x0,rbx=0xffffffff,rcx=0x0,rdx=0x0,rsi=0x1,rdi=0x7ffee7505b58,rbp=0x1,rsp=0xffffc9000000bef8,r8=0x0,r9=0x0,r10=0x0,r11=0x0,r12=0x7ffee7505b58,r13=0xffffc9000000bf08,r14=0x1,r15=0x0
=> 0xffffffff810947fa <do_sys_poll+3>:	mov    $0x9c,%ecx
Regs: rax=0x0,rbx=0xffffffff,rcx=0x9c,rdx=0x0,rsi=0x1,rdi=0x7ffee7505b58,rbp=0x1,rsp=0xffffc9000000bef8,r8=0x0,r9=0x0,r10=0x0,r11=0x0,r12=0x7ffee7505b58,r13=0xffffc9000000bf08,r14=0x1,r15=0x0
=> 0xffffffff810947ff <do_sys_poll+8>:	mov    %rsp,%rbp
Regs: rax=0x0,rbx=0xffffffff,rcx=0x9c,rdx=0x0,rsi=0x1,rdi=0x7ffee7505b58,rbp=0xffffc9000000bef8,rsp=0xffffc9000000bef8,r8=0x0,r9=0x0,r10=0x0,r11=0x0,r12=0x7ffee7505b58,r13=0xffffc9000000bf08,r14=0x1,r15=0x0
=> 0xffffffff81094802 <do_sys_poll+11>:	push   %r15
Regs: rax=0x0,rbx=0xffffffff,rcx=0x9c,rdx=0x0,rsi=0x1,rdi=0x7ffee7505b58,rbp=0xffffc9000000bef8,rsp=0xffffc9000000bef0,r8=0x0,r9=0x0,r10=0x0,r11=0x0,r12=0x7ffee7505b58,r13=0xffffc9000000bf08,r14=0x1,r15=0x0
=> 0xffffffff81094804 <do_sys_poll+13>:	push   %r14
Regs: rax=0x0,rbx=0xffffffff,rcx=0x9c,rdx=0x0,rsi=0x1,rdi=0x7ffee7505b58,rbp=0xffffc9000000bef8,rsp=0xffffc9000000bee8,r8=0x0,r9=0x0,r10=0x0,r11=0x0,r12=0x7ffee7505b58,r13=0xffffc9000000bf08,r14=0x1,r15=0x0
=> 0xffffffff81094806 <do_sys_poll+15>:	push   %r13
Regs: rax=0x0,rbx=0xffffffff,rcx=0x9c,rdx=0x0,rsi=0x1,rdi=0x7ffee7505b58,rbp=0xffffc9000000bef8,rsp=0xffffc9000000bee0,r8=0x0,r9=0x0,r10=0x0,r11=0x0,r12=0x7ffee7505b58,r13=0xffffc9000000bf08,r14=0x1,r15=0x0
=> 0xffffffff81094808 <do_sys_poll+17>:	push   %r12
Regs: rax=0x0,rbx=0xffffffff,rcx=0x9c,rdx=0x0,rsi=0x1,rdi=0x7ffee7505b58,rbp=0xffffc9000000bef8,rsp=0xffffc9000000bed8,r8=0x0,r9=0x0,r10=0x0,r11=0x0,r12=0x7ffee7505b58,r13=0xffffc9000000bf08,r14=0x1,r15=0x0
=> 0xffffffff8109480a <do_sys_poll+19>:	push   %rbx
Regs: rax=0x0,rbx=0xffffffff,rcx=0x9c,rdx=0x0,rsi=0x1,rdi=0x7ffee7505b58,rbp=0xffffc9000000bef8,rsp=0xffffc9000000bed0,r8=0x0,r9=0x0,r10=0x0,r11=0x0,r12=0x7ffee7505b58,r13=0xffffc9000000bf08,r14=0x1,r15=0x0
=> 0xffffffff8109480b <do_sys_poll+20>:	mov    $0xffffffea,%ebx
Regs: rax=0x0,rbx=0xffffffea,rcx=0x9c,rdx=0x0,rsi=0x1,rdi=0x7ffee7505b58,rbp=0xffffc9000000bef8,rsp=0xffffc9000000bed0,r8=0x0,r9=0x0,r10=0x0,r11=0x0,r12=0x7ffee7505b58,r13=0xffffc9000000bf08,r14=0x1,r15=0x0
=> 0xffffffff81094810 <do_sys_poll+25>:	and    $0xfffffffffffffff0,%rsp
Regs: rax=0x0,rbx=0xffffffea,rcx=0x9c,rdx=0x0,rsi=0x1,rdi=0x7ffee7505b58,rbp=0xffffc9000000bef8,rsp=0xffffc9000000bed0,r8=0x0,r9=0x0,r10=0x0,r11=0x0,r12=0x7ffee7505b58,r13=0xffffc9000000bf08,r14=0x1,r15=0x0
=> 0xffffffff81094814 <do_sys_poll+29>:	sub    $0x3c0,%rsp
Regs: rax=0x0,rbx=0xffffffea,rcx=0x9c,rdx=0x0,rsi=0x1,rdi=0x7ffee7505b58,rbp=0xffffc9000000bef8,rsp=0xffffc9000000bb10,r8=0x0,r9=0x0,r10=0x0,r11=0x0,r12=0x7ffee7505b58,r13=0xffffc9000000bf08,r14=0x1,r15=0x0
=> 0xffffffff8109481b <do_sys_poll+36>:	mov    %rdi,0x40(%rsp)
Regs: rax=0x0,rbx=0xffffffea,rcx=0x9c,rdx=0x0,rsi=0x1,rdi=0x7ffee7505b58,rbp=0xffffc9000000bef8,rsp=0xffffc9000000bb10,r8=0x0,r9=0x0,r10=0x0,r11=0x0,r12=0x7ffee7505b58,r13=0xffffc9000000bf08,r14=0x1,r15=0x0
=> 0xffffffff81094820 <do_sys_poll+41>:	lea    0x50(%rsp),%r15
Regs: rax=0x0,rbx=0xffffffea,rcx=0x9c,rdx=0x0,rsi=0x1,rdi=0x7ffee7505b58,rbp=0xffffc9000000bef8,rsp=0xffffc9000000bb10,r8=0x0,r9=0x0,r10=0x0,r11=0x0,r12=0x7ffee7505b58,r13=0xffffc9000000bf08,r14=0x1,r15=0xffffc9000000bb60
=> 0xffffffff81094825 <do_sys_poll+46>:	lea    0x150(%rsp),%rdi
Regs: rax=0x0,rbx=0xffffffea,rcx=0x9c,rdx=0x0,rsi=0x1,rdi=0xffffc9000000bc60,rbp=0xffffc9000000bef8,rsp=0xffffc9000000bb10,r8=0x0,r9=0x0,r10=0x0,r11=0x0,r12=0x7ffee7505b58,r13=0xffffc9000000bf08,r14=0x1,r15=0xffffc9000000bb60
=> 0xffffffff8109482d <do_sys_poll+54>:	rep stos %eax,%es:(%rdi)
Regs: rax=0x0,rbx=0xffffffea,rcx=0x9b,rdx=0x0,rsi=0x1,rdi=0xffffc9000000bc64,rbp=0xffffc9000000bef8,rsp=0xffffc9000000bb10,r8=0x0,r9=0x0,r10=0x0,r11=0x0,r12=0x7ffee7505b58,r13=0xffffc9000000bf08,r14=0x1,r15=0xffffc9000000bb60
=> 0xffffffff8109482d <do_sys_poll+54>:	rep stos %eax,%es:(%rdi)
Regs: rax=0x0,rbx=0xffffffea,rcx=0x9a,rdx=0x0,rsi=0x1,rdi=0xffffc9000000bc68,rbp=0xffffc9000000bef8,rsp=0xffffc9000000bb10,r8=0x0,r9=0x0,r10=0x0,r11=0x0,r12=0x7ffee7505b58,r13=0xffffc9000000bf08,r14=0x1,r15=0xffffc9000000bb60
=> 0xffffffff8109482d <do_sys_poll+54>:	rep stos %eax,%es:(%rdi)
Regs: rax=0x0,rbx=0xffffffea,rcx=0x99,rdx=0x0,rsi=0x1,rdi=0xffffc9000000bc6c,rbp=0xffffc9000000bef8,rsp=0xffffc9000000bb10,r8=0x0,r9=0x0,r10=0x0,r11=0x0,r12=0x7ffee7505b58,r13=0xffffc9000000bf08,r14=0x1,r15=0xffffc9000000bb60
=> 0xffffffff8109482d <do_sys_poll+54>:	rep stos %eax,%es:(%rdi)
Regs: rax=0x0,rbx=0xffffffea,rcx=0x98,rdx=0x0,rsi=0x1,rdi=0xffffc9000000bc70,rbp=0xffffc9000000bef8,rsp=0xffffc9000000bb10,r8=0x0,r9=0x0,r10=0x0,r11=0x0,r12=0x7ffee7505b58,r13=0xffffc9000000bf08,r14=0x1,r15=0xffffc9000000bb60
=> 0xffffffff8109482d <do_sys_poll+54>:	rep stos %eax,%es:(%rdi)
Regs: rax=0x0,rbx=0xffffffea,rcx=0x97,rdx=0x0,rsi=0x1,rdi=0xffffc9000000bc74,rbp=0xffffc9000000bef8,rsp=0xffffc9000000bb10,r8=0x0,r9=0x0,r10=0x0,r11=0x0,r12=0x7ffee7505b58,r13=0xffffc9000000bf08,r14=0x1,r15=0xffffc9000000bb60
=> 0xffffffff8109482d <do_sys_poll+54>:	rep stos %eax,%es:(%rdi)
Regs: rax=0x0,rbx=0xffffffea,rcx=0x96,rdx=0x0,rsi=0x1,rdi=0xffffc9000000bc78,rbp=0xffffc9000000bef8,rsp=0xffffc9000000bb10,r8=0x0,r9=0x0,r10=0x0,r11=0x0,r12=0x7ffee7505b58,r13=0xffffc9000000bf08,r14=0x1,r15=0xffffc9000000bb60
=> 0xffffffff8109482d <do_sys_poll+54>:	rep stos %eax,%es:(%rdi)
Regs: rax=0x0,rbx=0xffffffea,rcx=0x95,rdx=0x0,rsi=0x1,rdi=0xffffc9000000bc7c,rbp=0xffffc9000000bef8,rsp=0xffffc9000000bb10,r8=0x0,r9=0x0,r10=0x0,r11=0x0,r12=0x7ffee7505b58,r13=0xffffc9000000bf08,r14=0x1,r15=0xffffc9000000bb60
=> 0xffffffff8109482d <do_sys_poll+54>:	rep stos %eax,%es:(%rdi)
Regs: rax=0x0,rbx=0xffffffea,rcx=0x94,rdx=0x0,rsi=0x1,rdi=0xffffc9000000bc80,rbp=0xffffc9000000bef8,rsp=0xffffc9000000bb10,r8=0x0,r9=0x0,r10=0x0,r11=0x0,r12=0x7ffee7505b58,r13=0xffffc9000000bf08,r14=0x1,r15=0xffffc9000000bb60
=> 0xffffffff8109482d <do_sys_poll+54>:	rep stos %eax,%es:(%rdi)
Regs: rax=0x0,rbx=0xffffffea,rcx=0x93,rdx=0x0,rsi=0x1,rdi=0xffffc9000000bc84,rbp=0xffffc9000000bef8,rsp=0xffffc9000000bb10,r8=0x0,r9=0x0,r10=0x0,r11=0x0,r12=0x7ffee7505b58,r13=0xffffc9000000bf08,r14=0x1,r15=0xffffc9000000bb60
=> 0xffffffff8109482d <do_sys_poll+54>:	rep stos %eax,%es:(%rdi)
Regs: rax=0x0,rbx=0xffffffea,rcx=0x92,rdx=0x0,rsi=0x1,rdi=0xffffc9000000bc88,rbp=0xffffc9000000bef8,rsp=0xffffc9000000bb10,r8=0x0,r9=0x0,r10=0x0,r11=0x0,r12=0x7ffee7505b58,r13=0xffffc9000000bf08,r14=0x1,r15=0xffffc9000000bb60
=> 0xffffffff8109482d <do_sys_poll+54>:	rep stos %eax,%es:(%rdi)
Regs: rax=0x0,rbx=0xffffffea,rcx=0x91,rdx=0x0,rsi=0x1,rdi=0xffffc9000000bc8c,rbp=0xffffc9000000bef8,rsp=0xffffc9000000bb10,r8=0x0,r9=0x0,r10=0x0,r11=0x0,r12=0x7ffee7505b58,r13=0xffffc9000000bf08,r14=0x1,r15=0xffffc9000000bb60
=> 0xffffffff8109482d <do_sys_poll+54>:	rep stos %eax,%es:(%rdi)
Regs: rax=0x0,rbx=0xffffffea,rcx=0x90,rdx=0x0,rsi=0x1,rdi=0xffffc9000000bc90,rbp=0xffffc9000000bef8,rsp=0xffffc9000000bb10,r8=0x0,r9=0x0,r10=0x0,r11=0x0,r12=0x7ffee7505b58,r13=0xffffc9000000bf08,r14=0x1,r15=0xffffc9000000bb60
=> 0xffffffff8109482d <do_sys_poll+54>:	rep stos %eax,%es:(%rdi)
Regs: rax=0x0,rbx=0xffffffea,rcx=0x8f,rdx=0x0,rsi=0x1,rdi=0xffffc9000000bc94,rbp=0xffffc9000000bef8,rsp=0xffffc9000000bb10,r8=0x0,r9=0x0,r10=0x0,r11=0x0,r12=0x7ffee7505b58,r13=0xffffc9000000bf08,r14=0x1,r15=0xffffc9000000bb60
=> 0xffffffff8109482d <do_sys_poll+54>:	rep stos %eax,%es:(%rdi)
Regs: rax=0x0,rbx=0xffffffea,rcx=0x8e,rdx=0x0,rsi=0x1,rdi=0xffffc9000000bc98,rbp=0xffffc9000000bef8,rsp=0xffffc9000000bb10,r8=0x0,r9=0x0,r10=0x0,r11=0x0,r12=0x7ffee7505b58,r13=0xffffc9000000bf08,r14=0x1,r15=0xffffc9000000bb60
=> 0xffffffff8109482d <do_sys_poll+54>:	rep stos %eax,%es:(%rdi)
Regs: rax=0x0,rbx=0xffffffea,rcx=0x8d,rdx=0x0,rsi=0x1,rdi=0xffffc9000000bc9c,rbp=0xffffc9000000bef8,rsp=0xffffc9000000bb10,r8=0x0,r9=0x0,r10=0x0,r11=0x0,r12=0x7ffee7505b58,r13=0xffffc9000000bf08,r14=0x1,r15=0xffffc9000000bb60
=> 0xffffffff8109482d <do_sys_poll+54>:	rep stos %eax,%es:(%rdi)
Regs: rax=0x0,rbx=0xffffffea,rcx=0x8c,rdx=0x0,rsi=0x1,rdi=0xffffc9000000bca0,rbp=0xffffc9000000bef8,rsp=0xffffc9000000bb10,r8=0x0,r9=0x0,r10=0x0,r11=0x0,r12=0x7ffee7505b58,r13=0xffffc9000000bf08,r14=0x1,r15=0xffffc9000000bb60
=> 0xffffffff8109482d <do_sys_poll+54>:	rep stos %eax,%es:(%rdi)
Regs: rax=0x0,rbx=0xffffffea,rcx=0x8b,rdx=0x0,rsi=0x1,rdi=0xffffc9000000bca4,rbp=0xffffc9000000bef8,rsp=0xffffc9000000bb10,r8=0x0,r9=0x0,r10=0x0,r11=0x0,r12=0x7ffee7505b58,r13=0xffffc9000000bf08,r14=0x1,r15=0xffffc9000000bb60
=> 0xffffffff8109482d <do_sys_poll+54>:	rep stos %eax,%es:(%rdi)
Regs: rax=0x0,rbx=0xffffffea,rcx=0x8a,rdx=0x0,rsi=0x1,rdi=0xffffc9000000bca8,rbp=0xffffc9000000bef8,rsp=0xffffc9000000bb10,r8=0x0,r9=0x0,r10=0x0,r11=0x0,r12=0x7ffee7505b58,r13=0xffffc9000000bf08,r14=0x1,r15=0xffffc9000000bb60
=> 0xffffffff8109482d <do_sys_poll+54>:	rep stos %eax,%es:(%rdi)
Regs: rax=0x0,rbx=0xffffffea,rcx=0x89,rdx=0x0,rsi=0x1,rdi=0xffffc9000000bcac,rbp=0xffffc9000000bef8,rsp=0xffffc9000000bb10,r8=0x0,r9=0x0,r10=0x0,r11=0x0,r12=0x7ffee7505b58,r13=0xffffc9000000bf08,r14=0x1,r15=0xffffc9000000bb60
=> 0xffffffff8109482d <do_sys_poll+54>:	rep stos %eax,%es:(%rdi)
Regs: rax=0x0,rbx=0xffffffea,rcx=0x88,rdx=0x0,rsi=0x1,rdi=0xffffc9000000bcb0,rbp=0xffffc9000000bef8,rsp=0xffffc9000000bb10,r8=0x0,r9=0x0,r10=0x0,r11=0x0,r12=0x7ffee7505b58,r13=0xffffc9000000bf08,r14=0x1,r15=0xffffc9000000bb60
=> 0xffffffff8109482d <do_sys_poll+54>:	rep stos %eax,%es:(%rdi)
Regs: rax=0x0,rbx=0xffffffea,rcx=0x87,rdx=0x0,rsi=0x1,rdi=0xffffc9000000bcb4,rbp=0xffffc9000000bef8,rsp=0xffffc9000000bb10,r8=0x0,r9=0x0,r10=0x0,r11=0x0,r12=0x7ffee7505b58,r13=0xffffc9000000bf08,r14=0x1,r15=0xffffc9000000bb60
=> 0xffffffff8109482d <do_sys_poll+54>:	rep stos %eax,%es:(%rdi)
Regs: rax=0x0,rbx=0xffffffea,rcx=0x86,rdx=0x0,rsi=0x1,rdi=0xffffc9000000bcb8,rbp=0xffffc9000000bef8,rsp=0xffffc9000000bb10,r8=0x0,r9=0x0,r10=0x0,r11=0x0,r12=0x7ffee7505b58,r13=0xffffc9000000bf08,r14=0x1,r15=0xffffc9000000bb60
=> 0xffffffff8109482d <do_sys_poll+54>:	rep stos %eax,%es:(%rdi)
Regs: rax=0x0,rbx=0xffffffea,rcx=0x85,rdx=0x0,rsi=0x1,rdi=0xffffc9000000bcbc,rbp=0xffffc9000000bef8,rsp=0xffffc9000000bb10,r8=0x0,r9=0x0,r10=0x0,r11=0x0,r12=0x7ffee7505b58,r13=0xffffc9000000bf08,r14=0x1,r15=0xffffc9000000bb60
=> 0xffffffff8109482d <do_sys_poll+54>:	rep stos %eax,%es:(%rdi)
Regs: rax=0x0,rbx=0xffffffea,rcx=0x84,rdx=0x0,rsi=0x1,rdi=0xffffc9000000bcc0,rbp=0xffffc9000000bef8,rsp=0xffffc9000000bb10,r8=0x0,r9=0x0,r10=0x0,r11=0x0,r12=0x7ffee7505b58,r13=0xffffc9000000bf08,r14=0x1,r15=0xffffc9000000bb60
=> 0xffffffff8109482d <do_sys_poll+54>:	rep stos %eax,%es:(%rdi)
Regs: rax=0x0,rbx=0xffffffea,rcx=0x83,rdx=0x0,rsi=0x1,rdi=0xffffc9000000bcc4,rbp=0xffffc9000000bef8,rsp=0xffffc9000000bb10,r8=0x0,r9=0x0,r10=0x0,r11=0x0,r12=0x7ffee7505b58,r13=0xffffc9000000bf08,r14=0x1,r15=0xffffc9000000bb60
=> 0xffffffff8109482d <do_sys_poll+54>:	rep stos %eax,%es:(%rdi)
Regs: rax=0x0,rbx=0xffffffea,rcx=0x82,rdx=0x0,rsi=0x1,rdi=0xffffc9000000bcc8,rbp=0xffffc9000000bef8,rsp=0xffffc9000000bb10,r8=0x0,r9=0x0,r10=0x0,r11=0x0,r12=0x7ffee7505b58,r13=0xffffc9000000bf08,r14=0x1,r15=0xffffc9000000bb60
=> 0xffffffff8109482d <do_sys_poll+54>:	rep stos %eax,%es:(%rdi)
Regs: rax=0x0,rbx=0xffffffea,rcx=0x81,rdx=0x0,rsi=0x1,rdi=0xffffc9000000bccc,rbp=0xffffc9000000bef8,rsp=0xffffc9000000bb10,r8=0x0,r9=0x0,r10=0x0,r11=0x0,r12=0x7ffee7505b58,r13=0xffffc9000000bf08,r14=0x1,r15=0xffffc9000000bb60
=> 0xffffffff8109482d <do_sys_poll+54>:	rep stos %eax,%es:(%rdi)
Regs: rax=0x0,rbx=0xffffffea,rcx=0x80,rdx=0x0,rsi=0x1,rdi=0xffffc9000000bcd0,rbp=0xffffc9000000bef8,rsp=0xffffc9000000bb10,r8=0x0,r9=0x0,r10=0x0,r11=0x0,r12=0x7ffee7505b58,r13=0xffffc9000000bf08,r14=0x1,r15=0xffffc9000000bb60
=> 0xffffffff8109482d <do_sys_poll+54>:	rep stos %eax,%es:(%rdi)
Regs: rax=0x0,rbx=0xffffffea,rcx=0x7f,rdx=0x0,rsi=0x1,rdi=0xffffc9000000bcd4,rbp=0xffffc9000000bef8,rsp=0xffffc9000000bb10,r8=0x0,r9=0x0,r10=0x0,r11=0x0,r12=0x7ffee7505b58,r13=0xffffc9000000bf08,r14=0x1,r15=0xffffc9000000bb60
=> 0xffffffff8109482d <do_sys_poll+54>:	rep stos %eax,%es:(%rdi)
Regs: rax=0x0,rbx=0xffffffea,rcx=0x7e,rdx=0x0,rsi=0x1,rdi=0xffffc9000000bcd8,rbp=0xffffc9000000bef8,rsp=0xffffc9000000bb10,r8=0x0,r9=0x0,r10=0x0,r11=0x0,r12=0x7ffee7505b58,r13=0xffffc9000000bf08,r14=0x1,r15=0xffffc9000000bb60
=> 0xffffffff8109482d <do_sys_poll+54>:	rep stos %eax,%es:(%rdi)
Regs: rax=0x0,rbx=0xffffffea,rcx=0x7d,rdx=0x0,rsi=0x1,rdi=0xffffc9000000bcdc,rbp=0xffffc9000000bef8,rsp=0xffffc9000000bb10,r8=0x0,r9=0x0,r10=0x0,r11=0x0,r12=0x7ffee7505b58,r13=0xffffc9000000bf08,r14=0x1,r15=0xffffc9000000bb60
=> 0xffffffff8109482d <do_sys_poll+54>:	rep stos %eax,%es:(%rdi)
Regs: rax=0x0,rbx=0xffffffea,rcx=0x7c,rdx=0x0,rsi=0x1,rdi=0xffffc9000000bce0,rbp=0xffffc9000000bef8,rsp=0xffffc9000000bb10,r8=0x0,r9=0x0,r10=0x0,r11=0x0,r12=0x7ffee7505b58,r13=0xffffc9000000bf08,r14=0x1,r15=0xffffc9000000bb60
=> 0xffffffff8109482d <do_sys_poll+54>:	rep stos %eax,%es:(%rdi)
Regs: rax=0x0,rbx=0xffffffea,rcx=0x7b,rdx=0x0,rsi=0x1,rdi=0xffffc9000000bce4,rbp=0xffffc9000000bef8,rsp=0xffffc9000000bb10,r8=0x0,r9=0x0,r10=0x0,r11=0x0,r12=0x7ffee7505b58,r13=0xffffc9000000bf08,r14=0x1,r15=0xffffc9000000bb60
=> 0xffffffff8109482d <do_sys_poll+54>:	rep stos %eax,%es:(%rdi)
Regs: rax=0x0,rbx=0xffffffea,rcx=0x7a,rdx=0x0,rsi=0x1,rdi=0xffffc9000000bce8,rbp=0xffffc9000000bef8,rsp=0xffffc9000000bb10,r8=0x0,r9=0x0,r10=0x0,r11=0x0,r12=0x7ffee7505b58,r13=0xffffc9000000bf08,r14=0x1,r15=0xffffc9000000bb60
=> 0xffffffff8109482d <do_sys_poll+54>:	rep stos %eax,%es:(%rdi)
Regs: rax=0x0,rbx=0xffffffea,rcx=0x79,rdx=0x0,rsi=0x1,rdi=0xffffc9000000bcec,rbp=0xffffc9000000bef8,rsp=0xffffc9000000bb10,r8=0x0,r9=0x0,r10=0x0,r11=0x0,r12=0x7ffee7505b58,r13=0xffffc9000000bf08,r14=0x1,r15=0xffffc9000000bb60
=> 0xffffffff8109482d <do_sys_poll+54>:	rep stos %eax,%es:(%rdi)
Regs: rax=0x0,rbx=0xffffffea,rcx=0x78,rdx=0x0,rsi=0x1,rdi=0xffffc9000000bcf0,rbp=0xffffc9000000bef8,rsp=0xffffc9000000bb10,r8=0x0,r9=0x0,r10=0x0,r11=0x0,r12=0x7ffee7505b58,r13=0xffffc9000000bf08,r14=0x1,r15=0xffffc9000000bb60
=> 0xffffffff8109482d <do_sys_poll+54>:	rep stos %eax,%es:(%rdi)
Regs: rax=0x0,rbx=0xffffffea,rcx=0x77,rdx=0x0,rsi=0x1,rdi=0xffffc9000000bcf4,rbp=0xffffc9000000bef8,rsp=0xffffc9000000bb10,r8=0x0,r9=0x0,r10=0x0,r11=0x0,r12=0x7ffee7505b58,r13=0xffffc9000000bf08,r14=0x1,r15=0xffffc9000000bb60
=> 0xffffffff8109482d <do_sys_poll+54>:	rep stos %eax,%es:(%rdi)
Regs: rax=0x0,rbx=0xffffffea,rcx=0x76,rdx=0x0,rsi=0x1,rdi=0xffffc9000000bcf8,rbp=0xffffc9000000bef8,rsp=0xffffc9000000bb10,r8=0x0,r9=0x0,r10=0x0,r11=0x0,r12=0x7ffee7505b58,r13=0xffffc9000000bf08,r14=0x1,r15=0xffffc9000000bb60
=> 0xffffffff8109482d <do_sys_poll+54>:	rep stos %eax,%es:(%rdi)
Regs: rax=0x0,rbx=0xffffffea,rcx=0x75,rdx=0x0,rsi=0x1,rdi=0xffffc9000000bcfc,rbp=0xffffc9000000bef8,rsp=0xffffc9000000bb10,r8=0x0,r9=0x0,r10=0x0,r11=0x0,r12=0x7ffee7505b58,r13=0xffffc9000000bf08,r14=0x1,r15=0xffffc9000000bb60
=> 0xffffffff8109482d <do_sys_poll+54>:	rep stos %eax,%es:(%rdi)
Regs: rax=0x0,rbx=0xffffffea,rcx=0x74,rdx=0x0,rsi=0x1,rdi=0xffffc9000000bd00,rbp=0xffffc9000000bef8,rsp=0xffffc9000000bb10,r8=0x0,r9=0x0,r10=0x0,r11=0x0,r12=0x7ffee7505b58,r13=0xffffc9000000bf08,r14=0x1,r15=0xffffc9000000bb60
=> 0xffffffff8109482d <do_sys_poll+54>:	rep stos %eax,%es:(%rdi)
Regs: rax=0x0,rbx=0xffffffea,rcx=0x73,rdx=0x0,rsi=0x1,rdi=0xffffc9000000bd04,rbp=0xffffc9000000bef8,rsp=0xffffc9000000bb10,r8=0x0,r9=0x0,r10=0x0,r11=0x0,r12=0x7ffee7505b58,r13=0xffffc9000000bf08,r14=0x1,r15=0xffffc9000000bb60
=> 0xffffffff8109482d <do_sys_poll+54>:	rep stos %eax,%es:(%rdi)
Regs: rax=0x0,rbx=0xffffffea,rcx=0x72,rdx=0x0,rsi=0x1,rdi=0xffffc9000000bd08,rbp=0xffffc9000000bef8,rsp=0xffffc9000000bb10,r8=0x0,r9=0x0,r10=0x0,r11=0x0,r12=0x7ffee7505b58,r13=0xffffc9000000bf08,r14=0x1,r15=0xffffc9000000bb60
=> 0xffffffff8109482d <do_sys_poll+54>:	rep stos %eax,%es:(%rdi)
Regs: rax=0x0,rbx=0xffffffea,rcx=0x71,rdx=0x0,rsi=0x1,rdi=0xffffc9000000bd0c,rbp=0xffffc9000000bef8,rsp=0xffffc9000000bb10,r8=0x0,r9=0x0,r10=0x0,r11=0x0,r12=0x7ffee7505b58,r13=0xffffc9000000bf08,r14=0x1,r15=0xffffc9000000bb60
=> 0xffffffff8109482d <do_sys_poll+54>:	rep stos %eax,%es:(%rdi)
Regs: rax=0x0,rbx=0xffffffea,rcx=0x70,rdx=0x0,rsi=0x1,rdi=0xffffc9000000bd10,rbp=0xffffc9000000bef8,rsp=0xffffc9000000bb10,r8=0x0,r9=0x0,r10=0x0,r11=0x0,r12=0x7ffee7505b58,r13=0xffffc9000000bf08,r14=0x1,r15=0xffffc9000000bb60
=> 0xffffffff8109482d <do_sys_poll+54>:	rep stos %eax,%es:(%rdi)
Regs: rax=0x0,rbx=0xffffffea,rcx=0x6f,rdx=0x0,rsi=0x1,rdi=0xffffc9000000bd14,rbp=0xffffc9000000bef8,rsp=0xffffc9000000bb10,r8=0x0,r9=0x0,r10=0x0,r11=0x0,r12=0x7ffee7505b58,r13=0xffffc9000000bf08,r14=0x1,r15=0xffffc9000000bb60
=> 0xffffffff8109482d <do_sys_poll+54>:	rep stos %eax,%es:(%rdi)
Regs: rax=0x0,rbx=0xffffffea,rcx=0x6e,rdx=0x0,rsi=0x1,rdi=0xffffc9000000bd18,rbp=0xffffc9000000bef8,rsp=0xffffc9000000bb10,r8=0x0,r9=0x0,r10=0x0,r11=0x0,r12=0x7ffee7505b58,r13=0xffffc9000000bf08,r14=0x1,r15=0xffffc9000000bb60
=> 0xffffffff8109482d <do_sys_poll+54>:	rep stos %eax,%es:(%rdi)
Regs: rax=0x0,rbx=0xffffffea,rcx=0x6d,rdx=0x0,rsi=0x1,rdi=0xffffc9000000bd1c,rbp=0xffffc9000000bef8,rsp=0xffffc9000000bb10,r8=0x0,r9=0x0,r10=0x0,r11=0x0,r12=0x7ffee7505b58,r13=0xffffc9000000bf08,r14=0x1,r15=0xffffc9000000bb60
=> 0xffffffff8109482d <do_sys_poll+54>:	rep stos %eax,%es:(%rdi)
Regs: rax=0x0,rbx=0xffffffea,rcx=0x6c,rdx=0x0,rsi=0x1,rdi=0xffffc9000000bd20,rbp=0xffffc9000000bef8,rsp=0xffffc9000000bb10,r8=0x0,r9=0x0,r10=0x0,r11=0x0,r12=0x7ffee7505b58,r13=0xffffc9000000bf08,r14=0x1,r15=0xffffc9000000bb60
=> 0xffffffff8109482d <do_sys_poll+54>:	rep stos %eax,%es:(%rdi)
Regs: rax=0x0,rbx=0xffffffea,rcx=0x6b,rdx=0x0,rsi=0x1,rdi=0xffffc9000000bd24,rbp=0xffffc9000000bef8,rsp=0xffffc9000000bb10,r8=0x0,r9=0x0,r10=0x0,r11=0x0,r12=0x7ffee7505b58,r13=0xffffc9000000bf08,r14=0x1,r15=0xffffc9000000bb60
=> 0xffffffff8109482d <do_sys_poll+54>:	rep stos %eax,%es:(%rdi)
